This file contains any messages produced by compilers while
running configure, to aid debugging if configure makes a mistake.

It was created by configure, which was
generated by GNU Autoconf 2.69.  Invocation command line was

  $ ./configure CFLAGS=-g CXXFLAGS=-g sdccconf_h_dir_separator=\\ --disable-mcs51-port --disable-z80-port --disable-z180-port --disable-r2k-port --disable-r3ka-port --disable-gbz80-port --disable-ds390-port --disable-ds400-port --disable-hc08-port --disable-s08-port --disable-ucsim --disable-packihx --disable-sdbinutils --disable-sdcdb --disable-pic16-port --disable-device-lib --disable-ucsim

## --------- ##
## Platform. ##
## --------- ##

hostname = sinomcu111-PC
uname -m = i686
uname -r = 1.0.19(0.48/3/2)
uname -s = MINGW32_NT-6.1
uname -v = 2016-07-13 17:45

/usr/bin/uname -p = unknown
/bin/uname -X     = unknown

/bin/arch              = unknown
/usr/bin/arch -k       = unknown
/usr/convex/getsysinfo = unknown
/usr/bin/hostinfo      = unknown
/bin/machine           = unknown
/usr/bin/oslevel       = unknown
/bin/universe          = unknown

PATH: .
PATH: /usr/local/bin
PATH: /mingw/bin
PATH: /bin
PATH: /e/Python3/Scripts/
PATH: /e/Python3/
PATH: /c/Windows/system32
PATH: /c/Windows
PATH: /c/Windows/System32/Wbem
PATH: /c/Windows/System32/WindowsPowerShell/v1.0/
PATH: /d/Program Files/TortoiseSVN/bin
PATH: /mingw/bin
PATH: /d/Program Files/Git/cmd
PATH: /d/Program Files/TortoiseGit/bin
PATH: .
PATH: /d/Program Files/Microsoft VS Code/bin


## ----------- ##
## Core tests. ##
## ----------- ##

configure:2626: checking build system type
configure:2640: result: i686-pc-mingw32
configure:2660: checking host system type
configure:2673: result: i686-pc-mingw32
configure:2701: checking for gawk
configure:2717: found /bin/gawk
configure:2728: result: gawk
configure:2740: checking version of the package
configure:2744: result: 1.0.0
configure:2851: checking for gcc
configure:2867: found /mingw/bin/gcc
configure:2878: result: gcc
configure:3107: checking for C compiler version
configure:3116: gcc --version >&5
gcc.exe (GCC) 5.3.0
Copyright (C) 2015 Free Software Foundation, Inc.
This is free software; see the source for copying conditions.  There is NO
warranty; not even for MERCHANTABILITY or FITNESS FOR A PARTICULAR PURPOSE.

configure:3127: $? = 0
configure:3116: gcc -v >&5
Using built-in specs.
COLLECT_GCC=E:\MinGW\bin\gcc.exe
COLLECT_LTO_WRAPPER=e:/mingw/bin/../libexec/gcc/mingw32/5.3.0/lto-wrapper.exe
Target: mingw32
Configured with: ../src/gcc-5.3.0/configure --build=x86_64-pc-linux-gnu --host=mingw32 --prefix=/mingw --disable-win32-registry --target=mingw32 --with-arch=i586 --enable-languages=c,c++,objc,obj-c++,fortran,ada --enable-static --enable-shared --enable-threads --with-dwarf2 --disable-sjlj-exceptions --enable-version-specific-runtime-libs --with-libintl-prefix=/mingw --enable-libstdcxx-debug --with-tune=generic --enable-libgomp --disable-libvtv --enable-nls : (reconfigured) ../src/gcc-5.3.0/configure --build=x86_64-pc-linux-gnu --host=mingw32 --prefix=/mingw --disable-win32-registry --target=mingw32 --with-arch=i586 --enable-languages=c,c++,objc,obj-c++,fortran,ada --enable-static --enable-shared --enable-threads --with-dwarf2 --disable-sjlj-exceptions --enable-version-specific-runtime-libs --with-libiconv-prefix=/mingw --with-libintl-prefix=/mingw --enable-libstdcxx-debug --with-tune=generic --enable-libgomp --disable-libvtv --enable-nls
Thread model: win32
gcc version 5.3.0 (GCC) 
configure:3127: $? = 0
configure:3116: gcc -V >&5
gcc.exe: error: unrecognized command line option '-V'
gcc.exe: fatal error: no input files
compilation terminated.
configure:3127: $? = 1
configure:3116: gcc -qversion >&5
gcc.exe: error: unrecognized command line option '-qversion'
gcc.exe: fatal error: no input files
compilation terminated.
configure:3127: $? = 1
configure:3147: checking whether the C compiler works
configure:3169: gcc -g   conftest.c  >&5
configure:3173: $? = 0
configure:3221: result: yes
configure:3224: checking for C compiler default output file name
configure:3226: result: a.exe
configure:3232: checking for suffix of executables
configure:3239: gcc -o conftest.exe -g   conftest.c  >&5
configure:3243: $? = 0
configure:3265: result: .exe
configure:3287: checking whether we are cross compiling
configure:3295: gcc -o conftest.exe -g   conftest.c  >&5
configure:3299: $? = 0
configure:3306: ./conftest.exe
configure:3310: $? = 0
configure:3325: result: no
configure:3330: checking for suffix of object files
configure:3352: gcc -c -g  conftest.c >&5
configure:3356: $? = 0
configure:3377: result: o
configure:3381: checking whether we are using the GNU C compiler
configure:3400: gcc -c -g  conftest.c >&5
configure:3400: $? = 0
configure:3409: result: yes
configure:3418: checking whether gcc accepts -g
configure:3438: gcc -c -g  conftest.c >&5
configure:3438: $? = 0
configure:3479: result: yes
configure:3496: checking for gcc option to accept ISO C89
configure:3559: gcc  -c -g  conftest.c >&5
configure:3559: $? = 0
configure:3572: result: none needed
configure:3597: checking how to run the C preprocessor
configure:3628: gcc -E  conftest.c
configure:3628: $? = 0
configure:3642: gcc -E  conftest.c
conftest.c:13:28: fatal error: ac_nonexistent.h: No such file or directory
compilation terminated.
configure:3642: $? = 1
configure: failed program was:
| /* confdefs.h */
| #define PACKAGE_NAME ""
| #define PACKAGE_TARNAME ""
| #define PACKAGE_VERSION ""
| #define PACKAGE_STRING ""
| #define PACKAGE_BUGREPORT ""
| #define PACKAGE_URL ""
| #define SDCC_VERSION_LO 0
| #define SDCC_VERSION_HI 1
| #define SDCC_VERSION_P 0
| #define SDCC_VERSION_STR "1.0.0"
| /* end confdefs.h.  */
| #include <ac_nonexistent.h>
configure:3667: result: gcc -E
configure:3687: gcc -E  conftest.c
configure:3687: $? = 0
configure:3701: gcc -E  conftest.c
conftest.c:13:28: fatal error: ac_nonexistent.h: No such file or directory
compilation terminated.
configure:3701: $? = 1
configure: failed program was:
| /* confdefs.h */
| #define PACKAGE_NAME ""
| #define PACKAGE_TARNAME ""
| #define PACKAGE_VERSION ""
| #define PACKAGE_STRING ""
| #define PACKAGE_BUGREPORT ""
| #define PACKAGE_URL ""
| #define SDCC_VERSION_LO 0
| #define SDCC_VERSION_HI 1
| #define SDCC_VERSION_P 0
| #define SDCC_VERSION_STR "1.0.0"
| /* end confdefs.h.  */
| #include <ac_nonexistent.h>
configure:3787: checking for g++
configure:3803: found /mingw/bin/g++
configure:3814: result: g++
configure:3841: checking for C++ compiler version
configure:3850: g++ --version >&5
g++.exe (GCC) 5.3.0
Copyright (C) 2015 Free Software Foundation, Inc.
This is free software; see the source for copying conditions.  There is NO
warranty; not even for MERCHANTABILITY or FITNESS FOR A PARTICULAR PURPOSE.

configure:3861: $? = 0
configure:3850: g++ -v >&5
Using built-in specs.
COLLECT_GCC=E:\MinGW\bin\g++.exe
COLLECT_LTO_WRAPPER=e:/mingw/bin/../libexec/gcc/mingw32/5.3.0/lto-wrapper.exe
Target: mingw32
Configured with: ../src/gcc-5.3.0/configure --build=x86_64-pc-linux-gnu --host=mingw32 --prefix=/mingw --disable-win32-registry --target=mingw32 --with-arch=i586 --enable-languages=c,c++,objc,obj-c++,fortran,ada --enable-static --enable-shared --enable-threads --with-dwarf2 --disable-sjlj-exceptions --enable-version-specific-runtime-libs --with-libintl-prefix=/mingw --enable-libstdcxx-debug --with-tune=generic --enable-libgomp --disable-libvtv --enable-nls : (reconfigured) ../src/gcc-5.3.0/configure --build=x86_64-pc-linux-gnu --host=mingw32 --prefix=/mingw --disable-win32-registry --target=mingw32 --with-arch=i586 --enable-languages=c,c++,objc,obj-c++,fortran,ada --enable-static --enable-shared --enable-threads --with-dwarf2 --disable-sjlj-exceptions --enable-version-specific-runtime-libs --with-libiconv-prefix=/mingw --with-libintl-prefix=/mingw --enable-libstdcxx-debug --with-tune=generic --enable-libgomp --disable-libvtv --enable-nls
Thread model: win32
gcc version 5.3.0 (GCC) 
configure:3861: $? = 0
configure:3850: g++ -V >&5
g++.exe: error: unrecognized command line option '-V'
g++.exe: fatal error: no input files
compilation terminated.
configure:3861: $? = 1
configure:3850: g++ -qversion >&5
g++.exe: error: unrecognized command line option '-qversion'
g++.exe: fatal error: no input files
compilation terminated.
configure:3861: $? = 1
configure:3865: checking whether we are using the GNU C++ compiler
configure:3884: g++ -c -g  conftest.cpp >&5
configure:3884: $? = 0
configure:3893: result: yes
configure:3902: checking whether g++ accepts -g
configure:3922: g++ -c -g  conftest.cpp >&5
configure:3922: $? = 0
configure:3963: result: yes
configure:4000: checking for a BSD-compatible install
configure:4068: result: /bin/install -c
configure:4122: checking for ranlib
configure:4138: found /mingw/bin/ranlib
configure:4149: result: ranlib
configure:4173: checking for autoconf
configure:4189: found /mingw/bin/autoconf
configure:4201: result: autoconf
configure:4211: checking for strip
configure:4227: found /mingw/bin/strip
configure:4239: result: strip
configure:4249: checking for as
configure:4265: found /mingw/bin/as
configure:4277: result: as
configure:4287: checking for cp
configure:4303: found /bin/cp
configure:4315: result: cp
configure:4325: checking for ar
configure:4341: found /mingw/bin/ar
configure:4353: result: ar
configure:4366: checking for flex
configure:4382: found /bin/flex
configure:4393: result: flex
configure:4410: checking for bison
configure:4426: found /bin/bison
configure:4437: result: bison -y
configure:4470: checking for grep that handles long lines and -e
configure:4528: result: /bin/grep
configure:4533: checking for egrep
configure:4595: result: /bin/grep -E
configure:4600: checking for ANSI C header files
configure:4620: gcc -c -g  conftest.c >&5
configure:4620: $? = 0
configure:4693: gcc -o conftest.exe -g   conftest.c  >&5
configure:4693: $? = 0
configure:4693: ./conftest.exe
configure:4693: $? = 0
configure:4704: result: yes
configure:4717: checking for sys/types.h
configure:4717: gcc -c -g  conftest.c >&5
configure:4717: $? = 0
configure:4717: result: yes
configure:4717: checking for sys/stat.h
configure:4717: gcc -c -g  conftest.c >&5
configure:4717: $? = 0
configure:4717: result: yes
configure:4717: checking for stdlib.h
configure:4717: gcc -c -g  conftest.c >&5
configure:4717: $? = 0
configure:4717: result: yes
configure:4717: checking for string.h
configure:4717: gcc -c -g  conftest.c >&5
configure:4717: $? = 0
configure:4717: result: yes
configure:4717: checking for memory.h
configure:4717: gcc -c -g  conftest.c >&5
configure:4717: $? = 0
configure:4717: result: yes
configure:4717: checking for strings.h
configure:4717: gcc -c -g  conftest.c >&5
configure:4717: $? = 0
configure:4717: result: yes
configure:4717: checking for inttypes.h
configure:4717: gcc -c -g  conftest.c >&5
configure:4717: $? = 0
configure:4717: result: yes
configure:4717: checking for stdint.h
configure:4717: gcc -c -g  conftest.c >&5
configure:4717: $? = 0
configure:4717: result: yes
configure:4717: checking for unistd.h
configure:4717: gcc -c -g  conftest.c >&5
configure:4717: $? = 0
configure:4717: result: yes
configure:4732: checking endian.h usability
configure:4732: gcc -c -g  conftest.c >&5
conftest.c:56:20: fatal error: endian.h: No such file or directory
compilation terminated.
configure:4732: $? = 1
configure: failed program was:
| /* confdefs.h */
| #define PACKAGE_NAME ""
| #define PACKAGE_TARNAME ""
| #define PACKAGE_VERSION ""
| #define PACKAGE_STRING ""
| #define PACKAGE_BUGREPORT ""
| #define PACKAGE_URL ""
| #define SDCC_VERSION_LO 0
| #define SDCC_VERSION_HI 1
| #define SDCC_VERSION_P 0
| #define SDCC_VERSION_STR "1.0.0"
| #define STDC_HEADERS 1
| #define HAVE_SYS_TYPES_H 1
| #define HAVE_SYS_STAT_H 1
| #define HAVE_STDLIB_H 1
| #define HAVE_STRING_H 1
| #define HAVE_MEMORY_H 1
| #define HAVE_STRINGS_H 1
| #define HAVE_INTTYPES_H 1
| #define HAVE_STDINT_H 1
| #define HAVE_UNISTD_H 1
| /* end confdefs.h.  */
| #include <stdio.h>
| #ifdef HAVE_SYS_TYPES_H
| # include <sys/types.h>
| #endif
| #ifdef HAVE_SYS_STAT_H
| # include <sys/stat.h>
| #endif
| #ifdef STDC_HEADERS
| # include <stdlib.h>
| # include <stddef.h>
| #else
| # ifdef HAVE_STDLIB_H
| #  include <stdlib.h>
| # endif
| #endif
| #ifdef HAVE_STRING_H
| # if !defined STDC_HEADERS && defined HAVE_MEMORY_H
| #  include <memory.h>
| # endif
| # include <string.h>
| #endif
| #ifdef HAVE_STRINGS_H
| # include <strings.h>
| #endif
| #ifdef HAVE_INTTYPES_H
| # include <inttypes.h>
| #endif
| #ifdef HAVE_STDINT_H
| # include <stdint.h>
| #endif
| #ifdef HAVE_UNISTD_H
| # include <unistd.h>
| #endif
| #include <endian.h>
configure:4732: result: no
configure:4732: checking endian.h presence
configure:4732: gcc -E  conftest.c
conftest.c:23:20: fatal error: endian.h: No such file or directory
compilation terminated.
configure:4732: $? = 1
configure: failed program was:
| /* confdefs.h */
| #define PACKAGE_NAME ""
| #define PACKAGE_TARNAME ""
| #define PACKAGE_VERSION ""
| #define PACKAGE_STRING ""
| #define PACKAGE_BUGREPORT ""
| #define PACKAGE_URL ""
| #define SDCC_VERSION_LO 0
| #define SDCC_VERSION_HI 1
| #define SDCC_VERSION_P 0
| #define SDCC_VERSION_STR "1.0.0"
| #define STDC_HEADERS 1
| #define HAVE_SYS_TYPES_H 1
| #define HAVE_SYS_STAT_H 1
| #define HAVE_STDLIB_H 1
| #define HAVE_STRING_H 1
| #define HAVE_MEMORY_H 1
| #define HAVE_STRINGS_H 1
| #define HAVE_INTTYPES_H 1
| #define HAVE_STDINT_H 1
| #define HAVE_UNISTD_H 1
| /* end confdefs.h.  */
| #include <endian.h>
configure:4732: result: no
configure:4732: checking for endian.h
configure:4732: result: no
configure:4732: checking sys/endian.h usability
configure:4732: gcc -c -g  conftest.c >&5
conftest.c:56:24: fatal error: sys/endian.h: No such file or directory
compilation terminated.
configure:4732: $? = 1
configure: failed program was:
| /* confdefs.h */
| #define PACKAGE_NAME ""
| #define PACKAGE_TARNAME ""
| #define PACKAGE_VERSION ""
| #define PACKAGE_STRING ""
| #define PACKAGE_BUGREPORT ""
| #define PACKAGE_URL ""
| #define SDCC_VERSION_LO 0
| #define SDCC_VERSION_HI 1
| #define SDCC_VERSION_P 0
| #define SDCC_VERSION_STR "1.0.0"
| #define STDC_HEADERS 1
| #define HAVE_SYS_TYPES_H 1
| #define HAVE_SYS_STAT_H 1
| #define HAVE_STDLIB_H 1
| #define HAVE_STRING_H 1
| #define HAVE_MEMORY_H 1
| #define HAVE_STRINGS_H 1
| #define HAVE_INTTYPES_H 1
| #define HAVE_STDINT_H 1
| #define HAVE_UNISTD_H 1
| /* end confdefs.h.  */
| #include <stdio.h>
| #ifdef HAVE_SYS_TYPES_H
| # include <sys/types.h>
| #endif
| #ifdef HAVE_SYS_STAT_H
| # include <sys/stat.h>
| #endif
| #ifdef STDC_HEADERS
| # include <stdlib.h>
| # include <stddef.h>
| #else
| # ifdef HAVE_STDLIB_H
| #  include <stdlib.h>
| # endif
| #endif
| #ifdef HAVE_STRING_H
| # if !defined STDC_HEADERS && defined HAVE_MEMORY_H
| #  include <memory.h>
| # endif
| # include <string.h>
| #endif
| #ifdef HAVE_STRINGS_H
| # include <strings.h>
| #endif
| #ifdef HAVE_INTTYPES_H
| # include <inttypes.h>
| #endif
| #ifdef HAVE_STDINT_H
| # include <stdint.h>
| #endif
| #ifdef HAVE_UNISTD_H
| # include <unistd.h>
| #endif
| #include <sys/endian.h>
configure:4732: result: no
configure:4732: checking sys/endian.h presence
configure:4732: gcc -E  conftest.c
conftest.c:23:24: fatal error: sys/endian.h: No such file or directory
compilation terminated.
configure:4732: $? = 1
configure: failed program was:
| /* confdefs.h */
| #define PACKAGE_NAME ""
| #define PACKAGE_TARNAME ""
| #define PACKAGE_VERSION ""
| #define PACKAGE_STRING ""
| #define PACKAGE_BUGREPORT ""
| #define PACKAGE_URL ""
| #define SDCC_VERSION_LO 0
| #define SDCC_VERSION_HI 1
| #define SDCC_VERSION_P 0
| #define SDCC_VERSION_STR "1.0.0"
| #define STDC_HEADERS 1
| #define HAVE_SYS_TYPES_H 1
| #define HAVE_SYS_STAT_H 1
| #define HAVE_STDLIB_H 1
| #define HAVE_STRING_H 1
| #define HAVE_MEMORY_H 1
| #define HAVE_STRINGS_H 1
| #define HAVE_INTTYPES_H 1
| #define HAVE_STDINT_H 1
| #define HAVE_UNISTD_H 1
| /* end confdefs.h.  */
| #include <sys/endian.h>
configure:4732: result: no
configure:4732: checking for sys/endian.h
configure:4732: result: no
configure:4732: checking machine/endian.h usability
configure:4732: gcc -c -g  conftest.c >&5
conftest.c:56:28: fatal error: machine/endian.h: No such file or directory
compilation terminated.
configure:4732: $? = 1
configure: failed program was:
| /* confdefs.h */
| #define PACKAGE_NAME ""
| #define PACKAGE_TARNAME ""
| #define PACKAGE_VERSION ""
| #define PACKAGE_STRING ""
| #define PACKAGE_BUGREPORT ""
| #define PACKAGE_URL ""
| #define SDCC_VERSION_LO 0
| #define SDCC_VERSION_HI 1
| #define SDCC_VERSION_P 0
| #define SDCC_VERSION_STR "1.0.0"
| #define STDC_HEADERS 1
| #define HAVE_SYS_TYPES_H 1
| #define HAVE_SYS_STAT_H 1
| #define HAVE_STDLIB_H 1
| #define HAVE_STRING_H 1
| #define HAVE_MEMORY_H 1
| #define HAVE_STRINGS_H 1
| #define HAVE_INTTYPES_H 1
| #define HAVE_STDINT_H 1
| #define HAVE_UNISTD_H 1
| /* end confdefs.h.  */
| #include <stdio.h>
| #ifdef HAVE_SYS_TYPES_H
| # include <sys/types.h>
| #endif
| #ifdef HAVE_SYS_STAT_H
| # include <sys/stat.h>
| #endif
| #ifdef STDC_HEADERS
| # include <stdlib.h>
| # include <stddef.h>
| #else
| # ifdef HAVE_STDLIB_H
| #  include <stdlib.h>
| # endif
| #endif
| #ifdef HAVE_STRING_H
| # if !defined STDC_HEADERS && defined HAVE_MEMORY_H
| #  include <memory.h>
| # endif
| # include <string.h>
| #endif
| #ifdef HAVE_STRINGS_H
| # include <strings.h>
| #endif
| #ifdef HAVE_INTTYPES_H
| # include <inttypes.h>
| #endif
| #ifdef HAVE_STDINT_H
| # include <stdint.h>
| #endif
| #ifdef HAVE_UNISTD_H
| # include <unistd.h>
| #endif
| #include <machine/endian.h>
configure:4732: result: no
configure:4732: checking machine/endian.h presence
configure:4732: gcc -E  conftest.c
conftest.c:23:28: fatal error: machine/endian.h: No such file or directory
compilation terminated.
configure:4732: $? = 1
configure: failed program was:
| /* confdefs.h */
| #define PACKAGE_NAME ""
| #define PACKAGE_TARNAME ""
| #define PACKAGE_VERSION ""
| #define PACKAGE_STRING ""
| #define PACKAGE_BUGREPORT ""
| #define PACKAGE_URL ""
| #define SDCC_VERSION_LO 0
| #define SDCC_VERSION_HI 1
| #define SDCC_VERSION_P 0
| #define SDCC_VERSION_STR "1.0.0"
| #define STDC_HEADERS 1
| #define HAVE_SYS_TYPES_H 1
| #define HAVE_SYS_STAT_H 1
| #define HAVE_STDLIB_H 1
| #define HAVE_STRING_H 1
| #define HAVE_MEMORY_H 1
| #define HAVE_STRINGS_H 1
| #define HAVE_INTTYPES_H 1
| #define HAVE_STDINT_H 1
| #define HAVE_UNISTD_H 1
| /* end confdefs.h.  */
| #include <machine/endian.h>
configure:4732: result: no
configure:4732: checking for machine/endian.h
configure:4732: result: no
configure:4732: checking sys/isa_defs.h usability
configure:4732: gcc -c -g  conftest.c >&5
conftest.c:56:26: fatal error: sys/isa_defs.h: No such file or directory
compilation terminated.
configure:4732: $? = 1
configure: failed program was:
| /* confdefs.h */
| #define PACKAGE_NAME ""
| #define PACKAGE_TARNAME ""
| #define PACKAGE_VERSION ""
| #define PACKAGE_STRING ""
| #define PACKAGE_BUGREPORT ""
| #define PACKAGE_URL ""
| #define SDCC_VERSION_LO 0
| #define SDCC_VERSION_HI 1
| #define SDCC_VERSION_P 0
| #define SDCC_VERSION_STR "1.0.0"
| #define STDC_HEADERS 1
| #define HAVE_SYS_TYPES_H 1
| #define HAVE_SYS_STAT_H 1
| #define HAVE_STDLIB_H 1
| #define HAVE_STRING_H 1
| #define HAVE_MEMORY_H 1
| #define HAVE_STRINGS_H 1
| #define HAVE_INTTYPES_H 1
| #define HAVE_STDINT_H 1
| #define HAVE_UNISTD_H 1
| /* end confdefs.h.  */
| #include <stdio.h>
| #ifdef HAVE_SYS_TYPES_H
| # include <sys/types.h>
| #endif
| #ifdef HAVE_SYS_STAT_H
| # include <sys/stat.h>
| #endif
| #ifdef STDC_HEADERS
| # include <stdlib.h>
| # include <stddef.h>
| #else
| # ifdef HAVE_STDLIB_H
| #  include <stdlib.h>
| # endif
| #endif
| #ifdef HAVE_STRING_H
| # if !defined STDC_HEADERS && defined HAVE_MEMORY_H
| #  include <memory.h>
| # endif
| # include <string.h>
| #endif
| #ifdef HAVE_STRINGS_H
| # include <strings.h>
| #endif
| #ifdef HAVE_INTTYPES_H
| # include <inttypes.h>
| #endif
| #ifdef HAVE_STDINT_H
| # include <stdint.h>
| #endif
| #ifdef HAVE_UNISTD_H
| # include <unistd.h>
| #endif
| #include <sys/isa_defs.h>
configure:4732: result: no
configure:4732: checking sys/isa_defs.h presence
configure:4732: gcc -E  conftest.c
conftest.c:23:26: fatal error: sys/isa_defs.h: No such file or directory
compilation terminated.
configure:4732: $? = 1
configure: failed program was:
| /* confdefs.h */
| #define PACKAGE_NAME ""
| #define PACKAGE_TARNAME ""
| #define PACKAGE_VERSION ""
| #define PACKAGE_STRING ""
| #define PACKAGE_BUGREPORT ""
| #define PACKAGE_URL ""
| #define SDCC_VERSION_LO 0
| #define SDCC_VERSION_HI 1
| #define SDCC_VERSION_P 0
| #define SDCC_VERSION_STR "1.0.0"
| #define STDC_HEADERS 1
| #define HAVE_SYS_TYPES_H 1
| #define HAVE_SYS_STAT_H 1
| #define HAVE_STDLIB_H 1
| #define HAVE_STRING_H 1
| #define HAVE_MEMORY_H 1
| #define HAVE_STRINGS_H 1
| #define HAVE_INTTYPES_H 1
| #define HAVE_STDINT_H 1
| #define HAVE_UNISTD_H 1
| /* end confdefs.h.  */
| #include <sys/isa_defs.h>
configure:4732: result: no
configure:4732: checking for sys/isa_defs.h
configure:4732: result: no
configure:4754: checking how to run the C++ preprocessor
configure:4781: g++ -E  conftest.cpp
configure:4781: $? = 0
configure:4795: g++ -E  conftest.cpp
conftest.cpp:23:28: fatal error: ac_nonexistent.h: No such file or directory
compilation terminated.
configure:4795: $? = 1
configure: failed program was:
| /* confdefs.h */
| #define PACKAGE_NAME ""
| #define PACKAGE_TARNAME ""
| #define PACKAGE_VERSION ""
| #define PACKAGE_STRING ""
| #define PACKAGE_BUGREPORT ""
| #define PACKAGE_URL ""
| #define SDCC_VERSION_LO 0
| #define SDCC_VERSION_HI 1
| #define SDCC_VERSION_P 0
| #define SDCC_VERSION_STR "1.0.0"
| #define STDC_HEADERS 1
| #define HAVE_SYS_TYPES_H 1
| #define HAVE_SYS_STAT_H 1
| #define HAVE_STDLIB_H 1
| #define HAVE_STRING_H 1
| #define HAVE_MEMORY_H 1
| #define HAVE_STRINGS_H 1
| #define HAVE_INTTYPES_H 1
| #define HAVE_STDINT_H 1
| #define HAVE_UNISTD_H 1
| /* end confdefs.h.  */
| #include <ac_nonexistent.h>
configure:4820: result: g++ -E
configure:4840: g++ -E  conftest.cpp
configure:4840: $? = 0
configure:4854: g++ -E  conftest.cpp
conftest.cpp:23:28: fatal error: ac_nonexistent.h: No such file or directory
compilation terminated.
configure:4854: $? = 1
configure: failed program was:
| /* confdefs.h */
| #define PACKAGE_NAME ""
| #define PACKAGE_TARNAME ""
| #define PACKAGE_VERSION ""
| #define PACKAGE_STRING ""
| #define PACKAGE_BUGREPORT ""
| #define PACKAGE_URL ""
| #define SDCC_VERSION_LO 0
| #define SDCC_VERSION_HI 1
| #define SDCC_VERSION_P 0
| #define SDCC_VERSION_STR "1.0.0"
| #define STDC_HEADERS 1
| #define HAVE_SYS_TYPES_H 1
| #define HAVE_SYS_STAT_H 1
| #define HAVE_STDLIB_H 1
| #define HAVE_STRING_H 1
| #define HAVE_MEMORY_H 1
| #define HAVE_STRINGS_H 1
| #define HAVE_INTTYPES_H 1
| #define HAVE_STDINT_H 1
| #define HAVE_UNISTD_H 1
| /* end confdefs.h.  */
| #include <ac_nonexistent.h>
configure:4886: checking stx/btree_set.h usability
configure:4886: g++ -c -g  conftest.cpp >&5
conftest.cpp:56:27: fatal error: stx/btree_set.h: No such file or directory
compilation terminated.
configure:4886: $? = 1
configure: failed program was:
| /* confdefs.h */
| #define PACKAGE_NAME ""
| #define PACKAGE_TARNAME ""
| #define PACKAGE_VERSION ""
| #define PACKAGE_STRING ""
| #define PACKAGE_BUGREPORT ""
| #define PACKAGE_URL ""
| #define SDCC_VERSION_LO 0
| #define SDCC_VERSION_HI 1
| #define SDCC_VERSION_P 0
| #define SDCC_VERSION_STR "1.0.0"
| #define STDC_HEADERS 1
| #define HAVE_SYS_TYPES_H 1
| #define HAVE_SYS_STAT_H 1
| #define HAVE_STDLIB_H 1
| #define HAVE_STRING_H 1
| #define HAVE_MEMORY_H 1
| #define HAVE_STRINGS_H 1
| #define HAVE_INTTYPES_H 1
| #define HAVE_STDINT_H 1
| #define HAVE_UNISTD_H 1
| /* end confdefs.h.  */
| #include <stdio.h>
| #ifdef HAVE_SYS_TYPES_H
| # include <sys/types.h>
| #endif
| #ifdef HAVE_SYS_STAT_H
| # include <sys/stat.h>
| #endif
| #ifdef STDC_HEADERS
| # include <stdlib.h>
| # include <stddef.h>
| #else
| # ifdef HAVE_STDLIB_H
| #  include <stdlib.h>
| # endif
| #endif
| #ifdef HAVE_STRING_H
| # if !defined STDC_HEADERS && defined HAVE_MEMORY_H
| #  include <memory.h>
| # endif
| # include <string.h>
| #endif
| #ifdef HAVE_STRINGS_H
| # include <strings.h>
| #endif
| #ifdef HAVE_INTTYPES_H
| # include <inttypes.h>
| #endif
| #ifdef HAVE_STDINT_H
| # include <stdint.h>
| #endif
| #ifdef HAVE_UNISTD_H
| # include <unistd.h>
| #endif
| #include <stx/btree_set.h>
configure:4886: result: no
configure:4886: checking stx/btree_set.h presence
configure:4886: g++ -E  conftest.cpp
conftest.cpp:23:27: fatal error: stx/btree_set.h: No such file or directory
compilation terminated.
configure:4886: $? = 1
configure: failed program was:
| /* confdefs.h */
| #define PACKAGE_NAME ""
| #define PACKAGE_TARNAME ""
| #define PACKAGE_VERSION ""
| #define PACKAGE_STRING ""
| #define PACKAGE_BUGREPORT ""
| #define PACKAGE_URL ""
| #define SDCC_VERSION_LO 0
| #define SDCC_VERSION_HI 1
| #define SDCC_VERSION_P 0
| #define SDCC_VERSION_STR "1.0.0"
| #define STDC_HEADERS 1
| #define HAVE_SYS_TYPES_H 1
| #define HAVE_SYS_STAT_H 1
| #define HAVE_STDLIB_H 1
| #define HAVE_STRING_H 1
| #define HAVE_MEMORY_H 1
| #define HAVE_STRINGS_H 1
| #define HAVE_INTTYPES_H 1
| #define HAVE_STDINT_H 1
| #define HAVE_UNISTD_H 1
| /* end confdefs.h.  */
| #include <stx/btree_set.h>
configure:4886: result: no
configure:4886: checking for stx/btree_set.h
configure:4886: result: no
configure:4893: WARNING: STX library missing, using STL instead.
configure:4886: checking stx/btree_map.h usability
configure:4886: g++ -c -g  conftest.cpp >&5
conftest.cpp:56:27: fatal error: stx/btree_map.h: No such file or directory
compilation terminated.
configure:4886: $? = 1
configure: failed program was:
| /* confdefs.h */
| #define PACKAGE_NAME ""
| #define PACKAGE_TARNAME ""
| #define PACKAGE_VERSION ""
| #define PACKAGE_STRING ""
| #define PACKAGE_BUGREPORT ""
| #define PACKAGE_URL ""
| #define SDCC_VERSION_LO 0
| #define SDCC_VERSION_HI 1
| #define SDCC_VERSION_P 0
| #define SDCC_VERSION_STR "1.0.0"
| #define STDC_HEADERS 1
| #define HAVE_SYS_TYPES_H 1
| #define HAVE_SYS_STAT_H 1
| #define HAVE_STDLIB_H 1
| #define HAVE_STRING_H 1
| #define HAVE_MEMORY_H 1
| #define HAVE_STRINGS_H 1
| #define HAVE_INTTYPES_H 1
| #define HAVE_STDINT_H 1
| #define HAVE_UNISTD_H 1
| /* end confdefs.h.  */
| #include <stdio.h>
| #ifdef HAVE_SYS_TYPES_H
| # include <sys/types.h>
| #endif
| #ifdef HAVE_SYS_STAT_H
| # include <sys/stat.h>
| #endif
| #ifdef STDC_HEADERS
| # include <stdlib.h>
| # include <stddef.h>
| #else
| # ifdef HAVE_STDLIB_H
| #  include <stdlib.h>
| # endif
| #endif
| #ifdef HAVE_STRING_H
| # if !defined STDC_HEADERS && defined HAVE_MEMORY_H
| #  include <memory.h>
| # endif
| # include <string.h>
| #endif
| #ifdef HAVE_STRINGS_H
| # include <strings.h>
| #endif
| #ifdef HAVE_INTTYPES_H
| # include <inttypes.h>
| #endif
| #ifdef HAVE_STDINT_H
| # include <stdint.h>
| #endif
| #ifdef HAVE_UNISTD_H
| # include <unistd.h>
| #endif
| #include <stx/btree_map.h>
configure:4886: result: no
configure:4886: checking stx/btree_map.h presence
configure:4886: g++ -E  conftest.cpp
conftest.cpp:23:27: fatal error: stx/btree_map.h: No such file or directory
compilation terminated.
configure:4886: $? = 1
configure: failed program was:
| /* confdefs.h */
| #define PACKAGE_NAME ""
| #define PACKAGE_TARNAME ""
| #define PACKAGE_VERSION ""
| #define PACKAGE_STRING ""
| #define PACKAGE_BUGREPORT ""
| #define PACKAGE_URL ""
| #define SDCC_VERSION_LO 0
| #define SDCC_VERSION_HI 1
| #define SDCC_VERSION_P 0
| #define SDCC_VERSION_STR "1.0.0"
| #define STDC_HEADERS 1
| #define HAVE_SYS_TYPES_H 1
| #define HAVE_SYS_STAT_H 1
| #define HAVE_STDLIB_H 1
| #define HAVE_STRING_H 1
| #define HAVE_MEMORY_H 1
| #define HAVE_STRINGS_H 1
| #define HAVE_INTTYPES_H 1
| #define HAVE_STDINT_H 1
| #define HAVE_UNISTD_H 1
| /* end confdefs.h.  */
| #include <stx/btree_map.h>
configure:4886: result: no
configure:4886: checking for stx/btree_map.h
configure:4886: result: no
configure:4893: WARNING: STX library missing, using STL instead.
configure:4901: checking boost/graph/adjacency_list.hpp usability
configure:4901: g++ -c -g  conftest.cpp >&5
configure:4901: $? = 0
configure:4901: result: yes
configure:4901: checking boost/graph/adjacency_list.hpp presence
configure:4901: g++ -E  conftest.cpp
configure:4901: $? = 0
configure:4901: result: yes
configure:4901: checking for boost/graph/adjacency_list.hpp
configure:4901: result: yes
configure:4929: checking for ccache
configure:4959: result: no
configure:4974: checking for strerror
configure:4974: gcc -o conftest.exe -g   conftest.c  >&5
configure:4974: $? = 0
configure:4974: result: yes
configure:4986: checking for vsnprintf
configure:4986: gcc -o conftest.exe -g   conftest.c  >&5
conftest.c:48:6: warning: conflicting types for built-in function 'vsnprintf'
 char vsnprintf ();
      ^
configure:4986: $? = 0
configure:4986: result: yes
configure:4986: checking for snprintf
configure:4986: gcc -o conftest.exe -g   conftest.c  >&5
conftest.c:49:6: warning: conflicting types for built-in function 'snprintf'
 char snprintf ();
      ^
configure:4986: $? = 0
configure:4986: result: yes
configure:4986: checking for vsprintf
configure:4986: gcc -o conftest.exe -g   conftest.c  >&5
conftest.c:50:6: warning: conflicting types for built-in function 'vsprintf'
 char vsprintf ();
      ^
configure:4986: $? = 0
configure:4986: result: yes
configure:4986: checking for mkstemp
configure:4986: gcc -o conftest.exe -g   conftest.c  >&5
configure:4986: $? = 0
configure:4986: result: yes
configure:5086: checking whether preprocessor accepts -MM or -M
Using built-in specs.
COLLECT_GCC=E:\MinGW\bin\gcc.exe
Target: mingw32
Configured with: ../src/gcc-5.3.0/configure --build=x86_64-pc-linux-gnu --host=mingw32 --prefix=/mingw --disable-win32-registry --target=mingw32 --with-arch=i586 --enable-languages=c,c++,objc,obj-c++,fortran,ada --enable-static --enable-shared --enable-threads --with-dwarf2 --disable-sjlj-exceptions --enable-version-specific-runtime-libs --with-libintl-prefix=/mingw --enable-libstdcxx-debug --with-tune=generic --enable-libgomp --disable-libvtv --enable-nls : (reconfigured) ../src/gcc-5.3.0/configure --build=x86_64-pc-linux-gnu --host=mingw32 --prefix=/mingw --disable-win32-registry --target=mingw32 --with-arch=i586 --enable-languages=c,c++,objc,obj-c++,fortran,ada --enable-static --enable-shared --enable-threads --with-dwarf2 --disable-sjlj-exceptions --enable-version-specific-runtime-libs --with-libiconv-prefix=/mingw --with-libintl-prefix=/mingw --enable-libstdcxx-debug --with-tune=generic --enable-libgomp --disable-libvtv --enable-nls
Thread model: win32
gcc version 5.3.0 (GCC) 
COLLECT_GCC_OPTIONS='-E' '-v' '-MM' '-mtune=generic' '-march=i586'
 e:/mingw/bin/../libexec/gcc/mingw32/5.3.0/cc1.exe -E -quiet -v -iprefix e:\mingw\bin\../lib/gcc/mingw32/5.3.0/ -MM _test_.c -mtune=generic -march=i586
_test_.o: _test_.c
ignoring duplicate directory "e:/mingw/lib/gcc/../../lib/gcc/mingw32/5.3.0/include"
ignoring duplicate directory "/mingw/lib/gcc/mingw32/5.3.0/../../../../include"
ignoring duplicate directory "e:/mingw/lib/gcc/../../include"
ignoring duplicate directory "e:/mingw/lib/gcc/../../lib/gcc/mingw32/5.3.0/include-fixed"
ignoring duplicate directory "e:/mingw/lib/gcc/../../lib/gcc/mingw32/5.3.0/../../../../mingw32/include"
ignoring duplicate directory "/mingw/include"
#include "..." search starts here:
#include <...> search starts here:
 e:\mingw\bin\../lib/gcc/mingw32/5.3.0/include
 e:\mingw\bin\../lib/gcc/mingw32/5.3.0/../../../../include
 e:\mingw\bin\../lib/gcc/mingw32/5.3.0/include-fixed
 e:\mingw\bin\../lib/gcc/mingw32/5.3.0/../../../../mingw32/include
End of search list.
COMPILER_PATH=e:/mingw/bin/../libexec/gcc/mingw32/5.3.0/;e:/mingw/bin/../libexec/gcc/;e:/mingw/bin/../lib/gcc/mingw32/5.3.0/../../../../mingw32/bin/
LIBRARY_PATH=e:/mingw/bin/../lib/gcc/mingw32/5.3.0/;e:/mingw/bin/../lib/gcc/;e:/mingw/bin/../lib/gcc/mingw32/5.3.0/../../../../mingw32/lib/;e:/mingw/bin/../lib/gcc/mingw32/5.3.0/../../../
COLLECT_GCC_OPTIONS='-E' '-v' '-MM' '-mtune=generic' '-march=i586'
configure:5101: result: -MM
configure:5108: checking whether C accepts -ggdb
configure:5128: gcc -c -ggdb  conftest.c >&5
configure:5128: $? = 0
configure:5137: result: yes
configure:5149: checking whether C accepts -pipe
configure:5169: gcc -c -pipe  conftest.c >&5
configure:5169: $? = 0
configure:5178: result: yes
configure:5248: checking whether C accepts -fms-extensions
configure:5268: gcc -c -fms-extensions  conftest.c >&5
configure:5268: $? = 0
configure:5277: result: yes
configure:5284: checking whether C supports tag in unnamed struct
configure:5318: gcc -c -fms-extensions -pipe -ggdb -g  conftest.c >&5
configure:5318: $? = 0
configure:5335: result: yes
configure:5341: checking return type of signal handlers
configure:5359: gcc -c -fms-extensions -pipe -ggdb -g  conftest.c >&5
conftest.c: In function 'main':
conftest.c:36:9: error: void value not ignored as it ought to be
 return *(signal (0, 0)) (0) == 1;
         ^
configure:5359: $? = 1
configure: failed program was:
| /* confdefs.h */
| #define PACKAGE_NAME ""
| #define PACKAGE_TARNAME ""
| #define PACKAGE_VERSION ""
| #define PACKAGE_STRING ""
| #define PACKAGE_BUGREPORT ""
| #define PACKAGE_URL ""
| #define SDCC_VERSION_LO 0
| #define SDCC_VERSION_HI 1
| #define SDCC_VERSION_P 0
| #define SDCC_VERSION_STR "1.0.0"
| #define STDC_HEADERS 1
| #define HAVE_SYS_TYPES_H 1
| #define HAVE_SYS_STAT_H 1
| #define HAVE_STDLIB_H 1
| #define HAVE_STRING_H 1
| #define HAVE_MEMORY_H 1
| #define HAVE_STRINGS_H 1
| #define HAVE_INTTYPES_H 1
| #define HAVE_STDINT_H 1
| #define HAVE_UNISTD_H 1
| #define HAVE_BOOST_GRAPH_ADJACENCY_LIST_HPP 1
| #define HAVE_STRERROR 1
| #define HAVE_VSNPRINTF 1
| #define HAVE_SNPRINTF 1
| #define HAVE_VSPRINTF 1
| #define HAVE_MKSTEMP 1
| #define UNNAMED_STRUCT_TAG 1
| /* end confdefs.h.  */
| #include <sys/types.h>
| #include <signal.h>
| 
| int
| main ()
| {
| return *(signal (0, 0)) (0) == 1;
|   ;
|   return 0;
| }
configure:5366: result: void
configure:5379: checking size of char
configure:5384: gcc -o conftest.exe -fms-extensions -pipe -ggdb -g   conftest.c  >&5
configure:5384: $? = 0
configure:5384: ./conftest.exe
configure:5384: $? = 0
configure:5398: result: 1
configure:5412: checking size of short
configure:5417: gcc -o conftest.exe -fms-extensions -pipe -ggdb -g   conftest.c  >&5
configure:5417: $? = 0
configure:5417: ./conftest.exe
configure:5417: $? = 0
configure:5431: result: 2
configure:5445: checking size of int
configure:5450: gcc -o conftest.exe -fms-extensions -pipe -ggdb -g   conftest.c  >&5
configure:5450: $? = 0
configure:5450: ./conftest.exe
configure:5450: $? = 0
configure:5464: result: 4
configure:5478: checking size of long
configure:5483: gcc -o conftest.exe -fms-extensions -pipe -ggdb -g   conftest.c  >&5
configure:5483: $? = 0
configure:5483: ./conftest.exe
configure:5483: $? = 0
configure:5497: result: 4
configure:5511: checking size of long long
configure:5516: gcc -o conftest.exe -fms-extensions -pipe -ggdb -g   conftest.c  >&5
configure:5516: $? = 0
configure:5516: ./conftest.exe
configure:5516: $? = 0
configure:5530: result: 8
configure:5540: checking whether char is unsigned
configure:5559: gcc -c -fms-extensions -pipe -ggdb -g  conftest.c >&5
configure:5559: $? = 0
configure:5566: result: no
configure:5599: checking type name for byte
configure:5607: result: char
configure:5609: checking type name for word
configure:5612: result: short
configure:5614: checking type name for dword
configure:5617: result: int
configure:5619: checking type name for qword
configure:5622: result: long long
configure:5669: checking whether byte ordering is bigendian
configure:5684: gcc -c -fms-extensions -pipe -ggdb -g  conftest.c >&5
conftest.c:45:9: error: unknown type name 'not'
         not a universal capable compiler
         ^
conftest.c:45:15: error: expected '=', ',', ';', 'asm' or '__attribute__' before 'universal'
         not a universal capable compiler
               ^
conftest.c:45:15: error: unknown type name 'universal'
configure:5684: $? = 1
configure: failed program was:
| /* confdefs.h */
| #define PACKAGE_NAME ""
| #define PACKAGE_TARNAME ""
| #define PACKAGE_VERSION ""
| #define PACKAGE_STRING ""
| #define PACKAGE_BUGREPORT ""
| #define PACKAGE_URL ""
| #define SDCC_VERSION_LO 0
| #define SDCC_VERSION_HI 1
| #define SDCC_VERSION_P 0
| #define SDCC_VERSION_STR "1.0.0"
| #define STDC_HEADERS 1
| #define HAVE_SYS_TYPES_H 1
| #define HAVE_SYS_STAT_H 1
| #define HAVE_STDLIB_H 1
| #define HAVE_STRING_H 1
| #define HAVE_MEMORY_H 1
| #define HAVE_STRINGS_H 1
| #define HAVE_INTTYPES_H 1
| #define HAVE_STDINT_H 1
| #define HAVE_UNISTD_H 1
| #define HAVE_BOOST_GRAPH_ADJACENCY_LIST_HPP 1
| #define HAVE_STRERROR 1
| #define HAVE_VSNPRINTF 1
| #define HAVE_SNPRINTF 1
| #define HAVE_VSPRINTF 1
| #define HAVE_MKSTEMP 1
| #define UNNAMED_STRUCT_TAG 1
| #define RETSIGTYPE void
| #define SIZEOF_CHAR 1
| #define SIZEOF_SHORT 2
| #define SIZEOF_INT 4
| #define SIZEOF_LONG 4
| #define SIZEOF_LONG_LONG 8
| #define TYPE_BYTE char
| #define TYPE_WORD short
| #define TYPE_DWORD int
| #define TYPE_QWORD long long
| #define TYPE_UBYTE unsigned char
| #define TYPE_UWORD unsigned short
| #define TYPE_UDWORD unsigned int
| #define TYPE_UQWORD unsigned long long
| /* end confdefs.h.  */
| #ifndef __APPLE_CC__
| 	       not a universal capable compiler
| 	     #endif
| 	     typedef int dummy;
| 
configure:5729: gcc -c -fms-extensions -pipe -ggdb -g  conftest.c >&5
configure:5729: $? = 0
configure:5747: gcc -c -fms-extensions -pipe -ggdb -g  conftest.c >&5
conftest.c: In function 'main':
conftest.c:51:4: error: unknown type name 'not'
    not big endian
    ^
conftest.c:51:12: error: expected '=', ',', ';', 'asm' or '__attribute__' before 'endian'
    not big endian
            ^
configure:5747: $? = 1
configure: failed program was:
| /* confdefs.h */
| #define PACKAGE_NAME ""
| #define PACKAGE_TARNAME ""
| #define PACKAGE_VERSION ""
| #define PACKAGE_STRING ""
| #define PACKAGE_BUGREPORT ""
| #define PACKAGE_URL ""
| #define SDCC_VERSION_LO 0
| #define SDCC_VERSION_HI 1
| #define SDCC_VERSION_P 0
| #define SDCC_VERSION_STR "1.0.0"
| #define STDC_HEADERS 1
| #define HAVE_SYS_TYPES_H 1
| #define HAVE_SYS_STAT_H 1
| #define HAVE_STDLIB_H 1
| #define HAVE_STRING_H 1
| #define HAVE_MEMORY_H 1
| #define HAVE_STRINGS_H 1
| #define HAVE_INTTYPES_H 1
| #define HAVE_STDINT_H 1
| #define HAVE_UNISTD_H 1
| #define HAVE_BOOST_GRAPH_ADJACENCY_LIST_HPP 1
| #define HAVE_STRERROR 1
| #define HAVE_VSNPRINTF 1
| #define HAVE_SNPRINTF 1
| #define HAVE_VSPRINTF 1
| #define HAVE_MKSTEMP 1
| #define UNNAMED_STRUCT_TAG 1
| #define RETSIGTYPE void
| #define SIZEOF_CHAR 1
| #define SIZEOF_SHORT 2
| #define SIZEOF_INT 4
| #define SIZEOF_LONG 4
| #define SIZEOF_LONG_LONG 8
| #define TYPE_BYTE char
| #define TYPE_WORD short
| #define TYPE_DWORD int
| #define TYPE_QWORD long long
| #define TYPE_UBYTE unsigned char
| #define TYPE_UWORD unsigned short
| #define TYPE_UDWORD unsigned int
| #define TYPE_UQWORD unsigned long long
| /* end confdefs.h.  */
| #include <sys/types.h>
| 		#include <sys/param.h>
| 
| int
| main ()
| {
| #if BYTE_ORDER != BIG_ENDIAN
| 		 not big endian
| 		#endif
| 
|   ;
|   return 0;
| }
configure:5875: result: no
configure:7120: checking for lyx
configure:7148: result: :
configure:7158: checking for latex2html
configure:7186: result: :
configure:7196: checking for pdflatex
configure:7224: result: :
configure:7234: checking for pdfopt
configure:7262: result: :
configure:7272: checking for makeindex
configure:7300: result: :
configure:7619: creating ./config.status

## ---------------------- ##
## Running config.status. ##
## ---------------------- ##

This file was extended by config.status, which was
generated by GNU Autoconf 2.69.  Invocation command line was

  CONFIG_FILES    = 
  CONFIG_HEADERS  = 
  CONFIG_LINKS    = 
  CONFIG_COMMANDS = 
  $ ./config.status 

on sinomcu111-PC

config.status:981: creating doc/Makefile
config.status:981: creating src/pic14/Makefile
config.status:981: creating main.mk
config.status:981: creating src/Makefile
config.status:981: creating device/include/Makefile
config.status:981: creating device/non-free/include/Makefile
config.status:981: creating sdas/linksrc/Makefile
config.status:981: creating support/librarian/Makefile
config.status:981: creating support/makebin/Makefile
config.status:981: creating support/regression/Makefile
config.status:981: creating support/valdiag/Makefile
config.status:981: creating support/scripts/Makefile
config.status:981: creating support/regression/ports/host/spec.mk
config.status:981: creating Makefile
config.status:981: creating Makefile.common
config.status:981: creating sdccconf.h
config.status:981: creating sdas/linksrc/asxxxx_config.h
config.status:1156: sdas/linksrc/asxxxx_config.h is unchanged
configure:8894: === configuring in support/cpp (/e/tools/sn-sdcc/support/cpp)
configure:8957: running /bin/sh ./configure --disable-option-checking '--prefix=/usr/local'  'CFLAGS=-g' 'CXXFLAGS=-g' 'sdccconf_h_dir_separator=\\' '--disable-mcs51-port' '--disable-z80-port' '--disable-z180-port' '--disable-r2k-port' '--disable-r3ka-port' '--disable-gbz80-port' '--disable-ds390-port' '--disable-ds400-port' '--disable-hc08-port' '--disable-s08-port' '--disable-packihx' '--disable-sdbinutils' '--disable-sdcdb' '--disable-pic16-port' '--disable-device-lib' '--disable-ucsim' 'docdir=${datarootdir}/doc/${PACKAGE}' --cache-file=/dev/null --srcdir=.
configure:9259: result:
sdcc 1.0.0 is now configured for

  Build:                i686-pc-mingw32
  Host:                 i686-pc-mingw32
  Source directory:     .
  C compiler:           gcc
  CFLAGS:               -fms-extensions -pipe -ggdb -g
  C++ compiler:         g++
  CXXFLAGS:             -pipe -ggdb -g
  CPPFLAGS:             
  LDFLAGS:              

  ENABLED Ports:
    avr                 no
    ds390               no
    ds400               no
    hc08                no
    s08                 no
    mcs51               no
    pic14               yes
    pic16               no
    xa51                no
    z80                 no
    z180                no
    r2k                 no
    r3ka                no
    gbz80               no

  Disable packihx:      1
  Disable ucsim:        1
  Disable device lib:   1
  Disable sdcpp:        0
  Disable sdcdb:        1
  Disable sdbinutil:    1
  Enable documentation: 0
  Enable libgc:         0

  Install paths:
    binary files:       ${prefix}
    include files:      ${datarootdir}/sdcc/include
    non-free include files: ${datarootdir}/sdcc/non-free/include
    library files:      ${datarootdir}/sdcc/lib
    non-free library files: ${datarootdir}/sdcc/non-free/lib
    documentation:      ${datarootdir}/doc/${PACKAGE}

    prefix:             /usr/local
    datadir:            ${datarootdir}
    datarootdir:        ${prefix}/share

  Search paths (incomplete, see manual for all search paths):
    binary files:       $SDCC_HOME\bin
    include files:      \share\sdcc\include
                        path(argv[0])\..\share\sdcc\include
                        \usr\local\share\sdcc\include
                        \share\sdcc\non-free\include
                        path(argv[0])\..\share\sdcc\non-free\include
                        \usr\local\share\sdcc\non-free\include
    library files:      $SDCC_HOME\share\sdcc\lib\<model>
                        path(argv[0])\..\share\sdcc\lib\<model>
                        \usr\local\share\sdcc\lib\<model>
                        $SDCC_HOME\share\sdcc\non-free\lib\<model>
                        path(argv[0])\..\share\sdcc\non-free\lib\<model>
                        \usr\local\share\sdcc\non-free\lib\<model>


## ---------------- ##
## Cache variables. ##
## ---------------- ##

ac_cv_build=i686-pc-mingw32
ac_cv_c_bigendian=no
ac_cv_c_char_unsigned=no
ac_cv_c_compiler_gnu=yes
ac_cv_cxx_compiler_gnu=yes
ac_cv_env_CCC_set=
ac_cv_env_CCC_value=
ac_cv_env_CC_set=
ac_cv_env_CC_value=
ac_cv_env_CFLAGS_set=set
ac_cv_env_CFLAGS_value=-g
ac_cv_env_CPPFLAGS_set=
ac_cv_env_CPPFLAGS_value=
ac_cv_env_CPP_set=
ac_cv_env_CPP_value=
ac_cv_env_CXXCPP_set=
ac_cv_env_CXXCPP_value=
ac_cv_env_CXXFLAGS_set=set
ac_cv_env_CXXFLAGS_value=-g
ac_cv_env_CXX_set=
ac_cv_env_CXX_value=
ac_cv_env_LDFLAGS_set=
ac_cv_env_LDFLAGS_value=
ac_cv_env_LIBS_set=
ac_cv_env_LIBS_value=
ac_cv_env_LIB_TYPE_set=
ac_cv_env_LIB_TYPE_value=
ac_cv_env_build_alias_set=
ac_cv_env_build_alias_value=
ac_cv_env_docdir_set=set
ac_cv_env_docdir_value='${datarootdir}/doc/${PACKAGE}'
ac_cv_env_host_alias_set=
ac_cv_env_host_alias_value=
ac_cv_env_include_dir_suffix_set=
ac_cv_env_include_dir_suffix_value=
ac_cv_env_lib_dir_suffix_set=
ac_cv_env_lib_dir_suffix_value=
ac_cv_env_non_free_include_dir_suffix_set=
ac_cv_env_non_free_include_dir_suffix_value=
ac_cv_env_non_free_lib_dir_suffix_set=
ac_cv_env_non_free_lib_dir_suffix_value=
ac_cv_env_sdccconf_h_dir_separator_set=set
ac_cv_env_sdccconf_h_dir_separator_value='\\'
ac_cv_env_target_alias_set=
ac_cv_env_target_alias_value=
ac_cv_exeext=.exe
ac_cv_func_mkstemp=yes
ac_cv_func_snprintf=yes
ac_cv_func_strerror=yes
ac_cv_func_vsnprintf=yes
ac_cv_func_vsprintf=yes
ac_cv_header_boost_graph_adjacency_list_hpp=yes
ac_cv_header_endian_h=no
ac_cv_header_inttypes_h=yes
ac_cv_header_machine_endian_h=no
ac_cv_header_memory_h=yes
ac_cv_header_stdc=yes
ac_cv_header_stdint_h=yes
ac_cv_header_stdlib_h=yes
ac_cv_header_string_h=yes
ac_cv_header_strings_h=yes
ac_cv_header_stx_btree_map_h=no
ac_cv_header_stx_btree_set_h=no
ac_cv_header_sys_endian_h=no
ac_cv_header_sys_isa_defs_h=no
ac_cv_header_sys_stat_h=yes
ac_cv_header_sys_types_h=yes
ac_cv_header_unistd_h=yes
ac_cv_host=i686-pc-mingw32
ac_cv_objext=o
ac_cv_path_EGREP='/bin/grep -E'
ac_cv_path_GREP=/bin/grep
ac_cv_path_install='/bin/install -c'
ac_cv_prog_AR=ar
ac_cv_prog_AS=as
ac_cv_prog_AUTOCONF=autoconf
ac_cv_prog_AWK=gawk
ac_cv_prog_CP=cp
ac_cv_prog_CPP='gcc -E'
ac_cv_prog_CXXCPP='g++ -E'
ac_cv_prog_LATEX2HTML=:
ac_cv_prog_LEX=flex
ac_cv_prog_LYX=:
ac_cv_prog_MAKEINDEX=:
ac_cv_prog_PDFLATEX=:
ac_cv_prog_PDFOPT=:
ac_cv_prog_STRIP=strip
ac_cv_prog_YACC='bison -y'
ac_cv_prog_ac_ct_CC=gcc
ac_cv_prog_ac_ct_CXX=g++
ac_cv_prog_ac_ct_RANLIB=ranlib
ac_cv_prog_cc_c89=
ac_cv_prog_cc_g=yes
ac_cv_prog_cxx_g=yes
ac_cv_sizeof_char=1
ac_cv_sizeof_int=4
ac_cv_sizeof_long=4
ac_cv_sizeof_long_long=8
ac_cv_sizeof_short=2
ac_cv_type_signal=void
sdcc_cv_MM=-MM
sdcc_cv_c_fms_extensions=yes
sdcc_cv_c_ggdb=yes
sdcc_cv_c_pipe=yes
sdcc_cv_c_unnamed_struct_tag=yes
sdcc_cv_version=1.0.0
sdcc_cv_versionhi=1
sdcc_cv_versionlo=0
sdcc_cv_versionp=0

## ----------------- ##
## Output variables. ##
## ----------------- ##

AR='ar'
AS='as'
AUTOCONF='autoconf'
AWK='gawk'
C99_FLAG='--std=c99'
CC='gcc'
CCACHE=''
CFLAGS='-fms-extensions -pipe -ggdb -g'
CP='cp'
CPP='gcc -E'
CPPFLAGS=''
CXX='g++'
CXXCPP='g++ -E'
CXXFLAGS='-pipe -ggdb -g'
DEFS='-DHAVE_CONFIG_H'
ECHO_C=''
ECHO_N='-n'
ECHO_T=''
EGREP='/bin/grep -E'
EXEEXT='.exe'
GREP='/bin/grep'
INSTALL_DATA='${INSTALL} -m 644'
INSTALL_PROGRAM='${INSTALL}'
INSTALL_SCRIPT='${INSTALL}'
LATEX2HTML=':'
LDFLAGS=''
LEX='flex'
LIBOBJS=''
LIBS=''
LIB_TYPE='RANLIB'
LTLIBOBJS=''
LYX=':'
MAKEDEP='gcc -MM'
MAKEINDEX=':'
OBJEXT='o'
OPT_DISABLE_AVR='1'
OPT_DISABLE_DEVICE_LIB='1'
OPT_DISABLE_DS390='1'
OPT_DISABLE_DS400='1'
OPT_DISABLE_GBZ80='1'
OPT_DISABLE_HC08='1'
OPT_DISABLE_MCS51='1'
OPT_DISABLE_PACKIHX='1'
OPT_DISABLE_PIC14='0'
OPT_DISABLE_PIC16='1'
OPT_DISABLE_R2K='1'
OPT_DISABLE_R3KA='1'
OPT_DISABLE_S08='1'
OPT_DISABLE_SDBINUTILS='1'
OPT_DISABLE_SDCDB='1'
OPT_DISABLE_SDCPP='0'
OPT_DISABLE_UCSIM='1'
OPT_DISABLE_XA51='1'
OPT_DISABLE_Z180='1'
OPT_DISABLE_Z80='1'
OPT_ENABLE_DOC='0'
OPT_ENABLE_LIBGC='0'
PACKAGE='sdcc'
PACKAGE_BUGREPORT=''
PACKAGE_NAME=''
PACKAGE_STRING=''
PACKAGE_TARNAME=''
PACKAGE_URL=''
PACKAGE_VERSION=''
PATH_SEPARATOR=':'
PDFLATEX=':'
PDFOPT=':'
RANLIB='ranlib'
SHELL='/bin/sh'
STRIP='strip'
VERSION='1.0.0'
VERSIONHI='1'
VERSIONLO='0'
VERSIONP='0'
WALL_FLAG='-Wall -Wno-parentheses'
YACC='bison -y'
ac_ct_CC='gcc'
ac_ct_CXX='g++'
bindir='${exec_prefix}/bin'
build='i686-pc-mingw32'
build_alias=''
build_cpu='i686'
build_os='mingw32'
build_vendor='pc'
datadir='${datarootdir}'
datarootdir='${prefix}/share'
docdir='${datarootdir}/doc/${PACKAGE}'
dvidir='${docdir}'
exec_prefix='${prefix}'
host='i686-pc-mingw32'
host_alias=''
host_cpu='i686'
host_os='mingw32'
host_vendor='pc'
htmldir='${docdir}'
include_dir_suffix='sdcc/include'
includedir='${prefix}/include'
infodir='${datarootdir}/info'
lib_dir_suffix='sdcc/lib'
libdir='${exec_prefix}/lib'
libexecdir='${exec_prefix}/libexec'
localedir='${datarootdir}/locale'
localstatedir='${prefix}/var'
mandir='${datarootdir}/man'
non_free_include_dir_suffix='sdcc/non-free/include'
non_free_lib_dir_suffix='sdcc/non-free/lib'
oldincludedir='/usr/include'
pdfdir='${docdir}'
prefix='/usr/local'
program_transform_name='s,x,x,'
psdir='${docdir}'
sbindir='${exec_prefix}/sbin'
sdccconf_h_dir_separator='\\'
sharedstatedir='${prefix}/com'
subdirs=' support/cpp'
sysconfdir='${prefix}/etc'
target_alias=''

## ----------- ##
## confdefs.h. ##
## ----------- ##

/* confdefs.h */
#define PACKAGE_NAME ""
#define PACKAGE_TARNAME ""
#define PACKAGE_VERSION ""
#define PACKAGE_STRING ""
#define PACKAGE_BUGREPORT ""
#define PACKAGE_URL ""
#define SDCC_VERSION_LO 0
#define SDCC_VERSION_HI 1
#define SDCC_VERSION_P 0
#define SDCC_VERSION_STR "1.0.0"
#define STDC_HEADERS 1
#define HAVE_SYS_TYPES_H 1
#define HAVE_SYS_STAT_H 1
#define HAVE_STDLIB_H 1
#define HAVE_STRING_H 1
#define HAVE_MEMORY_H 1
#define HAVE_STRINGS_H 1
#define HAVE_INTTYPES_H 1
#define HAVE_STDINT_H 1
#define HAVE_UNISTD_H 1
#define HAVE_BOOST_GRAPH_ADJACENCY_LIST_HPP 1
#define HAVE_STRERROR 1
#define HAVE_VSNPRINTF 1
#define HAVE_SNPRINTF 1
#define HAVE_VSPRINTF 1
#define HAVE_MKSTEMP 1
#define UNNAMED_STRUCT_TAG 1
#define RETSIGTYPE void
#define SIZEOF_CHAR 1
#define SIZEOF_SHORT 2
#define SIZEOF_INT 4
#define SIZEOF_LONG 4
#define SIZEOF_LONG_LONG 8
#define TYPE_BYTE char
#define TYPE_WORD short
#define TYPE_DWORD int
#define TYPE_QWORD long long
#define TYPE_UBYTE unsigned char
#define TYPE_UWORD unsigned short
#define TYPE_UDWORD unsigned int
#define TYPE_UQWORD unsigned long long
#define DIR_SEPARATOR_STRING "\\"
#define DIR_SEPARATOR_CHAR '\\'
#define PREFIX "\\usr\\local"
#define EXEC_PREFIX "\\usr\\local"
#define BINDIR "\\usr\\local\\bin"
#define DATADIR "\\usr\\local\\share"
#define INCLUDE_DIR_SUFFIX DIR_SEPARATOR_STRING "sdcc\\include"
#define NON_FREE_INCLUDE_DIR_SUFFIX DIR_SEPARATOR_STRING "sdcc\\non-free\\include"
#define LIB_DIR_SUFFIX DIR_SEPARATOR_STRING "sdcc\\lib"
#define NON_FREE_LIB_DIR_SUFFIX DIR_SEPARATOR_STRING "sdcc\\non-free\\lib"
#define BIN2DATA_DIR DIR_SEPARATOR_STRING "..\\share"
#define PREFIX2BIN_DIR DIR_SEPARATOR_STRING "bin"
#define PREFIX2DATA_DIR DIR_SEPARATOR_STRING "share"
#define STD_LIB "libsdcc"
#define STD_INT_LIB "libint"
#define STD_LONG_LIB "liblong"
#define STD_FP_LIB "libfloat"
#define STD_DS390_LIB "libds390"
#define STD_DS400_LIB "libds400"
#define STD_XA51_LIB "libxa51"
#define SDCC_DIR_NAME "SDCC_HOME"
#define SDCC_INCLUDE_NAME "SDCC_INCLUDE"
#define SDCC_LIB_NAME "SDCC_LIB"
#define OPT_DISABLE_MCS51 1
#define OPT_DISABLE_Z80 1
#define OPT_DISABLE_Z180 1
#define OPT_DISABLE_R2K 1
#define OPT_DISABLE_R3KA 1
#define OPT_DISABLE_GBZ80 1
#define OPT_DISABLE_DS390 1
#define OPT_DISABLE_TININative 1
#define OPT_DISABLE_DS400 1
#define OPT_DISABLE_PIC14 0
#define OPT_DISABLE_PIC16 1
#define OPT_DISABLE_HC08 1
#define OPT_DISABLE_S08 1
#define OPT_DISABLE_AVR 1
#define OPT_DISABLE_XA51 1
#define OPT_DISABLE_UCSIM 1
#define OPT_DISABLE_DEVICE_LIB 1
#define OPT_DISABLE_PACKIHX 1
#define OPT_DISABLE_SDCPP 0
#define OPT_DISABLE_SDCDB 1
#define OPT_DISABLE_SDBINUTILS 1
#define OPT_ENABLE_DOC 0
#define OPT_ENABLE_LIBGC 0

configure: exit 0
