gpasm-1.7.0_beta1 (Nov 23 2015)_mulchar.asm       2015-11-30  22:56:08         PAGE  1


LOC  OBJECT CODE     LINE SOURCE TEXT
  VALUE

                      00001 ;--------------------------------------------------------
                      00002 ; File Created by SN-SDCC : ANSI-C Compiler
                      00003 ; Version 0.0.4 (Nov 23 2015) (Linux)
                      00004 ; This file was generated Mon Nov 30 22:56:08 2015
                      00005 ;--------------------------------------------------------
                      00006 ; MC3X port for the RISC core
                      00007 ;--------------------------------------------------------
                      00008 ;       .file   "../libsdcc/_mulchar.c"
                      00009         list    p=8132
                      00010         radix dec
                      00011         include "8132.inc"
                      00001 
                      00002   ;processor mc32t8132
                      00003 
  000001A0            00004 INDF       equ   0x1a0
  000001A0            00005 INDF0      equ   0x1a0
  000001A1            00006 INDF1      equ   0x1a1
  000001A2            00007 INDF2      equ   0x1a2
  000001A3            00008 HIBYTE     equ   0x1a3
  000001A4            00009 FSR        equ   0x1a4
  000001A4            00010 FSR0       equ   0x1a4
  000001A5            00011 FSR1       equ   0x1a5
  000001A6            00012 PCL        equ   0x1a6
  000001A7            00013 STATUS     equ   0x1a7
  000001A7            00014 PFLAG      equ   0x1a7
  000001A8            00015 MCR        equ   0x1a8
  000001A9            00016 INDF3      equ   0x1a9
  000001AA            00017 INTE         equ   0x1aa
  000001AB            00018 INTF         equ   0x1ab
  000001AC            00019 OSCM       equ   0x1ac
  000001AD            00020 CLKO       equ   0x1ad
                      00021 
  000001B0            00022 IOP0       equ   0x1b0
  000001B1            00023 OEP0       equ   0x1b1
  000001B2            00024 PUP0       equ   0x1b2
  000001B3            00025 PDP0       equ   0x1b3
  000001B4            00026 IOP1       equ   0x1b4
  000001B5            00027 OEP1       equ   0x1b5
  000001B6            00028 PUP1       equ   0x1b6
  000001B7            00029 PDP1       equ   0x1b7
  000001B8            00030 IOP2       equ   0x1b8
  000001B9            00031 OEP2       equ   0x1b9
  000001BA            00032 PUP2       equ   0x1ba
  000001BB            00033 PDP2       equ   0x1bb
  000001BC            00034 IOP3       equ   0x1bc
  000001BD            00035 OEP3       equ   0x1bd
  000001BE            00036 PUP3       equ   0x1be
  000001BF            00037 PDP3       equ   0x1bf
                      00038 
  000001C0            00039 T0CR       equ   0x1c0
  000001C1            00040 T0CNT      equ   0x1c1  
  000001C2            00041 T0LOAD     equ   0x1c2
  000001C3            00042 T0DATA     equ   0x1c3 
  000001C4            00043 T1CR       equ   0x1c4
  000001C5            00044 T1CNT      equ   0x1c5  
  000001C6            00045 T1LOAD     equ   0x1c6
  000001C7            00046 T1DATA     equ   0x1c7
  000001C8            00047 T2CR       equ   0x1c8
  000001C9            00048 T2CNTH     equ   0x1c9  
  000001CA            00049 T2CNTL     equ   0x1ca  
  000001CB            00050 T2LOADH    equ   0x1cb
  000001CC            00051 T2LOADL    equ   0x1cc
                      00052 
  000001D0            00053 TK0CR0     equ   0x1d0
  000001D1            00054 TK0CR1     equ   0x1d1
  000001D2            00055 TK0CR2     equ   0x1d2
  000001D3            00056 TK0CNTH    equ   0x1d3
  000001D4            00057 TK0CNTL    equ   0x1d4
  000001D8            00058 TK1CR0     equ   0x1d8
  000001D9            00059 TK1CR1     equ   0x1d9
  000001DA            00060 TK1CR2     equ   0x1da
  000001DB            00061 TK1CNTH    equ   0x1db
  000001DC            00062 TK1CNTL    equ   0x1dc
                      00063 
  000001E0            00064 ADCR0      equ   0x1e0
  000001E1            00065 ADCR1      equ   0x1e1
  000001E2            00066 ADCR2      equ   0x1e2
  000001E3            00067 ADIO0      equ   0x1e3
  000001E4            00068 ADIO1      equ   0x1e4
  000001E5            00069 ADRH       equ   0x1e5  
  000001E6            00070 ADRL       equ   0x1e6
                      00071 
  000001E8            00072 LEDDS1     equ   0x1e8
  000001E9            00073 LEDDS2     equ   0x1e9
  000001EA            00074 LEDDS3     equ   0x1ea
  000001EB            00075 LEDDS4     equ   0x1eb
  000001EC            00076 LEDDS5     equ   0x1ec
  000001ED            00077 LEDDS6     equ   0x1ed
  000001EE            00078 LEDDS7     equ   0x1ee
  000001EF            00079 LEDDS8     equ   0x1ef
  000001F0            00080 LEDCR0     equ   0x1f0
  000001F1            00081 LEDCR1     equ   0x1f1
  000001F2            00082 LEDIOS0    equ   0x1f2
  000001F3            00083 LEDIOS1    equ   0x1f3
  000001F4            00084 LEDDRV     equ   0x1f4 
                      00085 
                      00086 
                      00087 ; ----- INDF0 Bits --------------------------------------------
                      00088 #define INDF00           INDF0,0          /* bit 0 */
                      00089 #define INDF01           INDF0,1                 /* bit 1 */
                      00090 #define INDF02           INDF0,2          /* bit 2 */
                      00091 #define INDF03           INDF0,3                 /* bit 3 */
                      00092 #define INDF04           INDF0,4                 /* bit 4 */
                      00093 #define INDF05           INDF0,5                 /* bit 5 */
                      00094 #define INDF06           INDF0,6                 /* bit 6 */
                      00095 #define INDF07           INDF0,7                 /* bit 7 */
                      00096 
                      00097 ; ----- INDF1 Bits --------------------------------------------
                      00098 #define INDF10           INDF1,0          /* bit 0 */
                      00099 #define INDF11           INDF1,1          /* bit 1 */
                      00100 #define INDF12           INDF1,2          /* bit 2 */
                      00101 #define INDF13           INDF1,3          /* bit 3 */
                      00102 #define INDF14           INDF1,4          /* bit 4 */
                      00103 #define INDF15           INDF1,5          /* bit 5 */
                      00104 #define INDF16           INDF1,6          /* bit 6 */
                      00105 #define INDF17           INDF1,7          /* bit 7 */
                      00106 
                      00107 ; ----- INDF2 Bits --------------------------------------------
                      00108 #define INDF20           INDF2,0          /* bit 0 */
                      00109 #define INDF21           INDF2,1          /* bit 1 */
                      00110 #define INDF22           INDF2,2          /* bit 2 */
                      00111 #define INDF23           INDF2,3          /* bit 3 */
                      00112 #define INDF24           INDF2,4          /* bit 4 */
                      00113 #define INDF25           INDF2,5          /* bit 5 */
                      00114 #define INDF26           INDF2,6          /* bit 6 */
                      00115 #define INDF27           INDF2,7          /* bit 7 */
                      00116 
                      00117 ; ----- HIBYTE Bits --------------------------------------------
                      00118 #define HIBYTE0           HIBYTE,0          /* bit 0 */
                      00119 #define HIBYTE1           HIBYTE,1          /* bit 1 */
                      00120 #define HIBYTE2           HIBYTE,2          /* bit 2 */
                      00121 #define HIBYTE3           HIBYTE,3          /* bit 3 */
                      00122 #define HIBYTE4           HIBYTE,4          /* bit 4 */
                      00123 #define HIBYTE5           HIBYTE,5          /* bit 5 */
                      00124 #define HIBYTE6           HIBYTE,6          /* bit 6 */
                      00125 #define HIBYTE7           HIBYTE,7          /* bit 7 */
                      00126 
                      00127 ; ----- FSR0 Bits ---------------------------------------------
                      00128 #define FSR00           FSR0,0          /* bit 0 */
                      00129 #define FSR01           FSR0,1          /* bit 1 */
                      00130 #define FSR02           FSR0,2          /* bit 2 */
                      00131 #define FSR03           FSR0,3          /* bit 3 */
                      00132 #define FSR04           FSR0,4          /* bit 4 */
                      00133 #define FSR05           FSR0,5          /* bit 5 */
                      00134 #define FSR06           FSR0,6          /* bit 6 */
                      00135 #define FSR07           FSR0,7          /* bit 7 */
                      00136 
                      00137 ; ----- FSR1 Bits ---------------------------------------------
                      00138 #define FSR10           FSR1,0          /* bit 0 */
                      00139 #define FSR11           FSR1,1          /* bit 1 */
                      00140 #define FSR12           FSR1,2          /* bit 2 */
                      00141 #define FSR13           FSR1,3          /* bit 3 */
                      00142 #define FSR14           FSR1,4          /* bit 4 */
                      00143 #define FSR15           FSR1,5          /* bit 5 */
                      00144 #define FSR16           FSR1,6          /* bit 6 */
                      00145 #define FSR17           FSR1,7          /* bit 7 */
                      00146 
                      00147 ; ----- PCL Bits ---------------------------------------------
                      00148 #define PC0           PCL,0          /* bit 0 */
                      00149 #define PC1           PCL,1          /* bit 1 */
                      00150 #define PC2           PCL,2          /* bit 2 */
                      00151 #define PC3           PCL,3          /* bit 3 */
                      00152 #define PC4           PCL,4          /* bit 4 */
                      00153 #define PC5           PCL,5          /* bit 5 */
                      00154 #define PC6           PCL,6          /* bit 6 */
                      00155 #define PC7           PCL,7          /* bit 7 */
                      00156 
                      00157 ; ----- STATUS Bits --------------------------------------------
                      00158 #define C               STATUS,0         /* bit 0 */
                      00159 #define DC              STATUS,1         /* bit 1 */
                      00160 #define Z               STATUS,2         /* bit 2 */
                      00161 
                      00162 ; ----- MCR Bits --------------------------------------------
                      00163 #define MINT00          MCR,0           /* bit 0 */
                      00164 #define MINT01          MCR,1           /* bit 1 */
                      00165 #define MINT10          MCR,2           /* bit 2 */
                      00166 #define MINT11          MCR,3           /* bit 3 */
                      00167 #define PD              MCR,4           /* bit 4 */
                      00168 #define TO              MCR,5           /* bit 5 */
                      00169 #define GIE             MCR,7           /* bit 7 */
                      00170 
                      00171 ; ----- INDF3 Bits --------------------------------------------
                      00172 #define INDF30           INDF3,0          /* bit 0 */
                      00173 #define INDF31           INDF3,1          /* bit 1 */
                      00174 #define INDF32           INDF3,2          /* bit 2 */
                      00175 #define INDF33           INDF3,3          /* bit 3 */
                      00176 #define INDF34           INDF3,4          /* bit 4 */
                      00177 #define INDF35           INDF3,5          /* bit 5 */
                      00178 #define INDF36           INDF3,6          /* bit 6 */
                      00179 #define INDF37           INDF3,7          /* bit 7 */
                      00180 
                      00181 ; ----- INTE Bits --------------------------------------------
                      00182 #define T0IE                INTE,0            /* bit 0 */
                      00183 #define T1IE            INTE,1            /* bit 1 */
                      00184 #define INT0IE          INTE,2            /* bit 2 */
                      00185 #define INT1IE          INTE,3            /* bit 3 */
                      00186 #define KBIE            INTE,4            /* bit 4 */
                      00187 #define ADIE            INTE,6            /* bit 6 */
                      00188 
                      00189 ; ----- INTF Bits --------------------------------------------
                      00190 #define T0IF                INTF,0              /* bit 0 */
                      00191 #define T1IF            INTF,1          /* bit 1 */
                      00192 #define INT0IF              INTF,2                /* bit 2 */
                      00193 #define INT1IF          INTF,3          /* bit 3 */
                      00194 #define KBIF            INTF,4          /* bit 4 */
                      00195 #define ADIF            INTF,6          /* bit 6 */
                      00196 
                      00197 ; ----- OSCM Bits --------------------------------------------
                      00198 #define HFEN            OSCM,0           /* bit 0 */
                      00199 #define LFEN            OSCM,1           /* bit 1 */
                      00200 #define CLKS            OSCM,2           /* bit 2 */
                      00201 #define STBH            OSCM,4           /* bit 4 */
                      00202 #define STBL            OSCM,5           /* bit 5 */
                      00203 
                      00204 ; ----- CLKO Bits --------------------------------------------
                      00205 #define CLKOS0          CLKO,0          /* bit 0 */
                      00206 #define CLKOS1          CLKO,1          /* bit 1 */
                      00207 #define CLKOS2          CLKO,2          /* bit 2 */
                      00208 #define CLKOEN          CLKO,7          /* bit 7 */
                      00209 
                      00210 ; ----- IOP0 Bits --------------------------------------------
                      00211 #define P00D            IOP0,0           /* bit 0 */
                      00212 #define P01D            IOP0,1           /* bit 1 */
                      00213 #define P02D            IOP0,2           /* bit 2 */
                      00214 #define P03D            IOP0,3           /* bit 3 */
                      00215 #define P04D            IOP0,4           /* bit 4 */
                      00216 #define P05D            IOP0,5           /* bit 5 */
                      00217 #define P06D            IOP0,6           /* bit 6 */
                      00218 #define P07D            IOP0,7           /* bit 7 */
                      00219 
                      00220 ; ----- OEP0 Bits --------------------------------------------
                      00221 #define P00OE           OEP0,0          /* bit 0 */
                      00222 #define P01OE           OEP0,1          /* bit 1 */
                      00223 #define P02OE           OEP0,2          /* bit 2 */
                      00224 #define P03OE           OEP0,3          /* bit 3 */
                      00225 #define P04OE           OEP0,4          /* bit 4 */
                      00226 #define P05OE           OEP0,5          /* bit 5 */
                      00227 #define P06OE           OEP0,6          /* bit 6 */
                      00228 #define P07OE           OEP0,7          /* bit 7 */
                      00229 
                      00230 ; ----- PUP0 Bits --------------------------------------------
                      00231 #define P00PU           PUP0,0          /* bit 0 */
                      00232 #define P01PU           PUP0,1          /* bit 1 */
                      00233 #define P02PU           PUP0,2          /* bit 2 */
                      00234 #define P03PU           PUP0,3          /* bit 3 */
                      00235 #define P04PU           PUP0,4          /* bit 4 */
                      00236 #define P05PU           PUP0,5          /* bit 5 */
                      00237 #define P06PU           PUP0,6          /* bit 6 */
                      00238 #define P07PU           PUP0,7          /* bit 7 */
                      00239 
                      00240 ; ----- PDP0 Bits --------------------------------------------
                      00241 #define P00PD           PDP0,0            /* bit 0 */
                      00242 #define P01PD           PDP0,1            /* bit 1 */
                      00243 #define P02PD           PDP0,2            /* bit 2 */
                      00244 #define P03PD           PDP0,3            /* bit 3 */
                      00245 #define P04PD           PDP0,4            /* bit 4 */
                      00246 #define P05PD           PDP0,5            /* bit 5 */
                      00247 #define P06PD           PDP0,6            /* bit 6 */
                      00248 #define P07PD           PDP0,7            /* bit 7 */
                      00249 
                      00250 ; ----- IOP1 Bits --------------------------------------------
                      00251 #define P10D            IOP1,0           /* bit 0 */
                      00252 #define P11D            IOP1,1           /* bit 1 */
                      00253 #define P12D            IOP1,2           /* bit 2 */
                      00254 
                      00255 ; ----- OEP1 Bits --------------------------------------------
                      00256 #define P10OE           OEP1,0           /* bit 0 */
                      00257 #define P11OE           OEP1,1           /* bit 1 */
                      00258 #define P12OE           OEP1,2           /* bit 2 */
                      00259 
                      00260 ; ----- PUP1 Bits --------------------------------------------
                      00261 #define P10PU           PUP1,0           /* bit 0 */
                      00262 #define P11PU           PUP1,1           /* bit 1 */
                      00263 #define P12PU           PUP1,2           /* bit 2 */
                      00264 
                      00265 ; ----- PDP1 Bits --------------------------------------------
                      00266 #define P10PD               PDP1,0                 /* bit 0 */
                      00267 #define P11PD               PDP1,1                 /* bit 1 */
                      00268 #define P12PD               PDP1,2                 /* bit 2 */
                      00269 
                      00270 ; ----- IOP2 Bits --------------------------------------------
                      00271 #define P20D            IOP2,0           /* bit 0 */
                      00272 #define P21D            IOP2,1           /* bit 1 */
                      00273 #define P22D            IOP2,2           /* bit 2 */
                      00274 #define P23D            IOP2,3           /* bit 3 */
                      00275 #define P24D            IOP2,4           /* bit 4 */
                      00276 #define P25D            IOP2,5           /* bit 5 */
                      00277 #define P26D            IOP2,6           /* bit 6 */
                      00278 
                      00279 ; ----- OEP2 Bits --------------------------------------------
                      00280 #define P20OE           OEP2,0          /* bit 0 */
                      00281 #define P21OE           OEP2,1          /* bit 1 */
                      00282 #define P22OE           OEP2,2          /* bit 2 */
                      00283 #define P23OE           OEP2,3          /* bit 3 */
                      00284 #define P24OE           OEP2,4          /* bit 4 */
                      00285 #define P25OE           OEP2,5          /* bit 5 */
                      00286 #define P26OE           OEP2,6          /* bit 6 */
                      00287 
                      00288 ; ----- PUP2 Bits --------------------------------------------
                      00289 #define P20PU           PUP2,0          /* bit 0 */
                      00290 #define P21PU           PUP2,1          /* bit 1 */
                      00291 #define P22PU           PUP2,2          /* bit 2 */
                      00292 #define P23PU           PUP2,3          /* bit 3 */
                      00293 #define P24PU           PUP2,4          /* bit 4 */
                      00294 #define P25PU           PUP2,5          /* bit 5 */
                      00295 #define P26PU           PUP2,6          /* bit 6 */
                      00296 
                      00297 ; ----- PDP2 Bits --------------------------------------------
                      00298 #define P20PD           PDP2,0          /* bit 0 */
                      00299 #define P21PD               PDP2,1                /* bit 1 */
                      00300 #define P22PD           PDP2,2            /* bit 2 */
                      00301 #define P23PD           PDP2,3            /* bit 3 */
                      00302 #define P24PD           PDP2,4            /* bit 4 */
                      00303 #define P25PD               PDP2,5                /* bit 5 */
                      00304 #define P26PD               PDP2,6                /* bit 6 */
                      00305 
                      00306 ; ----- IOP3 Bits --------------------------------------------
                      00307 #define P30D            IOP3,0          /* bit 0 */
                      00308 #define P31D            IOP3,1          /* bit 1 */
                      00309 #define P32D            IOP3,2          /* bit 2 */
                      00310 #define P33D            IOP3,3          /* bit 3 */
                      00311 #define P34D            IOP3,4          /* bit 4 */
                      00312 #define P35D            IOP3,5          /* bit 5 */
                      00313 #define P36D            IOP3,6          /* bit 6 */
                      00314 #define P37D            IOP3,7          /* bit 7 */
                      00315 
                      00316 ; ----- OEP3 Bits --------------------------------------------
                      00317 #define P30OE           OEP3,0          /* bit 0 */
                      00318 #define P31OE           OEP3,1          /* bit 1 */
                      00319 #define P32OE           OEP3,2          /* bit 2 */
                      00320 #define P33OE           OEP3,3          /* bit 3 */
                      00321 #define P34OE           OEP3,4          /* bit 4 */
                      00322 #define P35OE           OEP3,5          /* bit 5 */
                      00323 #define P36OE           OEP3,6          /* bit 6 */
                      00324 #define P37OE           OEP3,7          /* bit 7 */
                      00325 
                      00326 ; ----- PUP3 Bits --------------------------------------------
                      00327 #define P30PU           PUP3,0          /* bit 0 */
                      00328 #define P31PU           PUP3,1          /* bit 1 */
                      00329 #define P32PU           PUP3,2          /* bit 2 */
                      00330 #define P33PU           PUP3,3          /* bit 3 */
                      00331 #define P34PU           PUP3,4          /* bit 4 */
                      00332 #define P35PU           PUP3,5          /* bit 5 */
                      00333 #define P36PU           PUP3,6          /* bit 6 */
                      00334 #define P37PU           PUP3,7          /* bit 7 */
                      00335 
                      00336 ; ----- PDP3 Bits --------------------------------------------
                      00337 #define P30PD               PDP3,0                /* bit 0 */
                      00338 #define P31PD               PDP3,1                /* bit 1 */
                      00339 #define P32PD               PDP3,2                /* bit 2 */
                      00340 #define P33PD               PDP3,3                /* bit 3 */
                      00341 #define P34PD               PDP3,4                /* bit 4 */
                      00342 #define P35PD               PDP3,5                /* bit 5 */
                      00343 #define P36PD               PDP3,6                /* bit 6 */
                      00344 #define P37PD               PDP3,7                /* bit 7 */
                      00345 
                      00346 ; ----- T0CR Bits --------------------------------------------
                      00347 #define T0PR0           T0CR,0           /* bit 0 */
                      00348 #define T0PR1           T0CR,1           /* bit 1 */
                      00349 #define T0PR2           T0CR,2           /* bit 2 */
                      00350 #define T0PTS0          T0CR,3           /* bit 3 */
                      00351 #define T0PTS1          T0CR,4           /* bit 4 */
                      00352 #define BUZ0OE          T0CR,5           /* bit 5 */
                      00353 #define PWM0OE          T0CR,6           /* bit 6 */
                      00354 #define TC0EN           T0CR,7           /* bit 7 */
                      00355 
                      00356 ; ----- T0CNT Bits --------------------------------------------
                      00357 #define T0C0            T0CNT,0          /* bit 0 */
                      00358 #define T0C1            T0CNT,1          /* bit 1 */
                      00359 #define T0C2            T0CNT,2          /* bit 2 */
                      00360 #define T0C3            T0CNT,3          /* bit 3 */
                      00361 #define T0C4            T0CNT,4          /* bit 4 */
                      00362 #define T0C5            T0CNT,5          /* bit 5 */
                      00363 #define T0C6            T0CNT,6          /* bit 6 */
                      00364 #define T0C7            T0CNT,7          /* bit 7 */
                      00365 
                      00366 ; ----- T0LOAD Bits --------------------------------------------
                      00367 #define T0LOAD0         T0LOAD,0      /* bit 0 */
                      00368 #define T0LOAD1         T0LOAD,1      /* bit 1 */
                      00369 #define T0LOAD2         T0LOAD,2      /* bit 2 */
                      00370 #define T0LOAD3         T0LOAD,3      /* bit 3 */
                      00371 #define T0LOAD4         T0LOAD,4      /* bit 4 */
                      00372 #define T0LOAD5         T0LOAD,5      /* bit 5 */
                      00373 #define T0LOAD6         T0LOAD,6      /* bit 6 */
                      00374 #define T0LOAD7         T0LOAD,7      /* bit 7 */
                      00375 
                      00376 ; ----- T0DATA Bits --------------------------------------------
                      00377 #define T0DATA0         T0DATA,0                /* bit 0 */
                      00378 #define T0DATA1         T0DATA,1          /* bit 1 */
                      00379 #define T0DATA2         T0DATA,2          /* bit 2 */
                      00380 #define T0DATA3         T0DATA,3          /* bit 3 */
                      00381 #define T0DATA4         T0DATA,4          /* bit 4 */
                      00382 #define T0DATA5         T0DATA,5          /* bit 5 */
                      00383 #define T0DATA6         T0DATA,6          /* bit 6 */
                      00384 #define T0DATA7         T0DATA,7          /* bit 7 */
                      00385 
                      00386 ; ----- T1CR Bits --------------------------------------------
                      00387 #define T1PR0               T1CR,0              /* bit 0 */
                      00388 #define T1PR1               T1CR,1              /* bit 1 */
                      00389 #define T1PR2               T1CR,2              /* bit 2 */
                      00390 #define T1PTS0              T1CR,3                  /* bit 3 */
                      00391 #define T1PTS1              T1CR,4                  /* bit 4 */
                      00392 #define BUZ1OE                T1CR,5                  /* bit 5 */
                      00393 #define PWM1OE                T1CR,6                  /* bit 6 */
                      00394 #define TC1EN                 T1CR,7              /* bit 7 */
                      00395 
                      00396 ; ----- T1CNT Bits --------------------------------------------
                      00397 #define T1C0            T1CNT,0          /* bit 0 */
                      00398 #define T1C1            T1CNT,1          /* bit 1 */
                      00399 #define T1C2            T1CNT,2          /* bit 2 */
                      00400 #define T1C3            T1CNT,3          /* bit 3 */
                      00401 #define T1C4            T1CNT,4          /* bit 4 */
                      00402 #define T1C5            T1CNT,5          /* bit 5 */
                      00403 #define T1C6            T1CNT,6          /* bit 6 */
                      00404 #define T1C7            T1CNT,7          /* bit 7 */
                      00405 
                      00406 ; ----- T1LOAD Bits --------------------------------------------
                      00407 #define T1LOAD0           T1LOAD,0              /* bit 0 */
                      00408 #define T1LOAD1           T1LOAD,1              /* bit 1 */
                      00409 #define T1LOAD2             T1LOAD,2              /* bit 2 */
                      00410 #define T1LOAD3             T1LOAD,3              /* bit 3 */
                      00411 #define T1LOAD4             T1LOAD,4              /* bit 4 */
                      00412 #define T1LOAD5             T1LOAD,5              /* bit 5 */
                      00413 #define T1LOAD6             T1LOAD,6              /* bit 6 */
                      00414 #define T1LOAD7             T1LOAD,7              /* bit 7 */
                      00415 
                      00416 ; ----- T1DATA Bits --------------------------------------------
                      00417 #define T1DATA0           T1DATA,0              /* bit 0 */
                      00418 #define T1DATA1           T1DATA,1              /* bit 1 */
                      00419 #define T1DATA2             T1DATA,2              /* bit 2 */
                      00420 #define T1DATA3             T1DATA,3              /* bit 3 */
                      00421 #define T1DATA4             T1DATA,4              /* bit 4 */
                      00422 #define T1DATA5             T1DATA,5              /* bit 5 */
                      00423 #define T1DATA6             T1DATA,6              /* bit 6 */
                      00424 #define T1DATA7             T1DATA,7              /* bit 7 */
                      00425 
                      00426 ; ----- T2CR Bits --------------------------------------------
                      00427 #define T2PR0               T2CR,0              /* bit 0 */
                      00428 #define T2PR1               T2CR,1              /* bit 1 */
                      00429 #define T2PR2               T2CR,2              /* bit 2 */
                      00430 #define T2PTS0              T2CR,3                  /* bit 3 */
                      00431 #define T2PTS1              T2CR,4                  /* bit 4 */
                      00432 #define T2MODE                T2CR,5                  /* bit 5 */
                      00433 #define TC2EN                 T2CR,7              /* bit 7 */
                      00434 
                      00435 ; ----- T2CNTH Bits --------------------------------------------
                      00436 #define T2C8            T2CNTH,0           /* bit 0 */
                      00437 #define T2C9            T2CNTH,1           /* bit 1 */
                      00438 #define T2C10           T2CNTH,2           /* bit 2 */
                      00439 #define T2C11           T2CNTH,3           /* bit 3 */
                      00440 #define T2C12           T2CNTH,4           /* bit 4 */
                      00441 #define T2C13           T2CNTH,5           /* bit 5 */
                      00442 #define T2C14           T2CNTH,6           /* bit 6 */
                      00443 #define T2C15           T2CNTH,7           /* bit 7 */
                      00444 
                      00445 ; ----- T2CNTL Bits --------------------------------------------
                      00446 #define T2C0            T2CNTL,0         /* bit 0 */
                      00447 #define T2C1            T2CNTL,1         /* bit 1 */
                      00448 #define T2C2            T2CNTL,2         /* bit 2 */
                      00449 #define T2C3            T2CNTL,3         /* bit 3 */
                      00450 #define T2C4            T2CNTL,4         /* bit 4 */
                      00451 #define T2C5            T2CNTL,5         /* bit 5 */
                      00452 #define T2C6            T2CNTL,6         /* bit 6 */
                      00453 #define T2C7            T2CNTL,7         /* bit 7 */
                      00454 
                      00455 ; ----- T2LOADH Bits --------------------------------------------
                      00456 #define T2LOAD8           T2LOADH,0             /* bit 0 */
                      00457 #define T2LOAD9           T2LOADH,1               /* bit 1 */
                      00458 #define T2LOAD10        T2LOADH,2         /* bit 2 */
                      00459 #define T2LOAD11          T2LOADH,3               /* bit 3 */
                      00460 #define T2LOAD12          T2LOADH,4               /* bit 4 */
                      00461 #define T2LOAD13          T2LOADH,5               /* bit 5 */
                      00462 #define T2LOAD14          T2LOADH,6               /* bit 6 */
                      00463 #define T2LOAD15          T2LOADH,7               /* bit 7 */
                      00464 
                      00465 ; ----- T2LOADL Bits --------------------------------------------
                      00466 #define T2LOAD0           T2LOADL,0             /* bit 0 */
                      00467 #define T2LOAD1           T2LOADL,1               /* bit 1 */
                      00468 #define T2LOAD2             T2LOADL,2             /* bit 2 */
                      00469 #define T2LOAD3             T2LOADL,3             /* bit 3 */
                      00470 #define T2LOAD4             T2LOADL,4             /* bit 4 */
                      00471 #define T2LOAD5             T2LOADL,5             /* bit 5 */
                      00472 #define T2LOAD6             T2LOADL,6             /* bit 6 */
                      00473 #define T2LOAD7             T2LOADL,7             /* bit 7 */
                      00474 
                      00475 ; ----- TK0CR0 Bits --------------------------------------------
                      00476 #define TK0FQ0              TK0CR0,0              /* bit 0 */
                      00477 #define TK0FQ1              TK0CR0,1              /* bit 1 */
                      00478 #define TK0FQ2              TK0CR0,2              /* bit 2 */
                      00479 #define TK0CLR            TK0CR0,3                /* bit 3 */
                      00480 #define TK0RCE              TK0CR0,4                /* bit 4 */
                      00481 #define TK0JE               TK0CR0,5              /* bit 5 */
                      00482 
                      00483 ; ---- TK0CR1 Bits ----------------------------------------------
                      00484 #define TK0K0           TK0CR1,0            /* bit 0 */
                      00485 #define TK0K1           TK0CR1,1            /* bit 1 */
                      00486 #define TK0K2           TK0CR1,2            /* bit 2 */
                      00487 #define TK0FL0          TK0CR1,4            /* bit 4 */
                      00488 #define TK0FL1          TK0CR1,5            /* bit 5 */
                      00489 #define TK0IE           TK0CR1,6           /* bit 6 */
                      00490 #define TK0IF           TK0CR1,7           /* bit 7 */
                      00491 
                      00492 ; ---- TK0CR2 Bits ----------------------------------------------
                      00493 #define TK0IO0          TK0CR2,0          /* bit 0 */
                      00494 #define TK0IO1          TK0CR2,1          /* bit 1 */
                      00495 #define TK0IO2          TK0CR2,2          /* bit 2 */
                      00496 #define TK0IO3          TK0CR2,3          /* bit 3 */
                      00497 #define TK0IO4          TK0CR2,4          /* bit 4 */
                      00498 #define TK0IO5          TK0CR2,5          /* bit 5 */
                      00499 #define TK0IO6          TK0CR2,6          /* bit 6 */
                      00500 #define TK0IO7          TK0CR2,7          /* bit 7 */
                      00501 
                      00502 ; ---- TK0CNTH Bits ----------------------------------------------
                      00503 #define TK0C8           TK0CNTH,0         /* bit 0 */
                      00504 #define TK0C9           TK0CNTH,1         /* bit 1 */
                      00505 #define TK0C10          TK0CNTH,2         /* bit 2 */
                      00506 #define TK0C11          TK0CNTH,3         /* bit 3 */
                      00507 #define TK0C12          TK0CNTH,4         /* bit 4 */
                      00508 #define TK0C13          TK0CNTH,5         /* bit 5 */
                      00509 #define TK0C14          TK0CNTH,6         /* bit 6 */
                      00510 #define TK0C15          TK0CNTH,7         /* bit 7 */
                      00511 
                      00512 ; ----- TK0CNTL Bits --------------------------------------------
                      00513 #define TK0C0               TK0CNTL,0            /* bit 0 */
                      00514 #define TK0C1               TK0CNTL,1              /* bit 1 */
                      00515 #define TK0C2               TK0CNTL,2              /* bit 2 */
                      00516 #define TK0C3                 TK0CNTL,3            /* bit 3 */
                      00517 #define TK0C4               TK0CNTL,4              /* bit 4 */
                      00518 #define TK0C5                 TK0CNTL,5            /* bit 5 */
                      00519 #define TK0C6                 TK0CNTL,6            /* bit 6 */
                      00520 #define TK0C7                 TK0CNTL,7            /* bit 7 */
                      00521 
                      00522 ; ----- TK1CR0 Bits --------------------------------------------
                      00523 #define TK1FQ0              TK1CR0,0              /* bit 0 */
                      00524 #define TK1FQ1              TK1CR0,1              /* bit 1 */
                      00525 #define TK1FQ2              TK1CR0,2              /* bit 2 */
                      00526 #define TK1CLR            TK1CR0,3                /* bit 3 */
                      00527 #define TK1RCE              TK1CR0,4                /* bit 4 */
                      00528 #define TK1JE               TK1CR0,5              /* bit 5 */
                      00529 
                      00530 ; ---- TK1CR1 Bits ----------------------------------------------
                      00531 #define TK1K0           TK0CR1,0            /* bit 0 */
                      00532 #define TK1K1           TK0CR1,1            /* bit 1 */
                      00533 #define TK1K2           TK0CR1,2            /* bit 2 */
                      00534 #define TK1FL0          TK0CR1,4            /* bit 4 */
                      00535 #define TK1FL1          TK0CR1,5            /* bit 5 */
                      00536 #define TK1IE           TK0CR1,6            /* bit 6 */
                      00537 #define TK1IF           TK0CR1,7            /* bit 7 */
                      00538 
                      00539 ; ---- TK1CR2 Bits ----------------------------------------------
                      00540 #define TK1IO0          TK1CR2,0          /* bit 0 */
                      00541 #define TK1IO1          TK1CR2,1          /* bit 1 */
                      00542 #define TK1IO2          TK1CR2,2          /* bit 2 */
                      00543 #define TK1IO3          TK1CR2,3          /* bit 3 */
                      00544 #define TK1IO4          TK1CR2,4          /* bit 4 */
                      00545 #define TK1IO5          TK1CR2,5          /* bit 5 */
                      00546 #define TK1IO6          TK1CR2,6          /* bit 6 */
                      00547 #define TK1IO7          TK1CR2,7          /* bit 7 */
                      00548 
                      00549 ; ---- TK1CNTH Bits ----------------------------------------------
                      00550 #define TK1C8           TK1CNTH,0          /* bit 0 */
                      00551 #define TK1C9           TK1CNTH,1          /* bit 1 */
                      00552 #define TK1C10          TK1CNTH,2          /* bit 2 */
                      00553 #define TK1C11          TK1CNTH,3          /* bit 3 */
                      00554 #define TK1C12          TK1CNTH,4          /* bit 4 */
                      00555 #define TK1C13          TK1CNTH,5          /* bit 5 */
                      00556 #define TK1C14          TK1CNTH,6          /* bit 6 */
                      00557 #define TK1C15          TK1CNTH,7          /* bit 7 */
                      00558 
                      00559 ; ----- TK1CNTL Bits --------------------------------------------
                      00560 #define TK1C0               TK1CNTL,0            /* bit 0 */
                      00561 #define TK1C1               TK1CNTL,1              /* bit 1 */
                      00562 #define TK1C2               TK1CNTL,2              /* bit 2 */
                      00563 #define TK1C3                 TK1CNTL,3            /* bit 3 */
                      00564 #define TK1C4               TK1CNTL,4              /* bit 4 */
                      00565 #define TK1C5                 TK1CNTL,5            /* bit 5 */
                      00566 #define TK1C6                 TK1CNTL,6            /* bit 6 */
                      00567 #define TK1C7                 TK1CNTL,7            /* bit 7 */
                      00568 
                      00569 ; ----- ADCR0 Bits --------------------------------------------
                      00570 #define ADON            ADCR0,0              /* bit 0 */
                      00571 #define ADEOC           ADCR0,1                /* bit 1 */
                      00572 #define ADCHS0          ADCR0,3                  /* bit 3 */
                      00573 #define ADCHS1          ADCR0,4                  /* bit 4 */
                      00574 #define ADCHS2          ADCR0,5                  /* bit 5 */
                      00575 #define ADCHS3          ADCR0,6                  /* bit 6 */
                      00576 #define ADCHS4          ADCR0,7                  /* bit 7 */
                      00577 
                      00578 ; ----- ADCR1 Bits --------------------------------------------
                      00579 #define VREFP_PHEN          ADCR1,0        /* bit 0 */
                      00580 #define ADCKS0              ADCR1,1                  /* bit 1 */
                      00581 #define ADCKS1              ADCR1,2                  /* bit 2 */
                      00582 #define ADREF0              ADCR1,3                  /* bit 3 */
                      00583 #define ADREF1              ADCR1,4                  /* bit 4 */
                      00584 #define ADREF2              ADCR1,5                  /* bit 5 */
                      00585 #define ADREF3              ADCR1,6                  /* bit 6 */
                      00586 #define ADTEN                 ADCR1,7                /* bit 7 */
                      00587 
                      00588 ; ----- ADCR2 Bits --------------------------------------------
                      00589 #define ADSMP0          ADCR2,0                /* bit 0 */
                      00590 #define ADSMP1          ADCR2,1                /* bit 1 */
                      00591 #define ADSMP2          ADCR2,2                /* bit 2 */
                      00592 #define ADSMP3          ADCR2,3                /* bit 3 */
                      00593 
                      00594 ; ---- ADIO0 Bits ----------------------------------------------
                      00595 #define ADIOS0          ADIO0,0          /* bit 0 */
                      00596 #define ADIOS1          ADIO0,1          /* bit 1 */
                      00597 #define ADIOS2          ADIO0,2          /* bit 2 */
                      00598 #define ADIOS3          ADIO0,3          /* bit 3 */
                      00599 #define ADIOS4          ADIO0,4          /* bit 4 */
                      00600 #define ADIOS5          ADIO0,5          /* bit 5 */
                      00601 #define ADIOS6          ADIO0,6          /* bit 6 */
                      00602 #define ADIOS7          ADIO0,7          /* bit 7 */
                      00603 
                      00604 ; ---- ADIO1 Bits ----------------------------------------------
                      00605 #define ADIOS8          ADIO1,0         /* bit 0 */
                      00606 #define ADIOS9          ADIO1,1         /* bit 1 */
                      00607 #define ADIOS10         ADIO1,2         /* bit 2 */
                      00608 #define ADIOS11         ADIO1,3         /* bit 3 */
                      00609 #define ADIOS12         ADIO1,4         /* bit 4 */
                      00610 #define ADIOS13         ADIO1,5         /* bit 5 */
                      00611 #define ADIOS14         ADIO1,6         /* bit 6 */
                      00612 #define ADIOS15         ADIO1,7         /* bit 7 */
                      00613 
                      00614 ; ---- ADRH Bits ----------------------------------------------
                      00615 #define ADR4            ADRH,0           /* bit 0 */
                      00616 #define ADR5            ADRH,1           /* bit 1 */
                      00617 #define ADR6            ADRH,2           /* bit 2 */
                      00618 #define ADR7            ADRH,3           /* bit 3 */
                      00619 #define ADR8            ADRH,4           /* bit 4 */
                      00620 #define ADR9            ADRH,5           /* bit 5 */
                      00621 #define ADR10           ADRH,6           /* bit 6 */
                      00622 #define ADR11           ADRH,7           /* bit 7 */
                      00623 
                      00624 ; ---- ADRL Bits ----------------------------------------------
                      00625 #define ADR0            ADRL,0           /* bit 0 */
                      00626 #define ADR1            ADRL,1           /* bit 1 */
                      00627 #define ADR2            ADRL,2           /* bit 2 */
                      00628 #define ADR3            ADRL,3           /* bit 3 */
                      00629 
                      00630 ; ---- LEDCR0 Bits ----------------------------------------------
                      00631 #define GYS0            LEDCR0,0         /* bit 0 */
                      00632 #define GYS1            LEDCR0,1         /* bit 1 */
                      00633 #define GYS2            LEDCR0,2         /* bit 2 */
                      00634 #define DUTY            LEDCR0,6         /* bit 6 */
                      00635 #define LEDEN           LEDCR0,7         /* bit 7 */
                      00636 
                      00637 ; ---- LEDCR1 Bits ----------------------------------------------
                      00638 #define FLED0           LEDCR1,0         /* bit 0 */
                      00639 #define FLED1           LEDCR1,1         /* bit 1 */
                      00640 #define IREFEN          LEDCR1,2         /* bit 2 */
                      00641 #define IBPS0           LEDCR1,3         /* bit 3 */
                      00642 #define IBPS1           LEDCR1,4         /* bit 4 */
                      00643 #define CLKS0           LEDCR1,5         /* bit 5 */
                      00644 #define CLKS1           LEDCR1,6         /* bit 6 */
                      00645 #define DRVPS           LEDCR1,7         /* bit 7 */
                      00646 
                      00647 ; ---- LEDIOS0 Bits ----------------------------------------------
                      00648 #define COMIOS1          LEDIOS0,0          /* bit 0 */
                      00649 #define COMIOS2          LEDIOS0,1          /* bit 1 */
                      00650 #define COMIOS3          LEDIOS0,2          /* bit 2 */
                      00651 #define COMIOS4          LEDIOS0,3          /* bit 3 */
                      00652 #define COMIOS5          LEDIOS0,4          /* bit 4 */
                      00653 #define COMIOS6          LEDIOS0,5          /* bit 5 */
                      00654 #define COMIOS7          LEDIOS0,6          /* bit 6 */
                      00655 #define COMIOS8          LEDIOS0,7          /* bit 7 */
                      00656 
                      00657 ; ---- LEDIOS1 Bits ----------------------------------------------
                      00658 #define SEGIOS1          LEDIOS1,0          /* bit 0 */
                      00659 #define SEGIOS2          LEDIOS1,1          /* bit 1 */
                      00660 #define SEGIOS3          LEDIOS1,2          /* bit 2 */
                      00661 #define SEGIOS4          LEDIOS1,3          /* bit 3 */
                      00662 #define SEGIOS5          LEDIOS1,4          /* bit 4 */
                      00663 #define SEGIOS6          LEDIOS1,5          /* bit 5 */
                      00664 #define SEGIOS7          LEDIOS1,6          /* bit 6 */
                      00665 #define SEGIOS8          LEDIOS1,7          /* bit 7 */
                      00666 
                      00667 ; ---- LEDDRV Bits ----------------------------------------------
                      00668 #define COMDV1          LEDDRV,0          /* bit 0 */
                      00669 #define COMDV2          LEDDRV,1          /* bit 1 */
                      00670 #define COMDV3          LEDDRV,2          /* bit 2 */
                      00671 #define COMDV4          LEDDRV,3          /* bit 3 */
                      00672 #define COMDV5          LEDDRV,4          /* bit 4 */
                      00673 #define COMDV6          LEDDRV,5          /* bit 5 */
                      00674 #define COMDV7          LEDDRV,6          /* bit 6 */
                      00675 #define COMDV8          LEDDRV,7          /* bit 7 */
                      00012 ;--------------------------------------------------------
                      00013 ; external declarations
                      00014 ;--------------------------------------------------------
                      00015 
                      00016         extern STK06
                      00017         extern STK05
                      00018         extern STK04
                      00019         extern STK03
                      00020         extern STK02
                      00021         extern STK01
                      00022         extern STK00
                      00023 ;--------------------------------------------------------
                      00024 ; global declarations
                      00025 ;--------------------------------------------------------
                      00026         global  __mulchar
                      00027 
                      00028 ;--------------------------------------------------------
                      00029 ; global definitions
                      00030 ;--------------------------------------------------------
                      00031 ;--------------------------------------------------------
                      00032 ; absolute symbol definitions
                      00033 ;--------------------------------------------------------
                      00034 ;--------------------------------------------------------
                      00035 ; compiler-defined variables
                      00036 ;--------------------------------------------------------
                      00037 UDL__mulchar_0  udata
0000                  00038 r0x1000 res     1
0000                  00039 r0x1001 res     1
0001                  00040 r0x1002 res     1
0001                  00041 r0x1003 res     1
0002                  00042 r0x1004 res     1
                      00043 ;--------------------------------------------------------
                      00044 ; initialized data
                      00045 ;--------------------------------------------------------
                      00046 ;--------------------------------------------------------
                      00047 ; overlayable items in internal ram 
                      00048 ;--------------------------------------------------------
                      00049 ;       udata_ovr
                      00050 ;--------------------------------------------------------
                      00051 ; code
                      00052 ;--------------------------------------------------------
                      00053 code__mulchar   code
                      00054 ;***
                      00055 ;  pBlock Stats: dbName = C
                      00056 ;***
                      00057 ;entry:  __mulchar      ;Function start
                      00058 ; 2 exit points
                      00059 ;has an exit
                      00060 ;6 compiler assigned registers:
                      00061 ;   r0x1000
                      00062 ;   STK00
                      00063 ;   r0x1001
                      00064 ;   r0x1002
                      00065 ;   r0x1003
                      00066 ;   r0x1004
                      00067 ;; Starting pCode block
                      00068 ;;[ICODE] ../libsdcc/_mulchar.c:33:  _entry($7) :
                      00069 ;;[ICODE] ../libsdcc/_mulchar.c:33:     proc __mulchar [k1 lr0:0 so:0]{ ia0 a2p0 re0 rm0 nos0 ru0 dp0}{char function ( char fixed, char fixed) fixed}
0000                  00070 __mulchar       ;Function start
                      00071 ; 2 exit points
                      00072 ;;[ICODE] ../libsdcc/_mulchar.c:33: iTemp0 [k2 lr3:23 so:0]{ ia0 a2p0 re1 rm0 nos0 ru0 dp0}{char fixed}{ sir@ __mulchar_a_1_1}[r0x1000 ] = recv __mulchar [k1 lr0:0 so:0]{ ia0 a2p0 re0 rm0 nos0 ru0 dp0}{char function ( char fixed, char fixed) fixed}
                      00073 ;       .line   33; "../libsdcc/_mulchar.c"     _mulchar (char a, char b)
0000   5600           00074         MOVRA   r0x1000
                      00075 ;;[ICODE] ../libsdcc/_mulchar.c:33: iTemp1 [k4 lr4:23 so:0]{ ia0 a2p0 re1 rm0 nos0 ru0 dp0}{char fixed}{ sir@ __mulchar_b_1_1}[r0x1001 ] = recv __mulchar [k1 lr0:0 so:0]{ ia0 a2p0 re0 rm0 nos0 ru0 dp0}{char function ( char fixed, char fixed) fixed}
0001   5800           00076         MOVAR   STK00
0002   5600           00077         MOVRA   r0x1001
                      00078 ;;[ICODE] ../libsdcc/_mulchar.c:35:     iTemp2 [k6 lr5:24 so:0]{ ia0 a2p0 re1 rm0 nos0 ru0 dp0}{char fixed}{ sir@ __mulchar_result_1_2}[r0x1002 ] := 0x0 {const-unsigned-char literal}
                      00079 ;       .line   35; "../libsdcc/_mulchar.c"     char result = 0;
0003   7600           00080         CLRR    r0x1002
                      00081 ;;[ICODE] ../libsdcc/_mulchar.c:39:     iTemp3 [k8 lr6:23 so:0]{ ia0 a2p0 re1 rm0 nos0 ru0 dp0}{unsigned-char fixed}{ sir@ __mulchar_i_1_2}[r0x1003 ] := 0x8 {unsigned-char literal}
                      00082 ;       .line   39; "../libsdcc/_mulchar.c"     for (i = 0; i < 8u; i++) {
0004   3C08           00083         MOVAI   0x08
0005   5600           00084         MOVRA   r0x1003
                      00085 ;;[ICODE] ../libsdcc/_mulchar.c:39:  _forcontinue_0($5) :
                      00086 ;;[ICODE] ../libsdcc/_mulchar.c:41:     iTemp4 [k10 lr9:10 so:0]{ ia0 a2p0 re0 rm0 nos0 ru0 dp0}{char register} = iTemp0 [k2 lr3:23 so:0]{ ia0 a2p0 re1 rm0 nos0 ru0 dp0}{char fixed}{ sir@ __mulchar_a_1_1}[r0x1000 ] & 0x1 {char literal}
0006                  00087 _00109_DS_
                      00088 ;       .line   41; "../libsdcc/_mulchar.c"     if (a & (unsigned char)0x0001u) result += b;
0006   E000           00089         JBSET   r0x1000,0
0007   A000           00090         GOTO    _00106_DS_
                      00091 ;;[ICODE] ../libsdcc/_mulchar.c:41:     if iTemp4 [k10 lr9:10 so:0]{ ia0 a2p0 re0 rm0 nos0 ru0 dp0}{char register} == 0 goto _iffalse_0($2)
                      00092 ;;[ICODE] ../libsdcc/_mulchar.c:41:     iTemp2 [k6 lr5:24 so:0]{ ia0 a2p0 re1 rm0 nos0 ru0 dp0}{char fixed}{ sir@ __mulchar_result_1_2}[r0x1002 ] = iTemp2 [k6 lr5:24 so:0]{ ia0 a2p0 re1 rm0 nos0 ru0 dp0}{char fixed}{ sir@ __mulchar_result_1_2}[r0x1002 ] + iTemp1 [k4 lr4:23 so:0]{ ia0 a2p0 re1 rm0 nos0 ru0 dp0}{char fixed}{ sir@ __mulchar_b_1_1}[r0x1001 ]
0008   5800           00093         MOVAR   r0x1001
0009   7E00           00094         ADDRA   r0x1002
                      00095 ;;[ICODE] ../libsdcc/_mulchar.c:41:  _iffalse_0($2) :
                      00096 ;;[ICODE] ../libsdcc/_mulchar.c:45:     iTemp6 [k12 lr14:15 so:0]{ ia0 a2p0 re0 rm0 nos0 ru0 dp0}{unsigned-char fixed}[r0x1004 ] = (unsigned-char fixed)iTemp0 [k2 lr3:23 so:0]{ ia0 a2p0 re1 rm0 nos0 ru0 dp0}{char fixed}{ sir@ __mulchar_a_1_1}[r0x1000 ]
000A                  00097 _00106_DS_
                      00098 ;       .line   45; "../libsdcc/_mulchar.c"     a = ((unsigned char)a) >> 1u;
000A   5800           00099         MOVAR   r0x1000
000B   5600           00100         MOVRA   r0x1004
                      00101 ;;[ICODE] ../libsdcc/_mulchar.c:45:     iTemp0 [k2 lr3:23 so:0]{ ia0 a2p0 re1 rm0 nos0 ru0 dp0}{char fixed}{ sir@ __mulchar_a_1_1}[r0x1000 ] = iTemp6 [k12 lr14:15 so:0]{ ia0 a2p0 re0 rm0 nos0 ru0 dp0}{unsigned-char fixed}[r0x1004 ] >> 0x1 {const-unsigned-int literal}
                      00102 ;;shiftRight_Left2ResultLit:5278: shCount=1, size=1, sign=0, same=0, offr=0
000C   D1A7           00103         BCLR    STATUS,0
000D   4C00           00104         RRAR    r0x1004
000E   5600           00105         MOVRA   r0x1000
                      00106 ;;[ICODE] ../libsdcc/_mulchar.c:46:     iTemp9 [k15 lr17:18 so:0]{ ia0 a2p0 re0 rm0 nos0 ru0 dp0}{unsigned-int register}[r0x1004 r0x1005 ] = iTemp1 [k4 lr4:23 so:0]{ ia0 a2p0 re1 rm0 nos0 ru0 dp0}{char fixed}{ sir@ __mulchar_b_1_1}[r0x1001 ] << 0x1 {const-unsigned-int literal}
                      00107 ;       .line   46; "../libsdcc/_mulchar.c"     b <<= 1u;
000F   D1A7           00108         BCLR    STATUS,0
0010   5000           00109         RLAR    r0x1001
0011   5600           00110         MOVRA   r0x1001
0012   5600           00111         MOVRA   r0x1004
                      00112 ;;[ICODE] ../libsdcc/_mulchar.c:46:     iTemp1 [k4 lr4:23 so:0]{ ia0 a2p0 re1 rm0 nos0 ru0 dp0}{char fixed}{ sir@ __mulchar_b_1_1}[r0x1001 ] = (char fixed)iTemp9 [k15 lr17:18 so:0]{ ia0 a2p0 re0 rm0 nos0 ru0 dp0}{unsigned-int register}[r0x1004 r0x1005 ]
                      00113 ;;99    MOVAR   r0x1004
                      00114 ;;[ICODE] ../libsdcc/_mulchar.c:46:     iTemp11 [k17 lr20:21 so:0]{ ia0 a2p0 re0 rm0 nos0 ru0 dp0}{char register}[r0x1004 ] = (char register)iTemp3 [k8 lr6:23 so:0]{ ia0 a2p0 re1 rm0 nos0 ru0 dp0}{unsigned-char fixed}{ sir@ __mulchar_i_1_2}[r0x1003 ]
0013   5800           00115         MOVAR   r0x1003
0014   5600           00116         MOVRA   r0x1004
                      00117 ;;[ICODE] ../libsdcc/_mulchar.c:46:     iTemp3 [k8 lr6:23 so:0]{ ia0 a2p0 re1 rm0 nos0 ru0 dp0}{unsigned-char fixed}{ sir@ __mulchar_i_1_2}[r0x1003 ] = iTemp11 [k17 lr20:21 so:0]{ ia0 a2p0 re0 rm0 nos0 ru0 dp0}{char register}[r0x1004 ] - 0x1 {const-char literal}
0015   6C00           00118         DECAR   r0x1004
0016   5600           00119         MOVRA   r0x1003
                      00120 ;;[ICODE] ../libsdcc/_mulchar.c:39:     if iTemp3 [k8 lr6:23 so:0]{ ia0 a2p0 re1 rm0 nos0 ru0 dp0}{unsigned-char fixed}{ sir@ __mulchar_i_1_2}[r0x1003 ] != 0 goto _forcontinue_0($5)
                      00121 ;       .line   39; "../libsdcc/_mulchar.c"     for (i = 0; i < 8u; i++) {
0017   3C00           00122         MOVAI   0x00
0018   5C00           00123         ORAR    r0x1003
0019   E5A7           00124         JBSET   STATUS,2
001A   A000           00125         GOTO    _00109_DS_
                      00126 ;;[ICODE] ../libsdcc/_mulchar.c:49:     ret iTemp2 [k6 lr5:24 so:0]{ ia0 a2p0 re1 rm0 nos0 ru0 dp0}{char fixed}{ sir@ __mulchar_result_1_2}[r0x1002 ]
                      00127 ;       .line   49; "../libsdcc/_mulchar.c"     return result;
001B   5800           00128         MOVAR   r0x1002
                      00129 ;;[ICODE] ../libsdcc/_mulchar.c:49:  _return($6) :
                      00130 ;;[ICODE] ../libsdcc/_mulchar.c:49:     eproc __mulchar [k1 lr0:0 so:0]{ ia0 a2p0 re0 rm0 nos0 ru0 dp0}{char function ( char fixed, char fixed) fixed}
001C   000C           00131         RETURN  
                      00132 ; exit point of __mulchar
                      00133 
                      00134 
                      00135 ;       code size estimation:
                      00136 ;          29+    0 =    29 instructions (   58 byte)
                      00137 
                      00138         end
gpasm-1.7.0_beta1 (Nov 23 2015)_mulchar.asm       2015-11-30  22:56:08         PAGE  2


SYMBOL TABLE
  LABEL                             VALUE

ADCR0                             000001E0
ADCR1                             000001E1
ADCR2                             000001E2
ADIO0                             000001E3
ADIO1                             000001E4
ADRH                              000001E5
ADRL                              000001E6
CLKO                              000001AD
FSR                               000001A4
FSR0                              000001A4
FSR1                              000001A5
HIBYTE                            000001A3
INDF                              000001A0
INDF0                             000001A0
INDF1                             000001A1
INDF2                             000001A2
INDF3                             000001A9
INTE                              000001AA
INTF                              000001AB
IOP0                              000001B0
IOP1                              000001B4
IOP2                              000001B8
IOP3                              000001BC
LEDCR0                            000001F0
LEDCR1                            000001F1
LEDDRV                            000001F4
LEDDS1                            000001E8
LEDDS2                            000001E9
LEDDS3                            000001EA
LEDDS4                            000001EB
LEDDS5                            000001EC
LEDDS6                            000001ED
LEDDS7                            000001EE
LEDDS8                            000001EF
LEDIOS0                           000001F2
LEDIOS1                           000001F3
MCR                               000001A8
OEP0                              000001B1
OEP1                              000001B5
OEP2                              000001B9
OEP3                              000001BD
OSCM                              000001AC
PCL                               000001A6
PDP0                              000001B3
PDP1                              000001B7
PDP2                              000001BB
PDP3                              000001BF
PFLAG                             000001A7
PUP0                              000001B2
PUP1                              000001B6
PUP2                              000001BA
PUP3                              000001BE
STATUS                            000001A7
STK00                             00000000
STK01                             00000000
STK02                             00000000
STK03                             00000000
STK04                             00000000
STK05                             00000000
STK06                             00000000
T0CNT                             000001C1
T0CR                              000001C0
T0DATA                            000001C3
T0LOAD                            000001C2
T1CNT                             000001C5
T1CR                              000001C4
T1DATA                            000001C7
T1LOAD                            000001C6
T2CNTH                            000001C9
T2CNTL                            000001CA
T2CR                              000001C8
T2LOADH                           000001CB
T2LOADL                           000001CC
TK0CNTH                           000001D3
TK0CNTL                           000001D4
TK0CR0                            000001D0
TK0CR1                            000001D1
TK0CR2                            000001D2
TK1CNTH                           000001DB
TK1CNTL                           000001DC
TK1CR0                            000001D8
TK1CR1                            000001D9
TK1CR2                            000001DA
_00106_DS_                        0000000A
_00109_DS_                        00000006
__32T8132                         00000001
__mulchar                         00000000
r0x1000                           00000000
r0x1001                           00000001
r0x1002                           00000002
r0x1003                           00000003
r0x1004                           00000004
ADCHS0                            ADCR0,3 	         /* bit 3 */
ADCHS1                            ADCR0,4 	         /* bit 4 */
ADCHS2                            ADCR0,5 	         /* bit 5 */
ADCHS3                            ADCR0,6 	         /* bit 6 */
ADCHS4                            ADCR0,7 	         /* bit 7 */
ADCKS0                            ADCR1,1      	     /* bit 1 */
ADCKS1                            ADCR1,2      	     /* bit 2 */
ADEOC                             ADCR0,1   	       /* bit 1 */
ADIE                              INTE,6            /* bit 6 */
ADIF                              INTF,6          /* bit 6 */
ADIOS0                            ADIO0,0          /* bit 0 */
ADIOS1                            ADIO0,1          /* bit 1 */
ADIOS10                           ADIO1,2         /* bit 2 */
ADIOS11                           ADIO1,3         /* bit 3 */
ADIOS12                           ADIO1,4         /* bit 4 */
ADIOS13                           ADIO1,5         /* bit 5 */
ADIOS14                           ADIO1,6         /* bit 6 */
ADIOS15                           ADIO1,7         /* bit 7 */
ADIOS2                            ADIO0,2          /* bit 2 */
ADIOS3                            ADIO0,3          /* bit 3 */
ADIOS4                            ADIO0,4          /* bit 4 */
ADIOS5                            ADIO0,5          /* bit 5 */
ADIOS6                            ADIO0,6          /* bit 6 */
ADIOS7                            ADIO0,7          /* bit 7 */
ADIOS8                            ADIO1,0         /* bit 0 */
ADIOS9                            ADIO1,1         /* bit 1 */
ADON                              ADCR0,0     	     /* bit 0 */
ADR0                              ADRL,0           /* bit 0 */
ADR1                              ADRL,1           /* bit 1 */
ADR10                             ADRH,6           /* bit 6 */
ADR11                             ADRH,7           /* bit 7 */
ADR2                              ADRL,2           /* bit 2 */
ADR3                              ADRL,3           /* bit 3 */
ADR4                              ADRH,0           /* bit 0 */
ADR5                              ADRH,1           /* bit 1 */
ADR6                              ADRH,2           /* bit 2 */
ADR7                              ADRH,3           /* bit 3 */
ADR8                              ADRH,4           /* bit 4 */
ADR9                              ADRH,5           /* bit 5 */
ADREF0                            ADCR1,3     	     /* bit 3 */
ADREF1                            ADCR1,4     	     /* bit 4 */
ADREF2                            ADCR1,5     	     /* bit 5 */
ADREF3                            ADCR1,6     	     /* bit 6 */
ADSMP0                            ADCR2,0   	       /* bit 0 */
ADSMP1                            ADCR2,1   	       /* bit 1 */
ADSMP2                            ADCR2,2   	       /* bit 2 */
ADSMP3                            ADCR2,3   	       /* bit 3 */
ADTEN                             ADCR1,7     	     /* bit 7 */
BUZ0OE                            T0CR,5           /* bit 5 */
BUZ1OE                            T1CR,5    	      /* bit 5 */
C                                 STATUS,0         /* bit 0 */
CLKOEN                            CLKO,7          /* bit 7 */
CLKOS0                            CLKO,0          /* bit 0 */
CLKOS1                            CLKO,1          /* bit 1 */
CLKOS2                            CLKO,2          /* bit 2 */
CLKS                              OSCM,2           /* bit 2 */
CLKS0                             LEDCR1,5         /* bit 5 */
CLKS1                             LEDCR1,6         /* bit 6 */
COMDV1                            LEDDRV,0          /* bit 0 */
COMDV2                            LEDDRV,1          /* bit 1 */
COMDV3                            LEDDRV,2          /* bit 2 */
COMDV4                            LEDDRV,3          /* bit 3 */
COMDV5                            LEDDRV,4          /* bit 4 */
COMDV6                            LEDDRV,5          /* bit 5 */
COMDV7                            LEDDRV,6          /* bit 6 */
COMDV8                            LEDDRV,7          /* bit 7 */
COMIOS1                           LEDIOS0,0          /* bit 0 */
COMIOS2                           LEDIOS0,1          /* bit 1 */
COMIOS3                           LEDIOS0,2          /* bit 2 */
COMIOS4                           LEDIOS0,3          /* bit 3 */
COMIOS5                           LEDIOS0,4          /* bit 4 */
COMIOS6                           LEDIOS0,5          /* bit 5 */
COMIOS7                           LEDIOS0,6          /* bit 6 */
COMIOS8                           LEDIOS0,7          /* bit 7 */
DC                                STATUS,1       	 /* bit 1 */
DRVPS                             LEDCR1,7         /* bit 7 */
DUTY                              LEDCR0,6         /* bit 6 */
FLED0                             LEDCR1,0         /* bit 0 */
FLED1                             LEDCR1,1         /* bit 1 */
FSR00                             FSR0,0          /* bit 0 */
FSR01                             FSR0,1          /* bit 1 */
FSR02                             FSR0,2          /* bit 2 */
FSR03                             FSR0,3          /* bit 3 */
FSR04                             FSR0,4          /* bit 4 */
FSR05                             FSR0,5          /* bit 5 */
FSR06                             FSR0,6          /* bit 6 */
FSR07                             FSR0,7          /* bit 7 */
FSR10                             FSR1,0          /* bit 0 */
FSR11                             FSR1,1          /* bit 1 */
FSR12                             FSR1,2          /* bit 2 */
FSR13                             FSR1,3          /* bit 3 */
FSR14                             FSR1,4          /* bit 4 */
FSR15                             FSR1,5          /* bit 5 */
FSR16                             FSR1,6          /* bit 6 */
FSR17                             FSR1,7          /* bit 7 */
GIE                               MCR,7           /* bit 7 */
GYS0                              LEDCR0,0         /* bit 0 */
GYS1                              LEDCR0,1         /* bit 1 */
GYS2                              LEDCR0,2         /* bit 2 */
HFEN                              OSCM,0           /* bit 0 */
HIBYTE0                           HIBYTE,0          /* bit 0 */
HIBYTE1                           HIBYTE,1          /* bit 1 */
HIBYTE2                           HIBYTE,2          /* bit 2 */
HIBYTE3                           HIBYTE,3          /* bit 3 */
HIBYTE4                           HIBYTE,4          /* bit 4 */
HIBYTE5                           HIBYTE,5          /* bit 5 */
HIBYTE6                           HIBYTE,6          /* bit 6 */
HIBYTE7                           HIBYTE,7          /* bit 7 */
IBPS0                             LEDCR1,3         /* bit 3 */
IBPS1                             LEDCR1,4         /* bit 4 */
INDF00                            INDF0,0          /* bit 0 */
INDF01                            INDF0,1        	 /* bit 1 */
INDF02                            INDF0,2          /* bit 2 */
INDF03                            INDF0,3        	 /* bit 3 */
INDF04                            INDF0,4        	 /* bit 4 */
INDF05                            INDF0,5        	 /* bit 5 */
INDF06                            INDF0,6        	 /* bit 6 */
INDF07                            INDF0,7        	 /* bit 7 */
INDF10                            INDF1,0          /* bit 0 */
INDF11                            INDF1,1          /* bit 1 */
INDF12                            INDF1,2          /* bit 2 */
INDF13                            INDF1,3          /* bit 3 */
INDF14                            INDF1,4          /* bit 4 */
INDF15                            INDF1,5          /* bit 5 */
INDF16                            INDF1,6          /* bit 6 */
INDF17                            INDF1,7          /* bit 7 */
INDF20                            INDF2,0          /* bit 0 */
INDF21                            INDF2,1          /* bit 1 */
INDF22                            INDF2,2          /* bit 2 */
INDF23                            INDF2,3          /* bit 3 */
INDF24                            INDF2,4          /* bit 4 */
INDF25                            INDF2,5          /* bit 5 */
INDF26                            INDF2,6          /* bit 6 */
INDF27                            INDF2,7          /* bit 7 */
INDF30                            INDF3,0          /* bit 0 */
INDF31                            INDF3,1          /* bit 1 */
INDF32                            INDF3,2          /* bit 2 */
INDF33                            INDF3,3          /* bit 3 */
INDF34                            INDF3,4          /* bit 4 */
INDF35                            INDF3,5          /* bit 5 */
INDF36                            INDF3,6          /* bit 6 */
INDF37                            INDF3,7          /* bit 7 */
INT0IE                            INTE,2            /* bit 2 */
INT0IF                            INTF,2       	  /* bit 2 */
INT1IE                            INTE,3            /* bit 3 */
INT1IF                            INTF,3          /* bit 3 */
IREFEN                            LEDCR1,2         /* bit 2 */
KBIE                              INTE,4            /* bit 4 */
KBIF                              INTF,4          /* bit 4 */
LEDEN                             LEDCR0,7         /* bit 7 */
LFEN                              OSCM,1           /* bit 1 */
MINT00                            MCR,0           /* bit 0 */
MINT01                            MCR,1           /* bit 1 */
MINT10                            MCR,2           /* bit 2 */
MINT11                            MCR,3           /* bit 3 */
P00D                              IOP0,0           /* bit 0 */
P00OE                             OEP0,0          /* bit 0 */
P00PD                             PDP0,0            /* bit 0 */
P00PU                             PUP0,0          /* bit 0 */
P01D                              IOP0,1           /* bit 1 */
P01OE                             OEP0,1          /* bit 1 */
P01PD                             PDP0,1            /* bit 1 */
P01PU                             PUP0,1          /* bit 1 */
P02D                              IOP0,2           /* bit 2 */
P02OE                             OEP0,2          /* bit 2 */
P02PD                             PDP0,2            /* bit 2 */
P02PU                             PUP0,2          /* bit 2 */
P03D                              IOP0,3           /* bit 3 */
P03OE                             OEP0,3          /* bit 3 */
P03PD                             PDP0,3            /* bit 3 */
P03PU                             PUP0,3          /* bit 3 */
P04D                              IOP0,4           /* bit 4 */
P04OE                             OEP0,4          /* bit 4 */
P04PD                             PDP0,4            /* bit 4 */
P04PU                             PUP0,4          /* bit 4 */
P05D                              IOP0,5           /* bit 5 */
P05OE                             OEP0,5          /* bit 5 */
P05PD                             PDP0,5            /* bit 5 */
P05PU                             PUP0,5          /* bit 5 */
P06D                              IOP0,6           /* bit 6 */
P06OE                             OEP0,6          /* bit 6 */
P06PD                             PDP0,6            /* bit 6 */
P06PU                             PUP0,6          /* bit 6 */
P07D                              IOP0,7           /* bit 7 */
P07OE                             OEP0,7          /* bit 7 */
P07PD                             PDP0,7            /* bit 7 */
P07PU                             PUP0,7          /* bit 7 */
P10D                              IOP1,0           /* bit 0 */
P10OE                             OEP1,0           /* bit 0 */
P10PD                             PDP1,0      	   /* bit 0 */
P10PU                             PUP1,0           /* bit 0 */
P11D                              IOP1,1           /* bit 1 */
P11OE                             OEP1,1           /* bit 1 */
P11PD                             PDP1,1      	   /* bit 1 */
P11PU                             PUP1,1           /* bit 1 */
P12D                              IOP1,2           /* bit 2 */
P12OE                             OEP1,2           /* bit 2 */
P12PD                             PDP1,2      	   /* bit 2 */
P12PU                             PUP1,2           /* bit 2 */
P20D                              IOP2,0           /* bit 0 */
P20OE                             OEP2,0          /* bit 0 */
P20PD                             PDP2,0          /* bit 0 */
P20PU                             PUP2,0          /* bit 0 */
P21D                              IOP2,1           /* bit 1 */
P21OE                             OEP2,1          /* bit 1 */
P21PD                             PDP2,1      	  /* bit 1 */
P21PU                             PUP2,1          /* bit 1 */
P22D                              IOP2,2           /* bit 2 */
P22OE                             OEP2,2          /* bit 2 */
P22PD                             PDP2,2      	  /* bit 2 */
P22PU                             PUP2,2          /* bit 2 */
P23D                              IOP2,3           /* bit 3 */
P23OE                             OEP2,3          /* bit 3 */
P23PD                             PDP2,3      	  /* bit 3 */
P23PU                             PUP2,3          /* bit 3 */
P24D                              IOP2,4           /* bit 4 */
P24OE                             OEP2,4          /* bit 4 */
P24PD                             PDP2,4      	  /* bit 4 */
P24PU                             PUP2,4          /* bit 4 */
P25D                              IOP2,5           /* bit 5 */
P25OE                             OEP2,5          /* bit 5 */
P25PD                             PDP2,5      	  /* bit 5 */
P25PU                             PUP2,5          /* bit 5 */
P26D                              IOP2,6           /* bit 6 */
P26OE                             OEP2,6          /* bit 6 */
P26PD                             PDP2,6      	  /* bit 6 */
P26PU                             PUP2,6          /* bit 6 */
P30D                              IOP3,0          /* bit 0 */
P30OE                             OEP3,0          /* bit 0 */
P30PD                             PDP3,0      	  /* bit 0 */
P30PU                             PUP3,0          /* bit 0 */
P31D                              IOP3,1          /* bit 1 */
P31OE                             OEP3,1          /* bit 1 */
P31PD                             PDP3,1      	  /* bit 1 */
P31PU                             PUP3,1          /* bit 1 */
P32D                              IOP3,2          /* bit 2 */
P32OE                             OEP3,2          /* bit 2 */
P32PD                             PDP3,2      	  /* bit 2 */
P32PU                             PUP3,2          /* bit 2 */
P33D                              IOP3,3          /* bit 3 */
P33OE                             OEP3,3          /* bit 3 */
P33PD                             PDP3,3      	  /* bit 3 */
P33PU                             PUP3,3          /* bit 3 */
P34D                              IOP3,4          /* bit 4 */
P34OE                             OEP3,4          /* bit 4 */
P34PD                             PDP3,4      	  /* bit 4 */
P34PU                             PUP3,4          /* bit 4 */
P35D                              IOP3,5          /* bit 5 */
P35OE                             OEP3,5          /* bit 5 */
P35PD                             PDP3,5      	  /* bit 5 */
P35PU                             PUP3,5          /* bit 5 */
P36D                              IOP3,6          /* bit 6 */
P36OE                             OEP3,6          /* bit 6 */
P36PD                             PDP3,6      	  /* bit 6 */
P36PU                             PUP3,6          /* bit 6 */
P37D                              IOP3,7          /* bit 7 */
P37OE                             OEP3,7          /* bit 7 */
P37PD                             PDP3,7      	  /* bit 7 */
P37PU                             PUP3,7          /* bit 7 */
PC0                               PCL,0          /* bit 0 */
PC1                               PCL,1          /* bit 1 */
PC2                               PCL,2          /* bit 2 */
PC3                               PCL,3          /* bit 3 */
PC4                               PCL,4          /* bit 4 */
PC5                               PCL,5          /* bit 5 */
PC6                               PCL,6          /* bit 6 */
PC7                               PCL,7          /* bit 7 */
PD                                MCR,4           /* bit 4 */
PWM0OE                            T0CR,6           /* bit 6 */
PWM1OE                            T1CR,6    	      /* bit 6 */
SEGIOS1                           LEDIOS1,0          /* bit 0 */
SEGIOS2                           LEDIOS1,1          /* bit 1 */
SEGIOS3                           LEDIOS1,2          /* bit 2 */
SEGIOS4                           LEDIOS1,3          /* bit 3 */
SEGIOS5                           LEDIOS1,4          /* bit 4 */
SEGIOS6                           LEDIOS1,5          /* bit 5 */
SEGIOS7                           LEDIOS1,6          /* bit 6 */
SEGIOS8                           LEDIOS1,7          /* bit 7 */
STBH                              OSCM,4           /* bit 4 */
STBL                              OSCM,5           /* bit 5 */
T0C0                              T0CNT,0          /* bit 0 */
T0C1                              T0CNT,1          /* bit 1 */
T0C2                              T0CNT,2          /* bit 2 */
T0C3                              T0CNT,3          /* bit 3 */
T0C4                              T0CNT,4          /* bit 4 */
T0C5                              T0CNT,5          /* bit 5 */
T0C6                              T0CNT,6          /* bit 6 */
T0C7                              T0CNT,7          /* bit 7 */
T0DATA0                           T0DATA,0        	/* bit 0 */
T0DATA1                           T0DATA,1       	  /* bit 1 */
T0DATA2                           T0DATA,2      	  /* bit 2 */
T0DATA3                           T0DATA,3      	  /* bit 3 */
T0DATA4                           T0DATA,4      	  /* bit 4 */
T0DATA5                           T0DATA,5      	  /* bit 5 */
T0DATA6                           T0DATA,6      	  /* bit 6 */
T0DATA7                           T0DATA,7      	  /* bit 7 */
T0IE                              INTE,0    	      /* bit 0 */
T0IF                              INTF,0         	/* bit 0 */
T0LOAD0                           T0LOAD,0      /* bit 0 */
T0LOAD1                           T0LOAD,1      /* bit 1 */
T0LOAD2                           T0LOAD,2      /* bit 2 */
T0LOAD3                           T0LOAD,3      /* bit 3 */
T0LOAD4                           T0LOAD,4      /* bit 4 */
T0LOAD5                           T0LOAD,5      /* bit 5 */
T0LOAD6                           T0LOAD,6      /* bit 6 */
T0LOAD7                           T0LOAD,7      /* bit 7 */
T0PR0                             T0CR,0           /* bit 0 */
T0PR1                             T0CR,1           /* bit 1 */
T0PR2                             T0CR,2           /* bit 2 */
T0PTS0                            T0CR,3           /* bit 3 */
T0PTS1                            T0CR,4           /* bit 4 */
T1C0                              T1CNT,0          /* bit 0 */
T1C1                              T1CNT,1          /* bit 1 */
T1C2                              T1CNT,2          /* bit 2 */
T1C3                              T1CNT,3          /* bit 3 */
T1C4                              T1CNT,4          /* bit 4 */
T1C5                              T1CNT,5          /* bit 5 */
T1C6                              T1CNT,6          /* bit 6 */
T1C7                              T1CNT,7          /* bit 7 */
T1DATA0                           T1DATA,0       	/* bit 0 */
T1DATA1                           T1DATA,1      	/* bit 1 */
T1DATA2                           T1DATA,2     	  /* bit 2 */
T1DATA3                           T1DATA,3     	  /* bit 3 */
T1DATA4                           T1DATA,4     	  /* bit 4 */
T1DATA5                           T1DATA,5     	  /* bit 5 */
T1DATA6                           T1DATA,6     	  /* bit 6 */
T1DATA7                           T1DATA,7     	  /* bit 7 */
T1IE                              INTE,1            /* bit 1 */
T1IF                              INTF,1          /* bit 1 */
T1LOAD0                           T1LOAD,0       	/* bit 0 */
T1LOAD1                           T1LOAD,1      	/* bit 1 */
T1LOAD2                           T1LOAD,2     	  /* bit 2 */
T1LOAD3                           T1LOAD,3     	  /* bit 3 */
T1LOAD4                           T1LOAD,4     	  /* bit 4 */
T1LOAD5                           T1LOAD,5     	  /* bit 5 */
T1LOAD6                           T1LOAD,6     	  /* bit 6 */
T1LOAD7                           T1LOAD,7     	  /* bit 7 */
T1PR0                             T1CR,0           	/* bit 0 */
T1PR1                             T1CR,1           	/* bit 1 */
T1PR2                             T1CR,2           	/* bit 2 */
T1PTS0                            T1CR,3      	    /* bit 3 */
T1PTS1                            T1CR,4      	    /* bit 4 */
T2C0                              T2CNTL,0         /* bit 0 */
T2C1                              T2CNTL,1         /* bit 1 */
T2C10                             T2CNTH,2           /* bit 2 */
T2C11                             T2CNTH,3           /* bit 3 */
T2C12                             T2CNTH,4           /* bit 4 */
T2C13                             T2CNTH,5           /* bit 5 */
T2C14                             T2CNTH,6           /* bit 6 */
T2C15                             T2CNTH,7           /* bit 7 */
T2C2                              T2CNTL,2         /* bit 2 */
T2C3                              T2CNTL,3         /* bit 3 */
T2C4                              T2CNTL,4         /* bit 4 */
T2C5                              T2CNTL,5         /* bit 5 */
T2C6                              T2CNTL,6         /* bit 6 */
T2C7                              T2CNTL,7         /* bit 7 */
T2C8                              T2CNTH,0           /* bit 0 */
T2C9                              T2CNTH,1           /* bit 1 */
T2LOAD0                           T2LOADL,0       	/* bit 0 */
T2LOAD1                           T2LOADL,1      	  /* bit 1 */
T2LOAD10                          T2LOADH,2     	  /* bit 2 */
T2LOAD11                          T2LOADH,3     	  /* bit 3 */
T2LOAD12                          T2LOADH,4     	  /* bit 4 */
T2LOAD13                          T2LOADH,5     	  /* bit 5 */
T2LOAD14                          T2LOADH,6     	  /* bit 6 */
T2LOAD15                          T2LOADH,7     	  /* bit 7 */
T2LOAD2                           T2LOADL,2     	  /* bit 2 */
T2LOAD3                           T2LOADL,3     	  /* bit 3 */
T2LOAD4                           T2LOADL,4     	  /* bit 4 */
T2LOAD5                           T2LOADL,5     	  /* bit 5 */
T2LOAD6                           T2LOADL,6     	  /* bit 6 */
T2LOAD7                           T2LOADL,7     	  /* bit 7 */
T2LOAD8                           T2LOADH,0       	/* bit 0 */
T2LOAD9                           T2LOADH,1      	  /* bit 1 */
T2MODE                            T2CR,5    	      /* bit 5 */
T2PR0                             T2CR,0           	/* bit 0 */
T2PR1                             T2CR,1           	/* bit 1 */
T2PR2                             T2CR,2           	/* bit 2 */
T2PTS0                            T2CR,3      	    /* bit 3 */
T2PTS1                            T2CR,4      	    /* bit 4 */
TC0EN                             T0CR,7           /* bit 7 */
TC1EN                             T1CR,7        	  /* bit 7 */
TC2EN                             T2CR,7        	  /* bit 7 */
TK0C0                             TK0CNTL,0        	 /* bit 0 */
TK0C1                             TK0CNTL,1      	   /* bit 1 */
TK0C10                            TK0CNTH,2         /* bit 2 */
TK0C11                            TK0CNTH,3         /* bit 3 */
TK0C12                            TK0CNTH,4         /* bit 4 */
TK0C13                            TK0CNTH,5         /* bit 5 */
TK0C14                            TK0CNTH,6         /* bit 6 */
TK0C15                            TK0CNTH,7         /* bit 7 */
TK0C2                             TK0CNTL,2     	   /* bit 2 */
TK0C3                             TK0CNTL,3      	   /* bit 3 */
TK0C4                             TK0CNTL,4     	   /* bit 4 */
TK0C5                             TK0CNTL,5      	   /* bit 5 */
TK0C6                             TK0CNTL,6      	   /* bit 6 */
TK0C7                             TK0CNTL,7     	   /* bit 7 */
TK0C8                             TK0CNTH,0         /* bit 0 */
TK0C9                             TK0CNTH,1         /* bit 1 */
TK0CLR                            TK0CR0,3       	  /* bit 3 */
TK0FL0                            TK0CR1,4            /* bit 4 */
TK0FL1                            TK0CR1,5            /* bit 5 */
TK0FQ0                            TK0CR0,0       	  /* bit 0 */
TK0FQ1                            TK0CR0,1       	  /* bit 1 */
TK0FQ2                            TK0CR0,2       	  /* bit 2 */
TK0IE                             TK0CR1,6           /* bit 6 */
TK0IF                             TK0CR1,7           /* bit 7 */
TK0IO0                            TK0CR2,0          /* bit 0 */
TK0IO1                            TK0CR2,1          /* bit 1 */
TK0IO2                            TK0CR2,2          /* bit 2 */
TK0IO3                            TK0CR2,3          /* bit 3 */
TK0IO4                            TK0CR2,4          /* bit 4 */
TK0IO5                            TK0CR2,5          /* bit 5 */
TK0IO6                            TK0CR2,6          /* bit 6 */
TK0IO7                            TK0CR2,7          /* bit 7 */
TK0JE                             TK0CR0,5      	  /* bit 5 */
TK0K0                             TK0CR1,0            /* bit 0 */
TK0K1                             TK0CR1,1            /* bit 1 */
TK0K2                             TK0CR1,2            /* bit 2 */
TK0RCE                            TK0CR0,4     	    /* bit 4 */
TK1C0                             TK1CNTL,0        	 /* bit 0 */
TK1C1                             TK1CNTL,1      	   /* bit 1 */
TK1C10                            TK1CNTH,2          /* bit 2 */
TK1C11                            TK1CNTH,3          /* bit 3 */
TK1C12                            TK1CNTH,4          /* bit 4 */
TK1C13                            TK1CNTH,5          /* bit 5 */
TK1C14                            TK1CNTH,6          /* bit 6 */
TK1C15                            TK1CNTH,7          /* bit 7 */
TK1C2                             TK1CNTL,2     	   /* bit 2 */
TK1C3                             TK1CNTL,3      	   /* bit 3 */
TK1C4                             TK1CNTL,4     	   /* bit 4 */
TK1C5                             TK1CNTL,5      	   /* bit 5 */
TK1C6                             TK1CNTL,6      	   /* bit 6 */
TK1C7                             TK1CNTL,7     	   /* bit 7 */
TK1C8                             TK1CNTH,0          /* bit 0 */
TK1C9                             TK1CNTH,1          /* bit 1 */
TK1CLR                            TK1CR0,3       	  /* bit 3 */
TK1FL0                            TK0CR1,4            /* bit 4 */
TK1FL1                            TK0CR1,5            /* bit 5 */
TK1FQ0                            TK1CR0,0       	  /* bit 0 */
TK1FQ1                            TK1CR0,1       	  /* bit 1 */
TK1FQ2                            TK1CR0,2       	  /* bit 2 */
TK1IE                             TK0CR1,6            /* bit 6 */
TK1IF                             TK0CR1,7            /* bit 7 */
TK1IO0                            TK1CR2,0          /* bit 0 */
TK1IO1                            TK1CR2,1          /* bit 1 */
TK1IO2                            TK1CR2,2          /* bit 2 */
TK1IO3                            TK1CR2,3          /* bit 3 */
TK1IO4                            TK1CR2,4          /* bit 4 */
TK1IO5                            TK1CR2,5          /* bit 5 */
TK1IO6                            TK1CR2,6          /* bit 6 */
TK1IO7                            TK1CR2,7          /* bit 7 */
TK1JE                             TK1CR0,5      	  /* bit 5 */
TK1K0                             TK0CR1,0            /* bit 0 */
TK1K1                             TK0CR1,1            /* bit 1 */
TK1K2                             TK0CR1,2            /* bit 2 */
TK1RCE                            TK1CR0,4     	    /* bit 4 */
TO                                MCR,5           /* bit 5 */
VREFP_PHEN                        ADCR1,0   	   /* bit 0 */
Z                                 STATUS,2         /* bit 2 */

Errors   :     0
Warnings :     0 reported,     0 suppressed
Messages :     0 reported,     0 suppressed

