gpasm-1.9.8 (May 25 2017)    fs2uchar.asm       2017-5-31  15:52:40          PAGE  1


LOC  OBJECT CODE     LINE SOURCE TEXT
  VALUE

                      00001 ;--------------------------------------------------------
                      00002 ; File Created by SN-SDCC : ANSI-C Compiler
                      00003 ; Version 0.0.4 (Nov 23 2015) (Linux)
                      00004 ; This file was generated Wed May 31 15:52:40 2017
                      00005 ;--------------------------------------------------------
                      00006 ; MC3X port for the RISC core
                      00007 ;--------------------------------------------------------
                      00008 ;       .file   "../libsdcc/fs2uchar.c"
                      00009         list    p=9902
                      00010         radix dec
                      00011         include "9902.inc"
                      00001                 LIST
                      00002 ;mc9902.inc    Standard Header File, Version 1.00 by Sinomcu
Message[301]: Processor-header file mismatch.  Verify selected processor.
                      00261                 LIST
                      00012 ;--------------------------------------------------------
                      00013 ; external declarations
                      00014 ;--------------------------------------------------------
                      00015         extern  ___uchar2fs
                      00016         extern  ___schar2fs
                      00017         extern  ___uint2fs
                      00018         extern  ___sint2fs
                      00019         extern  ___ulong2fs
                      00020         extern  ___slong2fs
                      00021         extern  ___fs2schar
                      00022         extern  ___fs2uint
                      00023         extern  ___fs2sint
                      00024         extern  ___fs2ulong
                      00025         extern  ___fs2slong
                      00026         extern  ___fsadd
                      00027         extern  ___fssub
                      00028         extern  ___fsmul
                      00029         extern  ___fsdiv
                      00030         extern  ___fslt
                      00031         extern  ___fseq
                      00032         extern  ___fsneq
                      00033         extern  ___fsgt
                      00034 
                      00035         extern STK06
                      00036         extern STK05
                      00037         extern STK04
                      00038         extern STK03
                      00039         extern STK02
                      00040         extern STK01
                      00041         extern STK00
                      00042 ;--------------------------------------------------------
                      00043 ; global declarations
                      00044 ;--------------------------------------------------------
                      00045         global  ___fs2uchar
                      00046 
                      00047 ;--------------------------------------------------------
                      00048 ; global definitions
                      00049 ;--------------------------------------------------------
                      00050 ;--------------------------------------------------------
                      00051 ; absolute symbol definitions
                      00052 ;--------------------------------------------------------
                      00053 ;--------------------------------------------------------
                      00054 ; compiler-defined variables
                      00055 ;--------------------------------------------------------
                      00056 UDL_fs2uchar_0  udata
0000                  00057 r0x1003 res     1
0000                  00058 r0x1002 res     1
0001                  00059 r0x1001 res     1
0001                  00060 r0x1000 res     1
                      00061 ;--------------------------------------------------------
                      00062 ; initialized data
                      00063 ;--------------------------------------------------------
                      00064 ;--------------------------------------------------------
                      00065 ; overlayable items in internal ram 
                      00066 ;--------------------------------------------------------
                      00067 ;       udata_ovr
                      00068 ;--------------------------------------------------------
                      00069 ; code
                      00070 ;--------------------------------------------------------
                      00071 code_fs2uchar   code
                      00072 ;***
                      00073 ;  pBlock Stats: dbName = C
                      00074 ;***
                      00075 ;entry:  ___fs2uchar    ;Function start
                      00076 ; 2 exit points
                      00077 ;has an exit
                      00078 ;functions called:
                      00079 ;   ___fs2ulong
                      00080 ;   ___fs2ulong
                      00081 ;8 compiler assigned registers:
                      00082 ;   r0x1000
                      00083 ;   STK00
                      00084 ;   r0x1001
                      00085 ;   STK01
                      00086 ;   r0x1002
                      00087 ;   STK02
                      00088 ;   r0x1003
                      00089 ;   r0x1004
                      00090 ;; Starting pCode block
                      00091 ;;[ICODE] ../libsdcc/fs2uchar.c:33:  _entry($4) :
                      00092 ;;[ICODE] ../libsdcc/fs2uchar.c:33:     proc ___fs2uchar [k1 lr0:0 so:0]{ ia0 a2p0 re0 rm0 nos0 ru0 dp0}{unsigned-char function ( float fixed) fixed}
0000                  00093 ___fs2uchar     ;Function start
                      00094 ; 2 exit points
                      00095 ;;[ICODE] ../libsdcc/fs2uchar.c:33: iTemp0 [k2 lr3:4 so:0]{ ia0 a2p0 re1 rm0 nos0 ru1 dp0}{float fixed}{ sir@ ___fs2uchar_f_1_21}[r0x1000 r0x1001 r0x1002 r0x1003 ] = recv ___fs2uchar [k1 lr0:0 so:0]{ ia0 a2p0 re0 rm0 nos0 ru0 dp0}{unsigned-char function ( float fixed) fixed}
                      00096 ;       .line   33; "../libsdcc/fs2uchar.c"     unsigned char __fs2uchar (float f) _FS_REENTRANT
0000   5600           00097         MOVRA   r0x1000
0001   5800           00098         MOVAR   STK00
0002   5600           00099         MOVRA   r0x1001
0003   5800           00100         MOVAR   STK01
0004   5600           00101         MOVRA   r0x1002
0005   5800           00102         MOVAR   STK02
0006   5600           00103         MOVRA   r0x1003
                      00104 ;;[ICODE] ../libsdcc/fs2uchar.c:35:     send iTemp0 [k2 lr3:4 so:0]{ ia0 a2p0 re1 rm0 nos0 ru1 dp0}{float fixed}{ sir@ ___fs2uchar_f_1_21}[r0x1000 r0x1001 r0x1002 r0x1003 ]{argreg = 1}
                      00105 ;;[ICODE] ../libsdcc/fs2uchar.c:35:     iTemp1 [k4 lr5:11 so:0]{ ia0 a2p0 re1 rm0 nos0 ru0 dp0}{unsigned-long-int fixed}{ sir@ ___fs2uchar_ul_1_22}[r0x1000 r0x1001 r0x1002 r0x1003 ] = call ___fs2ulong [k6 lr0:0 so:0]{ ia0 a2p0 re0 rm0 nos0 ru0 dp0}{unsigned-long-int function ( float fixed) fixed}
                      00106 ;       .line   35; "../libsdcc/fs2uchar.c"     unsigned long ul=__fs2ulong(f);
0007   5800           00107         MOVAR   r0x1003
0008   5600           00108         MOVRA   STK02
0009   5800           00109         MOVAR   r0x1002
000A   5600           00110         MOVRA   STK01
000B   5800           00111         MOVAR   r0x1001
000C   5600           00112         MOVRA   STK00
000D   5800           00113         MOVAR   r0x1000
000E   8000           00114         CALL    ___fs2ulong
000F   5600           00115         MOVRA   r0x1000
0010   5800           00116         MOVAR   STK00
0011   5600           00117         MOVRA   r0x1001
0012   5800           00118         MOVAR   STK01
0013   5600           00119         MOVRA   r0x1002
0014   5800           00120         MOVAR   STK02
0015   5600           00121         MOVRA   r0x1003
                      00122 ;;[ICODE] ../libsdcc/fs2uchar.c:36:     iTemp3 [k9 lr7:8 so:0]{ ia0 a2p0 re0 rm0 nos0 ru0 dp0}{char fixed} = iTemp1 [k4 lr5:11 so:0]{ ia0 a2p0 re1 rm0 nos0 ru0 dp0}{unsigned-long-int fixed}{ sir@ ___fs2uchar_ul_1_22}[r0x1000 r0x1001 r0x1002 r0x1003 ] < 0xff {unsigned-long-int literal}
                      00123 ;;unsigned compare: left < lit(0xFF=255), size=4
                      00124 ;       .line   36; "../libsdcc/fs2uchar.c"     if (ul>=UCHAR_MAX) return UCHAR_MAX;
0016   3C00           00125         MOVAI   0x00
0017   4800           00126         RSUBAR  r0x1000
0018   E587           00127         JBSET   STATUS,2
0019   A000           00128         GOTO    _00111_DS_
001A   3C00           00129         MOVAI   0x00
001B   4800           00130         RSUBAR  r0x1001
001C   E587           00131         JBSET   STATUS,2
001D   A000           00132         GOTO    _00111_DS_
001E   3C00           00133         MOVAI   0x00
001F   4800           00134         RSUBAR  r0x1002
0020   E587           00135         JBSET   STATUS,2
0021   A000           00136         GOTO    _00111_DS_
0022   3CFF           00137         MOVAI   0xff
0023   4800           00138         RSUBAR  r0x1003
0024                  00139 _00111_DS_
0024   E187           00140         JBSET   STATUS,0
0025   A000           00141         GOTO    _00106_DS_
                      00142 ;;genSkipc:3246: created from rifx:0xbff17310
                      00143 ;;[ICODE] ../libsdcc/fs2uchar.c:36:     if iTemp3 [k9 lr7:8 so:0]{ ia0 a2p0 re0 rm0 nos0 ru0 dp0}{char fixed} != 0 goto _iffalse_0($2)
                      00144 ;;[ICODE] ../libsdcc/fs2uchar.c:36:     ret 0xff {const-unsigned-char literal}
0026   3CFF           00145         MOVAI   0xff
0027   A000           00146         GOTO    _00107_DS_
                      00147 ;;[ICODE] ../libsdcc/fs2uchar.c:36:  _iffalse_0($2) :
                      00148 ;;[ICODE] ../libsdcc/fs2uchar.c:37:     iTemp4 [k10 lr11:12 so:0]{ ia0 a2p0 re0 rm0 nos0 ru1 dp0}{unsigned-char fixed}[r0x1004 ] = (unsigned-char fixed)iTemp1 [k4 lr5:11 so:0]{ ia0 a2p0 re1 rm0 nos0 ru0 dp0}{unsigned-long-int fixed}{ sir@ ___fs2uchar_ul_1_22}[r0x1000 r0x1001 r0x1002 r0x1003 ]
                      00149 ;;101   MOVAR   r0x1003
                      00150 ;;99    MOVRA   r0x1004
                      00151 ;;[ICODE] ../libsdcc/fs2uchar.c:37:     ret iTemp4 [k10 lr11:12 so:0]{ ia0 a2p0 re0 rm0 nos0 ru1 dp0}{unsigned-char fixed}[r0x1004 ]
                      00152 ;;100   MOVAR   r0x1004
0028                  00153 _00106_DS_
                      00154 ;       .line   37; "../libsdcc/fs2uchar.c"     return ul;
0028   5800           00155         MOVAR   r0x1003
                      00156 ;;[ICODE] ../libsdcc/fs2uchar.c:37:  _return($3) :
                      00157 ;;[ICODE] ../libsdcc/fs2uchar.c:37:     eproc ___fs2uchar [k1 lr0:0 so:0]{ ia0 a2p0 re0 rm0 nos0 ru0 dp0}{unsigned-char function ( float fixed) fixed}
0029                  00158 _00107_DS_
0029   000C           00159         RETURN  
                      00160 ; exit point of ___fs2uchar
                      00161 
                      00162 
                      00163 ;       code size estimation:
                      00164 ;          42+    0 =    42 instructions (   84 byte)
                      00165 
                      00166         end
gpasm-1.9.8 (May 25 2017)    fs2uchar.asm       2017-5-31  15:52:40          PAGE  2


SYMBOL TABLE
  LABEL                             VALUE

AD0EN                             00000006
AD1EN                             00000005
AD2EN                             00000004
ADCR0                             000001B0
ADCR1                             000001B1
ADCR2                             000001B2
ADEN                              00000007
ADIE                              00000006
ADIF                              00000006
ADR10                             00000002
ADR11                             00000003
ADR12                             00000004
ADR13                             00000005
ADR14                             00000006
ADR15                             00000007
ADR16                             00000000
ADR17                             00000001
ADR18                             00000002
ADR19                             00000003
ADR20                             00000004
ADR21                             00000005
ADR22                             00000006
ADR23                             00000007
ADR8                              00000000
ADR9                              00000001
ADRH                              000001B4
ADRL                              000001B6
ADRM                              000001B5
ADVRS                             00000000
BUZ0OE                            00000005
BUZ1OE                            00000005
C                                 00000000
CHOPEN                            00000006
CLKS                              00000002
DC                                00000001
FSR                               00000184
FSR0                              00000184
FSR1                              00000185
GIE                               00000007
HFEN                              00000000
HIBYTE                            00000183
I2CIE                             00000005
I2CIF                             00000005
I2CRS                             00000007
IICAAS                            00000006
IICAR                             000001B9
IICBUSY                           00000005
IICCR                             000001B8
IICDR                             000001BA
IICE0F                            00000007
IICEN                             00000001
IICM0D                            00000004
INDF                              00000180
INDF0                             00000180
INDF1                             00000181
INDF2                             00000182
INDF3                             00000189
INT0IE                            00000002
INT0IF                            00000002
INT1IE                            00000003
INT1IF                            00000003
INTE                              0000018A
INTF                              0000018B
IOP0                              00000190
IOP1                              00000194
LDOEN                             00000001
LFEN                              00000001
LVDCR                             0000018D
LVDEN                             00000007
LVDF                              00000000
MCR                               00000188
MSTCMD                            00000002
OEP0                              00000191
OEP1                              00000195
OSCM                              0000018C
P00D                              00000000
P00OE                             00000000
P00PU                             00000000
P01D                              00000001
P01OE                             00000001
P01PU                             00000001
P02D                              00000002
P02OE                             00000002
P02PU                             00000002
P03D                              00000003
P03OE                             00000003
P03PU                             00000003
P04D                              00000004
P04OE                             00000004
P04PU                             00000004
P05D                              00000005
P05OE                             00000005
P05PU                             00000005
P06D                              00000006
P06OE                             00000006
P06PU                             00000006
P07D                              00000007
P07OE                             00000007
P07PU                             00000007
P10D                              00000000
P10OE                             00000000
P10PU                             00000000
P11D                              00000001
P11OE                             00000001
P11PU                             00000001
PCL                               00000186
PD                                00000004
PFLAG                             00000187
PUP0                              00000192
PUP1                              00000196
PWM0OE                            00000006
PWM1OE                            00000006
RACK                              00000000
RUPSEL                            00000193
SACK                              00000003
STATUS                            00000187
STBH                              00000004
STBL                              00000005
STK00                             00000000
STK01                             00000000
STK02                             00000000
STK03                             00000000
STK04                             00000000
STK05                             00000000
STK06                             00000000
T0CNT                             000001A1
T0CR                              000001A0
T0DATA                            000001A3
T0EN                              00000007
T0IE                              00000000
T0IF                              00000000
T0LOAD                            000001A2
T1CNT                             000001A5
T1CR                              000001A4
T1DATA                            000001A7
T1EN                              00000007
T1IE                              00000001
T1IF                              00000001
T1LOAD                            000001A6
TO                                00000005
VLDOS0                            00000003
VLDOS1                            00000002
Z                                 00000002
_00106_DS_                        00000028
_00107_DS_                        00000029
_00111_DS_                        00000024
_CONFIG0                          00000FEC
_CONFIG1                          00000FED
__9902                            00000001
___fs2schar                       00000000
___fs2sint                        00000000
___fs2slong                       00000000
___fs2uchar                       00000000
___fs2uint                        00000000
___fs2ulong                       00000000
___fsadd                          00000000
___fsdiv                          00000000
___fseq                           00000000
___fsgt                           00000000
___fslt                           00000000
___fsmul                          00000000
___fsneq                          00000000
___fssub                          00000000
___schar2fs                       00000000
___sint2fs                        00000000
___slong2fs                       00000000
___uchar2fs                       00000000
___uint2fs                        00000000
___ulong2fs                       00000000
r0x1000                           00000003
r0x1001                           00000002
r0x1002                           00000001
r0x1003                           00000000

Errors   :     0
Warnings :     0 reported,     0 suppressed
Messages :     1 reported,     0 suppressed

