gpasm-1.9.8 (May 25 2017)    mc9902.asm         2017-5-31  15:52:39          PAGE  1


LOC  OBJECT CODE     LINE SOURCE TEXT
  VALUE

                      00001 ;--------------------------------------------------------
                      00002 ; File Created by SN-SDCC : ANSI-C Compiler
                      00003 ; Version 0.0.4 (Nov 23 2015) (Linux)
                      00004 ; This file was generated Wed May 31 15:52:39 2017
                      00005 ;--------------------------------------------------------
                      00006 ; MC3X port for the RISC core
                      00007 ;--------------------------------------------------------
                      00008 ;       .file   "mc9902.c"
                      00009         list    p=9902
                      00010         radix dec
                      00011         include "9902.inc"
                      00001                 LIST
                      00002 ;mc9902.inc    Standard Header File, Version 1.00 by Sinomcu
Message[301]: Processor-header file mismatch.  Verify selected processor.
                      00261                 LIST
                      00012 ;--------------------------------------------------------
                      00013 ; external declarations
                      00014 ;--------------------------------------------------------
                      00015 
                      00016         extern STK06
                      00017         extern STK05
                      00018         extern STK04
                      00019         extern STK03
                      00020         extern STK02
                      00021         extern STK01
                      00022         extern STK00
                      00023 ;--------------------------------------------------------
                      00024 ; global declarations
                      00025 ;--------------------------------------------------------
                      00026         global  _INDF0bits
                      00027         global  _INDF1bits
                      00028         global  _INDF2bits
                      00029         global  _HIBYTEbits
                      00030         global  _FSR0bits
                      00031         global  _FSR1bits
                      00032         global  _PCLbits
                      00033         global  _PFLAGbits
                      00034         global  _MCRbits
                      00035         global  _INDF3bits
                      00036         global  _INTEbits
                      00037         global  _INTFbits
                      00038         global  _OSCMbits
                      00039         global  _LVDCRbits
                      00040         global  _IOP0bits
                      00041         global  _OEP0bits
                      00042         global  _PUP0bits
                      00043         global  _RUPSELbits
                      00044         global  _IOP1bits
                      00045         global  _OEP1bits
                      00046         global  _PUP1bits
                      00047         global  _T0CRbits
                      00048         global  _T0CNTbits
                      00049         global  _T0LOADbits
                      00050         global  _T0DATAbits
                      00051         global  _T1CRbits
                      00052         global  _T1CNTbits
                      00053         global  _T1LOADbits
                      00054         global  _T1DATAbits
                      00055         global  _ADCR0bits
                      00056         global  _ADCR1bits
                      00057         global  _ADCR2bits
                      00058         global  _ADRHbits
                      00059         global  _ADRMbits
                      00060         global  _IICCRbits
                      00061         global  _IICARbits
                      00062         global  _IICDRbits
                      00063         global  _INDF
                      00064         global  _INDF0
                      00065         global  _INDF1
                      00066         global  _INDF2
                      00067         global  _HIBYTE
                      00068         global  _FSR
                      00069         global  _FSR0
                      00070         global  _FSR1
                      00071         global  _PCL
                      00072         global  _PFLAG
                      00073         global  _MCR
                      00074         global  _INDF3
                      00075         global  _INTE
                      00076         global  _INTF
                      00077         global  _OSCM
                      00078         global  _LVDCR
                      00079         global  _IOP0
                      00080         global  _OEP0
                      00081         global  _PUP0
                      00082         global  _RUPSEL
                      00083         global  _IOP1
                      00084         global  _OEP1
                      00085         global  _PUP1
                      00086         global  _T0CR
                      00087         global  _T0CNT
                      00088         global  _T0LOAD
                      00089         global  _T0DATA
                      00090         global  _T1CR
                      00091         global  _T1CNT
                      00092         global  _T1LOAD
                      00093         global  _T1DATA
                      00094         global  _ADCR0
                      00095         global  _ADCR1
                      00096         global  _ADCR2
                      00097         global  _ADRH
                      00098         global  _ADRM
                      00099         global  _ADRL
                      00100         global  _IICCR
                      00101         global  _IICAR
                      00102         global  _IICDR
                      00103 
                      00104 ;--------------------------------------------------------
                      00105 ; global definitions
                      00106 ;--------------------------------------------------------
                      00107 ;--------------------------------------------------------
                      00108 ; absolute symbol definitions
                      00109 ;--------------------------------------------------------
                      00110 UD_abs_mc9902_180       udata_ovr       0x0180
00C0                  00111 _INDF0bits
00C0                  00112 _INDF
00C0                  00113 _INDF0
00C0                  00114         res     1
                      00115 UD_abs_mc9902_181       udata_ovr       0x0181
00C0                  00116 _INDF1bits
00C0                  00117 _INDF1
00C0                  00118         res     1
                      00119 UD_abs_mc9902_182       udata_ovr       0x0182
00C1                  00120 _INDF2bits
00C1                  00121 _INDF2
00C1                  00122         res     1
                      00123 UD_abs_mc9902_183       udata_ovr       0x0183
00C1                  00124 _HIBYTEbits
00C1                  00125 _HIBYTE
00C1                  00126         res     1
                      00127 UD_abs_mc9902_184       udata_ovr       0x0184
00C2                  00128 _FSR0bits
00C2                  00129 _FSR
00C2                  00130 _FSR0
00C2                  00131         res     1
                      00132 UD_abs_mc9902_185       udata_ovr       0x0185
00C2                  00133 _FSR1bits
00C2                  00134 _FSR1
00C2                  00135         res     1
                      00136 UD_abs_mc9902_186       udata_ovr       0x0186
00C3                  00137 _PCLbits
00C3                  00138 _PCL
00C3                  00139         res     1
                      00140 UD_abs_mc9902_187       udata_ovr       0x0187
00C3                  00141 _PFLAGbits
00C3                  00142 _PFLAG
00C3                  00143         res     1
                      00144 UD_abs_mc9902_188       udata_ovr       0x0188
00C4                  00145 _MCRbits
00C4                  00146 _MCR
00C4                  00147         res     1
                      00148 UD_abs_mc9902_189       udata_ovr       0x0189
00C4                  00149 _INDF3bits
00C4                  00150 _INDF3
00C4                  00151         res     1
                      00152 UD_abs_mc9902_18a       udata_ovr       0x018a
00C5                  00153 _INTEbits
00C5                  00154 _INTE
00C5                  00155         res     1
                      00156 UD_abs_mc9902_18b       udata_ovr       0x018b
00C5                  00157 _INTFbits
00C5                  00158 _INTF
00C5                  00159         res     1
                      00160 UD_abs_mc9902_18c       udata_ovr       0x018c
00C6                  00161 _OSCMbits
00C6                  00162 _OSCM
00C6                  00163         res     1
                      00164 UD_abs_mc9902_18d       udata_ovr       0x018d
00C6                  00165 _LVDCRbits
00C6                  00166 _LVDCR
00C6                  00167         res     1
                      00168 UD_abs_mc9902_190       udata_ovr       0x0190
00C8                  00169 _IOP0bits
00C8                  00170 _IOP0
00C8                  00171         res     1
                      00172 UD_abs_mc9902_191       udata_ovr       0x0191
00C8                  00173 _OEP0bits
00C8                  00174 _OEP0
00C8                  00175         res     1
                      00176 UD_abs_mc9902_192       udata_ovr       0x0192
00C9                  00177 _PUP0bits
00C9                  00178 _PUP0
00C9                  00179         res     1
                      00180 UD_abs_mc9902_193       udata_ovr       0x0193
00C9                  00181 _RUPSELbits
00C9                  00182 _RUPSEL
00C9                  00183         res     1
                      00184 UD_abs_mc9902_194       udata_ovr       0x0194
00CA                  00185 _IOP1bits
00CA                  00186 _IOP1
00CA                  00187         res     1
                      00188 UD_abs_mc9902_195       udata_ovr       0x0195
00CA                  00189 _OEP1bits
00CA                  00190 _OEP1
00CA                  00191         res     1
                      00192 UD_abs_mc9902_196       udata_ovr       0x0196
00CB                  00193 _PUP1bits
00CB                  00194 _PUP1
00CB                  00195         res     1
                      00196 UD_abs_mc9902_1a0       udata_ovr       0x01a0
00D0                  00197 _T0CRbits
00D0                  00198 _T0CR
00D0                  00199         res     1
                      00200 UD_abs_mc9902_1a1       udata_ovr       0x01a1
00D0                  00201 _T0CNTbits
00D0                  00202 _T0CNT
00D0                  00203         res     1
                      00204 UD_abs_mc9902_1a2       udata_ovr       0x01a2
00D1                  00205 _T0LOADbits
00D1                  00206 _T0LOAD
00D1                  00207         res     1
                      00208 UD_abs_mc9902_1a3       udata_ovr       0x01a3
00D1                  00209 _T0DATAbits
00D1                  00210 _T0DATA
00D1                  00211         res     1
                      00212 UD_abs_mc9902_1a4       udata_ovr       0x01a4
00D2                  00213 _T1CRbits
00D2                  00214 _T1CR
00D2                  00215         res     1
                      00216 UD_abs_mc9902_1a5       udata_ovr       0x01a5
00D2                  00217 _T1CNTbits
00D2                  00218 _T1CNT
00D2                  00219         res     1
                      00220 UD_abs_mc9902_1a6       udata_ovr       0x01a6
00D3                  00221 _T1LOADbits
00D3                  00222 _T1LOAD
00D3                  00223         res     1
                      00224 UD_abs_mc9902_1a7       udata_ovr       0x01a7
00D3                  00225 _T1DATAbits
00D3                  00226 _T1DATA
00D3                  00227         res     1
                      00228 UD_abs_mc9902_1b0       udata_ovr       0x01b0
00D8                  00229 _ADCR0bits
00D8                  00230 _ADCR0
00D8                  00231         res     1
                      00232 UD_abs_mc9902_1b1       udata_ovr       0x01b1
00D8                  00233 _ADCR1bits
00D8                  00234 _ADCR1
00D8                  00235         res     1
                      00236 UD_abs_mc9902_1b2       udata_ovr       0x01b2
00D9                  00237 _ADCR2bits
00D9                  00238 _ADCR2
00D9                  00239         res     1
                      00240 UD_abs_mc9902_1b4       udata_ovr       0x01b4
00DA                  00241 _ADRHbits
00DA                  00242 _ADRH
00DA                  00243         res     1
                      00244 UD_abs_mc9902_1b5       udata_ovr       0x01b5
00DA                  00245 _ADRMbits
00DA                  00246 _ADRM
00DA                  00247         res     1
                      00248 UD_abs_mc9902_1b6       udata_ovr       0x01b6
00DB                  00249 _ADRL
00DB                  00250         res     1
                      00251 UD_abs_mc9902_1b8       udata_ovr       0x01b8
00DC                  00252 _IICCRbits
00DC                  00253 _IICCR
00DC                  00254         res     1
                      00255 UD_abs_mc9902_1b9       udata_ovr       0x01b9
00DC                  00256 _IICARbits
00DC                  00257 _IICAR
00DC                  00258         res     1
                      00259 UD_abs_mc9902_1ba       udata_ovr       0x01ba
00DD                  00260 _IICDRbits
00DD                  00261 _IICDR
00DD                  00262         res     1
                      00263 ;--------------------------------------------------------
                      00264 ; compiler-defined variables
                      00265 ;--------------------------------------------------------
                      00266 ;--------------------------------------------------------
                      00267 ; initialized data
                      00268 ;--------------------------------------------------------
                      00269 ;--------------------------------------------------------
                      00270 ; overlayable items in internal ram 
                      00271 ;--------------------------------------------------------
                      00272 ;       udata_ovr
                      00273 ;--------------------------------------------------------
                      00274 ; code
                      00275 ;--------------------------------------------------------
                      00276 code_mc9902     code
                      00277 
                      00278 ;       code size estimation:
                      00279 ;           0+    0 =     0 instructions (    0 byte)
                      00280 
                      00281         end
gpasm-1.9.8 (May 25 2017)    mc9902.asm         2017-5-31  15:52:39          PAGE  2


SYMBOL TABLE
  LABEL                             VALUE

AD0EN                             00000006
AD1EN                             00000005
AD2EN                             00000004
ADCR0                             000001B0
ADCR1                             000001B1
ADCR2                             000001B2
ADEN                              00000007
ADIE                              00000006
ADIF                              00000006
ADR10                             00000002
ADR11                             00000003
ADR12                             00000004
ADR13                             00000005
ADR14                             00000006
ADR15                             00000007
ADR16                             00000000
ADR17                             00000001
ADR18                             00000002
ADR19                             00000003
ADR20                             00000004
ADR21                             00000005
ADR22                             00000006
ADR23                             00000007
ADR8                              00000000
ADR9                              00000001
ADRH                              000001B4
ADRL                              000001B6
ADRM                              000001B5
ADVRS                             00000000
BUZ0OE                            00000005
BUZ1OE                            00000005
C                                 00000000
CHOPEN                            00000006
CLKS                              00000002
DC                                00000001
FSR                               00000184
FSR0                              00000184
FSR1                              00000185
GIE                               00000007
HFEN                              00000000
HIBYTE                            00000183
I2CIE                             00000005
I2CIF                             00000005
I2CRS                             00000007
IICAAS                            00000006
IICAR                             000001B9
IICBUSY                           00000005
IICCR                             000001B8
IICDR                             000001BA
IICE0F                            00000007
IICEN                             00000001
IICM0D                            00000004
INDF                              00000180
INDF0                             00000180
INDF1                             00000181
INDF2                             00000182
INDF3                             00000189
INT0IE                            00000002
INT0IF                            00000002
INT1IE                            00000003
INT1IF                            00000003
INTE                              0000018A
INTF                              0000018B
IOP0                              00000190
IOP1                              00000194
LDOEN                             00000001
LFEN                              00000001
LVDCR                             0000018D
LVDEN                             00000007
LVDF                              00000000
MCR                               00000188
MSTCMD                            00000002
OEP0                              00000191
OEP1                              00000195
OSCM                              0000018C
P00D                              00000000
P00OE                             00000000
P00PU                             00000000
P01D                              00000001
P01OE                             00000001
P01PU                             00000001
P02D                              00000002
P02OE                             00000002
P02PU                             00000002
P03D                              00000003
P03OE                             00000003
P03PU                             00000003
P04D                              00000004
P04OE                             00000004
P04PU                             00000004
P05D                              00000005
P05OE                             00000005
P05PU                             00000005
P06D                              00000006
P06OE                             00000006
P06PU                             00000006
P07D                              00000007
P07OE                             00000007
P07PU                             00000007
P10D                              00000000
P10OE                             00000000
P10PU                             00000000
P11D                              00000001
P11OE                             00000001
P11PU                             00000001
PCL                               00000186
PD                                00000004
PFLAG                             00000187
PUP0                              00000192
PUP1                              00000196
PWM0OE                            00000006
PWM1OE                            00000006
RACK                              00000000
RUPSEL                            00000193
SACK                              00000003
STATUS                            00000187
STBH                              00000004
STBL                              00000005
STK00                             00000000
STK01                             00000000
STK02                             00000000
STK03                             00000000
STK04                             00000000
STK05                             00000000
STK06                             00000000
T0CNT                             000001A1
T0CR                              000001A0
T0DATA                            000001A3
T0EN                              00000007
T0IE                              00000000
T0IF                              00000000
T0LOAD                            000001A2
T1CNT                             000001A5
T1CR                              000001A4
T1DATA                            000001A7
T1EN                              00000007
T1IE                              00000001
T1IF                              00000001
T1LOAD                            000001A6
TO                                00000005
VLDOS0                            00000003
VLDOS1                            00000002
Z                                 00000002
_ADCR0                            000001B0
_ADCR0bits                        000001B0
_ADCR1                            000001B1
_ADCR1bits                        000001B1
_ADCR2                            000001B2
_ADCR2bits                        000001B2
_ADRH                             000001B4
_ADRHbits                         000001B4
_ADRL                             000001B6
_ADRM                             000001B5
_ADRMbits                         000001B5
_CONFIG0                          00000FEC
_CONFIG1                          00000FED
_FSR                              00000184
_FSR0                             00000184
_FSR0bits                         00000184
_FSR1                             00000185
_FSR1bits                         00000185
_HIBYTE                           00000183
_HIBYTEbits                       00000183
_IICAR                            000001B9
_IICARbits                        000001B9
_IICCR                            000001B8
_IICCRbits                        000001B8
_IICDR                            000001BA
_IICDRbits                        000001BA
_INDF                             00000180
_INDF0                            00000180
_INDF0bits                        00000180
_INDF1                            00000181
_INDF1bits                        00000181
_INDF2                            00000182
_INDF2bits                        00000182
_INDF3                            00000189
_INDF3bits                        00000189
_INTE                             0000018A
_INTEbits                         0000018A
_INTF                             0000018B
_INTFbits                         0000018B
_IOP0                             00000190
_IOP0bits                         00000190
_IOP1                             00000194
_IOP1bits                         00000194
_LVDCR                            0000018D
_LVDCRbits                        0000018D
_MCR                              00000188
_MCRbits                          00000188
_OEP0                             00000191
_OEP0bits                         00000191
_OEP1                             00000195
_OEP1bits                         00000195
_OSCM                             0000018C
_OSCMbits                         0000018C
_PCL                              00000186
_PCLbits                          00000186
_PFLAG                            00000187
_PFLAGbits                        00000187
_PUP0                             00000192
_PUP0bits                         00000192
_PUP1                             00000196
_PUP1bits                         00000196
_RUPSEL                           00000193
_RUPSELbits                       00000193
_T0CNT                            000001A1
_T0CNTbits                        000001A1
_T0CR                             000001A0
_T0CRbits                         000001A0
_T0DATA                           000001A3
_T0DATAbits                       000001A3
_T0LOAD                           000001A2
_T0LOADbits                       000001A2
_T1CNT                            000001A5
_T1CNTbits                        000001A5
_T1CR                             000001A4
_T1CRbits                         000001A4
_T1DATA                           000001A7
_T1DATAbits                       000001A7
_T1LOAD                           000001A6
_T1LOADbits                       000001A6
__9902                            00000001

Errors   :     0
Warnings :     0 reported,     0 suppressed
Messages :     1 reported,     0 suppressed

