gpasm-1.9.8 (May 25 2017)    uchar2fs.asm       2017-5-31  15:52:41          PAGE  1


LOC  OBJECT CODE     LINE SOURCE TEXT
  VALUE

                      00001 ;--------------------------------------------------------
                      00002 ; File Created by SN-SDCC : ANSI-C Compiler
                      00003 ; Version 0.0.4 (Nov 23 2015) (Linux)
                      00004 ; This file was generated Wed May 31 15:52:41 2017
                      00005 ;--------------------------------------------------------
                      00006 ; MC3X port for the RISC core
                      00007 ;--------------------------------------------------------
                      00008 ;       .file   "../libsdcc/uchar2fs.c"
                      00009         list    p=9902
                      00010         radix dec
                      00011         include "9902.inc"
                      00001                 LIST
                      00002 ;mc9902.inc    Standard Header File, Version 1.00 by Sinomcu
Message[301]: Processor-header file mismatch.  Verify selected processor.
                      00261                 LIST
                      00012 ;--------------------------------------------------------
                      00013 ; external declarations
                      00014 ;--------------------------------------------------------
                      00015         extern  ___schar2fs
                      00016         extern  ___uint2fs
                      00017         extern  ___sint2fs
                      00018         extern  ___ulong2fs
                      00019         extern  ___slong2fs
                      00020         extern  ___fs2uchar
                      00021         extern  ___fs2schar
                      00022         extern  ___fs2uint
                      00023         extern  ___fs2sint
                      00024         extern  ___fs2ulong
                      00025         extern  ___fs2slong
                      00026         extern  ___fsadd
                      00027         extern  ___fssub
                      00028         extern  ___fsmul
                      00029         extern  ___fsdiv
                      00030         extern  ___fslt
                      00031         extern  ___fseq
                      00032         extern  ___fsneq
                      00033         extern  ___fsgt
                      00034 
                      00035         extern STK06
                      00036         extern STK05
                      00037         extern STK04
                      00038         extern STK03
                      00039         extern STK02
                      00040         extern STK01
                      00041         extern STK00
                      00042 ;--------------------------------------------------------
                      00043 ; global declarations
                      00044 ;--------------------------------------------------------
                      00045         global  ___uchar2fs
                      00046 
                      00047 ;--------------------------------------------------------
                      00048 ; global definitions
                      00049 ;--------------------------------------------------------
                      00050 ;--------------------------------------------------------
                      00051 ; absolute symbol definitions
                      00052 ;--------------------------------------------------------
                      00053 ;--------------------------------------------------------
                      00054 ; compiler-defined variables
                      00055 ;--------------------------------------------------------
                      00056 UDL_uchar2fs_0  udata
0000                  00057 r0x1000 res     1
0000                  00058 r0x1001 res     1
0001                  00059 r0x1002 res     1
0001                  00060 r0x1003 res     1
                      00061 ;--------------------------------------------------------
                      00062 ; initialized data
                      00063 ;--------------------------------------------------------
                      00064 ;--------------------------------------------------------
                      00065 ; overlayable items in internal ram 
                      00066 ;--------------------------------------------------------
                      00067 ;       udata_ovr
                      00068 ;--------------------------------------------------------
                      00069 ; code
                      00070 ;--------------------------------------------------------
                      00071 code_uchar2fs   code
                      00072 ;***
                      00073 ;  pBlock Stats: dbName = C
                      00074 ;***
                      00075 ;entry:  ___uchar2fs    ;Function start
                      00076 ; 2 exit points
                      00077 ;has an exit
                      00078 ;functions called:
                      00079 ;   ___ulong2fs
                      00080 ;   ___ulong2fs
                      00081 ;8 compiler assigned registers:
                      00082 ;   r0x1000
                      00083 ;   r0x1001
                      00084 ;   r0x1002
                      00085 ;   r0x1003
                      00086 ;   r0x1004
                      00087 ;   STK02
                      00088 ;   STK01
                      00089 ;   STK00
                      00090 ;; Starting pCode block
                      00091 ;;[ICODE] ../libsdcc/uchar2fs.c:33:  _entry($2) :
                      00092 ;;[ICODE] ../libsdcc/uchar2fs.c:33:     proc ___uchar2fs [k1 lr0:0 so:0]{ ia0 a2p0 re0 rm0 nos0 ru0 dp0}{float function ( unsigned-char fixed) fixed}
0000                  00093 ___uchar2fs     ;Function start
                      00094 ; 2 exit points
                      00095 ;;[ICODE] ../libsdcc/uchar2fs.c:33: iTemp0 [k2 lr3:4 so:0]{ ia0 a2p0 re1 rm0 nos0 ru0 dp0}{unsigned-char fixed}{ sir@ ___uchar2fs_uc_1_21}[r0x1000 ] = recv ___uchar2fs [k1 lr0:0 so:0]{ ia0 a2p0 re0 rm0 nos0 ru0 dp0}{float function ( unsigned-char fixed) fixed}
0000   5600           00096         MOVRA   r0x1001
                      00097 ;       .line   33; "../libsdcc/uchar2fs.c"     float __uchar2fs (unsigned char uc) _FS_REENTRANT
0001   5600           00098         MOVRA   r0x1000
                      00099 ;;[ICODE] ../libsdcc/uchar2fs.c:35:     iTemp1 [k5 lr4:5 so:0]{ ia0 a2p0 re0 rm0 nos0 ru1 dp0}{unsigned-long-int fixed}[r0x1001 r0x1002 r0x1003 r0x1004 ] = (unsigned-long-int fixed)iTemp0 [k2 lr3:4 so:0]{ ia0 a2p0 re1 rm0 nos0 ru0 dp0}{unsigned-char fixed}{ sir@ ___uchar2fs_uc_1_21}[r0x1000 ]
                      00100 ;;99    MOVAR   r0x1000
                      00101 ;       .line   35; "../libsdcc/uchar2fs.c"     return __ulong2fs(uc);
0002   7600           00102         CLRR    r0x1002
0003   7600           00103         CLRR    r0x1003
                      00104 ;;1     CLRR    r0x1004
                      00105 ;;[ICODE] ../libsdcc/uchar2fs.c:35:     send iTemp1 [k5 lr4:5 so:0]{ ia0 a2p0 re0 rm0 nos0 ru1 dp0}{unsigned-long-int fixed}[r0x1001 r0x1002 r0x1003 r0x1004 ]{argreg = 1}
                      00106 ;;[ICODE] ../libsdcc/uchar2fs.c:35:     iTemp2 [k7 lr6:7 so:0]{ ia0 a2p0 re0 rm0 nos0 ru1 dp0}{float fixed}[r0x1000 r0x1001 r0x1002 r0x1003 ] = call ___ulong2fs [k4 lr0:0 so:0]{ ia0 a2p0 re0 rm0 nos0 ru0 dp0}{float function ( unsigned-long-int fixed) fixed}
0004   5800           00107         MOVAR   r0x1001
0005   5600           00108         MOVRA   STK02
0006   3C00           00109         MOVAI   0x00
0007   5600           00110         MOVRA   STK01
0008   3C00           00111         MOVAI   0x00
0009   5600           00112         MOVRA   STK00
000A   3C00           00113         MOVAI   0x00
000B   8000           00114         CALL    ___ulong2fs
000C   5600           00115         MOVRA   r0x1003
000D   5800           00116         MOVAR   STK00
000E   5600           00117         MOVRA   r0x1002
000F   5800           00118         MOVAR   STK01
0010   5600           00119         MOVRA   r0x1001
0011   5800           00120         MOVAR   STK02
0012   5600           00121         MOVRA   r0x1000
                      00122 ;;[ICODE] ../libsdcc/uchar2fs.c:35:     ret iTemp2 [k7 lr6:7 so:0]{ ia0 a2p0 re0 rm0 nos0 ru1 dp0}{float fixed}[r0x1000 r0x1001 r0x1002 r0x1003 ]
0013   5800           00123         MOVAR   r0x1000
0014   5600           00124         MOVRA   STK02
0015   5800           00125         MOVAR   r0x1001
0016   5600           00126         MOVRA   STK01
0017   5800           00127         MOVAR   r0x1002
0018   5600           00128         MOVRA   STK00
0019   5800           00129         MOVAR   r0x1003
                      00130 ;;[ICODE] ../libsdcc/uchar2fs.c:35:  _return($1) :
                      00131 ;;[ICODE] ../libsdcc/uchar2fs.c:35:     eproc ___uchar2fs [k1 lr0:0 so:0]{ ia0 a2p0 re0 rm0 nos0 ru0 dp0}{float function ( unsigned-char fixed) fixed}
001A   000C           00132         RETURN  
                      00133 ; exit point of ___uchar2fs
                      00134 
                      00135 
                      00136 ;       code size estimation:
                      00137 ;          27+    0 =    27 instructions (   54 byte)
                      00138 
                      00139         end
gpasm-1.9.8 (May 25 2017)    uchar2fs.asm       2017-5-31  15:52:41          PAGE  2


SYMBOL TABLE
  LABEL                             VALUE

AD0EN                             00000006
AD1EN                             00000005
AD2EN                             00000004
ADCR0                             000001B0
ADCR1                             000001B1
ADCR2                             000001B2
ADEN                              00000007
ADIE                              00000006
ADIF                              00000006
ADR10                             00000002
ADR11                             00000003
ADR12                             00000004
ADR13                             00000005
ADR14                             00000006
ADR15                             00000007
ADR16                             00000000
ADR17                             00000001
ADR18                             00000002
ADR19                             00000003
ADR20                             00000004
ADR21                             00000005
ADR22                             00000006
ADR23                             00000007
ADR8                              00000000
ADR9                              00000001
ADRH                              000001B4
ADRL                              000001B6
ADRM                              000001B5
ADVRS                             00000000
BUZ0OE                            00000005
BUZ1OE                            00000005
C                                 00000000
CHOPEN                            00000006
CLKS                              00000002
DC                                00000001
FSR                               00000184
FSR0                              00000184
FSR1                              00000185
GIE                               00000007
HFEN                              00000000
HIBYTE                            00000183
I2CIE                             00000005
I2CIF                             00000005
I2CRS                             00000007
IICAAS                            00000006
IICAR                             000001B9
IICBUSY                           00000005
IICCR                             000001B8
IICDR                             000001BA
IICE0F                            00000007
IICEN                             00000001
IICM0D                            00000004
INDF                              00000180
INDF0                             00000180
INDF1                             00000181
INDF2                             00000182
INDF3                             00000189
INT0IE                            00000002
INT0IF                            00000002
INT1IE                            00000003
INT1IF                            00000003
INTE                              0000018A
INTF                              0000018B
IOP0                              00000190
IOP1                              00000194
LDOEN                             00000001
LFEN                              00000001
LVDCR                             0000018D
LVDEN                             00000007
LVDF                              00000000
MCR                               00000188
MSTCMD                            00000002
OEP0                              00000191
OEP1                              00000195
OSCM                              0000018C
P00D                              00000000
P00OE                             00000000
P00PU                             00000000
P01D                              00000001
P01OE                             00000001
P01PU                             00000001
P02D                              00000002
P02OE                             00000002
P02PU                             00000002
P03D                              00000003
P03OE                             00000003
P03PU                             00000003
P04D                              00000004
P04OE                             00000004
P04PU                             00000004
P05D                              00000005
P05OE                             00000005
P05PU                             00000005
P06D                              00000006
P06OE                             00000006
P06PU                             00000006
P07D                              00000007
P07OE                             00000007
P07PU                             00000007
P10D                              00000000
P10OE                             00000000
P10PU                             00000000
P11D                              00000001
P11OE                             00000001
P11PU                             00000001
PCL                               00000186
PD                                00000004
PFLAG                             00000187
PUP0                              00000192
PUP1                              00000196
PWM0OE                            00000006
PWM1OE                            00000006
RACK                              00000000
RUPSEL                            00000193
SACK                              00000003
STATUS                            00000187
STBH                              00000004
STBL                              00000005
STK00                             00000000
STK01                             00000000
STK02                             00000000
STK03                             00000000
STK04                             00000000
STK05                             00000000
STK06                             00000000
T0CNT                             000001A1
T0CR                              000001A0
T0DATA                            000001A3
T0EN                              00000007
T0IE                              00000000
T0IF                              00000000
T0LOAD                            000001A2
T1CNT                             000001A5
T1CR                              000001A4
T1DATA                            000001A7
T1EN                              00000007
T1IE                              00000001
T1IF                              00000001
T1LOAD                            000001A6
TO                                00000005
VLDOS0                            00000003
VLDOS1                            00000002
Z                                 00000002
_CONFIG0                          00000FEC
_CONFIG1                          00000FED
__9902                            00000001
___fs2schar                       00000000
___fs2sint                        00000000
___fs2slong                       00000000
___fs2uchar                       00000000
___fs2uint                        00000000
___fs2ulong                       00000000
___fsadd                          00000000
___fsdiv                          00000000
___fseq                           00000000
___fsgt                           00000000
___fslt                           00000000
___fsmul                          00000000
___fsneq                          00000000
___fssub                          00000000
___schar2fs                       00000000
___sint2fs                        00000000
___slong2fs                       00000000
___uchar2fs                       00000000
___uint2fs                        00000000
___ulong2fs                       00000000
r0x1000                           00000000
r0x1001                           00000001
r0x1002                           00000002
r0x1003                           00000003

Errors   :     0
Warnings :     0 reported,     0 suppressed
Messages :     1 reported,     0 suppressed

