This file contains any messages produced by compilers while
running configure, to aid debugging if configure makes a mistake.

It was created by configure, which was
generated by GNU Autoconf 2.69.  Invocation command line was

  $ ./configure --disable-option-checking --prefix=/usr/local CFLAGS=-g CXXFLAGS=-g sdccconf_h_dir_separator=\\ --disable-mcs51-port --disable-z80-port --disable-z180-port --disable-r2k-port --disable-r3ka-port --disable-gbz80-port --disable-ds390-port --disable-ds400-port --disable-hc08-port --disable-s08-port --disable-pic14-port --disable-pic16-port --disable-device-lib --disable-sdbinutils --disable-ucsim docdir=${datarootdir}/doc/${PACKAGE} --cache-file=/dev/null --srcdir=.

## --------- ##
## Platform. ##
## --------- ##

hostname = sinomcu111-PC
uname -m = i686
uname -r = 1.0.19(0.48/3/2)
uname -s = MINGW32_NT-6.1
uname -v = 2016-07-13 17:45

/usr/bin/uname -p = unknown
/bin/uname -X     = unknown

/bin/arch              = unknown
/usr/bin/arch -k       = unknown
/usr/convex/getsysinfo = unknown
/usr/bin/hostinfo      = unknown
/bin/machine           = unknown
/usr/bin/oslevel       = unknown
/bin/universe          = unknown

PATH: .
PATH: /usr/local/bin
PATH: /mingw/bin
PATH: /bin
PATH: /e/Python3/Scripts/
PATH: /e/Python3/
PATH: /c/Windows/system32
PATH: /c/Windows
PATH: /c/Windows/System32/Wbem
PATH: /c/Windows/System32/WindowsPowerShell/v1.0/
PATH: /d/Program Files/TortoiseSVN/bin
PATH: /mingw/bin
PATH: /d/Program Files/Git/cmd
PATH: /d/Program Files/TortoiseGit/bin
PATH: .
PATH: /d/Program Files/Microsoft VS Code/bin


## ----------- ##
## Core tests. ##
## ----------- ##

configure:2112: checking for gcc
configure:2128: found /mingw/bin/gcc
configure:2139: result: gcc
configure:2368: checking for C compiler version
configure:2377: gcc --version >&5
gcc.exe (GCC) 5.3.0
Copyright (C) 2015 Free Software Foundation, Inc.
This is free software; see the source for copying conditions.  There is NO
warranty; not even for MERCHANTABILITY or FITNESS FOR A PARTICULAR PURPOSE.

configure:2388: $? = 0
configure:2377: gcc -v >&5
Using built-in specs.
COLLECT_GCC=E:\MinGW\bin\gcc.exe
COLLECT_LTO_WRAPPER=e:/mingw/bin/../libexec/gcc/mingw32/5.3.0/lto-wrapper.exe
Target: mingw32
Configured with: ../src/gcc-5.3.0/configure --build=x86_64-pc-linux-gnu --host=mingw32 --prefix=/mingw --disable-win32-registry --target=mingw32 --with-arch=i586 --enable-languages=c,c++,objc,obj-c++,fortran,ada --enable-static --enable-shared --enable-threads --with-dwarf2 --disable-sjlj-exceptions --enable-version-specific-runtime-libs --with-libintl-prefix=/mingw --enable-libstdcxx-debug --with-tune=generic --enable-libgomp --disable-libvtv --enable-nls : (reconfigured) ../src/gcc-5.3.0/configure --build=x86_64-pc-linux-gnu --host=mingw32 --prefix=/mingw --disable-win32-registry --target=mingw32 --with-arch=i586 --enable-languages=c,c++,objc,obj-c++,fortran,ada --enable-static --enable-shared --enable-threads --with-dwarf2 --disable-sjlj-exceptions --enable-version-specific-runtime-libs --with-libiconv-prefix=/mingw --with-libintl-prefix=/mingw --enable-libstdcxx-debug --with-tune=generic --enable-libgomp --disable-libvtv --enable-nls
Thread model: win32
gcc version 5.3.0 (GCC) 
configure:2388: $? = 0
configure:2377: gcc -V >&5
gcc.exe: error: unrecognized command line option '-V'
gcc.exe: fatal error: no input files
compilation terminated.
configure:2388: $? = 1
configure:2377: gcc -qversion >&5
gcc.exe: error: unrecognized command line option '-qversion'
gcc.exe: fatal error: no input files
compilation terminated.
configure:2388: $? = 1
configure:2408: checking whether the C compiler works
configure:2430: gcc -g   conftest.c  >&5
configure:2434: $? = 0
configure:2482: result: yes
configure:2485: checking for C compiler default output file name
configure:2487: result: a.exe
configure:2493: checking for suffix of executables
configure:2500: gcc -o conftest.exe -g   conftest.c  >&5
configure:2504: $? = 0
configure:2526: result: .exe
configure:2548: checking whether we are cross compiling
configure:2556: gcc -o conftest.exe -g   conftest.c  >&5
configure:2560: $? = 0
configure:2567: ./conftest.exe
configure:2571: $? = 0
configure:2586: result: no
configure:2591: checking for suffix of object files
configure:2613: gcc -c -g  conftest.c >&5
configure:2617: $? = 0
configure:2638: result: o
configure:2642: checking whether we are using the GNU C compiler
configure:2661: gcc -c -g  conftest.c >&5
configure:2661: $? = 0
configure:2670: result: yes
configure:2679: checking whether gcc accepts -g
configure:2699: gcc -c -g  conftest.c >&5
configure:2699: $? = 0
configure:2740: result: yes
configure:2757: checking for gcc option to accept ISO C89
configure:2820: gcc  -c -g  conftest.c >&5
configure:2820: $? = 0
configure:2833: result: none needed
configure:2860: checking how to run the C preprocessor
configure:2891: gcc -E  conftest.c
configure:2891: $? = 0
configure:2905: gcc -E  conftest.c
conftest.c:9:28: fatal error: ac_nonexistent.h: No such file or directory
compilation terminated.
configure:2905: $? = 1
configure: failed program was:
| /* confdefs.h */
| #define PACKAGE_NAME ""
| #define PACKAGE_TARNAME ""
| #define PACKAGE_VERSION ""
| #define PACKAGE_STRING ""
| #define PACKAGE_BUGREPORT ""
| #define PACKAGE_URL ""
| /* end confdefs.h.  */
| #include <ac_nonexistent.h>
configure:2930: result: gcc -E
configure:2950: gcc -E  conftest.c
configure:2950: $? = 0
configure:2964: gcc -E  conftest.c
conftest.c:9:28: fatal error: ac_nonexistent.h: No such file or directory
compilation terminated.
configure:2964: $? = 1
configure: failed program was:
| /* confdefs.h */
| #define PACKAGE_NAME ""
| #define PACKAGE_TARNAME ""
| #define PACKAGE_VERSION ""
| #define PACKAGE_STRING ""
| #define PACKAGE_BUGREPORT ""
| #define PACKAGE_URL ""
| /* end confdefs.h.  */
| #include <ac_nonexistent.h>
configure:2993: checking for grep that handles long lines and -e
configure:3051: result: /bin/grep
configure:3056: checking for egrep
configure:3118: result: /bin/grep -E
configure:3123: checking for ANSI C header files
configure:3143: gcc -c -g  conftest.c >&5
configure:3143: $? = 0
configure:3216: gcc -o conftest.exe -g   conftest.c  >&5
configure:3216: $? = 0
configure:3216: ./conftest.exe
configure:3216: $? = 0
configure:3227: result: yes
configure:3240: checking for sys/types.h
configure:3240: gcc -c -g  conftest.c >&5
configure:3240: $? = 0
configure:3240: result: yes
configure:3240: checking for sys/stat.h
configure:3240: gcc -c -g  conftest.c >&5
configure:3240: $? = 0
configure:3240: result: yes
configure:3240: checking for stdlib.h
configure:3240: gcc -c -g  conftest.c >&5
configure:3240: $? = 0
configure:3240: result: yes
configure:3240: checking for string.h
configure:3240: gcc -c -g  conftest.c >&5
configure:3240: $? = 0
configure:3240: result: yes
configure:3240: checking for memory.h
configure:3240: gcc -c -g  conftest.c >&5
configure:3240: $? = 0
configure:3240: result: yes
configure:3240: checking for strings.h
configure:3240: gcc -c -g  conftest.c >&5
configure:3240: $? = 0
configure:3240: result: yes
configure:3240: checking for inttypes.h
configure:3240: gcc -c -g  conftest.c >&5
configure:3240: $? = 0
configure:3240: result: yes
configure:3240: checking for stdint.h
configure:3240: gcc -c -g  conftest.c >&5
configure:3240: $? = 0
configure:3240: result: yes
configure:3240: checking for unistd.h
configure:3240: gcc -c -g  conftest.c >&5
configure:3240: $? = 0
configure:3240: result: yes
configure:3256: checking size of char
configure:3261: gcc -o conftest.exe -g   conftest.c  >&5
configure:3261: $? = 0
configure:3261: ./conftest.exe
configure:3261: $? = 0
configure:3275: result: 1
configure:3289: checking size of short
configure:3294: gcc -o conftest.exe -g   conftest.c  >&5
configure:3294: $? = 0
configure:3294: ./conftest.exe
configure:3294: $? = 0
configure:3308: result: 2
configure:3322: checking size of int
configure:3327: gcc -o conftest.exe -g   conftest.c  >&5
configure:3327: $? = 0
configure:3327: ./conftest.exe
configure:3327: $? = 0
configure:3341: result: 4
configure:3355: checking size of long
configure:3360: gcc -o conftest.exe -g   conftest.c  >&5
configure:3360: $? = 0
configure:3360: ./conftest.exe
configure:3360: $? = 0
configure:3374: result: 4
configure:3388: checking size of long long
configure:3393: gcc -o conftest.exe -g   conftest.c  >&5
configure:3393: $? = 0
configure:3393: ./conftest.exe
configure:3393: $? = 0
configure:3407: result: 8
configure:3443: checking type name for byte
configure:3446: result: char
configure:3448: checking type name for word
configure:3451: result: short
configure:3592: creating ./config.status

## ---------------------- ##
## Running config.status. ##
## ---------------------- ##

This file was extended by config.status, which was
generated by GNU Autoconf 2.69.  Invocation command line was

  CONFIG_FILES    = 
  CONFIG_HEADERS  = 
  CONFIG_LINKS    = 
  CONFIG_COMMANDS = 
  $ ./config.status 

on sinomcu111-PC

config.status:806: creating Makefile
config.status:806: creating config.h
config.status:976: config.h is unchanged

## ---------------- ##
## Cache variables. ##
## ---------------- ##

ac_cv_c_compiler_gnu=yes
ac_cv_env_CC_set=
ac_cv_env_CC_value=
ac_cv_env_CFLAGS_set=set
ac_cv_env_CFLAGS_value=-g
ac_cv_env_CPPFLAGS_set=
ac_cv_env_CPPFLAGS_value=
ac_cv_env_CPP_set=
ac_cv_env_CPP_value=
ac_cv_env_LDFLAGS_set=
ac_cv_env_LDFLAGS_value=
ac_cv_env_LIBS_set=
ac_cv_env_LIBS_value=
ac_cv_env_build_alias_set=
ac_cv_env_build_alias_value=
ac_cv_env_host_alias_set=
ac_cv_env_host_alias_value=
ac_cv_env_target_alias_set=
ac_cv_env_target_alias_value=
ac_cv_exeext=.exe
ac_cv_header_inttypes_h=yes
ac_cv_header_memory_h=yes
ac_cv_header_stdc=yes
ac_cv_header_stdint_h=yes
ac_cv_header_stdlib_h=yes
ac_cv_header_string_h=yes
ac_cv_header_strings_h=yes
ac_cv_header_sys_stat_h=yes
ac_cv_header_sys_types_h=yes
ac_cv_header_unistd_h=yes
ac_cv_objext=o
ac_cv_path_EGREP='/bin/grep -E'
ac_cv_path_GREP=/bin/grep
ac_cv_prog_CPP='gcc -E'
ac_cv_prog_ac_ct_CC=gcc
ac_cv_prog_cc_c89=
ac_cv_prog_cc_g=yes
ac_cv_sizeof_char=1
ac_cv_sizeof_int=4
ac_cv_sizeof_long=4
ac_cv_sizeof_long_long=8
ac_cv_sizeof_short=2

## ----------------- ##
## Output variables. ##
## ----------------- ##

CC='gcc'
CFLAGS='-g'
CPP='gcc -E'
CPPFLAGS=''
DEFS='-DHAVE_CONFIG_H'
ECHO_C=''
ECHO_N='-n'
ECHO_T=''
EGREP='/bin/grep -E'
EXEEXT='.exe'
GREP='/bin/grep'
LDFLAGS=''
LIBOBJS=''
LIBS=''
LTLIBOBJS=''
OBJEXT='o'
PACKAGE_BUGREPORT=''
PACKAGE_NAME=''
PACKAGE_STRING=''
PACKAGE_TARNAME=''
PACKAGE_URL=''
PACKAGE_VERSION=''
PATH_SEPARATOR=':'
SHELL='/bin/sh'
ac_ct_CC='gcc'
bindir='${exec_prefix}/bin'
build_alias=''
datadir='${datarootdir}'
datarootdir='${prefix}/share'
docdir='${datarootdir}/doc/${PACKAGE}'
dvidir='${docdir}'
exec_prefix='${prefix}'
host_alias=''
htmldir='${docdir}'
includedir='${prefix}/include'
infodir='${datarootdir}/info'
libdir='${exec_prefix}/lib'
libexecdir='${exec_prefix}/libexec'
localedir='${datarootdir}/locale'
localstatedir='${prefix}/var'
mandir='${datarootdir}/man'
oldincludedir='/usr/include'
pdfdir='${docdir}'
prefix='/usr/local'
program_transform_name='s,x,x,'
psdir='${docdir}'
sbindir='${exec_prefix}/sbin'
sharedstatedir='${prefix}/com'
sysconfdir='${prefix}/etc'
target_alias=''

## ----------- ##
## confdefs.h. ##
## ----------- ##

/* confdefs.h */
#define PACKAGE_NAME ""
#define PACKAGE_TARNAME ""
#define PACKAGE_VERSION ""
#define PACKAGE_STRING ""
#define PACKAGE_BUGREPORT ""
#define PACKAGE_URL ""
#define STDC_HEADERS 1
#define HAVE_SYS_TYPES_H 1
#define HAVE_SYS_STAT_H 1
#define HAVE_STDLIB_H 1
#define HAVE_STRING_H 1
#define HAVE_MEMORY_H 1
#define HAVE_STRINGS_H 1
#define HAVE_INTTYPES_H 1
#define HAVE_STDINT_H 1
#define HAVE_UNISTD_H 1
#define SIZEOF_CHAR 1
#define SIZEOF_SHORT 2
#define SIZEOF_INT 4
#define SIZEOF_LONG 4
#define SIZEOF_LONG_LONG 8
#define TYPE_BYTE char
#define TYPE_WORD short
#define TYPE_UBYTE unsigned char
#define TYPE_UWORD unsigned short

configure: exit 0
