gpasm-1.7.0_beta1 (Jan 22 2015)_divulong.asm      2015-1-22  23:36:17          PAGE  1


LOC  OBJECT CODE     LINE SOURCE TEXT
  VALUE

                      00001 ;--------------------------------------------------------
                      00002 ; File Created by SN-SDCC : ANSI-C Compiler
                      00003 ; Version 0.0.4 (Jan 22 2015) (Linux)
                      00004 ; This file was generated Thu Jan 22 23:36:17 2015
                      00005 ;--------------------------------------------------------
                      00006 ; MC3X port for the RISC core
                      00007 ;--------------------------------------------------------
                      00008 ;       .file   "../libsdcc/_divulong.c"
                      00009         list    p=32p7022
                      00010         radix dec
                      00011         include "mc32p7022.inc"
                      00001 
                      00002 
                      00003 ;mc32p7022 header file
                      00004 ;
                      00005 ; 
                      00006 
                      00007 ;define must write at first row
                      00008 
  00000180            00009 INDF    EQU     0X180  
  00000180            00010 INDF0   EQU     0X180
  00000181            00011 INDF1   EQU     0X181
  00000182            00012 INDF2   EQU     0X182
  00000183            00013 HIBYTE  EQU     0X183
  00000184            00014 FSR     EQU     0X184
  00000184            00015 FSR0    EQU     0X184
  00000185            00016 FSR1    EQU     0X185
  00000186            00017 PCL     EQU     0X186
  00000187            00018 STATUS  EQU     0X187
  00000188            00019 MCR     EQU     0X188
  00000189            00020 INDF3   EQU     0X189   
  0000018A            00021 INTE    EQU     0X18A
  0000018B            00022 INTF    EQU     0X18B
  00000190            00023 IOP0    EQU     0X190
  00000191            00024 OEP0    EQU     0X191
  00000192            00025 PUP0    EQU     0X192
  00000193            00026 PDP0    EQU     0X193
  00000197            00027 KBCR    EQU     0X197
  000001A0            00028 T0CR0   EQU     0X1A0
  000001A1            00029 T0CNT   EQU     0X1A1
  000001A2            00030 T0LOAD  EQU     0X1A2
  000001A3            00031 T00DATA EQU     0X1A3
  000001A4            00032 T1CR    EQU     0X1A4
  000001A5            00033 T1CNT   EQU     0X1A5
  000001A6            00034 T1LOAD  EQU     0X1A6
  000001A7            00035 T1DATA  EQU     0X1A7
  000001A8            00036 T0CR1   EQU     0X1A8
  000001A9            00037 T01DATA EQU     0X1A9
  000001AC            00038 LXTCR   EQU     0X1AC
  000001AD            00039 LVDCR   EQU     0X1AD
  000001AE            00040 OSCM    EQU     0X1AE
  000001B0            00041 ADCR0   EQU     0X1B0
  000001B1            00042 ADCR1   EQU     0X1B1
  000001B2            00043 ADCR2   EQU     0X1B2
  000001B3            00044 ADIOS   EQU     0X1B3
  000001B4            00045 ADVR0   EQU     0X1B4
  000001B5            00046 ADVR1   EQU     0X1B5
  000001B6            00047 ADVR2   EQU     0X1B6
  000001B8            00048 ADRH    EQU     0X1B8
  000001B9            00049 ADRL    EQU     0X1B9
  000001BC            00050 KEYCR0  EQU     0X1BC
  000001BD            00051 KEYCR1  EQU     0X1BD
  000001FB            00052 OSCCAL  EQU     0X1FB
                      00053 
                      00054 
                      00055 
                      00056 ;MCR 
                      00057 #define         GIE             MCR,7
                      00058 #define         T0              MCR,5
                      00059 #define         PD              MCR,4
                      00060 ;#define         MINT1
                      00061   
                      00062 
                      00063 ;STATUS bit 
                      00064 #define         Z       STATUS,2
                      00065 #define         DC      STATUS,1
                      00066 #define         C       STATUS,0 
                      00067 
                      00068 
                      00069 ;INTE0
                      00070 ; 1=enable, 0=disable
                      00071 #define         ADIE    INTE,6
                      00072 #define         I2CIE   INTE,5
                      00073 #define         T2IE    INTE,4
                      00074 #define         INT1IE  INTE,3
                      00075 #define         INT0IE  INTE,2
                      00076 #define         T1IE    INTE,1
                      00077 #define         T0IE    INTE,0
                      00078 
                      00079 ;TIME0
                      00080 #define         TC0EN           T0CR,7
                      00081 #define         PWM0OUT         T0CR,6
                      00082 #define         BUZZ0OUT        T0CR,5
                      00083 #define         T0PS1           T0CR,4
                      00084 #define         T0PTS0          T0CR,3
                      00085 ;#define         T0PR2
                      00086 
                      00087 ;OSCM
                      00088 #define         STBL    OSCM,5
                      00089 #define         STBH    OSCM,4
                      00090 #define         CLKS    OSCM,2
                      00091 #define         LFEN    OSCM,1
                      00092 #define         HFEN    OSCM,0          
                      00093 
                      00094 ;TIME0
                      00095 #define         TC1EN           T1CR,7
                      00096 #define         PWM1OUT         T1CR,6
                      00097 #define         BUZZ1OUT        T1CR,5
                      00098 #define         T1PS1           T1CR,4
                      00099 #define         T1PTS0          T1CR,3
                      00100 
                      00101 ;INTFLAG
                      00102 ;1=active ,
                      00103 #define         ADIF    INTFLAG,6 
                      00104 #define         I2CIF   INTFLAG,5
                      00105 #define         T2IF    INTFLAG,4
                      00106 #define         INT1IF  INTFLAG,3
                      00107 #define         INT0IF  INTFLAG,2
                      00108 #define         T1IF    INTFLAG,1
                      00109 #define         T0IF    INTFLAG,0
                      00110 
                      00111 
                      00112 ;-------------------------------------------------------
                      00113 ;timer2
                      00114 ;----------------------------
                      00115 ;T2CR
                      00116 #define                 TC2EN                           T2CR,7
                      00117 #define                 T2MODE                  T2CR,6
                      00118 
                      00119 
                      00120 ;TK0CRH
                      00121 #define                                 TK0JE           TK0CRH,5
                      00122 #define                                 TK0RCE  TK0CRH,4
                      00123 #define                                 TK0CLR  TK0CRH,3
                      00124 ;TK1CRH
                      00125 #define                                 TK1JE           TK1CRH,5
                      00126 #define                                 TK1RCE  TK1CRH,4
                      00127 #define                                 TK1CLR  TK1CRH,3
                      00128 ;TK2CRH
                      00129 #define                                 TK2JE           TK2CRH,5
                      00130 #define                                 TK2RCE  TK2CRH,4
                      00131 #define                                 TK2CLR  TK2CRH,3
                      00132 
                      00133 
                      00134 ;TKnCRL
                      00135 #define                                 TK0IF           TK0CRL,7
                      00136 #define                                 TK0IE           TK0CRL,6
                      00137                                         
                      00138 ;TKnCRL
                      00139 #define                                 TK1IF           TK1CRL,7
                      00140 #define                                 TK1IE           TK1CRL,6
                      00141 
                      00142 ;TKnCRL
                      00143 #define                                 TK2IF           TK2CRL,7
                      00144 #define                                 TK2IE           TK2CRL,6
                      00145 
                      00146 ;ADCR0
                      00147 #define         ADEOC   ADCR0,1
                      00148 #define         ADON    ADCR0,0      
                      00149 
                      00150 ;I2CCR
                      00151 #define                 HCF                     I2CCR,7 ;data send end flag
                      00152 #define                 HAAS            I2CCR,6      ;addr matching flag 
                      00153 #define                 HBB                     I2CCR,5                         ;
                      00154 #define                 HTX                     I2CCR,4
                      00155 #define                 TXAK            I2CCR,3
                      00156 #define                 SRW                     I2CCR,2
                      00157 #define                 HEN                     I2CCR,1
                      00158 #define                 RXAK            I2CCR,0
                      00159 
                      00160 ;-------adc chanal----------------------------------------
                      00161 #define         AD0     0X00
                      00162 #define         AD1     0X10
                      00163 #define         AD2     0X20
                      00164 #define         AD3     0X30
                      00165 #define         AD4     0X40
                      00166 #define         AD5     0X50
                      00167 #define         AD6     0X60
                      00168 #define         AD7     0X70
                      00169 #define         LDO     0X80
                      00170 #define         AD_VDD          0XD0
                      00171 #define         AD_VDD_4DIV     0XE0
                      00172 #define         AD_VDD_2DIV     0XF0
                      00173 
                      00012 ;--------------------------------------------------------
                      00013 ; external declarations
                      00014 ;--------------------------------------------------------
                      00015 
                      00016         extern STK06
                      00017         extern STK05
                      00018         extern STK04
                      00019         extern STK03
                      00020         extern STK02
                      00021         extern STK01
                      00022         extern STK00
                      00023 ;--------------------------------------------------------
                      00024 ; global declarations
                      00025 ;--------------------------------------------------------
                      00026         global  __divulong
                      00027 
                      00028 ;--------------------------------------------------------
                      00029 ; global definitions
                      00030 ;--------------------------------------------------------
                      00031 ;--------------------------------------------------------
                      00032 ; absolute symbol definitions
                      00033 ;--------------------------------------------------------
                      00034 ;--------------------------------------------------------
                      00035 ; compiler-defined variables
                      00036 ;--------------------------------------------------------
                      00037 UDL__divulong_0 udata
0000                  00038 r0x1003 res     1
0000                  00039 r0x1002 res     1
0001                  00040 r0x1001 res     1
0001                  00041 r0x1000 res     1
0002                  00042 r0x1007 res     1
0002                  00043 r0x1006 res     1
0003                  00044 r0x1005 res     1
0003                  00045 r0x1004 res     1
0004                  00046 r0x1008 res     1
0004                  00047 r0x1009 res     1
0005                  00048 r0x100A res     1
0005                  00049 r0x100B res     1
0006                  00050 r0x100C res     1
0006                  00051 r0x100D res     1
0007                  00052 r0x100E res     1
0007                  00053 r0x100F res     1
                      00054 ;--------------------------------------------------------
                      00055 ; initialized data
                      00056 ;--------------------------------------------------------
                      00057 ;--------------------------------------------------------
                      00058 ; overlayable items in internal ram 
                      00059 ;--------------------------------------------------------
                      00060 ;       udata_ovr
                      00061 ;--------------------------------------------------------
                      00062 ; code
                      00063 ;--------------------------------------------------------
                      00064 code__divulong  code
                      00065 ;***
                      00066 ;  pBlock Stats: dbName = C
                      00067 ;***
                      00068 ;entry:  __divulong     ;Function start
                      00069 ; 2 exit points
                      00070 ;has an exit
                      00071 ;23 compiler assigned registers:
                      00072 ;   r0x1000
                      00073 ;   STK00
                      00074 ;   r0x1001
                      00075 ;   STK01
                      00076 ;   r0x1002
                      00077 ;   STK02
                      00078 ;   r0x1003
                      00079 ;   STK03
                      00080 ;   r0x1004
                      00081 ;   STK04
                      00082 ;   r0x1005
                      00083 ;   STK05
                      00084 ;   r0x1006
                      00085 ;   STK06
                      00086 ;   r0x1007
                      00087 ;   r0x1008
                      00088 ;   r0x1009
                      00089 ;   r0x100A
                      00090 ;   r0x100B
                      00091 ;   r0x100C
                      00092 ;   r0x100D
                      00093 ;   r0x100E
                      00094 ;   r0x100F
                      00095 ;; Starting pCode block
                      00096 ;;[ICODE] ../libsdcc/_divulong.c:30:  _entry($12) :
                      00097 ;;[ICODE] ../libsdcc/_divulong.c:30:    proc __divulong [k1 lr0:0 so:0]{ ia0 a2p0 re0 rm0 nos0 ru0 dp0}{unsigned-long-int function ( unsigned-long-int fixed, unsigned-long-int fixed) fixed}
0000                  00098 __divulong      ;Function start
                      00099 ; 2 exit points
                      00100 ;;[ICODE] ../libsdcc/_divulong.c:30: iTemp0 [k2 lr3:32 so:0]{ ia0 a2p0 re1 rm0 nos0 ru0 dp0}{unsigned-long-int fixed}{ sir@ __divulong_a_1_1}[r0x1000 r0x1001 r0x1002 r0x1003 ] = recv __divulong [k1 lr0:0 so:0]{ ia0 a2p0 re0 rm0 nos0 ru0 dp0}{unsigned-long-int function ( unsigned-long-int fixed, unsigned-long-int fixed) fixed}
                      00101 ;       .line   30; "../libsdcc/_divulong.c"    _divulong (unsigned long a, unsigned long b)
0000   5600           00102         MOVRA   r0x1000
0001   5800           00103         MOVAR   STK00
0002   5600           00104         MOVRA   r0x1001
0003   5800           00105         MOVAR   STK01
0004   5600           00106         MOVRA   r0x1002
0005   5800           00107         MOVAR   STK02
0006   5600           00108         MOVRA   r0x1003
                      00109 ;;[ICODE] ../libsdcc/_divulong.c:30: iTemp1 [k4 lr4:32 so:0]{ ia0 a2p0 re1 rm0 nos0 ru0 dp0}{unsigned-long-int fixed}{ sir@ __divulong_b_1_1}[r0x1004 r0x1005 r0x1006 r0x1007 ] = recv __divulong [k1 lr0:0 so:0]{ ia0 a2p0 re0 rm0 nos0 ru0 dp0}{unsigned-long-int function ( unsigned-long-int fixed, unsigned-long-int fixed) fixed}
0007   5800           00110         MOVAR   STK03
0008   5600           00111         MOVRA   r0x1004
0009   5800           00112         MOVAR   STK04
000A   5600           00113         MOVRA   r0x1005
000B   5800           00114         MOVAR   STK05
000C   5600           00115         MOVRA   r0x1006
000D   5800           00116         MOVAR   STK06
000E   5600           00117         MOVRA   r0x1007
                      00118 ;;[ICODE] ../libsdcc/_divulong.c:32:    iTemp2 [k6 lr5:34 so:0]{ ia0 a2p0 re1 rm0 nos0 ru0 dp0}{unsigned-long-int fixed}{ sir@ __divulong_result_1_2}[r0x1008 r0x1009 r0x100A r0x100B ] := 0x0 {unsigned-long-int literal}
                      00119 ;       .line   32; "../libsdcc/_divulong.c"    unsigned long result = 0;
000F   7600           00120         CLRR    r0x1008
0010   7600           00121         CLRR    r0x1009
0011   7600           00122         CLRR    r0x100A
0012   7600           00123         CLRR    r0x100B
                      00124 ;;[ICODE] ../libsdcc/_divulong.c:33:    iTemp3 [k8 lr6:32 so:0]{ ia0 a2p0 re1 rm0 nos0 ru0 dp0}{unsigned-long-int fixed}{ sir@ __divulong_mask_1_2}[r0x100C r0x100D r0x100E r0x100F ] := 0x1 {unsigned-long-int literal}
                      00125 ;       .line   33; "../libsdcc/_divulong.c"    unsigned long mask = 0x01;
0013   3C01           00126         MOVAI   0x01
0014   5600           00127         MOVRA   r0x100C
0015   7600           00128         CLRR    r0x100D
0016   7600           00129         CLRR    r0x100E
0017   7600           00130         CLRR    r0x100F
                      00131 ;;[ICODE] ../libsdcc/_divulong.c:36:    if iTemp1 [k4 lr4:32 so:0]{ ia0 a2p0 re1 rm0 nos0 ru0 dp0}{unsigned-long-int fixed}{ sir@ __divulong_b_1_1}[r0x1004 r0x1005 r0x1006 r0x1007 ] != 0 goto _whilecontinue_0($3)
                      00132 ;       .line   36; "../libsdcc/_divulong.c"    if (!b) return (unsigned long)-1;
0018   5800           00133         MOVAR   r0x1007
0019   5C00           00134         ORAR    r0x1006
001A   5C00           00135         ORAR    r0x1005
001B   5C00           00136         ORAR    r0x1004
001C   E587           00137         JBSET   STATUS,2
001D   A000           00138         GOTO    _00107_DS_
                      00139 ;;[ICODE] ../libsdcc/_divulong.c:36:    ret 0xffffffff {unsigned-long-int literal}
001E   3CFF           00140         MOVAI   0xff
001F   5600           00141         MOVRA   STK02
0020   3CFF           00142         MOVAI   0xff
0021   5600           00143         MOVRA   STK01
0022   3CFF           00144         MOVAI   0xff
0023   5600           00145         MOVRA   STK00
0024   3CFF           00146         MOVAI   0xff
0025   A000           00147         GOTO    _00115_DS_
                      00148 ;;[ICODE] ../libsdcc/_divulong.c:40:  _whilecontinue_0($3) :
                      00149 ;;[ICODE] ../libsdcc/_divulong.c:40:    iTemp4 [k10 lr11:12 so:0]{ ia0 a2p0 re0 rm0 nos0 ru0 dp0}{unsigned-long-int register} = iTemp1 [k4 lr4:32 so:0]{ ia0 a2p0 re1 rm0 nos0 ru0 dp0}{unsigned-long-int fixed}{ sir@ __divulong_b_1_1}[r0x1004 r0x1005 r0x1006 r0x1007 ] & 0x80000000 {unsigned-long-int literal}
0026                  00150 _00107_DS_
                      00151 ;       .line   40; "../libsdcc/_divulong.c"    while (!(b & (1UL << (8*sizeof(unsigned long)-1)))) {
0026   FE00           00152         JBCLR   r0x1004,7
0027   A000           00153         GOTO    _00112_DS_
                      00154 ;;[ICODE] ../libsdcc/_divulong.c:40:    if iTemp4 [k10 lr11:12 so:0]{ ia0 a2p0 re0 rm0 nos0 ru0 dp0}{unsigned-long-int register} != 0 goto _whilecontinue_1($8)
                      00155 ;;[ICODE] ../libsdcc/_divulong.c:41:    iTemp1 [k4 lr4:32 so:0]{ ia0 a2p0 re1 rm0 nos0 ru0 dp0}{unsigned-long-int fixed}{ sir@ __divulong_b_1_1}[r0x1004 r0x1005 r0x1006 r0x1007 ] = iTemp1 [k4 lr4:32 so:0]{ ia0 a2p0 re1 rm0 nos0 ru0 dp0}{unsigned-long-int fixed}{ sir@ __divulong_b_1_1}[r0x1004 r0x1005 r0x1006 r0x1007 ] << 0x1 {const-unsigned-char literal}
                      00156 ;       .line   41; "../libsdcc/_divulong.c"    b <<= 1;
0028   D187           00157         BCLR    STATUS,0
0029   5200           00158         RLR     r0x1007
002A   5200           00159         RLR     r0x1006
002B   5200           00160         RLR     r0x1005
002C   5200           00161         RLR     r0x1004
                      00162 ;;[ICODE] ../libsdcc/_divulong.c:42:    iTemp3 [k8 lr6:32 so:0]{ ia0 a2p0 re1 rm0 nos0 ru0 dp0}{unsigned-long-int fixed}{ sir@ __divulong_mask_1_2}[r0x100C r0x100D r0x100E r0x100F ] = iTemp3 [k8 lr6:32 so:0]{ ia0 a2p0 re1 rm0 nos0 ru0 dp0}{unsigned-long-int fixed}{ sir@ __divulong_mask_1_2}[r0x100C r0x100D r0x100E r0x100F ] << 0x1 {const-unsigned-char literal}
                      00163 ;       .line   42; "../libsdcc/_divulong.c"    mask <<= 1;
002D   D187           00164         BCLR    STATUS,0
002E   5200           00165         RLR     r0x100C
002F   5200           00166         RLR     r0x100D
0030   5200           00167         RLR     r0x100E
0031   5200           00168         RLR     r0x100F
                      00169 ;;[ICODE] ../libsdcc/_divulong.c:42:     goto _whilecontinue_0($3)
0032   A000           00170         GOTO    _00107_DS_
                      00171 ;;[ICODE] ../libsdcc/_divulong.c:47:  _whilecontinue_1($8) :
                      00172 ;;[ICODE] ../libsdcc/_divulong.c:47:    if iTemp3 [k8 lr6:32 so:0]{ ia0 a2p0 re1 rm0 nos0 ru0 dp0}{unsigned-long-int fixed}{ sir@ __divulong_mask_1_2}[r0x100C r0x100D r0x100E r0x100F ] == 0 goto _whilebreak_1($10)
0033                  00173 _00112_DS_
                      00174 ;       .line   47; "../libsdcc/_divulong.c"    while (mask) {
0033   5800           00175         MOVAR   r0x100C
0034   5C00           00176         ORAR    r0x100D
0035   5C00           00177         ORAR    r0x100E
0036   5C00           00178         ORAR    r0x100F
0037   F587           00179         JBCLR   STATUS,2
0038   A000           00180         GOTO    _00114_DS_
                      00181 ;;[ICODE] ../libsdcc/_divulong.c:48:    iTemp7 [k13 lr21:22 so:0]{ ia0 a2p0 re0 rm0 nos0 ru0 dp0}{char fixed} = iTemp0 [k2 lr3:32 so:0]{ ia0 a2p0 re1 rm0 nos0 ru0 dp0}{unsigned-long-int fixed}{ sir@ __divulong_a_1_1}[r0x1000 r0x1001 r0x1002 r0x1003 ] < iTemp1 [k4 lr4:32 so:0]{ ia0 a2p0 re1 rm0 nos0 ru0 dp0}{unsigned-long-int fixed}{ sir@ __divulong_b_1_1}[r0x1004 r0x1005 r0x1006 r0x1007 ]
                      00182 ;       .line   48; "../libsdcc/_divulong.c"    if (a >= b) {
0039   5800           00183         MOVAR   r0x1004
003A   4800           00184         RSUBAR  r0x1000
003B   E587           00185         JBSET   STATUS,2
003C   A000           00186         GOTO    _00129_DS_
003D   5800           00187         MOVAR   r0x1005
003E   4800           00188         RSUBAR  r0x1001
003F   E587           00189         JBSET   STATUS,2
0040   A000           00190         GOTO    _00129_DS_
0041   5800           00191         MOVAR   r0x1006
0042   4800           00192         RSUBAR  r0x1002
0043   E587           00193         JBSET   STATUS,2
0044   A000           00194         GOTO    _00129_DS_
0045   5800           00195         MOVAR   r0x1007
0046   4800           00196         RSUBAR  r0x1003
0047                  00197 _00129_DS_
0047   E187           00198         JBSET   STATUS,0
0048   A000           00199         GOTO    _00111_DS_
                      00200 ;;genSkipc:3246: created from rifx:0xbff25100
                      00201 ;;[ICODE] ../libsdcc/_divulong.c:48:    if iTemp7 [k13 lr21:22 so:0]{ ia0 a2p0 re0 rm0 nos0 ru0 dp0}{char fixed} != 0 goto _iffalse_1($7)
                      00202 ;;[ICODE] ../libsdcc/_divulong.c:49:    iTemp2 [k6 lr5:34 so:0]{ ia0 a2p0 re1 rm0 nos0 ru0 dp0}{unsigned-long-int fixed}{ sir@ __divulong_result_1_2}[r0x1008 r0x1009 r0x100A r0x100B ] = iTemp2 [k6 lr5:34 so:0]{ ia0 a2p0 re1 rm0 nos0 ru0 dp0}{unsigned-long-int fixed}{ sir@ __divulong_result_1_2}[r0x1008 r0x1009 r0x100A r0x100B ] + iTemp3 [k8 lr6:32 so:0]{ ia0 a2p0 re1 rm0 nos0 ru0 dp0}{unsigned-long-int fixed}{ sir@ __divulong_mask_1_2}[r0x100C r0x100D r0x100E r0x100F ]
                      00203 ;       .line   49; "../libsdcc/_divulong.c"    result += mask;
0049   5800           00204         MOVAR   r0x100C
004A   7E00           00205         ADDRA   r0x1008
004B   5800           00206         MOVAR   r0x100D
004C   F187           00207         JBCLR   STATUS,0
004D   6000           00208         JZAR    r0x100D
004E   7E00           00209         ADDRA   r0x1009
004F   5800           00210         MOVAR   r0x100E
0050   F187           00211         JBCLR   STATUS,0
0051   6000           00212         JZAR    r0x100E
0052   7E00           00213         ADDRA   r0x100A
0053   5800           00214         MOVAR   r0x100F
0054   F187           00215         JBCLR   STATUS,0
0055   6000           00216         JZAR    r0x100F
0056   7E00           00217         ADDRA   r0x100B
                      00218 ;;[ICODE] ../libsdcc/_divulong.c:50:    iTemp0 [k2 lr3:32 so:0]{ ia0 a2p0 re1 rm0 nos0 ru0 dp0}{unsigned-long-int fixed}{ sir@ __divulong_a_1_1}[r0x1000 r0x1001 r0x1002 r0x1003 ] = iTemp0 [k2 lr3:32 so:0]{ ia0 a2p0 re1 rm0 nos0 ru0 dp0}{unsigned-long-int fixed}{ sir@ __divulong_a_1_1}[r0x1000 r0x1001 r0x1002 r0x1003 ] - iTemp1 [k4 lr4:32 so:0]{ ia0 a2p0 re1 rm0 nos0 ru0 dp0}{unsigned-long-int fixed}{ sir@ __divulong_b_1_1}[r0x1004 r0x1005 r0x1006 r0x1007 ]
                      00219 ;       .line   50; "../libsdcc/_divulong.c"    a -= b;
0057   5800           00220         MOVAR   r0x1007
0058   4A00           00221         RSUBRA  r0x1003
0059   5800           00222         MOVAR   r0x1006
005A   E187           00223         JBSET   STATUS,0
005B   6000           00224         JZAR    r0x1006
005C   4A00           00225         RSUBRA  r0x1002
005D   5800           00226         MOVAR   r0x1005
005E   E187           00227         JBSET   STATUS,0
005F   6000           00228         JZAR    r0x1005
0060   4A00           00229         RSUBRA  r0x1001
0061   5800           00230         MOVAR   r0x1004
0062   E187           00231         JBSET   STATUS,0
0063   6000           00232         JZAR    r0x1004
0064   4A00           00233         RSUBRA  r0x1000
                      00234 ;;[ICODE] ../libsdcc/_divulong.c:50:  _iffalse_1($7) :
                      00235 ;;[ICODE] ../libsdcc/_divulong.c:52:    iTemp1 [k4 lr4:32 so:0]{ ia0 a2p0 re1 rm0 nos0 ru0 dp0}{unsigned-long-int fixed}{ sir@ __divulong_b_1_1}[r0x1004 r0x1005 r0x1006 r0x1007 ] = iTemp1 [k4 lr4:32 so:0]{ ia0 a2p0 re1 rm0 nos0 ru0 dp0}{unsigned-long-int fixed}{ sir@ __divulong_b_1_1}[r0x1004 r0x1005 r0x1006 r0x1007 ] >> 0x1 {const-unsigned-char literal}
                      00236 ;;shiftRight_Left2ResultLit:5278: shCount=1, size=4, sign=0, same=1, offr=0
0065                  00237 _00111_DS_
                      00238 ;       .line   52; "../libsdcc/_divulong.c"    b >>= 1;
0065   D187           00239         BCLR    STATUS,0
0066   4E00           00240         RRR     r0x1004
0067   4E00           00241         RRR     r0x1005
0068   4E00           00242         RRR     r0x1006
0069   4E00           00243         RRR     r0x1007
                      00244 ;;[ICODE] ../libsdcc/_divulong.c:53:    iTemp3 [k8 lr6:32 so:0]{ ia0 a2p0 re1 rm0 nos0 ru0 dp0}{unsigned-long-int fixed}{ sir@ __divulong_mask_1_2}[r0x100C r0x100D r0x100E r0x100F ] = iTemp3 [k8 lr6:32 so:0]{ ia0 a2p0 re1 rm0 nos0 ru0 dp0}{unsigned-long-int fixed}{ sir@ __divulong_mask_1_2}[r0x100C r0x100D r0x100E r0x100F ] >> 0x1 {const-unsigned-char literal}
                      00245 ;;shiftRight_Left2ResultLit:5278: shCount=1, size=4, sign=0, same=1, offr=0
                      00246 ;       .line   53; "../libsdcc/_divulong.c"    mask >>= 1;
006A   D187           00247         BCLR    STATUS,0
006B   4E00           00248         RRR     r0x100F
006C   4E00           00249         RRR     r0x100E
006D   4E00           00250         RRR     r0x100D
006E   4E00           00251         RRR     r0x100C
                      00252 ;;[ICODE] ../libsdcc/_divulong.c:53:     goto _whilecontinue_1($8)
006F   A000           00253         GOTO    _00112_DS_
                      00254 ;;[ICODE] ../libsdcc/_divulong.c:53:  _whilebreak_1($10) :
                      00255 ;;[ICODE] ../libsdcc/_divulong.c:56:    ret iTemp2 [k6 lr5:34 so:0]{ ia0 a2p0 re1 rm0 nos0 ru0 dp0}{unsigned-long-int fixed}{ sir@ __divulong_result_1_2}[r0x1008 r0x1009 r0x100A r0x100B ]
0070                  00256 _00114_DS_
                      00257 ;       .line   56; "../libsdcc/_divulong.c"    return result;
0070   5800           00258         MOVAR   r0x1008
0071   5600           00259         MOVRA   STK02
0072   5800           00260         MOVAR   r0x1009
0073   5600           00261         MOVRA   STK01
0074   5800           00262         MOVAR   r0x100A
0075   5600           00263         MOVRA   STK00
0076   5800           00264         MOVAR   r0x100B
                      00265 ;;[ICODE] ../libsdcc/_divulong.c:56:  _return($11) :
                      00266 ;;[ICODE] ../libsdcc/_divulong.c:56:    eproc __divulong [k1 lr0:0 so:0]{ ia0 a2p0 re0 rm0 nos0 ru0 dp0}{unsigned-long-int function ( unsigned-long-int fixed, unsigned-long-int fixed) fixed}
0077                  00267 _00115_DS_
0077   000C           00268         RETURN  
                      00269 ; exit point of __divulong
                      00270 
                      00271 
                      00272 ;       code size estimation:
                      00273 ;         120+    0 =   120 instructions (  240 byte)
                      00274 
                      00275         end
gpasm-1.7.0_beta1 (Jan 22 2015)_divulong.asm      2015-1-22  23:36:17          PAGE  2


SYMBOL TABLE
  LABEL                             VALUE

ADCR0                             000001B0
ADCR1                             000001B1
ADCR2                             000001B2
ADIOS                             000001B3
ADRH                              000001B8
ADRL                              000001B9
ADVR0                             000001B4
ADVR1                             000001B5
ADVR2                             000001B6
FSR                               00000184
FSR0                              00000184
FSR1                              00000185
HIBYTE                            00000183
INDF                              00000180
INDF0                             00000180
INDF1                             00000181
INDF2                             00000182
INDF3                             00000189
INTE                              0000018A
INTF                              0000018B
IOP0                              00000190
KBCR                              00000197
KEYCR0                            000001BC
KEYCR1                            000001BD
LVDCR                             000001AD
LXTCR                             000001AC
MCR                               00000188
OEP0                              00000191
OSCCAL                            000001FB
OSCM                              000001AE
PCL                               00000186
PDP0                              00000193
PUP0                              00000192
STATUS                            00000187
STK00                             00000000
STK01                             00000000
STK02                             00000000
STK03                             00000000
STK04                             00000000
STK05                             00000000
STK06                             00000000
T00DATA                           000001A3
T01DATA                           000001A9
T0CNT                             000001A1
T0CR0                             000001A0
T0CR1                             000001A8
T0LOAD                            000001A2
T1CNT                             000001A5
T1CR                              000001A4
T1DATA                            000001A7
T1LOAD                            000001A6
_00107_DS_                        00000026
_00111_DS_                        00000065
_00112_DS_                        00000033
_00114_DS_                        00000070
_00115_DS_                        00000077
_00129_DS_                        00000047
__32P7022                         00000001
__divulong                        00000000
r0x1000                           00000003
r0x1001                           00000002
r0x1002                           00000001
r0x1003                           00000000
r0x1004                           00000007
r0x1005                           00000006
r0x1006                           00000005
r0x1007                           00000004
r0x1008                           00000008
r0x1009                           00000009
r0x100A                           0000000A
r0x100B                           0000000B
r0x100C                           0000000C
r0x100D                           0000000D
r0x100E                           0000000E
r0x100F                           0000000F
AD0                               0X00
AD1                               0X10
AD2                               0X20
AD3                               0X30
AD4                               0X40
AD5                               0X50
AD6                               0X60
AD7                               0X70
ADEOC                             ADCR0,1
ADIE                              INTE,6
ADIF                              INTFLAG,6
ADON                              ADCR0,0
AD_VDD                            0XD0
AD_VDD_2DIV                       0XF0
AD_VDD_4DIV                       0XE0
BUZZ0OUT                          T0CR,5
BUZZ1OUT                          T1CR,5
C                                 STATUS,0
CLKS                              OSCM,2
DC                                STATUS,1
GIE                               MCR,7
HAAS                              I2CCR,6
HBB                               I2CCR,5
HCF                               I2CCR,7
HEN                               I2CCR,1
HFEN                              OSCM,0
HTX                               I2CCR,4
I2CIE                             INTE,5
I2CIF                             INTFLAG,5
INT0IE                            INTE,2
INT0IF                            INTFLAG,2
INT1IE                            INTE,3
INT1IF                            INTFLAG,3
LDO                               0X80
LFEN                              OSCM,1
PD                                MCR,4
PWM0OUT                           T0CR,6
PWM1OUT                           T1CR,6
RXAK                              I2CCR,0
SRW                               I2CCR,2
STBH                              OSCM,4
STBL                              OSCM,5
T0                                MCR,5
T0IE                              INTE,0
T0IF                              INTFLAG,0
T0PS1                             T0CR,4
T0PTS0                            T0CR,3
T1IE                              INTE,1
T1IF                              INTFLAG,1
T1PS1                             T1CR,4
T1PTS0                            T1CR,3
T2IE                              INTE,4
T2IF                              INTFLAG,4
T2MODE                            T2CR,6
TC0EN                             T0CR,7
TC1EN                             T1CR,7
TC2EN                             T2CR,7
TK0CLR                            TK0CRH,3
TK0IE                             TK0CRL,6
TK0IF                             TK0CRL,7
TK0JE                             TK0CRH,5
TK0RCE                            TK0CRH,4
TK1CLR                            TK1CRH,3
TK1IE                             TK1CRL,6
TK1IF                             TK1CRL,7
TK1JE                             TK1CRH,5
TK1RCE                            TK1CRH,4
TK2CLR                            TK2CRH,3
TK2IE                             TK2CRL,6
TK2IF                             TK2CRL,7
TK2JE                             TK2CRH,5
TK2RCE                            TK2CRH,4
TXAK                              I2CCR,3
Z                                 STATUS,2

Errors   :     0
Warnings :     0 reported,     0 suppressed
Messages :     0 reported,     0 suppressed

