gpasm-1.7.0_beta1 (Jan 22 2015)_modschar.asm      2015-1-22  23:36:18          PAGE  1


LOC  OBJECT CODE     LINE SOURCE TEXT
  VALUE

                      00001 ;--------------------------------------------------------
                      00002 ; File Created by SN-SDCC : ANSI-C Compiler
                      00003 ; Version 0.0.4 (Jan 22 2015) (Linux)
                      00004 ; This file was generated Thu Jan 22 23:36:18 2015
                      00005 ;--------------------------------------------------------
                      00006 ; MC3X port for the RISC core
                      00007 ;--------------------------------------------------------
                      00008 ;       .file   "../libsdcc/_modschar.c"
                      00009         list    p=32p7022
                      00010         radix dec
                      00011         include "mc32p7022.inc"
                      00001 
                      00002 
                      00003 ;mc32p7022 header file
                      00004 ;
                      00005 ; 
                      00006 
                      00007 ;define must write at first row
                      00008 
  00000180            00009 INDF    EQU     0X180  
  00000180            00010 INDF0   EQU     0X180
  00000181            00011 INDF1   EQU     0X181
  00000182            00012 INDF2   EQU     0X182
  00000183            00013 HIBYTE  EQU     0X183
  00000184            00014 FSR     EQU     0X184
  00000184            00015 FSR0    EQU     0X184
  00000185            00016 FSR1    EQU     0X185
  00000186            00017 PCL     EQU     0X186
  00000187            00018 STATUS  EQU     0X187
  00000188            00019 MCR     EQU     0X188
  00000189            00020 INDF3   EQU     0X189   
  0000018A            00021 INTE    EQU     0X18A
  0000018B            00022 INTF    EQU     0X18B
  00000190            00023 IOP0    EQU     0X190
  00000191            00024 OEP0    EQU     0X191
  00000192            00025 PUP0    EQU     0X192
  00000193            00026 PDP0    EQU     0X193
  00000197            00027 KBCR    EQU     0X197
  000001A0            00028 T0CR0   EQU     0X1A0
  000001A1            00029 T0CNT   EQU     0X1A1
  000001A2            00030 T0LOAD  EQU     0X1A2
  000001A3            00031 T00DATA EQU     0X1A3
  000001A4            00032 T1CR    EQU     0X1A4
  000001A5            00033 T1CNT   EQU     0X1A5
  000001A6            00034 T1LOAD  EQU     0X1A6
  000001A7            00035 T1DATA  EQU     0X1A7
  000001A8            00036 T0CR1   EQU     0X1A8
  000001A9            00037 T01DATA EQU     0X1A9
  000001AC            00038 LXTCR   EQU     0X1AC
  000001AD            00039 LVDCR   EQU     0X1AD
  000001AE            00040 OSCM    EQU     0X1AE
  000001B0            00041 ADCR0   EQU     0X1B0
  000001B1            00042 ADCR1   EQU     0X1B1
  000001B2            00043 ADCR2   EQU     0X1B2
  000001B3            00044 ADIOS   EQU     0X1B3
  000001B4            00045 ADVR0   EQU     0X1B4
  000001B5            00046 ADVR1   EQU     0X1B5
  000001B6            00047 ADVR2   EQU     0X1B6
  000001B8            00048 ADRH    EQU     0X1B8
  000001B9            00049 ADRL    EQU     0X1B9
  000001BC            00050 KEYCR0  EQU     0X1BC
  000001BD            00051 KEYCR1  EQU     0X1BD
  000001FB            00052 OSCCAL  EQU     0X1FB
                      00053 
                      00054 
                      00055 
                      00056 ;MCR 
                      00057 #define         GIE             MCR,7
                      00058 #define         T0              MCR,5
                      00059 #define         PD              MCR,4
                      00060 ;#define         MINT1
                      00061   
                      00062 
                      00063 ;STATUS bit 
                      00064 #define         Z       STATUS,2
                      00065 #define         DC      STATUS,1
                      00066 #define         C       STATUS,0 
                      00067 
                      00068 
                      00069 ;INTE0
                      00070 ; 1=enable, 0=disable
                      00071 #define         ADIE    INTE,6
                      00072 #define         I2CIE   INTE,5
                      00073 #define         T2IE    INTE,4
                      00074 #define         INT1IE  INTE,3
                      00075 #define         INT0IE  INTE,2
                      00076 #define         T1IE    INTE,1
                      00077 #define         T0IE    INTE,0
                      00078 
                      00079 ;TIME0
                      00080 #define         TC0EN           T0CR,7
                      00081 #define         PWM0OUT         T0CR,6
                      00082 #define         BUZZ0OUT        T0CR,5
                      00083 #define         T0PS1           T0CR,4
                      00084 #define         T0PTS0          T0CR,3
                      00085 ;#define         T0PR2
                      00086 
                      00087 ;OSCM
                      00088 #define         STBL    OSCM,5
                      00089 #define         STBH    OSCM,4
                      00090 #define         CLKS    OSCM,2
                      00091 #define         LFEN    OSCM,1
                      00092 #define         HFEN    OSCM,0          
                      00093 
                      00094 ;TIME0
                      00095 #define         TC1EN           T1CR,7
                      00096 #define         PWM1OUT         T1CR,6
                      00097 #define         BUZZ1OUT        T1CR,5
                      00098 #define         T1PS1           T1CR,4
                      00099 #define         T1PTS0          T1CR,3
                      00100 
                      00101 ;INTFLAG
                      00102 ;1=active ,
                      00103 #define         ADIF    INTFLAG,6 
                      00104 #define         I2CIF   INTFLAG,5
                      00105 #define         T2IF    INTFLAG,4
                      00106 #define         INT1IF  INTFLAG,3
                      00107 #define         INT0IF  INTFLAG,2
                      00108 #define         T1IF    INTFLAG,1
                      00109 #define         T0IF    INTFLAG,0
                      00110 
                      00111 
                      00112 ;-------------------------------------------------------
                      00113 ;timer2
                      00114 ;----------------------------
                      00115 ;T2CR
                      00116 #define                 TC2EN                           T2CR,7
                      00117 #define                 T2MODE                  T2CR,6
                      00118 
                      00119 
                      00120 ;TK0CRH
                      00121 #define                                 TK0JE           TK0CRH,5
                      00122 #define                                 TK0RCE  TK0CRH,4
                      00123 #define                                 TK0CLR  TK0CRH,3
                      00124 ;TK1CRH
                      00125 #define                                 TK1JE           TK1CRH,5
                      00126 #define                                 TK1RCE  TK1CRH,4
                      00127 #define                                 TK1CLR  TK1CRH,3
                      00128 ;TK2CRH
                      00129 #define                                 TK2JE           TK2CRH,5
                      00130 #define                                 TK2RCE  TK2CRH,4
                      00131 #define                                 TK2CLR  TK2CRH,3
                      00132 
                      00133 
                      00134 ;TKnCRL
                      00135 #define                                 TK0IF           TK0CRL,7
                      00136 #define                                 TK0IE           TK0CRL,6
                      00137                                         
                      00138 ;TKnCRL
                      00139 #define                                 TK1IF           TK1CRL,7
                      00140 #define                                 TK1IE           TK1CRL,6
                      00141 
                      00142 ;TKnCRL
                      00143 #define                                 TK2IF           TK2CRL,7
                      00144 #define                                 TK2IE           TK2CRL,6
                      00145 
                      00146 ;ADCR0
                      00147 #define         ADEOC   ADCR0,1
                      00148 #define         ADON    ADCR0,0      
                      00149 
                      00150 ;I2CCR
                      00151 #define                 HCF                     I2CCR,7 ;data send end flag
                      00152 #define                 HAAS            I2CCR,6      ;addr matching flag 
                      00153 #define                 HBB                     I2CCR,5                         ;
                      00154 #define                 HTX                     I2CCR,4
                      00155 #define                 TXAK            I2CCR,3
                      00156 #define                 SRW                     I2CCR,2
                      00157 #define                 HEN                     I2CCR,1
                      00158 #define                 RXAK            I2CCR,0
                      00159 
                      00160 ;-------adc chanal----------------------------------------
                      00161 #define         AD0     0X00
                      00162 #define         AD1     0X10
                      00163 #define         AD2     0X20
                      00164 #define         AD3     0X30
                      00165 #define         AD4     0X40
                      00166 #define         AD5     0X50
                      00167 #define         AD6     0X60
                      00168 #define         AD7     0X70
                      00169 #define         LDO     0X80
                      00170 #define         AD_VDD          0XD0
                      00171 #define         AD_VDD_4DIV     0XE0
                      00172 #define         AD_VDD_2DIV     0XF0
                      00173 
                      00012 ;--------------------------------------------------------
                      00013 ; external declarations
                      00014 ;--------------------------------------------------------
                      00015         extern  __moduchar
                      00016 
                      00017         extern STK06
                      00018         extern STK05
                      00019         extern STK04
                      00020         extern STK03
                      00021         extern STK02
                      00022         extern STK01
                      00023         extern STK00
                      00024 ;--------------------------------------------------------
                      00025 ; global declarations
                      00026 ;--------------------------------------------------------
                      00027         global  __modschar
                      00028 
                      00029 ;--------------------------------------------------------
                      00030 ; global definitions
                      00031 ;--------------------------------------------------------
                      00032 ;--------------------------------------------------------
                      00033 ; absolute symbol definitions
                      00034 ;--------------------------------------------------------
                      00035 ;--------------------------------------------------------
                      00036 ; compiler-defined variables
                      00037 ;--------------------------------------------------------
                      00038 UDL__modschar_0 udata
0000                  00039 r0x1000 res     1
0000                  00040 r0x1001 res     1
0001                  00041 r0x1002 res     1
0001                  00042 r0x1003 res     1
0002                  00043 r0x1004 res     1
0002                  00044 r0x1005 res     1
0003                  00045 r0x1006 res     1
0003                  00046 r0x1007 res     1
0004                  00047 r0x1008 res     1
                      00048 ;--------------------------------------------------------
                      00049 ; initialized data
                      00050 ;--------------------------------------------------------
                      00051 ;--------------------------------------------------------
                      00052 ; overlayable items in internal ram 
                      00053 ;--------------------------------------------------------
                      00054 ;       udata_ovr
                      00055 ;--------------------------------------------------------
                      00056 ; code
                      00057 ;--------------------------------------------------------
                      00058 code__modschar  code
                      00059 ;***
                      00060 ;  pBlock Stats: dbName = C
                      00061 ;***
                      00062 ;entry:  __modschar     ;Function start
                      00063 ; 2 exit points
                      00064 ;has an exit
                      00065 ;functions called:
                      00066 ;   __moduchar
                      00067 ;   __moduchar
                      00068 ;   __moduchar
                      00069 ;   __moduchar
                      00070 ;   __moduchar
                      00071 ;   __moduchar
                      00072 ;   __moduchar
                      00073 ;   __moduchar
                      00074 ;11 compiler assigned registers:
                      00075 ;   r0x1000
                      00076 ;   STK00
                      00077 ;   r0x1001
                      00078 ;   r0x1002
                      00079 ;   r0x1003
                      00080 ;   r0x1004
                      00081 ;   r0x1005
                      00082 ;   r0x1006
                      00083 ;   r0x1007
                      00084 ;   r0x1008
                      00085 ;   r0x1009
                      00086 ;; Starting pCode block
                      00087 ;;[ICODE] ../libsdcc/_modschar.c:32:  _entry($11) :
                      00088 ;;[ICODE] ../libsdcc/_modschar.c:32:    proc __modschar [k1 lr0:0 so:0]{ ia0 a2p0 re0 rm0 nos0 ru0 dp0}{char function ( char fixed, char fixed) fixed}
0000                  00089 __modschar      ;Function start
                      00090 ; 2 exit points
                      00091 ;;[ICODE] ../libsdcc/_modschar.c:32: iTemp0 [k2 lr3:48 so:0]{ ia0 a2p0 re1 rm0 nos0 ru0 dp0}{char fixed}{ sir@ __modschar_a_1_2}[r0x1000 ] = recv __modschar [k1 lr0:0 so:0]{ ia0 a2p0 re0 rm0 nos0 ru0 dp0}{char function ( char fixed, char fixed) fixed}
                      00092 ;       .line   32; "../libsdcc/_modschar.c"    _modschar (signed char a, signed char b)
0000   5600           00093         MOVRA   r0x1000
                      00094 ;;[ICODE] ../libsdcc/_modschar.c:32: iTemp1 [k4 lr4:50 so:0]{ ia0 a2p0 re1 rm0 nos0 ru0 dp0}{char fixed}{ sir@ __modschar_b_1_2}[r0x1001 ] = recv __modschar [k1 lr0:0 so:0]{ ia0 a2p0 re0 rm0 nos0 ru0 dp0}{char function ( char fixed, char fixed) fixed}
0001   5800           00095         MOVAR   STK00
0002   5600           00096         MOVRA   r0x1001
                      00097 ;;[ICODE] ../libsdcc/_modschar.c:34:    iTemp2 [k6 lr5:6 so:0]{ ia0 a2p0 re0 rm0 nos0 ru0 dp0}{char fixed} = iTemp0 [k2 lr3:48 so:0]{ ia0 a2p0 re1 rm0 nos0 ru0 dp0}{char fixed}{ sir@ __modschar_a_1_2}[r0x1000 ] < 0x0 {const-char literal}
                      00098 ;;signed compare: left < lit(0x0=0), size=1, mask=ff
                      00099 ;       .line   34; "../libsdcc/_modschar.c"    if (a < 0) {
0003   C187           00100         BSET    STATUS,0
0004   EE00           00101         JBSET   r0x1000,7
0005   D187           00102         BCLR    STATUS,0
0006   E187           00103         JBSET   STATUS,0
0007   A000           00104         GOTO    _00112_DS_
                      00105 ;;genSkipc:3246: created from rifx:0xbff0caa0
                      00106 ;;[ICODE] ../libsdcc/_modschar.c:34:    if iTemp2 [k6 lr5:6 so:0]{ ia0 a2p0 re0 rm0 nos0 ru0 dp0}{char fixed} == 0 goto _iffalse_2($8)
                      00107 ;;[ICODE] ../libsdcc/_modschar.c:36:    iTemp3 [k7 lr7:8 so:0]{ ia0 a2p0 re0 rm0 nos0 ru0 dp0}{char fixed} = iTemp1 [k4 lr4:50 so:0]{ ia0 a2p0 re1 rm0 nos0 ru0 dp0}{char fixed}{ sir@ __modschar_b_1_2}[r0x1001 ] < 0x0 {const-char literal}
                      00108 ;;signed compare: left < lit(0x0=0), size=1, mask=ff
                      00109 ;       .line   36; "../libsdcc/_modschar.c"    if (b < 0)
0008   C187           00110         BSET    STATUS,0
0009   EE00           00111         JBSET   r0x1001,7
000A   D187           00112         BCLR    STATUS,0
000B   E187           00113         JBSET   STATUS,0
000C   A000           00114         GOTO    _00106_DS_
                      00115 ;;genSkipc:3246: created from rifx:0xbff0caa0
                      00116 ;;[ICODE] ../libsdcc/_modschar.c:36:    if iTemp3 [k7 lr7:8 so:0]{ ia0 a2p0 re0 rm0 nos0 ru0 dp0}{char fixed} == 0 goto _iffalse_0($2)
                      00117 ;;[ICODE] ../libsdcc/_modschar.c:37:    iTemp4 [k9 lr9:10 so:0]{ ia0 a2p0 re0 rm0 nos0 ru0 dp0}{int fixed}[r0x1002 r0x1003 ] = (int fixed)iTemp0 [k2 lr3:48 so:0]{ ia0 a2p0 re1 rm0 nos0 ru0 dp0}{char fixed}{ sir@ __modschar_a_1_2}[r0x1000 ]
                      00118 ;       .line   37; "../libsdcc/_modschar.c"    return _moduchar ((unsigned int)-a, (unsigned int)-b);
000D   5800           00119         MOVAR   r0x1000
000E   5600           00120         MOVRA   r0x1002
000F   7600           00121         CLRR    r0x1003
0010   FE00           00122         JBCLR   r0x1002,7
0011   6E00           00123         DECR    r0x1003
                      00124 ;;[ICODE] ../libsdcc/_modschar.c:37:    iTemp5 [k10 lr10:11 so:0]{ ia0 a2p0 re0 rm0 nos0 ru0 dp0}{int fixed}[r0x1002 r0x1003 ] = - iTemp4 [k9 lr9:10 so:0]{ ia0 a2p0 re0 rm0 nos0 ru0 dp0}{int fixed}[r0x1002 r0x1003 ]
0012   7200           00125         COMR    r0x1002
0013   7200           00126         COMR    r0x1003
0014   6600           00127         INCR    r0x1002
0015   F587           00128         JBCLR   STATUS,2
0016   6600           00129         INCR    r0x1003
                      00130 ;;[ICODE] ../libsdcc/_modschar.c:37:    iTemp6 [k11 lr11:12 so:0]{ ia0 a2p0 re0 rm0 nos0 ru0 dp0}{unsigned-int fixed}[r0x1004 r0x1005 ] = (unsigned-int fixed)iTemp5 [k10 lr10:11 so:0]{ ia0 a2p0 re0 rm0 nos0 ru0 dp0}{int fixed}[r0x1002 r0x1003 ]
0017   5800           00131         MOVAR   r0x1002
0018   5600           00132         MOVRA   r0x1002
0019   5600           00133         MOVRA   r0x1004
001A   5800           00134         MOVAR   r0x1003
001B   5600           00135         MOVRA   r0x1005
                      00136 ;;[ICODE] ../libsdcc/_modschar.c:37:    iTemp7 [k12 lr12:18 so:0]{ ia0 a2p0 re0 rm0 nos0 ru1 dp0}{unsigned-char fixed}[r0x1002 ] = (unsigned-char fixed)iTemp6 [k11 lr11:12 so:0]{ ia0 a2p0 re0 rm0 nos0 ru0 dp0}{unsigned-int fixed}[r0x1004 r0x1005 ]
                      00137 ;;108   MOVAR   r0x1004
                      00138 ;;[ICODE] ../libsdcc/_modschar.c:37:    iTemp8 [k13 lr13:14 so:0]{ ia0 a2p0 re0 rm0 nos0 ru0 dp0}{int fixed}[r0x1004 r0x1005 ] = (int fixed)iTemp1 [k4 lr4:50 so:0]{ ia0 a2p0 re1 rm0 nos0 ru0 dp0}{char fixed}{ sir@ __modschar_b_1_2}[r0x1001 ]
001C   5800           00139         MOVAR   r0x1001
001D   5600           00140         MOVRA   r0x1004
001E   7600           00141         CLRR    r0x1005
001F   FE00           00142         JBCLR   r0x1004,7
0020   6E00           00143         DECR    r0x1005
                      00144 ;;[ICODE] ../libsdcc/_modschar.c:37:    iTemp9 [k14 lr14:15 so:0]{ ia0 a2p0 re0 rm0 nos0 ru0 dp0}{int fixed}[r0x1004 r0x1005 ] = - iTemp8 [k13 lr13:14 so:0]{ ia0 a2p0 re0 rm0 nos0 ru0 dp0}{int fixed}[r0x1004 r0x1005 ]
0021   7200           00145         COMR    r0x1004
0022   7200           00146         COMR    r0x1005
0023   6600           00147         INCR    r0x1004
0024   F587           00148         JBCLR   STATUS,2
0025   6600           00149         INCR    r0x1005
                      00150 ;;[ICODE] ../libsdcc/_modschar.c:37:    iTemp10 [k15 lr15:16 so:0]{ ia0 a2p0 re0 rm0 nos0 ru0 dp0}{unsigned-int fixed}[r0x1006 r0x1007 ] = (unsigned-int fixed)iTemp9 [k14 lr14:15 so:0]{ ia0 a2p0 re0 rm0 nos0 ru0 dp0}{int fixed}[r0x1004 r0x1005 ]
                      00151 ;;110   MOVAR   r0x1004
0026   5800           00152         MOVAR   r0x1005
0027   5600           00153         MOVRA   r0x1007
                      00154 ;;[ICODE] ../libsdcc/_modschar.c:37:    iTemp11 [k16 lr16:18 so:0]{ ia0 a2p0 re0 rm0 nos0 ru0 dp0}{unsigned-char fixed}[r0x1004 ] = (unsigned-char fixed)iTemp10 [k15 lr15:16 so:0]{ ia0 a2p0 re0 rm0 nos0 ru0 dp0}{unsigned-int fixed}[r0x1006 r0x1007 ]
                      00155 ;;104   MOVAR   r0x1006
                      00156 ;;[ICODE] ../libsdcc/_modschar.c:37:    send iTemp7 [k12 lr12:18 so:0]{ ia0 a2p0 re0 rm0 nos0 ru1 dp0}{unsigned-char fixed}[r0x1002 ]{argreg = 1}
                      00157 ;;[ICODE] ../libsdcc/_modschar.c:37:    send iTemp11 [k16 lr16:18 so:0]{ ia0 a2p0 re0 rm0 nos0 ru0 dp0}{unsigned-char fixed}[r0x1004 ]{argreg = 1}
                      00158 ;;[ICODE] ../libsdcc/_modschar.c:37:    iTemp12 [k19 lr19:20 so:0]{ ia0 a2p0 re0 rm0 nos0 ru1 dp0}{unsigned-char fixed}[r0x1002 ] = call __moduchar [k8 lr0:0 so:0]{ ia0 a2p0 re0 rm0 nos0 ru0 dp0}{unsigned-char function ( unsigned-char fixed, unsigned-char fixed) fixed}
                      00159 ;;103   MOVAR   r0x1004
                      00160 ;;109   MOVAR   r0x1006
0028   5800           00161         MOVAR   r0x1004
0029   5600           00162         MOVRA   r0x1006
002A   5600           00163         MOVRA   r0x1004
002B   5600           00164         MOVRA   STK00
002C   5800           00165         MOVAR   r0x1002
002D   8000           00166         CALL    __moduchar
002E   5600           00167         MOVRA   r0x1002
                      00168 ;;[ICODE] ../libsdcc/_modschar.c:37:    ret iTemp12 [k19 lr19:20 so:0]{ ia0 a2p0 re0 rm0 nos0 ru1 dp0}{unsigned-char fixed}[r0x1002 ]
002F   5800           00169         MOVAR   r0x1002
0030   A000           00170         GOTO    _00114_DS_
                      00171 ;;[ICODE] ../libsdcc/_modschar.c:37:  _iffalse_0($2) :
                      00172 ;;[ICODE] ../libsdcc/_modschar.c:39:    iTemp13 [k20 lr22:23 so:0]{ ia0 a2p0 re0 rm0 nos0 ru0 dp0}{int fixed}[r0x1002 r0x1004 ] = (int fixed)iTemp0 [k2 lr3:48 so:0]{ ia0 a2p0 re1 rm0 nos0 ru0 dp0}{char fixed}{ sir@ __modschar_a_1_2}[r0x1000 ]
0031                  00173 _00106_DS_
                      00174 ;       .line   39; "../libsdcc/_modschar.c"    return -_moduchar ((unsigned int)-a, (unsigned int)b);
0031   5800           00175         MOVAR   r0x1000
0032   5600           00176         MOVRA   r0x1002
0033   7600           00177         CLRR    r0x1004
0034   FE00           00178         JBCLR   r0x1002,7
0035   6E00           00179         DECR    r0x1004
                      00180 ;;[ICODE] ../libsdcc/_modschar.c:39:    iTemp14 [k21 lr23:24 so:0]{ ia0 a2p0 re0 rm0 nos0 ru0 dp0}{int fixed}[r0x1002 r0x1004 ] = - iTemp13 [k20 lr22:23 so:0]{ ia0 a2p0 re0 rm0 nos0 ru0 dp0}{int fixed}[r0x1002 r0x1004 ]
0036   7200           00181         COMR    r0x1002
0037   7200           00182         COMR    r0x1004
0038   6600           00183         INCR    r0x1002
0039   F587           00184         JBCLR   STATUS,2
003A   6600           00185         INCR    r0x1004
                      00186 ;;[ICODE] ../libsdcc/_modschar.c:39:    iTemp15 [k22 lr24:25 so:0]{ ia0 a2p0 re0 rm0 nos0 ru0 dp0}{unsigned-int fixed}[r0x1006 r0x1007 ] = (unsigned-int fixed)iTemp14 [k21 lr23:24 so:0]{ ia0 a2p0 re0 rm0 nos0 ru0 dp0}{int fixed}[r0x1002 r0x1004 ]
003B   5800           00187         MOVAR   r0x1002
003C   5600           00188         MOVRA   r0x1002
003D   5600           00189         MOVRA   r0x1006
003E   5800           00190         MOVAR   r0x1004
003F   5600           00191         MOVRA   r0x1007
                      00192 ;;[ICODE] ../libsdcc/_modschar.c:39:    iTemp16 [k23 lr25:29 so:0]{ ia0 a2p0 re0 rm0 nos0 ru1 dp0}{unsigned-char fixed}[r0x1002 ] = (unsigned-char fixed)iTemp15 [k22 lr24:25 so:0]{ ia0 a2p0 re0 rm0 nos0 ru0 dp0}{unsigned-int fixed}[r0x1006 r0x1007 ]
                      00193 ;;105   MOVAR   r0x1006
                      00194 ;;[ICODE] ../libsdcc/_modschar.c:39:    iTemp17 [k24 lr26:27 so:0]{ ia0 a2p0 re0 rm0 nos0 ru0 dp0}{unsigned-int fixed}[r0x1006 r0x1007 ] = (unsigned-int fixed)iTemp1 [k4 lr4:50 so:0]{ ia0 a2p0 re1 rm0 nos0 ru0 dp0}{char fixed}{ sir@ __modschar_b_1_2}[r0x1001 ]
0040   5800           00195         MOVAR   r0x1001
0041   5600           00196         MOVRA   r0x1006
0042   7600           00197         CLRR    r0x1007
0043   FE00           00198         JBCLR   r0x1006,7
0044   6E00           00199         DECR    r0x1007
                      00200 ;;[ICODE] ../libsdcc/_modschar.c:39:    iTemp18 [k25 lr27:29 so:0]{ ia0 a2p0 re0 rm0 nos0 ru0 dp0}{unsigned-char fixed}[r0x1008 ] = (unsigned-char fixed)iTemp17 [k24 lr26:27 so:0]{ ia0 a2p0 re0 rm0 nos0 ru0 dp0}{unsigned-int fixed}[r0x1006 r0x1007 ]
                      00201 ;;107   MOVAR   r0x1006
                      00202 ;;[ICODE] ../libsdcc/_modschar.c:39:    send iTemp16 [k23 lr25:29 so:0]{ ia0 a2p0 re0 rm0 nos0 ru1 dp0}{unsigned-char fixed}[r0x1002 ]{argreg = 1}
                      00203 ;;[ICODE] ../libsdcc/_modschar.c:39:    send iTemp18 [k25 lr27:29 so:0]{ ia0 a2p0 re0 rm0 nos0 ru0 dp0}{unsigned-char fixed}[r0x1008 ]{argreg = 1}
                      00204 ;;[ICODE] ../libsdcc/_modschar.c:39:    iTemp19 [k26 lr30:31 so:0]{ ia0 a2p0 re0 rm0 nos0 ru0 dp0}{unsigned-char fixed}[r0x1002 ] = call __moduchar [k8 lr0:0 so:0]{ ia0 a2p0 re0 rm0 nos0 ru0 dp0}{unsigned-char function ( unsigned-char fixed, unsigned-char fixed) fixed}
                      00205 ;;106   MOVAR   r0x1008
0045   5800           00206         MOVAR   r0x1006
0046   5600           00207         MOVRA   r0x1008
0047   5600           00208         MOVRA   STK00
0048   5800           00209         MOVAR   r0x1002
0049   8000           00210         CALL    __moduchar
004A   5600           00211         MOVRA   r0x1002
                      00212 ;;[ICODE] ../libsdcc/_modschar.c:39:    iTemp20 [k27 lr31:32 so:0]{ ia0 a2p0 re0 rm0 nos0 ru1 dp0}{unsigned-char fixed}[r0x1002 ] = - iTemp19 [k26 lr30:31 so:0]{ ia0 a2p0 re0 rm0 nos0 ru0 dp0}{unsigned-char fixed}[r0x1002 ]
004B   7200           00213         COMR    r0x1002
004C   6600           00214         INCR    r0x1002
                      00215 ;;[ICODE] ../libsdcc/_modschar.c:39:    ret iTemp20 [k27 lr31:32 so:0]{ ia0 a2p0 re0 rm0 nos0 ru1 dp0}{unsigned-char fixed}[r0x1002 ]
004D   5800           00216         MOVAR   r0x1002
004E   A000           00217         GOTO    _00114_DS_
                      00218 ;;[ICODE] ../libsdcc/_modschar.c:39:  _iffalse_2($8) :
                      00219 ;;[ICODE] ../libsdcc/_modschar.c:42:    iTemp21 [k28 lr34:35 so:0]{ ia0 a2p0 re0 rm0 nos0 ru0 dp0}{char fixed} = iTemp1 [k4 lr4:50 so:0]{ ia0 a2p0 re1 rm0 nos0 ru0 dp0}{char fixed}{ sir@ __modschar_b_1_2}[r0x1001 ] < 0x0 {const-char literal}
                      00220 ;;signed compare: left < lit(0x0=0), size=1, mask=ff
004F                  00221 _00112_DS_
                      00222 ;       .line   42; "../libsdcc/_modschar.c"    if (b < 0)
004F   C187           00223         BSET    STATUS,0
0050   EE00           00224         JBSET   r0x1001,7
0051   D187           00225         BCLR    STATUS,0
0052   E187           00226         JBSET   STATUS,0
0053   A000           00227         GOTO    _00109_DS_
                      00228 ;;genSkipc:3246: created from rifx:0xbff0caa0
                      00229 ;;[ICODE] ../libsdcc/_modschar.c:42:    if iTemp21 [k28 lr34:35 so:0]{ ia0 a2p0 re0 rm0 nos0 ru0 dp0}{char fixed} == 0 goto _iffalse_1($5)
                      00230 ;;[ICODE] ../libsdcc/_modschar.c:43:    iTemp22 [k29 lr36:37 so:0]{ ia0 a2p0 re0 rm0 nos0 ru0 dp0}{unsigned-int fixed}[r0x1002 r0x1006 ] = (unsigned-int fixed)iTemp0 [k2 lr3:48 so:0]{ ia0 a2p0 re1 rm0 nos0 ru0 dp0}{char fixed}{ sir@ __modschar_a_1_2}[r0x1000 ]
                      00231 ;       .line   43; "../libsdcc/_modschar.c"    return -_moduchar ((unsigned int)a, (unsigned int)-b);
0054   5800           00232         MOVAR   r0x1000
0055   5600           00233         MOVRA   r0x1002
0056   7600           00234         CLRR    r0x1006
0057   FE00           00235         JBCLR   r0x1002,7
0058   6E00           00236         DECR    r0x1006
                      00237 ;;[ICODE] ../libsdcc/_modschar.c:43:    iTemp23 [k30 lr37:43 so:0]{ ia0 a2p0 re0 rm0 nos0 ru1 dp0}{unsigned-char fixed}[r0x1007 ] = (unsigned-char fixed)iTemp22 [k29 lr36:37 so:0]{ ia0 a2p0 re0 rm0 nos0 ru0 dp0}{unsigned-int fixed}[r0x1002 r0x1006 ]
0059   5800           00238         MOVAR   r0x1002
005A   5600           00239         MOVRA   r0x1007
                      00240 ;;[ICODE] ../libsdcc/_modschar.c:43:    iTemp24 [k31 lr38:39 so:0]{ ia0 a2p0 re0 rm0 nos0 ru0 dp0}{int fixed}[r0x1002 r0x1006 ] = (int fixed)iTemp1 [k4 lr4:50 so:0]{ ia0 a2p0 re1 rm0 nos0 ru0 dp0}{char fixed}{ sir@ __modschar_b_1_2}[r0x1001 ]
005B   5800           00241         MOVAR   r0x1001
005C   5600           00242         MOVRA   r0x1002
005D   7600           00243         CLRR    r0x1006
005E   FE00           00244         JBCLR   r0x1002,7
005F   6E00           00245         DECR    r0x1006
                      00246 ;;[ICODE] ../libsdcc/_modschar.c:43:    iTemp25 [k32 lr39:40 so:0]{ ia0 a2p0 re0 rm0 nos0 ru0 dp0}{int fixed}[r0x1002 r0x1006 ] = - iTemp24 [k31 lr38:39 so:0]{ ia0 a2p0 re0 rm0 nos0 ru0 dp0}{int fixed}[r0x1002 r0x1006 ]
0060   7200           00247         COMR    r0x1002
0061   7200           00248         COMR    r0x1006
0062   6600           00249         INCR    r0x1002
0063   F587           00250         JBCLR   STATUS,2
0064   6600           00251         INCR    r0x1006
                      00252 ;;[ICODE] ../libsdcc/_modschar.c:43:    iTemp26 [k33 lr40:41 so:0]{ ia0 a2p0 re0 rm0 nos0 ru0 dp0}{unsigned-int fixed}[r0x1008 r0x1009 ] = (unsigned-int fixed)iTemp25 [k32 lr39:40 so:0]{ ia0 a2p0 re0 rm0 nos0 ru0 dp0}{int fixed}[r0x1002 r0x1006 ]
                      00253 ;;112   MOVAR   r0x1002
0065   5800           00254         MOVAR   r0x1006
                      00255 ;;1     MOVRA   r0x1009
                      00256 ;;[ICODE] ../libsdcc/_modschar.c:43:    iTemp27 [k34 lr41:43 so:0]{ ia0 a2p0 re0 rm0 nos0 ru0 dp0}{unsigned-char fixed}[r0x1002 ] = (unsigned-char fixed)iTemp26 [k33 lr40:41 so:0]{ ia0 a2p0 re0 rm0 nos0 ru0 dp0}{unsigned-int fixed}[r0x1008 r0x1009 ]
                      00257 ;;102   MOVAR   r0x1008
                      00258 ;;[ICODE] ../libsdcc/_modschar.c:43:    send iTemp23 [k30 lr37:43 so:0]{ ia0 a2p0 re0 rm0 nos0 ru1 dp0}{unsigned-char fixed}[r0x1007 ]{argreg = 1}
                      00259 ;;[ICODE] ../libsdcc/_modschar.c:43:    send iTemp27 [k34 lr41:43 so:0]{ ia0 a2p0 re0 rm0 nos0 ru0 dp0}{unsigned-char fixed}[r0x1002 ]{argreg = 1}
                      00260 ;;[ICODE] ../libsdcc/_modschar.c:43:    iTemp28 [k35 lr44:45 so:0]{ ia0 a2p0 re0 rm0 nos0 ru0 dp0}{unsigned-char fixed}[r0x1002 ] = call __moduchar [k8 lr0:0 so:0]{ ia0 a2p0 re0 rm0 nos0 ru0 dp0}{unsigned-char function ( unsigned-char fixed, unsigned-char fixed) fixed}
                      00261 ;;101   MOVAR   r0x1002
                      00262 ;;111   MOVAR   r0x1008
0066   5800           00263         MOVAR   r0x1002
0067   5600           00264         MOVRA   r0x1008
0068   5600           00265         MOVRA   r0x1002
0069   5600           00266         MOVRA   STK00
006A   5800           00267         MOVAR   r0x1007
006B   8000           00268         CALL    __moduchar
006C   5600           00269         MOVRA   r0x1002
                      00270 ;;[ICODE] ../libsdcc/_modschar.c:43:    iTemp29 [k36 lr45:46 so:0]{ ia0 a2p0 re0 rm0 nos0 ru1 dp0}{unsigned-char fixed}[r0x1002 ] = - iTemp28 [k35 lr44:45 so:0]{ ia0 a2p0 re0 rm0 nos0 ru0 dp0}{unsigned-char fixed}[r0x1002 ]
006D   7200           00271         COMR    r0x1002
006E   6600           00272         INCR    r0x1002
                      00273 ;;[ICODE] ../libsdcc/_modschar.c:43:    ret iTemp29 [k36 lr45:46 so:0]{ ia0 a2p0 re0 rm0 nos0 ru1 dp0}{unsigned-char fixed}[r0x1002 ]
006F   5800           00274         MOVAR   r0x1002
0070   A000           00275         GOTO    _00114_DS_
                      00276 ;;[ICODE] ../libsdcc/_modschar.c:43:  _iffalse_1($5) :
                      00277 ;;[ICODE] ../libsdcc/_modschar.c:45:    iTemp30 [k37 lr48:49 so:0]{ ia0 a2p0 re0 rm0 nos0 ru0 dp0}{unsigned-int fixed}[r0x1002 r0x1007 ] = (unsigned-int fixed)iTemp0 [k2 lr3:48 so:0]{ ia0 a2p0 re1 rm0 nos0 ru0 dp0}{char fixed}{ sir@ __modschar_a_1_2}[r0x1000 ]
0071                  00278 _00109_DS_
                      00279 ;       .line   45; "../libsdcc/_modschar.c"    return _moduchar ((unsigned int)a, (unsigned int)b);
0071   5800           00280         MOVAR   r0x1000
0072   5600           00281         MOVRA   r0x1002
0073   7600           00282         CLRR    r0x1007
0074   FE00           00283         JBCLR   r0x1002,7
0075   6E00           00284         DECR    r0x1007
                      00285 ;;[ICODE] ../libsdcc/_modschar.c:45:    iTemp31 [k38 lr49:53 so:0]{ ia0 a2p0 re0 rm0 nos0 ru1 dp0}{unsigned-char fixed}[r0x1000 ] = (unsigned-char fixed)iTemp30 [k37 lr48:49 so:0]{ ia0 a2p0 re0 rm0 nos0 ru0 dp0}{unsigned-int fixed}[r0x1002 r0x1007 ]
0076   5800           00286         MOVAR   r0x1002
0077   5600           00287         MOVRA   r0x1000
                      00288 ;;[ICODE] ../libsdcc/_modschar.c:45:    iTemp32 [k39 lr50:51 so:0]{ ia0 a2p0 re0 rm0 nos0 ru0 dp0}{unsigned-int fixed}[r0x1002 r0x1007 ] = (unsigned-int fixed)iTemp1 [k4 lr4:50 so:0]{ ia0 a2p0 re1 rm0 nos0 ru0 dp0}{char fixed}{ sir@ __modschar_b_1_2}[r0x1001 ]
0078   5800           00289         MOVAR   r0x1001
0079   5600           00290         MOVRA   r0x1002
007A   7600           00291         CLRR    r0x1007
007B   FE00           00292         JBCLR   r0x1002,7
007C   6E00           00293         DECR    r0x1007
                      00294 ;;[ICODE] ../libsdcc/_modschar.c:45:    iTemp33 [k40 lr51:53 so:0]{ ia0 a2p0 re0 rm0 nos0 ru0 dp0}{unsigned-char fixed}[r0x1001 ] = (unsigned-char fixed)iTemp32 [k39 lr50:51 so:0]{ ia0 a2p0 re0 rm0 nos0 ru0 dp0}{unsigned-int fixed}[r0x1002 r0x1007 ]
                      00295 ;;100   MOVAR   r0x1002
                      00296 ;;[ICODE] ../libsdcc/_modschar.c:45:    send iTemp31 [k38 lr49:53 so:0]{ ia0 a2p0 re0 rm0 nos0 ru1 dp0}{unsigned-char fixed}[r0x1000 ]{argreg = 1}
                      00297 ;;[ICODE] ../libsdcc/_modschar.c:45:    send iTemp33 [k40 lr51:53 so:0]{ ia0 a2p0 re0 rm0 nos0 ru0 dp0}{unsigned-char fixed}[r0x1001 ]{argreg = 1}
                      00298 ;;[ICODE] ../libsdcc/_modschar.c:45:    iTemp34 [k41 lr54:55 so:0]{ ia0 a2p0 re0 rm0 nos0 ru1 dp0}{unsigned-char fixed}[r0x1000 ] = call __moduchar [k8 lr0:0 so:0]{ ia0 a2p0 re0 rm0 nos0 ru0 dp0}{unsigned-char function ( unsigned-char fixed, unsigned-char fixed) fixed}
                      00299 ;;99    MOVAR   r0x1001
007D   5800           00300         MOVAR   r0x1002
007E   5600           00301         MOVRA   r0x1001
007F   5600           00302         MOVRA   STK00
0080   5800           00303         MOVAR   r0x1000
0081   8000           00304         CALL    __moduchar
0082   5600           00305         MOVRA   r0x1000
                      00306 ;;[ICODE] ../libsdcc/_modschar.c:45:    ret iTemp34 [k41 lr54:55 so:0]{ ia0 a2p0 re0 rm0 nos0 ru1 dp0}{unsigned-char fixed}[r0x1000 ]
0083   5800           00307         MOVAR   r0x1000
                      00308 ;;[ICODE] ../libsdcc/_modschar.c:45:  _return($10) :
                      00309 ;;[ICODE] ../libsdcc/_modschar.c:45:    eproc __modschar [k1 lr0:0 so:0]{ ia0 a2p0 re0 rm0 nos0 ru0 dp0}{char function ( char fixed, char fixed) fixed}
0084                  00310 _00114_DS_
0084   000C           00311         RETURN  
                      00312 ; exit point of __modschar
                      00313 
                      00314 
                      00315 ;       code size estimation:
                      00316 ;         133+    0 =   133 instructions (  266 byte)
                      00317 
                      00318         end
gpasm-1.7.0_beta1 (Jan 22 2015)_modschar.asm      2015-1-22  23:36:18          PAGE  2


SYMBOL TABLE
  LABEL                             VALUE

ADCR0                             000001B0
ADCR1                             000001B1
ADCR2                             000001B2
ADIOS                             000001B3
ADRH                              000001B8
ADRL                              000001B9
ADVR0                             000001B4
ADVR1                             000001B5
ADVR2                             000001B6
FSR                               00000184
FSR0                              00000184
FSR1                              00000185
HIBYTE                            00000183
INDF                              00000180
INDF0                             00000180
INDF1                             00000181
INDF2                             00000182
INDF3                             00000189
INTE                              0000018A
INTF                              0000018B
IOP0                              00000190
KBCR                              00000197
KEYCR0                            000001BC
KEYCR1                            000001BD
LVDCR                             000001AD
LXTCR                             000001AC
MCR                               00000188
OEP0                              00000191
OSCCAL                            000001FB
OSCM                              000001AE
PCL                               00000186
PDP0                              00000193
PUP0                              00000192
STATUS                            00000187
STK00                             00000000
STK01                             00000000
STK02                             00000000
STK03                             00000000
STK04                             00000000
STK05                             00000000
STK06                             00000000
T00DATA                           000001A3
T01DATA                           000001A9
T0CNT                             000001A1
T0CR0                             000001A0
T0CR1                             000001A8
T0LOAD                            000001A2
T1CNT                             000001A5
T1CR                              000001A4
T1DATA                            000001A7
T1LOAD                            000001A6
_00106_DS_                        00000031
_00109_DS_                        00000071
_00112_DS_                        0000004F
_00114_DS_                        00000084
__32P7022                         00000001
__modschar                        00000000
__moduchar                        00000000
r0x1000                           00000000
r0x1001                           00000001
r0x1002                           00000002
r0x1003                           00000003
r0x1004                           00000004
r0x1005                           00000005
r0x1006                           00000006
r0x1007                           00000007
r0x1008                           00000008
AD0                               0X00
AD1                               0X10
AD2                               0X20
AD3                               0X30
AD4                               0X40
AD5                               0X50
AD6                               0X60
AD7                               0X70
ADEOC                             ADCR0,1
ADIE                              INTE,6
ADIF                              INTFLAG,6
ADON                              ADCR0,0
AD_VDD                            0XD0
AD_VDD_2DIV                       0XF0
AD_VDD_4DIV                       0XE0
BUZZ0OUT                          T0CR,5
BUZZ1OUT                          T1CR,5
C                                 STATUS,0
CLKS                              OSCM,2
DC                                STATUS,1
GIE                               MCR,7
HAAS                              I2CCR,6
HBB                               I2CCR,5
HCF                               I2CCR,7
HEN                               I2CCR,1
HFEN                              OSCM,0
HTX                               I2CCR,4
I2CIE                             INTE,5
I2CIF                             INTFLAG,5
INT0IE                            INTE,2
INT0IF                            INTFLAG,2
INT1IE                            INTE,3
INT1IF                            INTFLAG,3
LDO                               0X80
LFEN                              OSCM,1
PD                                MCR,4
PWM0OUT                           T0CR,6
PWM1OUT                           T1CR,6
RXAK                              I2CCR,0
SRW                               I2CCR,2
STBH                              OSCM,4
STBL                              OSCM,5
T0                                MCR,5
T0IE                              INTE,0
T0IF                              INTFLAG,0
T0PS1                             T0CR,4
T0PTS0                            T0CR,3
T1IE                              INTE,1
T1IF                              INTFLAG,1
T1PS1                             T1CR,4
T1PTS0                            T1CR,3
T2IE                              INTE,4
T2IF                              INTFLAG,4
T2MODE                            T2CR,6
TC0EN                             T0CR,7
TC1EN                             T1CR,7
TC2EN                             T2CR,7
TK0CLR                            TK0CRH,3
TK0IE                             TK0CRL,6
TK0IF                             TK0CRL,7
TK0JE                             TK0CRH,5
TK0RCE                            TK0CRH,4
TK1CLR                            TK1CRH,3
TK1IE                             TK1CRL,6
TK1IF                             TK1CRL,7
TK1JE                             TK1CRH,5
TK1RCE                            TK1CRH,4
TK2CLR                            TK2CRH,3
TK2IE                             TK2CRL,6
TK2IF                             TK2CRL,7
TK2JE                             TK2CRH,5
TK2RCE                            TK2CRH,4
TXAK                              I2CCR,3
Z                                 STATUS,2

Errors   :     0
Warnings :     0 reported,     0 suppressed
Messages :     0 reported,     0 suppressed

