gpasm-1.7.0_beta1 (Jan 22 2015)fs2sint.asm        2015-1-22  23:36:17          PAGE  1


LOC  OBJECT CODE     LINE SOURCE TEXT
  VALUE

                      00001 ;--------------------------------------------------------
                      00002 ; File Created by SN-SDCC : ANSI-C Compiler
                      00003 ; Version 0.0.4 (Jan 22 2015) (Linux)
                      00004 ; This file was generated Thu Jan 22 23:36:17 2015
                      00005 ;--------------------------------------------------------
                      00006 ; MC3X port for the RISC core
                      00007 ;--------------------------------------------------------
                      00008 ;       .file   "../libsdcc/fs2sint.c"
                      00009         list    p=32p7022
                      00010         radix dec
                      00011         include "mc32p7022.inc"
                      00001 
                      00002 
                      00003 ;mc32p7022 header file
                      00004 ;
                      00005 ; 
                      00006 
                      00007 ;define must write at first row
                      00008 
  00000180            00009 INDF    EQU     0X180  
  00000180            00010 INDF0   EQU     0X180
  00000181            00011 INDF1   EQU     0X181
  00000182            00012 INDF2   EQU     0X182
  00000183            00013 HIBYTE  EQU     0X183
  00000184            00014 FSR     EQU     0X184
  00000184            00015 FSR0    EQU     0X184
  00000185            00016 FSR1    EQU     0X185
  00000186            00017 PCL     EQU     0X186
  00000187            00018 STATUS  EQU     0X187
  00000188            00019 MCR     EQU     0X188
  00000189            00020 INDF3   EQU     0X189   
  0000018A            00021 INTE    EQU     0X18A
  0000018B            00022 INTF    EQU     0X18B
  00000190            00023 IOP0    EQU     0X190
  00000191            00024 OEP0    EQU     0X191
  00000192            00025 PUP0    EQU     0X192
  00000193            00026 PDP0    EQU     0X193
  00000197            00027 KBCR    EQU     0X197
  000001A0            00028 T0CR0   EQU     0X1A0
  000001A1            00029 T0CNT   EQU     0X1A1
  000001A2            00030 T0LOAD  EQU     0X1A2
  000001A3            00031 T00DATA EQU     0X1A3
  000001A4            00032 T1CR    EQU     0X1A4
  000001A5            00033 T1CNT   EQU     0X1A5
  000001A6            00034 T1LOAD  EQU     0X1A6
  000001A7            00035 T1DATA  EQU     0X1A7
  000001A8            00036 T0CR1   EQU     0X1A8
  000001A9            00037 T01DATA EQU     0X1A9
  000001AC            00038 LXTCR   EQU     0X1AC
  000001AD            00039 LVDCR   EQU     0X1AD
  000001AE            00040 OSCM    EQU     0X1AE
  000001B0            00041 ADCR0   EQU     0X1B0
  000001B1            00042 ADCR1   EQU     0X1B1
  000001B2            00043 ADCR2   EQU     0X1B2
  000001B3            00044 ADIOS   EQU     0X1B3
  000001B4            00045 ADVR0   EQU     0X1B4
  000001B5            00046 ADVR1   EQU     0X1B5
  000001B6            00047 ADVR2   EQU     0X1B6
  000001B8            00048 ADRH    EQU     0X1B8
  000001B9            00049 ADRL    EQU     0X1B9
  000001BC            00050 KEYCR0  EQU     0X1BC
  000001BD            00051 KEYCR1  EQU     0X1BD
  000001FB            00052 OSCCAL  EQU     0X1FB
                      00053 
                      00054 
                      00055 
                      00056 ;MCR 
                      00057 #define         GIE             MCR,7
                      00058 #define         T0              MCR,5
                      00059 #define         PD              MCR,4
                      00060 ;#define         MINT1
                      00061   
                      00062 
                      00063 ;STATUS bit 
                      00064 #define         Z       STATUS,2
                      00065 #define         DC      STATUS,1
                      00066 #define         C       STATUS,0 
                      00067 
                      00068 
                      00069 ;INTE0
                      00070 ; 1=enable, 0=disable
                      00071 #define         ADIE    INTE,6
                      00072 #define         I2CIE   INTE,5
                      00073 #define         T2IE    INTE,4
                      00074 #define         INT1IE  INTE,3
                      00075 #define         INT0IE  INTE,2
                      00076 #define         T1IE    INTE,1
                      00077 #define         T0IE    INTE,0
                      00078 
                      00079 ;TIME0
                      00080 #define         TC0EN           T0CR,7
                      00081 #define         PWM0OUT         T0CR,6
                      00082 #define         BUZZ0OUT        T0CR,5
                      00083 #define         T0PS1           T0CR,4
                      00084 #define         T0PTS0          T0CR,3
                      00085 ;#define         T0PR2
                      00086 
                      00087 ;OSCM
                      00088 #define         STBL    OSCM,5
                      00089 #define         STBH    OSCM,4
                      00090 #define         CLKS    OSCM,2
                      00091 #define         LFEN    OSCM,1
                      00092 #define         HFEN    OSCM,0          
                      00093 
                      00094 ;TIME0
                      00095 #define         TC1EN           T1CR,7
                      00096 #define         PWM1OUT         T1CR,6
                      00097 #define         BUZZ1OUT        T1CR,5
                      00098 #define         T1PS1           T1CR,4
                      00099 #define         T1PTS0          T1CR,3
                      00100 
                      00101 ;INTFLAG
                      00102 ;1=active ,
                      00103 #define         ADIF    INTFLAG,6 
                      00104 #define         I2CIF   INTFLAG,5
                      00105 #define         T2IF    INTFLAG,4
                      00106 #define         INT1IF  INTFLAG,3
                      00107 #define         INT0IF  INTFLAG,2
                      00108 #define         T1IF    INTFLAG,1
                      00109 #define         T0IF    INTFLAG,0
                      00110 
                      00111 
                      00112 ;-------------------------------------------------------
                      00113 ;timer2
                      00114 ;----------------------------
                      00115 ;T2CR
                      00116 #define                 TC2EN                           T2CR,7
                      00117 #define                 T2MODE                  T2CR,6
                      00118 
                      00119 
                      00120 ;TK0CRH
                      00121 #define                                 TK0JE           TK0CRH,5
                      00122 #define                                 TK0RCE  TK0CRH,4
                      00123 #define                                 TK0CLR  TK0CRH,3
                      00124 ;TK1CRH
                      00125 #define                                 TK1JE           TK1CRH,5
                      00126 #define                                 TK1RCE  TK1CRH,4
                      00127 #define                                 TK1CLR  TK1CRH,3
                      00128 ;TK2CRH
                      00129 #define                                 TK2JE           TK2CRH,5
                      00130 #define                                 TK2RCE  TK2CRH,4
                      00131 #define                                 TK2CLR  TK2CRH,3
                      00132 
                      00133 
                      00134 ;TKnCRL
                      00135 #define                                 TK0IF           TK0CRL,7
                      00136 #define                                 TK0IE           TK0CRL,6
                      00137                                         
                      00138 ;TKnCRL
                      00139 #define                                 TK1IF           TK1CRL,7
                      00140 #define                                 TK1IE           TK1CRL,6
                      00141 
                      00142 ;TKnCRL
                      00143 #define                                 TK2IF           TK2CRL,7
                      00144 #define                                 TK2IE           TK2CRL,6
                      00145 
                      00146 ;ADCR0
                      00147 #define         ADEOC   ADCR0,1
                      00148 #define         ADON    ADCR0,0      
                      00149 
                      00150 ;I2CCR
                      00151 #define                 HCF                     I2CCR,7 ;data send end flag
                      00152 #define                 HAAS            I2CCR,6      ;addr matching flag 
                      00153 #define                 HBB                     I2CCR,5                         ;
                      00154 #define                 HTX                     I2CCR,4
                      00155 #define                 TXAK            I2CCR,3
                      00156 #define                 SRW                     I2CCR,2
                      00157 #define                 HEN                     I2CCR,1
                      00158 #define                 RXAK            I2CCR,0
                      00159 
                      00160 ;-------adc chanal----------------------------------------
                      00161 #define         AD0     0X00
                      00162 #define         AD1     0X10
                      00163 #define         AD2     0X20
                      00164 #define         AD3     0X30
                      00165 #define         AD4     0X40
                      00166 #define         AD5     0X50
                      00167 #define         AD6     0X60
                      00168 #define         AD7     0X70
                      00169 #define         LDO     0X80
                      00170 #define         AD_VDD          0XD0
                      00171 #define         AD_VDD_4DIV     0XE0
                      00172 #define         AD_VDD_2DIV     0XF0
                      00173 
                      00012 ;--------------------------------------------------------
                      00013 ; external declarations
                      00014 ;--------------------------------------------------------
                      00015         extern  ___uchar2fs
                      00016         extern  ___schar2fs
                      00017         extern  ___uint2fs
                      00018         extern  ___sint2fs
                      00019         extern  ___ulong2fs
                      00020         extern  ___slong2fs
                      00021         extern  ___fs2uchar
                      00022         extern  ___fs2schar
                      00023         extern  ___fs2uint
                      00024         extern  ___fs2ulong
                      00025         extern  ___fs2slong
                      00026         extern  ___fsadd
                      00027         extern  ___fssub
                      00028         extern  ___fsmul
                      00029         extern  ___fsdiv
                      00030         extern  ___fslt
                      00031         extern  ___fseq
                      00032         extern  ___fsneq
                      00033         extern  ___fsgt
                      00034 
                      00035         extern STK06
                      00036         extern STK05
                      00037         extern STK04
                      00038         extern STK03
                      00039         extern STK02
                      00040         extern STK01
                      00041         extern STK00
                      00042 ;--------------------------------------------------------
                      00043 ; global declarations
                      00044 ;--------------------------------------------------------
                      00045         global  ___fs2sint
                      00046 
                      00047 ;--------------------------------------------------------
                      00048 ; global definitions
                      00049 ;--------------------------------------------------------
                      00050 ;--------------------------------------------------------
                      00051 ; absolute symbol definitions
                      00052 ;--------------------------------------------------------
                      00053 ;--------------------------------------------------------
                      00054 ; compiler-defined variables
                      00055 ;--------------------------------------------------------
                      00056 UDL_fs2sint_0   udata
0000                  00057 r0x1003 res     1
0000                  00058 r0x1002 res     1
0001                  00059 r0x1001 res     1
0001                  00060 r0x1000 res     1
                      00061 ;--------------------------------------------------------
                      00062 ; initialized data
                      00063 ;--------------------------------------------------------
                      00064 ;--------------------------------------------------------
                      00065 ; overlayable items in internal ram 
                      00066 ;--------------------------------------------------------
                      00067 ;       udata_ovr
                      00068 ;--------------------------------------------------------
                      00069 ; code
                      00070 ;--------------------------------------------------------
                      00071 code_fs2sint    code
                      00072 ;***
                      00073 ;  pBlock Stats: dbName = C
                      00074 ;***
                      00075 ;entry:  ___fs2sint     ;Function start
                      00076 ; 2 exit points
                      00077 ;has an exit
                      00078 ;functions called:
                      00079 ;   ___fs2slong
                      00080 ;   ___fs2slong
                      00081 ;9 compiler assigned registers:
                      00082 ;   r0x1000
                      00083 ;   STK00
                      00084 ;   r0x1001
                      00085 ;   STK01
                      00086 ;   r0x1002
                      00087 ;   STK02
                      00088 ;   r0x1003
                      00089 ;   r0x1004
                      00090 ;   r0x1005
                      00091 ;; Starting pCode block
                      00092 ;;[ICODE] ../libsdcc/fs2sint.c:33:  _entry($6) :
                      00093 ;;[ICODE] ../libsdcc/fs2sint.c:33:      proc ___fs2sint [k1 lr0:0 so:0]{ ia0 a2p0 re0 rm0 nos0 ru0 dp0}{int function ( float fixed) fixed}
0000                  00094 ___fs2sint      ;Function start
                      00095 ; 2 exit points
                      00096 ;;[ICODE] ../libsdcc/fs2sint.c:33: iTemp0 [k2 lr3:4 so:0]{ ia0 a2p0 re1 rm0 nos0 ru1 dp0}{float fixed}{ sir@ ___fs2sint_f_1_21}[r0x1000 r0x1001 r0x1002 r0x1003 ] = recv ___fs2sint [k1 lr0:0 so:0]{ ia0 a2p0 re0 rm0 nos0 ru0 dp0}{int function ( float fixed) fixed}
                      00097 ;       .line   33; "../libsdcc/fs2sint.c"      signed int __fs2sint (float f) _FS_REENTRANT
0000   5600           00098         MOVRA   r0x1000
0001   5800           00099         MOVAR   STK00
0002   5600           00100         MOVRA   r0x1001
0003   5800           00101         MOVAR   STK01
0004   5600           00102         MOVRA   r0x1002
0005   5800           00103         MOVAR   STK02
0006   5600           00104         MOVRA   r0x1003
                      00105 ;;[ICODE] ../libsdcc/fs2sint.c:35:      send iTemp0 [k2 lr3:4 so:0]{ ia0 a2p0 re1 rm0 nos0 ru1 dp0}{float fixed}{ sir@ ___fs2sint_f_1_21}[r0x1000 r0x1001 r0x1002 r0x1003 ]{argreg = 1}
                      00106 ;;[ICODE] ../libsdcc/fs2sint.c:35:      iTemp1 [k4 lr5:15 so:0]{ ia0 a2p0 re1 rm0 nos0 ru0 dp0}{long-int fixed}{ sir@ ___fs2sint_sl_1_22}[r0x1000 r0x1001 r0x1002 r0x1003 ] = call ___fs2slong [k6 lr0:0 so:0]{ ia0 a2p0 re0 rm0 nos0 ru0 dp0}{long-int function ( float fixed) fixed}
                      00107 ;       .line   35; "../libsdcc/fs2sint.c"      signed long sl=__fs2slong(f);
0007   5800           00108         MOVAR   r0x1003
0008   5600           00109         MOVRA   STK02
0009   5800           00110         MOVAR   r0x1002
000A   5600           00111         MOVRA   STK01
000B   5800           00112         MOVAR   r0x1001
000C   5600           00113         MOVRA   STK00
000D   5800           00114         MOVAR   r0x1000
000E   8000           00115         CALL    ___fs2slong
000F   5600           00116         MOVRA   r0x1000
0010   5800           00117         MOVAR   STK00
0011   5600           00118         MOVRA   r0x1001
0012   5800           00119         MOVAR   STK01
0013   5600           00120         MOVRA   r0x1002
0014   5800           00121         MOVAR   STK02
0015   5600           00122         MOVRA   r0x1003
                      00123 ;;[ICODE] ../libsdcc/fs2sint.c:36:      iTemp3 [k9 lr7:8 so:0]{ ia0 a2p0 re0 rm0 nos0 ru0 dp0}{char fixed} = iTemp1 [k4 lr5:15 so:0]{ ia0 a2p0 re1 rm0 nos0 ru0 dp0}{long-int fixed}{ sir@ ___fs2sint_sl_1_22}[r0x1000 r0x1001 r0x1002 r0x1003 ] < 0x7fff {long-int literal}
                      00124 ;;signed compare: left < lit(0x7FFF=32767), size=4, mask=ffffffff
                      00125 ;       .line   36; "../libsdcc/fs2sint.c"      if (sl>=INT_MAX)
0016   5800           00126         MOVAR   r0x1000
0017   3F80           00127         ADDAI   0x80
0018   3F80           00128         ADDAI   0x80
0019   E587           00129         JBSET   STATUS,2
001A   A000           00130         GOTO    _00115_DS_
001B   3C00           00131         MOVAI   0x00
001C   4800           00132         RSUBAR  r0x1001
001D   E587           00133         JBSET   STATUS,2
001E   A000           00134         GOTO    _00115_DS_
001F   3C7F           00135         MOVAI   0x7f
0020   4800           00136         RSUBAR  r0x1002
0021   E587           00137         JBSET   STATUS,2
0022   A000           00138         GOTO    _00115_DS_
0023   3CFF           00139         MOVAI   0xff
0024   4800           00140         RSUBAR  r0x1003
0025                  00141 _00115_DS_
0025   E187           00142         JBSET   STATUS,0
0026   A000           00143         GOTO    _00106_DS_
                      00144 ;;genSkipc:3246: created from rifx:0xbfeacfb0
                      00145 ;;[ICODE] ../libsdcc/fs2sint.c:36:      if iTemp3 [k9 lr7:8 so:0]{ ia0 a2p0 re0 rm0 nos0 ru0 dp0}{char fixed} != 0 goto _iffalse_0($2)
                      00146 ;;[ICODE] ../libsdcc/fs2sint.c:37:      ret 0x7fff {const-int literal}
                      00147 ;       .line   37; "../libsdcc/fs2sint.c"      return INT_MAX;
0027   3CFF           00148         MOVAI   0xff
0028   5600           00149         MOVRA   STK00
0029   3C7F           00150         MOVAI   0x7f
002A   A000           00151         GOTO    _00109_DS_
                      00152 ;;[ICODE] ../libsdcc/fs2sint.c:37:  _iffalse_0($2) :
                      00153 ;;[ICODE] ../libsdcc/fs2sint.c:38:      iTemp4 [k10 lr11:12 so:0]{ ia0 a2p0 re0 rm0 nos0 ru0 dp0}{char fixed} = iTemp1 [k4 lr5:15 so:0]{ ia0 a2p0 re1 rm0 nos0 ru0 dp0}{long-int fixed}{ sir@ ___fs2sint_sl_1_22}[r0x1000 r0x1001 r0x1002 r0x1003 ] > 0xffff8000 {const-long-int literal}
                      00154 ;;swapping arguments (AOP_TYPEs 1/2)
                      00155 ;;signed compare: left >= lit(0xFFFF8001=-32767), size=4, mask=ffffffff
002B                  00156 _00106_DS_
                      00157 ;       .line   38; "../libsdcc/fs2sint.c"      if (sl<=INT_MIN) 
002B   5800           00158         MOVAR   r0x1000
002C   3F80           00159         ADDAI   0x80
002D   3F81           00160         ADDAI   0x81
002E   E587           00161         JBSET   STATUS,2
002F   A000           00162         GOTO    _00116_DS_
0030   3CFF           00163         MOVAI   0xff
0031   4800           00164         RSUBAR  r0x1001
0032   E587           00165         JBSET   STATUS,2
0033   A000           00166         GOTO    _00116_DS_
0034   3C80           00167         MOVAI   0x80
0035   4800           00168         RSUBAR  r0x1002
0036   E587           00169         JBSET   STATUS,2
0037   A000           00170         GOTO    _00116_DS_
0038   3C01           00171         MOVAI   0x01
0039   4800           00172         RSUBAR  r0x1003
003A                  00173 _00116_DS_
003A   F187           00174         JBCLR   STATUS,0
003B   A000           00175         GOTO    _00108_DS_
                      00176 ;;genSkipc:3246: created from rifx:0xbfeacfb0
                      00177 ;;[ICODE] ../libsdcc/fs2sint.c:38:      if iTemp4 [k10 lr11:12 so:0]{ ia0 a2p0 re0 rm0 nos0 ru0 dp0}{char fixed} != 0 goto _iffalse_1($4)
                      00178 ;;[ICODE] ../libsdcc/fs2sint.c:39:      ret 0xffff8000 {int literal}
                      00179 ;       .line   39; "../libsdcc/fs2sint.c"      return -INT_MIN;
003C   3C00           00180         MOVAI   0x00
003D   5600           00181         MOVRA   STK00
003E   3C80           00182         MOVAI   0x80
003F   A000           00183         GOTO    _00109_DS_
                      00184 ;;[ICODE] ../libsdcc/fs2sint.c:39:  _iffalse_1($4) :
                      00185 ;;[ICODE] ../libsdcc/fs2sint.c:40:      iTemp5 [k11 lr15:16 so:0]{ ia0 a2p0 re0 rm0 nos0 ru1 dp0}{int fixed}[r0x1004 r0x1005 ] = (int fixed)iTemp1 [k4 lr5:15 so:0]{ ia0 a2p0 re1 rm0 nos0 ru0 dp0}{long-int fixed}{ sir@ ___fs2sint_sl_1_22}[r0x1000 r0x1001 r0x1002 r0x1003 ]
                      00186 ;;101   MOVAR   r0x1003
                      00187 ;;99    MOVRA   r0x1004
                      00188 ;;104   MOVAR   r0x1002
                      00189 ;;102   MOVRA   r0x1005
                      00190 ;;[ICODE] ../libsdcc/fs2sint.c:40:      ret iTemp5 [k11 lr15:16 so:0]{ ia0 a2p0 re0 rm0 nos0 ru1 dp0}{int fixed}[r0x1004 r0x1005 ]
                      00191 ;;100   MOVAR   r0x1004
0040                  00192 _00108_DS_
                      00193 ;       .line   40; "../libsdcc/fs2sint.c"      return sl;
0040   5800           00194         MOVAR   r0x1003
0041   5600           00195         MOVRA   STK00
                      00196 ;;103   MOVAR   r0x1005
0042   5800           00197         MOVAR   r0x1002
                      00198 ;;[ICODE] ../libsdcc/fs2sint.c:40:  _return($5) :
                      00199 ;;[ICODE] ../libsdcc/fs2sint.c:40:      eproc ___fs2sint [k1 lr0:0 so:0]{ ia0 a2p0 re0 rm0 nos0 ru0 dp0}{int function ( float fixed) fixed}
0043                  00200 _00109_DS_
0043   000C           00201         RETURN  
                      00202 ; exit point of ___fs2sint
                      00203 
                      00204 
                      00205 ;       code size estimation:
                      00206 ;          68+    0 =    68 instructions (  136 byte)
                      00207 
                      00208         end
gpasm-1.7.0_beta1 (Jan 22 2015)fs2sint.asm        2015-1-22  23:36:17          PAGE  2


SYMBOL TABLE
  LABEL                             VALUE

ADCR0                             000001B0
ADCR1                             000001B1
ADCR2                             000001B2
ADIOS                             000001B3
ADRH                              000001B8
ADRL                              000001B9
ADVR0                             000001B4
ADVR1                             000001B5
ADVR2                             000001B6
FSR                               00000184
FSR0                              00000184
FSR1                              00000185
HIBYTE                            00000183
INDF                              00000180
INDF0                             00000180
INDF1                             00000181
INDF2                             00000182
INDF3                             00000189
INTE                              0000018A
INTF                              0000018B
IOP0                              00000190
KBCR                              00000197
KEYCR0                            000001BC
KEYCR1                            000001BD
LVDCR                             000001AD
LXTCR                             000001AC
MCR                               00000188
OEP0                              00000191
OSCCAL                            000001FB
OSCM                              000001AE
PCL                               00000186
PDP0                              00000193
PUP0                              00000192
STATUS                            00000187
STK00                             00000000
STK01                             00000000
STK02                             00000000
STK03                             00000000
STK04                             00000000
STK05                             00000000
STK06                             00000000
T00DATA                           000001A3
T01DATA                           000001A9
T0CNT                             000001A1
T0CR0                             000001A0
T0CR1                             000001A8
T0LOAD                            000001A2
T1CNT                             000001A5
T1CR                              000001A4
T1DATA                            000001A7
T1LOAD                            000001A6
_00106_DS_                        0000002B
_00108_DS_                        00000040
_00109_DS_                        00000043
_00115_DS_                        00000025
_00116_DS_                        0000003A
__32P7022                         00000001
___fs2schar                       00000000
___fs2sint                        00000000
___fs2slong                       00000000
___fs2uchar                       00000000
___fs2uint                        00000000
___fs2ulong                       00000000
___fsadd                          00000000
___fsdiv                          00000000
___fseq                           00000000
___fsgt                           00000000
___fslt                           00000000
___fsmul                          00000000
___fsneq                          00000000
___fssub                          00000000
___schar2fs                       00000000
___sint2fs                        00000000
___slong2fs                       00000000
___uchar2fs                       00000000
___uint2fs                        00000000
___ulong2fs                       00000000
r0x1000                           00000003
r0x1001                           00000002
r0x1002                           00000001
r0x1003                           00000000
AD0                               0X00
AD1                               0X10
AD2                               0X20
AD3                               0X30
AD4                               0X40
AD5                               0X50
AD6                               0X60
AD7                               0X70
ADEOC                             ADCR0,1
ADIE                              INTE,6
ADIF                              INTFLAG,6
ADON                              ADCR0,0
AD_VDD                            0XD0
AD_VDD_2DIV                       0XF0
AD_VDD_4DIV                       0XE0
BUZZ0OUT                          T0CR,5
BUZZ1OUT                          T1CR,5
C                                 STATUS,0
CLKS                              OSCM,2
DC                                STATUS,1
GIE                               MCR,7
HAAS                              I2CCR,6
HBB                               I2CCR,5
HCF                               I2CCR,7
HEN                               I2CCR,1
HFEN                              OSCM,0
HTX                               I2CCR,4
I2CIE                             INTE,5
I2CIF                             INTFLAG,5
INT0IE                            INTE,2
INT0IF                            INTFLAG,2
INT1IE                            INTE,3
INT1IF                            INTFLAG,3
LDO                               0X80
LFEN                              OSCM,1
PD                                MCR,4
PWM0OUT                           T0CR,6
PWM1OUT                           T1CR,6
RXAK                              I2CCR,0
SRW                               I2CCR,2
STBH                              OSCM,4
STBL                              OSCM,5
T0                                MCR,5
T0IE                              INTE,0
T0IF                              INTFLAG,0
T0PS1                             T0CR,4
T0PTS0                            T0CR,3
T1IE                              INTE,1
T1IF                              INTFLAG,1
T1PS1                             T1CR,4
T1PTS0                            T1CR,3
T2IE                              INTE,4
T2IF                              INTFLAG,4
T2MODE                            T2CR,6
TC0EN                             T0CR,7
TC1EN                             T1CR,7
TC2EN                             T2CR,7
TK0CLR                            TK0CRH,3
TK0IE                             TK0CRL,6
TK0IF                             TK0CRL,7
TK0JE                             TK0CRH,5
TK0RCE                            TK0CRH,4
TK1CLR                            TK1CRH,3
TK1IE                             TK1CRL,6
TK1IF                             TK1CRL,7
TK1JE                             TK1CRH,5
TK1RCE                            TK1CRH,4
TK2CLR                            TK2CRH,3
TK2IE                             TK2CRL,6
TK2IF                             TK2CRL,7
TK2JE                             TK2CRH,5
TK2RCE                            TK2CRH,4
TXAK                              I2CCR,3
Z                                 STATUS,2

Errors   :     0
Warnings :     0 reported,     0 suppressed
Messages :     0 reported,     0 suppressed

