gpasm-1.7.0_beta1 (Jan 22 2015)fs2ulong.asm       2015-1-22  23:36:17          PAGE  1


LOC  OBJECT CODE     LINE SOURCE TEXT
  VALUE

                      00001 ;--------------------------------------------------------
                      00002 ; File Created by SN-SDCC : ANSI-C Compiler
                      00003 ; Version 0.0.4 (Jan 22 2015) (Linux)
                      00004 ; This file was generated Thu Jan 22 23:36:17 2015
                      00005 ;--------------------------------------------------------
                      00006 ; MC3X port for the RISC core
                      00007 ;--------------------------------------------------------
                      00008 ;       .file   "../libsdcc/fs2ulong.c"
                      00009         list    p=32p7022
                      00010         radix dec
                      00011         include "mc32p7022.inc"
                      00001 
                      00002 
                      00003 ;mc32p7022 header file
                      00004 ;
                      00005 ; 
                      00006 
                      00007 ;define must write at first row
                      00008 
  00000180            00009 INDF    EQU     0X180  
  00000180            00010 INDF0   EQU     0X180
  00000181            00011 INDF1   EQU     0X181
  00000182            00012 INDF2   EQU     0X182
  00000183            00013 HIBYTE  EQU     0X183
  00000184            00014 FSR     EQU     0X184
  00000184            00015 FSR0    EQU     0X184
  00000185            00016 FSR1    EQU     0X185
  00000186            00017 PCL     EQU     0X186
  00000187            00018 STATUS  EQU     0X187
  00000188            00019 MCR     EQU     0X188
  00000189            00020 INDF3   EQU     0X189   
  0000018A            00021 INTE    EQU     0X18A
  0000018B            00022 INTF    EQU     0X18B
  00000190            00023 IOP0    EQU     0X190
  00000191            00024 OEP0    EQU     0X191
  00000192            00025 PUP0    EQU     0X192
  00000193            00026 PDP0    EQU     0X193
  00000197            00027 KBCR    EQU     0X197
  000001A0            00028 T0CR0   EQU     0X1A0
  000001A1            00029 T0CNT   EQU     0X1A1
  000001A2            00030 T0LOAD  EQU     0X1A2
  000001A3            00031 T00DATA EQU     0X1A3
  000001A4            00032 T1CR    EQU     0X1A4
  000001A5            00033 T1CNT   EQU     0X1A5
  000001A6            00034 T1LOAD  EQU     0X1A6
  000001A7            00035 T1DATA  EQU     0X1A7
  000001A8            00036 T0CR1   EQU     0X1A8
  000001A9            00037 T01DATA EQU     0X1A9
  000001AC            00038 LXTCR   EQU     0X1AC
  000001AD            00039 LVDCR   EQU     0X1AD
  000001AE            00040 OSCM    EQU     0X1AE
  000001B0            00041 ADCR0   EQU     0X1B0
  000001B1            00042 ADCR1   EQU     0X1B1
  000001B2            00043 ADCR2   EQU     0X1B2
  000001B3            00044 ADIOS   EQU     0X1B3
  000001B4            00045 ADVR0   EQU     0X1B4
  000001B5            00046 ADVR1   EQU     0X1B5
  000001B6            00047 ADVR2   EQU     0X1B6
  000001B8            00048 ADRH    EQU     0X1B8
  000001B9            00049 ADRL    EQU     0X1B9
  000001BC            00050 KEYCR0  EQU     0X1BC
  000001BD            00051 KEYCR1  EQU     0X1BD
  000001FB            00052 OSCCAL  EQU     0X1FB
                      00053 
                      00054 
                      00055 
                      00056 ;MCR 
                      00057 #define         GIE             MCR,7
                      00058 #define         T0              MCR,5
                      00059 #define         PD              MCR,4
                      00060 ;#define         MINT1
                      00061   
                      00062 
                      00063 ;STATUS bit 
                      00064 #define         Z       STATUS,2
                      00065 #define         DC      STATUS,1
                      00066 #define         C       STATUS,0 
                      00067 
                      00068 
                      00069 ;INTE0
                      00070 ; 1=enable, 0=disable
                      00071 #define         ADIE    INTE,6
                      00072 #define         I2CIE   INTE,5
                      00073 #define         T2IE    INTE,4
                      00074 #define         INT1IE  INTE,3
                      00075 #define         INT0IE  INTE,2
                      00076 #define         T1IE    INTE,1
                      00077 #define         T0IE    INTE,0
                      00078 
                      00079 ;TIME0
                      00080 #define         TC0EN           T0CR,7
                      00081 #define         PWM0OUT         T0CR,6
                      00082 #define         BUZZ0OUT        T0CR,5
                      00083 #define         T0PS1           T0CR,4
                      00084 #define         T0PTS0          T0CR,3
                      00085 ;#define         T0PR2
                      00086 
                      00087 ;OSCM
                      00088 #define         STBL    OSCM,5
                      00089 #define         STBH    OSCM,4
                      00090 #define         CLKS    OSCM,2
                      00091 #define         LFEN    OSCM,1
                      00092 #define         HFEN    OSCM,0          
                      00093 
                      00094 ;TIME0
                      00095 #define         TC1EN           T1CR,7
                      00096 #define         PWM1OUT         T1CR,6
                      00097 #define         BUZZ1OUT        T1CR,5
                      00098 #define         T1PS1           T1CR,4
                      00099 #define         T1PTS0          T1CR,3
                      00100 
                      00101 ;INTFLAG
                      00102 ;1=active ,
                      00103 #define         ADIF    INTFLAG,6 
                      00104 #define         I2CIF   INTFLAG,5
                      00105 #define         T2IF    INTFLAG,4
                      00106 #define         INT1IF  INTFLAG,3
                      00107 #define         INT0IF  INTFLAG,2
                      00108 #define         T1IF    INTFLAG,1
                      00109 #define         T0IF    INTFLAG,0
                      00110 
                      00111 
                      00112 ;-------------------------------------------------------
                      00113 ;timer2
                      00114 ;----------------------------
                      00115 ;T2CR
                      00116 #define                 TC2EN                           T2CR,7
                      00117 #define                 T2MODE                  T2CR,6
                      00118 
                      00119 
                      00120 ;TK0CRH
                      00121 #define                                 TK0JE           TK0CRH,5
                      00122 #define                                 TK0RCE  TK0CRH,4
                      00123 #define                                 TK0CLR  TK0CRH,3
                      00124 ;TK1CRH
                      00125 #define                                 TK1JE           TK1CRH,5
                      00126 #define                                 TK1RCE  TK1CRH,4
                      00127 #define                                 TK1CLR  TK1CRH,3
                      00128 ;TK2CRH
                      00129 #define                                 TK2JE           TK2CRH,5
                      00130 #define                                 TK2RCE  TK2CRH,4
                      00131 #define                                 TK2CLR  TK2CRH,3
                      00132 
                      00133 
                      00134 ;TKnCRL
                      00135 #define                                 TK0IF           TK0CRL,7
                      00136 #define                                 TK0IE           TK0CRL,6
                      00137                                         
                      00138 ;TKnCRL
                      00139 #define                                 TK1IF           TK1CRL,7
                      00140 #define                                 TK1IE           TK1CRL,6
                      00141 
                      00142 ;TKnCRL
                      00143 #define                                 TK2IF           TK2CRL,7
                      00144 #define                                 TK2IE           TK2CRL,6
                      00145 
                      00146 ;ADCR0
                      00147 #define         ADEOC   ADCR0,1
                      00148 #define         ADON    ADCR0,0      
                      00149 
                      00150 ;I2CCR
                      00151 #define                 HCF                     I2CCR,7 ;data send end flag
                      00152 #define                 HAAS            I2CCR,6      ;addr matching flag 
                      00153 #define                 HBB                     I2CCR,5                         ;
                      00154 #define                 HTX                     I2CCR,4
                      00155 #define                 TXAK            I2CCR,3
                      00156 #define                 SRW                     I2CCR,2
                      00157 #define                 HEN                     I2CCR,1
                      00158 #define                 RXAK            I2CCR,0
                      00159 
                      00160 ;-------adc chanal----------------------------------------
                      00161 #define         AD0     0X00
                      00162 #define         AD1     0X10
                      00163 #define         AD2     0X20
                      00164 #define         AD3     0X30
                      00165 #define         AD4     0X40
                      00166 #define         AD5     0X50
                      00167 #define         AD6     0X60
                      00168 #define         AD7     0X70
                      00169 #define         LDO     0X80
                      00170 #define         AD_VDD          0XD0
                      00171 #define         AD_VDD_4DIV     0XE0
                      00172 #define         AD_VDD_2DIV     0XF0
                      00173 
                      00012 ;--------------------------------------------------------
                      00013 ; external declarations
                      00014 ;--------------------------------------------------------
                      00015         extern  ___uchar2fs
                      00016         extern  ___schar2fs
                      00017         extern  ___uint2fs
                      00018         extern  ___sint2fs
                      00019         extern  ___ulong2fs
                      00020         extern  ___slong2fs
                      00021         extern  ___fs2uchar
                      00022         extern  ___fs2schar
                      00023         extern  ___fs2uint
                      00024         extern  ___fs2sint
                      00025         extern  ___fs2slong
                      00026         extern  ___fsadd
                      00027         extern  ___fssub
                      00028         extern  ___fsmul
                      00029         extern  ___fsdiv
                      00030         extern  ___fslt
                      00031         extern  ___fseq
                      00032         extern  ___fsneq
                      00033         extern  ___fsgt
                      00034 
                      00035         extern STK06
                      00036         extern STK05
                      00037         extern STK04
                      00038         extern STK03
                      00039         extern STK02
                      00040         extern STK01
                      00041         extern STK00
                      00042 ;--------------------------------------------------------
                      00043 ; global declarations
                      00044 ;--------------------------------------------------------
                      00045         global  ___fs2ulong
                      00046 
                      00047 ;--------------------------------------------------------
                      00048 ; global definitions
                      00049 ;--------------------------------------------------------
                      00050 ;--------------------------------------------------------
                      00051 ; absolute symbol definitions
                      00052 ;--------------------------------------------------------
                      00053 ;--------------------------------------------------------
                      00054 ; compiler-defined variables
                      00055 ;--------------------------------------------------------
                      00056 UDL_fs2ulong_0  udata
0000                  00057 r0x1007 res     1
0000                  00058 r0x1006 res     1
0001                  00059 r0x1005 res     1
0001                  00060 r0x1004 res     1
0002                  00061 r0x1008 res     1
0002                  00062 r0x1009 res     1
0003                  00063 r0x100A res     1
0003                  00064 r0x100B res     1
0004                  00065 r0x100C res     1
0004                  00066 r0x100D res     1
0005                  00067 r0x100E res     1
0005                  00068 r0x100F res     1
0006                  00069 ___fs2ulong_fl1_1_22    res     4
                      00070 ;--------------------------------------------------------
                      00071 ; initialized data
                      00072 ;--------------------------------------------------------
                      00073 ;--------------------------------------------------------
                      00074 ; overlayable items in internal ram 
                      00075 ;--------------------------------------------------------
                      00076 ;       udata_ovr
                      00077 ;--------------------------------------------------------
                      00078 ; code
                      00079 ;--------------------------------------------------------
                      00080 code_fs2ulong   code
                      00081 ;***
                      00082 ;  pBlock Stats: dbName = C
                      00083 ;***
                      00084 ;entry:  ___fs2ulong    ;Function start
                      00085 ; 2 exit points
                      00086 ;has an exit
                      00087 ;16 compiler assigned registers:
                      00088 ;   r0x1004
                      00089 ;   STK00
                      00090 ;   r0x1005
                      00091 ;   STK01
                      00092 ;   r0x1006
                      00093 ;   STK02
                      00094 ;   r0x1007
                      00095 ;   r0x1008
                      00096 ;   r0x1009
                      00097 ;   r0x100A
                      00098 ;   r0x100B
                      00099 ;   r0x100C
                      00100 ;   r0x100D
                      00101 ;   r0x100E
                      00102 ;   r0x100F
                      00103 ;   r0x1010
                      00104 ;; Starting pCode block
                      00105 ;;[ICODE] ../libsdcc/fs2ulong.c:55:  _entry($5) :
                      00106 ;;[ICODE] ../libsdcc/fs2ulong.c:55:     proc ___fs2ulong [k1 lr0:0 so:0]{ ia0 a2p0 re0 rm0 nos0 ru0 dp0}{unsigned-long-int function ( float fixed) fixed}
0000                  00107 ___fs2ulong     ;Function start
                      00108 ; 2 exit points
                      00109 ;;[ICODE] ../libsdcc/fs2ulong.c:55: iTemp0 [k2 lr3:5 so:0]{ ia0 a2p0 re1 rm0 nos0 ru0 dp0}{float fixed}{ sir@ ___fs2ulong_a1_1_21}[r0x1000 r0x1001 r0x1002 r0x1003 ] = recv ___fs2ulong [k1 lr0:0 so:0]{ ia0 a2p0 re0 rm0 nos0 ru0 dp0}{unsigned-long-int function ( float fixed) fixed}
                      00110 ;       .line   55; "../libsdcc/fs2ulong.c"     unsigned long __fs2ulong (float a1) _FS_REENTRANT
0000   5600           00111         MOVRA   r0x1004
0001   5800           00112         MOVAR   STK00
0002   5600           00113         MOVRA   r0x1005
0003   5800           00114         MOVAR   STK01
0004   5600           00115         MOVRA   r0x1006
0005   5800           00116         MOVAR   STK02
0006   5600           00117         MOVRA   (___fs2ulong_fl1_1_22 + 0)
0007   5600           00118         MOVRA   r0x1007
                      00119 ;;[ICODE] ../libsdcc/fs2ulong.c:61:     iTemp1 [k5 lr4:5 so:0]{ ia0 a2p0 re0 rm1 nos0 ru0 dp0}{volatile-float near* fixed}[remat] = &[___fs2ulong_fl1_1_22 [k4 lr0:0 so:0]{ ia0 a2p0 re0 rm0 nos0 ru0 dp0}{volatile-struct float_long fixed}]
                      00120 ;;[ICODE] ../libsdcc/fs2ulong.c:61:     *(iTemp1 [k5 lr4:5 so:0]{ ia1 a2p0 re0 rm1 nos0 ru0 dp0}{volatile-float near* fixed}[remat]) := iTemp0 [k2 lr3:5 so:0]{ ia0 a2p0 re1 rm0 nos0 ru0 dp0}{float fixed}{ sir@ ___fs2ulong_a1_1_21}[r0x1000 r0x1001 r0x1002 r0x1003 ]
                      00121 ;;gen.c:6444: size=3/4, offset=0, AOP_TYPE(res)=8
                      00122 ;;110   MOVAR   r0x1007
                      00123 ;;gen.c:6444: size=2/4, offset=1, AOP_TYPE(res)=8
                      00124 ;       .line   61; "../libsdcc/fs2ulong.c"     fl1.f = a1;
0008   5800           00125         MOVAR   r0x1006
0009   5600           00126         MOVRA   (___fs2ulong_fl1_1_22 + 1)
                      00127 ;;gen.c:6444: size=1/4, offset=2, AOP_TYPE(res)=8
000A   5800           00128         MOVAR   r0x1005
000B   5600           00129         MOVRA   (___fs2ulong_fl1_1_22 + 2)
                      00130 ;;gen.c:6444: size=0/4, offset=3, AOP_TYPE(res)=8
000C   5800           00131         MOVAR   r0x1004
000D   5600           00132         MOVRA   (___fs2ulong_fl1_1_22 + 3)
                      00133 ;;[ICODE] ../libsdcc/fs2ulong.c:63:     iTemp3 [k8 lr6:7 so:0]{ ia0 a2p0 re0 rm1 nos0 ru0 dp0}{volatile-long-int near* fixed}[remat] = &[___fs2ulong_fl1_1_22 [k4 lr0:0 so:0]{ ia0 a2p0 re0 rm0 nos0 ru0 dp0}{volatile-struct float_long fixed}]
                      00134 ;;[ICODE] ../libsdcc/fs2ulong.c:63:     iTemp5 [k11 lr7:8 so:0]{ ia0 a2p0 re0 rm0 nos0 ru0 dp0}{volatile-long-int fixed}[r0x1000 r0x1001 r0x1002 r0x1003 ] = @[iTemp3 [k8 lr6:7 so:0]{ ia1 a2p0 re0 rm1 nos0 ru0 dp0}{volatile-long-int near* fixed}[remat] + 0x0 {const-unsigned-char literal}]
                      00135 ;       .line   63; "../libsdcc/fs2ulong.c"     if (!fl1.l || SIGN(fl1.l))
000E   5800           00136         MOVAR   (___fs2ulong_fl1_1_22 + 0)
000F   5600           00137         MOVRA   r0x1007
0010   5800           00138         MOVAR   (___fs2ulong_fl1_1_22 + 1)
0011   5600           00139         MOVRA   r0x1006
0012   5800           00140         MOVAR   (___fs2ulong_fl1_1_22 + 2)
0013   5600           00141         MOVRA   r0x1005
0014   5800           00142         MOVAR   (___fs2ulong_fl1_1_22 + 3)
0015   5600           00143         MOVRA   r0x1004
                      00144 ;;[ICODE] ../libsdcc/fs2ulong.c:63:     if iTemp5 [k11 lr7:8 so:0]{ ia0 a2p0 re0 rm0 nos0 ru0 dp0}{volatile-long-int fixed}[r0x1000 r0x1001 r0x1002 r0x1003 ] == 0 goto _iftrue_0($1)
0016   5800           00145         MOVAR   r0x1007
0017   5C00           00146         ORAR    r0x1006
0018   5C00           00147         ORAR    r0x1005
0019   5C00           00148         ORAR    r0x1004
001A   F587           00149         JBCLR   STATUS,2
001B   A000           00150         GOTO    _00105_DS_
                      00151 ;;[ICODE] ../libsdcc/fs2ulong.c:63:     iTemp6 [k12 lr9:10 so:0]{ ia0 a2p0 re0 rm1 nos0 ru0 dp0}{volatile-long-int near* fixed}[remat] = &[___fs2ulong_fl1_1_22 [k4 lr0:0 so:0]{ ia0 a2p0 re0 rm0 nos0 ru0 dp0}{volatile-struct float_long fixed}]
                      00152 ;;[ICODE] ../libsdcc/fs2ulong.c:63:     iTemp8 [k15 lr10:11 so:0]{ ia0 a2p0 re0 rm0 nos0 ru0 dp0}{volatile-long-int fixed}[r0x1000 r0x1001 r0x1002 r0x1003 ] = @[iTemp6 [k12 lr9:10 so:0]{ ia1 a2p0 re0 rm1 nos0 ru0 dp0}{volatile-long-int near* fixed}[remat] + 0x0 {const-unsigned-char literal}]
001C   5800           00153         MOVAR   (___fs2ulong_fl1_1_22 + 0)
001D   5600           00154         MOVRA   r0x1008
001E   5600           00155         MOVRA   r0x1007
001F   5800           00156         MOVAR   (___fs2ulong_fl1_1_22 + 1)
0020   5600           00157         MOVRA   r0x1009
0021   5600           00158         MOVRA   r0x1006
0022   5800           00159         MOVAR   (___fs2ulong_fl1_1_22 + 2)
0023   5600           00160         MOVRA   r0x100A
0024   5600           00161         MOVRA   r0x1005
0025   5800           00162         MOVAR   (___fs2ulong_fl1_1_22 + 3)
0026   5600           00163         MOVRA   r0x100B
0027   5600           00164         MOVRA   r0x1004
                      00165 ;;[ICODE] ../libsdcc/fs2ulong.c:63:     iTemp9 [k16 lr11:12 so:0]{ ia0 a2p0 re0 rm0 nos0 ru0 dp0}{unsigned-long-int fixed}[r0x1004 r0x1005 r0x1006 r0x1007 ] = (unsigned-long-int fixed)iTemp8 [k15 lr10:11 so:0]{ ia0 a2p0 re0 rm0 nos0 ru0 dp0}{volatile-long-int fixed}[r0x1000 r0x1001 r0x1002 r0x1003 ]
                      00166 ;;109   MOVAR   r0x1007
                      00167 ;;100   MOVAR   r0x1006
                      00168 ;;101   MOVAR   r0x1005
                      00169 ;;102   MOVAR   r0x1004
                      00170 ;;[ICODE] ../libsdcc/fs2ulong.c:63:     iTemp10 [k17 lr12:13 so:0]{ ia0 a2p0 re0 rm0 nos0 ru0 dp0}{char fixed}[r0x1000 ] = gabit iTemp9 [k16 lr11:12 so:0]{ ia0 a2p0 re0 rm0 nos0 ru0 dp0}{unsigned-long-int fixed}[r0x1004 r0x1005 r0x1006 r0x1007 ]
0028   5800           00171         MOVAR   r0x100B
0029   3E80           00172         ANDAI   0x80
002A   E587           00173         JBSET   STATUS,2
002B   3C01           00174         MOVAI   0x01
002C   5600           00175         MOVRA   r0x1007
                      00176 ;;[ICODE] ../libsdcc/fs2ulong.c:63:     if iTemp10 [k17 lr12:13 so:0]{ ia0 a2p0 re0 rm0 nos0 ru0 dp0}{char fixed}[r0x1000 ] == 0 goto _iffalse_0($2)
002D   3C00           00177         MOVAI   0x00
002E   5C00           00178         ORAR    r0x1007
002F   F587           00179         JBCLR   STATUS,2
0030   A000           00180         GOTO    _00106_DS_
                      00181 ;;[ICODE] ../libsdcc/fs2ulong.c:63:  _iftrue_0($1) :
                      00182 ;;[ICODE] ../libsdcc/fs2ulong.c:64:     ret 0x0 {unsigned-long-int literal}
0031                  00183 _00105_DS_
                      00184 ;       .line   64; "../libsdcc/fs2ulong.c"     return (0);
0031   3C00           00185         MOVAI   0x00
0032   5600           00186         MOVRA   STK02
0033   3C00           00187         MOVAI   0x00
0034   5600           00188         MOVRA   STK01
0035   3C00           00189         MOVAI   0x00
0036   5600           00190         MOVRA   STK00
0037   3C00           00191         MOVAI   0x00
0038   A000           00192         GOTO    _00108_DS_
                      00193 ;;[ICODE] ../libsdcc/fs2ulong.c:64:  _iffalse_0($2) :
                      00194 ;;[ICODE] ../libsdcc/fs2ulong.c:66:     iTemp12 [k20 lr17:18 so:0]{ ia0 a2p0 re0 rm1 nos0 ru0 dp0}{volatile-long-int near* fixed}[remat] = &[___fs2ulong_fl1_1_22 [k4 lr0:0 so:0]{ ia0 a2p0 re0 rm0 nos0 ru0 dp0}{volatile-struct float_long fixed}]
                      00195 ;;[ICODE] ../libsdcc/fs2ulong.c:66:     iTemp14 [k23 lr18:19 so:0]{ ia0 a2p0 re0 rm0 nos0 ru0 dp0}{volatile-long-int fixed}[r0x1000 r0x1004 r0x1005 r0x1006 ] = @[iTemp12 [k20 lr17:18 so:0]{ ia1 a2p0 re0 rm1 nos0 ru0 dp0}{volatile-long-int near* fixed}[remat] + 0x0 {const-unsigned-char literal}]
0039                  00196 _00106_DS_
                      00197 ;       .line   66; "../libsdcc/fs2ulong.c"     exp = EXP (fl1.l) - EXCESS - 24;
0039   5800           00198         MOVAR   (___fs2ulong_fl1_1_22 + 0)
003A   5600           00199         MOVRA   r0x100B
003B   5600           00200         MOVRA   r0x1007
003C   5800           00201         MOVAR   (___fs2ulong_fl1_1_22 + 1)
003D   5600           00202         MOVRA   r0x100C
003E   5600           00203         MOVRA   r0x1008
003F   5800           00204         MOVAR   (___fs2ulong_fl1_1_22 + 2)
0040   5600           00205         MOVRA   r0x1009
0041   5800           00206         MOVAR   (___fs2ulong_fl1_1_22 + 3)
0042   5600           00207         MOVRA   r0x100E
0043   5600           00208         MOVRA   r0x100A
                      00209 ;;[ICODE] ../libsdcc/fs2ulong.c:66:     iTemp15 [k24 lr19:20 so:0]{ ia0 a2p0 re0 rm0 nos0 ru0 dp0}{unsigned-long-int fixed}[r0x1007 r0x1008 r0x1009 r0x100A ] = (unsigned-long-int fixed)iTemp14 [k23 lr18:19 so:0]{ ia0 a2p0 re0 rm0 nos0 ru0 dp0}{volatile-long-int fixed}[r0x1000 r0x1004 r0x1005 r0x1006 ]
                      00210 ;;107   MOVAR   r0x1007
                      00211 ;;103   MOVAR   r0x1008
0044   5800           00212         MOVAR   r0x1009
0045   5600           00213         MOVRA   r0x100D
                      00214 ;;108   MOVAR   r0x100A
                      00215 ;;[ICODE] ../libsdcc/fs2ulong.c:66:     iTemp16 [k25 lr20:21 so:0]{ ia0 a2p0 re0 rm0 nos0 ru0 dp0}{unsigned-long-int fixed}[r0x1000 r0x1004 r0x1005 r0x1006 ] = iTemp15 [k24 lr19:20 so:0]{ ia0 a2p0 re0 rm0 nos0 ru0 dp0}{unsigned-long-int fixed}[r0x1007 r0x1008 r0x1009 r0x100A ] >> 0x17 {const-unsigned-char literal}
0046   5000           00216         RLAR    r0x100D
0047   5000           00217         RLAR    r0x100E
0048   5600           00218         MOVRA   r0x100B
0049   5600           00219         MOVRA   r0x1007
004A   7600           00220         CLRR    r0x1008
004B   5200           00221         RLR     r0x1008
004C   7600           00222         CLRR    r0x1009
004D   7600           00223         CLRR    r0x100A
                      00224 ;;[ICODE] ../libsdcc/fs2ulong.c:66:     iTemp17 [k26 lr21:22 so:0]{ ia0 a2p0 re0 rm0 nos0 ru0 dp0}{unsigned-long-int fixed}[r0x1007 r0x1008 r0x1009 r0x100A ] = iTemp16 [k25 lr20:21 so:0]{ ia0 a2p0 re0 rm0 nos0 ru0 dp0}{unsigned-long-int fixed}[r0x1000 r0x1004 r0x1005 r0x1006 ] & 0xff {unsigned-long-int literal}
                      00225 ;;99    MOVAR   r0x1007
004E   7600           00226         CLRR    r0x100C
004F   7600           00227         CLRR    r0x100D
0050   7600           00228         CLRR    r0x100E
                      00229 ;;[ICODE] ../libsdcc/fs2ulong.c:66:     iTemp18 [k27 lr22:23 so:0]{ ia0 a2p0 re0 rm0 nos0 ru0 dp0}{unsigned-long-int fixed}[r0x1007 r0x1008 r0x1009 r0x100A ] = iTemp17 [k26 lr21:22 so:0]{ ia0 a2p0 re0 rm0 nos0 ru0 dp0}{unsigned-long-int fixed}[r0x1007 r0x1008 r0x1009 r0x100A ] - 0x96 {unsigned-long-int literal}
0051   3C6A           00230         MOVAI   0x6a
0052   7E00           00231         ADDRA   r0x100B
0053   3CFF           00232         MOVAI   0xff
0054   E187           00233         JBSET   STATUS,0
0055   7E00           00234         ADDRA   r0x100C
0056   3CFF           00235         MOVAI   0xff
0057   E187           00236         JBSET   STATUS,0
0058   7E00           00237         ADDRA   r0x100D
0059   3CFF           00238         MOVAI   0xff
005A   E187           00239         JBSET   STATUS,0
005B   7E00           00240         ADDRA   r0x100E
                      00241 ;;[ICODE] ../libsdcc/fs2ulong.c:66:     iTemp11 [k18 lr23:31 so:0]{ ia0 a2p0 re1 rm0 nos0 ru0 dp0}{int fixed}{ sir@ ___fs2ulong_exp_1_22}[r0x1000 r0x1004 ] = (int fixed)iTemp18 [k27 lr22:23 so:0]{ ia0 a2p0 re0 rm0 nos0 ru0 dp0}{unsigned-long-int fixed}[r0x1007 r0x1008 r0x1009 r0x100A ]
005C   5800           00242         MOVAR   r0x100B
005D   5600           00243         MOVRA   r0x1007
005E   5800           00244         MOVAR   r0x100C
005F   5600           00245         MOVRA   r0x1008
                      00246 ;;[ICODE] ../libsdcc/fs2ulong.c:67:     iTemp21 [k31 lr25:26 so:0]{ ia0 a2p0 re0 rm1 nos0 ru0 dp0}{volatile-long-int near* fixed}[remat] = &[___fs2ulong_fl1_1_22 [k4 lr0:0 so:0]{ ia0 a2p0 re0 rm0 nos0 ru0 dp0}{volatile-struct float_long fixed}]
                      00247 ;;[ICODE] ../libsdcc/fs2ulong.c:67:     iTemp23 [k34 lr26:27 so:0]{ ia0 a2p0 re0 rm0 nos0 ru0 dp0}{volatile-long-int fixed}[r0x1005 r0x1006 r0x1007 r0x1008 ] = @[iTemp21 [k31 lr25:26 so:0]{ ia1 a2p0 re0 rm1 nos0 ru0 dp0}{volatile-long-int near* fixed}[remat] + 0x0 {const-unsigned-char literal}]
                      00248 ;       .line   67; "../libsdcc/fs2ulong.c"     l = MANT (fl1.l);
0060   5800           00249         MOVAR   (___fs2ulong_fl1_1_22 + 0)
0061   5600           00250         MOVRA   r0x1009
0062   5800           00251         MOVAR   (___fs2ulong_fl1_1_22 + 1)
0063   5600           00252         MOVRA   r0x100E
0064   5600           00253         MOVRA   r0x100A
0065   5800           00254         MOVAR   (___fs2ulong_fl1_1_22 + 2)
0066   5600           00255         MOVRA   r0x100F
0067   5600           00256         MOVRA   r0x100B
0068   5800           00257         MOVAR   (___fs2ulong_fl1_1_22 + 3)
0069   5600           00258         MOVRA   r0x100C
                      00259 ;;[ICODE] ../libsdcc/fs2ulong.c:67:     iTemp24 [k35 lr27:28 so:0]{ ia0 a2p0 re0 rm0 nos0 ru0 dp0}{unsigned-long-int register}[r0x1009 r0x100A r0x100B r0x100C ] = (unsigned-long-int register)iTemp23 [k34 lr26:27 so:0]{ ia0 a2p0 re0 rm0 nos0 ru0 dp0}{volatile-long-int fixed}[r0x1005 r0x1006 r0x1007 r0x1008 ]
006A   5800           00260         MOVAR   r0x1009
006B   5600           00261         MOVRA   r0x1009
006C   5600           00262         MOVRA   r0x100D
                      00263 ;;104   MOVAR   r0x100A
                      00264 ;;105   MOVAR   r0x100B
006D   5800           00265         MOVAR   r0x100C
                      00266 ;;1     MOVRA   r0x1010
                      00267 ;;[ICODE] ../libsdcc/fs2ulong.c:67:     iTemp25 [k36 lr28:29 so:0]{ ia0 a2p0 re0 rm0 nos0 ru0 dp0}{unsigned-long-int register}[r0x1005 r0x1006 r0x1007 r0x1008 ] = iTemp24 [k35 lr27:28 so:0]{ ia0 a2p0 re0 rm0 nos0 ru0 dp0}{unsigned-long-int register}[r0x1009 r0x100A r0x100B r0x100C ] & 0x7fffff {unsigned-long-int literal}
                      00268 ;;106   MOVAR   r0x100D
006E   5800           00269         MOVAR   r0x100E
006F   5600           00270         MOVRA   r0x100A
0070   3C7F           00271         MOVAI   0x7f
0071   7800           00272         ANDAR   r0x100F
0072   5600           00273         MOVRA   r0x100B
0073   7600           00274         CLRR    r0x100C
                      00275 ;;[ICODE] ../libsdcc/fs2ulong.c:67:     iTemp20 [k29 lr29:34 so:0]{ ia0 a2p0 re1 rm0 nos0 ru0 dp0}{unsigned-long-int fixed}{ sir@ ___fs2ulong_l_1_22}[r0x1005 r0x1006 r0x1007 r0x1008 ] = iTemp25 [k36 lr28:29 so:0]{ ia0 a2p0 re0 rm0 nos0 ru0 dp0}{unsigned-long-int register}[r0x1005 r0x1006 r0x1007 r0x1008 ] | 0x800000 {unsigned-long-int literal}
0074   CE00           00276         BSET    r0x100B,7
                      00277 ;;[ICODE] ../libsdcc/fs2ulong.c:69:     iTemp27 [k38 lr31:32 so:0]{ ia0 a2p0 re0 rm0 nos0 ru0 dp0}{int fixed}[r0x1000 r0x1004 ] = - iTemp11 [k18 lr23:31 so:0]{ ia0 a2p0 re1 rm0 nos0 ru0 dp0}{int fixed}{ sir@ ___fs2ulong_exp_1_22}[r0x1000 r0x1004 ]
                      00278 ;       .line   69; "../libsdcc/fs2ulong.c"     l >>= -exp;
0075   7200           00279         COMR    r0x1007
0076   7200           00280         COMR    r0x1008
0077   6600           00281         INCR    r0x1007
0078   F587           00282         JBCLR   STATUS,2
0079   6600           00283         INCR    r0x1008
                      00284 ;;[ICODE] ../libsdcc/fs2ulong.c:69:     iTemp20 [k29 lr29:34 so:0]{ ia0 a2p0 re1 rm0 nos0 ru0 dp0}{unsigned-long-int fixed}{ sir@ ___fs2ulong_l_1_22}[r0x1005 r0x1006 r0x1007 r0x1008 ] = iTemp20 [k29 lr29:34 so:0]{ ia0 a2p0 re1 rm0 nos0 ru0 dp0}{unsigned-long-int fixed}{ sir@ ___fs2ulong_l_1_22}[r0x1005 r0x1006 r0x1007 r0x1008 ] >> iTemp27 [k38 lr31:32 so:0]{ ia0 a2p0 re0 rm0 nos0 ru0 dp0}{int fixed}[r0x1000 r0x1004 ]
007A   5800           00285         MOVAR   r0x1007
007B   FE00           00286         JBCLR   r0x1007,7
007C   A000           00287         GOTO    _00114_DS_
007D   3A00           00288         ISUBAI  0x00
007E   F587           00289         JBCLR   STATUS,2
007F   A000           00290         GOTO    _00113_DS_
0080                  00291 _00112_DS_
0080   4E00           00292         RRR     r0x100C
0081   4E00           00293         RRR     r0x100B
0082   4E00           00294         RRR     r0x100A
0083   4E00           00295         RRR     r0x1009
0084   3F01           00296         ADDAI   0x01
0085   E187           00297         JBSET   STATUS,0
0086   A000           00298         GOTO    _00112_DS_
0087   A000           00299         GOTO    _00113_DS_
0088                  00300 _00114_DS_
0088   D187           00301         BCLR    STATUS,0
0089                  00302 _00115_DS_
0089   5200           00303         RLR     r0x1009
008A   5200           00304         RLR     r0x100A
008B   5200           00305         RLR     r0x100B
008C   5200           00306         RLR     r0x100C
008D   3F01           00307         ADDAI   0x01
008E   E187           00308         JBSET   STATUS,0
008F   A000           00309         GOTO    _00115_DS_
                      00310 ;;[ICODE] ../libsdcc/fs2ulong.c:71:     ret iTemp20 [k29 lr29:34 so:0]{ ia0 a2p0 re1 rm0 nos0 ru0 dp0}{unsigned-long-int fixed}{ sir@ ___fs2ulong_l_1_22}[r0x1005 r0x1006 r0x1007 r0x1008 ]
0090                  00311 _00113_DS_
                      00312 ;       .line   71; "../libsdcc/fs2ulong.c"     return l;
0090   5800           00313         MOVAR   r0x1009
0091   5600           00314         MOVRA   STK02
0092   5800           00315         MOVAR   r0x100A
0093   5600           00316         MOVRA   STK01
0094   5800           00317         MOVAR   r0x100B
0095   5600           00318         MOVRA   STK00
0096   5800           00319         MOVAR   r0x100C
                      00320 ;;[ICODE] ../libsdcc/fs2ulong.c:71:  _return($4) :
                      00321 ;;[ICODE] ../libsdcc/fs2ulong.c:71:     eproc ___fs2ulong [k1 lr0:0 so:0]{ ia0 a2p0 re0 rm0 nos0 ru0 dp0}{unsigned-long-int function ( float fixed) fixed}
0097                  00322 _00108_DS_
0097   000C           00323         RETURN  
                      00324 ; exit point of ___fs2ulong
                      00325 
                      00326 
                      00327 ;       code size estimation:
                      00328 ;         152+    0 =   152 instructions (  304 byte)
                      00329 
                      00330         end
gpasm-1.7.0_beta1 (Jan 22 2015)fs2ulong.asm       2015-1-22  23:36:17          PAGE  2


SYMBOL TABLE
  LABEL                             VALUE

ADCR0                             000001B0
ADCR1                             000001B1
ADCR2                             000001B2
ADIOS                             000001B3
ADRH                              000001B8
ADRL                              000001B9
ADVR0                             000001B4
ADVR1                             000001B5
ADVR2                             000001B6
FSR                               00000184
FSR0                              00000184
FSR1                              00000185
HIBYTE                            00000183
INDF                              00000180
INDF0                             00000180
INDF1                             00000181
INDF2                             00000182
INDF3                             00000189
INTE                              0000018A
INTF                              0000018B
IOP0                              00000190
KBCR                              00000197
KEYCR0                            000001BC
KEYCR1                            000001BD
LVDCR                             000001AD
LXTCR                             000001AC
MCR                               00000188
OEP0                              00000191
OSCCAL                            000001FB
OSCM                              000001AE
PCL                               00000186
PDP0                              00000193
PUP0                              00000192
STATUS                            00000187
STK00                             00000000
STK01                             00000000
STK02                             00000000
STK03                             00000000
STK04                             00000000
STK05                             00000000
STK06                             00000000
T00DATA                           000001A3
T01DATA                           000001A9
T0CNT                             000001A1
T0CR0                             000001A0
T0CR1                             000001A8
T0LOAD                            000001A2
T1CNT                             000001A5
T1CR                              000001A4
T1DATA                            000001A7
T1LOAD                            000001A6
_00105_DS_                        00000031
_00106_DS_                        00000039
_00108_DS_                        00000097
_00112_DS_                        00000080
_00113_DS_                        00000090
_00114_DS_                        00000088
_00115_DS_                        00000089
__32P7022                         00000001
___fs2schar                       00000000
___fs2sint                        00000000
___fs2slong                       00000000
___fs2uchar                       00000000
___fs2uint                        00000000
___fs2ulong                       00000000
___fs2ulong_fl1_1_22              0000000C
___fsadd                          00000000
___fsdiv                          00000000
___fseq                           00000000
___fsgt                           00000000
___fslt                           00000000
___fsmul                          00000000
___fsneq                          00000000
___fssub                          00000000
___schar2fs                       00000000
___sint2fs                        00000000
___slong2fs                       00000000
___uchar2fs                       00000000
___uint2fs                        00000000
___ulong2fs                       00000000
r0x1004                           00000003
r0x1005                           00000002
r0x1006                           00000001
r0x1007                           00000000
r0x1008                           00000004
r0x1009                           00000005
r0x100A                           00000006
r0x100B                           00000007
r0x100C                           00000008
r0x100D                           00000009
r0x100E                           0000000A
r0x100F                           0000000B
AD0                               0X00
AD1                               0X10
AD2                               0X20
AD3                               0X30
AD4                               0X40
AD5                               0X50
AD6                               0X60
AD7                               0X70
ADEOC                             ADCR0,1
ADIE                              INTE,6
ADIF                              INTFLAG,6
ADON                              ADCR0,0
AD_VDD                            0XD0
AD_VDD_2DIV                       0XF0
AD_VDD_4DIV                       0XE0
BUZZ0OUT                          T0CR,5
BUZZ1OUT                          T1CR,5
C                                 STATUS,0
CLKS                              OSCM,2
DC                                STATUS,1
GIE                               MCR,7
HAAS                              I2CCR,6
HBB                               I2CCR,5
HCF                               I2CCR,7
HEN                               I2CCR,1
HFEN                              OSCM,0
HTX                               I2CCR,4
I2CIE                             INTE,5
I2CIF                             INTFLAG,5
INT0IE                            INTE,2
INT0IF                            INTFLAG,2
INT1IE                            INTE,3
INT1IF                            INTFLAG,3
LDO                               0X80
LFEN                              OSCM,1
PD                                MCR,4
PWM0OUT                           T0CR,6
PWM1OUT                           T1CR,6
RXAK                              I2CCR,0
SRW                               I2CCR,2
STBH                              OSCM,4
STBL                              OSCM,5
T0                                MCR,5
T0IE                              INTE,0
T0IF                              INTFLAG,0
T0PS1                             T0CR,4
T0PTS0                            T0CR,3
T1IE                              INTE,1
T1IF                              INTFLAG,1
T1PS1                             T1CR,4
T1PTS0                            T1CR,3
T2IE                              INTE,4
T2IF                              INTFLAG,4
T2MODE                            T2CR,6
TC0EN                             T0CR,7
TC1EN                             T1CR,7
TC2EN                             T2CR,7
TK0CLR                            TK0CRH,3
TK0IE                             TK0CRL,6
TK0IF                             TK0CRL,7
TK0JE                             TK0CRH,5
TK0RCE                            TK0CRH,4
TK1CLR                            TK1CRH,3
TK1IE                             TK1CRL,6
TK1IF                             TK1CRL,7
TK1JE                             TK1CRH,5
TK1RCE                            TK1CRH,4
TK2CLR                            TK2CRH,3
TK2IE                             TK2CRL,6
TK2IF                             TK2CRL,7
TK2JE                             TK2CRH,5
TK2RCE                            TK2CRH,4
TXAK                              I2CCR,3
Z                                 STATUS,2

Errors   :     0
Warnings :     0 reported,     0 suppressed
Messages :     0 reported,     0 suppressed

