This file contains any messages produced by compilers while
running configure, to aid debugging if configure makes a mistake.

It was created by configure, which was
generated by GNU Autoconf 2.65.  Invocation command line was

  $ ./configure --disable-option-checking --prefix=/usr/local CFLAGS=-g CXXFLAGS=-g sdccconf_h_dir_separator=\\ --disable-mcs51-port --disable-z80-port --disable-z180-port --disable-r2k-port --disable-r3ka-port --disable-gbz80-port --disable-ds390-port --disable-ds400-port --disable-hc08-port --disable-s08-port --disable-packihx --disable-sdbinutils --disable-sdcdb --disable-pic16-port --disable-ucsim docdir=${datarootdir}/doc/${PACKAGE} --cache-file=/dev/null --srcdir=.

## --------- ##
## Platform. ##
## --------- ##

hostname = sinomcu111-PC
uname -m = i686
uname -r = 1.0.19(0.48/3/2)
uname -s = MINGW32_NT-6.1
uname -v = 2016-07-13 17:45

/usr/bin/uname -p = unknown
/bin/uname -X     = unknown

/bin/arch              = unknown
/usr/bin/arch -k       = unknown
/usr/convex/getsysinfo = unknown
/usr/bin/hostinfo      = unknown
/bin/machine           = unknown
/usr/bin/oslevel       = unknown
/bin/universe          = unknown

PATH: .
PATH: /usr/local/bin
PATH: /mingw/bin
PATH: /bin
PATH: /e/Python3/Scripts/
PATH: /e/Python3/
PATH: /c/Windows/system32
PATH: /c/Windows
PATH: /c/Windows/System32/Wbem
PATH: /c/Windows/System32/WindowsPowerShell/v1.0/
PATH: /d/Program Files/TortoiseSVN/bin
PATH: /mingw/bin
PATH: /d/Program Files/Git/cmd
PATH: /d/Program Files/TortoiseGit/bin
PATH: .
PATH: /d/Program Files/Microsoft VS Code/bin


## ----------- ##
## Core tests. ##
## ----------- ##

configure:1665: checking for gpasm
configure:1681: found /usr/local/bin/gpasm
configure:1693: result: gpasm
configure:1703: checking for gplink
configure:1719: found /usr/local/bin/gplink
configure:1731: result: gplink
configure:1741: checking for gplib
configure:1757: found /usr/local/bin/gplib
configure:1769: result: gplib
configure:1780: checking for rm
configure:1796: found /bin/rm
configure:1808: result: rm -f
configure:1818: checking for cp
configure:1834: found /bin/cp
configure:1846: result: cp
configure:1856: checking for mv
configure:1872: found /bin/mv
configure:1884: result: mv
configure:1894: checking for ls
configure:1910: found /bin/ls
configure:1922: result: ls
configure:1932: checking for sed
configure:1948: found /bin/sed
configure:1960: result: sed
configure:1968: checking for grep that handles long lines and -e
configure:2026: result: /bin/grep
configure:2031: checking for egrep
configure:2093: result: /bin/grep -E
configure:2100: checking for mkdir
configure:2116: found /bin/mkdir
configure:2128: result: mkdir -p
configure:2138: checking for rmdir
configure:2154: found /bin/rmdir
configure:2166: result: rmdir
configure:2182: checking whether make sets $(MAKE)
configure:2204: result: yes
configure:2385: creating ./config.status

## ---------------------- ##
## Running config.status. ##
## ---------------------- ##

This file was extended by config.status, which was
generated by GNU Autoconf 2.65.  Invocation command line was

  CONFIG_FILES    = 
  CONFIG_HEADERS  = 
  CONFIG_LINKS    = 
  CONFIG_COMMANDS = 
  $ ./config.status 

on sinomcu111-PC

config.status:730: creating Makefile
config.status:730: creating Makefile.common
config.status:730: creating libdev/Makefile

## ---------------- ##
## Cache variables. ##
## ---------------- ##

ac_cv_env_build_alias_set=
ac_cv_env_build_alias_value=
ac_cv_env_host_alias_set=
ac_cv_env_host_alias_value=
ac_cv_env_target_alias_set=
ac_cv_env_target_alias_value=
ac_cv_path_EGREP='/bin/grep -E'
ac_cv_path_GREP=/bin/grep
ac_cv_prog_CP=cp
ac_cv_prog_GPASM=gpasm
ac_cv_prog_GPLIB=gplib
ac_cv_prog_GPLINK=gplink
ac_cv_prog_LS=ls
ac_cv_prog_MKDIR='mkdir -p'
ac_cv_prog_MV=mv
ac_cv_prog_RM='rm -f'
ac_cv_prog_RMDIR=rmdir
ac_cv_prog_SED=sed
ac_cv_prog_make_make_set=yes

## ----------------- ##
## Output variables. ##
## ----------------- ##

CP='cp'
DEFS='-DPACKAGE_NAME=\"\" -DPACKAGE_TARNAME=\"\" -DPACKAGE_VERSION=\"\" -DPACKAGE_STRING=\"\" -DPACKAGE_BUGREPORT=\"\" -DPACKAGE_URL=\"\"'
ECHO_C=''
ECHO_N='-n'
ECHO_T=''
EGREP='/bin/grep -E'
GPASM='gpasm'
GPLIB='gplib'
GPLINK='gplink'
GREP='/bin/grep'
HAVE_NEW_PICS='no'
LIBOBJS=''
LIBS=''
LS='ls'
LTLIBOBJS=''
MKDIR='mkdir -p'
MV='mv'
PACKAGE_BUGREPORT=''
PACKAGE_NAME=''
PACKAGE_STRING=''
PACKAGE_TARNAME=''
PACKAGE_URL=''
PACKAGE_VERSION=''
PATH_SEPARATOR=':'
RM='rm -f'
RMDIR='rmdir'
SED='sed'
SET_MAKE=''
SHELL='/bin/sh'
bindir='${exec_prefix}/bin'
build_alias=''
datadir='${datarootdir}'
datarootdir='${prefix}/share'
docdir='${datarootdir}/doc/${PACKAGE}'
dvidir='${docdir}'
exec_prefix='${prefix}'
host_alias=''
htmldir='${docdir}'
includedir='${prefix}/include'
infodir='${datarootdir}/info'
libdir='${exec_prefix}/lib'
libexecdir='${exec_prefix}/libexec'
localedir='${datarootdir}/locale'
localstatedir='${prefix}/var'
mandir='${datarootdir}/man'
oldincludedir='/usr/include'
pdfdir='${docdir}'
prefix='/usr/local'
program_transform_name='s,x,x,'
psdir='${docdir}'
sbindir='${exec_prefix}/sbin'
sharedstatedir='${prefix}/com'
sysconfdir='${prefix}/etc'
target_alias=''

## ----------- ##
## confdefs.h. ##
## ----------- ##

/* confdefs.h */
#define PACKAGE_NAME ""
#define PACKAGE_TARNAME ""
#define PACKAGE_VERSION ""
#define PACKAGE_STRING ""
#define PACKAGE_BUGREPORT ""
#define PACKAGE_URL ""

configure: exit 0
