gpasm-1.3.0 (Jun 19 2013)    fun.asm            2013-6-26  15:56:28          PAGE  1


LOC  OBJECT CODE     LINE SOURCE TEXT
  VALUE

                      00001 ;--------------------------------------------------------
                      00002 ; File Created by SDCC : free open source ANSI-C Compiler
                      00003 ; Version 0.0.2 (Jun 26 2013) (Linux)
                      00004 ; This file was generated Wed Jun 26 15:56:28 2013
                      00005 ;--------------------------------------------------------
                      00006 ; MC30 port for the 14-bit core
                      00007 ;--------------------------------------------------------
                      00008 ;       .file   "fun.c"
                      00009         list    p=30p011
                      00010         radix dec
                      00011         include "mc30p011.inc"
                      00001                 LIST
                      00002 ;mc30p011.inc   Standard Header File, Version 1.00 by Sinomcu
                      00145                 LIST
                      00012 ;--------------------------------------------------------
                      00013 ; external declarations
                      00014 ;--------------------------------------------------------
                      00015         extern  _STATUSbits
                      00016         extern  _P0bits
                      00017         extern  _P1bits
                      00018         extern  _MCRbits
                      00019         extern  _KBIMbits
                      00020         extern  _PDCONbits
                      00021         extern  _ODCONbits
                      00022         extern  _PUCONbits
                      00023         extern  _INTECONbits
                      00024         extern  _INTFLAGbits
                      00025         extern  _DDR0bits
                      00026         extern  _DDR1bits
                      00027         extern  _TMCRbits
                      00028         extern  _T1CRbits
                      00029         extern  _INDF
                      00030         extern  _T0CNT
                      00031         extern  _PCL
                      00032         extern  _STATUS
                      00033         extern  _FSR
                      00034         extern  _P0
                      00035         extern  _P1
                      00036         extern  _MCR
                      00037         extern  _KBIM
                      00038         extern  _PCLATH
                      00039         extern  _PDCON
                      00040         extern  _ODCON
                      00041         extern  _PUCON
                      00042         extern  _INTECON
                      00043         extern  _INTFLAG
                      00044         extern  _TOCR
                      00045         extern  _DDR0
                      00046         extern  _DDR1
                      00047         extern  _TMCR
                      00048         extern  _T1CR
                      00049         extern  _T1CNT
                      00050         extern  _T1LOAD
                      00051         extern  _T1DATA
                      00052 
                      00053         extern PSAVE
                      00054         extern SSAVE
                      00055         extern WSAVE
                      00056         extern STK12
                      00057         extern STK11
                      00058         extern STK10
                      00059         extern STK09
                      00060         extern STK08
                      00061         extern STK07
                      00062         extern STK06
                      00063         extern STK05
                      00064         extern STK04
                      00065         extern STK03
                      00066         extern STK02
                      00067         extern STK01
                      00068         extern STK00
                      00069 ;--------------------------------------------------------
                      00070 ; global declarations
                      00071 ;--------------------------------------------------------
                      00072         global  _i2cint
                      00073         global  _i2cout
                      00074         global  _i
                      00075         global  _j
                      00076         global  _n
                      00077         global  _table
                      00078 
                      00079 ;--------------------------------------------------------
                      00080 ; global definitions
                      00081 ;--------------------------------------------------------
                      00082 UD_fun_0        udata
0000                  00083 _i      res     1
                      00084 
                      00085 UD_fun_1        udata
0000                  00086 _j      res     1
                      00087 
                      00088 UD_fun_2        udata
0000                  00089 _n      res     1
                      00090 
                      00091 ;--------------------------------------------------------
                      00092 ; absolute symbol definitions
                      00093 ;--------------------------------------------------------
                      00094 ;--------------------------------------------------------
                      00095 ; compiler-defined variables
                      00096 ;--------------------------------------------------------
                      00097 ;--------------------------------------------------------
                      00098 ; initialized data
                      00099 ;--------------------------------------------------------
                      00100 
                      00101 ID_fun_0        code
0000                  00102 _table
0000   0A80           00103         retai 0x80
0001   0A86           00104         retai 0x86
0002   0A8D           00105         retai 0x8d
0003   0A93           00106         retai 0x93
0004   0A99           00107         retai 0x99
0005   0A9F           00108         retai 0x9f
0006   0AA5           00109         retai 0xa5
0007   0AAB           00110         retai 0xab
0008   0AB1           00111         retai 0xb1
0009   0AB7           00112         retai 0xb7
000A   0ABC           00113         retai 0xbc
000B   0AC2           00114         retai 0xc2
000C   0AC7           00115         retai 0xc7
000D   0ACC           00116         retai 0xcc
000E   0AD1           00117         retai 0xd1
000F   0AD6           00118         retai 0xd6
0010   0ADA           00119         retai 0xda
0011   0ADF           00120         retai 0xdf
0012   0AE3           00121         retai 0xe3
0013   0AE7           00122         retai 0xe7
0014   0AEA           00123         retai 0xea
0015   0AEE           00124         retai 0xee
0016   0AF1           00125         retai 0xf1
0017   0AF4           00126         retai 0xf4
0018   0AF6           00127         retai 0xf6
0019   0AF8           00128         retai 0xf8
001A   0AFA           00129         retai 0xfa
001B   0AFC           00130         retai 0xfc
001C   0AFD           00131         retai 0xfd
001D   0AFF           00132         retai 0xff
001E   0AFF           00133         retai 0xff
001F   0AFF           00134         retai 0xff
0020   0AFF           00135         retai 0xff
0021   0AFF           00136         retai 0xff
0022   0AFF           00137         retai 0xff
0023   0AFE           00138         retai 0xfe
0024   0AFD           00139         retai 0xfd
0025   0AFB           00140         retai 0xfb
0026   0AF9           00141         retai 0xf9
0027   0AF7           00142         retai 0xf7
0028   0AF5           00143         retai 0xf5
0029   0AF2           00144         retai 0xf2
002A   0AEF           00145         retai 0xef
002B   0AEC           00146         retai 0xec
002C   0AE9           00147         retai 0xe9
002D   0AE5           00148         retai 0xe5
002E   0AE1           00149         retai 0xe1
002F   0ADD           00150         retai 0xdd
0030   0AD8           00151         retai 0xd8
0031   0AD4           00152         retai 0xd4
0032   0ACF           00153         retai 0xcf
0033   0ACA           00154         retai 0xca
0034   0AC5           00155         retai 0xc5
0035   0ABF           00156         retai 0xbf
0036   0ABA           00157         retai 0xba
0037   0AB4           00158         retai 0xb4
0038   0AAE           00159         retai 0xae
0039   0AA8           00160         retai 0xa8
003A   0AA2           00161         retai 0xa2
003B   0A9C           00162         retai 0x9c
003C   0A96           00163         retai 0x96
003D   0A90           00164         retai 0x90
003E   0A89           00165         retai 0x89
003F   0A83           00166         retai 0x83
0040   0A80           00167         retai 0x80
0041   0A79           00168         retai 0x79
0042   0A72           00169         retai 0x72
0043   0A6C           00170         retai 0x6c
0044   0A66           00171         retai 0x66
0045   0A60           00172         retai 0x60
0046   0A5A           00173         retai 0x5a
0047   0A55           00174         retai 0x55
0048   0A4E           00175         retai 0x4e
0049   0A48           00176         retai 0x48
004A   0A43           00177         retai 0x43
004B   0A3D           00178         retai 0x3d
004C   0A38           00179         retai 0x38
004D   0A33           00180         retai 0x33
004E   0A2E           00181         retai 0x2e
004F   0A29           00182         retai 0x29
0050   0A25           00183         retai 0x25
0051   0A20           00184         retai 0x20
0052   0A1C           00185         retai 0x1c
0053   0A18           00186         retai 0x18
0054   0A15           00187         retai 0x15
0055   0A11           00188         retai 0x11
0056   0A0E           00189         retai 0x0e
0057   0A0B           00190         retai 0x0b
0058   0A09           00191         retai 0x09
0059   0A07           00192         retai 0x07
005A   0A05           00193         retai 0x05
005B   0A03           00194         retai 0x03
005C   0A02           00195         retai 0x02
005D   0A00           00196         retai 0x00
005E   0A00           00197         retai 0x00
005F   0A00           00198         retai 0x00
0060   0A00           00199         retai 0x00
0061   0A00           00200         retai 0x00
0062   0A00           00201         retai 0x00
0063   0A01           00202         retai 0x01
0064   0A02           00203         retai 0x02
0065   0A04           00204         retai 0x04
0066   0A06           00205         retai 0x06
0067   0A08           00206         retai 0x08
0068   0A0A           00207         retai 0x0a
0069   0A0D           00208         retai 0x0d
006A   0A10           00209         retai 0x10
006B   0A13           00210         retai 0x13
006C   0A16           00211         retai 0x16
006D   0A1A           00212         retai 0x1a
006E   0A1E           00213         retai 0x1e
006F   0A22           00214         retai 0x22
0070   0A27           00215         retai 0x27
0071   0A2B           00216         retai 0x2b
0072   0A30           00217         retai 0x30
0073   0A35           00218         retai 0x35
0074   0A3A           00219         retai 0x3a
0075   0A40           00220         retai 0x40
0076   0A45           00221         retai 0x45
0077   0A4C           00222         retai 0x4c
0078   0A51           00223         retai 0x51
0079   0A57           00224         retai 0x57
007A   0A5D           00225         retai 0x5d
007B   0A63           00226         retai 0x63
007C   0A69           00227         retai 0x69
007D   0A6F           00228         retai 0x6f
007E   0A76           00229         retai 0x76
007F   0A7C           00230         retai 0x7c
0080   0A80           00231         retai 0x80
0081   0A86           00232         retai 0x86
0082   0A8D           00233         retai 0x8d
0083   0A93           00234         retai 0x93
0084   0A99           00235         retai 0x99
0085   0A9F           00236         retai 0x9f
0086   0AA5           00237         retai 0xa5
0087   0AAB           00238         retai 0xab
0088   0AB1           00239         retai 0xb1
0089   0AB7           00240         retai 0xb7
008A   0ABC           00241         retai 0xbc
008B   0AC2           00242         retai 0xc2
008C   0AC7           00243         retai 0xc7
008D   0ACC           00244         retai 0xcc
008E   0AD1           00245         retai 0xd1
008F   0AD6           00246         retai 0xd6
0090   0ADA           00247         retai 0xda
0091   0ADF           00248         retai 0xdf
0092   0AE3           00249         retai 0xe3
0093   0AE7           00250         retai 0xe7
0094   0AEA           00251         retai 0xea
0095   0AEE           00252         retai 0xee
0096   0AF1           00253         retai 0xf1
0097   0AF4           00254         retai 0xf4
0098   0AF6           00255         retai 0xf6
0099   0AF8           00256         retai 0xf8
009A   0AFA           00257         retai 0xfa
009B   0AFC           00258         retai 0xfc
009C   0AFD           00259         retai 0xfd
009D   0AFF           00260         retai 0xff
009E   0AFF           00261         retai 0xff
009F   0AFF           00262         retai 0xff
00A0   0AFF           00263         retai 0xff
00A1   0AFF           00264         retai 0xff
00A2   0AFF           00265         retai 0xff
00A3   0AFE           00266         retai 0xfe
00A4   0AFD           00267         retai 0xfd
00A5   0AFB           00268         retai 0xfb
00A6   0AF9           00269         retai 0xf9
00A7   0AF7           00270         retai 0xf7
00A8   0AF5           00271         retai 0xf5
00A9   0AF2           00272         retai 0xf2
00AA   0AEF           00273         retai 0xef
00AB   0AEC           00274         retai 0xec
00AC   0AE9           00275         retai 0xe9
00AD   0AE5           00276         retai 0xe5
00AE   0AE1           00277         retai 0xe1
00AF   0ADD           00278         retai 0xdd
00B0   0AD8           00279         retai 0xd8
00B1   0AD4           00280         retai 0xd4
00B2   0ACF           00281         retai 0xcf
00B3   0ACA           00282         retai 0xca
00B4   0AC5           00283         retai 0xc5
00B5   0ABF           00284         retai 0xbf
00B6   0ABA           00285         retai 0xba
00B7   0AB4           00286         retai 0xb4
00B8   0AAE           00287         retai 0xae
00B9   0AA8           00288         retai 0xa8
00BA   0AA2           00289         retai 0xa2
00BB   0A9C           00290         retai 0x9c
00BC   0A96           00291         retai 0x96
00BD   0A90           00292         retai 0x90
00BE   0A89           00293         retai 0x89
00BF   0A83           00294         retai 0x83
00C0   0A80           00295         retai 0x80
00C1   0A79           00296         retai 0x79
00C2   0A72           00297         retai 0x72
00C3   0A6C           00298         retai 0x6c
00C4   0A66           00299         retai 0x66
00C5   0A60           00300         retai 0x60
00C6   0A5A           00301         retai 0x5a
00C7   0A55           00302         retai 0x55
00C8   0A4E           00303         retai 0x4e
00C9   0A48           00304         retai 0x48
00CA   0A43           00305         retai 0x43
00CB   0A3D           00306         retai 0x3d
00CC   0A38           00307         retai 0x38
00CD   0A33           00308         retai 0x33
00CE   0A2E           00309         retai 0x2e
00CF   0A29           00310         retai 0x29
00D0   0A25           00311         retai 0x25
00D1   0A20           00312         retai 0x20
00D2   0A1C           00313         retai 0x1c
00D3   0A18           00314         retai 0x18
00D4   0A15           00315         retai 0x15
00D5   0A11           00316         retai 0x11
00D6   0A0E           00317         retai 0x0e
00D7   0A0B           00318         retai 0x0b
00D8   0A09           00319         retai 0x09
00D9   0A07           00320         retai 0x07
00DA   0A05           00321         retai 0x05
00DB   0A03           00322         retai 0x03
00DC   0A02           00323         retai 0x02
00DD   0A00           00324         retai 0x00
00DE   0A00           00325         retai 0x00
00DF   0A00           00326         retai 0x00
00E0   0A00           00327         retai 0x00
00E1   0A00           00328         retai 0x00
00E2   0A00           00329         retai 0x00
00E3   0A01           00330         retai 0x01
00E4   0A02           00331         retai 0x02
00E5   0A04           00332         retai 0x04
00E6   0A06           00333         retai 0x06
00E7   0A08           00334         retai 0x08
00E8   0A0A           00335         retai 0x0a
00E9   0A0D           00336         retai 0x0d
00EA   0A10           00337         retai 0x10
00EB   0A13           00338         retai 0x13
00EC   0A16           00339         retai 0x16
00ED   0A1A           00340         retai 0x1a
00EE   0A1E           00341         retai 0x1e
00EF   0A22           00342         retai 0x22
00F0   0A27           00343         retai 0x27
00F1   0A2B           00344         retai 0x2b
00F2   0A30           00345         retai 0x30
00F3   0A35           00346         retai 0x35
00F4   0A3A           00347         retai 0x3a
00F5   0A40           00348         retai 0x40
00F6   0A45           00349         retai 0x45
00F7   0A4C           00350         retai 0x4c
00F8   0A51           00351         retai 0x51
00F9   0A57           00352         retai 0x57
00FA   0A5D           00353         retai 0x5d
00FB   0A63           00354         retai 0x63
00FC   0A69           00355         retai 0x69
00FD   0A6F           00356         retai 0x6f
00FE   0A76           00357         retai 0x76
00FF   0A7C           00358         retai 0x7c
0100   0A80           00359         retai 0x80
0101   0A86           00360         retai 0x86
0102   0A8D           00361         retai 0x8d
0103   0A93           00362         retai 0x93
0104   0A99           00363         retai 0x99
0105   0A9F           00364         retai 0x9f
0106   0AA5           00365         retai 0xa5
0107   0AAB           00366         retai 0xab
0108   0AB1           00367         retai 0xb1
0109   0AB7           00368         retai 0xb7
010A   0ABC           00369         retai 0xbc
010B   0AC2           00370         retai 0xc2
010C   0AC7           00371         retai 0xc7
010D   0ACC           00372         retai 0xcc
010E   0AD1           00373         retai 0xd1
010F   0AD6           00374         retai 0xd6
0110   0ADA           00375         retai 0xda
0111   0ADF           00376         retai 0xdf
0112   0AE3           00377         retai 0xe3
0113   0AE7           00378         retai 0xe7
0114   0AEA           00379         retai 0xea
0115   0AEE           00380         retai 0xee
0116   0AF1           00381         retai 0xf1
0117   0AF4           00382         retai 0xf4
0118   0AF6           00383         retai 0xf6
0119   0AF8           00384         retai 0xf8
011A   0AFA           00385         retai 0xfa
011B   0AFC           00386         retai 0xfc
011C   0AFD           00387         retai 0xfd
011D   0AFF           00388         retai 0xff
011E   0AFF           00389         retai 0xff
011F   0AFF           00390         retai 0xff
0120   0AFF           00391         retai 0xff
0121   0AFF           00392         retai 0xff
0122   0AFF           00393         retai 0xff
0123   0AFE           00394         retai 0xfe
0124   0AFD           00395         retai 0xfd
0125   0AFB           00396         retai 0xfb
0126   0AF9           00397         retai 0xf9
0127   0AF7           00398         retai 0xf7
0128   0AF5           00399         retai 0xf5
0129   0AF2           00400         retai 0xf2
012A   0AEF           00401         retai 0xef
012B   0AEC           00402         retai 0xec
012C   0AE9           00403         retai 0xe9
012D   0AE5           00404         retai 0xe5
012E   0AE1           00405         retai 0xe1
012F   0ADD           00406         retai 0xdd
0130   0AD8           00407         retai 0xd8
0131   0AD4           00408         retai 0xd4
0132   0ACF           00409         retai 0xcf
0133   0ACA           00410         retai 0xca
0134   0AC5           00411         retai 0xc5
0135   0ABF           00412         retai 0xbf
0136   0ABA           00413         retai 0xba
0137   0AB4           00414         retai 0xb4
0138   0AAE           00415         retai 0xae
0139   0AA8           00416         retai 0xa8
013A   0AA2           00417         retai 0xa2
013B   0A9C           00418         retai 0x9c
013C   0A96           00419         retai 0x96
013D   0A90           00420         retai 0x90
013E   0A89           00421         retai 0x89
013F   0A83           00422         retai 0x83
0140   0A80           00423         retai 0x80
0141   0A79           00424         retai 0x79
0142   0A72           00425         retai 0x72
0143   0A6C           00426         retai 0x6c
0144   0A66           00427         retai 0x66
0145   0A60           00428         retai 0x60
0146   0A5A           00429         retai 0x5a
0147   0A55           00430         retai 0x55
0148   0A4E           00431         retai 0x4e
0149   0A48           00432         retai 0x48
014A   0A43           00433         retai 0x43
014B   0A3D           00434         retai 0x3d
014C   0A38           00435         retai 0x38
014D   0A33           00436         retai 0x33
014E   0A2E           00437         retai 0x2e
014F   0A29           00438         retai 0x29
0150   0A25           00439         retai 0x25
0151   0A20           00440         retai 0x20
0152   0A1C           00441         retai 0x1c
0153   0A18           00442         retai 0x18
0154   0A15           00443         retai 0x15
0155   0A11           00444         retai 0x11
0156   0A0E           00445         retai 0x0e
0157   0A0B           00446         retai 0x0b
0158   0A09           00447         retai 0x09
0159   0A07           00448         retai 0x07
015A   0A05           00449         retai 0x05
015B   0A03           00450         retai 0x03
015C   0A02           00451         retai 0x02
015D   0A00           00452         retai 0x00
015E   0A00           00453         retai 0x00
015F   0A00           00454         retai 0x00
0160   0A00           00455         retai 0x00
0161   0A00           00456         retai 0x00
0162   0A00           00457         retai 0x00
0163   0A01           00458         retai 0x01
0164   0A02           00459         retai 0x02
0165   0A04           00460         retai 0x04
0166   0A06           00461         retai 0x06
0167   0A08           00462         retai 0x08
0168   0A0A           00463         retai 0x0a
0169   0A0D           00464         retai 0x0d
016A   0A10           00465         retai 0x10
016B   0A13           00466         retai 0x13
016C   0A16           00467         retai 0x16
016D   0A1A           00468         retai 0x1a
016E   0A1E           00469         retai 0x1e
016F   0A22           00470         retai 0x22
0170   0A27           00471         retai 0x27
0171   0A2B           00472         retai 0x2b
0172   0A30           00473         retai 0x30
0173   0A35           00474         retai 0x35
0174   0A3A           00475         retai 0x3a
0175   0A40           00476         retai 0x40
0176   0A45           00477         retai 0x45
0177   0A4C           00478         retai 0x4c
0178   0A51           00479         retai 0x51
0179   0A57           00480         retai 0x57
017A   0A5D           00481         retai 0x5d
017B   0A63           00482         retai 0x63
017C   0A69           00483         retai 0x69
017D   0A6F           00484         retai 0x6f
017E   0A76           00485         retai 0x76
017F   0A7C           00486         retai 0x7c
0180   0A80           00487         retai 0x80
0181   0A86           00488         retai 0x86
0182   0A8D           00489         retai 0x8d
0183   0A93           00490         retai 0x93
0184   0A99           00491         retai 0x99
0185   0A9F           00492         retai 0x9f
0186   0AA5           00493         retai 0xa5
0187   0AAB           00494         retai 0xab
0188   0AB1           00495         retai 0xb1
0189   0AB7           00496         retai 0xb7
018A   0ABC           00497         retai 0xbc
018B   0AC2           00498         retai 0xc2
018C   0AC7           00499         retai 0xc7
018D   0ACC           00500         retai 0xcc
018E   0AD1           00501         retai 0xd1
018F   0AD6           00502         retai 0xd6
0190   0ADA           00503         retai 0xda
0191   0ADF           00504         retai 0xdf
0192   0AE3           00505         retai 0xe3
0193   0AE7           00506         retai 0xe7
0194   0AEA           00507         retai 0xea
0195   0AEE           00508         retai 0xee
0196   0AF1           00509         retai 0xf1
0197   0AF4           00510         retai 0xf4
0198   0AF6           00511         retai 0xf6
0199   0AF8           00512         retai 0xf8
019A   0AFA           00513         retai 0xfa
019B   0AFC           00514         retai 0xfc
019C   0AFD           00515         retai 0xfd
019D   0AFF           00516         retai 0xff
019E   0AFF           00517         retai 0xff
019F   0AFF           00518         retai 0xff
01A0   0AFF           00519         retai 0xff
01A1   0AFF           00520         retai 0xff
01A2   0AFF           00521         retai 0xff
01A3   0AFE           00522         retai 0xfe
01A4   0AFD           00523         retai 0xfd
01A5   0AFB           00524         retai 0xfb
01A6   0AF9           00525         retai 0xf9
01A7   0AF7           00526         retai 0xf7
01A8   0AF5           00527         retai 0xf5
01A9   0AF2           00528         retai 0xf2
01AA   0AEF           00529         retai 0xef
01AB   0AEC           00530         retai 0xec
01AC   0AE9           00531         retai 0xe9
01AD   0AE5           00532         retai 0xe5
01AE   0AE1           00533         retai 0xe1
01AF   0ADD           00534         retai 0xdd
01B0   0AD8           00535         retai 0xd8
01B1   0AD4           00536         retai 0xd4
01B2   0ACF           00537         retai 0xcf
01B3   0ACA           00538         retai 0xca
01B4   0AC5           00539         retai 0xc5
01B5   0ABF           00540         retai 0xbf
01B6   0ABA           00541         retai 0xba
01B7   0AB4           00542         retai 0xb4
01B8   0AAE           00543         retai 0xae
01B9   0AA8           00544         retai 0xa8
01BA   0AA2           00545         retai 0xa2
01BB   0A9C           00546         retai 0x9c
01BC   0A96           00547         retai 0x96
01BD   0A90           00548         retai 0x90
01BE   0A89           00549         retai 0x89
01BF   0A83           00550         retai 0x83
01C0   0A80           00551         retai 0x80
01C1   0A79           00552         retai 0x79
01C2   0A72           00553         retai 0x72
01C3   0A6C           00554         retai 0x6c
01C4   0A66           00555         retai 0x66
01C5   0A60           00556         retai 0x60
01C6   0A5A           00557         retai 0x5a
01C7   0A55           00558         retai 0x55
01C8   0A4E           00559         retai 0x4e
01C9   0A48           00560         retai 0x48
01CA   0A43           00561         retai 0x43
01CB   0A3D           00562         retai 0x3d
01CC   0A38           00563         retai 0x38
01CD   0A33           00564         retai 0x33
01CE   0A2E           00565         retai 0x2e
01CF   0A29           00566         retai 0x29
01D0   0A25           00567         retai 0x25
01D1   0A20           00568         retai 0x20
01D2   0A1C           00569         retai 0x1c
01D3   0A18           00570         retai 0x18
01D4   0A15           00571         retai 0x15
01D5   0A11           00572         retai 0x11
01D6   0A0E           00573         retai 0x0e
01D7   0A0B           00574         retai 0x0b
01D8   0A09           00575         retai 0x09
01D9   0A07           00576         retai 0x07
01DA   0A05           00577         retai 0x05
01DB   0A03           00578         retai 0x03
01DC   0A02           00579         retai 0x02
01DD   0A00           00580         retai 0x00
01DE   0A00           00581         retai 0x00
01DF   0A00           00582         retai 0x00
01E0   0A00           00583         retai 0x00
01E1   0A00           00584         retai 0x00
01E2   0A00           00585         retai 0x00
01E3   0A01           00586         retai 0x01
01E4   0A02           00587         retai 0x02
01E5   0A04           00588         retai 0x04
01E6   0A06           00589         retai 0x06
01E7   0A08           00590         retai 0x08
01E8   0A0A           00591         retai 0x0a
01E9   0A0D           00592         retai 0x0d
01EA   0A10           00593         retai 0x10
01EB   0A13           00594         retai 0x13
01EC   0A16           00595         retai 0x16
01ED   0A1A           00596         retai 0x1a
01EE   0A1E           00597         retai 0x1e
01EF   0A22           00598         retai 0x22
01F0   0A27           00599         retai 0x27
01F1   0A2B           00600         retai 0x2b
01F2   0A30           00601         retai 0x30
01F3   0A35           00602         retai 0x35
01F4   0A3A           00603         retai 0x3a
01F5   0A40           00604         retai 0x40
01F6   0A45           00605         retai 0x45
01F7   0A4C           00606         retai 0x4c
01F8   0A51           00607         retai 0x51
01F9   0A57           00608         retai 0x57
01FA   0A5D           00609         retai 0x5d
01FB   0A63           00610         retai 0x63
01FC   0A69           00611         retai 0x69
01FD   0A6F           00612         retai 0x6f
01FE   0A76           00613         retai 0x76
01FF   0A7C           00614         retai 0x7c
0200   0A80           00615         retai 0x80
0201   0A86           00616         retai 0x86
0202   0A8D           00617         retai 0x8d
0203   0A93           00618         retai 0x93
0204   0A99           00619         retai 0x99
0205   0A9F           00620         retai 0x9f
0206   0AA5           00621         retai 0xa5
0207   0AAB           00622         retai 0xab
0208   0AB1           00623         retai 0xb1
0209   0AB7           00624         retai 0xb7
020A   0ABC           00625         retai 0xbc
020B   0AC2           00626         retai 0xc2
020C   0AC7           00627         retai 0xc7
020D   0ACC           00628         retai 0xcc
020E   0AD1           00629         retai 0xd1
020F   0AD6           00630         retai 0xd6
0210   0ADA           00631         retai 0xda
0211   0ADF           00632         retai 0xdf
0212   0AE3           00633         retai 0xe3
0213   0AE7           00634         retai 0xe7
0214   0AEA           00635         retai 0xea
0215   0AEE           00636         retai 0xee
0216   0AF1           00637         retai 0xf1
0217   0AF4           00638         retai 0xf4
0218   0AF6           00639         retai 0xf6
0219   0AF8           00640         retai 0xf8
021A   0AFA           00641         retai 0xfa
021B   0AFC           00642         retai 0xfc
021C   0AFD           00643         retai 0xfd
021D   0AFF           00644         retai 0xff
021E   0AFF           00645         retai 0xff
021F   0AFF           00646         retai 0xff
0220   0AFF           00647         retai 0xff
0221   0AFF           00648         retai 0xff
0222   0AFF           00649         retai 0xff
0223   0AFE           00650         retai 0xfe
0224   0AFD           00651         retai 0xfd
0225   0AFB           00652         retai 0xfb
0226   0AF9           00653         retai 0xf9
0227   0AF7           00654         retai 0xf7
0228   0AF5           00655         retai 0xf5
0229   0AF2           00656         retai 0xf2
022A   0AEF           00657         retai 0xef
022B   0AEC           00658         retai 0xec
022C   0AE9           00659         retai 0xe9
022D   0AE5           00660         retai 0xe5
022E   0AE1           00661         retai 0xe1
022F   0ADD           00662         retai 0xdd
0230   0AD8           00663         retai 0xd8
0231   0AD4           00664         retai 0xd4
0232   0ACF           00665         retai 0xcf
0233   0ACA           00666         retai 0xca
0234   0AC5           00667         retai 0xc5
0235   0ABF           00668         retai 0xbf
0236   0ABA           00669         retai 0xba
0237   0AB4           00670         retai 0xb4
0238   0AAE           00671         retai 0xae
0239   0AA8           00672         retai 0xa8
023A   0AA2           00673         retai 0xa2
023B   0A9C           00674         retai 0x9c
023C   0A96           00675         retai 0x96
023D   0A90           00676         retai 0x90
023E   0A89           00677         retai 0x89
023F   0A83           00678         retai 0x83
0240   0A80           00679         retai 0x80
0241   0A79           00680         retai 0x79
0242   0A72           00681         retai 0x72
0243   0A6C           00682         retai 0x6c
0244   0A66           00683         retai 0x66
0245   0A60           00684         retai 0x60
0246   0A5A           00685         retai 0x5a
0247   0A55           00686         retai 0x55
0248   0A4E           00687         retai 0x4e
0249   0A48           00688         retai 0x48
024A   0A43           00689         retai 0x43
024B   0A3D           00690         retai 0x3d
024C   0A38           00691         retai 0x38
024D   0A33           00692         retai 0x33
024E   0A2E           00693         retai 0x2e
024F   0A29           00694         retai 0x29
0250   0A25           00695         retai 0x25
0251   0A20           00696         retai 0x20
0252   0A1C           00697         retai 0x1c
0253   0A18           00698         retai 0x18
0254   0A15           00699         retai 0x15
0255   0A11           00700         retai 0x11
0256   0A0E           00701         retai 0x0e
0257   0A0B           00702         retai 0x0b
0258   0A09           00703         retai 0x09
0259   0A07           00704         retai 0x07
025A   0A05           00705         retai 0x05
025B   0A03           00706         retai 0x03
025C   0A02           00707         retai 0x02
025D   0A00           00708         retai 0x00
025E   0A00           00709         retai 0x00
025F   0A00           00710         retai 0x00
0260   0A00           00711         retai 0x00
0261   0A00           00712         retai 0x00
0262   0A00           00713         retai 0x00
0263   0A01           00714         retai 0x01
0264   0A02           00715         retai 0x02
0265   0A04           00716         retai 0x04
0266   0A06           00717         retai 0x06
0267   0A08           00718         retai 0x08
0268   0A0A           00719         retai 0x0a
0269   0A0D           00720         retai 0x0d
026A   0A10           00721         retai 0x10
026B   0A13           00722         retai 0x13
026C   0A16           00723         retai 0x16
026D   0A1A           00724         retai 0x1a
026E   0A1E           00725         retai 0x1e
026F   0A22           00726         retai 0x22
0270   0A27           00727         retai 0x27
0271   0A2B           00728         retai 0x2b
0272   0A30           00729         retai 0x30
0273   0A35           00730         retai 0x35
0274   0A3A           00731         retai 0x3a
0275   0A40           00732         retai 0x40
0276   0A45           00733         retai 0x45
0277   0A4C           00734         retai 0x4c
0278   0A51           00735         retai 0x51
0279   0A57           00736         retai 0x57
027A   0A5D           00737         retai 0x5d
027B   0A63           00738         retai 0x63
027C   0A69           00739         retai 0x69
027D   0A6F           00740         retai 0x6f
027E   0A76           00741         retai 0x76
027F   0A7C           00742         retai 0x7c
0280   0A80           00743         retai 0x80
0281   0A86           00744         retai 0x86
0282   0A8D           00745         retai 0x8d
0283   0A93           00746         retai 0x93
0284   0A99           00747         retai 0x99
0285   0A9F           00748         retai 0x9f
0286   0AA5           00749         retai 0xa5
0287   0AAB           00750         retai 0xab
0288   0AB1           00751         retai 0xb1
0289   0AB7           00752         retai 0xb7
028A   0ABC           00753         retai 0xbc
028B   0AC2           00754         retai 0xc2
028C   0AC7           00755         retai 0xc7
028D   0ACC           00756         retai 0xcc
028E   0AD1           00757         retai 0xd1
028F   0AD6           00758         retai 0xd6
0290   0ADA           00759         retai 0xda
0291   0ADF           00760         retai 0xdf
0292   0AE3           00761         retai 0xe3
0293   0AE7           00762         retai 0xe7
0294   0AEA           00763         retai 0xea
0295   0AEE           00764         retai 0xee
0296   0AF1           00765         retai 0xf1
0297   0AF4           00766         retai 0xf4
0298   0AF6           00767         retai 0xf6
0299   0AF8           00768         retai 0xf8
029A   0AFA           00769         retai 0xfa
029B   0AFC           00770         retai 0xfc
029C   0AFD           00771         retai 0xfd
029D   0AFF           00772         retai 0xff
029E   0AFF           00773         retai 0xff
029F   0AFF           00774         retai 0xff
02A0   0AFF           00775         retai 0xff
02A1   0AFF           00776         retai 0xff
02A2   0AFF           00777         retai 0xff
02A3   0AFE           00778         retai 0xfe
02A4   0AFD           00779         retai 0xfd
02A5   0AFB           00780         retai 0xfb
02A6   0AF9           00781         retai 0xf9
02A7   0AF7           00782         retai 0xf7
02A8   0AB1           00783         retai 0xb1
02A9   0AB7           00784         retai 0xb7
02AA   0ABC           00785         retai 0xbc
02AB   0AC2           00786         retai 0xc2
02AC   0AC7           00787         retai 0xc7
02AD   0ACC           00788         retai 0xcc
02AE   0AD1           00789         retai 0xd1
02AF   0AD6           00790         retai 0xd6
02B0   0ADA           00791         retai 0xda
02B1   0ADF           00792         retai 0xdf
02B2   0AE3           00793         retai 0xe3
02B3   0AE7           00794         retai 0xe7
02B4   0AEA           00795         retai 0xea
02B5   0AEE           00796         retai 0xee
02B6   0AF1           00797         retai 0xf1
02B7   0AF4           00798         retai 0xf4
02B8   0A09           00799         retai 0x09
02B9   0A07           00800         retai 0x07
02BA   0A05           00801         retai 0x05
02BB   0A03           00802         retai 0x03
02BC   0A02           00803         retai 0x02
02BD   0A00           00804         retai 0x00
02BE   0A00           00805         retai 0x00
02BF   0A00           00806         retai 0x00
02C0   0A00           00807         retai 0x00
02C1   0A00           00808         retai 0x00
02C2   0A00           00809         retai 0x00
02C3   0A01           00810         retai 0x01
02C4   0A02           00811         retai 0x02
02C5   0A04           00812         retai 0x04
02C6   0A06           00813         retai 0x06
02C7   0A08           00814         retai 0x08
02C8   0A0A           00815         retai 0x0a
02C9   0A0D           00816         retai 0x0d
02CA   0A10           00817         retai 0x10
02CB   0A13           00818         retai 0x13
02CC   0A16           00819         retai 0x16
02CD   0A1A           00820         retai 0x1a
02CE   0A1E           00821         retai 0x1e
02CF   0A22           00822         retai 0x22
02D0   0A27           00823         retai 0x27
02D1   0A2B           00824         retai 0x2b
02D2   0A30           00825         retai 0x30
02D3   0A35           00826         retai 0x35
02D4   0A3A           00827         retai 0x3a
02D5   0A40           00828         retai 0x40
02D6   0A45           00829         retai 0x45
02D7   0A4C           00830         retai 0x4c
02D8   0A51           00831         retai 0x51
02D9   0A57           00832         retai 0x57
02DA   0A5D           00833         retai 0x5d
02DB   0A63           00834         retai 0x63
02DC   0A69           00835         retai 0x69
02DD   0A6F           00836         retai 0x6f
02DE   0A76           00837         retai 0x76
02DF   0A7C           00838         retai 0x7c
                      00839 
                      00840 ;--------------------------------------------------------
                      00841 ; overlayable items in internal ram 
                      00842 ;--------------------------------------------------------
                      00843 ;       udata_ovr
                      00844 ;--------------------------------------------------------
                      00845 ; code
                      00846 ;--------------------------------------------------------
                      00847 code_fun        code
                      00848 ;***
                      00849 ;  pBlock Stats: dbName = C
                      00850 ;***
                      00851 ;entry:  _i2cout        ;Function start
                      00852 ; 2 exit points
                      00853 ;has an exit
                      00854 ;; Starting pCode block
0000                  00855 _i2cout ;Function start
                      00856 ; 2 exit points
                      00857 ;       .line   110; "fun.c"    GIE = 1;
0000   3B80           00858         BSET    _INTECONbits,7
                      00859 ;       .line   111; "fun.c"    for(n=0x02;--n;) continue;
0001   0B02           00860         MOVAI   0x02
0002   1580           00861         MOVRA   _n
0003                  00862 _00109_DS_
0003   1B80           00863         DECR    _n
0004   0B00           00864         MOVAI   0x00
0005   1700           00865         ORAR    _n
0006   3103           00866         JBSET   STATUS,2
0007   2800           00867         GOTO    _00109_DS_
0008                  00868 _00112_DS_
                      00869 ;       .line   114; "fun.c"    P00=1; 
0008   3800           00870         BSET    _P0bits,0
                      00871 ;       .line   115; "fun.c"    }while(P01==0);  
0009   3080           00872         JBSET   _P0bits,1
000A   2800           00873         GOTO    _00112_DS_
                      00874 ;       .line   116; "fun.c"    P00=0;
000B   3C00           00875         BCLR    _P0bits,0
                      00876 ;       .line   117; "fun.c"    P02=0X58;
000C   3900           00877         BSET    _P0bits,2
000D                  00878 _00115_DS_
                      00879 ;       .line   121; "fun.c"    }while(P01==0);
000D   3080           00880         JBSET   _P0bits,1
000E   2800           00881         GOTO    _00115_DS_
                      00882 ;       .line   122; "fun.c"    P01=0; 
000F   3C80           00883         BCLR    _P0bits,1
                      00884 ;       .line   123; "fun.c"    P02=0X01;
0010   3900           00885         BSET    _P0bits,2
0011                  00886 _00117_DS_
                      00887 ;       .line   127; "fun.c"    }while(P01==0); 
0011   3080           00888         JBSET   _P0bits,1
0012   2800           00889         GOTO    _00117_DS_
                      00890 ;       .line   128; "fun.c"    P01=0;  
0013   3C80           00891         BCLR    _P0bits,1
                      00892 ;       .line   129; "fun.c"    P02=j;   
0014   1300           00893         RRAR    _j
0015   3003           00894         JBSET   STATUS,0
0016   3D00           00895         BCLR    _P0bits,2
0017   3403           00896         JBCLR   STATUS,0
0018   3900           00897         BSET    _P0bits,2
0019                  00898 _00119_DS_
                      00899 ;       .line   133; "fun.c"    }while(P01==0);
0019   3080           00900         JBSET   _P0bits,1
001A   2800           00901         GOTO    _00119_DS_
                      00902 ;       .line   134; "fun.c"    P01=0;   
001B   3C80           00903         BCLR    _P0bits,1
                      00904 ;       .line   135; "fun.c"    P00=1;    
001C   3800           00905         BSET    _P0bits,0
001D                  00906 _00121_DS_
                      00907 ;       .line   139; "fun.c"    }while(P01==0); 
001D   3080           00908         JBSET   _P0bits,1
001E   2800           00909         GOTO    _00121_DS_
                      00910 ;       .line   140; "fun.c"    P01=0;    
001F   3C80           00911         BCLR    _P0bits,1
0020   000C           00912         RETURN  
                      00913 ; exit point of _i2cout
                      00914 
                      00915 ;***
                      00916 ;  pBlock Stats: dbName = C
                      00917 ;***
                      00918 ;entry:  _i2cint        ;Function start
                      00919 ; 2 exit points
                      00920 ;has an exit
                      00921 ;; Starting pCode block
0021                  00922 _i2cint ;Function start
                      00923 ; 2 exit points
                      00924 ;       .line   103; "fun.c"    DDR0 = 0X08;
0021   0B08           00925         MOVAI   0x08
0022   1580           00926         MOVRA   _DDR0
                      00927 ;       .line   104; "fun.c"    P00 = 1;
0023   3800           00928         BSET    _P0bits,0
                      00929 ;       .line   105; "fun.c"    P00 = 0;
0024   3C00           00930         BCLR    _P0bits,0
0025   000C           00931         RETURN  
                      00932 ; exit point of _i2cint
                      00933 
                      00934 
                      00935 ;       code size estimation:
                      00936 ;          38+    0 =    38 instructions (   76 byte)
                      00937 
                      00938         end
gpasm-1.3.0 (Jun 19 2013)    fun.asm            2013-6-26  15:56:28          PAGE  2


SYMBOL TABLE
  LABEL                             VALUE

BUZOUT                            00000005
C                                 00000000
DC                                00000001
DDR0                              00000045
DDR1                              00000046
EIS                               00000006
FSR                               00000004
GIE                               00000007
INDF                              00000000
INT0IE                            00000002
INT0IF                            00000002
INTECON                           0000000E
INTFLAG                           0000000F
KBIE                              00000001
KBIF                              00000001
KBIM                              00000009
MCR                               00000008
ODCON                             0000000C
P0                                00000005
P1                                00000006
PCL                               00000002
PCLATH                            0000000A
PD                                00000003
PDCON                             0000000B
PSAVE                             00000000
PUCON                             0000000D
PWMOUT                            00000006
RST                               00000007
SSAVE                             00000000
STATUS                            00000003
STK00                             00000000
STK01                             00000000
STK02                             00000000
STK03                             00000000
STK04                             00000000
STK05                             00000000
STK06                             00000000
STK07                             00000000
STK08                             00000000
STK09                             00000000
STK10                             00000000
STK11                             00000000
STK12                             00000000
T0CNT                             00000001
T0CR                              00000041
T0IE                              00000000
T0IF                              00000000
T1CNT                             0000004D
T1CR                              0000004C
T1DATA                            0000004F
T1IF                              00000000
T1LOAD                            0000004E
T1PR0                             00000000
T1PR1                             00000001
T1PR2                             00000002
T1PTS0                            00000003
T1PTS1                            00000004
T1lE                              00000001
TBS                               00000007
TMCR                              0000004B
TMR1EN                            00000007
TO                                00000004
WDTEN                             00000007
WSAVE                             00000000
Z                                 00000002
_00109_DS_                        00000003
_00112_DS_                        00000008
_00115_DS_                        0000000D
_00117_DS_                        00000011
_00119_DS_                        00000019
_00121_DS_                        0000001D
_CONFIG0                          00002000
_CONFIG1                          00002001
_CP_ALL                           00001FFF
_DDR0                             00000000
_DDR0bits                         00000000
_DDR1                             00000000
_DDR1bits                         00000000
_FCPU_2T                          00003F7F
_FCPU_4T                          00003FFF
_FSR                              00000000
_INDF                             00000000
_INTECON                          00000000
_INTECONbits                      00000000
_INTFLAG                          00000000
_INTFLAGbits                      00000000
_IRC_1M                           00003FCF
_IRC_2M                           00003FDF
_IRC_444K                         00003FAF
_IRC_4M                           00003FEF
_IRC_8M                           00003FFF
_KBIM                             00000000
_KBIMbits                         00000000
_MCLR_OFF                         00003FF7
_MCLR_ON                          00003FFF
_MCR                              00000000
_MCRbits                          00000000
_ODCON                            00000000
_ODCONbits                        00000000
_OSC_HXT                          00002FFF
_OSC_IRC                          000037FF
_OSC_IRC_RTC                      00003FFF
_OSC_LXT                          000027FF
_P0                               00000000
_P0bits                           00000000
_P1                               00000000
_P1bits                           00000000
_PCL                              00000000
_PCLATH                           00000000
_PDCON                            00000000
_PDCONbits                        00000000
_PUCON                            00000000
_PUCONbits                        00000000
_PWRT_OFF                         00003BFF
_PWRT_ON                          00003FFF
_RD_FROM_PIN                      00003FFF
_RD_FROM_REG                      00003EFF
_SMT_OFF                          00003FFF
_SMT_ON                           00003DFF
_STATUS                           00000000
_STATUSbits                       00000000
_T0CNT                            00000000
_T1CNT                            00000000
_T1CR                             00000000
_T1CRbits                         00000000
_T1DATA                           00000000
_T1LOAD                           00000000
_TMCR                             00000000
_TMCRbits                         00000000
_TOCR                             00000000
_TWRT_18MS                        00003FFF
_TWRT_288MS                       00003DFF
_TWRT_4P5MS                       00003EFF
_TWRT_72MS                        00003CFF
_VBOR_15                          00003F78
_VBOR_18                          00003F79
_VBOR_20                          00003FFA
_VBOR_22                          00003FFB
_VBOR_24                          00003FFC
_VBOR_26                          00003FFD
_VBOR_30                          00003FFE
_VBOR_36                          00003FFF
_WDT_OFF                          000037FF
_WDT_ON                           00003FFF
__30P011                          00000001
_i                                00000000
_i2cint                           00000021
_i2cout                           00000000
_j                                00000000
_n                                00000000
_table                            00000000

Errors   :     0
Warnings :     0 reported,     0 suppressed
Messages :     0 reported,     0 suppressed

