This file contains any messages produced by compilers while
running configure, to aid debugging if configure makes a mistake.

It was created by pic14lib configure 0.1, which was
generated by GNU Autoconf 2.63.  Invocation command line was

  $ ./configure --disable-option-checking --prefix=/usr/local CFLAGS=-g CXXFLAGS=-g sdccconf_h_dir_separator=\\ --disable-mcs51-port --disable-z80-port --disable-z180-port --disable-r2k-port --disable-r3ka-port --disable-gbz80-port --disable-ds390-port --disable-ds400-port --disable-hc08-port --disable-s08-port --disable-packihx --disable-sdbinutils --disable-sdcdb --disable-pic16-port --disable-ucsim docdir=${datarootdir}/doc/${PACKAGE} --cache-file=/dev/null --srcdir=.

## --------- ##
## Platform. ##
## --------- ##

hostname = sinomcu111-PC
uname -m = i686
uname -r = 1.0.19(0.48/3/2)
uname -s = MINGW32_NT-6.1
uname -v = 2016-07-13 17:45

/usr/bin/uname -p = unknown
/bin/uname -X     = unknown

/bin/arch              = unknown
/usr/bin/arch -k       = unknown
/usr/convex/getsysinfo = unknown
/usr/bin/hostinfo      = unknown
/bin/machine           = unknown
/usr/bin/oslevel       = unknown
/bin/universe          = unknown

PATH: .
PATH: /usr/local/bin
PATH: /mingw/bin
PATH: /bin
PATH: /e/Python3/Scripts/
PATH: /e/Python3/
PATH: /c/Windows/system32
PATH: /c/Windows
PATH: /c/Windows/System32/Wbem
PATH: /c/Windows/System32/WindowsPowerShell/v1.0/
PATH: /d/Program Files/TortoiseSVN/bin
PATH: /mingw/bin
PATH: /d/Program Files/Git/cmd
PATH: /d/Program Files/TortoiseGit/bin
PATH: .
PATH: /d/Program Files/Microsoft VS Code/bin


## ----------- ##
## Core tests. ##
## ----------- ##

configure:1825: checking for a BSD-compatible install
configure:1893: result: /bin/install -c
configure:1904: checking whether build environment is sane
configure:1964: result: yes
configure:2105: checking for a thread-safe mkdir -p
configure:2144: result: /bin/mkdir -p
configure:2157: checking for gawk
configure:2173: found /bin/gawk
configure:2184: result: gawk
configure:2195: checking whether make sets $(MAKE)
configure:2217: result: yes
configure:2362: checking for gpasm
configure:2380: found /usr/local/bin/gpasm
configure:2393: result: /usr/local/bin/gpasm
configure:2403: checking for gplink
configure:2421: found /usr/local/bin/gplink
configure:2434: result: /usr/local/bin/gplink
configure:2444: checking for gplib
configure:2462: found /usr/local/bin/gplib
configure:2475: result: /usr/local/bin/gplib
configure:2527: checking for style of include used by make
configure:2555: result: GNU
configure:2580: checking dependency style of '/e/tools/pic/sdcc/device/lib/pic14//../../../bin/sdcc'
configure:2690: result: none
configure:2708: checking dependency style of '/usr/local/bin/gpasm'
configure:2816: result: none
configure:2973: creating ./config.status

## ---------------------- ##
## Running config.status. ##
## ---------------------- ##

This file was extended by pic14lib config.status 0.1, which was
generated by GNU Autoconf 2.63.  Invocation command line was

  CONFIG_FILES    = 
  CONFIG_HEADERS  = 
  CONFIG_LINKS    = 
  CONFIG_COMMANDS = 
  $ ./config.status 

on sinomcu111-PC

config.status:769: creating Makefile
config.status:769: creating libsdcc/enhanced/Makefile
config.status:769: creating libsdcc/regular/Makefile
config.status:769: creating libm/Makefile
config.status:769: creating config.h
config.status:1043: executing depfiles commands

## ---------------- ##
## Cache variables. ##
## ---------------- ##

ac_cv_env_build_alias_set=
ac_cv_env_build_alias_value=
ac_cv_env_host_alias_set=
ac_cv_env_host_alias_value=
ac_cv_env_target_alias_set=
ac_cv_env_target_alias_value=
ac_cv_path_AR=/usr/local/bin/gplib
ac_cv_path_CCAS=/usr/local/bin/gpasm
ac_cv_path_LD=/usr/local/bin/gplink
ac_cv_path_install='/bin/install -c'
ac_cv_path_mkdir=/bin/mkdir
ac_cv_prog_AWK=gawk
ac_cv_prog_make_make_set=yes
am_cv_CCAS_dependencies_compiler_type=none
am_cv_CC_dependencies_compiler_type=none

## ----------------- ##
## Output variables. ##
## ----------------- ##

ACLOCAL='${SHELL} /e/tools/pic/sdcc/device/lib/pic14/missing --run aclocal-1.11'
AMDEPBACKSLASH='\'
AMDEP_FALSE='#'
AMDEP_TRUE=''
AMTAR='${SHELL} /e/tools/pic/sdcc/device/lib/pic14/missing --run tar'
AR=''\''/usr/local/bin/gplib'\'''
ARCH='16f877'
ARFLAGS='-c'
AUTOCONF='${SHELL} /e/tools/pic/sdcc/device/lib/pic14/missing --run autoconf'
AUTOHEADER='${SHELL} /e/tools/pic/sdcc/device/lib/pic14/missing --run autoheader'
AUTOMAKE='${SHELL} /e/tools/pic/sdcc/device/lib/pic14/missing --run automake-1.11'
AWK='gawk'
CC=''\''/e/tools/pic/sdcc/device/lib/pic14//../../../bin/sdcc'\'''
CCAS=''\''/usr/local/bin/gpasm'\'''
CCASDEPMODE='depmode=none'
CCASFLAGS=''
CCDEPMODE='depmode=none'
CFLAGS=''
CYGPATH_W='echo'
DEFS='-DHAVE_CONFIG_H'
DEPDIR='.deps'
EARCH='16f1934'
ECHO_C=''
ECHO_N='-n'
ECHO_T=''
HAVE_NEW_PICS_FALSE=''
HAVE_NEW_PICS_TRUE='#'
INSTALL_DATA='${INSTALL} -m 644'
INSTALL_PROGRAM='${INSTALL}'
INSTALL_SCRIPT='${INSTALL}'
INSTALL_STRIP_PROGRAM='$(install_sh) -c -s'
LD=''\''/usr/local/bin/gplink'\'''
LDFLAGS='-m -l -w'
LIBOBJS=''
LIBS=''
LTLIBOBJS=''
MAKEINFO='${SHELL} /e/tools/pic/sdcc/device/lib/pic14/missing --run makeinfo'
MKDIR_P='/bin/mkdir -p'
OBJEXT='o'
PACKAGE='pic14lib'
PACKAGE_BUGREPORT='tecodev AT users sourceforge net'
PACKAGE_NAME='pic14lib'
PACKAGE_STRING='pic14lib 0.1'
PACKAGE_TARNAME='pic14lib'
PACKAGE_VERSION='0.1'
PATH_SEPARATOR=':'
RANLIB=':'
SET_MAKE=''
SHELL='/bin/sh'
STRIP=''
VERSION='0.1'
am__fastdepCCAS_FALSE=''
am__fastdepCCAS_TRUE='#'
am__fastdepCC_FALSE=''
am__fastdepCC_TRUE='#'
am__include='include'
am__isrc=''
am__leading_dot='.'
am__quote=''
am__tar='${AMTAR} chof - "$$tardir"'
am__untar='${AMTAR} xf -'
bindir='${exec_prefix}/bin'
build_alias=''
datadir='${datarootdir}'
datarootdir='${prefix}/share'
docdir='${datarootdir}/doc/${PACKAGE}'
dvidir='${docdir}'
exec_prefix='${prefix}'
host_alias=''
htmldir='${docdir}'
includedir='${prefix}/include'
infodir='${datarootdir}/info'
install_sh='${SHELL} /e/tools/pic/sdcc/device/lib/pic14/install-sh'
libdir='${exec_prefix}/lib/pic14'
libexecdir='${exec_prefix}/libexec'
localedir='${datarootdir}/locale'
localstatedir='${prefix}/var'
mandir='${datarootdir}/man'
mkdir_p='/bin/mkdir -p'
oldincludedir='/usr/include'
pdfdir='${docdir}'
prefix='/usr/local'
program_transform_name='s,x,x,'
psdir='${docdir}'
sbindir='${exec_prefix}/sbin'
sharedstatedir='${prefix}/com'
sysconfdir='${prefix}/etc'
target_alias=''

## ----------- ##
## confdefs.h. ##
## ----------- ##

#define PACKAGE_NAME "pic14lib"
#define PACKAGE_TARNAME "pic14lib"
#define PACKAGE_VERSION "0.1"
#define PACKAGE_STRING "pic14lib 0.1"
#define PACKAGE_BUGREPORT "tecodev AT users sourceforge net"
#define PACKAGE "pic14lib"
#define VERSION "0.1"

configure: exit 0
