gpasm-1.9.3 (Mar 21 2017)    _divulong.asm      2017-3-21  16:52:42          PAGE  1


LOC  OBJECT CODE     LINE SOURCE TEXT
  VALUE

                      00001 ;--------------------------------------------------------
                      00002 ; File Created by SN-SDCC : ANSI-C Compiler
                      00003 ; Version 0.0.4 (Nov 23 2015) (Linux)
                      00004 ; This file was generated Tue Mar 21 16:52:42 2017
                      00005 ;--------------------------------------------------------
                      00006 ; MC3X port for the RISC core
                      00007 ;--------------------------------------------------------
                      00008 ;       .file   "../libsdcc/_divulong.c"
                      00009         list    p=7212
                      00010         radix dec
                      00011         include "7212.inc"
                      00001                 LIST
                      00002 ;mc32p7212.inc    Standard Header File, Version 1.00 by Sinomcu
Message[301]: Processor-header file mismatch.  Verify selected processor.
                      00344                 LIST
                      00012 ;--------------------------------------------------------
                      00013 ; external declarations
                      00014 ;--------------------------------------------------------
                      00015 
                      00016         extern STK06
                      00017         extern STK05
                      00018         extern STK04
                      00019         extern STK03
                      00020         extern STK02
                      00021         extern STK01
                      00022         extern STK00
                      00023 ;--------------------------------------------------------
                      00024 ; global declarations
                      00025 ;--------------------------------------------------------
                      00026         global  __divulong
                      00027 
                      00028 ;--------------------------------------------------------
                      00029 ; global definitions
                      00030 ;--------------------------------------------------------
                      00031 ;--------------------------------------------------------
                      00032 ; absolute symbol definitions
                      00033 ;--------------------------------------------------------
                      00034 ;--------------------------------------------------------
                      00035 ; compiler-defined variables
                      00036 ;--------------------------------------------------------
                      00037 UDL__divulong_0 udata
0000                  00038 r0x1003 res     1
0000                  00039 r0x1002 res     1
0001                  00040 r0x1001 res     1
0001                  00041 r0x1000 res     1
0002                  00042 r0x1007 res     1
0002                  00043 r0x1006 res     1
0003                  00044 r0x1005 res     1
0003                  00045 r0x1004 res     1
0004                  00046 r0x1008 res     1
0004                  00047 r0x1009 res     1
0005                  00048 r0x100A res     1
0005                  00049 r0x100B res     1
0006                  00050 r0x100C res     1
0006                  00051 r0x100D res     1
0007                  00052 r0x100E res     1
0007                  00053 r0x100F res     1
                      00054 ;--------------------------------------------------------
                      00055 ; initialized data
                      00056 ;--------------------------------------------------------
                      00057 ;--------------------------------------------------------
                      00058 ; overlayable items in internal ram 
                      00059 ;--------------------------------------------------------
                      00060 ;       udata_ovr
                      00061 ;--------------------------------------------------------
                      00062 ; code
                      00063 ;--------------------------------------------------------
                      00064 code__divulong  code
                      00065 ;***
                      00066 ;  pBlock Stats: dbName = C
                      00067 ;***
                      00068 ;entry:  __divulong     ;Function start
                      00069 ; 2 exit points
                      00070 ;has an exit
                      00071 ;23 compiler assigned registers:
                      00072 ;   r0x1000
                      00073 ;   STK00
                      00074 ;   r0x1001
                      00075 ;   STK01
                      00076 ;   r0x1002
                      00077 ;   STK02
                      00078 ;   r0x1003
                      00079 ;   STK03
                      00080 ;   r0x1004
                      00081 ;   STK04
                      00082 ;   r0x1005
                      00083 ;   STK05
                      00084 ;   r0x1006
                      00085 ;   STK06
                      00086 ;   r0x1007
                      00087 ;   r0x1008
                      00088 ;   r0x1009
                      00089 ;   r0x100A
                      00090 ;   r0x100B
                      00091 ;   r0x100C
                      00092 ;   r0x100D
                      00093 ;   r0x100E
                      00094 ;   r0x100F
                      00095 ;; Starting pCode block
                      00096 ;;[ICODE] ../libsdcc/_divulong.c:30:  _entry($12) :
                      00097 ;;[ICODE] ../libsdcc/_divulong.c:30:    proc __divulong [k1 lr0:0 so:0]{ ia0 a2p0 re0 rm0 nos0 ru0 dp0}{unsigned-long-int function ( unsigned-long-int fixed, unsigned-long-int fixed) fixed}
0000                  00098 __divulong      ;Function start
                      00099 ; 2 exit points
                      00100 ;;[ICODE] ../libsdcc/_divulong.c:30: iTemp0 [k2 lr3:32 so:0]{ ia0 a2p0 re1 rm0 nos0 ru0 dp0}{unsigned-long-int fixed}{ sir@ __divulong_a_1_1}[r0x1000 r0x1001 r0x1002 r0x1003 ] = recv __divulong [k1 lr0:0 so:0]{ ia0 a2p0 re0 rm0 nos0 ru0 dp0}{unsigned-long-int function ( unsigned-long-int fixed, unsigned-long-int fixed) fixed}
                      00101 ;       .line   30; "../libsdcc/_divulong.c"    _divulong (unsigned long a, unsigned long b)
0000   5600           00102         MOVRA   r0x1000
0001   5800           00103         MOVAR   STK00
0002   5600           00104         MOVRA   r0x1001
0003   5800           00105         MOVAR   STK01
0004   5600           00106         MOVRA   r0x1002
0005   5800           00107         MOVAR   STK02
0006   5600           00108         MOVRA   r0x1003
                      00109 ;;[ICODE] ../libsdcc/_divulong.c:30: iTemp1 [k4 lr4:32 so:0]{ ia0 a2p0 re1 rm0 nos0 ru0 dp0}{unsigned-long-int fixed}{ sir@ __divulong_b_1_1}[r0x1004 r0x1005 r0x1006 r0x1007 ] = recv __divulong [k1 lr0:0 so:0]{ ia0 a2p0 re0 rm0 nos0 ru0 dp0}{unsigned-long-int function ( unsigned-long-int fixed, unsigned-long-int fixed) fixed}
0007   5800           00110         MOVAR   STK03
0008   5600           00111         MOVRA   r0x1004
0009   5800           00112         MOVAR   STK04
000A   5600           00113         MOVRA   r0x1005
000B   5800           00114         MOVAR   STK05
000C   5600           00115         MOVRA   r0x1006
000D   5800           00116         MOVAR   STK06
000E   5600           00117         MOVRA   r0x1007
                      00118 ;;[ICODE] ../libsdcc/_divulong.c:32:    iTemp2 [k6 lr5:34 so:0]{ ia0 a2p0 re1 rm0 nos0 ru0 dp0}{unsigned-long-int fixed}{ sir@ __divulong_result_1_2}[r0x1008 r0x1009 r0x100A r0x100B ] := 0x0 {unsigned-long-int literal}
                      00119 ;       .line   32; "../libsdcc/_divulong.c"    unsigned long result = 0;
000F   7600           00120         CLRR    r0x1008
0010   7600           00121         CLRR    r0x1009
0011   7600           00122         CLRR    r0x100A
0012   7600           00123         CLRR    r0x100B
                      00124 ;;[ICODE] ../libsdcc/_divulong.c:33:    iTemp3 [k8 lr6:32 so:0]{ ia0 a2p0 re1 rm0 nos0 ru0 dp0}{unsigned-long-int fixed}{ sir@ __divulong_mask_1_2}[r0x100C r0x100D r0x100E r0x100F ] := 0x1 {unsigned-long-int literal}
                      00125 ;       .line   33; "../libsdcc/_divulong.c"    unsigned long mask = 0x01;
0013   3C01           00126         MOVAI   0x01
0014   5600           00127         MOVRA   r0x100C
0015   7600           00128         CLRR    r0x100D
0016   7600           00129         CLRR    r0x100E
0017   7600           00130         CLRR    r0x100F
                      00131 ;;[ICODE] ../libsdcc/_divulong.c:36:    if iTemp1 [k4 lr4:32 so:0]{ ia0 a2p0 re1 rm0 nos0 ru0 dp0}{unsigned-long-int fixed}{ sir@ __divulong_b_1_1}[r0x1004 r0x1005 r0x1006 r0x1007 ] != 0 goto _whilecontinue_0($3)
                      00132 ;       .line   36; "../libsdcc/_divulong.c"    if (!b) return (unsigned long)-1;
0018   5800           00133         MOVAR   r0x1007
0019   5C00           00134         ORAR    r0x1006
001A   5C00           00135         ORAR    r0x1005
001B   5C00           00136         ORAR    r0x1004
001C   E587           00137         JBSET   STATUS,2
001D   A000           00138         GOTO    _00107_DS_
                      00139 ;;[ICODE] ../libsdcc/_divulong.c:36:    ret 0xffffffff {unsigned-long-int literal}
001E   3CFF           00140         MOVAI   0xff
001F   5600           00141         MOVRA   STK02
0020   3CFF           00142         MOVAI   0xff
0021   5600           00143         MOVRA   STK01
0022   3CFF           00144         MOVAI   0xff
0023   5600           00145         MOVRA   STK00
0024   3CFF           00146         MOVAI   0xff
0025   A000           00147         GOTO    _00115_DS_
                      00148 ;;[ICODE] ../libsdcc/_divulong.c:40:  _whilecontinue_0($3) :
                      00149 ;;[ICODE] ../libsdcc/_divulong.c:40:    iTemp4 [k10 lr11:12 so:0]{ ia0 a2p0 re0 rm0 nos0 ru0 dp0}{unsigned-long-int register} = iTemp1 [k4 lr4:32 so:0]{ ia0 a2p0 re1 rm0 nos0 ru0 dp0}{unsigned-long-int fixed}{ sir@ __divulong_b_1_1}[r0x1004 r0x1005 r0x1006 r0x1007 ] & 0x80000000 {unsigned-long-int literal}
0026                  00150 _00107_DS_
                      00151 ;       .line   40; "../libsdcc/_divulong.c"    while (!(b & (1UL << (8*sizeof(unsigned long)-1)))) {
0026   FE00           00152         JBCLR   r0x1004,7
0027   A000           00153         GOTO    _00112_DS_
                      00154 ;;[ICODE] ../libsdcc/_divulong.c:40:    if iTemp4 [k10 lr11:12 so:0]{ ia0 a2p0 re0 rm0 nos0 ru0 dp0}{unsigned-long-int register} != 0 goto _whilecontinue_1($8)
                      00155 ;;[ICODE] ../libsdcc/_divulong.c:41:    iTemp1 [k4 lr4:32 so:0]{ ia0 a2p0 re1 rm0 nos0 ru0 dp0}{unsigned-long-int fixed}{ sir@ __divulong_b_1_1}[r0x1004 r0x1005 r0x1006 r0x1007 ] = iTemp1 [k4 lr4:32 so:0]{ ia0 a2p0 re1 rm0 nos0 ru0 dp0}{unsigned-long-int fixed}{ sir@ __divulong_b_1_1}[r0x1004 r0x1005 r0x1006 r0x1007 ] << 0x1 {const-unsigned-char literal}
                      00156 ;       .line   41; "../libsdcc/_divulong.c"    b <<= 1;
0028   D187           00157         BCLR    STATUS,0
0029   5200           00158         RLR     r0x1007
002A   5200           00159         RLR     r0x1006
002B   5200           00160         RLR     r0x1005
002C   5200           00161         RLR     r0x1004
                      00162 ;;[ICODE] ../libsdcc/_divulong.c:42:    iTemp3 [k8 lr6:32 so:0]{ ia0 a2p0 re1 rm0 nos0 ru0 dp0}{unsigned-long-int fixed}{ sir@ __divulong_mask_1_2}[r0x100C r0x100D r0x100E r0x100F ] = iTemp3 [k8 lr6:32 so:0]{ ia0 a2p0 re1 rm0 nos0 ru0 dp0}{unsigned-long-int fixed}{ sir@ __divulong_mask_1_2}[r0x100C r0x100D r0x100E r0x100F ] << 0x1 {const-unsigned-char literal}
                      00163 ;       .line   42; "../libsdcc/_divulong.c"    mask <<= 1;
002D   D187           00164         BCLR    STATUS,0
002E   5200           00165         RLR     r0x100C
002F   5200           00166         RLR     r0x100D
0030   5200           00167         RLR     r0x100E
0031   5200           00168         RLR     r0x100F
                      00169 ;;[ICODE] ../libsdcc/_divulong.c:42:     goto _whilecontinue_0($3)
0032   A000           00170         GOTO    _00107_DS_
                      00171 ;;[ICODE] ../libsdcc/_divulong.c:47:  _whilecontinue_1($8) :
                      00172 ;;[ICODE] ../libsdcc/_divulong.c:47:    if iTemp3 [k8 lr6:32 so:0]{ ia0 a2p0 re1 rm0 nos0 ru0 dp0}{unsigned-long-int fixed}{ sir@ __divulong_mask_1_2}[r0x100C r0x100D r0x100E r0x100F ] == 0 goto _whilebreak_1($10)
0033                  00173 _00112_DS_
                      00174 ;       .line   47; "../libsdcc/_divulong.c"    while (mask) {
0033   5800           00175         MOVAR   r0x100C
0034   5C00           00176         ORAR    r0x100D
0035   5C00           00177         ORAR    r0x100E
0036   5C00           00178         ORAR    r0x100F
0037   F587           00179         JBCLR   STATUS,2
0038   A000           00180         GOTO    _00114_DS_
                      00181 ;;[ICODE] ../libsdcc/_divulong.c:48:    iTemp7 [k13 lr21:22 so:0]{ ia0 a2p0 re0 rm0 nos0 ru0 dp0}{char fixed} = iTemp0 [k2 lr3:32 so:0]{ ia0 a2p0 re1 rm0 nos0 ru0 dp0}{unsigned-long-int fixed}{ sir@ __divulong_a_1_1}[r0x1000 r0x1001 r0x1002 r0x1003 ] < iTemp1 [k4 lr4:32 so:0]{ ia0 a2p0 re1 rm0 nos0 ru0 dp0}{unsigned-long-int fixed}{ sir@ __divulong_b_1_1}[r0x1004 r0x1005 r0x1006 r0x1007 ]
                      00182 ;       .line   48; "../libsdcc/_divulong.c"    if (a >= b) {
0039   5800           00183         MOVAR   r0x1004
003A   4800           00184         RSUBAR  r0x1000
003B   E587           00185         JBSET   STATUS,2
003C   A000           00186         GOTO    _00129_DS_
003D   5800           00187         MOVAR   r0x1005
003E   4800           00188         RSUBAR  r0x1001
003F   E587           00189         JBSET   STATUS,2
0040   A000           00190         GOTO    _00129_DS_
0041   5800           00191         MOVAR   r0x1006
0042   4800           00192         RSUBAR  r0x1002
0043   E587           00193         JBSET   STATUS,2
0044   A000           00194         GOTO    _00129_DS_
0045   5800           00195         MOVAR   r0x1007
0046   4800           00196         RSUBAR  r0x1003
0047                  00197 _00129_DS_
0047   E187           00198         JBSET   STATUS,0
0048   A000           00199         GOTO    _00111_DS_
                      00200 ;;genSkipc:3246: created from rifx:0xbfef6b00
                      00201 ;;[ICODE] ../libsdcc/_divulong.c:48:    if iTemp7 [k13 lr21:22 so:0]{ ia0 a2p0 re0 rm0 nos0 ru0 dp0}{char fixed} != 0 goto _iffalse_1($7)
                      00202 ;;[ICODE] ../libsdcc/_divulong.c:49:    iTemp2 [k6 lr5:34 so:0]{ ia0 a2p0 re1 rm0 nos0 ru0 dp0}{unsigned-long-int fixed}{ sir@ __divulong_result_1_2}[r0x1008 r0x1009 r0x100A r0x100B ] = iTemp2 [k6 lr5:34 so:0]{ ia0 a2p0 re1 rm0 nos0 ru0 dp0}{unsigned-long-int fixed}{ sir@ __divulong_result_1_2}[r0x1008 r0x1009 r0x100A r0x100B ] + iTemp3 [k8 lr6:32 so:0]{ ia0 a2p0 re1 rm0 nos0 ru0 dp0}{unsigned-long-int fixed}{ sir@ __divulong_mask_1_2}[r0x100C r0x100D r0x100E r0x100F ]
                      00203 ;       .line   49; "../libsdcc/_divulong.c"    result += mask;
0049   5800           00204         MOVAR   r0x100C
004A   7E00           00205         ADDRA   r0x1008
004B   5800           00206         MOVAR   r0x100D
004C   F187           00207         JBCLR   STATUS,0
004D   6000           00208         JZAR    r0x100D
004E   7E00           00209         ADDRA   r0x1009
004F   5800           00210         MOVAR   r0x100E
0050   F187           00211         JBCLR   STATUS,0
0051   6000           00212         JZAR    r0x100E
0052   7E00           00213         ADDRA   r0x100A
0053   5800           00214         MOVAR   r0x100F
0054   F187           00215         JBCLR   STATUS,0
0055   6000           00216         JZAR    r0x100F
0056   7E00           00217         ADDRA   r0x100B
                      00218 ;;[ICODE] ../libsdcc/_divulong.c:50:    iTemp0 [k2 lr3:32 so:0]{ ia0 a2p0 re1 rm0 nos0 ru0 dp0}{unsigned-long-int fixed}{ sir@ __divulong_a_1_1}[r0x1000 r0x1001 r0x1002 r0x1003 ] = iTemp0 [k2 lr3:32 so:0]{ ia0 a2p0 re1 rm0 nos0 ru0 dp0}{unsigned-long-int fixed}{ sir@ __divulong_a_1_1}[r0x1000 r0x1001 r0x1002 r0x1003 ] - iTemp1 [k4 lr4:32 so:0]{ ia0 a2p0 re1 rm0 nos0 ru0 dp0}{unsigned-long-int fixed}{ sir@ __divulong_b_1_1}[r0x1004 r0x1005 r0x1006 r0x1007 ]
                      00219 ;       .line   50; "../libsdcc/_divulong.c"    a -= b;
0057   5800           00220         MOVAR   r0x1007
0058   4A00           00221         RSUBRA  r0x1003
0059   5800           00222         MOVAR   r0x1006
005A   E187           00223         JBSET   STATUS,0
005B   6000           00224         JZAR    r0x1006
005C   4A00           00225         RSUBRA  r0x1002
005D   5800           00226         MOVAR   r0x1005
005E   E187           00227         JBSET   STATUS,0
005F   6000           00228         JZAR    r0x1005
0060   4A00           00229         RSUBRA  r0x1001
0061   5800           00230         MOVAR   r0x1004
0062   E187           00231         JBSET   STATUS,0
0063   6000           00232         JZAR    r0x1004
0064   4A00           00233         RSUBRA  r0x1000
                      00234 ;;[ICODE] ../libsdcc/_divulong.c:50:  _iffalse_1($7) :
                      00235 ;;[ICODE] ../libsdcc/_divulong.c:52:    iTemp1 [k4 lr4:32 so:0]{ ia0 a2p0 re1 rm0 nos0 ru0 dp0}{unsigned-long-int fixed}{ sir@ __divulong_b_1_1}[r0x1004 r0x1005 r0x1006 r0x1007 ] = iTemp1 [k4 lr4:32 so:0]{ ia0 a2p0 re1 rm0 nos0 ru0 dp0}{unsigned-long-int fixed}{ sir@ __divulong_b_1_1}[r0x1004 r0x1005 r0x1006 r0x1007 ] >> 0x1 {const-unsigned-char literal}
                      00236 ;;shiftRight_Left2ResultLit:5278: shCount=1, size=4, sign=0, same=1, offr=0
0065                  00237 _00111_DS_
                      00238 ;       .line   52; "../libsdcc/_divulong.c"    b >>= 1;
0065   D187           00239         BCLR    STATUS,0
0066   4E00           00240         RRR     r0x1004
0067   4E00           00241         RRR     r0x1005
0068   4E00           00242         RRR     r0x1006
0069   4E00           00243         RRR     r0x1007
                      00244 ;;[ICODE] ../libsdcc/_divulong.c:53:    iTemp3 [k8 lr6:32 so:0]{ ia0 a2p0 re1 rm0 nos0 ru0 dp0}{unsigned-long-int fixed}{ sir@ __divulong_mask_1_2}[r0x100C r0x100D r0x100E r0x100F ] = iTemp3 [k8 lr6:32 so:0]{ ia0 a2p0 re1 rm0 nos0 ru0 dp0}{unsigned-long-int fixed}{ sir@ __divulong_mask_1_2}[r0x100C r0x100D r0x100E r0x100F ] >> 0x1 {const-unsigned-char literal}
                      00245 ;;shiftRight_Left2ResultLit:5278: shCount=1, size=4, sign=0, same=1, offr=0
                      00246 ;       .line   53; "../libsdcc/_divulong.c"    mask >>= 1;
006A   D187           00247         BCLR    STATUS,0
006B   4E00           00248         RRR     r0x100F
006C   4E00           00249         RRR     r0x100E
006D   4E00           00250         RRR     r0x100D
006E   4E00           00251         RRR     r0x100C
                      00252 ;;[ICODE] ../libsdcc/_divulong.c:53:     goto _whilecontinue_1($8)
006F   A000           00253         GOTO    _00112_DS_
                      00254 ;;[ICODE] ../libsdcc/_divulong.c:53:  _whilebreak_1($10) :
                      00255 ;;[ICODE] ../libsdcc/_divulong.c:56:    ret iTemp2 [k6 lr5:34 so:0]{ ia0 a2p0 re1 rm0 nos0 ru0 dp0}{unsigned-long-int fixed}{ sir@ __divulong_result_1_2}[r0x1008 r0x1009 r0x100A r0x100B ]
0070                  00256 _00114_DS_
                      00257 ;       .line   56; "../libsdcc/_divulong.c"    return result;
0070   5800           00258         MOVAR   r0x1008
0071   5600           00259         MOVRA   STK02
0072   5800           00260         MOVAR   r0x1009
0073   5600           00261         MOVRA   STK01
0074   5800           00262         MOVAR   r0x100A
0075   5600           00263         MOVRA   STK00
0076   5800           00264         MOVAR   r0x100B
                      00265 ;;[ICODE] ../libsdcc/_divulong.c:56:  _return($11) :
                      00266 ;;[ICODE] ../libsdcc/_divulong.c:56:    eproc __divulong [k1 lr0:0 so:0]{ ia0 a2p0 re0 rm0 nos0 ru0 dp0}{unsigned-long-int function ( unsigned-long-int fixed, unsigned-long-int fixed) fixed}
0077                  00267 _00115_DS_
0077   000C           00268         RETURN  
                      00269 ; exit point of __divulong
                      00270 
                      00271 
                      00272 ;       code size estimation:
                      00273 ;         120+    0 =   120 instructions (  240 byte)
                      00274 
                      00275         end
gpasm-1.9.3 (Mar 21 2017)    _divulong.asm      2017-3-21  16:52:42          PAGE  2


SYMBOL TABLE
  LABEL                             VALUE

ADCR0                             000001B0
ADCR1                             000001B1
ADCR2                             000001B2
ADRH                              000001B4
ADRL                              000001B6
ADRM                              000001B5
FSR                               00000184
FSR0                              00000184
FSR1                              00000185
HIBYTE                            00000183
INDF                              00000180
INDF0                             00000180
INDF1                             00000181
INDF2                             00000182
INDF3                             00000189
INTE                              0000018A
INTF                              0000018B
IOP0                              00000190
IOP1                              00000194
IOP2                              00000198
IOP3                              0000019C
LCDCR0                            000001B8
LCDCR1                            000001B9
LCDDS10                           000001C8
LCDDS11                           000001C9
LCDDS12                           000001CA
LCDDS13                           000001CB
LCDDS2                            000001C0
LCDDS3                            000001C1
LCDDS4                            000001C2
LCDDS5                            000001C3
LCDDS6                            000001C4
LCDDS7                            000001C5
LCDDS8                            000001C6
LCDDS9                            000001C7
LCDIOS1                           000001BA
LCDIOS2                           000001BB
LVDCR                             000001AF
LXTCR                             000001A8
MCR                               00000188
OEP0                              00000191
OEP1                              00000195
OEP2                              00000199
OEP3                              0000019D
OSCM                              000001AE
PCL                               00000186
PFLAG                             00000187
PUMP                              000001AD
PUP0                              00000192
PUP1                              00000196
PUP2                              0000019A
PUP3                              0000019E
STATUS                            00000187
STK00                             00000000
STK01                             00000000
STK02                             00000000
STK03                             00000000
STK04                             00000000
STK05                             00000000
STK06                             00000000
T0CNT                             000001A1
T0CR                              000001A0
T0DATA                            000001A3
T0LOAD                            000001A2
T1CNT                             000001A5
T1CR                              000001A4
T1DATA                            000001A7
T1LOAD                            000001A6
TPSC                              000001B3
_00107_DS_                        00000026
_00111_DS_                        00000065
_00112_DS_                        00000033
_00114_DS_                        00000070
_00115_DS_                        00000077
_00129_DS_                        00000047
_CONFIG0                          00008000
_CONFIG1                          00008001
__7212                            00000001
__divulong                        00000000
r0x1000                           00000003
r0x1001                           00000002
r0x1002                           00000001
r0x1003                           00000000
r0x1004                           00000007
r0x1005                           00000006
r0x1006                           00000005
r0x1007                           00000004
r0x1008                           00000008
r0x1009                           00000009
r0x100A                           0000000A
r0x100B                           0000000B
r0x100C                           0000000C
r0x100D                           0000000D
r0x100E                           0000000E
r0x100F                           0000000F
ADC_T                             TPSC,7
ADEN                              ADCR0,7
ADIE                              INTE,6
ADIF                              INTF,6
BEN                               LCDCR1,4
BUZ0OE                            T0CR,5
BUZ1OE                            T1CR,5
C                                 PFLAG,0
CHOP_EN                           ADCR0,6
CHP_VPP                           PUMP,2
CLKS                              OSCM,2
CPCKS                             PUMP,5
DC                                PFLAG,1
ERV                               PUMP,7
FILS                              LXTCR,3
GIE                               MCR,7
HFEN                              OSCM,0
HIRCOUTEN                         OSCM,3
INT0IE                            INTE,2
INT0IF                            INTF,2
INT1IE                            INTE,3
INT1IF                            INTF,3
LCDCKS                            LCDCR1,2
LCDEN                             LCDCR0,7
LCDM                              LCDCR1,3
LCDSPEED                          LCDCR0,2
LDOLPEN                           LXTCR,6
LFEN                              OSCM,1
LVDEN                             LVDCR,7
LVDF                              LVDCR,0
P00D                              IOP0,0
P00OE                             OEP0,0
P00PU                             PUP0,0
P01D                              IOP0,1
P01OE                             OEP0,1
P01PU                             PUP0,1
P02D                              IOP0,2
P02OE                             OEP0,2
P02PU                             PUP0,2
P03D                              IOP0,3
P03OE                             OEP0,3
P03PU                             PUP0,3
P04D                              IOP0,4
P04OE                             OEP0,4
P04PU                             PUP0,4
P05D                              IOP0,5
P05OE                             OEP0,5
P05PU                             PUP0,5
P06D                              IOP0,6
P06OE                             OEP0,6
P06PU                             PUP0,6
P07D                              IOP0,7
P07OE                             OEP0,7
P07PU                             PUP0,7
P10D                              IOP1,0
P10OE                             OEP1,0
P10PU                             PUP1,0
P11D                              IOP1,1
P11OE                             OEP1,1
P11PU                             PUP1,1
P12D                              IOP1,2
P12OE                             OEP1,2
P12PU                             PUP1,2
P13D                              IOP1,3
P13OE                             OEP1,3
P13PU                             PUP1,3
P14D                              IOP1,4
P14OE                             OEP1,4
P14PU                             PUP1,4
P15D                              IOP1,5
P15OE                             OEP1,5
P15PU                             PUP1,5
P20D                              IOP2,0
P20OE                             OEP2,0
P20PU                             PUP2,0
P21D                              IOP2,1
P21OE                             OEP2,1
P21PU                             PUP2,1
P22D                              IOP2,2
P22OE                             OEP2,2
P22PU                             PUP2,2
P23D                              IOP2,3
P23OE                             OEP2,3
P23PU                             PUP2,3
P24D                              IOP2,4
P24OE                             OEP2,4
P24PU                             PUP2,4
P25D                              IOP2,5
P25OE                             OEP2,5
P25PU                             PUP2,5
P26D                              IOP2,6
P26OE                             OEP2,6
P26PU                             PUP2,6
P27D                              IOP2,7
P27OE                             OEP2,7
P27PU                             PUP2,7
P30D                              IOP3,0
P30OE                             OEP3,0
P30PU                             PUP3,0
P31D                              IOP3,1
P31OE                             OEP3,1
P31PU                             PUP3,1
P32D                              IOP3,2
P32OE                             OEP3,2
P32PU                             PUP3,2
P33D                              IOP3,3
P33OE                             OEP3,3
P33PU                             PUP3,3
PD                                MCR,4
PGA_EN                            ADCR0,5
PGMTIME                           PUMP,3
PT_TS                             TPSC,2
PUMPEN                            PUMP,6
PWM0OE                            T0CR,6
PWM1OE                            T1CR,6
RSEL                              LXTCR,5
STBH                              OSCM,4
STBL                              OSCM,5
T0IE                              INTE,0
T0IF                              INTF,0
T1IE                              INTE,1
T1IF                              INTF,1
T2IE                              INTE,5
T2IF                              INTF,5
T3IE                              INTE,7
T3IF                              INTF,7
TC0EN                             T0CR,7
TC1EN                             T1CR,7
TO                                MCR,5
T_ADC_IN_RNB                      ADCR2,7
T_PGA_OUT_ENB                     ADCR2,6
VBGEN                             TPSC,3
VBGSEL                            LVDCR,2
VCP_CAL                           PUMP,4
VDLSEL                            LXTCR,4
VLDOEN                            TPSC,4
VLDOSL0                           TPSC,6
VLDOSL1                           TPSC,5
VREF_ICTL                         ADCR0,4
Z                                 PFLAG,2

Errors   :     0
Warnings :     0 reported,     0 suppressed
Messages :     1 reported,     0 suppressed

