gpasm-1.9.3 (Mar 21 2017)    _mullong.asm       2017-3-21  16:52:44          PAGE  1


LOC  OBJECT CODE     LINE SOURCE TEXT
  VALUE

                      00001 ;--------------------------------------------------------
                      00002 ; File Created by SN-SDCC : ANSI-C Compiler
                      00003 ; Version 0.0.4 (Nov 23 2015) (Linux)
                      00004 ; This file was generated Tue Mar 21 16:52:44 2017
                      00005 ;--------------------------------------------------------
                      00006 ; MC3X port for the RISC core
                      00007 ;--------------------------------------------------------
                      00008 ;       .file   "../libsdcc/_mullong.c"
                      00009         list    p=7212
                      00010         radix dec
                      00011         include "7212.inc"
                      00001                 LIST
                      00002 ;mc32p7212.inc    Standard Header File, Version 1.00 by Sinomcu
Message[301]: Processor-header file mismatch.  Verify selected processor.
                      00344                 LIST
                      00012 ;--------------------------------------------------------
                      00013 ; external declarations
                      00014 ;--------------------------------------------------------
                      00015 
                      00016         extern STK06
                      00017         extern STK05
                      00018         extern STK04
                      00019         extern STK03
                      00020         extern STK02
                      00021         extern STK01
                      00022         extern STK00
                      00023 ;--------------------------------------------------------
                      00024 ; global declarations
                      00025 ;--------------------------------------------------------
                      00026         global  __mullong
                      00027 
                      00028 ;--------------------------------------------------------
                      00029 ; global definitions
                      00030 ;--------------------------------------------------------
                      00031 ;--------------------------------------------------------
                      00032 ; absolute symbol definitions
                      00033 ;--------------------------------------------------------
                      00034 ;--------------------------------------------------------
                      00035 ; compiler-defined variables
                      00036 ;--------------------------------------------------------
                      00037 UDL__mullong_0  udata
0000                  00038 r0x1003 res     1
0000                  00039 r0x1002 res     1
0001                  00040 r0x1001 res     1
0001                  00041 r0x1000 res     1
0002                  00042 r0x1007 res     1
0002                  00043 r0x1006 res     1
0003                  00044 r0x1005 res     1
0003                  00045 r0x1004 res     1
0004                  00046 r0x1008 res     1
0004                  00047 r0x1009 res     1
0005                  00048 r0x100A res     1
0005                  00049 r0x100B res     1
0006                  00050 r0x100C res     1
0006                  00051 r0x100D res     1
0007                  00052 r0x100E res     1
0007                  00053 r0x100F res     1
0008                  00054 r0x1010 res     1
                      00055 ;--------------------------------------------------------
                      00056 ; initialized data
                      00057 ;--------------------------------------------------------
                      00058 ;--------------------------------------------------------
                      00059 ; overlayable items in internal ram 
                      00060 ;--------------------------------------------------------
                      00061 ;       udata_ovr
                      00062 ;--------------------------------------------------------
                      00063 ; code
                      00064 ;--------------------------------------------------------
                      00065 code__mullong   code
                      00066 ;***
                      00067 ;  pBlock Stats: dbName = C
                      00068 ;***
                      00069 ;entry:  __mullong      ;Function start
                      00070 ; 2 exit points
                      00071 ;has an exit
                      00072 ;24 compiler assigned registers:
                      00073 ;   r0x1000
                      00074 ;   STK00
                      00075 ;   r0x1001
                      00076 ;   STK01
                      00077 ;   r0x1002
                      00078 ;   STK02
                      00079 ;   r0x1003
                      00080 ;   STK03
                      00081 ;   r0x1004
                      00082 ;   STK04
                      00083 ;   r0x1005
                      00084 ;   STK05
                      00085 ;   r0x1006
                      00086 ;   STK06
                      00087 ;   r0x1007
                      00088 ;   r0x1008
                      00089 ;   r0x1009
                      00090 ;   r0x100A
                      00091 ;   r0x100B
                      00092 ;   r0x100C
                      00093 ;   r0x100D
                      00094 ;   r0x100E
                      00095 ;   r0x100F
                      00096 ;   r0x1010
                      00097 ;; Starting pCode block
                      00098 ;;[ICODE] ../libsdcc/_mullong.c:33:  _entry($16) :
                      00099 ;;[ICODE] ../libsdcc/_mullong.c:33:     proc __mullong [k1 lr0:0 so:0]{ ia0 a2p0 re0 rm0 nos0 ru0 dp0}{long-int function ( long-int fixed, long-int fixed) fixed}
0000                  00100 __mullong       ;Function start
                      00101 ; 2 exit points
                      00102 ;;[ICODE] ../libsdcc/_mullong.c:33: iTemp0 [k2 lr3:43 so:0]{ ia0 a2p0 re1 rm0 nos0 ru0 dp0}{long-int fixed}{ sir@ __mullong_a_1_1}[r0x1000 r0x1001 r0x1002 r0x1003 ] = recv __mullong [k1 lr0:0 so:0]{ ia0 a2p0 re0 rm0 nos0 ru0 dp0}{long-int function ( long-int fixed, long-int fixed) fixed}
                      00103 ;       .line   33; "../libsdcc/_mullong.c"     _mullong (long a, long b)
0000   5600           00104         MOVRA   r0x1000
0001   5800           00105         MOVAR   STK00
0002   5600           00106         MOVRA   r0x1001
0003   5800           00107         MOVAR   STK01
0004   5600           00108         MOVRA   r0x1002
0005   5800           00109         MOVAR   STK02
0006   5600           00110         MOVRA   r0x1003
                      00111 ;;[ICODE] ../libsdcc/_mullong.c:33: iTemp1 [k4 lr4:43 so:0]{ ia0 a2p0 re1 rm0 nos0 ru0 dp0}{long-int fixed}{ sir@ __mullong_b_1_1}[r0x1004 r0x1005 r0x1006 r0x1007 ] = recv __mullong [k1 lr0:0 so:0]{ ia0 a2p0 re0 rm0 nos0 ru0 dp0}{long-int function ( long-int fixed, long-int fixed) fixed}
0007   5800           00112         MOVAR   STK03
0008   5600           00113         MOVRA   r0x1004
0009   5800           00114         MOVAR   STK04
000A   5600           00115         MOVRA   r0x1005
000B   5800           00116         MOVAR   STK05
000C   5600           00117         MOVRA   r0x1006
000D   5800           00118         MOVAR   STK06
000E   5600           00119         MOVRA   r0x1007
                      00120 ;;[ICODE] ../libsdcc/_mullong.c:35:     iTemp2 [k6 lr5:44 so:0]{ ia0 a2p0 re1 rm0 nos0 ru0 dp0}{long-int fixed}{ sir@ __mullong_result_1_2}[r0x1008 r0x1009 r0x100A r0x100B ] := 0x0 {long-int literal}
                      00121 ;       .line   35; "../libsdcc/_mullong.c"     long result = 0;
000F   7600           00122         CLRR    r0x1008
0010   7600           00123         CLRR    r0x1009
0011   7600           00124         CLRR    r0x100A
0012   7600           00125         CLRR    r0x100B
                      00126 ;;[ICODE] ../libsdcc/_mullong.c:39:     iTemp3 [k8 lr6:43 so:0]{ ia0 a2p0 re1 rm0 nos0 ru0 dp0}{unsigned-char fixed}{ sir@ __mullong_i_1_2}[r0x100C ] := 0x8 {unsigned-char literal}
                      00127 ;       .line   39; "../libsdcc/_mullong.c"     for (i = 0; i < 8u; i++) {
0013   3C08           00128         MOVAI   0x08
0014   5600           00129         MOVRA   r0x100C
                      00130 ;;[ICODE] ../libsdcc/_mullong.c:39:  _forcontinue_0($14) :
                      00131 ;;[ICODE] ../libsdcc/_mullong.c:41:     iTemp4 [k10 lr9:10 so:0]{ ia0 a2p0 re0 rm0 nos0 ru0 dp0}{long-int fixed} = iTemp0 [k2 lr3:43 so:0]{ ia0 a2p0 re1 rm0 nos0 ru0 dp0}{long-int fixed}{ sir@ __mullong_a_1_1}[r0x1000 r0x1001 r0x1002 r0x1003 ] & 0x1 {long-int literal}
0015                  00132 _00118_DS_
                      00133 ;       .line   41; "../libsdcc/_mullong.c"     if (a & 0x0001u) result += b;
0015   E000           00134         JBSET   r0x1003,0
0016   A000           00135         GOTO    _00109_DS_
                      00136 ;;[ICODE] ../libsdcc/_mullong.c:41:     if iTemp4 [k10 lr9:10 so:0]{ ia0 a2p0 re0 rm0 nos0 ru0 dp0}{long-int fixed} == 0 goto _andif_0($5)
                      00137 ;;[ICODE] ../libsdcc/_mullong.c:41:     iTemp2 [k6 lr5:44 so:0]{ ia0 a2p0 re1 rm0 nos0 ru0 dp0}{long-int fixed}{ sir@ __mullong_result_1_2}[r0x1008 r0x1009 r0x100A r0x100B ] = iTemp2 [k6 lr5:44 so:0]{ ia0 a2p0 re1 rm0 nos0 ru0 dp0}{long-int fixed}{ sir@ __mullong_result_1_2}[r0x1008 r0x1009 r0x100A r0x100B ] + iTemp1 [k4 lr4:43 so:0]{ ia0 a2p0 re1 rm0 nos0 ru0 dp0}{long-int fixed}{ sir@ __mullong_b_1_1}[r0x1004 r0x1005 r0x1006 r0x1007 ]
0017   5800           00138         MOVAR   r0x1007
0018   7E00           00139         ADDRA   r0x1008
0019   5800           00140         MOVAR   r0x1006
001A   F187           00141         JBCLR   STATUS,0
001B   6000           00142         JZAR    r0x1006
001C   7E00           00143         ADDRA   r0x1009
001D   5800           00144         MOVAR   r0x1005
001E   F187           00145         JBCLR   STATUS,0
001F   6000           00146         JZAR    r0x1005
0020   7E00           00147         ADDRA   r0x100A
0021   5800           00148         MOVAR   r0x1004
0022   F187           00149         JBCLR   STATUS,0
0023   6000           00150         JZAR    r0x1004
0024   7E00           00151         ADDRA   r0x100B
                      00152 ;;[ICODE] ../libsdcc/_mullong.c:42:  _andif_0($5) :
                      00153 ;;[ICODE] ../libsdcc/_mullong.c:42:     iTemp6 [k12 lr14:15 so:0]{ ia0 a2p0 re0 rm0 nos0 ru0 dp0}{unsigned-long-int register}[r0x100D r0x100E r0x100F r0x1010 ] = (unsigned-long-int register)iTemp0 [k2 lr3:43 so:0]{ ia0 a2p0 re1 rm0 nos0 ru0 dp0}{long-int fixed}{ sir@ __mullong_a_1_1}[r0x1000 r0x1001 r0x1002 r0x1003 ]
0025                  00154 _00109_DS_
                      00155 ;       .line   42; "../libsdcc/_mullong.c"     if (sizeof (a) > 1 && (a & 0x00000100ul)) result += (b << 8u);
0025   5800           00156         MOVAR   r0x1003
0026   5600           00157         MOVRA   r0x100D
0027   5800           00158         MOVAR   r0x1002
0028   5600           00159         MOVRA   r0x100E
0029   5800           00160         MOVAR   r0x1001
002A   5600           00161         MOVRA   r0x100F
002B   5800           00162         MOVAR   r0x1000
002C   5600           00163         MOVRA   r0x1010
                      00164 ;;[ICODE] ../libsdcc/_mullong.c:42:     iTemp7 [k13 lr15:16 so:0]{ ia0 a2p0 re0 rm0 nos0 ru0 dp0}{unsigned-long-int register} = iTemp6 [k12 lr14:15 so:0]{ ia0 a2p0 re0 rm0 nos0 ru0 dp0}{unsigned-long-int register}[r0x100D r0x100E r0x100F r0x1010 ] & 0x100 {const-unsigned-long-int literal}
002D   E000           00165         JBSET   r0x100E,0
002E   A000           00166         GOTO    _00112_DS_
                      00167 ;;[ICODE] ../libsdcc/_mullong.c:42:     if iTemp7 [k13 lr15:16 so:0]{ ia0 a2p0 re0 rm0 nos0 ru0 dp0}{unsigned-long-int register} == 0 goto _andif_1($8)
                      00168 ;;[ICODE] ../libsdcc/_mullong.c:42:     iTemp8 [k14 lr17:18 so:0]{ ia0 a2p0 re0 rm0 nos0 ru0 dp0}{long-int fixed}[r0x100D r0x100E r0x100F r0x1010 ] = iTemp1 [k4 lr4:43 so:0]{ ia0 a2p0 re1 rm0 nos0 ru0 dp0}{long-int fixed}{ sir@ __mullong_b_1_1}[r0x1004 r0x1005 r0x1006 r0x1007 ] << 0x8 {const-unsigned-int literal}
002F   5800           00169         MOVAR   r0x1005
0030   5600           00170         MOVRA   r0x1010
0031   5800           00171         MOVAR   r0x1006
0032   5600           00172         MOVRA   r0x100F
                      00173 ;;100   MOVAR   r0x1007
0033   7600           00174         CLRR    r0x100D
                      00175 ;;[ICODE] ../libsdcc/_mullong.c:42:     iTemp2 [k6 lr5:44 so:0]{ ia0 a2p0 re1 rm0 nos0 ru0 dp0}{long-int fixed}{ sir@ __mullong_result_1_2}[r0x1008 r0x1009 r0x100A r0x100B ] = iTemp2 [k6 lr5:44 so:0]{ ia0 a2p0 re1 rm0 nos0 ru0 dp0}{long-int fixed}{ sir@ __mullong_result_1_2}[r0x1008 r0x1009 r0x100A r0x100B ] + iTemp8 [k14 lr17:18 so:0]{ ia0 a2p0 re0 rm0 nos0 ru0 dp0}{long-int fixed}[r0x100D r0x100E r0x100F r0x1010 ]
0034   3C00           00176         MOVAI   0x00
0035   7E00           00177         ADDRA   r0x1008
                      00178 ;;99    MOVAR   r0x100E
0036   5800           00179         MOVAR   r0x1007
0037   5600           00180         MOVRA   r0x100E
0038   F187           00181         JBCLR   STATUS,0
0039   6000           00182         JZAR    r0x100E
003A   7E00           00183         ADDRA   r0x1009
003B   5800           00184         MOVAR   r0x100F
003C   F187           00185         JBCLR   STATUS,0
003D   6000           00186         JZAR    r0x100F
003E   7E00           00187         ADDRA   r0x100A
003F   5800           00188         MOVAR   r0x1010
0040   F187           00189         JBCLR   STATUS,0
0041   6000           00190         JZAR    r0x1010
0042   7E00           00191         ADDRA   r0x100B
                      00192 ;;[ICODE] ../libsdcc/_mullong.c:43:  _andif_1($8) :
                      00193 ;;[ICODE] ../libsdcc/_mullong.c:43:     iTemp10 [k16 lr21:22 so:0]{ ia0 a2p0 re0 rm0 nos0 ru0 dp0}{unsigned-long-int register}[r0x100D r0x100E r0x100F r0x1010 ] = (unsigned-long-int register)iTemp0 [k2 lr3:43 so:0]{ ia0 a2p0 re1 rm0 nos0 ru0 dp0}{long-int fixed}{ sir@ __mullong_a_1_1}[r0x1000 r0x1001 r0x1002 r0x1003 ]
0043                  00194 _00112_DS_
                      00195 ;       .line   43; "../libsdcc/_mullong.c"     if (sizeof (a) > 2 && (a & 0x00010000ul)) result += (b << 16u);
0043   5800           00196         MOVAR   r0x1003
0044   5600           00197         MOVRA   r0x100D
0045   5800           00198         MOVAR   r0x1002
0046   5600           00199         MOVRA   r0x100E
0047   5800           00200         MOVAR   r0x1001
0048   5600           00201         MOVRA   r0x100F
0049   5800           00202         MOVAR   r0x1000
004A   5600           00203         MOVRA   r0x1010
                      00204 ;;[ICODE] ../libsdcc/_mullong.c:43:     iTemp11 [k17 lr22:23 so:0]{ ia0 a2p0 re0 rm0 nos0 ru0 dp0}{unsigned-long-int register} = iTemp10 [k16 lr21:22 so:0]{ ia0 a2p0 re0 rm0 nos0 ru0 dp0}{unsigned-long-int register}[r0x100D r0x100E r0x100F r0x1010 ] & 0x10000 {const-unsigned-long-int literal}
004B   E000           00205         JBSET   r0x100F,0
004C   A000           00206         GOTO    _00115_DS_
                      00207 ;;[ICODE] ../libsdcc/_mullong.c:43:     if iTemp11 [k17 lr22:23 so:0]{ ia0 a2p0 re0 rm0 nos0 ru0 dp0}{unsigned-long-int register} == 0 goto _andif_2($11)
                      00208 ;;[ICODE] ../libsdcc/_mullong.c:43:     iTemp12 [k18 lr24:25 so:0]{ ia0 a2p0 re0 rm0 nos0 ru0 dp0}{long-int fixed}[r0x100D r0x100E r0x100F r0x1010 ] = iTemp1 [k4 lr4:43 so:0]{ ia0 a2p0 re1 rm0 nos0 ru0 dp0}{long-int fixed}{ sir@ __mullong_b_1_1}[r0x1004 r0x1005 r0x1006 r0x1007 ] << 0x10 {const-unsigned-int literal}
004D   5800           00209         MOVAR   r0x1006
004E   5600           00210         MOVRA   r0x1010
004F   5800           00211         MOVAR   r0x1007
0050   5600           00212         MOVRA   r0x100F
0051   7600           00213         CLRR    r0x100E
0052   7600           00214         CLRR    r0x100D
                      00215 ;;[ICODE] ../libsdcc/_mullong.c:43:     iTemp2 [k6 lr5:44 so:0]{ ia0 a2p0 re1 rm0 nos0 ru0 dp0}{long-int fixed}{ sir@ __mullong_result_1_2}[r0x1008 r0x1009 r0x100A r0x100B ] = iTemp2 [k6 lr5:44 so:0]{ ia0 a2p0 re1 rm0 nos0 ru0 dp0}{long-int fixed}{ sir@ __mullong_result_1_2}[r0x1008 r0x1009 r0x100A r0x100B ] + iTemp12 [k18 lr24:25 so:0]{ ia0 a2p0 re0 rm0 nos0 ru0 dp0}{long-int fixed}[r0x100D r0x100E r0x100F r0x1010 ]
0053   3C00           00216         MOVAI   0x00
0054   7E00           00217         ADDRA   r0x1008
0055   3C00           00218         MOVAI   0x00
0056   F187           00219         JBCLR   STATUS,0
0057   6000           00220         JZAR    r0x100E
0058   7E00           00221         ADDRA   r0x1009
0059   5800           00222         MOVAR   r0x100F
005A   F187           00223         JBCLR   STATUS,0
005B   6000           00224         JZAR    r0x100F
005C   7E00           00225         ADDRA   r0x100A
005D   5800           00226         MOVAR   r0x1010
005E   F187           00227         JBCLR   STATUS,0
005F   6000           00228         JZAR    r0x1010
0060   7E00           00229         ADDRA   r0x100B
                      00230 ;;[ICODE] ../libsdcc/_mullong.c:44:  _andif_2($11) :
                      00231 ;;[ICODE] ../libsdcc/_mullong.c:44:     iTemp14 [k20 lr28:29 so:0]{ ia0 a2p0 re0 rm0 nos0 ru0 dp0}{unsigned-long-int register}[r0x100D r0x100E r0x100F r0x1010 ] = (unsigned-long-int register)iTemp0 [k2 lr3:43 so:0]{ ia0 a2p0 re1 rm0 nos0 ru0 dp0}{long-int fixed}{ sir@ __mullong_a_1_1}[r0x1000 r0x1001 r0x1002 r0x1003 ]
0061                  00232 _00115_DS_
                      00233 ;       .line   44; "../libsdcc/_mullong.c"     if (sizeof (a) > 3 && (a & 0x01000000ul)) result += (b << 24u);
0061   5800           00234         MOVAR   r0x1003
0062   5600           00235         MOVRA   r0x100D
0063   5800           00236         MOVAR   r0x1002
0064   5600           00237         MOVRA   r0x100E
0065   5800           00238         MOVAR   r0x1001
0066   5600           00239         MOVRA   r0x100F
0067   5800           00240         MOVAR   r0x1000
0068   5600           00241         MOVRA   r0x1010
                      00242 ;;[ICODE] ../libsdcc/_mullong.c:44:     iTemp15 [k21 lr29:30 so:0]{ ia0 a2p0 re0 rm0 nos0 ru0 dp0}{unsigned-long-int register} = iTemp14 [k20 lr28:29 so:0]{ ia0 a2p0 re0 rm0 nos0 ru0 dp0}{unsigned-long-int register}[r0x100D r0x100E r0x100F r0x1010 ] & 0x1000000 {const-unsigned-long-int literal}
0069   E000           00243         JBSET   r0x1010,0
006A   A000           00244         GOTO    _00114_DS_
                      00245 ;;[ICODE] ../libsdcc/_mullong.c:44:     if iTemp15 [k21 lr29:30 so:0]{ ia0 a2p0 re0 rm0 nos0 ru0 dp0}{unsigned-long-int register} == 0 goto _iffalse_3($10)
                      00246 ;;[ICODE] ../libsdcc/_mullong.c:44:     iTemp16 [k22 lr31:32 so:0]{ ia0 a2p0 re0 rm0 nos0 ru0 dp0}{long-int fixed}[r0x100D r0x100E r0x100F r0x1010 ] = iTemp1 [k4 lr4:43 so:0]{ ia0 a2p0 re1 rm0 nos0 ru0 dp0}{long-int fixed}{ sir@ __mullong_b_1_1}[r0x1004 r0x1005 r0x1006 r0x1007 ] << 0x18 {const-unsigned-int literal}
006B   5800           00247         MOVAR   r0x1007
006C   5600           00248         MOVRA   r0x1010
006D   7600           00249         CLRR    r0x100F
006E   7600           00250         CLRR    r0x100E
006F   7600           00251         CLRR    r0x100D
                      00252 ;;[ICODE] ../libsdcc/_mullong.c:44:     iTemp2 [k6 lr5:44 so:0]{ ia0 a2p0 re1 rm0 nos0 ru0 dp0}{long-int fixed}{ sir@ __mullong_result_1_2}[r0x1008 r0x1009 r0x100A r0x100B ] = iTemp2 [k6 lr5:44 so:0]{ ia0 a2p0 re1 rm0 nos0 ru0 dp0}{long-int fixed}{ sir@ __mullong_result_1_2}[r0x1008 r0x1009 r0x100A r0x100B ] + iTemp16 [k22 lr31:32 so:0]{ ia0 a2p0 re0 rm0 nos0 ru0 dp0}{long-int fixed}[r0x100D r0x100E r0x100F r0x1010 ]
0070   3C00           00253         MOVAI   0x00
0071   7E00           00254         ADDRA   r0x1008
0072   3C00           00255         MOVAI   0x00
0073   F187           00256         JBCLR   STATUS,0
0074   6000           00257         JZAR    r0x100E
0075   7E00           00258         ADDRA   r0x1009
0076   5800           00259         MOVAR   r0x100F
0077   F187           00260         JBCLR   STATUS,0
0078   6000           00261         JZAR    r0x100F
0079   7E00           00262         ADDRA   r0x100A
007A   5800           00263         MOVAR   r0x1010
007B   F187           00264         JBCLR   STATUS,0
007C   6000           00265         JZAR    r0x1010
007D   7E00           00266         ADDRA   r0x100B
                      00267 ;;[ICODE] ../libsdcc/_mullong.c:44:  _iffalse_3($10) :
                      00268 ;;[ICODE] ../libsdcc/_mullong.c:45:     iTemp18 [k24 lr35:36 so:0]{ ia0 a2p0 re0 rm0 nos0 ru0 dp0}{unsigned-long-int fixed}[r0x100D r0x100E r0x100F r0x1010 ] = (unsigned-long-int fixed)iTemp0 [k2 lr3:43 so:0]{ ia0 a2p0 re1 rm0 nos0 ru0 dp0}{long-int fixed}{ sir@ __mullong_a_1_1}[r0x1000 r0x1001 r0x1002 r0x1003 ]
007E                  00269 _00114_DS_
                      00270 ;       .line   45; "../libsdcc/_mullong.c"     a = ((unsigned long)a) >> 1u;
007E   5800           00271         MOVAR   r0x1003
007F   5600           00272         MOVRA   r0x100D
0080   5800           00273         MOVAR   r0x1002
0081   5600           00274         MOVRA   r0x100E
0082   5800           00275         MOVAR   r0x1001
0083   5600           00276         MOVRA   r0x100F
0084   5800           00277         MOVAR   r0x1000
0085   5600           00278         MOVRA   r0x1010
                      00279 ;;[ICODE] ../libsdcc/_mullong.c:45:     iTemp0 [k2 lr3:43 so:0]{ ia0 a2p0 re1 rm0 nos0 ru0 dp0}{long-int fixed}{ sir@ __mullong_a_1_1}[r0x1000 r0x1001 r0x1002 r0x1003 ] = iTemp18 [k24 lr35:36 so:0]{ ia0 a2p0 re0 rm0 nos0 ru0 dp0}{unsigned-long-int fixed}[r0x100D r0x100E r0x100F r0x1010 ] >> 0x1 {const-unsigned-int literal}
                      00280 ;;shiftRight_Left2ResultLit:5278: shCount=1, size=4, sign=0, same=0, offr=0
0086   D187           00281         BCLR    STATUS,0
0087   4C00           00282         RRAR    r0x1010
0088   5600           00283         MOVRA   r0x1000
0089   4C00           00284         RRAR    r0x100F
008A   5600           00285         MOVRA   r0x1001
008B   4C00           00286         RRAR    r0x100E
008C   5600           00287         MOVRA   r0x1002
008D   4C00           00288         RRAR    r0x100D
008E   5600           00289         MOVRA   r0x1003
                      00290 ;;[ICODE] ../libsdcc/_mullong.c:46:     iTemp1 [k4 lr4:43 so:0]{ ia0 a2p0 re1 rm0 nos0 ru0 dp0}{long-int fixed}{ sir@ __mullong_b_1_1}[r0x1004 r0x1005 r0x1006 r0x1007 ] = iTemp1 [k4 lr4:43 so:0]{ ia0 a2p0 re1 rm0 nos0 ru0 dp0}{long-int fixed}{ sir@ __mullong_b_1_1}[r0x1004 r0x1005 r0x1006 r0x1007 ] << 0x1 {const-unsigned-int literal}
                      00291 ;       .line   46; "../libsdcc/_mullong.c"     b <<= 1u;
008F   D187           00292         BCLR    STATUS,0
0090   5200           00293         RLR     r0x1007
0091   5200           00294         RLR     r0x1006
0092   5200           00295         RLR     r0x1005
0093   5200           00296         RLR     r0x1004
                      00297 ;;[ICODE] ../libsdcc/_mullong.c:46:     iTemp21 [k27 lr40:41 so:0]{ ia0 a2p0 re0 rm0 nos0 ru0 dp0}{char register}[r0x100D ] = (char register)iTemp3 [k8 lr6:43 so:0]{ ia0 a2p0 re1 rm0 nos0 ru0 dp0}{unsigned-char fixed}{ sir@ __mullong_i_1_2}[r0x100C ]
0094   5800           00298         MOVAR   r0x100C
0095   5600           00299         MOVRA   r0x100D
                      00300 ;;[ICODE] ../libsdcc/_mullong.c:46:     iTemp3 [k8 lr6:43 so:0]{ ia0 a2p0 re1 rm0 nos0 ru0 dp0}{unsigned-char fixed}{ sir@ __mullong_i_1_2}[r0x100C ] = iTemp21 [k27 lr40:41 so:0]{ ia0 a2p0 re0 rm0 nos0 ru0 dp0}{char register}[r0x100D ] - 0x1 {const-char literal}
0096   6C00           00301         DECAR   r0x100D
0097   5600           00302         MOVRA   r0x100C
                      00303 ;;[ICODE] ../libsdcc/_mullong.c:39:     if iTemp3 [k8 lr6:43 so:0]{ ia0 a2p0 re1 rm0 nos0 ru0 dp0}{unsigned-char fixed}{ sir@ __mullong_i_1_2}[r0x100C ] != 0 goto _forcontinue_0($14)
                      00304 ;       .line   39; "../libsdcc/_mullong.c"     for (i = 0; i < 8u; i++) {
0098   3C00           00305         MOVAI   0x00
0099   5C00           00306         ORAR    r0x100C
009A   E587           00307         JBSET   STATUS,2
009B   A000           00308         GOTO    _00118_DS_
                      00309 ;;[ICODE] ../libsdcc/_mullong.c:49:     ret iTemp2 [k6 lr5:44 so:0]{ ia0 a2p0 re1 rm0 nos0 ru0 dp0}{long-int fixed}{ sir@ __mullong_result_1_2}[r0x1008 r0x1009 r0x100A r0x100B ]
                      00310 ;       .line   49; "../libsdcc/_mullong.c"     return result;
009C   5800           00311         MOVAR   r0x1008
009D   5600           00312         MOVRA   STK02
009E   5800           00313         MOVAR   r0x1009
009F   5600           00314         MOVRA   STK01
00A0   5800           00315         MOVAR   r0x100A
00A1   5600           00316         MOVRA   STK00
00A2   5800           00317         MOVAR   r0x100B
                      00318 ;;[ICODE] ../libsdcc/_mullong.c:49:  _return($15) :
                      00319 ;;[ICODE] ../libsdcc/_mullong.c:49:     eproc __mullong [k1 lr0:0 so:0]{ ia0 a2p0 re0 rm0 nos0 ru0 dp0}{long-int function ( long-int fixed, long-int fixed) fixed}
00A3   000C           00320         RETURN  
                      00321 ; exit point of __mullong
                      00322 
                      00323 
                      00324 ;       code size estimation:
                      00325 ;         164+    0 =   164 instructions (  328 byte)
                      00326 
                      00327         end
gpasm-1.9.3 (Mar 21 2017)    _mullong.asm       2017-3-21  16:52:44          PAGE  2


SYMBOL TABLE
  LABEL                             VALUE

ADCR0                             000001B0
ADCR1                             000001B1
ADCR2                             000001B2
ADRH                              000001B4
ADRL                              000001B6
ADRM                              000001B5
FSR                               00000184
FSR0                              00000184
FSR1                              00000185
HIBYTE                            00000183
INDF                              00000180
INDF0                             00000180
INDF1                             00000181
INDF2                             00000182
INDF3                             00000189
INTE                              0000018A
INTF                              0000018B
IOP0                              00000190
IOP1                              00000194
IOP2                              00000198
IOP3                              0000019C
LCDCR0                            000001B8
LCDCR1                            000001B9
LCDDS10                           000001C8
LCDDS11                           000001C9
LCDDS12                           000001CA
LCDDS13                           000001CB
LCDDS2                            000001C0
LCDDS3                            000001C1
LCDDS4                            000001C2
LCDDS5                            000001C3
LCDDS6                            000001C4
LCDDS7                            000001C5
LCDDS8                            000001C6
LCDDS9                            000001C7
LCDIOS1                           000001BA
LCDIOS2                           000001BB
LVDCR                             000001AF
LXTCR                             000001A8
MCR                               00000188
OEP0                              00000191
OEP1                              00000195
OEP2                              00000199
OEP3                              0000019D
OSCM                              000001AE
PCL                               00000186
PFLAG                             00000187
PUMP                              000001AD
PUP0                              00000192
PUP1                              00000196
PUP2                              0000019A
PUP3                              0000019E
STATUS                            00000187
STK00                             00000000
STK01                             00000000
STK02                             00000000
STK03                             00000000
STK04                             00000000
STK05                             00000000
STK06                             00000000
T0CNT                             000001A1
T0CR                              000001A0
T0DATA                            000001A3
T0LOAD                            000001A2
T1CNT                             000001A5
T1CR                              000001A4
T1DATA                            000001A7
T1LOAD                            000001A6
TPSC                              000001B3
_00109_DS_                        00000025
_00112_DS_                        00000043
_00114_DS_                        0000007E
_00115_DS_                        00000061
_00118_DS_                        00000015
_CONFIG0                          00008000
_CONFIG1                          00008001
__7212                            00000001
__mullong                         00000000
r0x1000                           00000003
r0x1001                           00000002
r0x1002                           00000001
r0x1003                           00000000
r0x1004                           00000007
r0x1005                           00000006
r0x1006                           00000005
r0x1007                           00000004
r0x1008                           00000008
r0x1009                           00000009
r0x100A                           0000000A
r0x100B                           0000000B
r0x100C                           0000000C
r0x100D                           0000000D
r0x100E                           0000000E
r0x100F                           0000000F
r0x1010                           00000010
ADC_T                             TPSC,7
ADEN                              ADCR0,7
ADIE                              INTE,6
ADIF                              INTF,6
BEN                               LCDCR1,4
BUZ0OE                            T0CR,5
BUZ1OE                            T1CR,5
C                                 PFLAG,0
CHOP_EN                           ADCR0,6
CHP_VPP                           PUMP,2
CLKS                              OSCM,2
CPCKS                             PUMP,5
DC                                PFLAG,1
ERV                               PUMP,7
FILS                              LXTCR,3
GIE                               MCR,7
HFEN                              OSCM,0
HIRCOUTEN                         OSCM,3
INT0IE                            INTE,2
INT0IF                            INTF,2
INT1IE                            INTE,3
INT1IF                            INTF,3
LCDCKS                            LCDCR1,2
LCDEN                             LCDCR0,7
LCDM                              LCDCR1,3
LCDSPEED                          LCDCR0,2
LDOLPEN                           LXTCR,6
LFEN                              OSCM,1
LVDEN                             LVDCR,7
LVDF                              LVDCR,0
P00D                              IOP0,0
P00OE                             OEP0,0
P00PU                             PUP0,0
P01D                              IOP0,1
P01OE                             OEP0,1
P01PU                             PUP0,1
P02D                              IOP0,2
P02OE                             OEP0,2
P02PU                             PUP0,2
P03D                              IOP0,3
P03OE                             OEP0,3
P03PU                             PUP0,3
P04D                              IOP0,4
P04OE                             OEP0,4
P04PU                             PUP0,4
P05D                              IOP0,5
P05OE                             OEP0,5
P05PU                             PUP0,5
P06D                              IOP0,6
P06OE                             OEP0,6
P06PU                             PUP0,6
P07D                              IOP0,7
P07OE                             OEP0,7
P07PU                             PUP0,7
P10D                              IOP1,0
P10OE                             OEP1,0
P10PU                             PUP1,0
P11D                              IOP1,1
P11OE                             OEP1,1
P11PU                             PUP1,1
P12D                              IOP1,2
P12OE                             OEP1,2
P12PU                             PUP1,2
P13D                              IOP1,3
P13OE                             OEP1,3
P13PU                             PUP1,3
P14D                              IOP1,4
P14OE                             OEP1,4
P14PU                             PUP1,4
P15D                              IOP1,5
P15OE                             OEP1,5
P15PU                             PUP1,5
P20D                              IOP2,0
P20OE                             OEP2,0
P20PU                             PUP2,0
P21D                              IOP2,1
P21OE                             OEP2,1
P21PU                             PUP2,1
P22D                              IOP2,2
P22OE                             OEP2,2
P22PU                             PUP2,2
P23D                              IOP2,3
P23OE                             OEP2,3
P23PU                             PUP2,3
P24D                              IOP2,4
P24OE                             OEP2,4
P24PU                             PUP2,4
P25D                              IOP2,5
P25OE                             OEP2,5
P25PU                             PUP2,5
P26D                              IOP2,6
P26OE                             OEP2,6
P26PU                             PUP2,6
P27D                              IOP2,7
P27OE                             OEP2,7
P27PU                             PUP2,7
P30D                              IOP3,0
P30OE                             OEP3,0
P30PU                             PUP3,0
P31D                              IOP3,1
P31OE                             OEP3,1
P31PU                             PUP3,1
P32D                              IOP3,2
P32OE                             OEP3,2
P32PU                             PUP3,2
P33D                              IOP3,3
P33OE                             OEP3,3
P33PU                             PUP3,3
PD                                MCR,4
PGA_EN                            ADCR0,5
PGMTIME                           PUMP,3
PT_TS                             TPSC,2
PUMPEN                            PUMP,6
PWM0OE                            T0CR,6
PWM1OE                            T1CR,6
RSEL                              LXTCR,5
STBH                              OSCM,4
STBL                              OSCM,5
T0IE                              INTE,0
T0IF                              INTF,0
T1IE                              INTE,1
T1IF                              INTF,1
T2IE                              INTE,5
T2IF                              INTF,5
T3IE                              INTE,7
T3IF                              INTF,7
TC0EN                             T0CR,7
TC1EN                             T1CR,7
TO                                MCR,5
T_ADC_IN_RNB                      ADCR2,7
T_PGA_OUT_ENB                     ADCR2,6
VBGEN                             TPSC,3
VBGSEL                            LVDCR,2
VCP_CAL                           PUMP,4
VDLSEL                            LXTCR,4
VLDOEN                            TPSC,4
VLDOSL0                           TPSC,6
VLDOSL1                           TPSC,5
VREF_ICTL                         ADCR0,4
Z                                 PFLAG,2

Errors   :     0
Warnings :     0 reported,     0 suppressed
Messages :     1 reported,     0 suppressed

