gpasm-1.9.3 (Mar 21 2017)    fs2schar.asm       2017-3-21  16:52:42          PAGE  1


LOC  OBJECT CODE     LINE SOURCE TEXT
  VALUE

                      00001 ;--------------------------------------------------------
                      00002 ; File Created by SN-SDCC : ANSI-C Compiler
                      00003 ; Version 0.0.4 (Nov 23 2015) (Linux)
                      00004 ; This file was generated Tue Mar 21 16:52:42 2017
                      00005 ;--------------------------------------------------------
                      00006 ; MC3X port for the RISC core
                      00007 ;--------------------------------------------------------
                      00008 ;       .file   "../libsdcc/fs2schar.c"
                      00009         list    p=7212
                      00010         radix dec
                      00011         include "7212.inc"
                      00001                 LIST
                      00002 ;mc32p7212.inc    Standard Header File, Version 1.00 by Sinomcu
Message[301]: Processor-header file mismatch.  Verify selected processor.
                      00344                 LIST
                      00012 ;--------------------------------------------------------
                      00013 ; external declarations
                      00014 ;--------------------------------------------------------
                      00015         extern  ___uchar2fs
                      00016         extern  ___schar2fs
                      00017         extern  ___uint2fs
                      00018         extern  ___sint2fs
                      00019         extern  ___ulong2fs
                      00020         extern  ___slong2fs
                      00021         extern  ___fs2uchar
                      00022         extern  ___fs2uint
                      00023         extern  ___fs2sint
                      00024         extern  ___fs2ulong
                      00025         extern  ___fs2slong
                      00026         extern  ___fsadd
                      00027         extern  ___fssub
                      00028         extern  ___fsmul
                      00029         extern  ___fsdiv
                      00030         extern  ___fslt
                      00031         extern  ___fseq
                      00032         extern  ___fsneq
                      00033         extern  ___fsgt
                      00034 
                      00035         extern STK06
                      00036         extern STK05
                      00037         extern STK04
                      00038         extern STK03
                      00039         extern STK02
                      00040         extern STK01
                      00041         extern STK00
                      00042 ;--------------------------------------------------------
                      00043 ; global declarations
                      00044 ;--------------------------------------------------------
                      00045         global  ___fs2schar
                      00046 
                      00047 ;--------------------------------------------------------
                      00048 ; global definitions
                      00049 ;--------------------------------------------------------
                      00050 ;--------------------------------------------------------
                      00051 ; absolute symbol definitions
                      00052 ;--------------------------------------------------------
                      00053 ;--------------------------------------------------------
                      00054 ; compiler-defined variables
                      00055 ;--------------------------------------------------------
                      00056 UDL_fs2schar_0  udata
0000                  00057 r0x1003 res     1
0000                  00058 r0x1002 res     1
0001                  00059 r0x1001 res     1
0001                  00060 r0x1000 res     1
                      00061 ;--------------------------------------------------------
                      00062 ; initialized data
                      00063 ;--------------------------------------------------------
                      00064 ;--------------------------------------------------------
                      00065 ; overlayable items in internal ram 
                      00066 ;--------------------------------------------------------
                      00067 ;       udata_ovr
                      00068 ;--------------------------------------------------------
                      00069 ; code
                      00070 ;--------------------------------------------------------
                      00071 code_fs2schar   code
                      00072 ;***
                      00073 ;  pBlock Stats: dbName = C
                      00074 ;***
                      00075 ;entry:  ___fs2schar    ;Function start
                      00076 ; 2 exit points
                      00077 ;has an exit
                      00078 ;functions called:
                      00079 ;   ___fs2slong
                      00080 ;   ___fs2slong
                      00081 ;8 compiler assigned registers:
                      00082 ;   r0x1000
                      00083 ;   STK00
                      00084 ;   r0x1001
                      00085 ;   STK01
                      00086 ;   r0x1002
                      00087 ;   STK02
                      00088 ;   r0x1003
                      00089 ;   r0x1004
                      00090 ;; Starting pCode block
                      00091 ;;[ICODE] ../libsdcc/fs2schar.c:33:  _entry($6) :
                      00092 ;;[ICODE] ../libsdcc/fs2schar.c:33:     proc ___fs2schar [k1 lr0:0 so:0]{ ia0 a2p0 re0 rm0 nos0 ru0 dp0}{char function ( float fixed) fixed}
0000                  00093 ___fs2schar     ;Function start
                      00094 ; 2 exit points
                      00095 ;;[ICODE] ../libsdcc/fs2schar.c:33: iTemp0 [k2 lr3:4 so:0]{ ia0 a2p0 re1 rm0 nos0 ru1 dp0}{float fixed}{ sir@ ___fs2schar_f_1_21}[r0x1000 r0x1001 r0x1002 r0x1003 ] = recv ___fs2schar [k1 lr0:0 so:0]{ ia0 a2p0 re0 rm0 nos0 ru0 dp0}{char function ( float fixed) fixed}
                      00096 ;       .line   33; "../libsdcc/fs2schar.c"     signed char __fs2schar (float f) _FS_REENTRANT
0000   5600           00097         MOVRA   r0x1000
0001   5800           00098         MOVAR   STK00
0002   5600           00099         MOVRA   r0x1001
0003   5800           00100         MOVAR   STK01
0004   5600           00101         MOVRA   r0x1002
0005   5800           00102         MOVAR   STK02
0006   5600           00103         MOVRA   r0x1003
                      00104 ;;[ICODE] ../libsdcc/fs2schar.c:35:     send iTemp0 [k2 lr3:4 so:0]{ ia0 a2p0 re1 rm0 nos0 ru1 dp0}{float fixed}{ sir@ ___fs2schar_f_1_21}[r0x1000 r0x1001 r0x1002 r0x1003 ]{argreg = 1}
                      00105 ;;[ICODE] ../libsdcc/fs2schar.c:35:     iTemp1 [k4 lr5:15 so:0]{ ia0 a2p0 re1 rm0 nos0 ru0 dp0}{long-int fixed}{ sir@ ___fs2schar_sl_1_22}[r0x1000 r0x1001 r0x1002 r0x1003 ] = call ___fs2slong [k6 lr0:0 so:0]{ ia0 a2p0 re0 rm0 nos0 ru0 dp0}{long-int function ( float fixed) fixed}
                      00106 ;       .line   35; "../libsdcc/fs2schar.c"     signed long sl=__fs2slong(f);
0007   5800           00107         MOVAR   r0x1003
0008   5600           00108         MOVRA   STK02
0009   5800           00109         MOVAR   r0x1002
000A   5600           00110         MOVRA   STK01
000B   5800           00111         MOVAR   r0x1001
000C   5600           00112         MOVRA   STK00
000D   5800           00113         MOVAR   r0x1000
000E   8000           00114         CALL    ___fs2slong
000F   5600           00115         MOVRA   r0x1000
0010   5800           00116         MOVAR   STK00
0011   5600           00117         MOVRA   r0x1001
0012   5800           00118         MOVAR   STK01
0013   5600           00119         MOVRA   r0x1002
0014   5800           00120         MOVAR   STK02
0015   5600           00121         MOVRA   r0x1003
                      00122 ;;[ICODE] ../libsdcc/fs2schar.c:36:     iTemp3 [k9 lr7:8 so:0]{ ia0 a2p0 re0 rm0 nos0 ru0 dp0}{char fixed} = iTemp1 [k4 lr5:15 so:0]{ ia0 a2p0 re1 rm0 nos0 ru0 dp0}{long-int fixed}{ sir@ ___fs2schar_sl_1_22}[r0x1000 r0x1001 r0x1002 r0x1003 ] < 0x7f {long-int literal}
                      00123 ;;signed compare: left < lit(0x7F=127), size=4, mask=ffffffff
                      00124 ;       .line   36; "../libsdcc/fs2schar.c"     if (sl>=SCHAR_MAX)
0016   5800           00125         MOVAR   r0x1000
0017   3F80           00126         ADDAI   0x80
0018   3F80           00127         ADDAI   0x80
0019   E587           00128         JBSET   STATUS,2
001A   A000           00129         GOTO    _00115_DS_
001B   3C00           00130         MOVAI   0x00
001C   4800           00131         RSUBAR  r0x1001
001D   E587           00132         JBSET   STATUS,2
001E   A000           00133         GOTO    _00115_DS_
001F   3C00           00134         MOVAI   0x00
0020   4800           00135         RSUBAR  r0x1002
0021   E587           00136         JBSET   STATUS,2
0022   A000           00137         GOTO    _00115_DS_
0023   3C7F           00138         MOVAI   0x7f
0024   4800           00139         RSUBAR  r0x1003
0025                  00140 _00115_DS_
0025   E187           00141         JBSET   STATUS,0
0026   A000           00142         GOTO    _00106_DS_
                      00143 ;;genSkipc:3246: created from rifx:0xbfef73e0
                      00144 ;;[ICODE] ../libsdcc/fs2schar.c:36:     if iTemp3 [k9 lr7:8 so:0]{ ia0 a2p0 re0 rm0 nos0 ru0 dp0}{char fixed} != 0 goto _iffalse_0($2)
                      00145 ;;[ICODE] ../libsdcc/fs2schar.c:37:     ret 0x7f {const-unsigned-char literal}
                      00146 ;       .line   37; "../libsdcc/fs2schar.c"     return SCHAR_MAX;
0027   3C7F           00147         MOVAI   0x7f
0028   A000           00148         GOTO    _00109_DS_
                      00149 ;;[ICODE] ../libsdcc/fs2schar.c:37:  _iffalse_0($2) :
                      00150 ;;[ICODE] ../libsdcc/fs2schar.c:38:     iTemp4 [k10 lr11:12 so:0]{ ia0 a2p0 re0 rm0 nos0 ru0 dp0}{char fixed} = iTemp1 [k4 lr5:15 so:0]{ ia0 a2p0 re1 rm0 nos0 ru0 dp0}{long-int fixed}{ sir@ ___fs2schar_sl_1_22}[r0x1000 r0x1001 r0x1002 r0x1003 ] > 0xffffff80 {long-int literal}
                      00151 ;;swapping arguments (AOP_TYPEs 1/2)
                      00152 ;;signed compare: left >= lit(0xFFFFFF81=-127), size=4, mask=ffffffff
0029                  00153 _00106_DS_
                      00154 ;       .line   38; "../libsdcc/fs2schar.c"     if (sl<=SCHAR_MIN)
0029   5800           00155         MOVAR   r0x1000
002A   3F80           00156         ADDAI   0x80
002B   3F81           00157         ADDAI   0x81
002C   E587           00158         JBSET   STATUS,2
002D   A000           00159         GOTO    _00116_DS_
002E   3CFF           00160         MOVAI   0xff
002F   4800           00161         RSUBAR  r0x1001
0030   E587           00162         JBSET   STATUS,2
0031   A000           00163         GOTO    _00116_DS_
0032   3CFF           00164         MOVAI   0xff
0033   4800           00165         RSUBAR  r0x1002
0034   E587           00166         JBSET   STATUS,2
0035   A000           00167         GOTO    _00116_DS_
0036   3C81           00168         MOVAI   0x81
0037   4800           00169         RSUBAR  r0x1003
0038                  00170 _00116_DS_
0038   F187           00171         JBCLR   STATUS,0
0039   A000           00172         GOTO    _00108_DS_
                      00173 ;;genSkipc:3246: created from rifx:0xbfef73e0
                      00174 ;;[ICODE] ../libsdcc/fs2schar.c:38:     if iTemp4 [k10 lr11:12 so:0]{ ia0 a2p0 re0 rm0 nos0 ru0 dp0}{char fixed} != 0 goto _iffalse_1($4)
                      00175 ;;[ICODE] ../libsdcc/fs2schar.c:39:     ret 0x80 {const-unsigned-char literal}
                      00176 ;       .line   39; "../libsdcc/fs2schar.c"     return -SCHAR_MIN;
003A   3C80           00177         MOVAI   0x80
003B   A000           00178         GOTO    _00109_DS_
                      00179 ;;[ICODE] ../libsdcc/fs2schar.c:39:  _iffalse_1($4) :
                      00180 ;;[ICODE] ../libsdcc/fs2schar.c:40:     iTemp5 [k11 lr15:16 so:0]{ ia0 a2p0 re0 rm0 nos0 ru1 dp0}{char fixed}[r0x1004 ] = (char fixed)iTemp1 [k4 lr5:15 so:0]{ ia0 a2p0 re1 rm0 nos0 ru0 dp0}{long-int fixed}{ sir@ ___fs2schar_sl_1_22}[r0x1000 r0x1001 r0x1002 r0x1003 ]
                      00181 ;;101   MOVAR   r0x1003
                      00182 ;;99    MOVRA   r0x1004
                      00183 ;;[ICODE] ../libsdcc/fs2schar.c:40:     ret iTemp5 [k11 lr15:16 so:0]{ ia0 a2p0 re0 rm0 nos0 ru1 dp0}{char fixed}[r0x1004 ]
                      00184 ;;100   MOVAR   r0x1004
003C                  00185 _00108_DS_
                      00186 ;       .line   40; "../libsdcc/fs2schar.c"     return sl;
003C   5800           00187         MOVAR   r0x1003
                      00188 ;;[ICODE] ../libsdcc/fs2schar.c:40:  _return($5) :
                      00189 ;;[ICODE] ../libsdcc/fs2schar.c:40:     eproc ___fs2schar [k1 lr0:0 so:0]{ ia0 a2p0 re0 rm0 nos0 ru0 dp0}{char function ( float fixed) fixed}
003D                  00190 _00109_DS_
003D   000C           00191         RETURN  
                      00192 ; exit point of ___fs2schar
                      00193 
                      00194 
                      00195 ;       code size estimation:
                      00196 ;          62+    0 =    62 instructions (  124 byte)
                      00197 
                      00198         end
gpasm-1.9.3 (Mar 21 2017)    fs2schar.asm       2017-3-21  16:52:42          PAGE  2


SYMBOL TABLE
  LABEL                             VALUE

ADCR0                             000001B0
ADCR1                             000001B1
ADCR2                             000001B2
ADRH                              000001B4
ADRL                              000001B6
ADRM                              000001B5
FSR                               00000184
FSR0                              00000184
FSR1                              00000185
HIBYTE                            00000183
INDF                              00000180
INDF0                             00000180
INDF1                             00000181
INDF2                             00000182
INDF3                             00000189
INTE                              0000018A
INTF                              0000018B
IOP0                              00000190
IOP1                              00000194
IOP2                              00000198
IOP3                              0000019C
LCDCR0                            000001B8
LCDCR1                            000001B9
LCDDS10                           000001C8
LCDDS11                           000001C9
LCDDS12                           000001CA
LCDDS13                           000001CB
LCDDS2                            000001C0
LCDDS3                            000001C1
LCDDS4                            000001C2
LCDDS5                            000001C3
LCDDS6                            000001C4
LCDDS7                            000001C5
LCDDS8                            000001C6
LCDDS9                            000001C7
LCDIOS1                           000001BA
LCDIOS2                           000001BB
LVDCR                             000001AF
LXTCR                             000001A8
MCR                               00000188
OEP0                              00000191
OEP1                              00000195
OEP2                              00000199
OEP3                              0000019D
OSCM                              000001AE
PCL                               00000186
PFLAG                             00000187
PUMP                              000001AD
PUP0                              00000192
PUP1                              00000196
PUP2                              0000019A
PUP3                              0000019E
STATUS                            00000187
STK00                             00000000
STK01                             00000000
STK02                             00000000
STK03                             00000000
STK04                             00000000
STK05                             00000000
STK06                             00000000
T0CNT                             000001A1
T0CR                              000001A0
T0DATA                            000001A3
T0LOAD                            000001A2
T1CNT                             000001A5
T1CR                              000001A4
T1DATA                            000001A7
T1LOAD                            000001A6
TPSC                              000001B3
_00106_DS_                        00000029
_00108_DS_                        0000003C
_00109_DS_                        0000003D
_00115_DS_                        00000025
_00116_DS_                        00000038
_CONFIG0                          00008000
_CONFIG1                          00008001
__7212                            00000001
___fs2schar                       00000000
___fs2sint                        00000000
___fs2slong                       00000000
___fs2uchar                       00000000
___fs2uint                        00000000
___fs2ulong                       00000000
___fsadd                          00000000
___fsdiv                          00000000
___fseq                           00000000
___fsgt                           00000000
___fslt                           00000000
___fsmul                          00000000
___fsneq                          00000000
___fssub                          00000000
___schar2fs                       00000000
___sint2fs                        00000000
___slong2fs                       00000000
___uchar2fs                       00000000
___uint2fs                        00000000
___ulong2fs                       00000000
r0x1000                           00000003
r0x1001                           00000002
r0x1002                           00000001
r0x1003                           00000000
ADC_T                             TPSC,7
ADEN                              ADCR0,7
ADIE                              INTE,6
ADIF                              INTF,6
BEN                               LCDCR1,4
BUZ0OE                            T0CR,5
BUZ1OE                            T1CR,5
C                                 PFLAG,0
CHOP_EN                           ADCR0,6
CHP_VPP                           PUMP,2
CLKS                              OSCM,2
CPCKS                             PUMP,5
DC                                PFLAG,1
ERV                               PUMP,7
FILS                              LXTCR,3
GIE                               MCR,7
HFEN                              OSCM,0
HIRCOUTEN                         OSCM,3
INT0IE                            INTE,2
INT0IF                            INTF,2
INT1IE                            INTE,3
INT1IF                            INTF,3
LCDCKS                            LCDCR1,2
LCDEN                             LCDCR0,7
LCDM                              LCDCR1,3
LCDSPEED                          LCDCR0,2
LDOLPEN                           LXTCR,6
LFEN                              OSCM,1
LVDEN                             LVDCR,7
LVDF                              LVDCR,0
P00D                              IOP0,0
P00OE                             OEP0,0
P00PU                             PUP0,0
P01D                              IOP0,1
P01OE                             OEP0,1
P01PU                             PUP0,1
P02D                              IOP0,2
P02OE                             OEP0,2
P02PU                             PUP0,2
P03D                              IOP0,3
P03OE                             OEP0,3
P03PU                             PUP0,3
P04D                              IOP0,4
P04OE                             OEP0,4
P04PU                             PUP0,4
P05D                              IOP0,5
P05OE                             OEP0,5
P05PU                             PUP0,5
P06D                              IOP0,6
P06OE                             OEP0,6
P06PU                             PUP0,6
P07D                              IOP0,7
P07OE                             OEP0,7
P07PU                             PUP0,7
P10D                              IOP1,0
P10OE                             OEP1,0
P10PU                             PUP1,0
P11D                              IOP1,1
P11OE                             OEP1,1
P11PU                             PUP1,1
P12D                              IOP1,2
P12OE                             OEP1,2
P12PU                             PUP1,2
P13D                              IOP1,3
P13OE                             OEP1,3
P13PU                             PUP1,3
P14D                              IOP1,4
P14OE                             OEP1,4
P14PU                             PUP1,4
P15D                              IOP1,5
P15OE                             OEP1,5
P15PU                             PUP1,5
P20D                              IOP2,0
P20OE                             OEP2,0
P20PU                             PUP2,0
P21D                              IOP2,1
P21OE                             OEP2,1
P21PU                             PUP2,1
P22D                              IOP2,2
P22OE                             OEP2,2
P22PU                             PUP2,2
P23D                              IOP2,3
P23OE                             OEP2,3
P23PU                             PUP2,3
P24D                              IOP2,4
P24OE                             OEP2,4
P24PU                             PUP2,4
P25D                              IOP2,5
P25OE                             OEP2,5
P25PU                             PUP2,5
P26D                              IOP2,6
P26OE                             OEP2,6
P26PU                             PUP2,6
P27D                              IOP2,7
P27OE                             OEP2,7
P27PU                             PUP2,7
P30D                              IOP3,0
P30OE                             OEP3,0
P30PU                             PUP3,0
P31D                              IOP3,1
P31OE                             OEP3,1
P31PU                             PUP3,1
P32D                              IOP3,2
P32OE                             OEP3,2
P32PU                             PUP3,2
P33D                              IOP3,3
P33OE                             OEP3,3
P33PU                             PUP3,3
PD                                MCR,4
PGA_EN                            ADCR0,5
PGMTIME                           PUMP,3
PT_TS                             TPSC,2
PUMPEN                            PUMP,6
PWM0OE                            T0CR,6
PWM1OE                            T1CR,6
RSEL                              LXTCR,5
STBH                              OSCM,4
STBL                              OSCM,5
T0IE                              INTE,0
T0IF                              INTF,0
T1IE                              INTE,1
T1IF                              INTF,1
T2IE                              INTE,5
T2IF                              INTF,5
T3IE                              INTE,7
T3IF                              INTF,7
TC0EN                             T0CR,7
TC1EN                             T1CR,7
TO                                MCR,5
T_ADC_IN_RNB                      ADCR2,7
T_PGA_OUT_ENB                     ADCR2,6
VBGEN                             TPSC,3
VBGSEL                            LVDCR,2
VCP_CAL                           PUMP,4
VDLSEL                            LXTCR,4
VLDOEN                            TPSC,4
VLDOSL0                           TPSC,6
VLDOSL1                           TPSC,5
VREF_ICTL                         ADCR0,4
Z                                 PFLAG,2

Errors   :     0
Warnings :     0 reported,     0 suppressed
Messages :     1 reported,     0 suppressed

