gpasm-1.9.3 (Mar 21 2017)    mc32p7212.asm      2017-3-21  16:52:42          PAGE  1


LOC  OBJECT CODE     LINE SOURCE TEXT
  VALUE

                      00001 ;--------------------------------------------------------
                      00002 ; File Created by SN-SDCC : ANSI-C Compiler
                      00003 ; Version 0.0.4 (Nov 23 2015) (Linux)
                      00004 ; This file was generated Tue Mar 21 16:52:42 2017
                      00005 ;--------------------------------------------------------
                      00006 ; MC3X port for the RISC core
                      00007 ;--------------------------------------------------------
                      00008 ;       .file   "mc32p7212.c"
                      00009         list    p=7212
                      00010         radix dec
                      00011         include "7212.inc"
                      00001                 LIST
                      00002 ;mc32p7212.inc    Standard Header File, Version 1.00 by Sinomcu
Message[301]: Processor-header file mismatch.  Verify selected processor.
                      00344                 LIST
                      00012 ;--------------------------------------------------------
                      00013 ; external declarations
                      00014 ;--------------------------------------------------------
                      00015 
                      00016         extern STK06
                      00017         extern STK05
                      00018         extern STK04
                      00019         extern STK03
                      00020         extern STK02
                      00021         extern STK01
                      00022         extern STK00
                      00023 ;--------------------------------------------------------
                      00024 ; global declarations
                      00025 ;--------------------------------------------------------
                      00026         global  _PFLAGbits
                      00027         global  _MCRbits
                      00028         global  _INTEbits
                      00029         global  _INTFbits
                      00030         global  _IOP0bits
                      00031         global  _OEP0bits
                      00032         global  _PUP0bits
                      00033         global  _IOP1bits
                      00034         global  _OEP1bits
                      00035         global  _PUP1bits
                      00036         global  _IOP2bits
                      00037         global  _OEP2bits
                      00038         global  _PUP2bits
                      00039         global  _IOP3bits
                      00040         global  _OEP3bits
                      00041         global  _PUP3bits
                      00042         global  _T0CRbits
                      00043         global  _T1CRbits
                      00044         global  _LXTCRbits
                      00045         global  _PUMPbits
                      00046         global  _OSCMbits
                      00047         global  _LVDCRbits
                      00048         global  _ADCR0bits
                      00049         global  _ADCR1bits
                      00050         global  _ADCR2bits
                      00051         global  _TPSCbits
                      00052         global  _LCDCR0bits
                      00053         global  _LCDCR1bits
                      00054         global  _LCDIOS2bits
                      00055         global  _LCDDS2bits
                      00056         global  _LCDDS3bits
                      00057         global  _LCDDS4bits
                      00058         global  _LCDDS5bits
                      00059         global  _LCDDS6bits
                      00060         global  _LCDDS7bits
                      00061         global  _LCDDS8bits
                      00062         global  _LCDDS9bits
                      00063         global  _LCDDS10bits
                      00064         global  _LCDDS11bits
                      00065         global  _LCDDS12bits
                      00066         global  _LCDDS13bits
                      00067         global  _INDF
                      00068         global  _INDF0
                      00069         global  _INDF1
                      00070         global  _INDF2
                      00071         global  _HIBYTE
                      00072         global  _FSR
                      00073         global  _FSR0
                      00074         global  _FSR1
                      00075         global  _PCL
                      00076         global  _STATUS
                      00077         global  _PFLAG
                      00078         global  _MCR
                      00079         global  _INDF3
                      00080         global  _INTE
                      00081         global  _INTF
                      00082         global  _IOP0
                      00083         global  _OEP0
                      00084         global  _PUP0
                      00085         global  _IOP1
                      00086         global  _OEP1
                      00087         global  _PUP1
                      00088         global  _IOP2
                      00089         global  _OEP2
                      00090         global  _PUP2
                      00091         global  _IOP3
                      00092         global  _OEP3
                      00093         global  _PUP3
                      00094         global  _T0CR
                      00095         global  _T0CNT
                      00096         global  _T0LOAD
                      00097         global  _T0DATA
                      00098         global  _T1CR
                      00099         global  _T1CNT
                      00100         global  _T1LOAD
                      00101         global  _T1DATA
                      00102         global  _LXTCR
                      00103         global  _PUMP
                      00104         global  _OSCM
                      00105         global  _LVDCR
                      00106         global  _ADCR0
                      00107         global  _ADCR1
                      00108         global  _ADCR2
                      00109         global  _TPSC
                      00110         global  _ADRH
                      00111         global  _ADRM
                      00112         global  _ADRL
                      00113         global  _LCDCR0
                      00114         global  _LCDCR1
                      00115         global  _LCDIOS1
                      00116         global  _LCDIOS2
                      00117         global  _LCDDS2
                      00118         global  _LCDDS3
                      00119         global  _LCDDS4
                      00120         global  _LCDDS5
                      00121         global  _LCDDS6
                      00122         global  _LCDDS7
                      00123         global  _LCDDS8
                      00124         global  _LCDDS9
                      00125         global  _LCDDS10
                      00126         global  _LCDDS11
                      00127         global  _LCDDS12
                      00128         global  _LCDDS13
                      00129 
                      00130 ;--------------------------------------------------------
                      00131 ; global definitions
                      00132 ;--------------------------------------------------------
                      00133 ;--------------------------------------------------------
                      00134 ; absolute symbol definitions
                      00135 ;--------------------------------------------------------
                      00136 UD_abs_mc32p7212_180    udata_ovr       0x0180
00C0                  00137 _INDF
00C0                  00138 _INDF0
00C0                  00139         res     1
                      00140 UD_abs_mc32p7212_181    udata_ovr       0x0181
00C0                  00141 _INDF1
00C0                  00142         res     1
                      00143 UD_abs_mc32p7212_182    udata_ovr       0x0182
00C1                  00144 _INDF2
00C1                  00145         res     1
                      00146 UD_abs_mc32p7212_183    udata_ovr       0x0183
00C1                  00147 _HIBYTE
00C1                  00148         res     1
                      00149 UD_abs_mc32p7212_184    udata_ovr       0x0184
00C2                  00150 _FSR
00C2                  00151 _FSR0
00C2                  00152         res     1
                      00153 UD_abs_mc32p7212_185    udata_ovr       0x0185
00C2                  00154 _FSR1
00C2                  00155         res     1
                      00156 UD_abs_mc32p7212_186    udata_ovr       0x0186
00C3                  00157 _PCL
00C3                  00158         res     1
                      00159 UD_abs_mc32p7212_187    udata_ovr       0x0187
00C3                  00160 _PFLAGbits
00C3                  00161 _STATUS
00C3                  00162 _PFLAG
00C3                  00163         res     1
                      00164 UD_abs_mc32p7212_188    udata_ovr       0x0188
00C4                  00165 _MCRbits
00C4                  00166 _MCR
00C4                  00167         res     1
                      00168 UD_abs_mc32p7212_189    udata_ovr       0x0189
00C4                  00169 _INDF3
00C4                  00170         res     1
                      00171 UD_abs_mc32p7212_18a    udata_ovr       0x018a
00C5                  00172 _INTEbits
00C5                  00173 _INTE
00C5                  00174         res     1
                      00175 UD_abs_mc32p7212_18b    udata_ovr       0x018b
00C5                  00176 _INTFbits
00C5                  00177 _INTF
00C5                  00178         res     1
                      00179 UD_abs_mc32p7212_190    udata_ovr       0x0190
00C8                  00180 _IOP0bits
00C8                  00181 _IOP0
00C8                  00182         res     1
                      00183 UD_abs_mc32p7212_191    udata_ovr       0x0191
00C8                  00184 _OEP0bits
00C8                  00185 _OEP0
00C8                  00186         res     1
                      00187 UD_abs_mc32p7212_192    udata_ovr       0x0192
00C9                  00188 _PUP0bits
00C9                  00189 _PUP0
00C9                  00190         res     1
                      00191 UD_abs_mc32p7212_194    udata_ovr       0x0194
00CA                  00192 _IOP1bits
00CA                  00193 _IOP1
00CA                  00194         res     1
                      00195 UD_abs_mc32p7212_195    udata_ovr       0x0195
00CA                  00196 _OEP1bits
00CA                  00197 _OEP1
00CA                  00198         res     1
                      00199 UD_abs_mc32p7212_196    udata_ovr       0x0196
00CB                  00200 _PUP1bits
00CB                  00201 _PUP1
00CB                  00202         res     1
                      00203 UD_abs_mc32p7212_198    udata_ovr       0x0198
00CC                  00204 _IOP2bits
00CC                  00205 _IOP2
00CC                  00206         res     1
                      00207 UD_abs_mc32p7212_199    udata_ovr       0x0199
00CC                  00208 _OEP2bits
00CC                  00209 _OEP2
00CC                  00210         res     1
                      00211 UD_abs_mc32p7212_19a    udata_ovr       0x019a
00CD                  00212 _PUP2bits
00CD                  00213 _PUP2
00CD                  00214         res     1
                      00215 UD_abs_mc32p7212_19c    udata_ovr       0x019c
00CE                  00216 _IOP3bits
00CE                  00217 _IOP3
00CE                  00218         res     1
                      00219 UD_abs_mc32p7212_19d    udata_ovr       0x019d
00CE                  00220 _OEP3bits
00CE                  00221 _OEP3
00CE                  00222         res     1
                      00223 UD_abs_mc32p7212_19e    udata_ovr       0x019e
00CF                  00224 _PUP3bits
00CF                  00225 _PUP3
00CF                  00226         res     1
                      00227 UD_abs_mc32p7212_1a0    udata_ovr       0x01a0
00D0                  00228 _T0CRbits
00D0                  00229 _T0CR
00D0                  00230         res     1
                      00231 UD_abs_mc32p7212_1a1    udata_ovr       0x01a1
00D0                  00232 _T0CNT
00D0                  00233         res     1
                      00234 UD_abs_mc32p7212_1a2    udata_ovr       0x01a2
00D1                  00235 _T0LOAD
00D1                  00236         res     1
                      00237 UD_abs_mc32p7212_1a3    udata_ovr       0x01a3
00D1                  00238 _T0DATA
00D1                  00239         res     1
                      00240 UD_abs_mc32p7212_1a4    udata_ovr       0x01a4
00D2                  00241 _T1CRbits
00D2                  00242 _T1CR
00D2                  00243         res     1
                      00244 UD_abs_mc32p7212_1a5    udata_ovr       0x01a5
00D2                  00245 _T1CNT
00D2                  00246         res     1
                      00247 UD_abs_mc32p7212_1a6    udata_ovr       0x01a6
00D3                  00248 _T1LOAD
00D3                  00249         res     1
                      00250 UD_abs_mc32p7212_1a7    udata_ovr       0x01a7
00D3                  00251 _T1DATA
00D3                  00252         res     1
                      00253 UD_abs_mc32p7212_1a8    udata_ovr       0x01a8
00D4                  00254 _LXTCRbits
00D4                  00255 _LXTCR
00D4                  00256         res     1
                      00257 UD_abs_mc32p7212_1ad    udata_ovr       0x01ad
00D6                  00258 _PUMPbits
00D6                  00259 _PUMP
00D6                  00260         res     1
                      00261 UD_abs_mc32p7212_1ae    udata_ovr       0x01ae
00D7                  00262 _OSCMbits
00D7                  00263 _OSCM
00D7                  00264         res     1
                      00265 UD_abs_mc32p7212_1af    udata_ovr       0x01af
00D7                  00266 _LVDCRbits
00D7                  00267 _LVDCR
00D7                  00268         res     1
                      00269 UD_abs_mc32p7212_1b0    udata_ovr       0x01b0
00D8                  00270 _ADCR0bits
00D8                  00271 _ADCR0
00D8                  00272         res     1
                      00273 UD_abs_mc32p7212_1b1    udata_ovr       0x01b1
00D8                  00274 _ADCR1bits
00D8                  00275 _ADCR1
00D8                  00276         res     1
                      00277 UD_abs_mc32p7212_1b2    udata_ovr       0x01b2
00D9                  00278 _ADCR2bits
00D9                  00279 _ADCR2
00D9                  00280         res     1
                      00281 UD_abs_mc32p7212_1b3    udata_ovr       0x01b3
00D9                  00282 _TPSCbits
00D9                  00283 _TPSC
00D9                  00284         res     1
                      00285 UD_abs_mc32p7212_1b4    udata_ovr       0x01b4
00DA                  00286 _ADRH
00DA                  00287         res     1
                      00288 UD_abs_mc32p7212_1b5    udata_ovr       0x01b5
00DA                  00289 _ADRM
00DA                  00290         res     1
                      00291 UD_abs_mc32p7212_1b6    udata_ovr       0x01b6
00DB                  00292 _ADRL
00DB                  00293         res     1
                      00294 UD_abs_mc32p7212_1b8    udata_ovr       0x01b8
00DC                  00295 _LCDCR0bits
00DC                  00296 _LCDCR0
00DC                  00297         res     1
                      00298 UD_abs_mc32p7212_1b9    udata_ovr       0x01b9
00DC                  00299 _LCDCR1bits
00DC                  00300 _LCDCR1
00DC                  00301         res     1
                      00302 UD_abs_mc32p7212_1ba    udata_ovr       0x01ba
00DD                  00303 _LCDIOS1
00DD                  00304         res     1
                      00305 UD_abs_mc32p7212_1bb    udata_ovr       0x01bb
00DD                  00306 _LCDIOS2bits
00DD                  00307 _LCDIOS2
00DD                  00308         res     1
                      00309 UD_abs_mc32p7212_1c0    udata_ovr       0x01c0
00E0                  00310 _LCDDS2bits
00E0                  00311 _LCDDS2
00E0                  00312         res     1
                      00313 UD_abs_mc32p7212_1c1    udata_ovr       0x01c1
00E0                  00314 _LCDDS3bits
00E0                  00315 _LCDDS3
00E0                  00316         res     1
                      00317 UD_abs_mc32p7212_1c2    udata_ovr       0x01c2
00E1                  00318 _LCDDS4bits
00E1                  00319 _LCDDS4
00E1                  00320         res     1
                      00321 UD_abs_mc32p7212_1c3    udata_ovr       0x01c3
00E1                  00322 _LCDDS5bits
00E1                  00323 _LCDDS5
00E1                  00324         res     1
                      00325 UD_abs_mc32p7212_1c4    udata_ovr       0x01c4
00E2                  00326 _LCDDS6bits
00E2                  00327 _LCDDS6
00E2                  00328         res     1
                      00329 UD_abs_mc32p7212_1c5    udata_ovr       0x01c5
00E2                  00330 _LCDDS7bits
00E2                  00331 _LCDDS7
00E2                  00332         res     1
                      00333 UD_abs_mc32p7212_1c6    udata_ovr       0x01c6
00E3                  00334 _LCDDS8bits
00E3                  00335 _LCDDS8
00E3                  00336         res     1
                      00337 UD_abs_mc32p7212_1c7    udata_ovr       0x01c7
00E3                  00338 _LCDDS9bits
00E3                  00339 _LCDDS9
00E3                  00340         res     1
                      00341 UD_abs_mc32p7212_1c8    udata_ovr       0x01c8
00E4                  00342 _LCDDS10bits
00E4                  00343 _LCDDS10
00E4                  00344         res     1
                      00345 UD_abs_mc32p7212_1c9    udata_ovr       0x01c9
00E4                  00346 _LCDDS11bits
00E4                  00347 _LCDDS11
00E4                  00348         res     1
                      00349 UD_abs_mc32p7212_1ca    udata_ovr       0x01ca
00E5                  00350 _LCDDS12bits
00E5                  00351 _LCDDS12
00E5                  00352         res     1
                      00353 UD_abs_mc32p7212_1cb    udata_ovr       0x01cb
00E5                  00354 _LCDDS13bits
00E5                  00355 _LCDDS13
00E5                  00356         res     1
                      00357 ;--------------------------------------------------------
                      00358 ; compiler-defined variables
                      00359 ;--------------------------------------------------------
                      00360 ;--------------------------------------------------------
                      00361 ; initialized data
                      00362 ;--------------------------------------------------------
                      00363 ;--------------------------------------------------------
                      00364 ; overlayable items in internal ram 
                      00365 ;--------------------------------------------------------
                      00366 ;       udata_ovr
                      00367 ;--------------------------------------------------------
                      00368 ; code
                      00369 ;--------------------------------------------------------
                      00370 code_mc32p7212  code
                      00371 
                      00372 ;       code size estimation:
                      00373 ;           0+    0 =     0 instructions (    0 byte)
                      00374 
                      00375         end
gpasm-1.9.3 (Mar 21 2017)    mc32p7212.asm      2017-3-21  16:52:42          PAGE  2


SYMBOL TABLE
  LABEL                             VALUE

ADCR0                             000001B0
ADCR1                             000001B1
ADCR2                             000001B2
ADRH                              000001B4
ADRL                              000001B6
ADRM                              000001B5
FSR                               00000184
FSR0                              00000184
FSR1                              00000185
HIBYTE                            00000183
INDF                              00000180
INDF0                             00000180
INDF1                             00000181
INDF2                             00000182
INDF3                             00000189
INTE                              0000018A
INTF                              0000018B
IOP0                              00000190
IOP1                              00000194
IOP2                              00000198
IOP3                              0000019C
LCDCR0                            000001B8
LCDCR1                            000001B9
LCDDS10                           000001C8
LCDDS11                           000001C9
LCDDS12                           000001CA
LCDDS13                           000001CB
LCDDS2                            000001C0
LCDDS3                            000001C1
LCDDS4                            000001C2
LCDDS5                            000001C3
LCDDS6                            000001C4
LCDDS7                            000001C5
LCDDS8                            000001C6
LCDDS9                            000001C7
LCDIOS1                           000001BA
LCDIOS2                           000001BB
LVDCR                             000001AF
LXTCR                             000001A8
MCR                               00000188
OEP0                              00000191
OEP1                              00000195
OEP2                              00000199
OEP3                              0000019D
OSCM                              000001AE
PCL                               00000186
PFLAG                             00000187
PUMP                              000001AD
PUP0                              00000192
PUP1                              00000196
PUP2                              0000019A
PUP3                              0000019E
STATUS                            00000187
STK00                             00000000
STK01                             00000000
STK02                             00000000
STK03                             00000000
STK04                             00000000
STK05                             00000000
STK06                             00000000
T0CNT                             000001A1
T0CR                              000001A0
T0DATA                            000001A3
T0LOAD                            000001A2
T1CNT                             000001A5
T1CR                              000001A4
T1DATA                            000001A7
T1LOAD                            000001A6
TPSC                              000001B3
_ADCR0                            000001B0
_ADCR0bits                        000001B0
_ADCR1                            000001B1
_ADCR1bits                        000001B1
_ADCR2                            000001B2
_ADCR2bits                        000001B2
_ADRH                             000001B4
_ADRL                             000001B6
_ADRM                             000001B5
_CONFIG0                          00008000
_CONFIG1                          00008001
_FSR                              00000184
_FSR0                             00000184
_FSR1                             00000185
_HIBYTE                           00000183
_INDF                             00000180
_INDF0                            00000180
_INDF1                            00000181
_INDF2                            00000182
_INDF3                            00000189
_INTE                             0000018A
_INTEbits                         0000018A
_INTF                             0000018B
_INTFbits                         0000018B
_IOP0                             00000190
_IOP0bits                         00000190
_IOP1                             00000194
_IOP1bits                         00000194
_IOP2                             00000198
_IOP2bits                         00000198
_IOP3                             0000019C
_IOP3bits                         0000019C
_LCDCR0                           000001B8
_LCDCR0bits                       000001B8
_LCDCR1                           000001B9
_LCDCR1bits                       000001B9
_LCDDS10                          000001C8
_LCDDS10bits                      000001C8
_LCDDS11                          000001C9
_LCDDS11bits                      000001C9
_LCDDS12                          000001CA
_LCDDS12bits                      000001CA
_LCDDS13                          000001CB
_LCDDS13bits                      000001CB
_LCDDS2                           000001C0
_LCDDS2bits                       000001C0
_LCDDS3                           000001C1
_LCDDS3bits                       000001C1
_LCDDS4                           000001C2
_LCDDS4bits                       000001C2
_LCDDS5                           000001C3
_LCDDS5bits                       000001C3
_LCDDS6                           000001C4
_LCDDS6bits                       000001C4
_LCDDS7                           000001C5
_LCDDS7bits                       000001C5
_LCDDS8                           000001C6
_LCDDS8bits                       000001C6
_LCDDS9                           000001C7
_LCDDS9bits                       000001C7
_LCDIOS1                          000001BA
_LCDIOS2                          000001BB
_LCDIOS2bits                      000001BB
_LVDCR                            000001AF
_LVDCRbits                        000001AF
_LXTCR                            000001A8
_LXTCRbits                        000001A8
_MCR                              00000188
_MCRbits                          00000188
_OEP0                             00000191
_OEP0bits                         00000191
_OEP1                             00000195
_OEP1bits                         00000195
_OEP2                             00000199
_OEP2bits                         00000199
_OEP3                             0000019D
_OEP3bits                         0000019D
_OSCM                             000001AE
_OSCMbits                         000001AE
_PCL                              00000186
_PFLAG                            00000187
_PFLAGbits                        00000187
_PUMP                             000001AD
_PUMPbits                         000001AD
_PUP0                             00000192
_PUP0bits                         00000192
_PUP1                             00000196
_PUP1bits                         00000196
_PUP2                             0000019A
_PUP2bits                         0000019A
_PUP3                             0000019E
_PUP3bits                         0000019E
_STATUS                           00000187
_T0CNT                            000001A1
_T0CR                             000001A0
_T0CRbits                         000001A0
_T0DATA                           000001A3
_T0LOAD                           000001A2
_T1CNT                            000001A5
_T1CR                             000001A4
_T1CRbits                         000001A4
_T1DATA                           000001A7
_T1LOAD                           000001A6
_TPSC                             000001B3
_TPSCbits                         000001B3
__7212                            00000001
ADC_T                             TPSC,7
ADEN                              ADCR0,7
ADIE                              INTE,6
ADIF                              INTF,6
BEN                               LCDCR1,4
BUZ0OE                            T0CR,5
BUZ1OE                            T1CR,5
C                                 PFLAG,0
CHOP_EN                           ADCR0,6
CHP_VPP                           PUMP,2
CLKS                              OSCM,2
CPCKS                             PUMP,5
DC                                PFLAG,1
ERV                               PUMP,7
FILS                              LXTCR,3
GIE                               MCR,7
HFEN                              OSCM,0
HIRCOUTEN                         OSCM,3
INT0IE                            INTE,2
INT0IF                            INTF,2
INT1IE                            INTE,3
INT1IF                            INTF,3
LCDCKS                            LCDCR1,2
LCDEN                             LCDCR0,7
LCDM                              LCDCR1,3
LCDSPEED                          LCDCR0,2
LDOLPEN                           LXTCR,6
LFEN                              OSCM,1
LVDEN                             LVDCR,7
LVDF                              LVDCR,0
P00D                              IOP0,0
P00OE                             OEP0,0
P00PU                             PUP0,0
P01D                              IOP0,1
P01OE                             OEP0,1
P01PU                             PUP0,1
P02D                              IOP0,2
P02OE                             OEP0,2
P02PU                             PUP0,2
P03D                              IOP0,3
P03OE                             OEP0,3
P03PU                             PUP0,3
P04D                              IOP0,4
P04OE                             OEP0,4
P04PU                             PUP0,4
P05D                              IOP0,5
P05OE                             OEP0,5
P05PU                             PUP0,5
P06D                              IOP0,6
P06OE                             OEP0,6
P06PU                             PUP0,6
P07D                              IOP0,7
P07OE                             OEP0,7
P07PU                             PUP0,7
P10D                              IOP1,0
P10OE                             OEP1,0
P10PU                             PUP1,0
P11D                              IOP1,1
P11OE                             OEP1,1
P11PU                             PUP1,1
P12D                              IOP1,2
P12OE                             OEP1,2
P12PU                             PUP1,2
P13D                              IOP1,3
P13OE                             OEP1,3
P13PU                             PUP1,3
P14D                              IOP1,4
P14OE                             OEP1,4
P14PU                             PUP1,4
P15D                              IOP1,5
P15OE                             OEP1,5
P15PU                             PUP1,5
P20D                              IOP2,0
P20OE                             OEP2,0
P20PU                             PUP2,0
P21D                              IOP2,1
P21OE                             OEP2,1
P21PU                             PUP2,1
P22D                              IOP2,2
P22OE                             OEP2,2
P22PU                             PUP2,2
P23D                              IOP2,3
P23OE                             OEP2,3
P23PU                             PUP2,3
P24D                              IOP2,4
P24OE                             OEP2,4
P24PU                             PUP2,4
P25D                              IOP2,5
P25OE                             OEP2,5
P25PU                             PUP2,5
P26D                              IOP2,6
P26OE                             OEP2,6
P26PU                             PUP2,6
P27D                              IOP2,7
P27OE                             OEP2,7
P27PU                             PUP2,7
P30D                              IOP3,0
P30OE                             OEP3,0
P30PU                             PUP3,0
P31D                              IOP3,1
P31OE                             OEP3,1
P31PU                             PUP3,1
P32D                              IOP3,2
P32OE                             OEP3,2
P32PU                             PUP3,2
P33D                              IOP3,3
P33OE                             OEP3,3
P33PU                             PUP3,3
PD                                MCR,4
PGA_EN                            ADCR0,5
PGMTIME                           PUMP,3
PT_TS                             TPSC,2
PUMPEN                            PUMP,6
PWM0OE                            T0CR,6
PWM1OE                            T1CR,6
RSEL                              LXTCR,5
STBH                              OSCM,4
STBL                              OSCM,5
T0IE                              INTE,0
T0IF                              INTF,0
T1IE                              INTE,1
T1IF                              INTF,1
T2IE                              INTE,5
T2IF                              INTF,5
T3IE                              INTE,7
T3IF                              INTF,7
TC0EN                             T0CR,7
TC1EN                             T1CR,7
TO                                MCR,5
T_ADC_IN_RNB                      ADCR2,7
T_PGA_OUT_ENB                     ADCR2,6
VBGEN                             TPSC,3
VBGSEL                            LVDCR,2
VCP_CAL                           PUMP,4
VDLSEL                            LXTCR,4
VLDOEN                            TPSC,4
VLDOSL0                           TPSC,6
VLDOSL1                           TPSC,5
VREF_ICTL                         ADCR0,4
Z                                 PFLAG,2

Errors   :     0
Warnings :     0 reported,     0 suppressed
Messages :     1 reported,     0 suppressed

