gpasm-1.9.3 (Mar 21 2017)    schar2fs.asm       2017-3-21  16:52:44          PAGE  1


LOC  OBJECT CODE     LINE SOURCE TEXT
  VALUE

                      00001 ;--------------------------------------------------------
                      00002 ; File Created by SN-SDCC : ANSI-C Compiler
                      00003 ; Version 0.0.4 (Nov 23 2015) (Linux)
                      00004 ; This file was generated Tue Mar 21 16:52:44 2017
                      00005 ;--------------------------------------------------------
                      00006 ; MC3X port for the RISC core
                      00007 ;--------------------------------------------------------
                      00008 ;       .file   "../libsdcc/schar2fs.c"
                      00009         list    p=7212
                      00010         radix dec
                      00011         include "7212.inc"
                      00001                 LIST
                      00002 ;mc32p7212.inc    Standard Header File, Version 1.00 by Sinomcu
Message[301]: Processor-header file mismatch.  Verify selected processor.
                      00344                 LIST
                      00012 ;--------------------------------------------------------
                      00013 ; external declarations
                      00014 ;--------------------------------------------------------
                      00015         extern  ___uchar2fs
                      00016         extern  ___uint2fs
                      00017         extern  ___sint2fs
                      00018         extern  ___ulong2fs
                      00019         extern  ___slong2fs
                      00020         extern  ___fs2uchar
                      00021         extern  ___fs2schar
                      00022         extern  ___fs2uint
                      00023         extern  ___fs2sint
                      00024         extern  ___fs2ulong
                      00025         extern  ___fs2slong
                      00026         extern  ___fsadd
                      00027         extern  ___fssub
                      00028         extern  ___fsmul
                      00029         extern  ___fsdiv
                      00030         extern  ___fslt
                      00031         extern  ___fseq
                      00032         extern  ___fsneq
                      00033         extern  ___fsgt
                      00034 
                      00035         extern STK06
                      00036         extern STK05
                      00037         extern STK04
                      00038         extern STK03
                      00039         extern STK02
                      00040         extern STK01
                      00041         extern STK00
                      00042 ;--------------------------------------------------------
                      00043 ; global declarations
                      00044 ;--------------------------------------------------------
                      00045         global  ___schar2fs
                      00046 
                      00047 ;--------------------------------------------------------
                      00048 ; global definitions
                      00049 ;--------------------------------------------------------
                      00050 ;--------------------------------------------------------
                      00051 ; absolute symbol definitions
                      00052 ;--------------------------------------------------------
                      00053 ;--------------------------------------------------------
                      00054 ; compiler-defined variables
                      00055 ;--------------------------------------------------------
                      00056 UDL_schar2fs_0  udata
0000                  00057 r0x1000 res     1
0000                  00058 r0x1001 res     1
0001                  00059 r0x1004 res     1
0001                  00060 r0x1003 res     1
0002                  00061 r0x1002 res     1
                      00062 ;--------------------------------------------------------
                      00063 ; initialized data
                      00064 ;--------------------------------------------------------
                      00065 ;--------------------------------------------------------
                      00066 ; overlayable items in internal ram 
                      00067 ;--------------------------------------------------------
                      00068 ;       udata_ovr
                      00069 ;--------------------------------------------------------
                      00070 ; code
                      00071 ;--------------------------------------------------------
                      00072 code_schar2fs   code
                      00073 ;***
                      00074 ;  pBlock Stats: dbName = C
                      00075 ;***
                      00076 ;entry:  ___schar2fs    ;Function start
                      00077 ; 2 exit points
                      00078 ;has an exit
                      00079 ;functions called:
                      00080 ;   ___slong2fs
                      00081 ;   ___slong2fs
                      00082 ;8 compiler assigned registers:
                      00083 ;   r0x1000
                      00084 ;   r0x1001
                      00085 ;   r0x1002
                      00086 ;   r0x1003
                      00087 ;   r0x1004
                      00088 ;   STK02
                      00089 ;   STK01
                      00090 ;   STK00
                      00091 ;; Starting pCode block
                      00092 ;;[ICODE] ../libsdcc/schar2fs.c:33:  _entry($2) :
                      00093 ;;[ICODE] ../libsdcc/schar2fs.c:33:     proc ___schar2fs [k1 lr0:0 so:0]{ ia0 a2p0 re0 rm0 nos0 ru0 dp0}{float function ( char fixed) fixed}
0000                  00094 ___schar2fs     ;Function start
                      00095 ; 2 exit points
                      00096 ;;[ICODE] ../libsdcc/schar2fs.c:33: iTemp0 [k2 lr3:4 so:0]{ ia0 a2p0 re1 rm0 nos0 ru0 dp0}{char fixed}{ sir@ ___schar2fs_sc_1_21}[r0x1000 ] = recv ___schar2fs [k1 lr0:0 so:0]{ ia0 a2p0 re0 rm0 nos0 ru0 dp0}{float function ( char fixed) fixed}
0000   5600           00097         MOVRA   r0x1001
                      00098 ;       .line   33; "../libsdcc/schar2fs.c"     float __schar2fs (signed char sc) _FS_REENTRANT
0001   5600           00099         MOVRA   r0x1000
                      00100 ;;[ICODE] ../libsdcc/schar2fs.c:35:     iTemp1 [k5 lr4:5 so:0]{ ia0 a2p0 re0 rm0 nos0 ru1 dp0}{long-int fixed}[r0x1001 r0x1002 r0x1003 r0x1004 ] = (long-int fixed)iTemp0 [k2 lr3:4 so:0]{ ia0 a2p0 re1 rm0 nos0 ru0 dp0}{char fixed}{ sir@ ___schar2fs_sc_1_21}[r0x1000 ]
                      00101 ;;99    MOVAR   r0x1000
                      00102 ;       .line   35; "../libsdcc/schar2fs.c"     return __slong2fs(sc);
0002   3C00           00103         MOVAI   0x00
0003   FE00           00104         JBCLR   r0x1001,7
0004   3CFF           00105         MOVAI   0xff
0005   5600           00106         MOVRA   r0x1002
0006   5600           00107         MOVRA   r0x1003
0007   5600           00108         MOVRA   r0x1004
                      00109 ;;[ICODE] ../libsdcc/schar2fs.c:35:     send iTemp1 [k5 lr4:5 so:0]{ ia0 a2p0 re0 rm0 nos0 ru1 dp0}{long-int fixed}[r0x1001 r0x1002 r0x1003 r0x1004 ]{argreg = 1}
                      00110 ;;[ICODE] ../libsdcc/schar2fs.c:35:     iTemp2 [k7 lr6:7 so:0]{ ia0 a2p0 re0 rm0 nos0 ru1 dp0}{float fixed}[r0x1000 r0x1001 r0x1002 r0x1003 ] = call ___slong2fs [k4 lr0:0 so:0]{ ia0 a2p0 re0 rm0 nos0 ru0 dp0}{float function ( long-int fixed) fixed}
0008   5800           00111         MOVAR   r0x1001
0009   5600           00112         MOVRA   STK02
000A   5800           00113         MOVAR   r0x1004
000B   5600           00114         MOVRA   STK01
000C   5800           00115         MOVAR   r0x1003
000D   5600           00116         MOVRA   STK00
000E   5800           00117         MOVAR   r0x1002
000F   8000           00118         CALL    ___slong2fs
0010   5600           00119         MOVRA   r0x1003
0011   5800           00120         MOVAR   STK00
0012   5600           00121         MOVRA   r0x1004
0013   5800           00122         MOVAR   STK01
0014   5600           00123         MOVRA   r0x1001
0015   5800           00124         MOVAR   STK02
0016   5600           00125         MOVRA   r0x1000
                      00126 ;;[ICODE] ../libsdcc/schar2fs.c:35:     ret iTemp2 [k7 lr6:7 so:0]{ ia0 a2p0 re0 rm0 nos0 ru1 dp0}{float fixed}[r0x1000 r0x1001 r0x1002 r0x1003 ]
0017   5800           00127         MOVAR   r0x1000
0018   5600           00128         MOVRA   STK02
0019   5800           00129         MOVAR   r0x1001
001A   5600           00130         MOVRA   STK01
001B   5800           00131         MOVAR   r0x1004
001C   5600           00132         MOVRA   STK00
001D   5800           00133         MOVAR   r0x1003
                      00134 ;;[ICODE] ../libsdcc/schar2fs.c:35:  _return($1) :
                      00135 ;;[ICODE] ../libsdcc/schar2fs.c:35:     eproc ___schar2fs [k1 lr0:0 so:0]{ ia0 a2p0 re0 rm0 nos0 ru0 dp0}{float function ( char fixed) fixed}
001E   000C           00136         RETURN  
                      00137 ; exit point of ___schar2fs
                      00138 
                      00139 
                      00140 ;       code size estimation:
                      00141 ;          31+    0 =    31 instructions (   62 byte)
                      00142 
                      00143         end
gpasm-1.9.3 (Mar 21 2017)    schar2fs.asm       2017-3-21  16:52:44          PAGE  2


SYMBOL TABLE
  LABEL                             VALUE

ADCR0                             000001B0
ADCR1                             000001B1
ADCR2                             000001B2
ADRH                              000001B4
ADRL                              000001B6
ADRM                              000001B5
FSR                               00000184
FSR0                              00000184
FSR1                              00000185
HIBYTE                            00000183
INDF                              00000180
INDF0                             00000180
INDF1                             00000181
INDF2                             00000182
INDF3                             00000189
INTE                              0000018A
INTF                              0000018B
IOP0                              00000190
IOP1                              00000194
IOP2                              00000198
IOP3                              0000019C
LCDCR0                            000001B8
LCDCR1                            000001B9
LCDDS10                           000001C8
LCDDS11                           000001C9
LCDDS12                           000001CA
LCDDS13                           000001CB
LCDDS2                            000001C0
LCDDS3                            000001C1
LCDDS4                            000001C2
LCDDS5                            000001C3
LCDDS6                            000001C4
LCDDS7                            000001C5
LCDDS8                            000001C6
LCDDS9                            000001C7
LCDIOS1                           000001BA
LCDIOS2                           000001BB
LVDCR                             000001AF
LXTCR                             000001A8
MCR                               00000188
OEP0                              00000191
OEP1                              00000195
OEP2                              00000199
OEP3                              0000019D
OSCM                              000001AE
PCL                               00000186
PFLAG                             00000187
PUMP                              000001AD
PUP0                              00000192
PUP1                              00000196
PUP2                              0000019A
PUP3                              0000019E
STATUS                            00000187
STK00                             00000000
STK01                             00000000
STK02                             00000000
STK03                             00000000
STK04                             00000000
STK05                             00000000
STK06                             00000000
T0CNT                             000001A1
T0CR                              000001A0
T0DATA                            000001A3
T0LOAD                            000001A2
T1CNT                             000001A5
T1CR                              000001A4
T1DATA                            000001A7
T1LOAD                            000001A6
TPSC                              000001B3
_CONFIG0                          00008000
_CONFIG1                          00008001
__7212                            00000001
___fs2schar                       00000000
___fs2sint                        00000000
___fs2slong                       00000000
___fs2uchar                       00000000
___fs2uint                        00000000
___fs2ulong                       00000000
___fsadd                          00000000
___fsdiv                          00000000
___fseq                           00000000
___fsgt                           00000000
___fslt                           00000000
___fsmul                          00000000
___fsneq                          00000000
___fssub                          00000000
___schar2fs                       00000000
___sint2fs                        00000000
___slong2fs                       00000000
___uchar2fs                       00000000
___uint2fs                        00000000
___ulong2fs                       00000000
r0x1000                           00000000
r0x1001                           00000001
r0x1002                           00000004
r0x1003                           00000003
r0x1004                           00000002
ADC_T                             TPSC,7
ADEN                              ADCR0,7
ADIE                              INTE,6
ADIF                              INTF,6
BEN                               LCDCR1,4
BUZ0OE                            T0CR,5
BUZ1OE                            T1CR,5
C                                 PFLAG,0
CHOP_EN                           ADCR0,6
CHP_VPP                           PUMP,2
CLKS                              OSCM,2
CPCKS                             PUMP,5
DC                                PFLAG,1
ERV                               PUMP,7
FILS                              LXTCR,3
GIE                               MCR,7
HFEN                              OSCM,0
HIRCOUTEN                         OSCM,3
INT0IE                            INTE,2
INT0IF                            INTF,2
INT1IE                            INTE,3
INT1IF                            INTF,3
LCDCKS                            LCDCR1,2
LCDEN                             LCDCR0,7
LCDM                              LCDCR1,3
LCDSPEED                          LCDCR0,2
LDOLPEN                           LXTCR,6
LFEN                              OSCM,1
LVDEN                             LVDCR,7
LVDF                              LVDCR,0
P00D                              IOP0,0
P00OE                             OEP0,0
P00PU                             PUP0,0
P01D                              IOP0,1
P01OE                             OEP0,1
P01PU                             PUP0,1
P02D                              IOP0,2
P02OE                             OEP0,2
P02PU                             PUP0,2
P03D                              IOP0,3
P03OE                             OEP0,3
P03PU                             PUP0,3
P04D                              IOP0,4
P04OE                             OEP0,4
P04PU                             PUP0,4
P05D                              IOP0,5
P05OE                             OEP0,5
P05PU                             PUP0,5
P06D                              IOP0,6
P06OE                             OEP0,6
P06PU                             PUP0,6
P07D                              IOP0,7
P07OE                             OEP0,7
P07PU                             PUP0,7
P10D                              IOP1,0
P10OE                             OEP1,0
P10PU                             PUP1,0
P11D                              IOP1,1
P11OE                             OEP1,1
P11PU                             PUP1,1
P12D                              IOP1,2
P12OE                             OEP1,2
P12PU                             PUP1,2
P13D                              IOP1,3
P13OE                             OEP1,3
P13PU                             PUP1,3
P14D                              IOP1,4
P14OE                             OEP1,4
P14PU                             PUP1,4
P15D                              IOP1,5
P15OE                             OEP1,5
P15PU                             PUP1,5
P20D                              IOP2,0
P20OE                             OEP2,0
P20PU                             PUP2,0
P21D                              IOP2,1
P21OE                             OEP2,1
P21PU                             PUP2,1
P22D                              IOP2,2
P22OE                             OEP2,2
P22PU                             PUP2,2
P23D                              IOP2,3
P23OE                             OEP2,3
P23PU                             PUP2,3
P24D                              IOP2,4
P24OE                             OEP2,4
P24PU                             PUP2,4
P25D                              IOP2,5
P25OE                             OEP2,5
P25PU                             PUP2,5
P26D                              IOP2,6
P26OE                             OEP2,6
P26PU                             PUP2,6
P27D                              IOP2,7
P27OE                             OEP2,7
P27PU                             PUP2,7
P30D                              IOP3,0
P30OE                             OEP3,0
P30PU                             PUP3,0
P31D                              IOP3,1
P31OE                             OEP3,1
P31PU                             PUP3,1
P32D                              IOP3,2
P32OE                             OEP3,2
P32PU                             PUP3,2
P33D                              IOP3,3
P33OE                             OEP3,3
P33PU                             PUP3,3
PD                                MCR,4
PGA_EN                            ADCR0,5
PGMTIME                           PUMP,3
PT_TS                             TPSC,2
PUMPEN                            PUMP,6
PWM0OE                            T0CR,6
PWM1OE                            T1CR,6
RSEL                              LXTCR,5
STBH                              OSCM,4
STBL                              OSCM,5
T0IE                              INTE,0
T0IF                              INTF,0
T1IE                              INTE,1
T1IF                              INTF,1
T2IE                              INTE,5
T2IF                              INTF,5
T3IE                              INTE,7
T3IF                              INTF,7
TC0EN                             T0CR,7
TC1EN                             T1CR,7
TO                                MCR,5
T_ADC_IN_RNB                      ADCR2,7
T_PGA_OUT_ENB                     ADCR2,6
VBGEN                             TPSC,3
VBGSEL                            LVDCR,2
VCP_CAL                           PUMP,4
VDLSEL                            LXTCR,4
VLDOEN                            TPSC,4
VLDOSL0                           TPSC,6
VLDOSL1                           TPSC,5
VREF_ICTL                         ADCR0,4
Z                                 PFLAG,2

Errors   :     0
Warnings :     0 reported,     0 suppressed
Messages :     1 reported,     0 suppressed

