gpasm-2.0.0_beta2 (Nov  6 2017)_moduchar.asm      2017-11-14  18:38:42         PAGE  1


LOC  OBJECT CODE     LINE SOURCE TEXT
  VALUE

                      00001 ;--------------------------------------------------------
                      00002 ; File Created by SN-SDCC : SinoMCU ANSI-C Compiler
                      00003 ; Version 1.0.0 (Sep 28 2017) (MINGW32)
                      00004 ; This file was generated Tue Nov 14 18:38:42 2017
                      00005 ;--------------------------------------------------------
                      00006 ; MC35 port for the RISC core
                      00007 ;--------------------------------------------------------
                      00008 ;       .file   "../libsdcc_mc35/_moduchar.c"
                      00009         list    p=2K7041
                      00010         radix dec
                      00011         include "2K7041.inc"
                      00001                 LIST
                      00002 ;mc35p7041.inc    Standard Header File, Version 1.00 by Sinomcu
                      00076                 LIST
                      00012 ;--------------------------------------------------------
                      00013 ; external declarations
                      00014 ;--------------------------------------------------------
                      00015 
                      00016         extern STK06
                      00017         extern STK05
                      00018         extern STK04
                      00019         extern STK03
                      00020         extern STK02
                      00021         extern STK01
                      00022         extern STK00
                      00023 ;--------------------------------------------------------
                      00024 ; global declarations
                      00025 ;--------------------------------------------------------
                      00026         global  __moduchar
                      00027 
                      00028 ;--------------------------------------------------------
                      00029 ; global definitions
                      00030 ;--------------------------------------------------------
                      00031 ;--------------------------------------------------------
                      00032 ; absolute symbol definitions
                      00033 ;--------------------------------------------------------
                      00034 ;--------------------------------------------------------
                      00035 ; compiler-defined variables
                      00036 ;--------------------------------------------------------
                      00037 UDL__moduchar_0 udata
0000                  00038 r0x1000 res     1
0000                  00039 r0x1001 res     1
0001                  00040 r0x1002 res     1
0001                  00041 r0x1003 res     1
                      00042 ;--------------------------------------------------------
                      00043 ; initialized data
                      00044 ;--------------------------------------------------------
                      00045 
                      00046 ;@Allocation info for local variables in function '_moduchar'
                      00047 ;@_moduchar b                         Allocated to registers r0x1001 ;size:1
                      00048 ;@_moduchar a                         Allocated to registers r0x1000 ;size:1
                      00049 ;@_moduchar count                     Allocated to registers r0x1002 ;size:1
                      00050 ;@end Allocation info for local variables in function '_moduchar';
                      00051 
                      00052 ;--------------------------------------------------------
                      00053 ; overlayable items in internal ram 
                      00054 ;--------------------------------------------------------
                      00055 ;       udata_ovr
                      00056 ;--------------------------------------------------------
                      00057 ; code
                      00058 ;--------------------------------------------------------
                      00059 code__moduchar  code
                      00060 ;***
                      00061 ;  pBlock Stats: dbName = C
                      00062 ;***
                      00063 ;entry:  __moduchar     ;Function start
                      00064 ; 2 exit points
                      00065 ;has an exit
                      00066 ;8 compiler assigned registers:
                      00067 ;   r0x1000
                      00068 ;   STK00
                      00069 ;   r0x1001
                      00070 ;   r0x1002
                      00071 ;   r0x1003
                      00072 ;   r0x1004
                      00073 ;   r0x1005
                      00074 ;   r0x1006
                      00075 ;; Starting pCode block
                      00076 ;;[ICODE] ../libsdcc_mc35/_moduchar.c:30:  _entry($12) :
                      00077 ;;[ICODE] ../libsdcc_mc35/_moduchar.c:30:       proc __moduchar [k1 lr0:0 so:0]{ ia0 a2p0 re0 rm0 nos0 ru0 dp0}{unsigned-char function ( unsigned-char fixed, unsigned-char fixed) fixed}
0000                  00078 __moduchar      ;Function start
                      00079 ; 2 exit points
                      00080 ;;[ICODE] ../libsdcc_mc35/_moduchar.c:30: iTemp0 [k2 lr3:33 so:0]{ ia0 a2p0 re1 rm0 nos0 ru0 dp0}{unsigned-char fixed}{ sir@ __moduchar_a_1_1}[r0x1000 ] = recv __moduchar [k1 lr0:0 so:0]{ ia0 a2p0 re0 rm0 nos0 ru0 dp0}{unsigned-char function ( unsigned-char fixed, unsigned-char fixed) fixed}
                      00081 ;       .line   30; "../libsdcc_mc35/_moduchar.c"       _moduchar (unsigned char a, unsigned char b)
0000   1F00           00082         MOVRA   r0x1000
                      00083 ;;[ICODE] ../libsdcc_mc35/_moduchar.c:30: iTemp1 [k4 lr4:31 so:0]{ ia0 a2p0 re1 rm0 nos0 ru0 dp0}{unsigned-char fixed}{ sir@ __moduchar_b_1_1}[r0x1001 ] = recv __moduchar [k1 lr0:0 so:0]{ ia0 a2p0 re0 rm0 nos0 ru0 dp0}{unsigned-char function ( unsigned-char fixed, unsigned-char fixed) fixed}
0001   1E00           00084         MOVAR   STK00
0002   1F00           00085         MOVRA   r0x1001
                      00086 ;;[ICODE] ../libsdcc_mc35/_moduchar.c:35:       if iTemp1 [k4 lr4:31 so:0]{ ia0 a2p0 re1 rm0 nos0 ru0 dp0}{unsigned-char fixed}{ sir@ __moduchar_b_1_1}[r0x1001 ] != 0 goto preHeaderLbl0($15)
                      00087 ;       .line   35; "../libsdcc_mc35/_moduchar.c"       if (!b) return (unsigned char)-1;
0003   2D00           00088         MOVAI   0x00
0004   1800           00089         ORAR    r0x1001
0005   5A86           00090         JBSET   STATUS,2
0006   8000           00091         GOTO    _00119_DS_
                      00092 ;;[ICODE] ../libsdcc_mc35/_moduchar.c:35:       ret 0xff {unsigned-char literal}
0007   2DFF           00093         MOVAI   0xff
0008   8000           00094         GOTO    _00115_DS_
                      00095 ;;[ICODE] ../libsdcc_mc35/_moduchar.c:39:  preHeaderLbl0($15) :
                      00096 ;;[ICODE] ../libsdcc_mc35/_moduchar.c:39:       iTemp6 [k11 lr8:19 so:0]{ ia0 a2p0 re0 rm0 nos0 ru0 dp0}{unsigned-char fixed}{ sir@ __moduchar_count_1_2}[r0x1002 ] := 0x1 {const-unsigned-char literal}
0009                  00097 _00119_DS_
                      00098 ;       .line   39; "../libsdcc_mc35/_moduchar.c"       while (!(b & (1UL << (8*sizeof(unsigned char)-1)))) {
0009   2D01           00099         MOVAI   0x01
000A   1F00           00100         MOVRA   r0x1002
                      00101 ;;[ICODE] ../libsdcc_mc35/_moduchar.c:39:  _whilecontinue_0($3) :
                      00102 ;;[ICODE] ../libsdcc_mc35/_moduchar.c:39:       iTemp3 [k8 lr11:12 so:0]{ ia0 a2p0 re0 rm0 nos0 ru0 dp0}{unsigned-long-int register}[r0x1003 r0x1004 r0x1005 r0x1006 ] = (unsigned-long-int register)iTemp1 [k4 lr4:31 so:0]{ ia0 a2p0 re1 rm0 nos0 ru0 dp0}{unsigned-char fixed}{ sir@ __moduchar_b_1_1}[r0x1001 ]
000B                  00103 _00107_DS_
000B   1E00           00104         MOVAR   r0x1001
000C   1F00           00105         MOVRA   r0x1003
                      00106 ;;1     CLRR    r0x1004
                      00107 ;;1     CLRR    r0x1005
                      00108 ;;1     CLRR    r0x1006
                      00109 ;;[ICODE] ../libsdcc_mc35/_moduchar.c:39:       iTemp4 [k9 lr12:13 so:0]{ ia0 a2p0 re0 rm0 nos0 ru0 dp0}{unsigned-long-int register} = iTemp3 [k8 lr11:12 so:0]{ ia0 a2p0 re0 rm0 nos0 ru0 dp0}{unsigned-long-int register}[r0x1003 r0x1004 r0x1005 r0x1006 ] & 0x80 {unsigned-long-int literal}
000D   5700           00110         JBCLR   r0x1003,7
000E   8000           00111         GOTO    _00112_DS_
                      00112 ;;[ICODE] ../libsdcc_mc35/_moduchar.c:39:       if iTemp4 [k9 lr12:13 so:0]{ ia0 a2p0 re0 rm0 nos0 ru0 dp0}{unsigned-long-int register} != 0 goto preHeaderLbl1($18)
                      00113 ;;[ICODE] ../libsdcc_mc35/_moduchar.c:40:       iTemp1 [k4 lr4:31 so:0]{ ia0 a2p0 re1 rm0 nos0 ru0 dp0}{unsigned-char fixed}{ sir@ __moduchar_b_1_1}[r0x1001 ] = iTemp1 [k4 lr4:31 so:0]{ ia0 a2p0 re1 rm0 nos0 ru0 dp0}{unsigned-char fixed}{ sir@ __moduchar_b_1_1}[r0x1001 ] << 0x1 {const-unsigned-char literal}
                      00114 ;       .line   40; "../libsdcc_mc35/_moduchar.c"       b <<= 1;
000F   4086           00115         BCLR    STATUS,0
0010   0B00           00116         RLR     r0x1001
                      00117 ;;[ICODE] ../libsdcc_mc35/_moduchar.c:41:       iTemp6 [k11 lr8:19 so:0]{ ia0 a2p0 re0 rm0 nos0 ru0 dp0}{unsigned-char fixed}{ sir@ __moduchar_count_1_2}[r0x1002 ] = iTemp6 [k11 lr8:19 so:0]{ ia0 a2p0 re0 rm0 nos0 ru0 dp0}{unsigned-char fixed}{ sir@ __moduchar_count_1_2}[r0x1002 ] + 0x1 {const-unsigned-char literal}
                      00118 ;       .line   41; "../libsdcc_mc35/_moduchar.c"       ++count;
0011   2D01           00119         MOVAI   0x01
0012   1300           00120         ADDRA   r0x1002
                      00121 ;;[ICODE] ../libsdcc_mc35/_moduchar.c:41:        goto _whilecontinue_0($3)
0013   8000           00122         GOTO    _00107_DS_
                      00123 ;;[ICODE] ../libsdcc_mc35/_moduchar.c:45:  preHeaderLbl1($18) :
                      00124 ;;[ICODE] ../libsdcc_mc35/_moduchar.c:45:       iTemp10 [k15 lr19:31 so:0]{ ia0 a2p0 re0 rm0 nos0 ru0 dp0}{unsigned-char fixed}{ sir@ __moduchar_count_1_2}[r0x1002 ] := iTemp6 [k11 lr8:19 so:0]{ ia0 a2p0 re0 rm0 nos0 ru0 dp0}{unsigned-char fixed}{ sir@ __moduchar_count_1_2}[r0x1002 ]
                      00125 ;;[ICODE] ../libsdcc_mc35/_moduchar.c:45:  _whilecontinue_1($8) :
                      00126 ;;[ICODE] ../libsdcc_mc35/_moduchar.c:45:       if iTemp10 [k15 lr19:31 so:0]{ ia0 a2p0 re0 rm0 nos0 ru0 dp0}{unsigned-char fixed}{ sir@ __moduchar_count_1_2}[r0x1002 ] == 0 goto _whilebreak_1($10)
0014                  00127 _00112_DS_
                      00128 ;       .line   45; "../libsdcc_mc35/_moduchar.c"       while (count) {
0014   2D00           00129         MOVAI   0x00
0015   1800           00130         ORAR    r0x1002
0016   5286           00131         JBCLR   STATUS,2
0017   8000           00132         GOTO    _00114_DS_
                      00133 ;;[ICODE] ../libsdcc_mc35/_moduchar.c:46:       iTemp7 [k12 lr23:24 so:0]{ ia0 a2p0 re0 rm0 nos0 ru0 dp0}{char fixed} = iTemp0 [k2 lr3:33 so:0]{ ia0 a2p0 re1 rm0 nos0 ru0 dp0}{unsigned-char fixed}{ sir@ __moduchar_a_1_1}[r0x1000 ] < iTemp1 [k4 lr4:31 so:0]{ ia0 a2p0 re1 rm0 nos0 ru0 dp0}{unsigned-char fixed}{ sir@ __moduchar_b_1_1}[r0x1001 ]
                      00134 ;       .line   46; "../libsdcc_mc35/_moduchar.c"       if (a >= b) {
0018   1E00           00135         MOVAR   r0x1001
0019   2C00           00136         XCH     r0x1000
001A   2300           00137         ASUBRA  r0x1000
001B   2C00           00138         XCH     r0x1000
001C   5886           00139         JBSET   STATUS,0
001D   8000           00140         GOTO    _00111_DS_
                      00141 ;;genSkipc:3223: created from rifx:00D5608C
                      00142 ;;[ICODE] ../libsdcc_mc35/_moduchar.c:46:       if iTemp7 [k12 lr23:24 so:0]{ ia0 a2p0 re0 rm0 nos0 ru0 dp0}{char fixed} != 0 goto _iffalse_1($7)
                      00143 ;;[ICODE] ../libsdcc_mc35/_moduchar.c:47:       iTemp0 [k2 lr3:33 so:0]{ ia0 a2p0 re1 rm0 nos0 ru0 dp0}{unsigned-char fixed}{ sir@ __moduchar_a_1_1}[r0x1000 ] = iTemp0 [k2 lr3:33 so:0]{ ia0 a2p0 re1 rm0 nos0 ru0 dp0}{unsigned-char fixed}{ sir@ __moduchar_a_1_1}[r0x1000 ] - iTemp1 [k4 lr4:31 so:0]{ ia0 a2p0 re1 rm0 nos0 ru0 dp0}{unsigned-char fixed}{ sir@ __moduchar_b_1_1}[r0x1001 ]
                      00144 ;       .line   47; "../libsdcc_mc35/_moduchar.c"       a -= b;
001E   1E00           00145         MOVAR   r0x1001
001F   2C00           00146         XCH     r0x1000
0020   2200           00147         ASUBAR  r0x1000
0021   2C00           00148         XCH     r0x1000
                      00149 ;;[ICODE] ../libsdcc_mc35/_moduchar.c:47:  _iffalse_1($7) :
                      00150 ;;[ICODE] ../libsdcc_mc35/_moduchar.c:49:       iTemp1 [k4 lr4:31 so:0]{ ia0 a2p0 re1 rm0 nos0 ru0 dp0}{unsigned-char fixed}{ sir@ __moduchar_b_1_1}[r0x1001 ] = iTemp1 [k4 lr4:31 so:0]{ ia0 a2p0 re1 rm0 nos0 ru0 dp0}{unsigned-char fixed}{ sir@ __moduchar_b_1_1}[r0x1001 ] >> 0x1 {const-unsigned-char literal}
                      00151 ;;shiftRight_Left2ResultLit:5270: shCount=1, size=1, sign=0, same=1, offr=0
0022                  00152 _00111_DS_
                      00153 ;       .line   49; "../libsdcc_mc35/_moduchar.c"       b >>= 1;
0022   4086           00154         BCLR    STATUS,0
0023   0900           00155         RRR     r0x1001
                      00156 ;;[ICODE] ../libsdcc_mc35/_moduchar.c:50:       iTemp10 [k15 lr19:31 so:0]{ ia0 a2p0 re0 rm0 nos0 ru0 dp0}{unsigned-char fixed}{ sir@ __moduchar_count_1_2}[r0x1002 ] = iTemp10 [k15 lr19:31 so:0]{ ia0 a2p0 re0 rm0 nos0 ru0 dp0}{unsigned-char fixed}{ sir@ __moduchar_count_1_2}[r0x1002 ] - 0x1 {const-unsigned-char literal}
                      00157 ;       .line   50; "../libsdcc_mc35/_moduchar.c"       --count;
0024   2600           00158         DJZR    r0x1002
0025   0000           00159         NOP     
                      00160 ;;[ICODE] ../libsdcc_mc35/_moduchar.c:50:        goto _whilecontinue_1($8)
0026   8000           00161         GOTO    _00112_DS_
                      00162 ;;[ICODE] ../libsdcc_mc35/_moduchar.c:50:  _whilebreak_1($10) :
                      00163 ;;[ICODE] ../libsdcc_mc35/_moduchar.c:53:       ret iTemp0 [k2 lr3:33 so:0]{ ia0 a2p0 re1 rm0 nos0 ru0 dp0}{unsigned-char fixed}{ sir@ __moduchar_a_1_1}[r0x1000 ]
0027                  00164 _00114_DS_
                      00165 ;       .line   53; "../libsdcc_mc35/_moduchar.c"       return a;
0027   1E00           00166         MOVAR   r0x1000
                      00167 ;;[ICODE] ../libsdcc_mc35/_moduchar.c:53:  _return($11) :
                      00168 ;;[ICODE] ../libsdcc_mc35/_moduchar.c:53:       eproc __moduchar [k1 lr0:0 so:0]{ ia0 a2p0 re0 rm0 nos0 ru0 dp0}{unsigned-char function ( unsigned-char fixed, unsigned-char fixed) fixed}
0028                  00169 _00115_DS_
0028   0E00           00170         RETURN  
                      00171 ; exit point of __moduchar
                      00172 
                      00173 
                      00174 ;       code size estimation:
                      00175 ;          41+    0 =    41 instructions (   82 byte)
                      00176 
                      00177         end
gpasm-2.0.0_beta2 (Nov  6 2017)_moduchar.asm      2017-11-14  18:38:42         PAGE  2


SYMBOL TABLE
  LABEL                             VALUE

C                                 00000002
DC                                00000001
FSR                               00000083
FSR0                              00000083
FSR1                              00000084
HIBYTE                            00000082
INDF                              000000E7
PCH                               000000CF
PCL                               000000CE
STATUS                            00000086
STK00                             00000000
STK01                             00000000
STK02                             00000000
STK03                             00000000
STK04                             00000000
STK05                             00000000
STK06                             00000000
Z                                 00000000
_00107_DS_                        0000000B
_00111_DS_                        00000022
_00112_DS_                        00000014
_00114_DS_                        00000027
_00115_DS_                        00000028
_00119_DS_                        00000009
_CONFIG0                          00008000
_CONFIG1                          00008001
__2K7041                          00000001
__moduchar                        00000000
r0x1000                           00000000
r0x1001                           00000001
r0x1002                           00000002
r0x1003                           00000003

Errors   :     0
Warnings :     0 reported,     0 suppressed
Messages :     0 reported,     0 suppressed

