gpasm-2.0.0_beta2 (Nov  6 2017)idata.asm          2017-11-23  16:21:11         PAGE  1


LOC  OBJECT CODE     LINE SOURCE TEXT
  VALUE

                      00001 ;--------------------------------------------------------
                      00002 ; File Created by SN-SDCC : SinoMCU ANSI-C Compiler
                      00003 ; Version 1.0.0 (Sep 28 2017) (MINGW32)
                      00004 ; This file was generated Thu Nov 23 16:21:10 2017
                      00005 ;--------------------------------------------------------
                      00006 ; MC35 port for the RISC core
                      00007 ;--------------------------------------------------------
                      00008 ;       .file   "../libsdcc_mc35/idata.c"
                      00009         list    p=2K7041
                      00010         radix dec
                      00011         include "2K7041.inc"
                      00001                 LIST
                      00002 ;mc35p7041.inc    Standard Header File, Version 1.00 by Sinomcu
                      00076                 LIST
                      00012 ;--------------------------------------------------------
                      00013 ; external declarations
                      00014 ;--------------------------------------------------------
                      00015         extern  _main
                      00016         extern  _cinit
                      00017         extern  __gptrget2
                      00018         extern  __gptrget1
                      00019 
                      00020         extern STK06
                      00021         extern STK05
                      00022         extern STK04
                      00023         extern STK03
                      00024         extern STK02
                      00025         extern STK01
                      00026         extern STK00
                      00027 ;--------------------------------------------------------
                      00028 ; global declarations
                      00029 ;--------------------------------------------------------
                      00030         global  __sdcc_gsinit_startup
                      00031 
                      00032 ;--------------------------------------------------------
                      00033 ; global definitions
                      00034 ;--------------------------------------------------------
                      00035 ;--------------------------------------------------------
                      00036 ; absolute symbol definitions
                      00037 ;--------------------------------------------------------
                      00038 ;--------------------------------------------------------
                      00039 ; compiler-defined variables
                      00040 ;--------------------------------------------------------
                      00041 UDL_idata_0     udata
0000                  00042 r0x1001 res     1
0000                  00043 r0x1000 res     1
0001                  00044 r0x1002 res     1
0001                  00045 r0x1003 res     1
0002                  00046 r0x1004 res     1
0002                  00047 r0x1005 res     1
0003                  00048 r0x1007 res     1
0003                  00049 r0x1006 res     1
0004                  00050 r0x1009 res     1
0004                  00051 r0x1008 res     1
0005                  00052 r0x100B res     1
0005                  00053 r0x100A res     1
                      00054 ;--------------------------------------------------------
                      00055 ; initialized data
                      00056 ;--------------------------------------------------------
                      00057 
                      00058 ID_idata_0      idata
0000                  00059 _force_cinit
0000                  00060         db      0x00
                      00061 
                      00062 
                      00063 ;@Allocation info for local variables in function '_sdcc_gsinit_startup'
                      00064 ;@_sdcc_gsinit_startup main                      Allocated to registers ;size:2
                      00065 ;@_sdcc_gsinit_startup _sdcc_gsinit_startup      Allocated to registers ;size:2
                      00066 ;@_sdcc_gsinit_startup force_cinit               Allocated to registers ;size:1
                      00067 ;@_sdcc_gsinit_startup num                       Allocated to registers ;size:2
                      00068 ;@_sdcc_gsinit_startup size                      Allocated to registers ;size:2
                      00069 ;@_sdcc_gsinit_startup cptr                      Allocated to registers ;size:2
                      00070 ;@_sdcc_gsinit_startup src                       Allocated to registers ;size:2
                      00071 ;@_sdcc_gsinit_startup dst                       Allocated to registers ;size:2
                      00072 ;@end Allocation info for local variables in function '_sdcc_gsinit_startup';
                      00073 
                      00074 ;--------------------------------------------------------
                      00075 ; overlayable items in internal ram 
                      00076 ;--------------------------------------------------------
                      00077 ;       udata_ovr
                      00078 ;--------------------------------------------------------
                      00079 ; code
                      00080 ;--------------------------------------------------------
                      00081 code_idata      code
                      00082 ;***
                      00083 ;  pBlock Stats: dbName = C
                      00084 ;***
                      00085 ;entry:  __sdcc_gsinit_startup  ;Function start
                      00086 ; 2 exit points
                      00087 ;has an exit
                      00088 ;functions called:
                      00089 ;   __gptrget2
                      00090 ;   __gptrget2
                      00091 ;   __gptrget2
                      00092 ;   __gptrget2
                      00093 ;   __gptrget1
                      00094 ;   __gptrget2
                      00095 ;   __gptrget2
                      00096 ;   __gptrget2
                      00097 ;   __gptrget2
                      00098 ;   __gptrget1
                      00099 ;14 compiler assigned registers:
                      00100 ;   STK01
                      00101 ;   STK00
                      00102 ;   r0x1000
                      00103 ;   r0x1001
                      00104 ;   r0x1002
                      00105 ;   r0x1003
                      00106 ;   r0x1004
                      00107 ;   r0x1005
                      00108 ;   r0x1006
                      00109 ;   r0x1007
                      00110 ;   r0x1008
                      00111 ;   r0x1009
                      00112 ;   r0x100A
                      00113 ;   r0x100B
                      00114 ;; Starting pCode block
                      00115 ;;[ICODE] ../libsdcc_mc35/idata.c:68:  _entry($8) :
                      00116 ;;[ICODE] ../libsdcc_mc35/idata.c:68:   proc __sdcc_gsinit_startup [k1 lr0:0 so:0]{ ia0 a2p0 re0 rm0 nos0 ru0 dp0}{void function ( ) fixed}
0000                  00117 __sdcc_gsinit_startup   ;Function start
                      00118 ; 2 exit points
                      00119 ;;[ICODE] ../libsdcc_mc35/idata.c:75:   iTemp1 [k5 lr3:4 so:0]{ ia0 a2p0 re0 rm1 nos0 ru0 dp0}{const-unsigned-int code* code}[remat] = &[_cinit [k4 lr0:0 so:0]{ ia0 a2p0 re0 rm0 nos0 ru0 dp0}{const-struct __00000001 code}]
                      00120 ;;[ICODE] ../libsdcc_mc35/idata.c:75:   iTemp9 [k16 lr4:42 so:0]{ ia0 a2p0 re0 rm0 nos0 ru0 dp0}{unsigned-int fixed}[r0x1000 r0x1001 ] = @[iTemp1 [k5 lr3:4 so:0]{ ia1 a2p0 re0 rm1 nos0 ru0 dp0}{const-unsigned-int code* code}[remat] + 0x0 {const-unsigned-char literal}]
                      00121 ;       .line   75; "../libsdcc_mc35/idata.c"   num = cinit.records;
0000   2D00           00122         MOVAI   (_cinit + 0)
0001   1F00           00123         MOVRA   STK01
0002   2D00           00124         MOVAI   high (_cinit + 0)
0003   1F00           00125         MOVRA   STK00
0004   2D80           00126         MOVAI   0x80
0005   C000           00127         CALL    __gptrget2
0006   1F00           00128         MOVRA   r0x1000
0007   1E00           00129         MOVAR   STK00
0008   1F00           00130         MOVRA   r0x1001
                      00131 ;;[ICODE] ../libsdcc_mc35/idata.c:76:   iTemp5 [k11 lr6:7 so:0]{ ia0 a2p0 re0 rm1 nos0 ru0 dp0}{const-struct __00000001 code* code}[remat] = &[_cinit [k4 lr0:0 so:0]{ ia0 a2p0 re0 rm0 nos0 ru0 dp0}{const-struct __00000001 code}]
                      00132 ;;[ICODE] ../libsdcc_mc35/idata.c:76:   iTemp34 [k47 lr7:42 so:0]{ ia0 a2p0 re0 rm0 nos0 ru0 dp0}{const-struct __00000000 code* fixed}[r0x1002 r0x1003 ] = iTemp5 [k11 lr6:7 so:0]{ ia0 a2p0 re0 rm1 nos0 ru0 dp0}{const-struct __00000001 code* code}[remat] + 0x2 {const-unsigned-char literal}
                      00133 ;       .line   76; "../libsdcc_mc35/idata.c"   cptr = &cinit.entry[0];
0009   2D00           00134         MOVAI   (_cinit + 2)
000A   1F00           00135         MOVRA   r0x1002
000B   2D00           00136         MOVAI   high (_cinit + 2)
000C   1F00           00137         MOVRA   r0x1003
                      00138 ;;[ICODE] ../libsdcc_mc35/idata.c:79:  _whilecontinue_0($4) :
                      00139 ;;[ICODE] ../libsdcc_mc35/idata.c:79:   iTemp8 [k15 lr14:16 so:0]{ ia0 a2p0 re0 rm0 nos1 ru0 dp0}{unsigned-int fixed}[r0x1004 r0x1005 ] := iTemp9 [k16 lr4:42 so:0]{ ia0 a2p0 re0 rm0 nos0 ru0 dp0}{unsigned-int fixed}[r0x1000 r0x1001 ]
000D                  00140 _00108_DS_
                      00141 ;       .line   79; "../libsdcc_mc35/idata.c"   while (num--) {
000D   1E00           00142         MOVAR   r0x1001
000E   1F00           00143         MOVRA   r0x1004
000F   1E00           00144         MOVAR   r0x1000
0010   1F00           00145         MOVRA   r0x1005
                      00146 ;;[ICODE] ../libsdcc_mc35/idata.c:79:   iTemp9 [k16 lr4:42 so:0]{ ia0 a2p0 re0 rm0 nos0 ru0 dp0}{unsigned-int fixed}[r0x1000 r0x1001 ] = iTemp9 [k16 lr4:42 so:0]{ ia0 a2p0 re0 rm0 nos0 ru0 dp0}{unsigned-int fixed}[r0x1000 r0x1001 ] - 0x1 {const-unsigned-char literal}
0011   2DFF           00147         MOVAI   0xff
0012   1300           00148         ADDRA   r0x1001
0013   5A86           00149         JBSET   STATUS,2
0014   2600           00150         DJZR    r0x1000
0015   0000           00151         NOP     
                      00152 ;;[ICODE] ../libsdcc_mc35/idata.c:79:   if iTemp8 [k15 lr14:16 so:0]{ ia0 a2p0 re0 rm0 nos1 ru0 dp0}{unsigned-int fixed}[r0x1004 r0x1005 ] == 0 goto _whilebreak_0($6)
0016   1E00           00153         MOVAR   r0x1004
0017   1800           00154         ORAR    r0x1005
0018   5086           00155         JBCLR   STATUS,0
0019   8000           00156         GOTO    _00110_DS_
                      00157 ;;[ICODE] ../libsdcc_mc35/idata.c:80:   iTemp12 [k21 lr17:18 so:0]{ ia1 a2p0 re0 rm0 nos0 ru1 dp0}{const-unsigned-int code* fixed}[r0x1004 r0x1005 ] = iTemp34 [k47 lr7:42 so:0]{ ia0 a2p0 re0 rm0 nos0 ru0 dp0}{const-struct __00000000 code* fixed}[r0x1002 r0x1003 ] + 0x4 {const-unsigned-char literal}
                      00158 ;       .line   80; "../libsdcc_mc35/idata.c"   size = cptr->size;
001A   2D04           00159         MOVAI   0x04
001B   1200           00160         ADDAR   r0x1002
001C   1F00           00161         MOVRA   r0x1004
001D   2B00           00162         CLRR    r0x1005
001E   0B00           00163         RLR     r0x1005
001F   1E00           00164         MOVAR   r0x1003
0020   1300           00165         ADDRA   r0x1005
                      00166 ;;[ICODE] ../libsdcc_mc35/idata.c:80:   iTemp25 [k38 lr18:39 so:0]{ ia0 a2p0 re0 rm0 nos0 ru0 dp0}{unsigned-int fixed}[r0x1006 r0x1007 ] = @[iTemp12 [k21 lr17:18 so:0]{ ia1 a2p0 re0 rm0 nos0 ru1 dp0}{const-unsigned-int code* fixed}[r0x1004 r0x1005 ] + 0x0 {const-unsigned-char literal}]
0021   1E00           00167         MOVAR   r0x1004
0022   1F00           00168         MOVRA   STK01
0023   1E00           00169         MOVAR   r0x1005
0024   1F00           00170         MOVRA   STK00
0025   2D80           00171         MOVAI   0x80
0026   C000           00172         CALL    __gptrget2
0027   1F00           00173         MOVRA   r0x1006
0028   1E00           00174         MOVAR   STK00
0029   1F00           00175         MOVRA   r0x1007
                      00176 ;;[ICODE] ../libsdcc_mc35/idata.c:81:   iTemp17 [k28 lr20:21 so:0]{ ia0 a2p0 re0 rm0 nos0 ru0 dp0}{const-unsigned-int fixed}[r0x1004 r0x1005 ] = @[iTemp34 [k47 lr7:42 so:0]{ ia1 a2p0 re0 rm0 nos0 ru0 dp0}{const-struct __00000000 code* fixed}[r0x1002 r0x1003 ] + 0x0 {const-unsigned-char literal}]
                      00177 ;       .line   81; "../libsdcc_mc35/idata.c"   src = (__code char *) cptr->src;
002A   1E00           00178         MOVAR   r0x1002
002B   1F00           00179         MOVRA   STK01
002C   1E00           00180         MOVAR   r0x1003
002D   1F00           00181         MOVRA   STK00
002E   2D80           00182         MOVAI   0x80
002F   C000           00183         CALL    __gptrget2
0030   1F00           00184         MOVRA   r0x1008
0031   1F00           00185         MOVRA   r0x1005
0032   1E00           00186         MOVAR   STK00
0033   1F00           00187         MOVRA   r0x1009
0034   1F00           00188         MOVRA   r0x1004
                      00189 ;;[ICODE] ../libsdcc_mc35/idata.c:81:   iTemp30 [k43 lr21:39 so:0]{ ia0 a2p0 re0 rm0 nos0 ru0 dp0}{const-char code* fixed}[r0x1008 r0x1009 ] = (const-char code* fixed)iTemp17 [k28 lr20:21 so:0]{ ia0 a2p0 re0 rm0 nos0 ru0 dp0}{const-unsigned-int fixed}[r0x1004 r0x1005 ]
                      00190 ;;100   MOVAR   r0x1005
                      00191 ;;99    MOVAR   r0x1004
                      00192 ;;[ICODE] ../libsdcc_mc35/idata.c:82:   iTemp21 [k34 lr23:24 so:0]{ ia1 a2p0 re0 rm0 nos0 ru1 dp0}{const-unsigned-int code* fixed}[r0x1004 r0x1005 ] = iTemp34 [k47 lr7:42 so:0]{ ia0 a2p0 re0 rm0 nos0 ru0 dp0}{const-struct __00000000 code* fixed}[r0x1002 r0x1003 ] + 0x2 {const-unsigned-char literal}
                      00193 ;       .line   82; "../libsdcc_mc35/idata.c"   dst = (__data char *) cptr->dst;
0035   2D02           00194         MOVAI   0x02
0036   1200           00195         ADDAR   r0x1002
0037   1F00           00196         MOVRA   r0x1004
0038   2B00           00197         CLRR    r0x1005
0039   0B00           00198         RLR     r0x1005
003A   1E00           00199         MOVAR   r0x1003
003B   1300           00200         ADDRA   r0x1005
                      00201 ;;[ICODE] ../libsdcc_mc35/idata.c:82:   iTemp22 [k35 lr24:25 so:0]{ ia0 a2p0 re0 rm0 nos0 ru0 dp0}{const-unsigned-int fixed}[r0x100A r0x100B ] = @[iTemp21 [k34 lr23:24 so:0]{ ia1 a2p0 re0 rm0 nos0 ru1 dp0}{const-unsigned-int code* fixed}[r0x1004 r0x1005 ] + 0x0 {const-unsigned-char literal}]
003C   1E00           00202         MOVAR   r0x1004
003D   1F00           00203         MOVRA   STK01
003E   1E00           00204         MOVAR   r0x1005
003F   1F00           00205         MOVRA   STK00
0040   2D80           00206         MOVAI   0x80
0041   C000           00207         CALL    __gptrget2
0042   1F00           00208         MOVRA   r0x1005
0043   1F00           00209         MOVRA   r0x100A
0044   1E00           00210         MOVAR   STK00
0045   1F00           00211         MOVRA   r0x1004
0046   1F00           00212         MOVRA   r0x100B
                      00213 ;;[ICODE] ../libsdcc_mc35/idata.c:82:   iTemp32 [k45 lr25:39 so:0]{ ia0 a2p0 re0 rm0 nos0 ru0 dp0}{char near* fixed}[r0x1004 r0x1005 ] = (char near* fixed)iTemp22 [k35 lr24:25 so:0]{ ia0 a2p0 re0 rm0 nos0 ru0 dp0}{const-unsigned-int fixed}[r0x100A r0x100B ]
                      00214 ;;102   MOVAR   r0x100A
                      00215 ;;101   MOVAR   r0x100B
                      00216 ;;[ICODE] ../libsdcc_mc35/idata.c:85:  _whilecontinue_1($1) :
                      00217 ;;[ICODE] ../libsdcc_mc35/idata.c:85:   iTemp24 [k37 lr32:34 so:0]{ ia0 a2p0 re0 rm0 nos1 ru0 dp0}{unsigned-int fixed}[r0x100A r0x100B ] := iTemp25 [k38 lr18:39 so:0]{ ia0 a2p0 re0 rm0 nos0 ru0 dp0}{unsigned-int fixed}[r0x1006 r0x1007 ]
0047                  00218 _00105_DS_
                      00219 ;       .line   85; "../libsdcc_mc35/idata.c"   while (size--) {
0047   1E00           00220         MOVAR   r0x1007
0048   1F00           00221         MOVRA   r0x100B
0049   1E00           00222         MOVAR   r0x1006
004A   1F00           00223         MOVRA   r0x100A
                      00224 ;;[ICODE] ../libsdcc_mc35/idata.c:85:   iTemp25 [k38 lr18:39 so:0]{ ia0 a2p0 re0 rm0 nos0 ru0 dp0}{unsigned-int fixed}[r0x1006 r0x1007 ] = iTemp25 [k38 lr18:39 so:0]{ ia0 a2p0 re0 rm0 nos0 ru0 dp0}{unsigned-int fixed}[r0x1006 r0x1007 ] - 0x1 {const-unsigned-char literal}
004B   2DFF           00225         MOVAI   0xff
004C   1300           00226         ADDRA   r0x1007
004D   5A86           00227         JBSET   STATUS,2
004E   2600           00228         DJZR    r0x1006
004F   0000           00229         NOP     
                      00230 ;;[ICODE] ../libsdcc_mc35/idata.c:85:   if iTemp24 [k37 lr32:34 so:0]{ ia0 a2p0 re0 rm0 nos1 ru0 dp0}{unsigned-int fixed}[r0x100A r0x100B ] == 0 goto _whilebreak_1($3)
0050   1E00           00231         MOVAR   r0x100B
0051   1800           00232         ORAR    r0x100A
0052   5086           00233         JBCLR   STATUS,0
0053   8000           00234         GOTO    _00107_DS_
                      00235 ;;[ICODE] ../libsdcc_mc35/idata.c:86:   iTemp28 [k41 lr35:36 so:0]{ ia0 a2p0 re0 rm0 nos0 ru0 dp0}{const-char register}[r0x100A ] = @[iTemp30 [k43 lr21:39 so:0]{ ia1 a2p0 re0 rm0 nos0 ru0 dp0}{const-char code* fixed}[r0x1008 r0x1009 ] + 0x0 {const-unsigned-char literal}]
                      00236 ;       .line   86; "../libsdcc_mc35/idata.c"   *dst = *src;
0054   1E00           00237         MOVAR   r0x1009
0055   1F00           00238         MOVRA   STK01
0056   1E00           00239         MOVAR   r0x1008
0057   1F00           00240         MOVRA   STK00
0058   2D80           00241         MOVAI   0x80
0059   C000           00242         CALL    __gptrget1
005A   1F00           00243         MOVRA   r0x100B
                      00244 ;;[ICODE] ../libsdcc_mc35/idata.c:86:   *(iTemp32 [k45 lr25:39 so:0]{ ia1 a2p0 re0 rm0 nos0 ru0 dp0}{char near* fixed}[r0x1004 r0x1005 ]) := iTemp28 [k41 lr35:36 so:0]{ ia0 a2p0 re0 rm0 nos0 ru0 dp0}{const-char register}[r0x100A ]
005B   1E00           00245         MOVAR   r0x1004
005C   1F83           00246         MOVRA   FSR
005D   4786           00247         BCLR    STATUS,7
005E   5000           00248         JBCLR   r0x1005,0
005F   4F86           00249         BSET    STATUS,7
0060   1E00           00250         MOVAR   r0x100B
0061   1FE7           00251         MOVRA   INDF
                      00252 ;;[ICODE] ../libsdcc_mc35/idata.c:87:   iTemp30 [k43 lr21:39 so:0]{ ia0 a2p0 re0 rm0 nos0 ru0 dp0}{const-char code* fixed}[r0x1008 r0x1009 ] = iTemp30 [k43 lr21:39 so:0]{ ia0 a2p0 re0 rm0 nos0 ru0 dp0}{const-char code* fixed}[r0x1008 r0x1009 ] + 0x1 {const-unsigned-char literal}
                      00253 ;       .line   87; "../libsdcc_mc35/idata.c"   src++;
0062   2D01           00254         MOVAI   0x01
0063   1300           00255         ADDRA   r0x1009
0064   5086           00256         JBCLR   STATUS,0
0065   1300           00257         ADDRA   r0x1008
                      00258 ;;[ICODE] ../libsdcc_mc35/idata.c:88:   iTemp32 [k45 lr25:39 so:0]{ ia0 a2p0 re0 rm0 nos0 ru0 dp0}{char near* fixed}[r0x1004 r0x1005 ] = iTemp32 [k45 lr25:39 so:0]{ ia0 a2p0 re0 rm0 nos0 ru0 dp0}{char near* fixed}[r0x1004 r0x1005 ] + 0x1 {const-unsigned-char literal}
                      00259 ;       .line   88; "../libsdcc_mc35/idata.c"   dst++;
0066   2D01           00260         MOVAI   0x01
0067   1300           00261         ADDRA   r0x1004
0068   5086           00262         JBCLR   STATUS,0
0069   1300           00263         ADDRA   r0x1005
                      00264 ;;[ICODE] ../libsdcc_mc35/idata.c:88:    goto _whilecontinue_1($1)
006A   8000           00265         GOTO    _00105_DS_
                      00266 ;;[ICODE] ../libsdcc_mc35/idata.c:88:  _whilebreak_1($3) :
                      00267 ;;[ICODE] ../libsdcc_mc35/idata.c:92:   iTemp34 [k47 lr7:42 so:0]{ ia0 a2p0 re0 rm0 nos0 ru0 dp0}{const-struct __00000000 code* fixed}[r0x1002 r0x1003 ] = iTemp34 [k47 lr7:42 so:0]{ ia0 a2p0 re0 rm0 nos0 ru0 dp0}{const-struct __00000000 code* fixed}[r0x1002 r0x1003 ] + 0x6 {const-unsigned-char literal}
006B                  00268 _00107_DS_
                      00269 ;       .line   92; "../libsdcc_mc35/idata.c"   cptr++;
006B   2D06           00270         MOVAI   0x06
006C   1300           00271         ADDRA   r0x1002
006D   5286           00272         JBCLR   STATUS,2
006E   1600           00273         JZR     r0x1003
006F   0000           00274         NOP     
                      00275 ;;[ICODE] ../libsdcc_mc35/idata.c:92:    goto _whilecontinue_0($4)
0070   8000           00276         GOTO    _00108_DS_
                      00277 ;;[ICODE] ../libsdcc_mc35/idata.c:92:  _whilebreak_0($6) :
                      00278 ;;[ICODE] ../libsdcc_mc35/idata.c:99: inline
0071                  00279 _00110_DS_
                      00280 ;       .line   99; "../libsdcc_mc35/idata.c"   __endasm;
0071   8000           00281         GOTO _main
                      00282         
                      00283 ;;[ICODE] ../libsdcc_mc35/idata.c:99:  _return($7) :
                      00284 ;;[ICODE] ../libsdcc_mc35/idata.c:99:   eproc __sdcc_gsinit_startup [k1 lr0:0 so:0]{ ia0 a2p0 re0 rm0 nos0 ru0 dp0}{void function ( ) fixed}
0072   0E00           00285         RETURN  
                      00286 ; exit point of __sdcc_gsinit_startup
                      00287 
                      00288 
                      00289 ;       code size estimation:
                      00290 ;         114+    0 =   114 instructions (  228 byte)
                      00291 
                      00292         end
gpasm-2.0.0_beta2 (Nov  6 2017)idata.asm          2017-11-23  16:21:11         PAGE  2


SYMBOL TABLE
  LABEL                             VALUE

C                                 00000002
DC                                00000001
FSR                               00000083
FSR0                              00000083
FSR1                              00000084
HIBYTE                            00000082
INDF                              000000E7
PCH                               000000CF
PCL                               000000CE
STATUS                            00000086
STK00                             00000000
STK01                             00000000
STK02                             00000000
STK03                             00000000
STK04                             00000000
STK05                             00000000
STK06                             00000000
Z                                 00000000
_00105_DS_                        00000047
_00107_DS_                        0000006B
_00108_DS_                        0000000D
_00110_DS_                        00000071
_CONFIG0                          00008000
_CONFIG1                          00008001
__2K7041                          00000001
__gptrget1                        00000000
__gptrget2                        00000000
__sdcc_gsinit_startup             00000000
_cinit                            00000000
_force_cinit                      00000000
_main                             00000000
r0x1000                           00000001
r0x1001                           00000000
r0x1002                           00000002
r0x1003                           00000003
r0x1004                           00000004
r0x1005                           00000005
r0x1006                           00000007
r0x1007                           00000006
r0x1008                           00000009
r0x1009                           00000008
r0x100A                           0000000B
r0x100B                           0000000A

Errors   :     0
Warnings :     0 reported,     0 suppressed
Messages :     0 reported,     0 suppressed

