gpasm-1.9.7 (May 15 2017)    fs2slong.asm       2017-5-15  15:28:52          PAGE  1


LOC  OBJECT CODE     LINE SOURCE TEXT
  VALUE

                      00001 ;--------------------------------------------------------
                      00002 ; File Created by SN-SDCC : ANSI-C Compiler
                      00003 ; Version 0.0.4 (Nov 23 2015) (Linux)
                      00004 ; This file was generated Mon May 15 15:28:52 2017
                      00005 ;--------------------------------------------------------
                      00006 ; MC3X port for the RISC core
                      00007 ;--------------------------------------------------------
                      00008 ;       .file   "../libsdcc/fs2slong.c"
                      00009         list    p=9904
                      00010         radix dec
                      00011         include "9904.inc"
                      00001                 LIST
                      00002 ;mc9904.inc    Standard Header File, Version 1.00 by Sinomcu
Message[301]: Processor-header file mismatch.  Verify selected processor.
                      00344                 LIST
                      00012 ;--------------------------------------------------------
                      00013 ; external declarations
                      00014 ;--------------------------------------------------------
                      00015         extern  ___uchar2fs
                      00016         extern  ___schar2fs
                      00017         extern  ___uint2fs
                      00018         extern  ___sint2fs
                      00019         extern  ___ulong2fs
                      00020         extern  ___slong2fs
                      00021         extern  ___fs2uchar
                      00022         extern  ___fs2schar
                      00023         extern  ___fs2uint
                      00024         extern  ___fs2sint
                      00025         extern  ___fs2ulong
                      00026         extern  ___fsadd
                      00027         extern  ___fssub
                      00028         extern  ___fsmul
                      00029         extern  ___fsdiv
                      00030         extern  ___fslt
                      00031         extern  ___fseq
                      00032         extern  ___fsneq
                      00033         extern  ___fsgt
                      00034 
                      00035         extern STK06
                      00036         extern STK05
                      00037         extern STK04
                      00038         extern STK03
                      00039         extern STK02
                      00040         extern STK01
                      00041         extern STK00
                      00042 ;--------------------------------------------------------
                      00043 ; global declarations
                      00044 ;--------------------------------------------------------
                      00045         global  ___fs2slong
                      00046 
                      00047 ;--------------------------------------------------------
                      00048 ; global definitions
                      00049 ;--------------------------------------------------------
                      00050 ;--------------------------------------------------------
                      00051 ; absolute symbol definitions
                      00052 ;--------------------------------------------------------
                      00053 ;--------------------------------------------------------
                      00054 ; compiler-defined variables
                      00055 ;--------------------------------------------------------
                      00056 UDL_fs2slong_0  udata
0000                  00057 r0x1003 res     1
0000                  00058 r0x1002 res     1
0001                  00059 r0x1001 res     1
0001                  00060 r0x1000 res     1
0002                  00061 r0x1004 res     1
0002                  00062 r0x1007 res     1
0003                  00063 r0x1006 res     1
0003                  00064 r0x1005 res     1
                      00065 ;--------------------------------------------------------
                      00066 ; initialized data
                      00067 ;--------------------------------------------------------
                      00068 ;--------------------------------------------------------
                      00069 ; overlayable items in internal ram 
                      00070 ;--------------------------------------------------------
                      00071 ;       udata_ovr
                      00072 ;--------------------------------------------------------
                      00073 ; code
                      00074 ;--------------------------------------------------------
                      00075 code_fs2slong   code
                      00076 ;***
                      00077 ;  pBlock Stats: dbName = C
                      00078 ;***
                      00079 ;entry:  ___fs2slong    ;Function start
                      00080 ; 2 exit points
                      00081 ;has an exit
                      00082 ;functions called:
                      00083 ;   ___fslt
                      00084 ;   ___fs2ulong
                      00085 ;   ___fs2ulong
                      00086 ;   ___fslt
                      00087 ;   ___fs2ulong
                      00088 ;   ___fs2ulong
                      00089 ;15 compiler assigned registers:
                      00090 ;   r0x1000
                      00091 ;   STK00
                      00092 ;   r0x1001
                      00093 ;   STK01
                      00094 ;   r0x1002
                      00095 ;   STK02
                      00096 ;   r0x1003
                      00097 ;   STK06
                      00098 ;   STK05
                      00099 ;   STK04
                      00100 ;   STK03
                      00101 ;   r0x1004
                      00102 ;   r0x1005
                      00103 ;   r0x1006
                      00104 ;   r0x1007
                      00105 ;; Starting pCode block
                      00106 ;;[ICODE] ../libsdcc/fs2slong.c:33:  _entry($7) :
                      00107 ;;[ICODE] ../libsdcc/fs2slong.c:33:     proc ___fs2slong [k1 lr0:0 so:0]{ ia0 a2p0 re0 rm0 nos0 ru0 dp0}{long-int function ( float fixed) fixed}
0000                  00108 ___fs2slong     ;Function start
                      00109 ; 2 exit points
                      00110 ;;[ICODE] ../libsdcc/fs2slong.c:33: iTemp0 [k2 lr3:17 so:0]{ ia0 a2p0 re1 rm0 nos0 ru0 dp0}{float fixed}{ sir@ ___fs2slong_f_1_21}[r0x1000 r0x1001 r0x1002 r0x1003 ] = recv ___fs2slong [k1 lr0:0 so:0]{ ia0 a2p0 re0 rm0 nos0 ru0 dp0}{long-int function ( float fixed) fixed}
                      00111 ;       .line   33; "../libsdcc/fs2slong.c"     signed long __fs2slong (float f) _FS_REENTRANT
0000   5600           00112         MOVRA   r0x1000
0001   5800           00113         MOVAR   STK00
0002   5600           00114         MOVRA   r0x1001
0003   5800           00115         MOVAR   STK01
0004   5600           00116         MOVRA   r0x1002
0005   5800           00117         MOVAR   STK02
0006   5600           00118         MOVRA   r0x1003
                      00119 ;;[ICODE] ../libsdcc/fs2slong.c:36:     if iTemp0 [k2 lr3:17 so:0]{ ia0 a2p0 re1 rm0 nos0 ru0 dp0}{float fixed}{ sir@ ___fs2slong_f_1_21}[r0x1000 r0x1001 r0x1002 r0x1003 ] != 0 goto _iffalse_0($2)
                      00120 ;       .line   36; "../libsdcc/fs2slong.c"     if (!f)
0007   5800           00121         MOVAR   r0x1003
0008   5C00           00122         ORAR    r0x1002
0009   5C00           00123         ORAR    r0x1001
000A   5C00           00124         ORAR    r0x1000
000B   E587           00125         JBSET   STATUS,2
000C   A000           00126         GOTO    _00106_DS_
                      00127 ;;[ICODE] ../libsdcc/fs2slong.c:37:     ret 0x0 {long-int literal}
                      00128 ;       .line   37; "../libsdcc/fs2slong.c"     return 0;
000D   3C00           00129         MOVAI   0x00
000E   5600           00130         MOVRA   STK02
000F   3C00           00131         MOVAI   0x00
0010   5600           00132         MOVRA   STK01
0011   3C00           00133         MOVAI   0x00
0012   5600           00134         MOVRA   STK00
0013   3C00           00135         MOVAI   0x00
0014   A000           00136         GOTO    _00110_DS_
                      00137 ;;[ICODE] ../libsdcc/fs2slong.c:37:  _iffalse_0($2) :
                      00138 ;;[ICODE] ../libsdcc/fs2slong.c:39:     send iTemp0 [k2 lr3:17 so:0]{ ia0 a2p0 re1 rm0 nos0 ru0 dp0}{float fixed}{ sir@ ___fs2slong_f_1_21}[r0x1000 r0x1001 r0x1002 r0x1003 ]{argreg = 1}
                      00139 ;;[ICODE] ../libsdcc/fs2slong.c:39:     send 0 {float literal}{argreg = 1}
                      00140 ;;[ICODE] ../libsdcc/fs2slong.c:39:     iTemp1 [k4 lr9:10 so:0]{ ia0 a2p0 re0 rm0 nos0 ru0 dp0}{char fixed}[r0x1004 ] = call ___fslt [k11 lr0:0 so:0]{ ia0 a2p0 re0 rm0 nos0 ru0 dp0}{char function ( float fixed, float fixed) fixed}
0015                  00141 _00106_DS_
                      00142 ;       .line   39; "../libsdcc/fs2slong.c"     if (f<0) {
0015   3C00           00143         MOVAI   0x00
0016   5600           00144         MOVRA   STK06
0017   3C00           00145         MOVAI   0x00
0018   5600           00146         MOVRA   STK05
0019   3C00           00147         MOVAI   0x00
001A   5600           00148         MOVRA   STK04
001B   3C00           00149         MOVAI   0x00
001C   5600           00150         MOVRA   STK03
001D   5800           00151         MOVAR   r0x1003
001E   5600           00152         MOVRA   STK02
001F   5800           00153         MOVAR   r0x1002
0020   5600           00154         MOVRA   STK01
0021   5800           00155         MOVAR   r0x1001
0022   5600           00156         MOVRA   STK00
0023   5800           00157         MOVAR   r0x1000
0024   8000           00158         CALL    ___fslt
0025   5600           00159         MOVRA   r0x1004
                      00160 ;;[ICODE] ../libsdcc/fs2slong.c:39:     if iTemp1 [k4 lr9:10 so:0]{ ia0 a2p0 re0 rm0 nos0 ru0 dp0}{char fixed}[r0x1004 ] == 0 goto _iffalse_1($4)
0026   3C00           00161         MOVAI   0x00
0027   5C00           00162         ORAR    r0x1004
0028   F587           00163         JBCLR   STATUS,2
0029   A000           00164         GOTO    _00108_DS_
                      00165 ;;[ICODE] ../libsdcc/fs2slong.c:40:     iTemp2 [k6 lr11:12 so:0]{ ia0 a2p0 re0 rm0 nos0 ru1 dp0}{float fixed}[r0x1004 r0x1005 r0x1006 r0x1007 ] = - iTemp0 [k2 lr3:17 so:0]{ ia0 a2p0 re1 rm0 nos0 ru0 dp0}{float fixed}{ sir@ ___fs2slong_f_1_21}[r0x1000 r0x1001 r0x1002 r0x1003 ]
                      00166 ;       .line   40; "../libsdcc/fs2slong.c"     return -__fs2ulong(-f);
002A   5800           00167         MOVAR   r0x1000
002B   3980           00168         XORAI   0x80
002C   5600           00169         MOVRA   r0x1005
                      00170 ;;104   MOVAR   r0x1001
                      00171 ;;102   MOVAR   r0x1002
                      00172 ;;100   MOVAR   r0x1003
                      00173 ;;[ICODE] ../libsdcc/fs2slong.c:40:     send iTemp2 [k6 lr11:12 so:0]{ ia0 a2p0 re0 rm0 nos0 ru1 dp0}{float fixed}[r0x1004 r0x1005 r0x1006 r0x1007 ]{argreg = 1}
                      00174 ;;[ICODE] ../libsdcc/fs2slong.c:40:     iTemp3 [k8 lr13:14 so:0]{ ia0 a2p0 re0 rm0 nos0 ru0 dp0}{unsigned-long-int fixed}[r0x1004 r0x1005 r0x1006 r0x1007 ] = call ___fs2ulong [k5 lr0:0 so:0]{ ia0 a2p0 re0 rm0 nos0 ru0 dp0}{unsigned-long-int function ( float fixed) fixed}
                      00175 ;;99    MOVAR   r0x1004
002D   5800           00176         MOVAR   r0x1003
002E   5600           00177         MOVRA   r0x1004
002F   5600           00178         MOVRA   STK02
                      00179 ;;101   MOVAR   r0x1007
0030   5800           00180         MOVAR   r0x1002
0031   5600           00181         MOVRA   r0x1007
0032   5600           00182         MOVRA   STK01
                      00183 ;;103   MOVAR   r0x1006
0033   5800           00184         MOVAR   r0x1001
0034   5600           00185         MOVRA   r0x1006
0035   5600           00186         MOVRA   STK00
0036   5800           00187         MOVAR   r0x1005
0037   8000           00188         CALL    ___fs2ulong
0038   5600           00189         MOVRA   r0x1005
0039   5800           00190         MOVAR   STK00
003A   5600           00191         MOVRA   r0x1006
003B   5800           00192         MOVAR   STK01
003C   5600           00193         MOVRA   r0x1007
003D   5800           00194         MOVAR   STK02
003E   5600           00195         MOVRA   r0x1004
                      00196 ;;[ICODE] ../libsdcc/fs2slong.c:40:     iTemp4 [k9 lr14:15 so:0]{ ia0 a2p0 re0 rm0 nos0 ru1 dp0}{unsigned-long-int fixed}[r0x1004 r0x1005 r0x1006 r0x1007 ] = - iTemp3 [k8 lr13:14 so:0]{ ia0 a2p0 re0 rm0 nos0 ru0 dp0}{unsigned-long-int fixed}[r0x1004 r0x1005 r0x1006 r0x1007 ]
003F   7200           00197         COMR    r0x1004
0040   7200           00198         COMR    r0x1007
0041   7200           00199         COMR    r0x1006
0042   7200           00200         COMR    r0x1005
0043   6600           00201         INCR    r0x1004
0044   F587           00202         JBCLR   STATUS,2
0045   6600           00203         INCR    r0x1007
0046   F587           00204         JBCLR   STATUS,2
0047   6600           00205         INCR    r0x1006
0048   F587           00206         JBCLR   STATUS,2
0049   6600           00207         INCR    r0x1005
                      00208 ;;[ICODE] ../libsdcc/fs2slong.c:40:     ret iTemp4 [k9 lr14:15 so:0]{ ia0 a2p0 re0 rm0 nos0 ru1 dp0}{unsigned-long-int fixed}[r0x1004 r0x1005 r0x1006 r0x1007 ]
004A   5800           00209         MOVAR   r0x1004
004B   5600           00210         MOVRA   STK02
004C   5800           00211         MOVAR   r0x1007
004D   5600           00212         MOVRA   STK01
004E   5800           00213         MOVAR   r0x1006
004F   5600           00214         MOVRA   STK00
0050   5800           00215         MOVAR   r0x1005
0051   A000           00216         GOTO    _00110_DS_
                      00217 ;;[ICODE] ../libsdcc/fs2slong.c:40:  _iffalse_1($4) :
                      00218 ;;[ICODE] ../libsdcc/fs2slong.c:42:     send iTemp0 [k2 lr3:17 so:0]{ ia0 a2p0 re1 rm0 nos0 ru0 dp0}{float fixed}{ sir@ ___fs2slong_f_1_21}[r0x1000 r0x1001 r0x1002 r0x1003 ]{argreg = 1}
                      00219 ;;[ICODE] ../libsdcc/fs2slong.c:42:     iTemp5 [k10 lr18:19 so:0]{ ia0 a2p0 re0 rm0 nos0 ru1 dp0}{unsigned-long-int fixed}[r0x1000 r0x1001 r0x1002 r0x1003 ] = call ___fs2ulong [k5 lr0:0 so:0]{ ia0 a2p0 re0 rm0 nos0 ru0 dp0}{unsigned-long-int function ( float fixed) fixed}
0052                  00220 _00108_DS_
                      00221 ;       .line   42; "../libsdcc/fs2slong.c"     return __fs2ulong(f);
0052   5800           00222         MOVAR   r0x1003
0053   5600           00223         MOVRA   STK02
0054   5800           00224         MOVAR   r0x1002
0055   5600           00225         MOVRA   STK01
0056   5800           00226         MOVAR   r0x1001
0057   5600           00227         MOVRA   STK00
0058   5800           00228         MOVAR   r0x1000
0059   8000           00229         CALL    ___fs2ulong
005A   5600           00230         MOVRA   r0x1000
005B   5800           00231         MOVAR   STK00
005C   5600           00232         MOVRA   r0x1001
005D   5800           00233         MOVAR   STK01
005E   5600           00234         MOVRA   r0x1002
005F   5800           00235         MOVAR   STK02
0060   5600           00236         MOVRA   r0x1003
                      00237 ;;[ICODE] ../libsdcc/fs2slong.c:42:     ret iTemp5 [k10 lr18:19 so:0]{ ia0 a2p0 re0 rm0 nos0 ru1 dp0}{unsigned-long-int fixed}[r0x1000 r0x1001 r0x1002 r0x1003 ]
0061   5800           00238         MOVAR   r0x1003
0062   5600           00239         MOVRA   STK02
0063   5800           00240         MOVAR   r0x1002
0064   5600           00241         MOVRA   STK01
0065   5800           00242         MOVAR   r0x1001
0066   5600           00243         MOVRA   STK00
0067   5800           00244         MOVAR   r0x1000
                      00245 ;;[ICODE] ../libsdcc/fs2slong.c:42:  _return($6) :
                      00246 ;;[ICODE] ../libsdcc/fs2slong.c:42:     eproc ___fs2slong [k1 lr0:0 so:0]{ ia0 a2p0 re0 rm0 nos0 ru0 dp0}{long-int function ( float fixed) fixed}
0068                  00247 _00110_DS_
0068   000C           00248         RETURN  
                      00249 ; exit point of ___fs2slong
                      00250 
                      00251 
                      00252 ;       code size estimation:
                      00253 ;         105+    0 =   105 instructions (  210 byte)
                      00254 
                      00255         end
gpasm-1.9.7 (May 15 2017)    fs2slong.asm       2017-5-15  15:28:52          PAGE  2


SYMBOL TABLE
  LABEL                             VALUE

ADCR0                             000001B8
ADCR1                             000001B9
ADIOS0                            000001BC
ADIOS1                            000001BD
ADRH                              000001BA
ADRL                              000001BB
EEAR                              000001B6
EECR                              000001B4
EEDR                              000001B7
EEMASK                            000001B5
FSR                               00000184
FSR0                              00000184
FSR1                              00000185
HIBYTE                            00000183
IICCR                             000001B0
IICDR                             000001B2
IICSR                             000001B1
INDF                              00000180
INDF0                             00000180
INDF1                             00000181
INDF2                             00000182
INDF3                             00000189
INTE                              0000018A
INTF                              0000018B
IOP0                              00000190
IOP1                              00000194
IOP2                              00000198
KBCR                              0000018F
MCR                               00000188
OEP0                              00000191
OEP1                              00000195
OEP2                              00000199
OSADJCR                           000001BE
OSCM                              0000018C
PCL                               00000186
PFLAG                             00000187
PUP0                              00000192
PUP1                              00000196
PUP2                              0000019A
STATUS                            00000187
STK00                             00000000
STK01                             00000000
STK02                             00000000
STK03                             00000000
STK04                             00000000
STK05                             00000000
STK06                             00000000
T0CNT                             000001A1
T0CR                              000001A0
T0DATA                            000001A3
T0LOAD                            000001A2
T1CNTH                            000001A9
T1CNTL                            000001AA
T1CR                              000001A8
T1DATAH                           000001AD
T1DATAL                           000001AE
T1LOADH                           000001AB
T1LOADL                           000001AC
_00106_DS_                        00000015
_00108_DS_                        00000052
_00110_DS_                        00000068
_CONFIG0                          00001FE0
_CONFIG1                          00001FE1
__9904                            00000001
___fs2schar                       00000000
___fs2sint                        00000000
___fs2slong                       00000000
___fs2uchar                       00000000
___fs2uint                        00000000
___fs2ulong                       00000000
___fsadd                          00000000
___fsdiv                          00000000
___fseq                           00000000
___fsgt                           00000000
___fslt                           00000000
___fsmul                          00000000
___fsneq                          00000000
___fssub                          00000000
___schar2fs                       00000000
___sint2fs                        00000000
___slong2fs                       00000000
___uchar2fs                       00000000
___uint2fs                        00000000
___ulong2fs                       00000000
r0x1000                           00000003
r0x1001                           00000002
r0x1002                           00000001
r0x1003                           00000000
r0x1004                           00000004
r0x1005                           00000007
r0x1006                           00000006
r0x1007                           00000005
ADCHS0                            ADCR0,4
ADCHS1                            ADCR0,5
ADCHS2                            ADCR0,6
ADCHS3                            ADCR0,7
ADCKS0                            ADCR1,4
ADCKS1                            ADCR1,5
ADEN                              ADCR0,0
ADEOC                             ADCR0,1
ADIE                              INTE,6
ADIF                              INTF,6
ADRSEL                            ADCR1,7
ADSPS0                            ADCR1,0
ADSPS1                            ADCR1,1
AN0EN                             ADIOS0,0
AN10EN                            ADIOS1,2
AN11EN                            ADIOS1,3
AN12EN                            ADIOS1,4
AN13EN                            ADIOS1,5
AN1EN                             ADIOS0,1
AN2EN                             ADIOS0,2
AN3EN                             ADIOS0,3
AN4EN                             ADIOS0,4
AN5EN                             ADIOS0,5
AN6EN                             ADIOS0,6
AN7EN                             ADIOS0,7
AN8EN                             ADIOS1,0
AN9EN                             ADIOS1,1
BUZ0OE                            T0CR,5
C                                 PFLAG,0
CLKS                              OSCM,2
DC                                PFLAG,1
EERW                              EECR,6
EETRIG                            EECR,7
GIE                               MCR,7
HFEN                              OSCM,0
IICACK                            IICSR,3
IICCKS0                           IICCR,4
IICCKS1                           IICCR,5
IICEN                             IICCR,7
IICIE                             INTE,5
IICIF                             INTF,5
IICIMS                            IICCR,0
IICRD                             IICSR,5
IICRDTP                           IICCR,1
IICRS                             IICCR,6
IICSTP                            IICSR,6
IICSTR                            IICSR,7
IICTYP0                           IICCR,2
IICTYP1                           IICCR,3
IICWR                             IICSR,4
INT0IE                            INTE,2
INT0IF                            INTF,2
INT1IE                            INTE,3
INT1IF                            INTF,3
KBIE                              INTE,4
KBIF                              INTF,4
LFEN                              OSCM,1
MINT00                            MCR,0
MINT01                            MCR,1
MINT10                            MCR,2
MINT11                            MCR,3
OSADJEN                           OSADJCR,7
OSADJTR0                          OSADJCR,0
OSADJTR1                          OSADJCR,1
OSADJTR2                          OSADJCR,2
OSADJTR3                          OSADJCR,3
OSADJTR4                          OSADJCR,4
OSADJTR5                          OSADJCR,5
P00D                              IOP0,0
P00OE                             OEP0,0
P00PU                             PUP0,0
P01D                              IOP0,1
P01OE                             OEP0,1
P01PU                             PUP0,1
P02D                              IOP0,2
P02OE                             OEP0,2
P02PU                             PUP0,2
P03D                              IOP0,3
P03OE                             OEP0,3
P03PU                             PUP0,3
P04D                              IOP0,4
P04OE                             OEP0,4
P04PU                             PUP0,4
P05D                              IOP0,5
P05OE                             OEP0,5
P05PU                             PUP0,5
P06D                              IOP0,6
P06OE                             OEP0,6
P06PU                             PUP0,6
P07D                              IOP0,7
P07OE                             OEP0,7
P07PU                             PUP0,7
P10D                              IOP1,0
P10OE                             OEP1,0
P10PU                             PUP1,0
P11D                              IOP1,1
P11OE                             OEP1,1
P11PU                             PUP1,1
P12D                              IOP1,2
P12OE                             OEP1,2
P12PU                             PUP1,2
P13D                              IOP1,3
P13OE                             OEP1,3
P13PU                             PUP1,3
P14D                              IOP1,4
P14OE                             OEP1,4
P14PU                             PUP1,4
P15D                              IOP1,5
P15OE                             OEP1,5
P15PU                             PUP1,5
P16D                              IOP1,6
P16OE                             OEP1,6
P16PU                             PUP1,6
P17D                              IOP1,7
P17OE                             OEP1,7
P17PU                             PUP1,7
P20D                              IOP2,0
P20OE                             OEP2,0
P20PU                             PUP2,0
P21D                              IOP2,1
P21OE                             OEP2,1
P21PU                             PUP2,1
P22D                              IOP2,2
P22OE                             OEP2,2
P22PU                             PUP2,2
P23D                              IOP2,3
P23OE                             OEP2,3
P23PU                             PUP2,3
P24D                              IOP2,4
P24OE                             OEP2,4
P24PU                             PUP2,4
P25D                              IOP2,5
P25OE                             OEP2,5
P25PU                             PUP2,5
PD                                MCR,4
PWM0OE                            T0CR,6
PWM1OE                            T1CR,6
RACK                              IICSR,1
SACK                              IICSR,2
STBH                              OSCM,4
STBL                              OSCM,5
T0CKS0                            T0CR,3
T0CKS1                            T0CR,4
T0EN                              T0CR,7
T0IE                              INTE,0
T0IF                              INTF,0
T0PRS0                            T0CR,0
T0PRS1                            T0CR,1
T0PRS2                            T0CR,2
T1CKS0                            T1CR,3
T1CKS1                            T1CR,4
T1EN                              T1CR,7
T1IE                              INTE,1
T1IF                              INTF,1
T1PRS0                            T1CR,0
T1PRS1                            T1CR,1
T1PRS2                            T1CR,2
TO                                MCR,5
UARTIE                            INTE,7
UARTIF                            INTF,7
VRS0                              ADCR0,2
VRS1                              ADCR0,3
Z                                 PFLAG,2

Errors   :     0
Warnings :     0 reported,     0 suppressed
Messages :     1 reported,     0 suppressed

