gpasm-1.9.7 (May 15 2017)    fs2uint.asm        2017-5-15  15:28:52          PAGE  1


LOC  OBJECT CODE     LINE SOURCE TEXT
  VALUE

                      00001 ;--------------------------------------------------------
                      00002 ; File Created by SN-SDCC : ANSI-C Compiler
                      00003 ; Version 0.0.4 (Nov 23 2015) (Linux)
                      00004 ; This file was generated Mon May 15 15:28:52 2017
                      00005 ;--------------------------------------------------------
                      00006 ; MC3X port for the RISC core
                      00007 ;--------------------------------------------------------
                      00008 ;       .file   "../libsdcc/fs2uint.c"
                      00009         list    p=9904
                      00010         radix dec
                      00011         include "9904.inc"
                      00001                 LIST
                      00002 ;mc9904.inc    Standard Header File, Version 1.00 by Sinomcu
Message[301]: Processor-header file mismatch.  Verify selected processor.
                      00344                 LIST
                      00012 ;--------------------------------------------------------
                      00013 ; external declarations
                      00014 ;--------------------------------------------------------
                      00015         extern  ___uchar2fs
                      00016         extern  ___schar2fs
                      00017         extern  ___uint2fs
                      00018         extern  ___sint2fs
                      00019         extern  ___ulong2fs
                      00020         extern  ___slong2fs
                      00021         extern  ___fs2uchar
                      00022         extern  ___fs2schar
                      00023         extern  ___fs2sint
                      00024         extern  ___fs2slong
                      00025         extern  ___fsadd
                      00026         extern  ___fssub
                      00027         extern  ___fsmul
                      00028         extern  ___fsdiv
                      00029         extern  ___fslt
                      00030         extern  ___fseq
                      00031         extern  ___fsneq
                      00032         extern  ___fsgt
                      00033         extern  ___fs2ulong
                      00034 
                      00035         extern STK06
                      00036         extern STK05
                      00037         extern STK04
                      00038         extern STK03
                      00039         extern STK02
                      00040         extern STK01
                      00041         extern STK00
                      00042 ;--------------------------------------------------------
                      00043 ; global declarations
                      00044 ;--------------------------------------------------------
                      00045         global  ___fs2uint
                      00046 
                      00047 ;--------------------------------------------------------
                      00048 ; global definitions
                      00049 ;--------------------------------------------------------
                      00050 ;--------------------------------------------------------
                      00051 ; absolute symbol definitions
                      00052 ;--------------------------------------------------------
                      00053 ;--------------------------------------------------------
                      00054 ; compiler-defined variables
                      00055 ;--------------------------------------------------------
                      00056 UDL_fs2uint_0   udata
0000                  00057 r0x1003 res     1
0000                  00058 r0x1002 res     1
0001                  00059 r0x1001 res     1
0001                  00060 r0x1000 res     1
                      00061 ;--------------------------------------------------------
                      00062 ; initialized data
                      00063 ;--------------------------------------------------------
                      00064 ;--------------------------------------------------------
                      00065 ; overlayable items in internal ram 
                      00066 ;--------------------------------------------------------
                      00067 ;       udata_ovr
                      00068 ;--------------------------------------------------------
                      00069 ; code
                      00070 ;--------------------------------------------------------
                      00071 code_fs2uint    code
                      00072 ;***
                      00073 ;  pBlock Stats: dbName = C
                      00074 ;***
                      00075 ;entry:  ___fs2uint     ;Function start
                      00076 ; 2 exit points
                      00077 ;has an exit
                      00078 ;functions called:
                      00079 ;   ___fs2ulong
                      00080 ;   ___fs2ulong
                      00081 ;9 compiler assigned registers:
                      00082 ;   r0x1000
                      00083 ;   STK00
                      00084 ;   r0x1001
                      00085 ;   STK01
                      00086 ;   r0x1002
                      00087 ;   STK02
                      00088 ;   r0x1003
                      00089 ;   r0x1004
                      00090 ;   r0x1005
                      00091 ;; Starting pCode block
                      00092 ;;[ICODE] ../libsdcc/fs2uint.c:35:  _entry($4) :
                      00093 ;;[ICODE] ../libsdcc/fs2uint.c:35:      proc ___fs2uint [k1 lr0:0 so:0]{ ia0 a2p0 re0 rm0 nos0 ru0 dp0}{unsigned-int function ( float fixed) fixed}
0000                  00094 ___fs2uint      ;Function start
                      00095 ; 2 exit points
                      00096 ;;[ICODE] ../libsdcc/fs2uint.c:35: iTemp0 [k2 lr3:4 so:0]{ ia0 a2p0 re1 rm0 nos0 ru1 dp0}{float fixed}{ sir@ ___fs2uint_f_1_22}[r0x1000 r0x1001 r0x1002 r0x1003 ] = recv ___fs2uint [k1 lr0:0 so:0]{ ia0 a2p0 re0 rm0 nos0 ru0 dp0}{unsigned-int function ( float fixed) fixed}
                      00097 ;       .line   35; "../libsdcc/fs2uint.c"      unsigned int __fs2uint (float f) _FS_REENTRANT
0000   5600           00098         MOVRA   r0x1000
0001   5800           00099         MOVAR   STK00
0002   5600           00100         MOVRA   r0x1001
0003   5800           00101         MOVAR   STK01
0004   5600           00102         MOVRA   r0x1002
0005   5800           00103         MOVAR   STK02
0006   5600           00104         MOVRA   r0x1003
                      00105 ;;[ICODE] ../libsdcc/fs2uint.c:37:      send iTemp0 [k2 lr3:4 so:0]{ ia0 a2p0 re1 rm0 nos0 ru1 dp0}{float fixed}{ sir@ ___fs2uint_f_1_22}[r0x1000 r0x1001 r0x1002 r0x1003 ]{argreg = 1}
                      00106 ;;[ICODE] ../libsdcc/fs2uint.c:37:      iTemp1 [k4 lr5:11 so:0]{ ia0 a2p0 re1 rm0 nos0 ru0 dp0}{unsigned-long-int fixed}{ sir@ ___fs2uint_ul_1_23}[r0x1000 r0x1001 r0x1002 r0x1003 ] = call ___fs2ulong [k6 lr0:0 so:0]{ ia0 a2p0 re0 rm0 nos0 ru0 dp0}{unsigned-long-int function ( float fixed) fixed}
                      00107 ;       .line   37; "../libsdcc/fs2uint.c"      unsigned long ul=__fs2ulong(f);
0007   5800           00108         MOVAR   r0x1003
0008   5600           00109         MOVRA   STK02
0009   5800           00110         MOVAR   r0x1002
000A   5600           00111         MOVRA   STK01
000B   5800           00112         MOVAR   r0x1001
000C   5600           00113         MOVRA   STK00
000D   5800           00114         MOVAR   r0x1000
000E   8000           00115         CALL    ___fs2ulong
000F   5600           00116         MOVRA   r0x1000
0010   5800           00117         MOVAR   STK00
0011   5600           00118         MOVRA   r0x1001
0012   5800           00119         MOVAR   STK01
0013   5600           00120         MOVRA   r0x1002
0014   5800           00121         MOVAR   STK02
0015   5600           00122         MOVRA   r0x1003
                      00123 ;;[ICODE] ../libsdcc/fs2uint.c:38:      iTemp3 [k9 lr7:8 so:0]{ ia0 a2p0 re0 rm0 nos0 ru0 dp0}{char fixed} = iTemp1 [k4 lr5:11 so:0]{ ia0 a2p0 re1 rm0 nos0 ru0 dp0}{unsigned-long-int fixed}{ sir@ ___fs2uint_ul_1_23}[r0x1000 r0x1001 r0x1002 r0x1003 ] < 0xffff {unsigned-long-int literal}
                      00124 ;;unsigned compare: left < lit(0xFFFF=65535), size=4
                      00125 ;       .line   38; "../libsdcc/fs2uint.c"      if (ul>=UINT_MAX) return UINT_MAX;
0016   3C00           00126         MOVAI   0x00
0017   4800           00127         RSUBAR  r0x1000
0018   E587           00128         JBSET   STATUS,2
0019   A000           00129         GOTO    _00111_DS_
001A   3C00           00130         MOVAI   0x00
001B   4800           00131         RSUBAR  r0x1001
001C   E587           00132         JBSET   STATUS,2
001D   A000           00133         GOTO    _00111_DS_
001E   3CFF           00134         MOVAI   0xff
001F   4800           00135         RSUBAR  r0x1002
0020   E587           00136         JBSET   STATUS,2
0021   A000           00137         GOTO    _00111_DS_
0022   3CFF           00138         MOVAI   0xff
0023   4800           00139         RSUBAR  r0x1003
0024                  00140 _00111_DS_
0024   E187           00141         JBSET   STATUS,0
0025   A000           00142         GOTO    _00106_DS_
                      00143 ;;genSkipc:3246: created from rifx:0xbff08e90
                      00144 ;;[ICODE] ../libsdcc/fs2uint.c:38:      if iTemp3 [k9 lr7:8 so:0]{ ia0 a2p0 re0 rm0 nos0 ru0 dp0}{char fixed} != 0 goto _iffalse_0($2)
                      00145 ;;[ICODE] ../libsdcc/fs2uint.c:38:      ret 0xffff {const-unsigned-int literal}
0026   3CFF           00146         MOVAI   0xff
0027   5600           00147         MOVRA   STK00
0028   3CFF           00148         MOVAI   0xff
0029   A000           00149         GOTO    _00107_DS_
                      00150 ;;[ICODE] ../libsdcc/fs2uint.c:38:  _iffalse_0($2) :
                      00151 ;;[ICODE] ../libsdcc/fs2uint.c:39:      iTemp4 [k10 lr11:12 so:0]{ ia0 a2p0 re0 rm0 nos0 ru1 dp0}{unsigned-int fixed}[r0x1004 r0x1005 ] = (unsigned-int fixed)iTemp1 [k4 lr5:11 so:0]{ ia0 a2p0 re1 rm0 nos0 ru0 dp0}{unsigned-long-int fixed}{ sir@ ___fs2uint_ul_1_23}[r0x1000 r0x1001 r0x1002 r0x1003 ]
                      00152 ;;101   MOVAR   r0x1003
                      00153 ;;99    MOVRA   r0x1004
                      00154 ;;104   MOVAR   r0x1002
                      00155 ;;102   MOVRA   r0x1005
                      00156 ;;[ICODE] ../libsdcc/fs2uint.c:39:      ret iTemp4 [k10 lr11:12 so:0]{ ia0 a2p0 re0 rm0 nos0 ru1 dp0}{unsigned-int fixed}[r0x1004 r0x1005 ]
                      00157 ;;100   MOVAR   r0x1004
002A                  00158 _00106_DS_
                      00159 ;       .line   39; "../libsdcc/fs2uint.c"      return ul;
002A   5800           00160         MOVAR   r0x1003
002B   5600           00161         MOVRA   STK00
                      00162 ;;103   MOVAR   r0x1005
002C   5800           00163         MOVAR   r0x1002
                      00164 ;;[ICODE] ../libsdcc/fs2uint.c:39:  _return($3) :
                      00165 ;;[ICODE] ../libsdcc/fs2uint.c:39:      eproc ___fs2uint [k1 lr0:0 so:0]{ ia0 a2p0 re0 rm0 nos0 ru0 dp0}{unsigned-int function ( float fixed) fixed}
002D                  00166 _00107_DS_
002D   000C           00167         RETURN  
                      00168 ; exit point of ___fs2uint
                      00169 
                      00170 
                      00171 ;       code size estimation:
                      00172 ;          46+    0 =    46 instructions (   92 byte)
                      00173 
                      00174         end
gpasm-1.9.7 (May 15 2017)    fs2uint.asm        2017-5-15  15:28:52          PAGE  2


SYMBOL TABLE
  LABEL                             VALUE

ADCR0                             000001B8
ADCR1                             000001B9
ADIOS0                            000001BC
ADIOS1                            000001BD
ADRH                              000001BA
ADRL                              000001BB
EEAR                              000001B6
EECR                              000001B4
EEDR                              000001B7
EEMASK                            000001B5
FSR                               00000184
FSR0                              00000184
FSR1                              00000185
HIBYTE                            00000183
IICCR                             000001B0
IICDR                             000001B2
IICSR                             000001B1
INDF                              00000180
INDF0                             00000180
INDF1                             00000181
INDF2                             00000182
INDF3                             00000189
INTE                              0000018A
INTF                              0000018B
IOP0                              00000190
IOP1                              00000194
IOP2                              00000198
KBCR                              0000018F
MCR                               00000188
OEP0                              00000191
OEP1                              00000195
OEP2                              00000199
OSADJCR                           000001BE
OSCM                              0000018C
PCL                               00000186
PFLAG                             00000187
PUP0                              00000192
PUP1                              00000196
PUP2                              0000019A
STATUS                            00000187
STK00                             00000000
STK01                             00000000
STK02                             00000000
STK03                             00000000
STK04                             00000000
STK05                             00000000
STK06                             00000000
T0CNT                             000001A1
T0CR                              000001A0
T0DATA                            000001A3
T0LOAD                            000001A2
T1CNTH                            000001A9
T1CNTL                            000001AA
T1CR                              000001A8
T1DATAH                           000001AD
T1DATAL                           000001AE
T1LOADH                           000001AB
T1LOADL                           000001AC
_00106_DS_                        0000002A
_00107_DS_                        0000002D
_00111_DS_                        00000024
_CONFIG0                          00001FE0
_CONFIG1                          00001FE1
__9904                            00000001
___fs2schar                       00000000
___fs2sint                        00000000
___fs2slong                       00000000
___fs2uchar                       00000000
___fs2uint                        00000000
___fs2ulong                       00000000
___fsadd                          00000000
___fsdiv                          00000000
___fseq                           00000000
___fsgt                           00000000
___fslt                           00000000
___fsmul                          00000000
___fsneq                          00000000
___fssub                          00000000
___schar2fs                       00000000
___sint2fs                        00000000
___slong2fs                       00000000
___uchar2fs                       00000000
___uint2fs                        00000000
___ulong2fs                       00000000
r0x1000                           00000003
r0x1001                           00000002
r0x1002                           00000001
r0x1003                           00000000
ADCHS0                            ADCR0,4
ADCHS1                            ADCR0,5
ADCHS2                            ADCR0,6
ADCHS3                            ADCR0,7
ADCKS0                            ADCR1,4
ADCKS1                            ADCR1,5
ADEN                              ADCR0,0
ADEOC                             ADCR0,1
ADIE                              INTE,6
ADIF                              INTF,6
ADRSEL                            ADCR1,7
ADSPS0                            ADCR1,0
ADSPS1                            ADCR1,1
AN0EN                             ADIOS0,0
AN10EN                            ADIOS1,2
AN11EN                            ADIOS1,3
AN12EN                            ADIOS1,4
AN13EN                            ADIOS1,5
AN1EN                             ADIOS0,1
AN2EN                             ADIOS0,2
AN3EN                             ADIOS0,3
AN4EN                             ADIOS0,4
AN5EN                             ADIOS0,5
AN6EN                             ADIOS0,6
AN7EN                             ADIOS0,7
AN8EN                             ADIOS1,0
AN9EN                             ADIOS1,1
BUZ0OE                            T0CR,5
C                                 PFLAG,0
CLKS                              OSCM,2
DC                                PFLAG,1
EERW                              EECR,6
EETRIG                            EECR,7
GIE                               MCR,7
HFEN                              OSCM,0
IICACK                            IICSR,3
IICCKS0                           IICCR,4
IICCKS1                           IICCR,5
IICEN                             IICCR,7
IICIE                             INTE,5
IICIF                             INTF,5
IICIMS                            IICCR,0
IICRD                             IICSR,5
IICRDTP                           IICCR,1
IICRS                             IICCR,6
IICSTP                            IICSR,6
IICSTR                            IICSR,7
IICTYP0                           IICCR,2
IICTYP1                           IICCR,3
IICWR                             IICSR,4
INT0IE                            INTE,2
INT0IF                            INTF,2
INT1IE                            INTE,3
INT1IF                            INTF,3
KBIE                              INTE,4
KBIF                              INTF,4
LFEN                              OSCM,1
MINT00                            MCR,0
MINT01                            MCR,1
MINT10                            MCR,2
MINT11                            MCR,3
OSADJEN                           OSADJCR,7
OSADJTR0                          OSADJCR,0
OSADJTR1                          OSADJCR,1
OSADJTR2                          OSADJCR,2
OSADJTR3                          OSADJCR,3
OSADJTR4                          OSADJCR,4
OSADJTR5                          OSADJCR,5
P00D                              IOP0,0
P00OE                             OEP0,0
P00PU                             PUP0,0
P01D                              IOP0,1
P01OE                             OEP0,1
P01PU                             PUP0,1
P02D                              IOP0,2
P02OE                             OEP0,2
P02PU                             PUP0,2
P03D                              IOP0,3
P03OE                             OEP0,3
P03PU                             PUP0,3
P04D                              IOP0,4
P04OE                             OEP0,4
P04PU                             PUP0,4
P05D                              IOP0,5
P05OE                             OEP0,5
P05PU                             PUP0,5
P06D                              IOP0,6
P06OE                             OEP0,6
P06PU                             PUP0,6
P07D                              IOP0,7
P07OE                             OEP0,7
P07PU                             PUP0,7
P10D                              IOP1,0
P10OE                             OEP1,0
P10PU                             PUP1,0
P11D                              IOP1,1
P11OE                             OEP1,1
P11PU                             PUP1,1
P12D                              IOP1,2
P12OE                             OEP1,2
P12PU                             PUP1,2
P13D                              IOP1,3
P13OE                             OEP1,3
P13PU                             PUP1,3
P14D                              IOP1,4
P14OE                             OEP1,4
P14PU                             PUP1,4
P15D                              IOP1,5
P15OE                             OEP1,5
P15PU                             PUP1,5
P16D                              IOP1,6
P16OE                             OEP1,6
P16PU                             PUP1,6
P17D                              IOP1,7
P17OE                             OEP1,7
P17PU                             PUP1,7
P20D                              IOP2,0
P20OE                             OEP2,0
P20PU                             PUP2,0
P21D                              IOP2,1
P21OE                             OEP2,1
P21PU                             PUP2,1
P22D                              IOP2,2
P22OE                             OEP2,2
P22PU                             PUP2,2
P23D                              IOP2,3
P23OE                             OEP2,3
P23PU                             PUP2,3
P24D                              IOP2,4
P24OE                             OEP2,4
P24PU                             PUP2,4
P25D                              IOP2,5
P25OE                             OEP2,5
P25PU                             PUP2,5
PD                                MCR,4
PWM0OE                            T0CR,6
PWM1OE                            T1CR,6
RACK                              IICSR,1
SACK                              IICSR,2
STBH                              OSCM,4
STBL                              OSCM,5
T0CKS0                            T0CR,3
T0CKS1                            T0CR,4
T0EN                              T0CR,7
T0IE                              INTE,0
T0IF                              INTF,0
T0PRS0                            T0CR,0
T0PRS1                            T0CR,1
T0PRS2                            T0CR,2
T1CKS0                            T1CR,3
T1CKS1                            T1CR,4
T1EN                              T1CR,7
T1IE                              INTE,1
T1IF                              INTF,1
T1PRS0                            T1CR,0
T1PRS1                            T1CR,1
T1PRS2                            T1CR,2
TO                                MCR,5
UARTIE                            INTE,7
UARTIF                            INTF,7
VRS0                              ADCR0,2
VRS1                              ADCR0,3
Z                                 PFLAG,2

Errors   :     0
Warnings :     0 reported,     0 suppressed
Messages :     1 reported,     0 suppressed

