gpasm-1.7.0_beta1 (Jan 22 2015)_modulong.asm      2015-1-22  23:34:25          PAGE  1


LOC  OBJECT CODE     LINE SOURCE TEXT
  VALUE

                      00001 ;--------------------------------------------------------
                      00002 ; File Created by SN-SDCC : ANSI-C Compiler
                      00003 ; Version 0.0.4 (Jan 22 2015) (Linux)
                      00004 ; This file was generated Thu Jan 22 23:34:25 2015
                      00005 ;--------------------------------------------------------
                      00006 ; MC3X port for the RISC core
                      00007 ;--------------------------------------------------------
                      00008 ;       .file   "../libsdcc/_modulong.c"
                      00009         list    p=31p11
                      00010         radix dec
                      00011         include "mc31p11.inc"
                      00001                 LIST
                      00002 ;mc31p11.inc    Standard Header File, Version 1.00 by Sinomcu
                      00176                 LIST
                      00012 ;--------------------------------------------------------
                      00013 ; external declarations
                      00014 ;--------------------------------------------------------
                      00015 
                      00016         extern STK06
                      00017         extern STK05
                      00018         extern STK04
                      00019         extern STK03
                      00020         extern STK02
                      00021         extern STK01
                      00022         extern STK00
                      00023 ;--------------------------------------------------------
                      00024 ; global declarations
                      00025 ;--------------------------------------------------------
                      00026         global  __modulong
                      00027 
                      00028 ;--------------------------------------------------------
                      00029 ; global definitions
                      00030 ;--------------------------------------------------------
                      00031 ;--------------------------------------------------------
                      00032 ; absolute symbol definitions
                      00033 ;--------------------------------------------------------
                      00034 ;--------------------------------------------------------
                      00035 ; compiler-defined variables
                      00036 ;--------------------------------------------------------
                      00037 UDL__modulong_0 udata
0000                  00038 r0x1003 res     1
0000                  00039 r0x1002 res     1
0001                  00040 r0x1001 res     1
0001                  00041 r0x1000 res     1
0002                  00042 r0x1007 res     1
0002                  00043 r0x1006 res     1
0003                  00044 r0x1005 res     1
0003                  00045 r0x1004 res     1
0004                  00046 r0x1008 res     1
                      00047 ;--------------------------------------------------------
                      00048 ; initialized data
                      00049 ;--------------------------------------------------------
                      00050 ;--------------------------------------------------------
                      00051 ; overlayable items in internal ram 
                      00052 ;--------------------------------------------------------
                      00053 ;       udata_ovr
                      00054 ;--------------------------------------------------------
                      00055 ; code
                      00056 ;--------------------------------------------------------
                      00057 code__modulong  code
                      00058 ;***
                      00059 ;  pBlock Stats: dbName = C
                      00060 ;***
                      00061 ;entry:  __modulong     ;Function start
                      00062 ; 2 exit points
                      00063 ;has an exit
                      00064 ;16 compiler assigned registers:
                      00065 ;   r0x1000
                      00066 ;   STK00
                      00067 ;   r0x1001
                      00068 ;   STK01
                      00069 ;   r0x1002
                      00070 ;   STK02
                      00071 ;   r0x1003
                      00072 ;   STK03
                      00073 ;   r0x1004
                      00074 ;   STK04
                      00075 ;   r0x1005
                      00076 ;   STK05
                      00077 ;   r0x1006
                      00078 ;   STK06
                      00079 ;   r0x1007
                      00080 ;   r0x1008
                      00081 ;; Starting pCode block
                      00082 ;;[ICODE] ../libsdcc/_modulong.c:30:  _entry($12) :
                      00083 ;;[ICODE] ../libsdcc/_modulong.c:30:    proc __modulong [k1 lr0:0 so:0]{ ia0 a2p0 re0 rm0 nos0 ru0 dp0}{unsigned-long-int function ( unsigned-long-int fixed, unsigned-long-int fixed) fixed}
0000                  00084 __modulong      ;Function start
                      00085 ; 2 exit points
                      00086 ;;[ICODE] ../libsdcc/_modulong.c:30: iTemp0 [k2 lr3:32 so:0]{ ia0 a2p0 re1 rm0 nos0 ru0 dp0}{unsigned-long-int fixed}{ sir@ __modulong_a_1_1}[r0x1000 r0x1001 r0x1002 r0x1003 ] = recv __modulong [k1 lr0:0 so:0]{ ia0 a2p0 re0 rm0 nos0 ru0 dp0}{unsigned-long-int function ( unsigned-long-int fixed, unsigned-long-int fixed) fixed}
                      00087 ;       .line   30; "../libsdcc/_modulong.c"    _modulong (unsigned long a, unsigned long b)
0000   0AC0           00088         MOVRA   r0x1000
0001   0B00           00089         MOVAR   STK00
0002   0AC0           00090         MOVRA   r0x1001
0003   0B00           00091         MOVAR   STK01
0004   0AC0           00092         MOVRA   r0x1002
0005   0B00           00093         MOVAR   STK02
0006   0AC0           00094         MOVRA   r0x1003
                      00095 ;;[ICODE] ../libsdcc/_modulong.c:30: iTemp1 [k4 lr4:30 so:0]{ ia0 a2p0 re1 rm0 nos0 ru0 dp0}{unsigned-long-int fixed}{ sir@ __modulong_b_1_1}[r0x1004 r0x1005 r0x1006 r0x1007 ] = recv __modulong [k1 lr0:0 so:0]{ ia0 a2p0 re0 rm0 nos0 ru0 dp0}{unsigned-long-int function ( unsigned-long-int fixed, unsigned-long-int fixed) fixed}
0007   0B00           00096         MOVAR   STK03
0008   0AC0           00097         MOVRA   r0x1004
0009   0B00           00098         MOVAR   STK04
000A   0AC0           00099         MOVRA   r0x1005
000B   0B00           00100         MOVAR   STK05
000C   0AC0           00101         MOVRA   r0x1006
000D   0B00           00102         MOVAR   STK06
000E   0AC0           00103         MOVRA   r0x1007
                      00104 ;;[ICODE] ../libsdcc/_modulong.c:35:    if iTemp1 [k4 lr4:30 so:0]{ ia0 a2p0 re1 rm0 nos0 ru0 dp0}{unsigned-long-int fixed}{ sir@ __modulong_b_1_1}[r0x1004 r0x1005 r0x1006 r0x1007 ] != 0 goto preHeaderLbl0($15)
                      00105 ;       .line   35; "../libsdcc/_modulong.c"    if (!b) return (unsigned long)-1;
000F   0B00           00106         MOVAR   r0x1007
0010   0B80           00107         ORAR    r0x1006
0011   0B80           00108         ORAR    r0x1005
0012   0B80           00109         ORAR    r0x1004
0013   1C83           00110         JBSET   STATUS,2
0014   1400           00111         GOTO    _00119_DS_
                      00112 ;;[ICODE] ../libsdcc/_modulong.c:35:    ret 0xffffffff {unsigned-long-int literal}
0015   04FF           00113         MOVAI   0xff
0016   0AC0           00114         MOVRA   STK02
0017   04FF           00115         MOVAI   0xff
0018   0AC0           00116         MOVRA   STK01
0019   04FF           00117         MOVAI   0xff
001A   0AC0           00118         MOVRA   STK00
001B   04FF           00119         MOVAI   0xff
001C   1400           00120         GOTO    _00115_DS_
                      00121 ;;[ICODE] ../libsdcc/_modulong.c:39:  preHeaderLbl0($15) :
                      00122 ;;[ICODE] ../libsdcc/_modulong.c:39:    iTemp5 [k10 lr8:18 so:0]{ ia0 a2p0 re0 rm0 nos0 ru0 dp0}{unsigned-char fixed}{ sir@ __modulong_count_1_2}[r0x1008 ] := 0x1 {const-unsigned-char literal}
001D                  00123 _00119_DS_
                      00124 ;       .line   39; "../libsdcc/_modulong.c"    while (!(b & (1UL << (8*sizeof(unsigned long)-1)))) {
001D   0401           00125         MOVAI   0x01
001E   0AC0           00126         MOVRA   r0x1008
                      00127 ;;[ICODE] ../libsdcc/_modulong.c:39:  _whilecontinue_0($3) :
                      00128 ;;[ICODE] ../libsdcc/_modulong.c:39:    iTemp3 [k8 lr11:12 so:0]{ ia0 a2p0 re0 rm0 nos0 ru0 dp0}{unsigned-long-int register} = iTemp1 [k4 lr4:30 so:0]{ ia0 a2p0 re1 rm0 nos0 ru0 dp0}{unsigned-long-int fixed}{ sir@ __modulong_b_1_1}[r0x1004 r0x1005 r0x1006 r0x1007 ] & 0x80000000 {unsigned-long-int literal}
001F                  00129 _00107_DS_
001F   1FC0           00130         JBCLR   r0x1004,7
0020   1400           00131         GOTO    _00112_DS_
                      00132 ;;[ICODE] ../libsdcc/_modulong.c:39:    if iTemp3 [k8 lr11:12 so:0]{ ia0 a2p0 re0 rm0 nos0 ru0 dp0}{unsigned-long-int register} != 0 goto preHeaderLbl1($18)
                      00133 ;;[ICODE] ../libsdcc/_modulong.c:40:    iTemp1 [k4 lr4:30 so:0]{ ia0 a2p0 re1 rm0 nos0 ru0 dp0}{unsigned-long-int fixed}{ sir@ __modulong_b_1_1}[r0x1004 r0x1005 r0x1006 r0x1007 ] = iTemp1 [k4 lr4:30 so:0]{ ia0 a2p0 re1 rm0 nos0 ru0 dp0}{unsigned-long-int fixed}{ sir@ __modulong_b_1_1}[r0x1004 r0x1005 r0x1006 r0x1007 ] << 0x1 {const-unsigned-char literal}
                      00134 ;       .line   40; "../libsdcc/_modulong.c"    b <<= 1;
0021   1A03           00135         BCLR    STATUS,0
0022   0A40           00136         RLR     r0x1007
0023   0A40           00137         RLR     r0x1006
0024   0A40           00138         RLR     r0x1005
0025   0A40           00139         RLR     r0x1004
                      00140 ;;[ICODE] ../libsdcc/_modulong.c:41:    iTemp5 [k10 lr8:18 so:0]{ ia0 a2p0 re0 rm0 nos0 ru0 dp0}{unsigned-char fixed}{ sir@ __modulong_count_1_2}[r0x1008 ] = iTemp5 [k10 lr8:18 so:0]{ ia0 a2p0 re0 rm0 nos0 ru0 dp0}{unsigned-char fixed}{ sir@ __modulong_count_1_2}[r0x1008 ] + 0x1 {const-unsigned-char literal}
                      00141 ;       .line   41; "../libsdcc/_modulong.c"    ++count;
0026   0CC0           00142         INCR    r0x1008
                      00143 ;;[ICODE] ../libsdcc/_modulong.c:41:     goto _whilecontinue_0($3)
0027   1400           00144         GOTO    _00107_DS_
                      00145 ;;[ICODE] ../libsdcc/_modulong.c:45:  preHeaderLbl1($18) :
                      00146 ;;[ICODE] ../libsdcc/_modulong.c:45:    iTemp9 [k14 lr18:30 so:0]{ ia0 a2p0 re0 rm0 nos0 ru0 dp0}{unsigned-char fixed}{ sir@ __modulong_count_1_2}[r0x1008 ] := iTemp5 [k10 lr8:18 so:0]{ ia0 a2p0 re0 rm0 nos0 ru0 dp0}{unsigned-char fixed}{ sir@ __modulong_count_1_2}[r0x1008 ]
                      00147 ;;[ICODE] ../libsdcc/_modulong.c:45:  _whilecontinue_1($8) :
                      00148 ;;[ICODE] ../libsdcc/_modulong.c:45:    if iTemp9 [k14 lr18:30 so:0]{ ia0 a2p0 re0 rm0 nos0 ru0 dp0}{unsigned-char fixed}{ sir@ __modulong_count_1_2}[r0x1008 ] == 0 goto _whilebreak_1($10)
0028                  00149 _00112_DS_
                      00150 ;       .line   45; "../libsdcc/_modulong.c"    while (count) {
0028   0400           00151         MOVAI   0x00
0029   0B80           00152         ORAR    r0x1008
002A   1E83           00153         JBCLR   STATUS,2
002B   1400           00154         GOTO    _00114_DS_
                      00155 ;;[ICODE] ../libsdcc/_modulong.c:46:    iTemp6 [k11 lr22:23 so:0]{ ia0 a2p0 re0 rm0 nos0 ru0 dp0}{char fixed} = iTemp0 [k2 lr3:32 so:0]{ ia0 a2p0 re1 rm0 nos0 ru0 dp0}{unsigned-long-int fixed}{ sir@ __modulong_a_1_1}[r0x1000 r0x1001 r0x1002 r0x1003 ] < iTemp1 [k4 lr4:30 so:0]{ ia0 a2p0 re1 rm0 nos0 ru0 dp0}{unsigned-long-int fixed}{ sir@ __modulong_b_1_1}[r0x1004 r0x1005 r0x1006 r0x1007 ]
                      00156 ;       .line   46; "../libsdcc/_modulong.c"    if (a >= b) {
002C   0B00           00157         MOVAR   r0x1004
002D   0900           00158         RSUBAR  r0x1000
002E   1C83           00159         JBSET   STATUS,2
002F   1400           00160         GOTO    _00131_DS_
0030   0B00           00161         MOVAR   r0x1005
0031   0900           00162         RSUBAR  r0x1001
0032   1C83           00163         JBSET   STATUS,2
0033   1400           00164         GOTO    _00131_DS_
0034   0B00           00165         MOVAR   r0x1006
0035   0900           00166         RSUBAR  r0x1002
0036   1C83           00167         JBSET   STATUS,2
0037   1400           00168         GOTO    _00131_DS_
0038   0B00           00169         MOVAR   r0x1007
0039   0900           00170         RSUBAR  r0x1003
003A                  00171 _00131_DS_
003A   1C03           00172         JBSET   STATUS,0
003B   1400           00173         GOTO    _00111_DS_
                      00174 ;;genSkipc:3246: created from rifx:0xbfe0d4c0
                      00175 ;;[ICODE] ../libsdcc/_modulong.c:46:    if iTemp6 [k11 lr22:23 so:0]{ ia0 a2p0 re0 rm0 nos0 ru0 dp0}{char fixed} != 0 goto _iffalse_1($7)
                      00176 ;;[ICODE] ../libsdcc/_modulong.c:47:    iTemp0 [k2 lr3:32 so:0]{ ia0 a2p0 re1 rm0 nos0 ru0 dp0}{unsigned-long-int fixed}{ sir@ __modulong_a_1_1}[r0x1000 r0x1001 r0x1002 r0x1003 ] = iTemp0 [k2 lr3:32 so:0]{ ia0 a2p0 re1 rm0 nos0 ru0 dp0}{unsigned-long-int fixed}{ sir@ __modulong_a_1_1}[r0x1000 r0x1001 r0x1002 r0x1003 ] - iTemp1 [k4 lr4:30 so:0]{ ia0 a2p0 re1 rm0 nos0 ru0 dp0}{unsigned-long-int fixed}{ sir@ __modulong_b_1_1}[r0x1004 r0x1005 r0x1006 r0x1007 ]
                      00177 ;       .line   47; "../libsdcc/_modulong.c"    a -= b;
003C   0B00           00178         MOVAR   r0x1007
003D   0940           00179         RSUBRA  r0x1003
003E   0B00           00180         MOVAR   r0x1006
003F   1C03           00181         JBSET   STATUS,0
0040   0C00           00182         JZAR    r0x1006
0041   0940           00183         RSUBRA  r0x1002
0042   0B00           00184         MOVAR   r0x1005
0043   1C03           00185         JBSET   STATUS,0
0044   0C00           00186         JZAR    r0x1005
0045   0940           00187         RSUBRA  r0x1001
0046   0B00           00188         MOVAR   r0x1004
0047   1C03           00189         JBSET   STATUS,0
0048   0C00           00190         JZAR    r0x1004
0049   0940           00191         RSUBRA  r0x1000
                      00192 ;;[ICODE] ../libsdcc/_modulong.c:47:  _iffalse_1($7) :
                      00193 ;;[ICODE] ../libsdcc/_modulong.c:49:    iTemp1 [k4 lr4:30 so:0]{ ia0 a2p0 re1 rm0 nos0 ru0 dp0}{unsigned-long-int fixed}{ sir@ __modulong_b_1_1}[r0x1004 r0x1005 r0x1006 r0x1007 ] = iTemp1 [k4 lr4:30 so:0]{ ia0 a2p0 re1 rm0 nos0 ru0 dp0}{unsigned-long-int fixed}{ sir@ __modulong_b_1_1}[r0x1004 r0x1005 r0x1006 r0x1007 ] >> 0x1 {const-unsigned-char literal}
                      00194 ;;shiftRight_Left2ResultLit:5278: shCount=1, size=4, sign=0, same=1, offr=0
004A                  00195 _00111_DS_
                      00196 ;       .line   49; "../libsdcc/_modulong.c"    b >>= 1;
004A   1A03           00197         BCLR    STATUS,0
004B   09C0           00198         RRR     r0x1004
004C   09C0           00199         RRR     r0x1005
004D   09C0           00200         RRR     r0x1006
004E   09C0           00201         RRR     r0x1007
                      00202 ;;[ICODE] ../libsdcc/_modulong.c:50:    iTemp9 [k14 lr18:30 so:0]{ ia0 a2p0 re0 rm0 nos0 ru0 dp0}{unsigned-char fixed}{ sir@ __modulong_count_1_2}[r0x1008 ] = iTemp9 [k14 lr18:30 so:0]{ ia0 a2p0 re0 rm0 nos0 ru0 dp0}{unsigned-char fixed}{ sir@ __modulong_count_1_2}[r0x1008 ] - 0x1 {const-unsigned-char literal}
                      00203 ;       .line   50; "../libsdcc/_modulong.c"    --count;
004F   0DC0           00204         DECR    r0x1008
                      00205 ;;[ICODE] ../libsdcc/_modulong.c:50:     goto _whilecontinue_1($8)
0050   1400           00206         GOTO    _00112_DS_
                      00207 ;;[ICODE] ../libsdcc/_modulong.c:50:  _whilebreak_1($10) :
                      00208 ;;[ICODE] ../libsdcc/_modulong.c:53:    ret iTemp0 [k2 lr3:32 so:0]{ ia0 a2p0 re1 rm0 nos0 ru0 dp0}{unsigned-long-int fixed}{ sir@ __modulong_a_1_1}[r0x1000 r0x1001 r0x1002 r0x1003 ]
0051                  00209 _00114_DS_
                      00210 ;       .line   53; "../libsdcc/_modulong.c"    return a;
0051   0B00           00211         MOVAR   r0x1003
0052   0AC0           00212         MOVRA   STK02
0053   0B00           00213         MOVAR   r0x1002
0054   0AC0           00214         MOVRA   STK01
0055   0B00           00215         MOVAR   r0x1001
0056   0AC0           00216         MOVRA   STK00
0057   0B00           00217         MOVAR   r0x1000
                      00218 ;;[ICODE] ../libsdcc/_modulong.c:53:  _return($11) :
                      00219 ;;[ICODE] ../libsdcc/_modulong.c:53:    eproc __modulong [k1 lr0:0 so:0]{ ia0 a2p0 re0 rm0 nos0 ru0 dp0}{unsigned-long-int function ( unsigned-long-int fixed, unsigned-long-int fixed) fixed}
0058                  00220 _00115_DS_
0058   000C           00221         RETURN  
                      00222 ; exit point of __modulong
                      00223 
                      00224 
                      00225 ;       code size estimation:
                      00226 ;          89+    0 =    89 instructions (  178 byte)
                      00227 
                      00228         end
gpasm-1.7.0_beta1 (Jan 22 2015)_modulong.asm      2015-1-22  23:34:25          PAGE  2


SYMBOL TABLE
  LABEL                             VALUE

C                                 00000000
DC                                00000001
DKW                               0000000F
DKWE                              00000007
DKWP0                             0000000A
DKWP00                            00000000
DKWP01                            00000001
DKWP02                            00000002
DKWP03                            00000003
DKWP04                            00000004
DKWP05                            00000005
DKWP1                             0000000E
DKWP10                            00000000
DKWP11                            00000001
DKWP12                            00000002
DKWP13                            00000003
DKWP14                            00000004
DKWP15                            00000005
DKWP16                            00000006
FSR                               00000001
GIE                               00000007
INDF                              00000000
INT0IE                            00000002
INT0IF                            00000002
INT1IE                            00000003
INT1IF                            00000003
INTECON                           00000005
INTFLAG                           00000006
IOP0                              00000007
IOP00                             00000000
IOP01                             00000001
IOP02                             00000002
IOP03                             00000003
IOP04                             00000004
IOP05                             00000005
IOP06                             00000006
IOP1                              0000000B
IOP10                             00000000
IOP11                             00000001
IOP12                             00000002
IOP13                             00000003
IOP14                             00000004
IOP15                             00000005
IOP16                             00000006
MCR                               00000004
OEP0                              00000008
OEP00                             00000000
OEP01                             00000001
OEP02                             00000002
OEP03                             00000003
OEP04                             00000004
OEP05                             00000005
OEP06                             00000006
OEP1                              0000000C
OEP10                             00000000
OEP11                             00000001
OEP12                             00000002
OEP13                             00000003
OEP14                             00000004
OEP15                             00000005
OEP16                             00000006
PCL                               00000002
PD                                00000004
PUP0                              00000009
PUP00                             00000000
PUP01                             00000001
PUP02                             00000002
PUP03                             00000003
PUP04                             00000004
PUP05                             00000005
PUP06                             00000006
PUP1                              0000000D
PUP10                             00000000
PUP11                             00000001
PUP12                             00000002
PUP13                             00000003
PUP14                             00000004
PUP15                             00000005
PUP16                             00000006
RSEL                              00000006
STATUS                            00000003
STK00                             00000000
STK01                             00000000
STK02                             00000000
STK03                             00000000
STK04                             00000000
STK05                             00000000
STK06                             00000000
TO                                00000005
Z                                 00000002
_00107_DS_                        0000001F
_00111_DS_                        0000004A
_00112_DS_                        00000028
_00114_DS_                        00000051
_00115_DS_                        00000058
_00119_DS_                        0000001D
_00131_DS_                        0000003A
_CONFIG0                          00008000
_CONFIG1                          00008001
_CP_ALL                           00000FFF
_FCPU_16X                         00001FFF
_FCPU_2X                          00001FF3
_FCPU_4X                          00001FF7
_FCPU_8X                          00001FFB
_WDT_ALWAYS_OFF                   00001FFC
_WDT_ALWAYS_ON                    00001FFF
_WDT_SLEEP_OFF                    00001FFD
__31P11                           00000001
__modulong                        00000000
r0x1000                           00000003
r0x1001                           00000002
r0x1002                           00000001
r0x1003                           00000000
r0x1004                           00000007
r0x1005                           00000006
r0x1006                           00000005
r0x1007                           00000004
r0x1008                           00000008

Errors   :     0
Warnings :     0 reported,     0 suppressed
Messages :     0 reported,     0 suppressed

