gpasm-1.7.0_beta1 (Jan 22 2015)_modschar.asm      2015-1-22  23:34:25          PAGE  1


LOC  OBJECT CODE     LINE SOURCE TEXT
  VALUE

                      00001 ;--------------------------------------------------------
                      00002 ; File Created by SN-SDCC : ANSI-C Compiler
                      00003 ; Version 0.0.4 (Jan 22 2015) (Linux)
                      00004 ; This file was generated Thu Jan 22 23:34:25 2015
                      00005 ;--------------------------------------------------------
                      00006 ; MC3X port for the RISC core
                      00007 ;--------------------------------------------------------
                      00008 ;       .file   "../libsdcc/_modschar.c"
                      00009         list    p=31p11
                      00010         radix dec
                      00011         include "mc31p11.inc"
                      00001                 LIST
                      00002 ;mc31p11.inc    Standard Header File, Version 1.00 by Sinomcu
                      00176                 LIST
                      00012 ;--------------------------------------------------------
                      00013 ; external declarations
                      00014 ;--------------------------------------------------------
                      00015         extern  __moduchar
                      00016 
                      00017         extern STK06
                      00018         extern STK05
                      00019         extern STK04
                      00020         extern STK03
                      00021         extern STK02
                      00022         extern STK01
                      00023         extern STK00
                      00024 ;--------------------------------------------------------
                      00025 ; global declarations
                      00026 ;--------------------------------------------------------
                      00027         global  __modschar
                      00028 
                      00029 ;--------------------------------------------------------
                      00030 ; global definitions
                      00031 ;--------------------------------------------------------
                      00032 ;--------------------------------------------------------
                      00033 ; absolute symbol definitions
                      00034 ;--------------------------------------------------------
                      00035 ;--------------------------------------------------------
                      00036 ; compiler-defined variables
                      00037 ;--------------------------------------------------------
                      00038 UDL__modschar_0 udata
0000                  00039 r0x1000 res     1
0000                  00040 r0x1001 res     1
0001                  00041 r0x1002 res     1
0001                  00042 r0x1003 res     1
0002                  00043 r0x1004 res     1
0002                  00044 r0x1005 res     1
0003                  00045 r0x1006 res     1
0003                  00046 r0x1007 res     1
0004                  00047 r0x1008 res     1
                      00048 ;--------------------------------------------------------
                      00049 ; initialized data
                      00050 ;--------------------------------------------------------
                      00051 ;--------------------------------------------------------
                      00052 ; overlayable items in internal ram 
                      00053 ;--------------------------------------------------------
                      00054 ;       udata_ovr
                      00055 ;--------------------------------------------------------
                      00056 ; code
                      00057 ;--------------------------------------------------------
                      00058 code__modschar  code
                      00059 ;***
                      00060 ;  pBlock Stats: dbName = C
                      00061 ;***
                      00062 ;entry:  __modschar     ;Function start
                      00063 ; 2 exit points
                      00064 ;has an exit
                      00065 ;functions called:
                      00066 ;   __moduchar
                      00067 ;   __moduchar
                      00068 ;   __moduchar
                      00069 ;   __moduchar
                      00070 ;   __moduchar
                      00071 ;   __moduchar
                      00072 ;   __moduchar
                      00073 ;   __moduchar
                      00074 ;11 compiler assigned registers:
                      00075 ;   r0x1000
                      00076 ;   STK00
                      00077 ;   r0x1001
                      00078 ;   r0x1002
                      00079 ;   r0x1003
                      00080 ;   r0x1004
                      00081 ;   r0x1005
                      00082 ;   r0x1006
                      00083 ;   r0x1007
                      00084 ;   r0x1008
                      00085 ;   r0x1009
                      00086 ;; Starting pCode block
                      00087 ;;[ICODE] ../libsdcc/_modschar.c:32:  _entry($11) :
                      00088 ;;[ICODE] ../libsdcc/_modschar.c:32:    proc __modschar [k1 lr0:0 so:0]{ ia0 a2p0 re0 rm0 nos0 ru0 dp0}{char function ( char fixed, char fixed) fixed}
0000                  00089 __modschar      ;Function start
                      00090 ; 2 exit points
                      00091 ;;[ICODE] ../libsdcc/_modschar.c:32: iTemp0 [k2 lr3:48 so:0]{ ia0 a2p0 re1 rm0 nos0 ru0 dp0}{char fixed}{ sir@ __modschar_a_1_2}[r0x1000 ] = recv __modschar [k1 lr0:0 so:0]{ ia0 a2p0 re0 rm0 nos0 ru0 dp0}{char function ( char fixed, char fixed) fixed}
                      00092 ;       .line   32; "../libsdcc/_modschar.c"    _modschar (signed char a, signed char b)
0000   0AC0           00093         MOVRA   r0x1000
                      00094 ;;[ICODE] ../libsdcc/_modschar.c:32: iTemp1 [k4 lr4:50 so:0]{ ia0 a2p0 re1 rm0 nos0 ru0 dp0}{char fixed}{ sir@ __modschar_b_1_2}[r0x1001 ] = recv __modschar [k1 lr0:0 so:0]{ ia0 a2p0 re0 rm0 nos0 ru0 dp0}{char function ( char fixed, char fixed) fixed}
0001   0B00           00095         MOVAR   STK00
0002   0AC0           00096         MOVRA   r0x1001
                      00097 ;;[ICODE] ../libsdcc/_modschar.c:34:    iTemp2 [k6 lr5:6 so:0]{ ia0 a2p0 re0 rm0 nos0 ru0 dp0}{char fixed} = iTemp0 [k2 lr3:48 so:0]{ ia0 a2p0 re1 rm0 nos0 ru0 dp0}{char fixed}{ sir@ __modschar_a_1_2}[r0x1000 ] < 0x0 {const-char literal}
                      00098 ;;signed compare: left < lit(0x0=0), size=1, mask=ff
                      00099 ;       .line   34; "../libsdcc/_modschar.c"    if (a < 0) {
0003   1803           00100         BSET    STATUS,0
0004   1DC0           00101         JBSET   r0x1000,7
0005   1A03           00102         BCLR    STATUS,0
0006   1C03           00103         JBSET   STATUS,0
0007   1400           00104         GOTO    _00112_DS_
                      00105 ;;genSkipc:3246: created from rifx:0xbffb4900
                      00106 ;;[ICODE] ../libsdcc/_modschar.c:34:    if iTemp2 [k6 lr5:6 so:0]{ ia0 a2p0 re0 rm0 nos0 ru0 dp0}{char fixed} == 0 goto _iffalse_2($8)
                      00107 ;;[ICODE] ../libsdcc/_modschar.c:36:    iTemp3 [k7 lr7:8 so:0]{ ia0 a2p0 re0 rm0 nos0 ru0 dp0}{char fixed} = iTemp1 [k4 lr4:50 so:0]{ ia0 a2p0 re1 rm0 nos0 ru0 dp0}{char fixed}{ sir@ __modschar_b_1_2}[r0x1001 ] < 0x0 {const-char literal}
                      00108 ;;signed compare: left < lit(0x0=0), size=1, mask=ff
                      00109 ;       .line   36; "../libsdcc/_modschar.c"    if (b < 0)
0008   1803           00110         BSET    STATUS,0
0009   1DC0           00111         JBSET   r0x1001,7
000A   1A03           00112         BCLR    STATUS,0
000B   1C03           00113         JBSET   STATUS,0
000C   1400           00114         GOTO    _00106_DS_
                      00115 ;;genSkipc:3246: created from rifx:0xbffb4900
                      00116 ;;[ICODE] ../libsdcc/_modschar.c:36:    if iTemp3 [k7 lr7:8 so:0]{ ia0 a2p0 re0 rm0 nos0 ru0 dp0}{char fixed} == 0 goto _iffalse_0($2)
                      00117 ;;[ICODE] ../libsdcc/_modschar.c:37:    iTemp4 [k9 lr9:10 so:0]{ ia0 a2p0 re0 rm0 nos0 ru0 dp0}{int fixed}[r0x1002 r0x1003 ] = (int fixed)iTemp0 [k2 lr3:48 so:0]{ ia0 a2p0 re1 rm0 nos0 ru0 dp0}{char fixed}{ sir@ __modschar_a_1_2}[r0x1000 ]
                      00118 ;       .line   37; "../libsdcc/_modschar.c"    return _moduchar ((unsigned int)-a, (unsigned int)-b);
000D   0B00           00119         MOVAR   r0x1000
000E   0AC0           00120         MOVRA   r0x1002
000F   0EC0           00121         CLRR    r0x1003
0010   1FC0           00122         JBCLR   r0x1002,7
0011   0DC0           00123         DECR    r0x1003
                      00124 ;;[ICODE] ../libsdcc/_modschar.c:37:    iTemp5 [k10 lr10:11 so:0]{ ia0 a2p0 re0 rm0 nos0 ru0 dp0}{int fixed}[r0x1002 r0x1003 ] = - iTemp4 [k9 lr9:10 so:0]{ ia0 a2p0 re0 rm0 nos0 ru0 dp0}{int fixed}[r0x1002 r0x1003 ]
0012   0E40           00125         COMR    r0x1002
0013   0E40           00126         COMR    r0x1003
0014   0CC0           00127         INCR    r0x1002
0015   1E83           00128         JBCLR   STATUS,2
0016   0CC0           00129         INCR    r0x1003
                      00130 ;;[ICODE] ../libsdcc/_modschar.c:37:    iTemp6 [k11 lr11:12 so:0]{ ia0 a2p0 re0 rm0 nos0 ru0 dp0}{unsigned-int fixed}[r0x1004 r0x1005 ] = (unsigned-int fixed)iTemp5 [k10 lr10:11 so:0]{ ia0 a2p0 re0 rm0 nos0 ru0 dp0}{int fixed}[r0x1002 r0x1003 ]
0017   0B00           00131         MOVAR   r0x1002
0018   0AC0           00132         MOVRA   r0x1002
0019   0AC0           00133         MOVRA   r0x1004
001A   0B00           00134         MOVAR   r0x1003
001B   0AC0           00135         MOVRA   r0x1005
                      00136 ;;[ICODE] ../libsdcc/_modschar.c:37:    iTemp7 [k12 lr12:18 so:0]{ ia0 a2p0 re0 rm0 nos0 ru1 dp0}{unsigned-char fixed}[r0x1002 ] = (unsigned-char fixed)iTemp6 [k11 lr11:12 so:0]{ ia0 a2p0 re0 rm0 nos0 ru0 dp0}{unsigned-int fixed}[r0x1004 r0x1005 ]
                      00137 ;;108   MOVAR   r0x1004
                      00138 ;;[ICODE] ../libsdcc/_modschar.c:37:    iTemp8 [k13 lr13:14 so:0]{ ia0 a2p0 re0 rm0 nos0 ru0 dp0}{int fixed}[r0x1004 r0x1005 ] = (int fixed)iTemp1 [k4 lr4:50 so:0]{ ia0 a2p0 re1 rm0 nos0 ru0 dp0}{char fixed}{ sir@ __modschar_b_1_2}[r0x1001 ]
001C   0B00           00139         MOVAR   r0x1001
001D   0AC0           00140         MOVRA   r0x1004
001E   0EC0           00141         CLRR    r0x1005
001F   1FC0           00142         JBCLR   r0x1004,7
0020   0DC0           00143         DECR    r0x1005
                      00144 ;;[ICODE] ../libsdcc/_modschar.c:37:    iTemp9 [k14 lr14:15 so:0]{ ia0 a2p0 re0 rm0 nos0 ru0 dp0}{int fixed}[r0x1004 r0x1005 ] = - iTemp8 [k13 lr13:14 so:0]{ ia0 a2p0 re0 rm0 nos0 ru0 dp0}{int fixed}[r0x1004 r0x1005 ]
0021   0E40           00145         COMR    r0x1004
0022   0E40           00146         COMR    r0x1005
0023   0CC0           00147         INCR    r0x1004
0024   1E83           00148         JBCLR   STATUS,2
0025   0CC0           00149         INCR    r0x1005
                      00150 ;;[ICODE] ../libsdcc/_modschar.c:37:    iTemp10 [k15 lr15:16 so:0]{ ia0 a2p0 re0 rm0 nos0 ru0 dp0}{unsigned-int fixed}[r0x1006 r0x1007 ] = (unsigned-int fixed)iTemp9 [k14 lr14:15 so:0]{ ia0 a2p0 re0 rm0 nos0 ru0 dp0}{int fixed}[r0x1004 r0x1005 ]
                      00151 ;;110   MOVAR   r0x1004
0026   0B00           00152         MOVAR   r0x1005
0027   0AC0           00153         MOVRA   r0x1007
                      00154 ;;[ICODE] ../libsdcc/_modschar.c:37:    iTemp11 [k16 lr16:18 so:0]{ ia0 a2p0 re0 rm0 nos0 ru0 dp0}{unsigned-char fixed}[r0x1004 ] = (unsigned-char fixed)iTemp10 [k15 lr15:16 so:0]{ ia0 a2p0 re0 rm0 nos0 ru0 dp0}{unsigned-int fixed}[r0x1006 r0x1007 ]
                      00155 ;;104   MOVAR   r0x1006
                      00156 ;;[ICODE] ../libsdcc/_modschar.c:37:    send iTemp7 [k12 lr12:18 so:0]{ ia0 a2p0 re0 rm0 nos0 ru1 dp0}{unsigned-char fixed}[r0x1002 ]{argreg = 1}
                      00157 ;;[ICODE] ../libsdcc/_modschar.c:37:    send iTemp11 [k16 lr16:18 so:0]{ ia0 a2p0 re0 rm0 nos0 ru0 dp0}{unsigned-char fixed}[r0x1004 ]{argreg = 1}
                      00158 ;;[ICODE] ../libsdcc/_modschar.c:37:    iTemp12 [k19 lr19:20 so:0]{ ia0 a2p0 re0 rm0 nos0 ru1 dp0}{unsigned-char fixed}[r0x1002 ] = call __moduchar [k8 lr0:0 so:0]{ ia0 a2p0 re0 rm0 nos0 ru0 dp0}{unsigned-char function ( unsigned-char fixed, unsigned-char fixed) fixed}
                      00159 ;;103   MOVAR   r0x1004
                      00160 ;;109   MOVAR   r0x1006
0028   0B00           00161         MOVAR   r0x1004
0029   0AC0           00162         MOVRA   r0x1006
002A   0AC0           00163         MOVRA   r0x1004
002B   0AC0           00164         MOVRA   STK00
002C   0B00           00165         MOVAR   r0x1002
002D   1000           00166         CALL    __moduchar
002E   0AC0           00167         MOVRA   r0x1002
                      00168 ;;[ICODE] ../libsdcc/_modschar.c:37:    ret iTemp12 [k19 lr19:20 so:0]{ ia0 a2p0 re0 rm0 nos0 ru1 dp0}{unsigned-char fixed}[r0x1002 ]
002F   0B00           00169         MOVAR   r0x1002
0030   1400           00170         GOTO    _00114_DS_
                      00171 ;;[ICODE] ../libsdcc/_modschar.c:37:  _iffalse_0($2) :
                      00172 ;;[ICODE] ../libsdcc/_modschar.c:39:    iTemp13 [k20 lr22:23 so:0]{ ia0 a2p0 re0 rm0 nos0 ru0 dp0}{int fixed}[r0x1002 r0x1004 ] = (int fixed)iTemp0 [k2 lr3:48 so:0]{ ia0 a2p0 re1 rm0 nos0 ru0 dp0}{char fixed}{ sir@ __modschar_a_1_2}[r0x1000 ]
0031                  00173 _00106_DS_
                      00174 ;       .line   39; "../libsdcc/_modschar.c"    return -_moduchar ((unsigned int)-a, (unsigned int)b);
0031   0B00           00175         MOVAR   r0x1000
0032   0AC0           00176         MOVRA   r0x1002
0033   0EC0           00177         CLRR    r0x1004
0034   1FC0           00178         JBCLR   r0x1002,7
0035   0DC0           00179         DECR    r0x1004
                      00180 ;;[ICODE] ../libsdcc/_modschar.c:39:    iTemp14 [k21 lr23:24 so:0]{ ia0 a2p0 re0 rm0 nos0 ru0 dp0}{int fixed}[r0x1002 r0x1004 ] = - iTemp13 [k20 lr22:23 so:0]{ ia0 a2p0 re0 rm0 nos0 ru0 dp0}{int fixed}[r0x1002 r0x1004 ]
0036   0E40           00181         COMR    r0x1002
0037   0E40           00182         COMR    r0x1004
0038   0CC0           00183         INCR    r0x1002
0039   1E83           00184         JBCLR   STATUS,2
003A   0CC0           00185         INCR    r0x1004
                      00186 ;;[ICODE] ../libsdcc/_modschar.c:39:    iTemp15 [k22 lr24:25 so:0]{ ia0 a2p0 re0 rm0 nos0 ru0 dp0}{unsigned-int fixed}[r0x1006 r0x1007 ] = (unsigned-int fixed)iTemp14 [k21 lr23:24 so:0]{ ia0 a2p0 re0 rm0 nos0 ru0 dp0}{int fixed}[r0x1002 r0x1004 ]
003B   0B00           00187         MOVAR   r0x1002
003C   0AC0           00188         MOVRA   r0x1002
003D   0AC0           00189         MOVRA   r0x1006
003E   0B00           00190         MOVAR   r0x1004
003F   0AC0           00191         MOVRA   r0x1007
                      00192 ;;[ICODE] ../libsdcc/_modschar.c:39:    iTemp16 [k23 lr25:29 so:0]{ ia0 a2p0 re0 rm0 nos0 ru1 dp0}{unsigned-char fixed}[r0x1002 ] = (unsigned-char fixed)iTemp15 [k22 lr24:25 so:0]{ ia0 a2p0 re0 rm0 nos0 ru0 dp0}{unsigned-int fixed}[r0x1006 r0x1007 ]
                      00193 ;;105   MOVAR   r0x1006
                      00194 ;;[ICODE] ../libsdcc/_modschar.c:39:    iTemp17 [k24 lr26:27 so:0]{ ia0 a2p0 re0 rm0 nos0 ru0 dp0}{unsigned-int fixed}[r0x1006 r0x1007 ] = (unsigned-int fixed)iTemp1 [k4 lr4:50 so:0]{ ia0 a2p0 re1 rm0 nos0 ru0 dp0}{char fixed}{ sir@ __modschar_b_1_2}[r0x1001 ]
0040   0B00           00195         MOVAR   r0x1001
0041   0AC0           00196         MOVRA   r0x1006
0042   0EC0           00197         CLRR    r0x1007
0043   1FC0           00198         JBCLR   r0x1006,7
0044   0DC0           00199         DECR    r0x1007
                      00200 ;;[ICODE] ../libsdcc/_modschar.c:39:    iTemp18 [k25 lr27:29 so:0]{ ia0 a2p0 re0 rm0 nos0 ru0 dp0}{unsigned-char fixed}[r0x1008 ] = (unsigned-char fixed)iTemp17 [k24 lr26:27 so:0]{ ia0 a2p0 re0 rm0 nos0 ru0 dp0}{unsigned-int fixed}[r0x1006 r0x1007 ]
                      00201 ;;107   MOVAR   r0x1006
                      00202 ;;[ICODE] ../libsdcc/_modschar.c:39:    send iTemp16 [k23 lr25:29 so:0]{ ia0 a2p0 re0 rm0 nos0 ru1 dp0}{unsigned-char fixed}[r0x1002 ]{argreg = 1}
                      00203 ;;[ICODE] ../libsdcc/_modschar.c:39:    send iTemp18 [k25 lr27:29 so:0]{ ia0 a2p0 re0 rm0 nos0 ru0 dp0}{unsigned-char fixed}[r0x1008 ]{argreg = 1}
                      00204 ;;[ICODE] ../libsdcc/_modschar.c:39:    iTemp19 [k26 lr30:31 so:0]{ ia0 a2p0 re0 rm0 nos0 ru0 dp0}{unsigned-char fixed}[r0x1002 ] = call __moduchar [k8 lr0:0 so:0]{ ia0 a2p0 re0 rm0 nos0 ru0 dp0}{unsigned-char function ( unsigned-char fixed, unsigned-char fixed) fixed}
                      00205 ;;106   MOVAR   r0x1008
0045   0B00           00206         MOVAR   r0x1006
0046   0AC0           00207         MOVRA   r0x1008
0047   0AC0           00208         MOVRA   STK00
0048   0B00           00209         MOVAR   r0x1002
0049   1000           00210         CALL    __moduchar
004A   0AC0           00211         MOVRA   r0x1002
                      00212 ;;[ICODE] ../libsdcc/_modschar.c:39:    iTemp20 [k27 lr31:32 so:0]{ ia0 a2p0 re0 rm0 nos0 ru1 dp0}{unsigned-char fixed}[r0x1002 ] = - iTemp19 [k26 lr30:31 so:0]{ ia0 a2p0 re0 rm0 nos0 ru0 dp0}{unsigned-char fixed}[r0x1002 ]
004B   0E40           00213         COMR    r0x1002
004C   0CC0           00214         INCR    r0x1002
                      00215 ;;[ICODE] ../libsdcc/_modschar.c:39:    ret iTemp20 [k27 lr31:32 so:0]{ ia0 a2p0 re0 rm0 nos0 ru1 dp0}{unsigned-char fixed}[r0x1002 ]
004D   0B00           00216         MOVAR   r0x1002
004E   1400           00217         GOTO    _00114_DS_
                      00218 ;;[ICODE] ../libsdcc/_modschar.c:39:  _iffalse_2($8) :
                      00219 ;;[ICODE] ../libsdcc/_modschar.c:42:    iTemp21 [k28 lr34:35 so:0]{ ia0 a2p0 re0 rm0 nos0 ru0 dp0}{char fixed} = iTemp1 [k4 lr4:50 so:0]{ ia0 a2p0 re1 rm0 nos0 ru0 dp0}{char fixed}{ sir@ __modschar_b_1_2}[r0x1001 ] < 0x0 {const-char literal}
                      00220 ;;signed compare: left < lit(0x0=0), size=1, mask=ff
004F                  00221 _00112_DS_
                      00222 ;       .line   42; "../libsdcc/_modschar.c"    if (b < 0)
004F   1803           00223         BSET    STATUS,0
0050   1DC0           00224         JBSET   r0x1001,7
0051   1A03           00225         BCLR    STATUS,0
0052   1C03           00226         JBSET   STATUS,0
0053   1400           00227         GOTO    _00109_DS_
                      00228 ;;genSkipc:3246: created from rifx:0xbffb4900
                      00229 ;;[ICODE] ../libsdcc/_modschar.c:42:    if iTemp21 [k28 lr34:35 so:0]{ ia0 a2p0 re0 rm0 nos0 ru0 dp0}{char fixed} == 0 goto _iffalse_1($5)
                      00230 ;;[ICODE] ../libsdcc/_modschar.c:43:    iTemp22 [k29 lr36:37 so:0]{ ia0 a2p0 re0 rm0 nos0 ru0 dp0}{unsigned-int fixed}[r0x1002 r0x1006 ] = (unsigned-int fixed)iTemp0 [k2 lr3:48 so:0]{ ia0 a2p0 re1 rm0 nos0 ru0 dp0}{char fixed}{ sir@ __modschar_a_1_2}[r0x1000 ]
                      00231 ;       .line   43; "../libsdcc/_modschar.c"    return -_moduchar ((unsigned int)a, (unsigned int)-b);
0054   0B00           00232         MOVAR   r0x1000
0055   0AC0           00233         MOVRA   r0x1002
0056   0EC0           00234         CLRR    r0x1006
0057   1FC0           00235         JBCLR   r0x1002,7
0058   0DC0           00236         DECR    r0x1006
                      00237 ;;[ICODE] ../libsdcc/_modschar.c:43:    iTemp23 [k30 lr37:43 so:0]{ ia0 a2p0 re0 rm0 nos0 ru1 dp0}{unsigned-char fixed}[r0x1007 ] = (unsigned-char fixed)iTemp22 [k29 lr36:37 so:0]{ ia0 a2p0 re0 rm0 nos0 ru0 dp0}{unsigned-int fixed}[r0x1002 r0x1006 ]
0059   0B00           00238         MOVAR   r0x1002
005A   0AC0           00239         MOVRA   r0x1007
                      00240 ;;[ICODE] ../libsdcc/_modschar.c:43:    iTemp24 [k31 lr38:39 so:0]{ ia0 a2p0 re0 rm0 nos0 ru0 dp0}{int fixed}[r0x1002 r0x1006 ] = (int fixed)iTemp1 [k4 lr4:50 so:0]{ ia0 a2p0 re1 rm0 nos0 ru0 dp0}{char fixed}{ sir@ __modschar_b_1_2}[r0x1001 ]
005B   0B00           00241         MOVAR   r0x1001
005C   0AC0           00242         MOVRA   r0x1002
005D   0EC0           00243         CLRR    r0x1006
005E   1FC0           00244         JBCLR   r0x1002,7
005F   0DC0           00245         DECR    r0x1006
                      00246 ;;[ICODE] ../libsdcc/_modschar.c:43:    iTemp25 [k32 lr39:40 so:0]{ ia0 a2p0 re0 rm0 nos0 ru0 dp0}{int fixed}[r0x1002 r0x1006 ] = - iTemp24 [k31 lr38:39 so:0]{ ia0 a2p0 re0 rm0 nos0 ru0 dp0}{int fixed}[r0x1002 r0x1006 ]
0060   0E40           00247         COMR    r0x1002
0061   0E40           00248         COMR    r0x1006
0062   0CC0           00249         INCR    r0x1002
0063   1E83           00250         JBCLR   STATUS,2
0064   0CC0           00251         INCR    r0x1006
                      00252 ;;[ICODE] ../libsdcc/_modschar.c:43:    iTemp26 [k33 lr40:41 so:0]{ ia0 a2p0 re0 rm0 nos0 ru0 dp0}{unsigned-int fixed}[r0x1008 r0x1009 ] = (unsigned-int fixed)iTemp25 [k32 lr39:40 so:0]{ ia0 a2p0 re0 rm0 nos0 ru0 dp0}{int fixed}[r0x1002 r0x1006 ]
                      00253 ;;112   MOVAR   r0x1002
0065   0B00           00254         MOVAR   r0x1006
                      00255 ;;1     MOVRA   r0x1009
                      00256 ;;[ICODE] ../libsdcc/_modschar.c:43:    iTemp27 [k34 lr41:43 so:0]{ ia0 a2p0 re0 rm0 nos0 ru0 dp0}{unsigned-char fixed}[r0x1002 ] = (unsigned-char fixed)iTemp26 [k33 lr40:41 so:0]{ ia0 a2p0 re0 rm0 nos0 ru0 dp0}{unsigned-int fixed}[r0x1008 r0x1009 ]
                      00257 ;;102   MOVAR   r0x1008
                      00258 ;;[ICODE] ../libsdcc/_modschar.c:43:    send iTemp23 [k30 lr37:43 so:0]{ ia0 a2p0 re0 rm0 nos0 ru1 dp0}{unsigned-char fixed}[r0x1007 ]{argreg = 1}
                      00259 ;;[ICODE] ../libsdcc/_modschar.c:43:    send iTemp27 [k34 lr41:43 so:0]{ ia0 a2p0 re0 rm0 nos0 ru0 dp0}{unsigned-char fixed}[r0x1002 ]{argreg = 1}
                      00260 ;;[ICODE] ../libsdcc/_modschar.c:43:    iTemp28 [k35 lr44:45 so:0]{ ia0 a2p0 re0 rm0 nos0 ru0 dp0}{unsigned-char fixed}[r0x1002 ] = call __moduchar [k8 lr0:0 so:0]{ ia0 a2p0 re0 rm0 nos0 ru0 dp0}{unsigned-char function ( unsigned-char fixed, unsigned-char fixed) fixed}
                      00261 ;;101   MOVAR   r0x1002
                      00262 ;;111   MOVAR   r0x1008
0066   0B00           00263         MOVAR   r0x1002
0067   0AC0           00264         MOVRA   r0x1008
0068   0AC0           00265         MOVRA   r0x1002
0069   0AC0           00266         MOVRA   STK00
006A   0B00           00267         MOVAR   r0x1007
006B   1000           00268         CALL    __moduchar
006C   0AC0           00269         MOVRA   r0x1002
                      00270 ;;[ICODE] ../libsdcc/_modschar.c:43:    iTemp29 [k36 lr45:46 so:0]{ ia0 a2p0 re0 rm0 nos0 ru1 dp0}{unsigned-char fixed}[r0x1002 ] = - iTemp28 [k35 lr44:45 so:0]{ ia0 a2p0 re0 rm0 nos0 ru0 dp0}{unsigned-char fixed}[r0x1002 ]
006D   0E40           00271         COMR    r0x1002
006E   0CC0           00272         INCR    r0x1002
                      00273 ;;[ICODE] ../libsdcc/_modschar.c:43:    ret iTemp29 [k36 lr45:46 so:0]{ ia0 a2p0 re0 rm0 nos0 ru1 dp0}{unsigned-char fixed}[r0x1002 ]
006F   0B00           00274         MOVAR   r0x1002
0070   1400           00275         GOTO    _00114_DS_
                      00276 ;;[ICODE] ../libsdcc/_modschar.c:43:  _iffalse_1($5) :
                      00277 ;;[ICODE] ../libsdcc/_modschar.c:45:    iTemp30 [k37 lr48:49 so:0]{ ia0 a2p0 re0 rm0 nos0 ru0 dp0}{unsigned-int fixed}[r0x1002 r0x1007 ] = (unsigned-int fixed)iTemp0 [k2 lr3:48 so:0]{ ia0 a2p0 re1 rm0 nos0 ru0 dp0}{char fixed}{ sir@ __modschar_a_1_2}[r0x1000 ]
0071                  00278 _00109_DS_
                      00279 ;       .line   45; "../libsdcc/_modschar.c"    return _moduchar ((unsigned int)a, (unsigned int)b);
0071   0B00           00280         MOVAR   r0x1000
0072   0AC0           00281         MOVRA   r0x1002
0073   0EC0           00282         CLRR    r0x1007
0074   1FC0           00283         JBCLR   r0x1002,7
0075   0DC0           00284         DECR    r0x1007
                      00285 ;;[ICODE] ../libsdcc/_modschar.c:45:    iTemp31 [k38 lr49:53 so:0]{ ia0 a2p0 re0 rm0 nos0 ru1 dp0}{unsigned-char fixed}[r0x1000 ] = (unsigned-char fixed)iTemp30 [k37 lr48:49 so:0]{ ia0 a2p0 re0 rm0 nos0 ru0 dp0}{unsigned-int fixed}[r0x1002 r0x1007 ]
0076   0B00           00286         MOVAR   r0x1002
0077   0AC0           00287         MOVRA   r0x1000
                      00288 ;;[ICODE] ../libsdcc/_modschar.c:45:    iTemp32 [k39 lr50:51 so:0]{ ia0 a2p0 re0 rm0 nos0 ru0 dp0}{unsigned-int fixed}[r0x1002 r0x1007 ] = (unsigned-int fixed)iTemp1 [k4 lr4:50 so:0]{ ia0 a2p0 re1 rm0 nos0 ru0 dp0}{char fixed}{ sir@ __modschar_b_1_2}[r0x1001 ]
0078   0B00           00289         MOVAR   r0x1001
0079   0AC0           00290         MOVRA   r0x1002
007A   0EC0           00291         CLRR    r0x1007
007B   1FC0           00292         JBCLR   r0x1002,7
007C   0DC0           00293         DECR    r0x1007
                      00294 ;;[ICODE] ../libsdcc/_modschar.c:45:    iTemp33 [k40 lr51:53 so:0]{ ia0 a2p0 re0 rm0 nos0 ru0 dp0}{unsigned-char fixed}[r0x1001 ] = (unsigned-char fixed)iTemp32 [k39 lr50:51 so:0]{ ia0 a2p0 re0 rm0 nos0 ru0 dp0}{unsigned-int fixed}[r0x1002 r0x1007 ]
                      00295 ;;100   MOVAR   r0x1002
                      00296 ;;[ICODE] ../libsdcc/_modschar.c:45:    send iTemp31 [k38 lr49:53 so:0]{ ia0 a2p0 re0 rm0 nos0 ru1 dp0}{unsigned-char fixed}[r0x1000 ]{argreg = 1}
                      00297 ;;[ICODE] ../libsdcc/_modschar.c:45:    send iTemp33 [k40 lr51:53 so:0]{ ia0 a2p0 re0 rm0 nos0 ru0 dp0}{unsigned-char fixed}[r0x1001 ]{argreg = 1}
                      00298 ;;[ICODE] ../libsdcc/_modschar.c:45:    iTemp34 [k41 lr54:55 so:0]{ ia0 a2p0 re0 rm0 nos0 ru1 dp0}{unsigned-char fixed}[r0x1000 ] = call __moduchar [k8 lr0:0 so:0]{ ia0 a2p0 re0 rm0 nos0 ru0 dp0}{unsigned-char function ( unsigned-char fixed, unsigned-char fixed) fixed}
                      00299 ;;99    MOVAR   r0x1001
007D   0B00           00300         MOVAR   r0x1002
007E   0AC0           00301         MOVRA   r0x1001
007F   0AC0           00302         MOVRA   STK00
0080   0B00           00303         MOVAR   r0x1000
0081   1000           00304         CALL    __moduchar
0082   0AC0           00305         MOVRA   r0x1000
                      00306 ;;[ICODE] ../libsdcc/_modschar.c:45:    ret iTemp34 [k41 lr54:55 so:0]{ ia0 a2p0 re0 rm0 nos0 ru1 dp0}{unsigned-char fixed}[r0x1000 ]
0083   0B00           00307         MOVAR   r0x1000
                      00308 ;;[ICODE] ../libsdcc/_modschar.c:45:  _return($10) :
                      00309 ;;[ICODE] ../libsdcc/_modschar.c:45:    eproc __modschar [k1 lr0:0 so:0]{ ia0 a2p0 re0 rm0 nos0 ru0 dp0}{char function ( char fixed, char fixed) fixed}
0084                  00310 _00114_DS_
0084   000C           00311         RETURN  
                      00312 ; exit point of __modschar
                      00313 
                      00314 
                      00315 ;       code size estimation:
                      00316 ;         133+    0 =   133 instructions (  266 byte)
                      00317 
                      00318         end
gpasm-1.7.0_beta1 (Jan 22 2015)_modschar.asm      2015-1-22  23:34:25          PAGE  2


SYMBOL TABLE
  LABEL                             VALUE

C                                 00000000
DC                                00000001
DKW                               0000000F
DKWE                              00000007
DKWP0                             0000000A
DKWP00                            00000000
DKWP01                            00000001
DKWP02                            00000002
DKWP03                            00000003
DKWP04                            00000004
DKWP05                            00000005
DKWP1                             0000000E
DKWP10                            00000000
DKWP11                            00000001
DKWP12                            00000002
DKWP13                            00000003
DKWP14                            00000004
DKWP15                            00000005
DKWP16                            00000006
FSR                               00000001
GIE                               00000007
INDF                              00000000
INT0IE                            00000002
INT0IF                            00000002
INT1IE                            00000003
INT1IF                            00000003
INTECON                           00000005
INTFLAG                           00000006
IOP0                              00000007
IOP00                             00000000
IOP01                             00000001
IOP02                             00000002
IOP03                             00000003
IOP04                             00000004
IOP05                             00000005
IOP06                             00000006
IOP1                              0000000B
IOP10                             00000000
IOP11                             00000001
IOP12                             00000002
IOP13                             00000003
IOP14                             00000004
IOP15                             00000005
IOP16                             00000006
MCR                               00000004
OEP0                              00000008
OEP00                             00000000
OEP01                             00000001
OEP02                             00000002
OEP03                             00000003
OEP04                             00000004
OEP05                             00000005
OEP06                             00000006
OEP1                              0000000C
OEP10                             00000000
OEP11                             00000001
OEP12                             00000002
OEP13                             00000003
OEP14                             00000004
OEP15                             00000005
OEP16                             00000006
PCL                               00000002
PD                                00000004
PUP0                              00000009
PUP00                             00000000
PUP01                             00000001
PUP02                             00000002
PUP03                             00000003
PUP04                             00000004
PUP05                             00000005
PUP06                             00000006
PUP1                              0000000D
PUP10                             00000000
PUP11                             00000001
PUP12                             00000002
PUP13                             00000003
PUP14                             00000004
PUP15                             00000005
PUP16                             00000006
RSEL                              00000006
STATUS                            00000003
STK00                             00000000
STK01                             00000000
STK02                             00000000
STK03                             00000000
STK04                             00000000
STK05                             00000000
STK06                             00000000
TO                                00000005
Z                                 00000002
_00106_DS_                        00000031
_00109_DS_                        00000071
_00112_DS_                        0000004F
_00114_DS_                        00000084
_CONFIG0                          00008000
_CONFIG1                          00008001
_CP_ALL                           00000FFF
_FCPU_16X                         00001FFF
_FCPU_2X                          00001FF3
_FCPU_4X                          00001FF7
_FCPU_8X                          00001FFB
_WDT_ALWAYS_OFF                   00001FFC
_WDT_ALWAYS_ON                    00001FFF
_WDT_SLEEP_OFF                    00001FFD
__31P11                           00000001
__modschar                        00000000
__moduchar                        00000000
r0x1000                           00000000
r0x1001                           00000001
r0x1002                           00000002
r0x1003                           00000003
r0x1004                           00000004
r0x1005                           00000005
r0x1006                           00000006
r0x1007                           00000007
r0x1008                           00000008

Errors   :     0
Warnings :     0 reported,     0 suppressed
Messages :     0 reported,     0 suppressed

