gpasm-1.7.0_beta1 (Jan 22 2015)_moduint.asm       2015-1-22  23:34:25          PAGE  1


LOC  OBJECT CODE     LINE SOURCE TEXT
  VALUE

                      00001 ;--------------------------------------------------------
                      00002 ; File Created by SN-SDCC : ANSI-C Compiler
                      00003 ; Version 0.0.4 (Jan 22 2015) (Linux)
                      00004 ; This file was generated Thu Jan 22 23:34:25 2015
                      00005 ;--------------------------------------------------------
                      00006 ; MC3X port for the RISC core
                      00007 ;--------------------------------------------------------
                      00008 ;       .file   "../libsdcc/_moduint.c"
                      00009         list    p=31p11
                      00010         radix dec
                      00011         include "mc31p11.inc"
                      00001                 LIST
                      00002 ;mc31p11.inc    Standard Header File, Version 1.00 by Sinomcu
                      00176                 LIST
                      00012 ;--------------------------------------------------------
                      00013 ; external declarations
                      00014 ;--------------------------------------------------------
                      00015 
                      00016         extern STK06
                      00017         extern STK05
                      00018         extern STK04
                      00019         extern STK03
                      00020         extern STK02
                      00021         extern STK01
                      00022         extern STK00
                      00023 ;--------------------------------------------------------
                      00024 ; global declarations
                      00025 ;--------------------------------------------------------
                      00026         global  __moduint
                      00027 
                      00028 ;--------------------------------------------------------
                      00029 ; global definitions
                      00030 ;--------------------------------------------------------
                      00031 ;--------------------------------------------------------
                      00032 ; absolute symbol definitions
                      00033 ;--------------------------------------------------------
                      00034 ;--------------------------------------------------------
                      00035 ; compiler-defined variables
                      00036 ;--------------------------------------------------------
                      00037 UDL__moduint_0  udata
0000                  00038 r0x1001 res     1
0000                  00039 r0x1000 res     1
0001                  00040 r0x1003 res     1
0001                  00041 r0x1002 res     1
0002                  00042 r0x1004 res     1
0002                  00043 r0x1006 res     1
                      00044 ;--------------------------------------------------------
                      00045 ; initialized data
                      00046 ;--------------------------------------------------------
                      00047 ;--------------------------------------------------------
                      00048 ; overlayable items in internal ram 
                      00049 ;--------------------------------------------------------
                      00050 ;       udata_ovr
                      00051 ;--------------------------------------------------------
                      00052 ; code
                      00053 ;--------------------------------------------------------
                      00054 code__moduint   code
                      00055 ;***
                      00056 ;  pBlock Stats: dbName = C
                      00057 ;***
                      00058 ;entry:  __moduint      ;Function start
                      00059 ; 2 exit points
                      00060 ;has an exit
                      00061 ;12 compiler assigned registers:
                      00062 ;   r0x1000
                      00063 ;   STK00
                      00064 ;   r0x1001
                      00065 ;   STK01
                      00066 ;   r0x1002
                      00067 ;   STK02
                      00068 ;   r0x1003
                      00069 ;   r0x1004
                      00070 ;   r0x1005
                      00071 ;   r0x1006
                      00072 ;   r0x1007
                      00073 ;   r0x1008
                      00074 ;; Starting pCode block
                      00075 ;;[ICODE] ../libsdcc/_moduint.c:30:  _entry($12) :
                      00076 ;;[ICODE] ../libsdcc/_moduint.c:30:     proc __moduint [k1 lr0:0 so:0]{ ia0 a2p0 re0 rm0 nos0 ru0 dp0}{unsigned-int function ( unsigned-int fixed, unsigned-int fixed) fixed}
0000                  00077 __moduint       ;Function start
                      00078 ; 2 exit points
                      00079 ;;[ICODE] ../libsdcc/_moduint.c:30: iTemp0 [k2 lr3:33 so:0]{ ia0 a2p0 re1 rm0 nos0 ru0 dp0}{unsigned-int fixed}{ sir@ __moduint_a_1_1}[r0x1000 r0x1001 ] = recv __moduint [k1 lr0:0 so:0]{ ia0 a2p0 re0 rm0 nos0 ru0 dp0}{unsigned-int function ( unsigned-int fixed, unsigned-int fixed) fixed}
                      00080 ;       .line   30; "../libsdcc/_moduint.c"     _moduint (unsigned int a, unsigned int b)
0000   0AC0           00081         MOVRA   r0x1000
0001   0B00           00082         MOVAR   STK00
0002   0AC0           00083         MOVRA   r0x1001
                      00084 ;;[ICODE] ../libsdcc/_moduint.c:30: iTemp1 [k4 lr4:31 so:0]{ ia0 a2p0 re1 rm0 nos0 ru0 dp0}{unsigned-int fixed}{ sir@ __moduint_b_1_1}[r0x1002 r0x1003 ] = recv __moduint [k1 lr0:0 so:0]{ ia0 a2p0 re0 rm0 nos0 ru0 dp0}{unsigned-int function ( unsigned-int fixed, unsigned-int fixed) fixed}
0003   0B00           00085         MOVAR   STK01
0004   0AC0           00086         MOVRA   r0x1002
0005   0B00           00087         MOVAR   STK02
0006   0AC0           00088         MOVRA   r0x1003
                      00089 ;;[ICODE] ../libsdcc/_moduint.c:35:     if iTemp1 [k4 lr4:31 so:0]{ ia0 a2p0 re1 rm0 nos0 ru0 dp0}{unsigned-int fixed}{ sir@ __moduint_b_1_1}[r0x1002 r0x1003 ] != 0 goto preHeaderLbl0($15)
                      00090 ;       .line   35; "../libsdcc/_moduint.c"     if (!b) return (unsigned int)-1;
0007   0B00           00091         MOVAR   r0x1003
0008   0B80           00092         ORAR    r0x1002
0009   1C83           00093         JBSET   STATUS,2
000A   1400           00094         GOTO    _00119_DS_
                      00095 ;;[ICODE] ../libsdcc/_moduint.c:35:     ret 0xffff {unsigned-int literal}
000B   04FF           00096         MOVAI   0xff
000C   0AC0           00097         MOVRA   STK00
000D   04FF           00098         MOVAI   0xff
000E   1400           00099         GOTO    _00115_DS_
                      00100 ;;[ICODE] ../libsdcc/_moduint.c:39:  preHeaderLbl0($15) :
                      00101 ;;[ICODE] ../libsdcc/_moduint.c:39:     iTemp6 [k11 lr8:19 so:0]{ ia0 a2p0 re0 rm0 nos0 ru0 dp0}{unsigned-char fixed}{ sir@ __moduint_count_1_2}[r0x1004 ] := 0x1 {const-unsigned-char literal}
000F                  00102 _00119_DS_
                      00103 ;       .line   39; "../libsdcc/_moduint.c"     while (!(b & (1UL << (8*sizeof(unsigned int)-1)))) {
000F   0401           00104         MOVAI   0x01
0010   0AC0           00105         MOVRA   r0x1004
                      00106 ;;[ICODE] ../libsdcc/_moduint.c:39:  _whilecontinue_0($3) :
                      00107 ;;[ICODE] ../libsdcc/_moduint.c:39:     iTemp3 [k8 lr11:12 so:0]{ ia0 a2p0 re0 rm0 nos0 ru0 dp0}{unsigned-long-int register}[r0x1005 r0x1006 r0x1007 r0x1008 ] = (unsigned-long-int register)iTemp1 [k4 lr4:31 so:0]{ ia0 a2p0 re1 rm0 nos0 ru0 dp0}{unsigned-int fixed}{ sir@ __moduint_b_1_1}[r0x1002 r0x1003 ]
0011                  00108 _00107_DS_
0011   0B00           00109         MOVAR   r0x1003
                      00110 ;;1     MOVRA   r0x1005
0012   0B00           00111         MOVAR   r0x1002
0013   0AC0           00112         MOVRA   r0x1006
                      00113 ;;1     CLRR    r0x1007
                      00114 ;;1     CLRR    r0x1008
                      00115 ;;[ICODE] ../libsdcc/_moduint.c:39:     iTemp4 [k9 lr12:13 so:0]{ ia0 a2p0 re0 rm0 nos0 ru0 dp0}{unsigned-long-int register} = iTemp3 [k8 lr11:12 so:0]{ ia0 a2p0 re0 rm0 nos0 ru0 dp0}{unsigned-long-int register}[r0x1005 r0x1006 r0x1007 r0x1008 ] & 0x8000 {unsigned-long-int literal}
0014   1FC0           00116         JBCLR   r0x1006,7
0015   1400           00117         GOTO    _00112_DS_
                      00118 ;;[ICODE] ../libsdcc/_moduint.c:39:     if iTemp4 [k9 lr12:13 so:0]{ ia0 a2p0 re0 rm0 nos0 ru0 dp0}{unsigned-long-int register} != 0 goto preHeaderLbl1($18)
                      00119 ;;[ICODE] ../libsdcc/_moduint.c:40:     iTemp1 [k4 lr4:31 so:0]{ ia0 a2p0 re1 rm0 nos0 ru0 dp0}{unsigned-int fixed}{ sir@ __moduint_b_1_1}[r0x1002 r0x1003 ] = iTemp1 [k4 lr4:31 so:0]{ ia0 a2p0 re1 rm0 nos0 ru0 dp0}{unsigned-int fixed}{ sir@ __moduint_b_1_1}[r0x1002 r0x1003 ] << 0x1 {const-unsigned-char literal}
                      00120 ;       .line   40; "../libsdcc/_moduint.c"     b <<= 1;
0016   1A03           00121         BCLR    STATUS,0
0017   0A40           00122         RLR     r0x1003
0018   0A40           00123         RLR     r0x1002
                      00124 ;;[ICODE] ../libsdcc/_moduint.c:41:     iTemp6 [k11 lr8:19 so:0]{ ia0 a2p0 re0 rm0 nos0 ru0 dp0}{unsigned-char fixed}{ sir@ __moduint_count_1_2}[r0x1004 ] = iTemp6 [k11 lr8:19 so:0]{ ia0 a2p0 re0 rm0 nos0 ru0 dp0}{unsigned-char fixed}{ sir@ __moduint_count_1_2}[r0x1004 ] + 0x1 {const-unsigned-char literal}
                      00125 ;       .line   41; "../libsdcc/_moduint.c"     ++count;
0019   0CC0           00126         INCR    r0x1004
                      00127 ;;[ICODE] ../libsdcc/_moduint.c:41:      goto _whilecontinue_0($3)
001A   1400           00128         GOTO    _00107_DS_
                      00129 ;;[ICODE] ../libsdcc/_moduint.c:45:  preHeaderLbl1($18) :
                      00130 ;;[ICODE] ../libsdcc/_moduint.c:45:     iTemp10 [k15 lr19:31 so:0]{ ia0 a2p0 re0 rm0 nos0 ru0 dp0}{unsigned-char fixed}{ sir@ __moduint_count_1_2}[r0x1004 ] := iTemp6 [k11 lr8:19 so:0]{ ia0 a2p0 re0 rm0 nos0 ru0 dp0}{unsigned-char fixed}{ sir@ __moduint_count_1_2}[r0x1004 ]
                      00131 ;;[ICODE] ../libsdcc/_moduint.c:45:  _whilecontinue_1($8) :
                      00132 ;;[ICODE] ../libsdcc/_moduint.c:45:     if iTemp10 [k15 lr19:31 so:0]{ ia0 a2p0 re0 rm0 nos0 ru0 dp0}{unsigned-char fixed}{ sir@ __moduint_count_1_2}[r0x1004 ] == 0 goto _whilebreak_1($10)
001B                  00133 _00112_DS_
                      00134 ;       .line   45; "../libsdcc/_moduint.c"     while (count) {
001B   0400           00135         MOVAI   0x00
001C   0B80           00136         ORAR    r0x1004
001D   1E83           00137         JBCLR   STATUS,2
001E   1400           00138         GOTO    _00114_DS_
                      00139 ;;[ICODE] ../libsdcc/_moduint.c:46:     iTemp7 [k12 lr23:24 so:0]{ ia0 a2p0 re0 rm0 nos0 ru0 dp0}{char fixed} = iTemp0 [k2 lr3:33 so:0]{ ia0 a2p0 re1 rm0 nos0 ru0 dp0}{unsigned-int fixed}{ sir@ __moduint_a_1_1}[r0x1000 r0x1001 ] < iTemp1 [k4 lr4:31 so:0]{ ia0 a2p0 re1 rm0 nos0 ru0 dp0}{unsigned-int fixed}{ sir@ __moduint_b_1_1}[r0x1002 r0x1003 ]
                      00140 ;       .line   46; "../libsdcc/_moduint.c"     if (a >= b) {
001F   0B00           00141         MOVAR   r0x1002
0020   0900           00142         RSUBAR  r0x1000
0021   1C83           00143         JBSET   STATUS,2
0022   1400           00144         GOTO    _00131_DS_
0023   0B00           00145         MOVAR   r0x1003
0024   0900           00146         RSUBAR  r0x1001
0025                  00147 _00131_DS_
0025   1C03           00148         JBSET   STATUS,0
0026   1400           00149         GOTO    _00111_DS_
                      00150 ;;genSkipc:3246: created from rifx:0xbfef53d0
                      00151 ;;[ICODE] ../libsdcc/_moduint.c:46:     if iTemp7 [k12 lr23:24 so:0]{ ia0 a2p0 re0 rm0 nos0 ru0 dp0}{char fixed} != 0 goto _iffalse_1($7)
                      00152 ;;[ICODE] ../libsdcc/_moduint.c:47:     iTemp0 [k2 lr3:33 so:0]{ ia0 a2p0 re1 rm0 nos0 ru0 dp0}{unsigned-int fixed}{ sir@ __moduint_a_1_1}[r0x1000 r0x1001 ] = iTemp0 [k2 lr3:33 so:0]{ ia0 a2p0 re1 rm0 nos0 ru0 dp0}{unsigned-int fixed}{ sir@ __moduint_a_1_1}[r0x1000 r0x1001 ] - iTemp1 [k4 lr4:31 so:0]{ ia0 a2p0 re1 rm0 nos0 ru0 dp0}{unsigned-int fixed}{ sir@ __moduint_b_1_1}[r0x1002 r0x1003 ]
                      00153 ;       .line   47; "../libsdcc/_moduint.c"     a -= b;
0027   0B00           00154         MOVAR   r0x1003
0028   0940           00155         RSUBRA  r0x1001
0029   0B00           00156         MOVAR   r0x1002
002A   1C03           00157         JBSET   STATUS,0
002B   0C00           00158         JZAR    r0x1002
002C   0940           00159         RSUBRA  r0x1000
                      00160 ;;[ICODE] ../libsdcc/_moduint.c:47:  _iffalse_1($7) :
                      00161 ;;[ICODE] ../libsdcc/_moduint.c:49:     iTemp1 [k4 lr4:31 so:0]{ ia0 a2p0 re1 rm0 nos0 ru0 dp0}{unsigned-int fixed}{ sir@ __moduint_b_1_1}[r0x1002 r0x1003 ] = iTemp1 [k4 lr4:31 so:0]{ ia0 a2p0 re1 rm0 nos0 ru0 dp0}{unsigned-int fixed}{ sir@ __moduint_b_1_1}[r0x1002 r0x1003 ] >> 0x1 {const-unsigned-char literal}
                      00162 ;;shiftRight_Left2ResultLit:5278: shCount=1, size=2, sign=0, same=1, offr=0
002D                  00163 _00111_DS_
                      00164 ;       .line   49; "../libsdcc/_moduint.c"     b >>= 1;
002D   1A03           00165         BCLR    STATUS,0
002E   09C0           00166         RRR     r0x1002
002F   09C0           00167         RRR     r0x1003
                      00168 ;;[ICODE] ../libsdcc/_moduint.c:50:     iTemp10 [k15 lr19:31 so:0]{ ia0 a2p0 re0 rm0 nos0 ru0 dp0}{unsigned-char fixed}{ sir@ __moduint_count_1_2}[r0x1004 ] = iTemp10 [k15 lr19:31 so:0]{ ia0 a2p0 re0 rm0 nos0 ru0 dp0}{unsigned-char fixed}{ sir@ __moduint_count_1_2}[r0x1004 ] - 0x1 {const-unsigned-char literal}
                      00169 ;       .line   50; "../libsdcc/_moduint.c"     --count;
0030   0DC0           00170         DECR    r0x1004
                      00171 ;;[ICODE] ../libsdcc/_moduint.c:50:      goto _whilecontinue_1($8)
0031   1400           00172         GOTO    _00112_DS_
                      00173 ;;[ICODE] ../libsdcc/_moduint.c:50:  _whilebreak_1($10) :
                      00174 ;;[ICODE] ../libsdcc/_moduint.c:53:     ret iTemp0 [k2 lr3:33 so:0]{ ia0 a2p0 re1 rm0 nos0 ru0 dp0}{unsigned-int fixed}{ sir@ __moduint_a_1_1}[r0x1000 r0x1001 ]
0032                  00175 _00114_DS_
                      00176 ;       .line   53; "../libsdcc/_moduint.c"     return a;
0032   0B00           00177         MOVAR   r0x1001
0033   0AC0           00178         MOVRA   STK00
0034   0B00           00179         MOVAR   r0x1000
                      00180 ;;[ICODE] ../libsdcc/_moduint.c:53:  _return($11) :
                      00181 ;;[ICODE] ../libsdcc/_moduint.c:53:     eproc __moduint [k1 lr0:0 so:0]{ ia0 a2p0 re0 rm0 nos0 ru0 dp0}{unsigned-int function ( unsigned-int fixed, unsigned-int fixed) fixed}
0035                  00182 _00115_DS_
0035   000C           00183         RETURN  
                      00184 ; exit point of __moduint
                      00185 
                      00186 
                      00187 ;       code size estimation:
                      00188 ;          54+    0 =    54 instructions (  108 byte)
                      00189 
                      00190         end
gpasm-1.7.0_beta1 (Jan 22 2015)_moduint.asm       2015-1-22  23:34:25          PAGE  2


SYMBOL TABLE
  LABEL                             VALUE

C                                 00000000
DC                                00000001
DKW                               0000000F
DKWE                              00000007
DKWP0                             0000000A
DKWP00                            00000000
DKWP01                            00000001
DKWP02                            00000002
DKWP03                            00000003
DKWP04                            00000004
DKWP05                            00000005
DKWP1                             0000000E
DKWP10                            00000000
DKWP11                            00000001
DKWP12                            00000002
DKWP13                            00000003
DKWP14                            00000004
DKWP15                            00000005
DKWP16                            00000006
FSR                               00000001
GIE                               00000007
INDF                              00000000
INT0IE                            00000002
INT0IF                            00000002
INT1IE                            00000003
INT1IF                            00000003
INTECON                           00000005
INTFLAG                           00000006
IOP0                              00000007
IOP00                             00000000
IOP01                             00000001
IOP02                             00000002
IOP03                             00000003
IOP04                             00000004
IOP05                             00000005
IOP06                             00000006
IOP1                              0000000B
IOP10                             00000000
IOP11                             00000001
IOP12                             00000002
IOP13                             00000003
IOP14                             00000004
IOP15                             00000005
IOP16                             00000006
MCR                               00000004
OEP0                              00000008
OEP00                             00000000
OEP01                             00000001
OEP02                             00000002
OEP03                             00000003
OEP04                             00000004
OEP05                             00000005
OEP06                             00000006
OEP1                              0000000C
OEP10                             00000000
OEP11                             00000001
OEP12                             00000002
OEP13                             00000003
OEP14                             00000004
OEP15                             00000005
OEP16                             00000006
PCL                               00000002
PD                                00000004
PUP0                              00000009
PUP00                             00000000
PUP01                             00000001
PUP02                             00000002
PUP03                             00000003
PUP04                             00000004
PUP05                             00000005
PUP06                             00000006
PUP1                              0000000D
PUP10                             00000000
PUP11                             00000001
PUP12                             00000002
PUP13                             00000003
PUP14                             00000004
PUP15                             00000005
PUP16                             00000006
RSEL                              00000006
STATUS                            00000003
STK00                             00000000
STK01                             00000000
STK02                             00000000
STK03                             00000000
STK04                             00000000
STK05                             00000000
STK06                             00000000
TO                                00000005
Z                                 00000002
_00107_DS_                        00000011
_00111_DS_                        0000002D
_00112_DS_                        0000001B
_00114_DS_                        00000032
_00115_DS_                        00000035
_00119_DS_                        0000000F
_00131_DS_                        00000025
_CONFIG0                          00008000
_CONFIG1                          00008001
_CP_ALL                           00000FFF
_FCPU_16X                         00001FFF
_FCPU_2X                          00001FF3
_FCPU_4X                          00001FF7
_FCPU_8X                          00001FFB
_WDT_ALWAYS_OFF                   00001FFC
_WDT_ALWAYS_ON                    00001FFF
_WDT_SLEEP_OFF                    00001FFD
__31P11                           00000001
__moduint                         00000000
r0x1000                           00000001
r0x1001                           00000000
r0x1002                           00000003
r0x1003                           00000002
r0x1004                           00000004
r0x1006                           00000005

Errors   :     0
Warnings :     0 reported,     0 suppressed
Messages :     0 reported,     0 suppressed

