gpasm-1.7.0_beta1 (Jan 22 2015)fs2slong.asm       2015-1-22  23:34:24          PAGE  1


LOC  OBJECT CODE     LINE SOURCE TEXT
  VALUE

                      00001 ;--------------------------------------------------------
                      00002 ; File Created by SN-SDCC : ANSI-C Compiler
                      00003 ; Version 0.0.4 (Jan 22 2015) (Linux)
                      00004 ; This file was generated Thu Jan 22 23:34:24 2015
                      00005 ;--------------------------------------------------------
                      00006 ; MC3X port for the RISC core
                      00007 ;--------------------------------------------------------
                      00008 ;       .file   "../libsdcc/fs2slong.c"
                      00009         list    p=31p11
                      00010         radix dec
                      00011         include "mc31p11.inc"
                      00001                 LIST
                      00002 ;mc31p11.inc    Standard Header File, Version 1.00 by Sinomcu
                      00176                 LIST
                      00012 ;--------------------------------------------------------
                      00013 ; external declarations
                      00014 ;--------------------------------------------------------
                      00015         extern  ___uchar2fs
                      00016         extern  ___schar2fs
                      00017         extern  ___uint2fs
                      00018         extern  ___sint2fs
                      00019         extern  ___ulong2fs
                      00020         extern  ___slong2fs
                      00021         extern  ___fs2uchar
                      00022         extern  ___fs2schar
                      00023         extern  ___fs2uint
                      00024         extern  ___fs2sint
                      00025         extern  ___fs2ulong
                      00026         extern  ___fsadd
                      00027         extern  ___fssub
                      00028         extern  ___fsmul
                      00029         extern  ___fsdiv
                      00030         extern  ___fslt
                      00031         extern  ___fseq
                      00032         extern  ___fsneq
                      00033         extern  ___fsgt
                      00034 
                      00035         extern STK06
                      00036         extern STK05
                      00037         extern STK04
                      00038         extern STK03
                      00039         extern STK02
                      00040         extern STK01
                      00041         extern STK00
                      00042 ;--------------------------------------------------------
                      00043 ; global declarations
                      00044 ;--------------------------------------------------------
                      00045         global  ___fs2slong
                      00046 
                      00047 ;--------------------------------------------------------
                      00048 ; global definitions
                      00049 ;--------------------------------------------------------
                      00050 ;--------------------------------------------------------
                      00051 ; absolute symbol definitions
                      00052 ;--------------------------------------------------------
                      00053 ;--------------------------------------------------------
                      00054 ; compiler-defined variables
                      00055 ;--------------------------------------------------------
                      00056 UDL_fs2slong_0  udata
0000                  00057 r0x1003 res     1
0000                  00058 r0x1002 res     1
0001                  00059 r0x1001 res     1
0001                  00060 r0x1000 res     1
0002                  00061 r0x1004 res     1
0002                  00062 r0x1007 res     1
0003                  00063 r0x1006 res     1
0003                  00064 r0x1005 res     1
                      00065 ;--------------------------------------------------------
                      00066 ; initialized data
                      00067 ;--------------------------------------------------------
                      00068 ;--------------------------------------------------------
                      00069 ; overlayable items in internal ram 
                      00070 ;--------------------------------------------------------
                      00071 ;       udata_ovr
                      00072 ;--------------------------------------------------------
                      00073 ; code
                      00074 ;--------------------------------------------------------
                      00075 code_fs2slong   code
                      00076 ;***
                      00077 ;  pBlock Stats: dbName = C
                      00078 ;***
                      00079 ;entry:  ___fs2slong    ;Function start
                      00080 ; 2 exit points
                      00081 ;has an exit
                      00082 ;functions called:
                      00083 ;   ___fslt
                      00084 ;   ___fs2ulong
                      00085 ;   ___fs2ulong
                      00086 ;   ___fslt
                      00087 ;   ___fs2ulong
                      00088 ;   ___fs2ulong
                      00089 ;15 compiler assigned registers:
                      00090 ;   r0x1000
                      00091 ;   STK00
                      00092 ;   r0x1001
                      00093 ;   STK01
                      00094 ;   r0x1002
                      00095 ;   STK02
                      00096 ;   r0x1003
                      00097 ;   STK06
                      00098 ;   STK05
                      00099 ;   STK04
                      00100 ;   STK03
                      00101 ;   r0x1004
                      00102 ;   r0x1005
                      00103 ;   r0x1006
                      00104 ;   r0x1007
                      00105 ;; Starting pCode block
                      00106 ;;[ICODE] ../libsdcc/fs2slong.c:33:  _entry($7) :
                      00107 ;;[ICODE] ../libsdcc/fs2slong.c:33:     proc ___fs2slong [k1 lr0:0 so:0]{ ia0 a2p0 re0 rm0 nos0 ru0 dp0}{long-int function ( float fixed) fixed}
0000                  00108 ___fs2slong     ;Function start
                      00109 ; 2 exit points
                      00110 ;;[ICODE] ../libsdcc/fs2slong.c:33: iTemp0 [k2 lr3:17 so:0]{ ia0 a2p0 re1 rm0 nos0 ru0 dp0}{float fixed}{ sir@ ___fs2slong_f_1_21}[r0x1000 r0x1001 r0x1002 r0x1003 ] = recv ___fs2slong [k1 lr0:0 so:0]{ ia0 a2p0 re0 rm0 nos0 ru0 dp0}{long-int function ( float fixed) fixed}
                      00111 ;       .line   33; "../libsdcc/fs2slong.c"     signed long __fs2slong (float f) _FS_REENTRANT
0000   0AC0           00112         MOVRA   r0x1000
0001   0B00           00113         MOVAR   STK00
0002   0AC0           00114         MOVRA   r0x1001
0003   0B00           00115         MOVAR   STK01
0004   0AC0           00116         MOVRA   r0x1002
0005   0B00           00117         MOVAR   STK02
0006   0AC0           00118         MOVRA   r0x1003
                      00119 ;;[ICODE] ../libsdcc/fs2slong.c:36:     if iTemp0 [k2 lr3:17 so:0]{ ia0 a2p0 re1 rm0 nos0 ru0 dp0}{float fixed}{ sir@ ___fs2slong_f_1_21}[r0x1000 r0x1001 r0x1002 r0x1003 ] != 0 goto _iffalse_0($2)
                      00120 ;       .line   36; "../libsdcc/fs2slong.c"     if (!f)
0007   0B00           00121         MOVAR   r0x1003
0008   0B80           00122         ORAR    r0x1002
0009   0B80           00123         ORAR    r0x1001
000A   0B80           00124         ORAR    r0x1000
000B   1C83           00125         JBSET   STATUS,2
000C   1400           00126         GOTO    _00106_DS_
                      00127 ;;[ICODE] ../libsdcc/fs2slong.c:37:     ret 0x0 {long-int literal}
                      00128 ;       .line   37; "../libsdcc/fs2slong.c"     return 0;
000D   0400           00129         MOVAI   0x00
000E   0AC0           00130         MOVRA   STK02
000F   0400           00131         MOVAI   0x00
0010   0AC0           00132         MOVRA   STK01
0011   0400           00133         MOVAI   0x00
0012   0AC0           00134         MOVRA   STK00
0013   0400           00135         MOVAI   0x00
0014   1400           00136         GOTO    _00110_DS_
                      00137 ;;[ICODE] ../libsdcc/fs2slong.c:37:  _iffalse_0($2) :
                      00138 ;;[ICODE] ../libsdcc/fs2slong.c:39:     send iTemp0 [k2 lr3:17 so:0]{ ia0 a2p0 re1 rm0 nos0 ru0 dp0}{float fixed}{ sir@ ___fs2slong_f_1_21}[r0x1000 r0x1001 r0x1002 r0x1003 ]{argreg = 1}
                      00139 ;;[ICODE] ../libsdcc/fs2slong.c:39:     send 0 {float literal}{argreg = 1}
                      00140 ;;[ICODE] ../libsdcc/fs2slong.c:39:     iTemp1 [k4 lr9:10 so:0]{ ia0 a2p0 re0 rm0 nos0 ru0 dp0}{char fixed}[r0x1004 ] = call ___fslt [k11 lr0:0 so:0]{ ia0 a2p0 re0 rm0 nos0 ru0 dp0}{char function ( float fixed, float fixed) fixed}
0015                  00141 _00106_DS_
                      00142 ;       .line   39; "../libsdcc/fs2slong.c"     if (f<0) {
0015   0400           00143         MOVAI   0x00
0016   0AC0           00144         MOVRA   STK06
0017   0400           00145         MOVAI   0x00
0018   0AC0           00146         MOVRA   STK05
0019   0400           00147         MOVAI   0x00
001A   0AC0           00148         MOVRA   STK04
001B   0400           00149         MOVAI   0x00
001C   0AC0           00150         MOVRA   STK03
001D   0B00           00151         MOVAR   r0x1003
001E   0AC0           00152         MOVRA   STK02
001F   0B00           00153         MOVAR   r0x1002
0020   0AC0           00154         MOVRA   STK01
0021   0B00           00155         MOVAR   r0x1001
0022   0AC0           00156         MOVRA   STK00
0023   0B00           00157         MOVAR   r0x1000
0024   1000           00158         CALL    ___fslt
0025   0AC0           00159         MOVRA   r0x1004
                      00160 ;;[ICODE] ../libsdcc/fs2slong.c:39:     if iTemp1 [k4 lr9:10 so:0]{ ia0 a2p0 re0 rm0 nos0 ru0 dp0}{char fixed}[r0x1004 ] == 0 goto _iffalse_1($4)
0026   0400           00161         MOVAI   0x00
0027   0B80           00162         ORAR    r0x1004
0028   1E83           00163         JBCLR   STATUS,2
0029   1400           00164         GOTO    _00108_DS_
                      00165 ;;[ICODE] ../libsdcc/fs2slong.c:40:     iTemp2 [k6 lr11:12 so:0]{ ia0 a2p0 re0 rm0 nos0 ru1 dp0}{float fixed}[r0x1004 r0x1005 r0x1006 r0x1007 ] = - iTemp0 [k2 lr3:17 so:0]{ ia0 a2p0 re1 rm0 nos0 ru0 dp0}{float fixed}{ sir@ ___fs2slong_f_1_21}[r0x1000 r0x1001 r0x1002 r0x1003 ]
                      00166 ;       .line   40; "../libsdcc/fs2slong.c"     return -__fs2ulong(-f);
002A   0B00           00167         MOVAR   r0x1000
002B   0180           00168         XORAI   0x80
002C   0AC0           00169         MOVRA   r0x1005
                      00170 ;;104   MOVAR   r0x1001
                      00171 ;;102   MOVAR   r0x1002
                      00172 ;;100   MOVAR   r0x1003
                      00173 ;;[ICODE] ../libsdcc/fs2slong.c:40:     send iTemp2 [k6 lr11:12 so:0]{ ia0 a2p0 re0 rm0 nos0 ru1 dp0}{float fixed}[r0x1004 r0x1005 r0x1006 r0x1007 ]{argreg = 1}
                      00174 ;;[ICODE] ../libsdcc/fs2slong.c:40:     iTemp3 [k8 lr13:14 so:0]{ ia0 a2p0 re0 rm0 nos0 ru0 dp0}{unsigned-long-int fixed}[r0x1004 r0x1005 r0x1006 r0x1007 ] = call ___fs2ulong [k5 lr0:0 so:0]{ ia0 a2p0 re0 rm0 nos0 ru0 dp0}{unsigned-long-int function ( float fixed) fixed}
                      00175 ;;99    MOVAR   r0x1004
002D   0B00           00176         MOVAR   r0x1003
002E   0AC0           00177         MOVRA   r0x1004
002F   0AC0           00178         MOVRA   STK02
                      00179 ;;101   MOVAR   r0x1007
0030   0B00           00180         MOVAR   r0x1002
0031   0AC0           00181         MOVRA   r0x1007
0032   0AC0           00182         MOVRA   STK01
                      00183 ;;103   MOVAR   r0x1006
0033   0B00           00184         MOVAR   r0x1001
0034   0AC0           00185         MOVRA   r0x1006
0035   0AC0           00186         MOVRA   STK00
0036   0B00           00187         MOVAR   r0x1005
0037   1000           00188         CALL    ___fs2ulong
0038   0AC0           00189         MOVRA   r0x1005
0039   0B00           00190         MOVAR   STK00
003A   0AC0           00191         MOVRA   r0x1006
003B   0B00           00192         MOVAR   STK01
003C   0AC0           00193         MOVRA   r0x1007
003D   0B00           00194         MOVAR   STK02
003E   0AC0           00195         MOVRA   r0x1004
                      00196 ;;[ICODE] ../libsdcc/fs2slong.c:40:     iTemp4 [k9 lr14:15 so:0]{ ia0 a2p0 re0 rm0 nos0 ru1 dp0}{unsigned-long-int fixed}[r0x1004 r0x1005 r0x1006 r0x1007 ] = - iTemp3 [k8 lr13:14 so:0]{ ia0 a2p0 re0 rm0 nos0 ru0 dp0}{unsigned-long-int fixed}[r0x1004 r0x1005 r0x1006 r0x1007 ]
003F   0E40           00197         COMR    r0x1004
0040   0E40           00198         COMR    r0x1007
0041   0E40           00199         COMR    r0x1006
0042   0E40           00200         COMR    r0x1005
0043   0CC0           00201         INCR    r0x1004
0044   1E83           00202         JBCLR   STATUS,2
0045   0CC0           00203         INCR    r0x1007
0046   1E83           00204         JBCLR   STATUS,2
0047   0CC0           00205         INCR    r0x1006
0048   1E83           00206         JBCLR   STATUS,2
0049   0CC0           00207         INCR    r0x1005
                      00208 ;;[ICODE] ../libsdcc/fs2slong.c:40:     ret iTemp4 [k9 lr14:15 so:0]{ ia0 a2p0 re0 rm0 nos0 ru1 dp0}{unsigned-long-int fixed}[r0x1004 r0x1005 r0x1006 r0x1007 ]
004A   0B00           00209         MOVAR   r0x1004
004B   0AC0           00210         MOVRA   STK02
004C   0B00           00211         MOVAR   r0x1007
004D   0AC0           00212         MOVRA   STK01
004E   0B00           00213         MOVAR   r0x1006
004F   0AC0           00214         MOVRA   STK00
0050   0B00           00215         MOVAR   r0x1005
0051   1400           00216         GOTO    _00110_DS_
                      00217 ;;[ICODE] ../libsdcc/fs2slong.c:40:  _iffalse_1($4) :
                      00218 ;;[ICODE] ../libsdcc/fs2slong.c:42:     send iTemp0 [k2 lr3:17 so:0]{ ia0 a2p0 re1 rm0 nos0 ru0 dp0}{float fixed}{ sir@ ___fs2slong_f_1_21}[r0x1000 r0x1001 r0x1002 r0x1003 ]{argreg = 1}
                      00219 ;;[ICODE] ../libsdcc/fs2slong.c:42:     iTemp5 [k10 lr18:19 so:0]{ ia0 a2p0 re0 rm0 nos0 ru1 dp0}{unsigned-long-int fixed}[r0x1000 r0x1001 r0x1002 r0x1003 ] = call ___fs2ulong [k5 lr0:0 so:0]{ ia0 a2p0 re0 rm0 nos0 ru0 dp0}{unsigned-long-int function ( float fixed) fixed}
0052                  00220 _00108_DS_
                      00221 ;       .line   42; "../libsdcc/fs2slong.c"     return __fs2ulong(f);
0052   0B00           00222         MOVAR   r0x1003
0053   0AC0           00223         MOVRA   STK02
0054   0B00           00224         MOVAR   r0x1002
0055   0AC0           00225         MOVRA   STK01
0056   0B00           00226         MOVAR   r0x1001
0057   0AC0           00227         MOVRA   STK00
0058   0B00           00228         MOVAR   r0x1000
0059   1000           00229         CALL    ___fs2ulong
005A   0AC0           00230         MOVRA   r0x1000
005B   0B00           00231         MOVAR   STK00
005C   0AC0           00232         MOVRA   r0x1001
005D   0B00           00233         MOVAR   STK01
005E   0AC0           00234         MOVRA   r0x1002
005F   0B00           00235         MOVAR   STK02
0060   0AC0           00236         MOVRA   r0x1003
                      00237 ;;[ICODE] ../libsdcc/fs2slong.c:42:     ret iTemp5 [k10 lr18:19 so:0]{ ia0 a2p0 re0 rm0 nos0 ru1 dp0}{unsigned-long-int fixed}[r0x1000 r0x1001 r0x1002 r0x1003 ]
0061   0B00           00238         MOVAR   r0x1003
0062   0AC0           00239         MOVRA   STK02
0063   0B00           00240         MOVAR   r0x1002
0064   0AC0           00241         MOVRA   STK01
0065   0B00           00242         MOVAR   r0x1001
0066   0AC0           00243         MOVRA   STK00
0067   0B00           00244         MOVAR   r0x1000
                      00245 ;;[ICODE] ../libsdcc/fs2slong.c:42:  _return($6) :
                      00246 ;;[ICODE] ../libsdcc/fs2slong.c:42:     eproc ___fs2slong [k1 lr0:0 so:0]{ ia0 a2p0 re0 rm0 nos0 ru0 dp0}{long-int function ( float fixed) fixed}
0068                  00247 _00110_DS_
0068   000C           00248         RETURN  
                      00249 ; exit point of ___fs2slong
                      00250 
                      00251 
                      00252 ;       code size estimation:
                      00253 ;         105+    0 =   105 instructions (  210 byte)
                      00254 
                      00255         end
gpasm-1.7.0_beta1 (Jan 22 2015)fs2slong.asm       2015-1-22  23:34:24          PAGE  2


SYMBOL TABLE
  LABEL                             VALUE

C                                 00000000
DC                                00000001
DKW                               0000000F
DKWE                              00000007
DKWP0                             0000000A
DKWP00                            00000000
DKWP01                            00000001
DKWP02                            00000002
DKWP03                            00000003
DKWP04                            00000004
DKWP05                            00000005
DKWP1                             0000000E
DKWP10                            00000000
DKWP11                            00000001
DKWP12                            00000002
DKWP13                            00000003
DKWP14                            00000004
DKWP15                            00000005
DKWP16                            00000006
FSR                               00000001
GIE                               00000007
INDF                              00000000
INT0IE                            00000002
INT0IF                            00000002
INT1IE                            00000003
INT1IF                            00000003
INTECON                           00000005
INTFLAG                           00000006
IOP0                              00000007
IOP00                             00000000
IOP01                             00000001
IOP02                             00000002
IOP03                             00000003
IOP04                             00000004
IOP05                             00000005
IOP06                             00000006
IOP1                              0000000B
IOP10                             00000000
IOP11                             00000001
IOP12                             00000002
IOP13                             00000003
IOP14                             00000004
IOP15                             00000005
IOP16                             00000006
MCR                               00000004
OEP0                              00000008
OEP00                             00000000
OEP01                             00000001
OEP02                             00000002
OEP03                             00000003
OEP04                             00000004
OEP05                             00000005
OEP06                             00000006
OEP1                              0000000C
OEP10                             00000000
OEP11                             00000001
OEP12                             00000002
OEP13                             00000003
OEP14                             00000004
OEP15                             00000005
OEP16                             00000006
PCL                               00000002
PD                                00000004
PUP0                              00000009
PUP00                             00000000
PUP01                             00000001
PUP02                             00000002
PUP03                             00000003
PUP04                             00000004
PUP05                             00000005
PUP06                             00000006
PUP1                              0000000D
PUP10                             00000000
PUP11                             00000001
PUP12                             00000002
PUP13                             00000003
PUP14                             00000004
PUP15                             00000005
PUP16                             00000006
RSEL                              00000006
STATUS                            00000003
STK00                             00000000
STK01                             00000000
STK02                             00000000
STK03                             00000000
STK04                             00000000
STK05                             00000000
STK06                             00000000
TO                                00000005
Z                                 00000002
_00106_DS_                        00000015
_00108_DS_                        00000052
_00110_DS_                        00000068
_CONFIG0                          00008000
_CONFIG1                          00008001
_CP_ALL                           00000FFF
_FCPU_16X                         00001FFF
_FCPU_2X                          00001FF3
_FCPU_4X                          00001FF7
_FCPU_8X                          00001FFB
_WDT_ALWAYS_OFF                   00001FFC
_WDT_ALWAYS_ON                    00001FFF
_WDT_SLEEP_OFF                    00001FFD
__31P11                           00000001
___fs2schar                       00000000
___fs2sint                        00000000
___fs2slong                       00000000
___fs2uchar                       00000000
___fs2uint                        00000000
___fs2ulong                       00000000
___fsadd                          00000000
___fsdiv                          00000000
___fseq                           00000000
___fsgt                           00000000
___fslt                           00000000
___fsmul                          00000000
___fsneq                          00000000
___fssub                          00000000
___schar2fs                       00000000
___sint2fs                        00000000
___slong2fs                       00000000
___uchar2fs                       00000000
___uint2fs                        00000000
___ulong2fs                       00000000
r0x1000                           00000003
r0x1001                           00000002
r0x1002                           00000001
r0x1003                           00000000
r0x1004                           00000004
r0x1005                           00000007
r0x1006                           00000006
r0x1007                           00000005

Errors   :     0
Warnings :     0 reported,     0 suppressed
Messages :     0 reported,     0 suppressed

