gpasm-1.7.0_beta1 (Jan 22 2015)fs2uint.asm        2015-1-22  23:34:24          PAGE  1


LOC  OBJECT CODE     LINE SOURCE TEXT
  VALUE

                      00001 ;--------------------------------------------------------
                      00002 ; File Created by SN-SDCC : ANSI-C Compiler
                      00003 ; Version 0.0.4 (Jan 22 2015) (Linux)
                      00004 ; This file was generated Thu Jan 22 23:34:24 2015
                      00005 ;--------------------------------------------------------
                      00006 ; MC3X port for the RISC core
                      00007 ;--------------------------------------------------------
                      00008 ;       .file   "../libsdcc/fs2uint.c"
                      00009         list    p=31p11
                      00010         radix dec
                      00011         include "mc31p11.inc"
                      00001                 LIST
                      00002 ;mc31p11.inc    Standard Header File, Version 1.00 by Sinomcu
                      00176                 LIST
                      00012 ;--------------------------------------------------------
                      00013 ; external declarations
                      00014 ;--------------------------------------------------------
                      00015         extern  ___uchar2fs
                      00016         extern  ___schar2fs
                      00017         extern  ___uint2fs
                      00018         extern  ___sint2fs
                      00019         extern  ___ulong2fs
                      00020         extern  ___slong2fs
                      00021         extern  ___fs2uchar
                      00022         extern  ___fs2schar
                      00023         extern  ___fs2sint
                      00024         extern  ___fs2slong
                      00025         extern  ___fsadd
                      00026         extern  ___fssub
                      00027         extern  ___fsmul
                      00028         extern  ___fsdiv
                      00029         extern  ___fslt
                      00030         extern  ___fseq
                      00031         extern  ___fsneq
                      00032         extern  ___fsgt
                      00033         extern  ___fs2ulong
                      00034 
                      00035         extern STK06
                      00036         extern STK05
                      00037         extern STK04
                      00038         extern STK03
                      00039         extern STK02
                      00040         extern STK01
                      00041         extern STK00
                      00042 ;--------------------------------------------------------
                      00043 ; global declarations
                      00044 ;--------------------------------------------------------
                      00045         global  ___fs2uint
                      00046 
                      00047 ;--------------------------------------------------------
                      00048 ; global definitions
                      00049 ;--------------------------------------------------------
                      00050 ;--------------------------------------------------------
                      00051 ; absolute symbol definitions
                      00052 ;--------------------------------------------------------
                      00053 ;--------------------------------------------------------
                      00054 ; compiler-defined variables
                      00055 ;--------------------------------------------------------
                      00056 UDL_fs2uint_0   udata
0000                  00057 r0x1003 res     1
0000                  00058 r0x1002 res     1
0001                  00059 r0x1001 res     1
0001                  00060 r0x1000 res     1
                      00061 ;--------------------------------------------------------
                      00062 ; initialized data
                      00063 ;--------------------------------------------------------
                      00064 ;--------------------------------------------------------
                      00065 ; overlayable items in internal ram 
                      00066 ;--------------------------------------------------------
                      00067 ;       udata_ovr
                      00068 ;--------------------------------------------------------
                      00069 ; code
                      00070 ;--------------------------------------------------------
                      00071 code_fs2uint    code
                      00072 ;***
                      00073 ;  pBlock Stats: dbName = C
                      00074 ;***
                      00075 ;entry:  ___fs2uint     ;Function start
                      00076 ; 2 exit points
                      00077 ;has an exit
                      00078 ;functions called:
                      00079 ;   ___fs2ulong
                      00080 ;   ___fs2ulong
                      00081 ;9 compiler assigned registers:
                      00082 ;   r0x1000
                      00083 ;   STK00
                      00084 ;   r0x1001
                      00085 ;   STK01
                      00086 ;   r0x1002
                      00087 ;   STK02
                      00088 ;   r0x1003
                      00089 ;   r0x1004
                      00090 ;   r0x1005
                      00091 ;; Starting pCode block
                      00092 ;;[ICODE] ../libsdcc/fs2uint.c:35:  _entry($4) :
                      00093 ;;[ICODE] ../libsdcc/fs2uint.c:35:      proc ___fs2uint [k1 lr0:0 so:0]{ ia0 a2p0 re0 rm0 nos0 ru0 dp0}{unsigned-int function ( float fixed) fixed}
0000                  00094 ___fs2uint      ;Function start
                      00095 ; 2 exit points
                      00096 ;;[ICODE] ../libsdcc/fs2uint.c:35: iTemp0 [k2 lr3:4 so:0]{ ia0 a2p0 re1 rm0 nos0 ru1 dp0}{float fixed}{ sir@ ___fs2uint_f_1_22}[r0x1000 r0x1001 r0x1002 r0x1003 ] = recv ___fs2uint [k1 lr0:0 so:0]{ ia0 a2p0 re0 rm0 nos0 ru0 dp0}{unsigned-int function ( float fixed) fixed}
                      00097 ;       .line   35; "../libsdcc/fs2uint.c"      unsigned int __fs2uint (float f) _FS_REENTRANT
0000   0AC0           00098         MOVRA   r0x1000
0001   0B00           00099         MOVAR   STK00
0002   0AC0           00100         MOVRA   r0x1001
0003   0B00           00101         MOVAR   STK01
0004   0AC0           00102         MOVRA   r0x1002
0005   0B00           00103         MOVAR   STK02
0006   0AC0           00104         MOVRA   r0x1003
                      00105 ;;[ICODE] ../libsdcc/fs2uint.c:37:      send iTemp0 [k2 lr3:4 so:0]{ ia0 a2p0 re1 rm0 nos0 ru1 dp0}{float fixed}{ sir@ ___fs2uint_f_1_22}[r0x1000 r0x1001 r0x1002 r0x1003 ]{argreg = 1}
                      00106 ;;[ICODE] ../libsdcc/fs2uint.c:37:      iTemp1 [k4 lr5:11 so:0]{ ia0 a2p0 re1 rm0 nos0 ru0 dp0}{unsigned-long-int fixed}{ sir@ ___fs2uint_ul_1_23}[r0x1000 r0x1001 r0x1002 r0x1003 ] = call ___fs2ulong [k6 lr0:0 so:0]{ ia0 a2p0 re0 rm0 nos0 ru0 dp0}{unsigned-long-int function ( float fixed) fixed}
                      00107 ;       .line   37; "../libsdcc/fs2uint.c"      unsigned long ul=__fs2ulong(f);
0007   0B00           00108         MOVAR   r0x1003
0008   0AC0           00109         MOVRA   STK02
0009   0B00           00110         MOVAR   r0x1002
000A   0AC0           00111         MOVRA   STK01
000B   0B00           00112         MOVAR   r0x1001
000C   0AC0           00113         MOVRA   STK00
000D   0B00           00114         MOVAR   r0x1000
000E   1000           00115         CALL    ___fs2ulong
000F   0AC0           00116         MOVRA   r0x1000
0010   0B00           00117         MOVAR   STK00
0011   0AC0           00118         MOVRA   r0x1001
0012   0B00           00119         MOVAR   STK01
0013   0AC0           00120         MOVRA   r0x1002
0014   0B00           00121         MOVAR   STK02
0015   0AC0           00122         MOVRA   r0x1003
                      00123 ;;[ICODE] ../libsdcc/fs2uint.c:38:      iTemp3 [k9 lr7:8 so:0]{ ia0 a2p0 re0 rm0 nos0 ru0 dp0}{char fixed} = iTemp1 [k4 lr5:11 so:0]{ ia0 a2p0 re1 rm0 nos0 ru0 dp0}{unsigned-long-int fixed}{ sir@ ___fs2uint_ul_1_23}[r0x1000 r0x1001 r0x1002 r0x1003 ] < 0xffff {unsigned-long-int literal}
                      00124 ;;unsigned compare: left < lit(0xFFFF=65535), size=4
                      00125 ;       .line   38; "../libsdcc/fs2uint.c"      if (ul>=UINT_MAX) return UINT_MAX;
0016   0400           00126         MOVAI   0x00
0017   0900           00127         RSUBAR  r0x1000
0018   1C83           00128         JBSET   STATUS,2
0019   1400           00129         GOTO    _00111_DS_
001A   0400           00130         MOVAI   0x00
001B   0900           00131         RSUBAR  r0x1001
001C   1C83           00132         JBSET   STATUS,2
001D   1400           00133         GOTO    _00111_DS_
001E   04FF           00134         MOVAI   0xff
001F   0900           00135         RSUBAR  r0x1002
0020   1C83           00136         JBSET   STATUS,2
0021   1400           00137         GOTO    _00111_DS_
0022   04FF           00138         MOVAI   0xff
0023   0900           00139         RSUBAR  r0x1003
0024                  00140 _00111_DS_
0024   1C03           00141         JBSET   STATUS,0
0025   1400           00142         GOTO    _00106_DS_
                      00143 ;;genSkipc:3246: created from rifx:0xbff03780
                      00144 ;;[ICODE] ../libsdcc/fs2uint.c:38:      if iTemp3 [k9 lr7:8 so:0]{ ia0 a2p0 re0 rm0 nos0 ru0 dp0}{char fixed} != 0 goto _iffalse_0($2)
                      00145 ;;[ICODE] ../libsdcc/fs2uint.c:38:      ret 0xffff {const-unsigned-int literal}
0026   04FF           00146         MOVAI   0xff
0027   0AC0           00147         MOVRA   STK00
0028   04FF           00148         MOVAI   0xff
0029   1400           00149         GOTO    _00107_DS_
                      00150 ;;[ICODE] ../libsdcc/fs2uint.c:38:  _iffalse_0($2) :
                      00151 ;;[ICODE] ../libsdcc/fs2uint.c:39:      iTemp4 [k10 lr11:12 so:0]{ ia0 a2p0 re0 rm0 nos0 ru1 dp0}{unsigned-int fixed}[r0x1004 r0x1005 ] = (unsigned-int fixed)iTemp1 [k4 lr5:11 so:0]{ ia0 a2p0 re1 rm0 nos0 ru0 dp0}{unsigned-long-int fixed}{ sir@ ___fs2uint_ul_1_23}[r0x1000 r0x1001 r0x1002 r0x1003 ]
                      00152 ;;101   MOVAR   r0x1003
                      00153 ;;99    MOVRA   r0x1004
                      00154 ;;104   MOVAR   r0x1002
                      00155 ;;102   MOVRA   r0x1005
                      00156 ;;[ICODE] ../libsdcc/fs2uint.c:39:      ret iTemp4 [k10 lr11:12 so:0]{ ia0 a2p0 re0 rm0 nos0 ru1 dp0}{unsigned-int fixed}[r0x1004 r0x1005 ]
                      00157 ;;100   MOVAR   r0x1004
002A                  00158 _00106_DS_
                      00159 ;       .line   39; "../libsdcc/fs2uint.c"      return ul;
002A   0B00           00160         MOVAR   r0x1003
002B   0AC0           00161         MOVRA   STK00
                      00162 ;;103   MOVAR   r0x1005
002C   0B00           00163         MOVAR   r0x1002
                      00164 ;;[ICODE] ../libsdcc/fs2uint.c:39:  _return($3) :
                      00165 ;;[ICODE] ../libsdcc/fs2uint.c:39:      eproc ___fs2uint [k1 lr0:0 so:0]{ ia0 a2p0 re0 rm0 nos0 ru0 dp0}{unsigned-int function ( float fixed) fixed}
002D                  00166 _00107_DS_
002D   000C           00167         RETURN  
                      00168 ; exit point of ___fs2uint
                      00169 
                      00170 
                      00171 ;       code size estimation:
                      00172 ;          46+    0 =    46 instructions (   92 byte)
                      00173 
                      00174         end
gpasm-1.7.0_beta1 (Jan 22 2015)fs2uint.asm        2015-1-22  23:34:24          PAGE  2


SYMBOL TABLE
  LABEL                             VALUE

C                                 00000000
DC                                00000001
DKW                               0000000F
DKWE                              00000007
DKWP0                             0000000A
DKWP00                            00000000
DKWP01                            00000001
DKWP02                            00000002
DKWP03                            00000003
DKWP04                            00000004
DKWP05                            00000005
DKWP1                             0000000E
DKWP10                            00000000
DKWP11                            00000001
DKWP12                            00000002
DKWP13                            00000003
DKWP14                            00000004
DKWP15                            00000005
DKWP16                            00000006
FSR                               00000001
GIE                               00000007
INDF                              00000000
INT0IE                            00000002
INT0IF                            00000002
INT1IE                            00000003
INT1IF                            00000003
INTECON                           00000005
INTFLAG                           00000006
IOP0                              00000007
IOP00                             00000000
IOP01                             00000001
IOP02                             00000002
IOP03                             00000003
IOP04                             00000004
IOP05                             00000005
IOP06                             00000006
IOP1                              0000000B
IOP10                             00000000
IOP11                             00000001
IOP12                             00000002
IOP13                             00000003
IOP14                             00000004
IOP15                             00000005
IOP16                             00000006
MCR                               00000004
OEP0                              00000008
OEP00                             00000000
OEP01                             00000001
OEP02                             00000002
OEP03                             00000003
OEP04                             00000004
OEP05                             00000005
OEP06                             00000006
OEP1                              0000000C
OEP10                             00000000
OEP11                             00000001
OEP12                             00000002
OEP13                             00000003
OEP14                             00000004
OEP15                             00000005
OEP16                             00000006
PCL                               00000002
PD                                00000004
PUP0                              00000009
PUP00                             00000000
PUP01                             00000001
PUP02                             00000002
PUP03                             00000003
PUP04                             00000004
PUP05                             00000005
PUP06                             00000006
PUP1                              0000000D
PUP10                             00000000
PUP11                             00000001
PUP12                             00000002
PUP13                             00000003
PUP14                             00000004
PUP15                             00000005
PUP16                             00000006
RSEL                              00000006
STATUS                            00000003
STK00                             00000000
STK01                             00000000
STK02                             00000000
STK03                             00000000
STK04                             00000000
STK05                             00000000
STK06                             00000000
TO                                00000005
Z                                 00000002
_00106_DS_                        0000002A
_00107_DS_                        0000002D
_00111_DS_                        00000024
_CONFIG0                          00008000
_CONFIG1                          00008001
_CP_ALL                           00000FFF
_FCPU_16X                         00001FFF
_FCPU_2X                          00001FF3
_FCPU_4X                          00001FF7
_FCPU_8X                          00001FFB
_WDT_ALWAYS_OFF                   00001FFC
_WDT_ALWAYS_ON                    00001FFF
_WDT_SLEEP_OFF                    00001FFD
__31P11                           00000001
___fs2schar                       00000000
___fs2sint                        00000000
___fs2slong                       00000000
___fs2uchar                       00000000
___fs2uint                        00000000
___fs2ulong                       00000000
___fsadd                          00000000
___fsdiv                          00000000
___fseq                           00000000
___fsgt                           00000000
___fslt                           00000000
___fsmul                          00000000
___fsneq                          00000000
___fssub                          00000000
___schar2fs                       00000000
___sint2fs                        00000000
___slong2fs                       00000000
___uchar2fs                       00000000
___uint2fs                        00000000
___ulong2fs                       00000000
r0x1000                           00000003
r0x1001                           00000002
r0x1002                           00000001
r0x1003                           00000000

Errors   :     0
Warnings :     0 reported,     0 suppressed
Messages :     0 reported,     0 suppressed

