gpasm-1.7.0_beta1 (Jan 22 2015)fsdiv.asm          2015-1-22  23:34:24          PAGE  1


LOC  OBJECT CODE     LINE SOURCE TEXT
  VALUE

                      00001 ;--------------------------------------------------------
                      00002 ; File Created by SN-SDCC : ANSI-C Compiler
                      00003 ; Version 0.0.4 (Jan 22 2015) (Linux)
                      00004 ; This file was generated Thu Jan 22 23:34:24 2015
                      00005 ;--------------------------------------------------------
                      00006 ; MC3X port for the RISC core
                      00007 ;--------------------------------------------------------
                      00008 ;       .file   "../libsdcc/fsdiv.c"
                      00009         list    p=31p11
                      00010         radix dec
                      00011         include "mc31p11.inc"
                      00001                 LIST
                      00002 ;mc31p11.inc    Standard Header File, Version 1.00 by Sinomcu
                      00176                 LIST
                      00012 ;--------------------------------------------------------
                      00013 ; external declarations
                      00014 ;--------------------------------------------------------
                      00015         extern  ___uchar2fs
                      00016         extern  ___schar2fs
                      00017         extern  ___uint2fs
                      00018         extern  ___sint2fs
                      00019         extern  ___ulong2fs
                      00020         extern  ___slong2fs
                      00021         extern  ___fs2uchar
                      00022         extern  ___fs2schar
                      00023         extern  ___fs2uint
                      00024         extern  ___fs2sint
                      00025         extern  ___fs2ulong
                      00026         extern  ___fs2slong
                      00027         extern  ___fsadd
                      00028         extern  ___fssub
                      00029         extern  ___fsmul
                      00030         extern  ___fslt
                      00031         extern  ___fseq
                      00032         extern  ___fsneq
                      00033         extern  ___fsgt
                      00034 
                      00035         extern STK06
                      00036         extern STK05
                      00037         extern STK04
                      00038         extern STK03
                      00039         extern STK02
                      00040         extern STK01
                      00041         extern STK00
                      00042 ;--------------------------------------------------------
                      00043 ; global declarations
                      00044 ;--------------------------------------------------------
                      00045         global  ___fsdiv
                      00046 
                      00047 ;--------------------------------------------------------
                      00048 ; global definitions
                      00049 ;--------------------------------------------------------
                      00050 ;--------------------------------------------------------
                      00051 ; absolute symbol definitions
                      00052 ;--------------------------------------------------------
                      00053 ;--------------------------------------------------------
                      00054 ; compiler-defined variables
                      00055 ;--------------------------------------------------------
                      00056 UDL_fsdiv_0     udata
0000                  00057 r0x100B res     1
0000                  00058 r0x100A res     1
0001                  00059 r0x1009 res     1
0001                  00060 r0x1008 res     1
0002                  00061 r0x100F res     1
0002                  00062 r0x100E res     1
0003                  00063 r0x100D res     1
0003                  00064 r0x100C res     1
0004                  00065 r0x1010 res     1
0004                  00066 r0x1011 res     1
0005                  00067 r0x1012 res     1
0005                  00068 r0x1013 res     1
0006                  00069 r0x1014 res     1
0006                  00070 r0x1015 res     1
0007                  00071 r0x1016 res     1
0007                  00072 r0x1017 res     1
0008                  00073 r0x1018 res     1
0008                  00074 r0x1019 res     1
0009                  00075 r0x101A res     1
0009                  00076 r0x101B res     1
000A                  00077 r0x101C res     1
000A                  00078 r0x101D res     1
000B                  00079 r0x101E res     1
000B                  00080 r0x101F res     1
000C                  00081 r0x1020 res     1
000C                  00082 r0x1021 res     1
000D                  00083 r0x1022 res     1
000D                  00084 r0x1023 res     1
000E                  00085 r0x1024 res     1
000E                  00086 ___fsdiv_fl1_1_22       res     4
0010                  00087 ___fsdiv_fl2_1_22       res     4
                      00088 ;--------------------------------------------------------
                      00089 ; initialized data
                      00090 ;--------------------------------------------------------
                      00091 ;--------------------------------------------------------
                      00092 ; overlayable items in internal ram 
                      00093 ;--------------------------------------------------------
                      00094 ;       udata_ovr
                      00095 ;--------------------------------------------------------
                      00096 ; code
                      00097 ;--------------------------------------------------------
                      00098 code_fsdiv      code
                      00099 ;***
                      00100 ;  pBlock Stats: dbName = C
                      00101 ;***
                      00102 ;entry:  ___fsdiv       ;Function start
                      00103 ; 2 exit points
                      00104 ;has an exit
                      00105 ;36 compiler assigned registers:
                      00106 ;   r0x1008
                      00107 ;   STK00
                      00108 ;   r0x1009
                      00109 ;   STK01
                      00110 ;   r0x100A
                      00111 ;   STK02
                      00112 ;   r0x100B
                      00113 ;   STK03
                      00114 ;   r0x100C
                      00115 ;   STK04
                      00116 ;   r0x100D
                      00117 ;   STK05
                      00118 ;   r0x100E
                      00119 ;   STK06
                      00120 ;   r0x100F
                      00121 ;   r0x1010
                      00122 ;   r0x1011
                      00123 ;   r0x1012
                      00124 ;   r0x1013
                      00125 ;   r0x1014
                      00126 ;   r0x1015
                      00127 ;   r0x1016
                      00128 ;   r0x1017
                      00129 ;   r0x1018
                      00130 ;   r0x1019
                      00131 ;   r0x101A
                      00132 ;   r0x101B
                      00133 ;   r0x101C
                      00134 ;   r0x101D
                      00135 ;   r0x101E
                      00136 ;   r0x101F
                      00137 ;   r0x1020
                      00138 ;   r0x1021
                      00139 ;   r0x1022
                      00140 ;   r0x1023
                      00141 ;   r0x1024
                      00142 ;; Starting pCode block
                      00143 ;;[ICODE] ../libsdcc/fsdiv.c:55:  _entry($19) :
                      00144 ;;[ICODE] ../libsdcc/fsdiv.c:55:        proc ___fsdiv [k1 lr0:0 so:0]{ ia0 a2p0 re0 rm0 nos0 ru0 dp0}{float function ( float fixed, float fixed) fixed}
0000                  00145 ___fsdiv        ;Function start
                      00146 ; 2 exit points
                      00147 ;;[ICODE] ../libsdcc/fsdiv.c:55: iTemp0 [k2 lr3:6 so:0]{ ia0 a2p0 re1 rm0 nos0 ru0 dp0}{float fixed}{ sir@ ___fsdiv_a1_1_21}[r0x1000 r0x1001 r0x1002 r0x1003 ] = recv ___fsdiv [k1 lr0:0 so:0]{ ia0 a2p0 re0 rm0 nos0 ru0 dp0}{float function ( float fixed, float fixed) fixed}
                      00148 ;       .line   55; "../libsdcc/fsdiv.c"        float __fsdiv (float a1, float a2) _FS_REENTRANT
0000   0AC0           00149         MOVRA   r0x1008
0001   0B00           00150         MOVAR   STK00
0002   0AC0           00151         MOVRA   r0x1009
0003   0B00           00152         MOVAR   STK01
0004   0AC0           00153         MOVRA   r0x100A
0005   0B00           00154         MOVAR   STK02
0006   0AC0           00155         MOVRA   (___fsdiv_fl1_1_22 + 0)
0007   0AC0           00156         MOVRA   r0x100B
                      00157 ;;[ICODE] ../libsdcc/fsdiv.c:55: iTemp1 [k4 lr4:8 so:0]{ ia0 a2p0 re1 rm0 nos0 ru0 dp0}{float fixed}{ sir@ ___fsdiv_a2_1_21}[r0x1004 r0x1005 r0x1006 r0x1007 ] = recv ___fsdiv [k1 lr0:0 so:0]{ ia0 a2p0 re0 rm0 nos0 ru0 dp0}{float function ( float fixed, float fixed) fixed}
0008   0B00           00158         MOVAR   STK03
0009   0AC0           00159         MOVRA   r0x100C
000A   0B00           00160         MOVAR   STK04
000B   0AC0           00161         MOVRA   r0x100D
000C   0B00           00162         MOVAR   STK05
000D   0AC0           00163         MOVRA   r0x100E
000E   0B00           00164         MOVAR   STK06
000F   0AC0           00165         MOVRA   (___fsdiv_fl2_1_22 + 0)
0010   0AC0           00166         MOVRA   r0x100F
                      00167 ;;[ICODE] ../libsdcc/fsdiv.c:64:        iTemp2 [k7 lr5:6 so:0]{ ia0 a2p0 re0 rm1 nos0 ru0 dp0}{volatile-float near* fixed}[remat] = &[___fsdiv_fl1_1_22 [k6 lr0:0 so:0]{ ia0 a2p0 re0 rm0 nos0 ru0 dp0}{volatile-struct float_long fixed}]
                      00168 ;;[ICODE] ../libsdcc/fsdiv.c:64:        *(iTemp2 [k7 lr5:6 so:0]{ ia1 a2p0 re0 rm1 nos0 ru0 dp0}{volatile-float near* fixed}[remat]) := iTemp0 [k2 lr3:6 so:0]{ ia0 a2p0 re1 rm0 nos0 ru0 dp0}{float fixed}{ sir@ ___fsdiv_a1_1_21}[r0x1000 r0x1001 r0x1002 r0x1003 ]
                      00169 ;;gen.c:6444: size=3/4, offset=0, AOP_TYPE(res)=8
                      00170 ;;136   MOVAR   r0x100B
                      00171 ;;gen.c:6444: size=2/4, offset=1, AOP_TYPE(res)=8
                      00172 ;       .line   64; "../libsdcc/fsdiv.c"        fl1.f = a1;
0011   0B00           00173         MOVAR   r0x100A
0012   0AC0           00174         MOVRA   (___fsdiv_fl1_1_22 + 1)
                      00175 ;;gen.c:6444: size=1/4, offset=2, AOP_TYPE(res)=8
0013   0B00           00176         MOVAR   r0x1009
0014   0AC0           00177         MOVRA   (___fsdiv_fl1_1_22 + 2)
                      00178 ;;gen.c:6444: size=0/4, offset=3, AOP_TYPE(res)=8
0015   0B00           00179         MOVAR   r0x1008
0016   0AC0           00180         MOVRA   (___fsdiv_fl1_1_22 + 3)
                      00181 ;;[ICODE] ../libsdcc/fsdiv.c:65:        iTemp4 [k11 lr7:8 so:0]{ ia0 a2p0 re0 rm1 nos0 ru0 dp0}{volatile-float near* fixed}[remat] = &[___fsdiv_fl2_1_22 [k10 lr0:0 so:0]{ ia0 a2p0 re0 rm0 nos0 ru0 dp0}{volatile-struct float_long fixed}]
                      00182 ;;[ICODE] ../libsdcc/fsdiv.c:65:        *(iTemp4 [k11 lr7:8 so:0]{ ia1 a2p0 re0 rm1 nos0 ru0 dp0}{volatile-float near* fixed}[remat]) := iTemp1 [k4 lr4:8 so:0]{ ia0 a2p0 re1 rm0 nos0 ru0 dp0}{float fixed}{ sir@ ___fsdiv_a2_1_21}[r0x1004 r0x1005 r0x1006 r0x1007 ]
                      00183 ;;gen.c:6444: size=3/4, offset=0, AOP_TYPE(res)=8
                      00184 ;;133   MOVAR   r0x100F
                      00185 ;;gen.c:6444: size=2/4, offset=1, AOP_TYPE(res)=8
                      00186 ;       .line   65; "../libsdcc/fsdiv.c"        fl2.f = a2;
0017   0B00           00187         MOVAR   r0x100E
0018   0AC0           00188         MOVRA   (___fsdiv_fl2_1_22 + 1)
                      00189 ;;gen.c:6444: size=1/4, offset=2, AOP_TYPE(res)=8
0019   0B00           00190         MOVAR   r0x100D
001A   0AC0           00191         MOVRA   (___fsdiv_fl2_1_22 + 2)
                      00192 ;;gen.c:6444: size=0/4, offset=3, AOP_TYPE(res)=8
001B   0B00           00193         MOVAR   r0x100C
001C   0AC0           00194         MOVRA   (___fsdiv_fl2_1_22 + 3)
                      00195 ;;[ICODE] ../libsdcc/fsdiv.c:68:        iTemp7 [k16 lr9:10 so:0]{ ia0 a2p0 re0 rm1 nos0 ru0 dp0}{volatile-long-int near* fixed}[remat] = &[___fsdiv_fl1_1_22 [k6 lr0:0 so:0]{ ia0 a2p0 re0 rm0 nos0 ru0 dp0}{volatile-struct float_long fixed}]
                      00196 ;;[ICODE] ../libsdcc/fsdiv.c:68:        iTemp9 [k19 lr10:11 so:0]{ ia0 a2p0 re0 rm0 nos0 ru0 dp0}{volatile-long-int fixed}[r0x1000 r0x1001 r0x1002 r0x1003 ] = @[iTemp7 [k16 lr9:10 so:0]{ ia1 a2p0 re0 rm1 nos0 ru0 dp0}{volatile-long-int near* fixed}[remat] + 0x0 {const-unsigned-char literal}]
                      00197 ;       .line   68; "../libsdcc/fsdiv.c"        exp = EXP (fl1.l) ;
001D   0B00           00198         MOVAR   (___fsdiv_fl1_1_22 + 0)
001E   0AC0           00199         MOVRA   r0x100F
001F   0AC0           00200         MOVRA   r0x100B
0020   0B00           00201         MOVAR   (___fsdiv_fl1_1_22 + 1)
0021   0AC0           00202         MOVRA   r0x100E
0022   0AC0           00203         MOVRA   r0x100A
0023   0B00           00204         MOVAR   (___fsdiv_fl1_1_22 + 2)
0024   0AC0           00205         MOVRA   r0x100D
0025   0AC0           00206         MOVRA   r0x1009
0026   0B00           00207         MOVAR   (___fsdiv_fl1_1_22 + 3)
0027   0AC0           00208         MOVRA   r0x100C
0028   0AC0           00209         MOVRA   r0x1008
                      00210 ;;[ICODE] ../libsdcc/fsdiv.c:68:        iTemp10 [k20 lr11:12 so:0]{ ia0 a2p0 re0 rm0 nos0 ru0 dp0}{unsigned-long-int fixed}[r0x1004 r0x1005 r0x1006 r0x1007 ] = (unsigned-long-int fixed)iTemp9 [k19 lr10:11 so:0]{ ia0 a2p0 re0 rm0 nos0 ru0 dp0}{volatile-long-int fixed}[r0x1000 r0x1001 r0x1002 r0x1003 ]
                      00211 ;;130   MOVAR   r0x100B
                      00212 ;;122   MOVAR   r0x100A
                      00213 ;;137   MOVAR   r0x1009
                      00214 ;;132   MOVAR   r0x1008
                      00215 ;;[ICODE] ../libsdcc/fsdiv.c:68:        iTemp11 [k21 lr12:13 so:0]{ ia0 a2p0 re0 rm0 nos0 ru0 dp0}{unsigned-long-int fixed}[r0x1000 r0x1001 r0x1002 r0x1003 ] = iTemp10 [k20 lr11:12 so:0]{ ia0 a2p0 re0 rm0 nos0 ru0 dp0}{unsigned-long-int fixed}[r0x1004 r0x1005 r0x1006 r0x1007 ] >> 0x17 {const-unsigned-char literal}
0029   0A00           00216         RLAR    r0x100D
002A   0A00           00217         RLAR    r0x100C
002B   0AC0           00218         MOVRA   r0x100F
002C   0AC0           00219         MOVRA   r0x100B
002D   0EC0           00220         CLRR    r0x100A
002E   0A40           00221         RLR     r0x100A
002F   0EC0           00222         CLRR    r0x1009
0030   0EC0           00223         CLRR    r0x1008
                      00224 ;;[ICODE] ../libsdcc/fsdiv.c:68:        iTemp12 [k22 lr13:14 so:0]{ ia0 a2p0 re0 rm0 nos0 ru0 dp0}{unsigned-long-int fixed}[r0x1004 r0x1005 r0x1006 r0x1007 ] = iTemp11 [k21 lr12:13 so:0]{ ia0 a2p0 re0 rm0 nos0 ru0 dp0}{unsigned-long-int fixed}[r0x1000 r0x1001 r0x1002 r0x1003 ] & 0xff {unsigned-long-int literal}
                      00225 ;;121   MOVAR   r0x100B
0031   0EC0           00226         CLRR    r0x100E
0032   0EC0           00227         CLRR    r0x100D
0033   0EC0           00228         CLRR    r0x100C
                      00229 ;;[ICODE] ../libsdcc/fsdiv.c:68:        iTemp6 [k14 lr14:124 so:0]{ ia0 a2p0 re1 rm0 nos0 ru0 dp0}{int fixed}{ sir@ ___fsdiv_exp_1_22}[r0x1000 r0x1001 ] = (int fixed)iTemp12 [k22 lr13:14 so:0]{ ia0 a2p0 re0 rm0 nos0 ru0 dp0}{unsigned-long-int fixed}[r0x1004 r0x1005 r0x1006 r0x1007 ]
0034   0B00           00230         MOVAR   r0x100F
0035   0AC0           00231         MOVRA   r0x100B
0036   0400           00232         MOVAI   0x00
0037   0AC0           00233         MOVRA   r0x100A
                      00234 ;;[ICODE] ../libsdcc/fsdiv.c:69:        iTemp14 [k24 lr16:17 so:0]{ ia0 a2p0 re0 rm1 nos0 ru0 dp0}{volatile-long-int near* fixed}[remat] = &[___fsdiv_fl2_1_22 [k10 lr0:0 so:0]{ ia0 a2p0 re0 rm0 nos0 ru0 dp0}{volatile-struct float_long fixed}]
                      00235 ;;[ICODE] ../libsdcc/fsdiv.c:69:        iTemp16 [k27 lr17:18 so:0]{ ia0 a2p0 re0 rm0 nos0 ru0 dp0}{volatile-long-int fixed}[r0x1002 r0x1003 r0x1004 r0x1005 ] = @[iTemp14 [k24 lr16:17 so:0]{ ia1 a2p0 re0 rm1 nos0 ru0 dp0}{volatile-long-int near* fixed}[remat] + 0x0 {const-unsigned-char literal}]
                      00236 ;       .line   69; "../libsdcc/fsdiv.c"        exp -= EXP (fl2.l);
0038   0B00           00237         MOVAR   (___fsdiv_fl2_1_22 + 0)
0039   0AC0           00238         MOVRA   r0x100D
003A   0AC0           00239         MOVRA   r0x1009
003B   0B00           00240         MOVAR   (___fsdiv_fl2_1_22 + 1)
003C   0AC0           00241         MOVRA   r0x100C
003D   0AC0           00242         MOVRA   r0x1008
003E   0B00           00243         MOVAR   (___fsdiv_fl2_1_22 + 2)
003F   0AC0           00244         MOVRA   r0x1010
0040   0AC0           00245         MOVRA   r0x100F
0041   0B00           00246         MOVAR   (___fsdiv_fl2_1_22 + 3)
0042   0AC0           00247         MOVRA   r0x1011
0043   0AC0           00248         MOVRA   r0x100E
                      00249 ;;[ICODE] ../libsdcc/fsdiv.c:69:        iTemp17 [k28 lr18:19 so:0]{ ia0 a2p0 re0 rm0 nos0 ru0 dp0}{unsigned-long-int fixed}[r0x1006 r0x1007 r0x1008 r0x1009 ] = (unsigned-long-int fixed)iTemp16 [k27 lr17:18 so:0]{ ia0 a2p0 re0 rm0 nos0 ru0 dp0}{volatile-long-int fixed}[r0x1002 r0x1003 r0x1004 r0x1005 ]
                      00250 ;;131   MOVAR   r0x1009
                      00251 ;;124   MOVAR   r0x1008
                      00252 ;;125   MOVAR   r0x100F
                      00253 ;;126   MOVAR   r0x100E
                      00254 ;;[ICODE] ../libsdcc/fsdiv.c:69:        iTemp18 [k29 lr19:20 so:0]{ ia0 a2p0 re0 rm0 nos0 ru0 dp0}{unsigned-long-int fixed}[r0x1002 r0x1003 r0x1004 r0x1005 ] = iTemp17 [k28 lr18:19 so:0]{ ia0 a2p0 re0 rm0 nos0 ru0 dp0}{unsigned-long-int fixed}[r0x1006 r0x1007 r0x1008 r0x1009 ] >> 0x17 {const-unsigned-char literal}
0044   0A00           00255         RLAR    r0x1010
0045   0A00           00256         RLAR    r0x1011
0046   0AC0           00257         MOVRA   r0x100D
0047   0AC0           00258         MOVRA   r0x1009
0048   0EC0           00259         CLRR    r0x1008
0049   0A40           00260         RLR     r0x1008
004A   0EC0           00261         CLRR    r0x100F
004B   0EC0           00262         CLRR    r0x100E
                      00263 ;;[ICODE] ../libsdcc/fsdiv.c:69:        iTemp19 [k30 lr20:22 so:0]{ ia0 a2p0 re0 rm0 nos0 ru0 dp0}{unsigned-long-int fixed}[r0x1006 r0x1007 r0x1008 r0x1009 ] = iTemp18 [k29 lr19:20 so:0]{ ia0 a2p0 re0 rm0 nos0 ru0 dp0}{unsigned-long-int fixed}[r0x1002 r0x1003 r0x1004 r0x1005 ] & 0xff {unsigned-long-int literal}
                      00264 ;;123   MOVAR   r0x1009
004C   0EC0           00265         CLRR    r0x100C
004D   0EC0           00266         CLRR    r0x1010
004E   0EC0           00267         CLRR    r0x1011
                      00268 ;;[ICODE] ../libsdcc/fsdiv.c:69:        iTemp20 [k31 lr21:22 so:0]{ ia0 a2p0 re0 rm0 nos0 ru0 dp0}{unsigned-long-int fixed}[r0x1002 r0x1003 r0x1004 r0x1005 ] = (unsigned-long-int fixed)iTemp6 [k14 lr14:124 so:0]{ ia0 a2p0 re1 rm0 nos0 ru0 dp0}{int fixed}{ sir@ ___fsdiv_exp_1_22}[r0x1000 r0x1001 ]
004F   0B00           00269         MOVAR   r0x100B
0050   0AC0           00270         MOVRA   r0x1009
0051   0B00           00271         MOVAR   r0x100A
0052   0AC0           00272         MOVRA   r0x1008
0053   0400           00273         MOVAI   0x00
0054   1FC0           00274         JBCLR   r0x1008,7
0055   04FF           00275         MOVAI   0xff
0056   0AC0           00276         MOVRA   r0x100E
0057   0AC0           00277         MOVRA   r0x100F
                      00278 ;;[ICODE] ../libsdcc/fsdiv.c:69:        iTemp21 [k32 lr22:23 so:0]{ ia0 a2p0 re0 rm0 nos0 ru0 dp0}{unsigned-long-int fixed}[r0x1006 r0x1007 r0x1008 r0x1009 ] = iTemp20 [k31 lr21:22 so:0]{ ia0 a2p0 re0 rm0 nos0 ru0 dp0}{unsigned-long-int fixed}[r0x1002 r0x1003 r0x1004 r0x1005 ] - iTemp19 [k30 lr20:22 so:0]{ ia0 a2p0 re0 rm0 nos0 ru0 dp0}{unsigned-long-int fixed}[r0x1006 r0x1007 r0x1008 r0x1009 ]
0058   0B00           00279         MOVAR   r0x100D
0059   0900           00280         RSUBAR  r0x1009
005A   0AC0           00281         MOVRA   r0x100D
005B   0B00           00282         MOVAR   r0x100C
005C   1C03           00283         JBSET   STATUS,0
005D   0C00           00284         JZAR    r0x100C
005E   1400           00285         GOTO    _00148_DS_
005F   0B00           00286         MOVAR   r0x1008
0060   1400           00287         GOTO    _00149_DS_
0061                  00288 _00148_DS_
0061   0900           00289         RSUBAR  r0x1008
0062                  00290 _00149_DS_
0062   0AC0           00291         MOVRA   r0x100C
0063   0B00           00292         MOVAR   r0x1010
0064   1C03           00293         JBSET   STATUS,0
0065   0C00           00294         JZAR    r0x1010
0066   1400           00295         GOTO    _00150_DS_
0067   0B00           00296         MOVAR   r0x100F
0068   1400           00297         GOTO    _00151_DS_
0069                  00298 _00150_DS_
0069   0900           00299         RSUBAR  r0x100F
006A                  00300 _00151_DS_
006A   0AC0           00301         MOVRA   r0x1010
006B   0B00           00302         MOVAR   r0x1011
006C   1C03           00303         JBSET   STATUS,0
006D   0C80           00304         INCAR   r0x1011
006E   0900           00305         RSUBAR  r0x100E
006F   0AC0           00306         MOVRA   r0x1011
                      00307 ;;[ICODE] ../libsdcc/fsdiv.c:69:        iTemp6 [k14 lr14:124 so:0]{ ia0 a2p0 re1 rm0 nos0 ru0 dp0}{int fixed}{ sir@ ___fsdiv_exp_1_22}[r0x1000 r0x1001 ] = (int fixed)iTemp21 [k32 lr22:23 so:0]{ ia0 a2p0 re0 rm0 nos0 ru0 dp0}{unsigned-long-int fixed}[r0x1006 r0x1007 r0x1008 r0x1009 ]
0070   0B00           00308         MOVAR   r0x100D
0071   0AC0           00309         MOVRA   r0x100B
0072   0B00           00310         MOVAR   r0x100C
0073   0AC0           00311         MOVRA   r0x100A
                      00312 ;;[ICODE] ../libsdcc/fsdiv.c:70:        iTemp6 [k14 lr14:124 so:0]{ ia0 a2p0 re1 rm0 nos0 ru0 dp0}{int fixed}{ sir@ ___fsdiv_exp_1_22}[r0x1000 r0x1001 ] = iTemp6 [k14 lr14:124 so:0]{ ia0 a2p0 re1 rm0 nos0 ru0 dp0}{int fixed}{ sir@ ___fsdiv_exp_1_22}[r0x1000 r0x1001 ] + 0x7e {int literal}
                      00313 ;       .line   70; "../libsdcc/fsdiv.c"        exp += EXCESS;
0074   047E           00314         MOVAI   0x7e
0075   0FC0           00315         ADDRA   r0x100B
0076   1E03           00316         JBCLR   STATUS,0
0077   0CC0           00317         INCR    r0x100A
                      00318 ;;[ICODE] ../libsdcc/fsdiv.c:73:        iTemp25 [k37 lr27:28 so:0]{ ia0 a2p0 re0 rm1 nos0 ru0 dp0}{volatile-long-int near* fixed}[remat] = &[___fsdiv_fl1_1_22 [k6 lr0:0 so:0]{ ia0 a2p0 re0 rm0 nos0 ru0 dp0}{volatile-struct float_long fixed}]
                      00319 ;;[ICODE] ../libsdcc/fsdiv.c:73:        iTemp27 [k40 lr28:29 so:0]{ ia0 a2p0 re0 rm0 nos0 ru0 dp0}{volatile-long-int fixed}[r0x1002 r0x1003 r0x1004 r0x1005 ] = @[iTemp25 [k37 lr27:28 so:0]{ ia1 a2p0 re0 rm1 nos0 ru0 dp0}{volatile-long-int near* fixed}[remat] + 0x0 {const-unsigned-char literal}]
                      00320 ;       .line   73; "../libsdcc/fsdiv.c"        sign = SIGN (fl1.l) ^ SIGN (fl2.l);
0078   0B00           00321         MOVAR   (___fsdiv_fl1_1_22 + 0)
0079   0AC0           00322         MOVRA   r0x100D
007A   0AC0           00323         MOVRA   r0x1009
007B   0B00           00324         MOVAR   (___fsdiv_fl1_1_22 + 1)
007C   0AC0           00325         MOVRA   r0x100C
007D   0AC0           00326         MOVRA   r0x1008
007E   0B00           00327         MOVAR   (___fsdiv_fl1_1_22 + 2)
007F   0AC0           00328         MOVRA   r0x1010
0080   0AC0           00329         MOVRA   r0x100F
0081   0B00           00330         MOVAR   (___fsdiv_fl1_1_22 + 3)
0082   0AC0           00331         MOVRA   r0x1011
0083   0AC0           00332         MOVRA   r0x100E
                      00333 ;;[ICODE] ../libsdcc/fsdiv.c:73:        iTemp28 [k41 lr29:30 so:0]{ ia0 a2p0 re0 rm0 nos0 ru0 dp0}{unsigned-long-int fixed}[r0x1006 r0x1007 r0x1008 r0x1009 ] = (unsigned-long-int fixed)iTemp27 [k40 lr28:29 so:0]{ ia0 a2p0 re0 rm0 nos0 ru0 dp0}{volatile-long-int fixed}[r0x1002 r0x1003 r0x1004 r0x1005 ]
                      00334 ;;103   MOVAR   r0x1009
                      00335 ;;104   MOVAR   r0x1008
                      00336 ;;105   MOVAR   r0x100F
                      00337 ;;106   MOVAR   r0x100E
                      00338 ;;[ICODE] ../libsdcc/fsdiv.c:73:        iTemp29 [k42 lr30:35 so:0]{ ia0 a2p0 re0 rm0 nos0 ru0 dp0}{char fixed}[r0x1002 ] = gabit iTemp28 [k41 lr29:30 so:0]{ ia0 a2p0 re0 rm0 nos0 ru0 dp0}{unsigned-long-int fixed}[r0x1006 r0x1007 r0x1008 r0x1009 ]
0084   0B00           00339         MOVAR   r0x1011
0085   0680           00340         ANDAI   0x80
0086   1C83           00341         JBSET   STATUS,2
0087   0401           00342         MOVAI   0x01
0088   0AC0           00343         MOVRA   r0x1009
                      00344 ;;[ICODE] ../libsdcc/fsdiv.c:73:        iTemp30 [k43 lr31:32 so:0]{ ia0 a2p0 re0 rm1 nos0 ru0 dp0}{volatile-long-int near* fixed}[remat] = &[___fsdiv_fl2_1_22 [k10 lr0:0 so:0]{ ia0 a2p0 re0 rm0 nos0 ru0 dp0}{volatile-struct float_long fixed}]
                      00345 ;;[ICODE] ../libsdcc/fsdiv.c:73:        iTemp32 [k46 lr32:33 so:0]{ ia0 a2p0 re0 rm0 nos0 ru0 dp0}{volatile-long-int fixed}[r0x1006 r0x1007 r0x1008 r0x1009 ] = @[iTemp30 [k43 lr31:32 so:0]{ ia1 a2p0 re0 rm1 nos0 ru0 dp0}{volatile-long-int near* fixed}[remat] + 0x0 {const-unsigned-char literal}]
0089   0B00           00346         MOVAR   (___fsdiv_fl2_1_22 + 0)
008A   0AC0           00347         MOVRA   r0x1012
008B   0AC0           00348         MOVRA   r0x100D
008C   0B00           00349         MOVAR   (___fsdiv_fl2_1_22 + 1)
008D   0AC0           00350         MOVRA   r0x1013
008E   0AC0           00351         MOVRA   r0x100C
008F   0B00           00352         MOVAR   (___fsdiv_fl2_1_22 + 2)
0090   0AC0           00353         MOVRA   r0x1014
0091   0AC0           00354         MOVRA   r0x1010
0092   0B00           00355         MOVAR   (___fsdiv_fl2_1_22 + 3)
0093   0AC0           00356         MOVRA   r0x1015
0094   0AC0           00357         MOVRA   r0x1011
                      00358 ;;[ICODE] ../libsdcc/fsdiv.c:73:        iTemp33 [k47 lr33:34 so:0]{ ia0 a2p0 re0 rm0 nos0 ru0 dp0}{unsigned-long-int fixed}[r0x100A r0x100B r0x100C r0x100D ] = (unsigned-long-int fixed)iTemp32 [k46 lr32:33 so:0]{ ia0 a2p0 re0 rm0 nos0 ru0 dp0}{volatile-long-int fixed}[r0x1006 r0x1007 r0x1008 r0x1009 ]
                      00359 ;;134   MOVAR   r0x100D
                      00360 ;;108   MOVAR   r0x100C
                      00361 ;;109   MOVAR   r0x1010
                      00362 ;;110   MOVAR   r0x1011
                      00363 ;;[ICODE] ../libsdcc/fsdiv.c:73:        iTemp34 [k48 lr34:35 so:0]{ ia0 a2p0 re0 rm0 nos0 ru0 dp0}{char fixed}[r0x1006 ] = gabit iTemp33 [k47 lr33:34 so:0]{ ia0 a2p0 re0 rm0 nos0 ru0 dp0}{unsigned-long-int fixed}[r0x100A r0x100B r0x100C r0x100D ]
0095   0B00           00364         MOVAR   r0x1015
0096   0680           00365         ANDAI   0x80
0097   1C83           00366         JBSET   STATUS,2
0098   0401           00367         MOVAI   0x01
0099   0AC0           00368         MOVRA   r0x100D
                      00369 ;;[ICODE] ../libsdcc/fsdiv.c:73:        iTemp24 [k35 lr35:118 so:0]{ ia0 a2p0 re1 rm0 nos0 ru0 dp0}{char fixed}{ sir@ ___fsdiv_sign_1_22}[r0x1002 ] = iTemp29 [k42 lr30:35 so:0]{ ia0 a2p0 re0 rm0 nos0 ru0 dp0}{char fixed}[r0x1002 ] ^ iTemp34 [k48 lr34:35 so:0]{ ia0 a2p0 re0 rm0 nos0 ru0 dp0}{char fixed}[r0x1006 ]
009A   0B00           00370         MOVAR   r0x100D
009B   0840           00371         XORRA   r0x1009
                      00372 ;;[ICODE] ../libsdcc/fsdiv.c:76:        iTemp36 [k50 lr37:38 so:0]{ ia0 a2p0 re0 rm1 nos0 ru0 dp0}{volatile-long-int near* fixed}[remat] = &[___fsdiv_fl2_1_22 [k10 lr0:0 so:0]{ ia0 a2p0 re0 rm0 nos0 ru0 dp0}{volatile-struct float_long fixed}]
                      00373 ;;[ICODE] ../libsdcc/fsdiv.c:76:        iTemp38 [k53 lr38:39 so:0]{ ia0 a2p0 re0 rm0 nos0 ru0 dp0}{volatile-long-int fixed}[r0x1006 r0x100A r0x100B r0x100C ] = @[iTemp36 [k50 lr37:38 so:0]{ ia1 a2p0 re0 rm1 nos0 ru0 dp0}{volatile-long-int near* fixed}[remat] + 0x0 {const-unsigned-char literal}]
                      00374 ;       .line   76; "../libsdcc/fsdiv.c"        if (!fl2.l)
009C   0B00           00375         MOVAR   (___fsdiv_fl2_1_22 + 0)
009D   0AC0           00376         MOVRA   r0x100D
009E   0B00           00377         MOVAR   (___fsdiv_fl2_1_22 + 1)
009F   0AC0           00378         MOVRA   r0x1012
00A0   0B00           00379         MOVAR   (___fsdiv_fl2_1_22 + 2)
00A1   0AC0           00380         MOVRA   r0x1013
00A2   0B00           00381         MOVAR   (___fsdiv_fl2_1_22 + 3)
00A3   0AC0           00382         MOVRA   r0x1014
                      00383 ;;[ICODE] ../libsdcc/fsdiv.c:76:        if iTemp38 [k53 lr38:39 so:0]{ ia0 a2p0 re0 rm0 nos0 ru0 dp0}{volatile-long-int fixed}[r0x1006 r0x100A r0x100B r0x100C ] != 0 goto _iffalse_0($2)
00A4   0B00           00384         MOVAR   r0x100D
00A5   0B80           00385         ORAR    r0x1012
00A6   0B80           00386         ORAR    r0x1013
00A7   0B80           00387         ORAR    r0x1014
00A8   1C83           00388         JBSET   STATUS,2
00A9   1400           00389         GOTO    _00106_DS_
                      00390 ;;[ICODE] ../libsdcc/fsdiv.c:78:        iTemp39 [k54 lr40:41 so:0]{ ia0 a2p0 re0 rm1 nos0 ru0 dp0}{volatile-long-int near* fixed}[remat] = &[___fsdiv_fl2_1_22 [k10 lr0:0 so:0]{ ia0 a2p0 re0 rm0 nos0 ru0 dp0}{volatile-struct float_long fixed}]
                      00391 ;;[ICODE] ../libsdcc/fsdiv.c:78:        *(iTemp39 [k54 lr40:41 so:0]{ ia1 a2p0 re0 rm1 nos0 ru0 dp0}{volatile-long-int near* fixed}[remat]) := 0x7fc00000 {const-long-int literal}
                      00392 ;;gen.c:6444: size=3/4, offset=0, AOP_TYPE(res)=8
                      00393 ;       .line   78; "../libsdcc/fsdiv.c"        fl2.l = 0x7FC00000;
00AA   0EC0           00394         CLRR    (___fsdiv_fl2_1_22 + 0)
                      00395 ;;gen.c:6444: size=2/4, offset=1, AOP_TYPE(res)=8
00AB   0EC0           00396         CLRR    (___fsdiv_fl2_1_22 + 1)
                      00397 ;;gen.c:6444: size=1/4, offset=2, AOP_TYPE(res)=8
00AC   04C0           00398         MOVAI   0xc0
00AD   0AC0           00399         MOVRA   (___fsdiv_fl2_1_22 + 2)
                      00400 ;;gen.c:6444: size=0/4, offset=3, AOP_TYPE(res)=8
00AE   047F           00401         MOVAI   0x7f
00AF   0AC0           00402         MOVRA   (___fsdiv_fl2_1_22 + 3)
                      00403 ;;[ICODE] ../libsdcc/fsdiv.c:79:        iTemp41 [k57 lr42:43 so:0]{ ia0 a2p0 re0 rm1 nos0 ru0 dp0}{volatile-float near* fixed}[remat] = &[___fsdiv_fl2_1_22 [k10 lr0:0 so:0]{ ia0 a2p0 re0 rm0 nos0 ru0 dp0}{volatile-struct float_long fixed}]
                      00404 ;;[ICODE] ../libsdcc/fsdiv.c:79:        iTemp43 [k60 lr43:44 so:0]{ ia0 a2p0 re0 rm0 nos0 ru1 dp0}{volatile-float fixed}[r0x1006 r0x100A r0x100B r0x100C ] = @[iTemp41 [k57 lr42:43 so:0]{ ia1 a2p0 re0 rm1 nos0 ru0 dp0}{volatile-float near* fixed}[remat] + 0x0 {const-unsigned-char literal}]
                      00405 ;       .line   79; "../libsdcc/fsdiv.c"        return (fl2.f);
00B0   0B00           00406         MOVAR   (___fsdiv_fl2_1_22 + 0)
00B1   0AC0           00407         MOVRA   r0x100D
00B2   0B00           00408         MOVAR   (___fsdiv_fl2_1_22 + 1)
00B3   0AC0           00409         MOVRA   r0x1012
00B4   0B00           00410         MOVAR   (___fsdiv_fl2_1_22 + 2)
00B5   0AC0           00411         MOVRA   r0x1013
00B6   0B00           00412         MOVAR   (___fsdiv_fl2_1_22 + 3)
00B7   0AC0           00413         MOVRA   r0x1014
                      00414 ;;[ICODE] ../libsdcc/fsdiv.c:79:        ret iTemp43 [k60 lr43:44 so:0]{ ia0 a2p0 re0 rm0 nos0 ru1 dp0}{volatile-float fixed}[r0x1006 r0x100A r0x100B r0x100C ]
00B8   0B00           00415         MOVAR   r0x100D
00B9   0AC0           00416         MOVRA   STK02
00BA   0B00           00417         MOVAR   r0x1012
00BB   0AC0           00418         MOVRA   STK01
00BC   0B00           00419         MOVAR   r0x1013
00BD   0AC0           00420         MOVRA   STK00
00BE   0B00           00421         MOVAR   r0x1014
00BF   1400           00422         GOTO    _00122_DS_
                      00423 ;;[ICODE] ../libsdcc/fsdiv.c:79:  _iffalse_0($2) :
                      00424 ;;[ICODE] ../libsdcc/fsdiv.c:83:        iTemp44 [k61 lr46:47 so:0]{ ia0 a2p0 re0 rm1 nos0 ru0 dp0}{volatile-long-int near* fixed}[remat] = &[___fsdiv_fl1_1_22 [k6 lr0:0 so:0]{ ia0 a2p0 re0 rm0 nos0 ru0 dp0}{volatile-struct float_long fixed}]
                      00425 ;;[ICODE] ../libsdcc/fsdiv.c:83:        iTemp46 [k64 lr47:48 so:0]{ ia0 a2p0 re0 rm0 nos0 ru0 dp0}{volatile-long-int fixed}[r0x1006 r0x100A r0x100B r0x100C ] = @[iTemp44 [k61 lr46:47 so:0]{ ia1 a2p0 re0 rm1 nos0 ru0 dp0}{volatile-long-int near* fixed}[remat] + 0x0 {const-unsigned-char literal}]
00C0                  00426 _00106_DS_
                      00427 ;       .line   83; "../libsdcc/fsdiv.c"        if (!fl1.l)
00C0   0B00           00428         MOVAR   (___fsdiv_fl1_1_22 + 0)
00C1   0AC0           00429         MOVRA   r0x100D
00C2   0B00           00430         MOVAR   (___fsdiv_fl1_1_22 + 1)
00C3   0AC0           00431         MOVRA   r0x1012
00C4   0B00           00432         MOVAR   (___fsdiv_fl1_1_22 + 2)
00C5   0AC0           00433         MOVRA   r0x1013
00C6   0B00           00434         MOVAR   (___fsdiv_fl1_1_22 + 3)
00C7   0AC0           00435         MOVRA   r0x1014
                      00436 ;;[ICODE] ../libsdcc/fsdiv.c:83:        if iTemp46 [k64 lr47:48 so:0]{ ia0 a2p0 re0 rm0 nos0 ru0 dp0}{volatile-long-int fixed}[r0x1006 r0x100A r0x100B r0x100C ] != 0 goto _iffalse_1($4)
00C8   0B00           00437         MOVAR   r0x100D
00C9   0B80           00438         ORAR    r0x1012
00CA   0B80           00439         ORAR    r0x1013
00CB   0B80           00440         ORAR    r0x1014
00CC   1C83           00441         JBSET   STATUS,2
00CD   1400           00442         GOTO    _00108_DS_
                      00443 ;;[ICODE] ../libsdcc/fsdiv.c:84:        ret 0 {float literal}
                      00444 ;       .line   84; "../libsdcc/fsdiv.c"        return (0);
00CE   0400           00445         MOVAI   0x00
00CF   0AC0           00446         MOVRA   STK02
00D0   0400           00447         MOVAI   0x00
00D1   0AC0           00448         MOVRA   STK01
00D2   0400           00449         MOVAI   0x00
00D3   0AC0           00450         MOVRA   STK00
00D4   0400           00451         MOVAI   0x00
00D5   1400           00452         GOTO    _00122_DS_
                      00453 ;;[ICODE] ../libsdcc/fsdiv.c:84:  _iffalse_1($4) :
                      00454 ;;[ICODE] ../libsdcc/fsdiv.c:87:        iTemp48 [k67 lr51:52 so:0]{ ia0 a2p0 re0 rm1 nos0 ru0 dp0}{volatile-long-int near* fixed}[remat] = &[___fsdiv_fl1_1_22 [k6 lr0:0 so:0]{ ia0 a2p0 re0 rm0 nos0 ru0 dp0}{volatile-struct float_long fixed}]
                      00455 ;;[ICODE] ../libsdcc/fsdiv.c:87:        iTemp50 [k70 lr52:53 so:0]{ ia0 a2p0 re0 rm0 nos0 ru0 dp0}{volatile-long-int fixed}[r0x1006 r0x100A r0x100B r0x100C ] = @[iTemp48 [k67 lr51:52 so:0]{ ia1 a2p0 re0 rm1 nos0 ru0 dp0}{volatile-long-int near* fixed}[remat] + 0x0 {const-unsigned-char literal}]
00D6                  00456 _00108_DS_
                      00457 ;       .line   87; "../libsdcc/fsdiv.c"        mant1 = MANT (fl1.l);
00D6   0B00           00458         MOVAR   (___fsdiv_fl1_1_22 + 0)
00D7   0AC0           00459         MOVRA   r0x1015
00D8   0AC0           00460         MOVRA   r0x100D
00D9   0B00           00461         MOVAR   (___fsdiv_fl1_1_22 + 1)
00DA   0AC0           00462         MOVRA   r0x1016
00DB   0AC0           00463         MOVRA   r0x1012
00DC   0B00           00464         MOVAR   (___fsdiv_fl1_1_22 + 2)
00DD   0AC0           00465         MOVRA   r0x1017
00DE   0AC0           00466         MOVRA   r0x1013
00DF   0B00           00467         MOVAR   (___fsdiv_fl1_1_22 + 3)
00E0   0AC0           00468         MOVRA   r0x1018
00E1   0AC0           00469         MOVRA   r0x1014
                      00470 ;;[ICODE] ../libsdcc/fsdiv.c:87:        iTemp51 [k71 lr53:54 so:0]{ ia0 a2p0 re0 rm0 nos0 ru0 dp0}{unsigned-long-int register}[r0x100D r0x100E r0x100F r0x1010 ] = (unsigned-long-int register)iTemp50 [k70 lr52:53 so:0]{ ia0 a2p0 re0 rm0 nos0 ru0 dp0}{volatile-long-int fixed}[r0x1006 r0x100A r0x100B r0x100C ]
                      00471 ;;127   MOVAR   r0x100D
                      00472 ;;128   MOVAR   r0x1012
                      00473 ;;112   MOVAR   r0x1013
                      00474 ;;135   MOVAR   r0x1014
                      00475 ;;[ICODE] ../libsdcc/fsdiv.c:87:        iTemp52 [k72 lr54:55 so:0]{ ia0 a2p0 re0 rm0 nos0 ru0 dp0}{unsigned-long-int register}[r0x1006 r0x100A r0x100B r0x100C ] = iTemp51 [k71 lr53:54 so:0]{ ia0 a2p0 re0 rm0 nos0 ru0 dp0}{unsigned-long-int register}[r0x100D r0x100E r0x100F r0x1010 ] & 0x7fffff {unsigned-long-int literal}
00E2   0B00           00476         MOVAR   r0x1015
00E3   0AC0           00477         MOVRA   r0x100D
00E4   0B00           00478         MOVAR   r0x1016
00E5   0AC0           00479         MOVRA   r0x1012
00E6   047F           00480         MOVAI   0x7f
00E7   0F00           00481         ANDAR   r0x1017
00E8   0AC0           00482         MOVRA   r0x1013
00E9   0EC0           00483         CLRR    r0x1014
                      00484 ;;[ICODE] ../libsdcc/fsdiv.c:87:        iTemp47 [k65 lr55:87 so:0]{ ia0 a2p0 re1 rm0 nos0 ru0 dp0}{long-int fixed}{ sir@ ___fsdiv_mant1_1_22}[r0x1006 r0x100A r0x100B r0x100C ] = iTemp52 [k72 lr54:55 so:0]{ ia0 a2p0 re0 rm0 nos0 ru0 dp0}{unsigned-long-int register}[r0x1006 r0x100A r0x100B r0x100C ] | 0x800000 {unsigned-long-int literal}
00EA   19C0           00485         BSET    r0x1013,7
                      00486 ;;[ICODE] ../libsdcc/fsdiv.c:88:        iTemp55 [k76 lr57:58 so:0]{ ia0 a2p0 re0 rm1 nos0 ru0 dp0}{volatile-long-int near* fixed}[remat] = &[___fsdiv_fl2_1_22 [k10 lr0:0 so:0]{ ia0 a2p0 re0 rm0 nos0 ru0 dp0}{volatile-struct float_long fixed}]
                      00487 ;;[ICODE] ../libsdcc/fsdiv.c:88:        iTemp57 [k79 lr58:59 so:0]{ ia0 a2p0 re0 rm0 nos0 ru0 dp0}{volatile-long-int fixed}[r0x100D r0x100E r0x100F r0x1010 ] = @[iTemp55 [k76 lr57:58 so:0]{ ia1 a2p0 re0 rm1 nos0 ru0 dp0}{volatile-long-int near* fixed}[remat] + 0x0 {const-unsigned-char literal}]
                      00488 ;       .line   88; "../libsdcc/fsdiv.c"        mant2 = MANT (fl2.l);
00EB   0B00           00489         MOVAR   (___fsdiv_fl2_1_22 + 0)
00EC   0AC0           00490         MOVRA   r0x1015
00ED   0B00           00491         MOVAR   (___fsdiv_fl2_1_22 + 1)
00EE   0AC0           00492         MOVRA   r0x101A
00EF   0AC0           00493         MOVRA   r0x1016
00F0   0B00           00494         MOVAR   (___fsdiv_fl2_1_22 + 2)
00F1   0AC0           00495         MOVRA   r0x101B
00F2   0AC0           00496         MOVRA   r0x1017
00F3   0B00           00497         MOVAR   (___fsdiv_fl2_1_22 + 3)
00F4   0AC0           00498         MOVRA   r0x101C
00F5   0AC0           00499         MOVRA   r0x1018
                      00500 ;;[ICODE] ../libsdcc/fsdiv.c:88:        iTemp58 [k80 lr59:60 so:0]{ ia0 a2p0 re0 rm0 nos0 ru0 dp0}{unsigned-long-int register}[r0x1011 r0x1012 r0x1013 r0x1014 ] = (unsigned-long-int register)iTemp57 [k79 lr58:59 so:0]{ ia0 a2p0 re0 rm0 nos0 ru0 dp0}{volatile-long-int fixed}[r0x100D r0x100E r0x100F r0x1010 ]
00F6   0B00           00501         MOVAR   r0x1015
00F7   0AC0           00502         MOVRA   r0x1015
00F8   0AC0           00503         MOVRA   r0x1019
                      00504 ;;117   MOVAR   r0x1016
                      00505 ;;118   MOVAR   r0x1017
                      00506 ;;119   MOVAR   r0x1018
                      00507 ;;[ICODE] ../libsdcc/fsdiv.c:88:        iTemp59 [k81 lr60:61 so:0]{ ia0 a2p0 re0 rm0 nos0 ru0 dp0}{unsigned-long-int register}[r0x100D r0x100E r0x100F r0x1010 ] = iTemp58 [k80 lr59:60 so:0]{ ia0 a2p0 re0 rm0 nos0 ru0 dp0}{unsigned-long-int register}[r0x1011 r0x1012 r0x1013 r0x1014 ] & 0x7fffff {unsigned-long-int literal}
                      00508 ;;120   MOVAR   r0x1019
00F9   0B00           00509         MOVAR   r0x101A
00FA   0AC0           00510         MOVRA   r0x1016
00FB   047F           00511         MOVAI   0x7f
00FC   0F00           00512         ANDAR   r0x101B
00FD   0AC0           00513         MOVRA   r0x1017
00FE   0EC0           00514         CLRR    r0x1018
                      00515 ;;[ICODE] ../libsdcc/fsdiv.c:88:        iTemp54 [k74 lr61:87 so:0]{ ia0 a2p0 re1 rm0 nos0 ru0 dp0}{long-int fixed}{ sir@ ___fsdiv_mant2_1_22}[r0x100D r0x100E r0x100F r0x1010 ] = iTemp59 [k81 lr60:61 so:0]{ ia0 a2p0 re0 rm0 nos0 ru0 dp0}{unsigned-long-int register}[r0x100D r0x100E r0x100F r0x1010 ] | 0x800000 {unsigned-long-int literal}
00FF   19C0           00516         BSET    r0x1017,7
                      00517 ;;[ICODE] ../libsdcc/fsdiv.c:91:        iTemp61 [k83 lr63:64 so:0]{ ia0 a2p0 re0 rm0 nos0 ru0 dp0}{char fixed} = iTemp47 [k65 lr55:87 so:0]{ ia0 a2p0 re1 rm0 nos0 ru0 dp0}{long-int fixed}{ sir@ ___fsdiv_mant1_1_22}[r0x1006 r0x100A r0x100B r0x100C ] < iTemp54 [k74 lr61:87 so:0]{ ia0 a2p0 re1 rm0 nos0 ru0 dp0}{long-int fixed}{ sir@ ___fsdiv_mant2_1_22}[r0x100D r0x100E r0x100F r0x1010 ]
0100   0400           00518         MOVAI   0x00
0101   0780           00519         ADDAI   0x80
0102   0AC0           00520         MOVRA   r0x101D
0103   0400           00521         MOVAI   0x00
0104   0780           00522         ADDAI   0x80
0105   0900           00523         RSUBAR  r0x101D
0106   1C83           00524         JBSET   STATUS,2
0107   1400           00525         GOTO    _00152_DS_
0108   0B00           00526         MOVAR   r0x1017
0109   0900           00527         RSUBAR  r0x1013
010A   1C83           00528         JBSET   STATUS,2
010B   1400           00529         GOTO    _00152_DS_
010C   0B00           00530         MOVAR   r0x1016
010D   0900           00531         RSUBAR  r0x1012
010E   1C83           00532         JBSET   STATUS,2
010F   1400           00533         GOTO    _00152_DS_
0110   0B00           00534         MOVAR   r0x1015
0111   0900           00535         RSUBAR  r0x100D
0112                  00536 _00152_DS_
0112   1E03           00537         JBCLR   STATUS,0
0113   1400           00538         GOTO    _00110_DS_
                      00539 ;;genSkipc:3246: created from rifx:0xbfeaf040
                      00540 ;;[ICODE] ../libsdcc/fsdiv.c:91:        if iTemp61 [k83 lr63:64 so:0]{ ia0 a2p0 re0 rm0 nos0 ru0 dp0}{char fixed} == 0 goto _iffalse_2($6)
                      00541 ;;[ICODE] ../libsdcc/fsdiv.c:93:        iTemp47 [k65 lr55:87 so:0]{ ia0 a2p0 re1 rm0 nos0 ru0 dp0}{long-int fixed}{ sir@ ___fsdiv_mant1_1_22}[r0x1006 r0x100A r0x100B r0x100C ] = iTemp47 [k65 lr55:87 so:0]{ ia0 a2p0 re1 rm0 nos0 ru0 dp0}{long-int fixed}{ sir@ ___fsdiv_mant1_1_22}[r0x1006 r0x100A r0x100B r0x100C ] << 0x1 {const-unsigned-char literal}
                      00542 ;       .line   93; "../libsdcc/fsdiv.c"        mant1 <<= 1;
0114   1A03           00543         BCLR    STATUS,0
0115   0A40           00544         RLR     r0x100D
0116   0A40           00545         RLR     r0x1012
0117   0A40           00546         RLR     r0x1013
0118   0A40           00547         RLR     r0x1014
                      00548 ;;[ICODE] ../libsdcc/fsdiv.c:94:        iTemp6 [k14 lr14:124 so:0]{ ia0 a2p0 re1 rm0 nos0 ru0 dp0}{int fixed}{ sir@ ___fsdiv_exp_1_22}[r0x1000 r0x1001 ] = iTemp6 [k14 lr14:124 so:0]{ ia0 a2p0 re1 rm0 nos0 ru0 dp0}{int fixed}{ sir@ ___fsdiv_exp_1_22}[r0x1000 r0x1001 ] - 0x1 {const-unsigned-char literal}
                      00549 ;       .line   94; "../libsdcc/fsdiv.c"        exp--;
0119   04FF           00550         MOVAI   0xff
011A   0FC0           00551         ADDRA   r0x100B
011B   1C03           00552         JBSET   STATUS,0
011C   0DC0           00553         DECR    r0x100A
                      00554 ;;[ICODE] ../libsdcc/fsdiv.c:94:  _iffalse_2($6) :
                      00555 ;;[ICODE] ../libsdcc/fsdiv.c:98:        iTemp65 [k87 lr70:87 so:0]{ ia0 a2p0 re1 rm0 nos0 ru0 dp0}{unsigned-long-int fixed}{ sir@ ___fsdiv_mask_1_22}[r0x1011 r0x1012 r0x1013 r0x1014 ] := 0x1000000 {const-long-int literal}
011D                  00556 _00110_DS_
                      00557 ;       .line   98; "../libsdcc/fsdiv.c"        mask = 0x1000000;
011D   0EC0           00558         CLRR    r0x1019
011E   0EC0           00559         CLRR    r0x101A
011F   0EC0           00560         CLRR    r0x101B
0120   0401           00561         MOVAI   0x01
0121   0AC0           00562         MOVRA   r0x101C
                      00563 ;;[ICODE] ../libsdcc/fsdiv.c:99:        iTemp66 [k89 lr71:127 so:0]{ ia0 a2p0 re1 rm0 nos0 ru0 dp0}{long-int fixed}{ sir@ ___fsdiv_result_1_22}[r0x1015 r0x1016 r0x1017 r0x1018 ] := 0x0 {long-int literal}
                      00564 ;       .line   99; "../libsdcc/fsdiv.c"        result = 0;
0122   0EC0           00565         CLRR    r0x101D
0123   0EC0           00566         CLRR    r0x101E
0124   0EC0           00567         CLRR    r0x101F
0125   0EC0           00568         CLRR    r0x1020
                      00569 ;;[ICODE] ../libsdcc/fsdiv.c:100:  _whilecontinue_0($9) :
                      00570 ;;[ICODE] ../libsdcc/fsdiv.c:100:       if iTemp65 [k87 lr70:87 so:0]{ ia0 a2p0 re1 rm0 nos0 ru0 dp0}{unsigned-long-int fixed}{ sir@ ___fsdiv_mask_1_22}[r0x1011 r0x1012 r0x1013 r0x1014 ] == 0 goto _whilebreak_0($11)
0126                  00571 _00113_DS_
                      00572 ;       .line   100; "../libsdcc/fsdiv.c"       while (mask)
0126   0B00           00573         MOVAR   r0x1019
0127   0B80           00574         ORAR    r0x101A
0128   0B80           00575         ORAR    r0x101B
0129   0B80           00576         ORAR    r0x101C
012A   1E83           00577         JBCLR   STATUS,2
012B   1400           00578         GOTO    _00115_DS_
                      00579 ;;[ICODE] ../libsdcc/fsdiv.c:102:       iTemp67 [k91 lr75:76 so:0]{ ia0 a2p0 re0 rm0 nos0 ru0 dp0}{char fixed} = iTemp47 [k65 lr55:87 so:0]{ ia0 a2p0 re1 rm0 nos0 ru0 dp0}{long-int fixed}{ sir@ ___fsdiv_mant1_1_22}[r0x1006 r0x100A r0x100B r0x100C ] < iTemp54 [k74 lr61:87 so:0]{ ia0 a2p0 re1 rm0 nos0 ru0 dp0}{long-int fixed}{ sir@ ___fsdiv_mant2_1_22}[r0x100D r0x100E r0x100F r0x1010 ]
                      00580 ;       .line   102; "../libsdcc/fsdiv.c"       if (mant1 >= mant2)
012C   0B00           00581         MOVAR   r0x1014
012D   0780           00582         ADDAI   0x80
012E   0AC0           00583         MOVRA   r0x1021
012F   0B00           00584         MOVAR   r0x1018
0130   0780           00585         ADDAI   0x80
0131   0900           00586         RSUBAR  r0x1021
0132   1C83           00587         JBSET   STATUS,2
0133   1400           00588         GOTO    _00153_DS_
0134   0B00           00589         MOVAR   r0x1017
0135   0900           00590         RSUBAR  r0x1013
0136   1C83           00591         JBSET   STATUS,2
0137   1400           00592         GOTO    _00153_DS_
0138   0B00           00593         MOVAR   r0x1016
0139   0900           00594         RSUBAR  r0x1012
013A   1C83           00595         JBSET   STATUS,2
013B   1400           00596         GOTO    _00153_DS_
013C   0B00           00597         MOVAR   r0x1015
013D   0900           00598         RSUBAR  r0x100D
013E                  00599 _00153_DS_
013E   1C03           00600         JBSET   STATUS,0
013F   1400           00601         GOTO    _00112_DS_
                      00602 ;;genSkipc:3246: created from rifx:0xbfeaf040
                      00603 ;;[ICODE] ../libsdcc/fsdiv.c:102:       if iTemp67 [k91 lr75:76 so:0]{ ia0 a2p0 re0 rm0 nos0 ru0 dp0}{char fixed} != 0 goto _iffalse_3($8)
                      00604 ;;[ICODE] ../libsdcc/fsdiv.c:104:       iTemp68 [k92 lr77:78 so:0]{ ia0 a2p0 re0 rm0 nos0 ru0 dp0}{unsigned-long-int fixed}[r0x1019 r0x101A r0x101B r0x101C ] = (unsigned-long-int fixed)iTemp66 [k89 lr71:127 so:0]{ ia0 a2p0 re1 rm0 nos0 ru0 dp0}{long-int fixed}{ sir@ ___fsdiv_result_1_22}[r0x1015 r0x1016 r0x1017 r0x1018 ]
                      00605 ;       .line   104; "../libsdcc/fsdiv.c"       result |= mask;
0140   0B00           00606         MOVAR   r0x101D
0141   0AC0           00607         MOVRA   r0x1021
0142   0B00           00608         MOVAR   r0x101E
0143   0AC0           00609         MOVRA   r0x1022
0144   0B00           00610         MOVAR   r0x101F
0145   0AC0           00611         MOVRA   r0x1023
0146   0B00           00612         MOVAR   r0x1020
0147   0AC0           00613         MOVRA   r0x1024
                      00614 ;;[ICODE] ../libsdcc/fsdiv.c:104:       iTemp66 [k89 lr71:127 so:0]{ ia0 a2p0 re1 rm0 nos0 ru0 dp0}{long-int fixed}{ sir@ ___fsdiv_result_1_22}[r0x1015 r0x1016 r0x1017 r0x1018 ] = iTemp68 [k92 lr77:78 so:0]{ ia0 a2p0 re0 rm0 nos0 ru0 dp0}{unsigned-long-int fixed}[r0x1019 r0x101A r0x101B r0x101C ] | iTemp65 [k87 lr70:87 so:0]{ ia0 a2p0 re1 rm0 nos0 ru0 dp0}{unsigned-long-int fixed}{ sir@ ___fsdiv_mask_1_22}[r0x1011 r0x1012 r0x1013 r0x1014 ]
0148   0B00           00615         MOVAR   r0x1019
0149   0B80           00616         ORAR    r0x1021
014A   0AC0           00617         MOVRA   r0x101D
014B   0B00           00618         MOVAR   r0x101A
014C   0B80           00619         ORAR    r0x1022
014D   0AC0           00620         MOVRA   r0x101E
014E   0B00           00621         MOVAR   r0x101B
014F   0B80           00622         ORAR    r0x1023
0150   0AC0           00623         MOVRA   r0x101F
0151   0B00           00624         MOVAR   r0x101C
0152   0B80           00625         ORAR    r0x1024
0153   0AC0           00626         MOVRA   r0x1020
                      00627 ;;[ICODE] ../libsdcc/fsdiv.c:105:       iTemp47 [k65 lr55:87 so:0]{ ia0 a2p0 re1 rm0 nos0 ru0 dp0}{long-int fixed}{ sir@ ___fsdiv_mant1_1_22}[r0x1006 r0x100A r0x100B r0x100C ] = iTemp47 [k65 lr55:87 so:0]{ ia0 a2p0 re1 rm0 nos0 ru0 dp0}{long-int fixed}{ sir@ ___fsdiv_mant1_1_22}[r0x1006 r0x100A r0x100B r0x100C ] - iTemp54 [k74 lr61:87 so:0]{ ia0 a2p0 re1 rm0 nos0 ru0 dp0}{long-int fixed}{ sir@ ___fsdiv_mant2_1_22}[r0x100D r0x100E r0x100F r0x1010 ]
                      00628 ;       .line   105; "../libsdcc/fsdiv.c"       mant1 -= mant2;
0154   0B00           00629         MOVAR   r0x1015
0155   0940           00630         RSUBRA  r0x100D
0156   0B00           00631         MOVAR   r0x1016
0157   1C03           00632         JBSET   STATUS,0
0158   0C00           00633         JZAR    r0x1016
0159   0940           00634         RSUBRA  r0x1012
015A   0B00           00635         MOVAR   r0x1017
015B   1C03           00636         JBSET   STATUS,0
015C   0C00           00637         JZAR    r0x1017
015D   0940           00638         RSUBRA  r0x1013
015E   0B00           00639         MOVAR   r0x1018
015F   1C03           00640         JBSET   STATUS,0
0160   0C00           00641         JZAR    r0x1018
0161   0940           00642         RSUBRA  r0x1014
                      00643 ;;[ICODE] ../libsdcc/fsdiv.c:105:  _iffalse_3($8) :
                      00644 ;;[ICODE] ../libsdcc/fsdiv.c:107:       iTemp47 [k65 lr55:87 so:0]{ ia0 a2p0 re1 rm0 nos0 ru0 dp0}{long-int fixed}{ sir@ ___fsdiv_mant1_1_22}[r0x1006 r0x100A r0x100B r0x100C ] = iTemp47 [k65 lr55:87 so:0]{ ia0 a2p0 re1 rm0 nos0 ru0 dp0}{long-int fixed}{ sir@ ___fsdiv_mant1_1_22}[r0x1006 r0x100A r0x100B r0x100C ] << 0x1 {const-unsigned-char literal}
0162                  00645 _00112_DS_
                      00646 ;       .line   107; "../libsdcc/fsdiv.c"       mant1 <<= 1;
0162   1A03           00647         BCLR    STATUS,0
0163   0A40           00648         RLR     r0x100D
0164   0A40           00649         RLR     r0x1012
0165   0A40           00650         RLR     r0x1013
0166   0A40           00651         RLR     r0x1014
                      00652 ;;[ICODE] ../libsdcc/fsdiv.c:108:       iTemp65 [k87 lr70:87 so:0]{ ia0 a2p0 re1 rm0 nos0 ru0 dp0}{unsigned-long-int fixed}{ sir@ ___fsdiv_mask_1_22}[r0x1011 r0x1012 r0x1013 r0x1014 ] = iTemp65 [k87 lr70:87 so:0]{ ia0 a2p0 re1 rm0 nos0 ru0 dp0}{unsigned-long-int fixed}{ sir@ ___fsdiv_mask_1_22}[r0x1011 r0x1012 r0x1013 r0x1014 ] >> 0x1 {const-unsigned-char literal}
                      00653 ;;shiftRight_Left2ResultLit:5278: shCount=1, size=4, sign=0, same=1, offr=0
                      00654 ;       .line   108; "../libsdcc/fsdiv.c"       mask >>= 1;
0167   1A03           00655         BCLR    STATUS,0
0168   09C0           00656         RRR     r0x101C
0169   09C0           00657         RRR     r0x101B
016A   09C0           00658         RRR     r0x101A
016B   09C0           00659         RRR     r0x1019
                      00660 ;;[ICODE] ../libsdcc/fsdiv.c:108:        goto _whilecontinue_0($9)
016C   1400           00661         GOTO    _00113_DS_
                      00662 ;;[ICODE] ../libsdcc/fsdiv.c:108:  _whilebreak_0($11) :
                      00663 ;;[ICODE] ../libsdcc/fsdiv.c:112:       iTemp66 [k89 lr71:127 so:0]{ ia0 a2p0 re1 rm0 nos0 ru0 dp0}{long-int fixed}{ sir@ ___fsdiv_result_1_22}[r0x1015 r0x1016 r0x1017 r0x1018 ] = iTemp66 [k89 lr71:127 so:0]{ ia0 a2p0 re1 rm0 nos0 ru0 dp0}{long-int fixed}{ sir@ ___fsdiv_result_1_22}[r0x1015 r0x1016 r0x1017 r0x1018 ] + 0x1 {long-int literal}
016D                  00664 _00115_DS_
                      00665 ;       .line   112; "../libsdcc/fsdiv.c"       result += 1;
016D   0CC0           00666         INCR    r0x101D
016E   1E83           00667         JBCLR   STATUS,2
016F   0CC0           00668         INCR    r0x101E
0170   1E83           00669         JBCLR   STATUS,2
0171   0CC0           00670         INCR    r0x101F
0172   1E83           00671         JBCLR   STATUS,2
0173   0CC0           00672         INCR    r0x1020
                      00673 ;;[ICODE] ../libsdcc/fsdiv.c:115:       iTemp6 [k14 lr14:124 so:0]{ ia0 a2p0 re1 rm0 nos0 ru0 dp0}{int fixed}{ sir@ ___fsdiv_exp_1_22}[r0x1000 r0x1001 ] = iTemp6 [k14 lr14:124 so:0]{ ia0 a2p0 re1 rm0 nos0 ru0 dp0}{int fixed}{ sir@ ___fsdiv_exp_1_22}[r0x1000 r0x1001 ] + 0x1 {const-unsigned-char literal}
                      00674 ;       .line   115; "../libsdcc/fsdiv.c"       exp++;
0174   0CC0           00675         INCR    r0x100B
0175   1E83           00676         JBCLR   STATUS,2
0176   0CC0           00677         INCR    r0x100A
                      00678 ;;[ICODE] ../libsdcc/fsdiv.c:116:       iTemp66 [k89 lr71:127 so:0]{ ia0 a2p0 re1 rm0 nos0 ru0 dp0}{long-int fixed}{ sir@ ___fsdiv_result_1_22}[r0x1015 r0x1016 r0x1017 r0x1018 ] = iTemp66 [k89 lr71:127 so:0]{ ia0 a2p0 re1 rm0 nos0 ru0 dp0}{long-int fixed}{ sir@ ___fsdiv_result_1_22}[r0x1015 r0x1016 r0x1017 r0x1018 ] >> 0x1 {const-unsigned-char literal}
                      00679 ;;shiftRight_Left2ResultLit:5278: shCount=1, size=4, sign=1, same=1, offr=0
                      00680 ;       .line   116; "../libsdcc/fsdiv.c"       result >>= 1;
0177   1A03           00681         BCLR    STATUS,0
0178   1FC0           00682         JBCLR   r0x1020,7
0179   1803           00683         BSET    STATUS,0
017A   09C0           00684         RRR     r0x1020
017B   09C0           00685         RRR     r0x101F
017C   09C0           00686         RRR     r0x101E
017D   09C0           00687         RRR     r0x101D
                      00688 ;;[ICODE] ../libsdcc/fsdiv.c:118:       iTemp77 [k101 lr95:96 so:0]{ ia0 a2p0 re0 rm0 nos0 ru0 dp0}{unsigned-long-int register}[r0x1006 r0x100A r0x100B r0x100C ] = (unsigned-long-int register)iTemp66 [k89 lr71:127 so:0]{ ia0 a2p0 re1 rm0 nos0 ru0 dp0}{long-int fixed}{ sir@ ___fsdiv_result_1_22}[r0x1015 r0x1016 r0x1017 r0x1018 ]
                      00689 ;       .line   118; "../libsdcc/fsdiv.c"       result &= ~HIDDEN;
017E   0B00           00690         MOVAR   r0x101D
017F   0AC0           00691         MOVRA   r0x101D
0180   0AC0           00692         MOVRA   r0x100D
0181   0B00           00693         MOVAR   r0x101E
0182   0AC0           00694         MOVRA   r0x101E
0183   0AC0           00695         MOVRA   r0x1012
0184   0B00           00696         MOVAR   r0x101F
0185   0AC0           00697         MOVRA   r0x1013
0186   0B00           00698         MOVAR   r0x1020
0187   0AC0           00699         MOVRA   r0x1020
0188   0AC0           00700         MOVRA   r0x1014
                      00701 ;;[ICODE] ../libsdcc/fsdiv.c:118:       iTemp66 [k89 lr71:127 so:0]{ ia0 a2p0 re1 rm0 nos0 ru0 dp0}{long-int fixed}{ sir@ ___fsdiv_result_1_22}[r0x1015 r0x1016 r0x1017 r0x1018 ] = iTemp77 [k101 lr95:96 so:0]{ ia0 a2p0 re0 rm0 nos0 ru0 dp0}{unsigned-long-int register}[r0x1006 r0x100A r0x100B r0x100C ] & 0xff7fffff {unsigned-long-int literal}
                      00702 ;;107   MOVAR   r0x100D
                      00703 ;;111   MOVAR   r0x1012
0189   047F           00704         MOVAI   0x7f
018A   0F00           00705         ANDAR   r0x1013
018B   0AC0           00706         MOVRA   r0x101F
                      00707 ;;129   MOVAR   r0x1014
                      00708 ;;[ICODE] ../libsdcc/fsdiv.c:121:       iTemp79 [k103 lr98:99 so:0]{ ia0 a2p0 re0 rm0 nos0 ru0 dp0}{char fixed} = iTemp6 [k14 lr14:124 so:0]{ ia0 a2p0 re1 rm0 nos0 ru0 dp0}{int fixed}{ sir@ ___fsdiv_exp_1_22}[r0x1000 r0x1001 ] < 0x100 {const-int literal}
                      00709 ;;signed compare: left < lit(0x100=256), size=2, mask=ffff
                      00710 ;       .line   121; "../libsdcc/fsdiv.c"       if (exp >= 0x100)
018C   0B00           00711         MOVAR   r0x100A
018D   0780           00712         ADDAI   0x80
018E   077F           00713         ADDAI   0x7f
018F   1C83           00714         JBSET   STATUS,2
0190   1400           00715         GOTO    _00154_DS_
0191   0400           00716         MOVAI   0x00
0192   0900           00717         RSUBAR  r0x100B
0193                  00718 _00154_DS_
0193   1C03           00719         JBSET   STATUS,0
0194   1400           00720         GOTO    _00120_DS_
                      00721 ;;genSkipc:3246: created from rifx:0xbfeaf040
                      00722 ;;[ICODE] ../libsdcc/fsdiv.c:121:       if iTemp79 [k103 lr98:99 so:0]{ ia0 a2p0 re0 rm0 nos0 ru0 dp0}{char fixed} != 0 goto _iffalse_5($16)
                      00723 ;;[ICODE] ../libsdcc/fsdiv.c:122:       iTemp80 [k104 lr100:108 so:0]{ ia0 a2p0 re0 rm1 nos0 ru0 dp0}{volatile-long-int near* fixed}[remat] = &[___fsdiv_fl1_1_22 [k6 lr0:0 so:0]{ ia0 a2p0 re0 rm0 nos0 ru0 dp0}{volatile-struct float_long fixed}]
                      00724 ;;[ICODE] ../libsdcc/fsdiv.c:122:       if iTemp24 [k35 lr35:118 so:0]{ ia0 a2p0 re1 rm0 nos0 ru0 dp0}{char fixed}{ sir@ ___fsdiv_sign_1_22}[r0x1002 ] == 0 goto iTempLbl0($20)
                      00725 ;       .line   122; "../libsdcc/fsdiv.c"       fl1.l = (sign ? SIGNBIT : 0) | 0x7F800000;
0195   0400           00726         MOVAI   0x00
0196   0B80           00727         ORAR    r0x1009
0197   1E83           00728         JBCLR   STATUS,2
0198   1400           00729         GOTO    _00124_DS_
                      00730 ;;[ICODE] ../libsdcc/fsdiv.c:122:       iTemp82 [k107 lr102:107 so:0]{ ia0 a2p0 re0 rm0 nos0 ru0 dp0}{unsigned-long-int register}[r0x1006 r0x100A r0x100B r0x100C ] := 0x80000000 {unsigned-long-int literal}
0199   0EC0           00731         CLRR    r0x100D
019A   0EC0           00732         CLRR    r0x1012
019B   0EC0           00733         CLRR    r0x1013
019C   0480           00734         MOVAI   0x80
019D   0AC0           00735         MOVRA   r0x1014
                      00736 ;;[ICODE] ../libsdcc/fsdiv.c:122:        goto iTempLbl1($21)
019E   1400           00737         GOTO    _00125_DS_
                      00738 ;;[ICODE] ../libsdcc/fsdiv.c:122:  iTempLbl0($20) :
                      00739 ;;[ICODE] ../libsdcc/fsdiv.c:122:       iTemp82 [k107 lr102:107 so:0]{ ia0 a2p0 re0 rm0 nos0 ru0 dp0}{unsigned-long-int register}[r0x1006 r0x100A r0x100B r0x100C ] := 0x0 {unsigned-long-int literal}
019F                  00740 _00124_DS_
019F   0EC0           00741         CLRR    r0x100D
01A0   0EC0           00742         CLRR    r0x1012
01A1   0EC0           00743         CLRR    r0x1013
01A2   0EC0           00744         CLRR    r0x1014
                      00745 ;;[ICODE] ../libsdcc/fsdiv.c:122:  iTempLbl1($21) :
                      00746 ;;[ICODE] ../libsdcc/fsdiv.c:122:       iTemp83 [k108 lr107:108 so:0]{ ia0 a2p0 re0 rm0 nos0 ru0 dp0}{unsigned-long-int register}[r0x1006 r0x100A r0x100B r0x100C ] = iTemp82 [k107 lr102:107 so:0]{ ia0 a2p0 re0 rm0 nos0 ru0 dp0}{unsigned-long-int register}[r0x1006 r0x100A r0x100B r0x100C ] | 0x7f800000 {unsigned-long-int literal}
01A3                  00747 _00125_DS_
01A3   19C0           00748         BSET    r0x1013,7
01A4   047F           00749         MOVAI   0x7f
01A5   0BC0           00750         ORRA    r0x1014
                      00751 ;;[ICODE] ../libsdcc/fsdiv.c:122:       *(iTemp80 [k104 lr100:108 so:0]{ ia1 a2p0 re0 rm1 nos0 ru0 dp0}{volatile-long-int near* fixed}[remat]) := iTemp83 [k108 lr107:108 so:0]{ ia0 a2p0 re0 rm0 nos0 ru0 dp0}{unsigned-long-int register}[r0x1006 r0x100A r0x100B r0x100C ]
                      00752 ;;gen.c:6444: size=3/4, offset=0, AOP_TYPE(res)=8
01A6   0B00           00753         MOVAR   r0x100D
01A7   0AC0           00754         MOVRA   (___fsdiv_fl1_1_22 + 0)
                      00755 ;;gen.c:6444: size=2/4, offset=1, AOP_TYPE(res)=8
01A8   0B00           00756         MOVAR   r0x1012
01A9   0AC0           00757         MOVRA   (___fsdiv_fl1_1_22 + 1)
                      00758 ;;gen.c:6444: size=1/4, offset=2, AOP_TYPE(res)=8
01AA   0B00           00759         MOVAR   r0x1013
01AB   0AC0           00760         MOVRA   (___fsdiv_fl1_1_22 + 2)
                      00761 ;;gen.c:6444: size=0/4, offset=3, AOP_TYPE(res)=8
01AC   0B00           00762         MOVAR   r0x1014
01AD   0AC0           00763         MOVRA   (___fsdiv_fl1_1_22 + 3)
                      00764 ;;[ICODE] ../libsdcc/fsdiv.c:122:        goto _ifend_5($17)
01AE   1400           00765         GOTO    _00121_DS_
                      00766 ;;[ICODE] ../libsdcc/fsdiv.c:122:  _iffalse_5($16) :
                      00767 ;;[ICODE] ../libsdcc/fsdiv.c:123:       iTemp84 [k109 lr111:112 so:0]{ ia0 a2p0 re0 rm0 nos0 ru0 dp0}{char fixed} = iTemp6 [k14 lr14:124 so:0]{ ia0 a2p0 re1 rm0 nos0 ru0 dp0}{int fixed}{ sir@ ___fsdiv_exp_1_22}[r0x1000 r0x1001 ] < 0x0 {int literal}
                      00768 ;;signed compare: left < lit(0x0=0), size=2, mask=ffff
01AF                  00769 _00120_DS_
                      00770 ;       .line   123; "../libsdcc/fsdiv.c"       else if (exp < 0)
01AF   1803           00771         BSET    STATUS,0
01B0   1DC0           00772         JBSET   r0x100A,7
01B1   1A03           00773         BCLR    STATUS,0
01B2   1C03           00774         JBSET   STATUS,0
01B3   1400           00775         GOTO    _00117_DS_
                      00776 ;;genSkipc:3246: created from rifx:0xbfeaf040
                      00777 ;;[ICODE] ../libsdcc/fsdiv.c:123:       if iTemp84 [k109 lr111:112 so:0]{ ia0 a2p0 re0 rm0 nos0 ru0 dp0}{char fixed} == 0 goto _iffalse_4($13)
                      00778 ;;[ICODE] ../libsdcc/fsdiv.c:124:       iTemp85 [k110 lr113:114 so:0]{ ia0 a2p0 re0 rm1 nos0 ru0 dp0}{volatile-long-int near* fixed}[remat] = &[___fsdiv_fl1_1_22 [k6 lr0:0 so:0]{ ia0 a2p0 re0 rm0 nos0 ru0 dp0}{volatile-struct float_long fixed}]
                      00779 ;;[ICODE] ../libsdcc/fsdiv.c:124:       *(iTemp85 [k110 lr113:114 so:0]{ ia1 a2p0 re0 rm1 nos0 ru0 dp0}{volatile-long-int near* fixed}[remat]) := 0x0 {volatile-long-int literal}
                      00780 ;;gen.c:6444: size=3/4, offset=0, AOP_TYPE(res)=8
                      00781 ;       .line   124; "../libsdcc/fsdiv.c"       fl1.l = 0;
01B4   0EC0           00782         CLRR    (___fsdiv_fl1_1_22 + 0)
                      00783 ;;gen.c:6444: size=2/4, offset=1, AOP_TYPE(res)=8
01B5   0EC0           00784         CLRR    (___fsdiv_fl1_1_22 + 1)
                      00785 ;;gen.c:6444: size=1/4, offset=2, AOP_TYPE(res)=8
01B6   0EC0           00786         CLRR    (___fsdiv_fl1_1_22 + 2)
                      00787 ;;gen.c:6444: size=0/4, offset=3, AOP_TYPE(res)=8
01B7   0EC0           00788         CLRR    (___fsdiv_fl1_1_22 + 3)
                      00789 ;;[ICODE] ../libsdcc/fsdiv.c:124:        goto _ifend_5($17)
01B8   1400           00790         GOTO    _00121_DS_
                      00791 ;;[ICODE] ../libsdcc/fsdiv.c:124:  _iffalse_4($13) :
                      00792 ;;[ICODE] ../libsdcc/fsdiv.c:126:       iTemp87 [k113 lr117:129 so:0]{ ia0 a2p0 re0 rm1 nos0 ru0 dp0}{volatile-long-int near* fixed}[remat] = &[___fsdiv_fl1_1_22 [k6 lr0:0 so:0]{ ia0 a2p0 re0 rm0 nos0 ru0 dp0}{volatile-struct float_long fixed}]
                      00793 ;;[ICODE] ../libsdcc/fsdiv.c:126:       if iTemp24 [k35 lr35:118 so:0]{ ia0 a2p0 re1 rm0 nos0 ru0 dp0}{char fixed}{ sir@ ___fsdiv_sign_1_22}[r0x1002 ] == 0 goto iTempLbl2($22)
01B9                  00794 _00117_DS_
                      00795 ;       .line   126; "../libsdcc/fsdiv.c"       fl1.l = PACK (sign ? SIGNBIT : 0 , exp, result);
01B9   0400           00796         MOVAI   0x00
01BA   0B80           00797         ORAR    r0x1009
01BB   1E83           00798         JBCLR   STATUS,2
01BC   1400           00799         GOTO    _00126_DS_
                      00800 ;;[ICODE] ../libsdcc/fsdiv.c:126:       iTemp89 [k116 lr119:126 so:0]{ ia0 a2p0 re0 rm0 nos0 ru0 dp0}{unsigned-long-int register}[r0x1002 r0x1006 r0x100A r0x100B ] := 0x80000000 {unsigned-long-int literal}
01BD   0EC0           00801         CLRR    r0x1009
01BE   0EC0           00802         CLRR    r0x100D
01BF   0EC0           00803         CLRR    r0x1012
01C0   0480           00804         MOVAI   0x80
01C1   0AC0           00805         MOVRA   r0x1013
                      00806 ;;[ICODE] ../libsdcc/fsdiv.c:126:        goto iTempLbl3($23)
01C2   1400           00807         GOTO    _00127_DS_
                      00808 ;;[ICODE] ../libsdcc/fsdiv.c:126:  iTempLbl2($22) :
                      00809 ;;[ICODE] ../libsdcc/fsdiv.c:126:       iTemp89 [k116 lr119:126 so:0]{ ia0 a2p0 re0 rm0 nos0 ru0 dp0}{unsigned-long-int register}[r0x1002 r0x1006 r0x100A r0x100B ] := 0x0 {unsigned-long-int literal}
01C3                  00810 _00126_DS_
01C3   0EC0           00811         CLRR    r0x1009
01C4   0EC0           00812         CLRR    r0x100D
01C5   0EC0           00813         CLRR    r0x1012
01C6   0EC0           00814         CLRR    r0x1013
                      00815 ;;[ICODE] ../libsdcc/fsdiv.c:126:  iTempLbl3($23) :
                      00816 ;;[ICODE] ../libsdcc/fsdiv.c:126:       iTemp90 [k117 lr124:125 so:0]{ ia0 a2p0 re0 rm0 nos0 ru0 dp0}{unsigned-long-int fixed}[r0x100C r0x100D r0x100E r0x100F ] = (unsigned-long-int fixed)iTemp6 [k14 lr14:124 so:0]{ ia0 a2p0 re1 rm0 nos0 ru0 dp0}{int fixed}{ sir@ ___fsdiv_exp_1_22}[r0x1000 r0x1001 ]
01C7                  00817 _00127_DS_
01C7   0B00           00818         MOVAR   r0x100B
01C8   0AC0           00819         MOVRA   r0x1014
01C9   0B00           00820         MOVAR   r0x100A
01CA   0AC0           00821         MOVRA   r0x1015
01CB   0400           00822         MOVAI   0x00
01CC   1FC0           00823         JBCLR   r0x1015,7
01CD   04FF           00824         MOVAI   0xff
01CE   0AC0           00825         MOVRA   r0x1017
01CF   0AC0           00826         MOVRA   r0x1016
                      00827 ;;[ICODE] ../libsdcc/fsdiv.c:126:       iTemp91 [k118 lr125:126 so:0]{ ia0 a2p0 re0 rm0 nos0 ru0 dp0}{unsigned-long-int fixed}[r0x1000 r0x1001 r0x1010 r0x1011 ] = iTemp90 [k117 lr124:125 so:0]{ ia0 a2p0 re0 rm0 nos0 ru0 dp0}{unsigned-long-int fixed}[r0x100C r0x100D r0x100E r0x100F ] << 0x17 {const-unsigned-char literal}
01D0   0980           00828         RRAR    r0x1015
01D1   0980           00829         RRAR    r0x1014
01D2   0AC0           00830         MOVRA   r0x1019
01D3   0EC0           00831         CLRR    r0x1018
01D4   09C0           00832         RRR     r0x1018
01D5   0EC0           00833         CLRR    r0x100A
01D6   0EC0           00834         CLRR    r0x100B
                      00835 ;;[ICODE] ../libsdcc/fsdiv.c:126:       iTemp92 [k119 lr126:128 so:0]{ ia0 a2p0 re0 rm0 nos0 ru0 dp0}{unsigned-long-int fixed}[r0x1002 r0x1006 r0x100A r0x100B ] = iTemp89 [k116 lr119:126 so:0]{ ia0 a2p0 re0 rm0 nos0 ru0 dp0}{unsigned-long-int register}[r0x1002 r0x1006 r0x100A r0x100B ] | iTemp91 [k118 lr125:126 so:0]{ ia0 a2p0 re0 rm0 nos0 ru0 dp0}{unsigned-long-int fixed}[r0x1000 r0x1001 r0x1010 r0x1011 ]
01D7   0400           00836         MOVAI   0x00
01D8   0BC0           00837         ORRA    r0x1009
01D9   0400           00838         MOVAI   0x00
01DA   0BC0           00839         ORRA    r0x100D
01DB   0B00           00840         MOVAR   r0x1018
01DC   0BC0           00841         ORRA    r0x1012
01DD   0B00           00842         MOVAR   r0x1019
01DE   0BC0           00843         ORRA    r0x1013
                      00844 ;;[ICODE] ../libsdcc/fsdiv.c:126:       iTemp93 [k120 lr127:128 so:0]{ ia0 a2p0 re0 rm0 nos0 ru0 dp0}{unsigned-long-int fixed}[r0x1000 r0x1001 r0x100C r0x100D ] = (unsigned-long-int fixed)iTemp66 [k89 lr71:127 so:0]{ ia0 a2p0 re1 rm0 nos0 ru0 dp0}{long-int fixed}{ sir@ ___fsdiv_result_1_22}[r0x1015 r0x1016 r0x1017 r0x1018 ]
                      00845 ;;100   MOVAR   r0x101D
                      00846 ;;102   MOVAR   r0x101E
                      00847 ;;114   MOVAR   r0x101F
                      00848 ;;116   MOVAR   r0x1020
                      00849 ;;[ICODE] ../libsdcc/fsdiv.c:126:       iTemp94 [k121 lr128:129 so:0]{ ia0 a2p0 re0 rm0 nos0 ru0 dp0}{unsigned-long-int fixed}[r0x1015 r0x1016 r0x1017 r0x1018 ] = iTemp92 [k119 lr126:128 so:0]{ ia0 a2p0 re0 rm0 nos0 ru0 dp0}{unsigned-long-int fixed}[r0x1002 r0x1006 r0x100A r0x100B ] | iTemp93 [k120 lr127:128 so:0]{ ia0 a2p0 re0 rm0 nos0 ru0 dp0}{unsigned-long-int fixed}[r0x1000 r0x1001 r0x100C r0x100D ]
                      00850 ;;99    MOVAR   r0x100B
01DF   0B00           00851         MOVAR   r0x101D
01E0   0AC0           00852         MOVRA   r0x100B
01E1   0B80           00853         ORAR    r0x1009
01E2   0AC0           00854         MOVRA   r0x101D
                      00855 ;;101   MOVAR   r0x100A
01E3   0B00           00856         MOVAR   r0x101E
01E4   0AC0           00857         MOVRA   r0x100A
01E5   0B80           00858         ORAR    r0x100D
01E6   0AC0           00859         MOVRA   r0x101E
                      00860 ;;113   MOVAR   r0x1014
01E7   0B00           00861         MOVAR   r0x101F
01E8   0AC0           00862         MOVRA   r0x1014
01E9   0B80           00863         ORAR    r0x1012
01EA   0AC0           00864         MOVRA   r0x101F
                      00865 ;;115   MOVAR   r0x1015
01EB   0B00           00866         MOVAR   r0x1020
01EC   0AC0           00867         MOVRA   r0x1015
01ED   0B80           00868         ORAR    r0x1013
01EE   0AC0           00869         MOVRA   r0x1020
                      00870 ;;[ICODE] ../libsdcc/fsdiv.c:126:       *(iTemp87 [k113 lr117:129 so:0]{ ia1 a2p0 re0 rm1 nos0 ru0 dp0}{volatile-long-int near* fixed}[remat]) := iTemp94 [k121 lr128:129 so:0]{ ia0 a2p0 re0 rm0 nos0 ru0 dp0}{unsigned-long-int fixed}[r0x1015 r0x1016 r0x1017 r0x1018 ]
                      00871 ;;gen.c:6444: size=3/4, offset=0, AOP_TYPE(res)=8
01EF   0B00           00872         MOVAR   r0x101D
01F0   0AC0           00873         MOVRA   (___fsdiv_fl1_1_22 + 0)
                      00874 ;;gen.c:6444: size=2/4, offset=1, AOP_TYPE(res)=8
01F1   0B00           00875         MOVAR   r0x101E
01F2   0AC0           00876         MOVRA   (___fsdiv_fl1_1_22 + 1)
                      00877 ;;gen.c:6444: size=1/4, offset=2, AOP_TYPE(res)=8
01F3   0B00           00878         MOVAR   r0x101F
01F4   0AC0           00879         MOVRA   (___fsdiv_fl1_1_22 + 2)
                      00880 ;;gen.c:6444: size=0/4, offset=3, AOP_TYPE(res)=8
01F5   0B00           00881         MOVAR   r0x1020
01F6   0AC0           00882         MOVRA   (___fsdiv_fl1_1_22 + 3)
                      00883 ;;[ICODE] ../libsdcc/fsdiv.c:126:  _ifend_5($17) :
                      00884 ;;[ICODE] ../libsdcc/fsdiv.c:127:       iTemp95 [k122 lr131:132 so:0]{ ia0 a2p0 re0 rm1 nos0 ru0 dp0}{volatile-float near* fixed}[remat] = &[___fsdiv_fl1_1_22 [k6 lr0:0 so:0]{ ia0 a2p0 re0 rm0 nos0 ru0 dp0}{volatile-struct float_long fixed}]
                      00885 ;;[ICODE] ../libsdcc/fsdiv.c:127:       iTemp97 [k125 lr132:133 so:0]{ ia0 a2p0 re0 rm0 nos0 ru1 dp0}{volatile-float fixed}[r0x1000 r0x1001 r0x1002 r0x1006 ] = @[iTemp95 [k122 lr131:132 so:0]{ ia1 a2p0 re0 rm1 nos0 ru0 dp0}{volatile-float near* fixed}[remat] + 0x0 {const-unsigned-char literal}]
01F7                  00886 _00121_DS_
                      00887 ;       .line   127; "../libsdcc/fsdiv.c"       return (fl1.f);
01F7   0B00           00888         MOVAR   (___fsdiv_fl1_1_22 + 0)
01F8   0AC0           00889         MOVRA   r0x100B
01F9   0B00           00890         MOVAR   (___fsdiv_fl1_1_22 + 1)
01FA   0AC0           00891         MOVRA   r0x100A
01FB   0B00           00892         MOVAR   (___fsdiv_fl1_1_22 + 2)
01FC   0AC0           00893         MOVRA   r0x1009
01FD   0B00           00894         MOVAR   (___fsdiv_fl1_1_22 + 3)
01FE   0AC0           00895         MOVRA   r0x100D
                      00896 ;;[ICODE] ../libsdcc/fsdiv.c:127:       ret iTemp97 [k125 lr132:133 so:0]{ ia0 a2p0 re0 rm0 nos0 ru1 dp0}{volatile-float fixed}[r0x1000 r0x1001 r0x1002 r0x1006 ]
01FF   0B00           00897         MOVAR   r0x100B
0200   0AC0           00898         MOVRA   STK02
0201   0B00           00899         MOVAR   r0x100A
0202   0AC0           00900         MOVRA   STK01
0203   0B00           00901         MOVAR   r0x1009
0204   0AC0           00902         MOVRA   STK00
0205   0B00           00903         MOVAR   r0x100D
                      00904 ;;[ICODE] ../libsdcc/fsdiv.c:127:  _return($18) :
                      00905 ;;[ICODE] ../libsdcc/fsdiv.c:127:       eproc ___fsdiv [k1 lr0:0 so:0]{ ia0 a2p0 re0 rm0 nos0 ru0 dp0}{float function ( float fixed, float fixed) fixed}
0206                  00906 _00122_DS_
0206   000C           00907         RETURN  
                      00908 ; exit point of ___fsdiv
                      00909 
                      00910 
                      00911 ;       code size estimation:
                      00912 ;         519+    0 =   519 instructions ( 1038 byte)
                      00913 
                      00914         end
gpasm-1.7.0_beta1 (Jan 22 2015)fsdiv.asm          2015-1-22  23:34:24          PAGE  2


SYMBOL TABLE
  LABEL                             VALUE

C                                 00000000
DC                                00000001
DKW                               0000000F
DKWE                              00000007
DKWP0                             0000000A
DKWP00                            00000000
DKWP01                            00000001
DKWP02                            00000002
DKWP03                            00000003
DKWP04                            00000004
DKWP05                            00000005
DKWP1                             0000000E
DKWP10                            00000000
DKWP11                            00000001
DKWP12                            00000002
DKWP13                            00000003
DKWP14                            00000004
DKWP15                            00000005
DKWP16                            00000006
FSR                               00000001
GIE                               00000007
INDF                              00000000
INT0IE                            00000002
INT0IF                            00000002
INT1IE                            00000003
INT1IF                            00000003
INTECON                           00000005
INTFLAG                           00000006
IOP0                              00000007
IOP00                             00000000
IOP01                             00000001
IOP02                             00000002
IOP03                             00000003
IOP04                             00000004
IOP05                             00000005
IOP06                             00000006
IOP1                              0000000B
IOP10                             00000000
IOP11                             00000001
IOP12                             00000002
IOP13                             00000003
IOP14                             00000004
IOP15                             00000005
IOP16                             00000006
MCR                               00000004
OEP0                              00000008
OEP00                             00000000
OEP01                             00000001
OEP02                             00000002
OEP03                             00000003
OEP04                             00000004
OEP05                             00000005
OEP06                             00000006
OEP1                              0000000C
OEP10                             00000000
OEP11                             00000001
OEP12                             00000002
OEP13                             00000003
OEP14                             00000004
OEP15                             00000005
OEP16                             00000006
PCL                               00000002
PD                                00000004
PUP0                              00000009
PUP00                             00000000
PUP01                             00000001
PUP02                             00000002
PUP03                             00000003
PUP04                             00000004
PUP05                             00000005
PUP06                             00000006
PUP1                              0000000D
PUP10                             00000000
PUP11                             00000001
PUP12                             00000002
PUP13                             00000003
PUP14                             00000004
PUP15                             00000005
PUP16                             00000006
RSEL                              00000006
STATUS                            00000003
STK00                             00000000
STK01                             00000000
STK02                             00000000
STK03                             00000000
STK04                             00000000
STK05                             00000000
STK06                             00000000
TO                                00000005
Z                                 00000002
_00106_DS_                        000000C0
_00108_DS_                        000000D6
_00110_DS_                        0000011D
_00112_DS_                        00000162
_00113_DS_                        00000126
_00115_DS_                        0000016D
_00117_DS_                        000001B9
_00120_DS_                        000001AF
_00121_DS_                        000001F7
_00122_DS_                        00000206
_00124_DS_                        0000019F
_00125_DS_                        000001A3
_00126_DS_                        000001C3
_00127_DS_                        000001C7
_00148_DS_                        00000061
_00149_DS_                        00000062
_00150_DS_                        00000069
_00151_DS_                        0000006A
_00152_DS_                        00000112
_00153_DS_                        0000013E
_00154_DS_                        00000193
_CONFIG0                          00008000
_CONFIG1                          00008001
_CP_ALL                           00000FFF
_FCPU_16X                         00001FFF
_FCPU_2X                          00001FF3
_FCPU_4X                          00001FF7
_FCPU_8X                          00001FFB
_WDT_ALWAYS_OFF                   00001FFC
_WDT_ALWAYS_ON                    00001FFF
_WDT_SLEEP_OFF                    00001FFD
__31P11                           00000001
___fs2schar                       00000000
___fs2sint                        00000000
___fs2slong                       00000000
___fs2uchar                       00000000
___fs2uint                        00000000
___fs2ulong                       00000000
___fsadd                          00000000
___fsdiv                          00000000
___fsdiv_fl1_1_22                 0000001D
___fsdiv_fl2_1_22                 00000021
___fseq                           00000000
___fsgt                           00000000
___fslt                           00000000
___fsmul                          00000000
___fsneq                          00000000
___fssub                          00000000
___schar2fs                       00000000
___sint2fs                        00000000
___slong2fs                       00000000
___uchar2fs                       00000000
___uint2fs                        00000000
___ulong2fs                       00000000
r0x1008                           00000003
r0x1009                           00000002
r0x100A                           00000001
r0x100B                           00000000
r0x100C                           00000007
r0x100D                           00000006
r0x100E                           00000005
r0x100F                           00000004
r0x1010                           00000008
r0x1011                           00000009
r0x1012                           0000000A
r0x1013                           0000000B
r0x1014                           0000000C
r0x1015                           0000000D
r0x1016                           0000000E
r0x1017                           0000000F
r0x1018                           00000010
r0x1019                           00000011
r0x101A                           00000012
r0x101B                           00000013
r0x101C                           00000014
r0x101D                           00000015
r0x101E                           00000016
r0x101F                           00000017
r0x1020                           00000018
r0x1021                           00000019
r0x1022                           0000001A
r0x1023                           0000001B
r0x1024                           0000001C

Errors   :     0
Warnings :     0 reported,     0 suppressed
Messages :     0 reported,     0 suppressed

