gpasm-1.7.0_beta1 (Jan 22 2015)fsgt.asm           2015-1-22  23:34:24          PAGE  1


LOC  OBJECT CODE     LINE SOURCE TEXT
  VALUE

                      00001 ;--------------------------------------------------------
                      00002 ; File Created by SN-SDCC : ANSI-C Compiler
                      00003 ; Version 0.0.4 (Jan 22 2015) (Linux)
                      00004 ; This file was generated Thu Jan 22 23:34:24 2015
                      00005 ;--------------------------------------------------------
                      00006 ; MC3X port for the RISC core
                      00007 ;--------------------------------------------------------
                      00008 ;       .file   "../libsdcc/fsgt.c"
                      00009         list    p=31p11
                      00010         radix dec
                      00011         include "mc31p11.inc"
                      00001                 LIST
                      00002 ;mc31p11.inc    Standard Header File, Version 1.00 by Sinomcu
                      00176                 LIST
                      00012 ;--------------------------------------------------------
                      00013 ; external declarations
                      00014 ;--------------------------------------------------------
                      00015         extern  ___uchar2fs
                      00016         extern  ___schar2fs
                      00017         extern  ___uint2fs
                      00018         extern  ___sint2fs
                      00019         extern  ___ulong2fs
                      00020         extern  ___slong2fs
                      00021         extern  ___fs2uchar
                      00022         extern  ___fs2schar
                      00023         extern  ___fs2uint
                      00024         extern  ___fs2sint
                      00025         extern  ___fs2ulong
                      00026         extern  ___fs2slong
                      00027         extern  ___fsadd
                      00028         extern  ___fssub
                      00029         extern  ___fsmul
                      00030         extern  ___fsdiv
                      00031         extern  ___fslt
                      00032         extern  ___fseq
                      00033         extern  ___fsneq
                      00034 
                      00035         extern STK06
                      00036         extern STK05
                      00037         extern STK04
                      00038         extern STK03
                      00039         extern STK02
                      00040         extern STK01
                      00041         extern STK00
                      00042 ;--------------------------------------------------------
                      00043 ; global declarations
                      00044 ;--------------------------------------------------------
                      00045         global  ___fsgt
                      00046 
                      00047 ;--------------------------------------------------------
                      00048 ; global definitions
                      00049 ;--------------------------------------------------------
                      00050 ;--------------------------------------------------------
                      00051 ; absolute symbol definitions
                      00052 ;--------------------------------------------------------
                      00053 ;--------------------------------------------------------
                      00054 ; compiler-defined variables
                      00055 ;--------------------------------------------------------
                      00056 UDL_fsgt_0      udata
0000                  00057 r0x100B res     1
0000                  00058 r0x100A res     1
0001                  00059 r0x1009 res     1
0001                  00060 r0x1008 res     1
0002                  00061 r0x100F res     1
0002                  00062 r0x100E res     1
0003                  00063 r0x100D res     1
0003                  00064 r0x100C res     1
0004                  00065 r0x1010 res     1
0004                  00066 ___fsgt_fl1_1_22        res     4
0006                  00067 ___fsgt_fl2_1_22        res     4
                      00068 ;--------------------------------------------------------
                      00069 ; initialized data
                      00070 ;--------------------------------------------------------
                      00071 ;--------------------------------------------------------
                      00072 ; overlayable items in internal ram 
                      00073 ;--------------------------------------------------------
                      00074 ;       udata_ovr
                      00075 ;--------------------------------------------------------
                      00076 ; code
                      00077 ;--------------------------------------------------------
                      00078 code_fsgt       code
                      00079 ;***
                      00080 ;  pBlock Stats: dbName = C
                      00081 ;***
                      00082 ;entry:  ___fsgt        ;Function start
                      00083 ; 2 exit points
                      00084 ;has an exit
                      00085 ;16 compiler assigned registers:
                      00086 ;   r0x1008
                      00087 ;   STK00
                      00088 ;   r0x1009
                      00089 ;   STK01
                      00090 ;   r0x100A
                      00091 ;   STK02
                      00092 ;   r0x100B
                      00093 ;   STK03
                      00094 ;   r0x100C
                      00095 ;   STK04
                      00096 ;   r0x100D
                      00097 ;   STK05
                      00098 ;   r0x100E
                      00099 ;   STK06
                      00100 ;   r0x100F
                      00101 ;   r0x1010
                      00102 ;; Starting pCode block
                      00103 ;;[ICODE] ../libsdcc/fsgt.c:55:  _entry($9) :
                      00104 ;;[ICODE] ../libsdcc/fsgt.c:55:         proc ___fsgt [k1 lr0:0 so:0]{ ia0 a2p0 re0 rm0 nos0 ru0 dp0}{char function ( float fixed, float fixed) fixed}
0000                  00105 ___fsgt ;Function start
                      00106 ; 2 exit points
                      00107 ;;[ICODE] ../libsdcc/fsgt.c:55: iTemp0 [k2 lr3:6 so:0]{ ia0 a2p0 re1 rm0 nos0 ru0 dp0}{float fixed}{ sir@ ___fsgt_a1_1_21}[r0x1000 r0x1001 r0x1002 r0x1003 ] = recv ___fsgt [k1 lr0:0 so:0]{ ia0 a2p0 re0 rm0 nos0 ru0 dp0}{char function ( float fixed, float fixed) fixed}
                      00108 ;       .line   55; "../libsdcc/fsgt.c" char __fsgt (float a1, float a2) _FS_REENTRANT
0000   0AC0           00109         MOVRA   r0x1008
0001   0B00           00110         MOVAR   STK00
0002   0AC0           00111         MOVRA   r0x1009
0003   0B00           00112         MOVAR   STK01
0004   0AC0           00113         MOVRA   r0x100A
0005   0B00           00114         MOVAR   STK02
0006   0AC0           00115         MOVRA   (___fsgt_fl1_1_22 + 0)
0007   0AC0           00116         MOVRA   r0x100B
                      00117 ;;[ICODE] ../libsdcc/fsgt.c:55: iTemp1 [k4 lr4:8 so:0]{ ia0 a2p0 re1 rm0 nos0 ru0 dp0}{float fixed}{ sir@ ___fsgt_a2_1_21}[r0x1004 r0x1005 r0x1006 r0x1007 ] = recv ___fsgt [k1 lr0:0 so:0]{ ia0 a2p0 re0 rm0 nos0 ru0 dp0}{char function ( float fixed, float fixed) fixed}
0008   0B00           00118         MOVAR   STK03
0009   0AC0           00119         MOVRA   r0x100C
000A   0B00           00120         MOVAR   STK04
000B   0AC0           00121         MOVRA   r0x100D
000C   0B00           00122         MOVAR   STK05
000D   0AC0           00123         MOVRA   r0x100E
000E   0B00           00124         MOVAR   STK06
000F   0AC0           00125         MOVRA   r0x100F
                      00126 ;;[ICODE] ../libsdcc/fsgt.c:59:         iTemp2 [k7 lr5:6 so:0]{ ia0 a2p0 re0 rm1 nos0 ru0 dp0}{volatile-float near* fixed}[remat] = &[___fsgt_fl1_1_22 [k6 lr0:0 so:0]{ ia0 a2p0 re0 rm0 nos0 ru0 dp0}{volatile-struct float_long fixed}]
                      00127 ;;[ICODE] ../libsdcc/fsgt.c:59:         *(iTemp2 [k7 lr5:6 so:0]{ ia1 a2p0 re0 rm1 nos0 ru0 dp0}{volatile-float near* fixed}[remat]) := iTemp0 [k2 lr3:6 so:0]{ ia0 a2p0 re1 rm0 nos0 ru0 dp0}{float fixed}{ sir@ ___fsgt_a1_1_21}[r0x1000 r0x1001 r0x1002 r0x1003 ]
                      00128 ;;gen.c:6444: size=3/4, offset=0, AOP_TYPE(res)=8
                      00129 ;;99    MOVAR   r0x100B
                      00130 ;;gen.c:6444: size=2/4, offset=1, AOP_TYPE(res)=8
                      00131 ;       .line   59; "../libsdcc/fsgt.c" fl1.f = a1;
0010   0B00           00132         MOVAR   r0x100A
0011   0AC0           00133         MOVRA   (___fsgt_fl1_1_22 + 1)
                      00134 ;;gen.c:6444: size=1/4, offset=2, AOP_TYPE(res)=8
0012   0B00           00135         MOVAR   r0x1009
0013   0AC0           00136         MOVRA   (___fsgt_fl1_1_22 + 2)
                      00137 ;;gen.c:6444: size=0/4, offset=3, AOP_TYPE(res)=8
0014   0B00           00138         MOVAR   r0x1008
0015   0AC0           00139         MOVRA   (___fsgt_fl1_1_22 + 3)
                      00140 ;;[ICODE] ../libsdcc/fsgt.c:60:         iTemp4 [k11 lr7:8 so:0]{ ia0 a2p0 re0 rm1 nos0 ru0 dp0}{volatile-float near* fixed}[remat] = &[___fsgt_fl2_1_22 [k10 lr0:0 so:0]{ ia0 a2p0 re0 rm0 nos0 ru0 dp0}{volatile-struct float_long fixed}]
                      00141 ;;[ICODE] ../libsdcc/fsgt.c:60:         *(iTemp4 [k11 lr7:8 so:0]{ ia1 a2p0 re0 rm1 nos0 ru0 dp0}{volatile-float near* fixed}[remat]) := iTemp1 [k4 lr4:8 so:0]{ ia0 a2p0 re1 rm0 nos0 ru0 dp0}{float fixed}{ sir@ ___fsgt_a2_1_21}[r0x1004 r0x1005 r0x1006 r0x1007 ]
                      00142 ;;gen.c:6444: size=3/4, offset=0, AOP_TYPE(res)=8
                      00143 ;       .line   60; "../libsdcc/fsgt.c" fl2.f = a2;
0016   0B00           00144         MOVAR   r0x100F
0017   0AC0           00145         MOVRA   (___fsgt_fl2_1_22 + 0)
                      00146 ;;gen.c:6444: size=2/4, offset=1, AOP_TYPE(res)=8
0018   0B00           00147         MOVAR   r0x100E
0019   0AC0           00148         MOVRA   (___fsgt_fl2_1_22 + 1)
                      00149 ;;gen.c:6444: size=1/4, offset=2, AOP_TYPE(res)=8
001A   0B00           00150         MOVAR   r0x100D
001B   0AC0           00151         MOVRA   (___fsgt_fl2_1_22 + 2)
                      00152 ;;gen.c:6444: size=0/4, offset=3, AOP_TYPE(res)=8
001C   0B00           00153         MOVAR   r0x100C
001D   0AC0           00154         MOVRA   (___fsgt_fl2_1_22 + 3)
                      00155 ;;[ICODE] ../libsdcc/fsgt.c:62:         iTemp6 [k14 lr9:10 so:0]{ ia0 a2p0 re0 rm1 nos0 ru0 dp0}{volatile-long-int near* fixed}[remat] = &[___fsgt_fl1_1_22 [k6 lr0:0 so:0]{ ia0 a2p0 re0 rm0 nos0 ru0 dp0}{volatile-struct float_long fixed}]
                      00156 ;;[ICODE] ../libsdcc/fsgt.c:62:         iTemp8 [k17 lr10:11 so:0]{ ia0 a2p0 re0 rm0 nos0 ru0 dp0}{volatile-long-int fixed}[r0x1000 r0x1001 r0x1002 r0x1003 ] = @[iTemp6 [k14 lr9:10 so:0]{ ia1 a2p0 re0 rm1 nos0 ru0 dp0}{volatile-long-int near* fixed}[remat] + 0x0 {const-unsigned-char literal}]
                      00157 ;       .line   62; "../libsdcc/fsgt.c" if (fl1.l<0 && fl2.l<0) {
001E   0B00           00158         MOVAR   (___fsgt_fl1_1_22 + 0)
001F   0AC0           00159         MOVRA   r0x100B
0020   0B00           00160         MOVAR   (___fsgt_fl1_1_22 + 1)
0021   0AC0           00161         MOVRA   r0x100A
0022   0B00           00162         MOVAR   (___fsgt_fl1_1_22 + 2)
0023   0AC0           00163         MOVRA   r0x1009
0024   0B00           00164         MOVAR   (___fsgt_fl1_1_22 + 3)
0025   0AC0           00165         MOVRA   r0x1008
                      00166 ;;[ICODE] ../libsdcc/fsgt.c:62:         iTemp9 [k18 lr11:12 so:0]{ ia0 a2p0 re0 rm0 nos0 ru0 dp0}{char fixed} = iTemp8 [k17 lr10:11 so:0]{ ia0 a2p0 re0 rm0 nos0 ru0 dp0}{volatile-long-int fixed}[r0x1000 r0x1001 r0x1002 r0x1003 ] < 0x0 {volatile-long-int literal}
                      00167 ;;signed compare: left < lit(0x0=0), size=4, mask=ffffffff
0026   1803           00168         BSET    STATUS,0
0027   1DC0           00169         JBSET   r0x1008,7
0028   1A03           00170         BCLR    STATUS,0
0029   1C03           00171         JBSET   STATUS,0
002A   1400           00172         GOTO    _00108_DS_
                      00173 ;;genSkipc:3246: created from rifx:0xbff870a0
                      00174 ;;[ICODE] ../libsdcc/fsgt.c:62:         if iTemp9 [k18 lr11:12 so:0]{ ia0 a2p0 re0 rm0 nos0 ru0 dp0}{char fixed} == 0 goto _iffalse_1($4)
                      00175 ;;[ICODE] ../libsdcc/fsgt.c:62:         iTemp10 [k19 lr13:14 so:0]{ ia0 a2p0 re0 rm1 nos0 ru0 dp0}{volatile-long-int near* fixed}[remat] = &[___fsgt_fl2_1_22 [k10 lr0:0 so:0]{ ia0 a2p0 re0 rm0 nos0 ru0 dp0}{volatile-struct float_long fixed}]
                      00176 ;;[ICODE] ../libsdcc/fsgt.c:62:         iTemp12 [k22 lr14:15 so:0]{ ia0 a2p0 re0 rm0 nos0 ru0 dp0}{volatile-long-int fixed}[r0x1000 r0x1001 r0x1002 r0x1003 ] = @[iTemp10 [k19 lr13:14 so:0]{ ia1 a2p0 re0 rm1 nos0 ru0 dp0}{volatile-long-int near* fixed}[remat] + 0x0 {const-unsigned-char literal}]
002B   0B00           00177         MOVAR   (___fsgt_fl2_1_22 + 0)
002C   0AC0           00178         MOVRA   r0x100B
002D   0B00           00179         MOVAR   (___fsgt_fl2_1_22 + 1)
002E   0AC0           00180         MOVRA   r0x100A
002F   0B00           00181         MOVAR   (___fsgt_fl2_1_22 + 2)
0030   0AC0           00182         MOVRA   r0x1009
0031   0B00           00183         MOVAR   (___fsgt_fl2_1_22 + 3)
0032   0AC0           00184         MOVRA   r0x1008
                      00185 ;;[ICODE] ../libsdcc/fsgt.c:62:         iTemp13 [k23 lr15:16 so:0]{ ia0 a2p0 re0 rm0 nos0 ru0 dp0}{char fixed} = iTemp12 [k22 lr14:15 so:0]{ ia0 a2p0 re0 rm0 nos0 ru0 dp0}{volatile-long-int fixed}[r0x1000 r0x1001 r0x1002 r0x1003 ] < 0x0 {volatile-long-int literal}
                      00186 ;;signed compare: left < lit(0x0=0), size=4, mask=ffffffff
0033   1803           00187         BSET    STATUS,0
0034   1DC0           00188         JBSET   r0x1008,7
0035   1A03           00189         BCLR    STATUS,0
0036   1C03           00190         JBSET   STATUS,0
0037   1400           00191         GOTO    _00108_DS_
                      00192 ;;genSkipc:3246: created from rifx:0xbff870a0
                      00193 ;;[ICODE] ../libsdcc/fsgt.c:62:         if iTemp13 [k23 lr15:16 so:0]{ ia0 a2p0 re0 rm0 nos0 ru0 dp0}{char fixed} == 0 goto _iffalse_1($4)
                      00194 ;;[ICODE] ../libsdcc/fsgt.c:63:         iTemp14 [k24 lr17:18 so:0]{ ia0 a2p0 re0 rm1 nos0 ru0 dp0}{volatile-long-int near* fixed}[remat] = &[___fsgt_fl2_1_22 [k10 lr0:0 so:0]{ ia0 a2p0 re0 rm0 nos0 ru0 dp0}{volatile-struct float_long fixed}]
                      00195 ;;[ICODE] ../libsdcc/fsgt.c:63:         iTemp16 [k27 lr18:21 so:0]{ ia0 a2p0 re0 rm0 nos0 ru0 dp0}{volatile-long-int fixed}[r0x1000 r0x1001 r0x1002 r0x1003 ] = @[iTemp14 [k24 lr17:18 so:0]{ ia1 a2p0 re0 rm1 nos0 ru0 dp0}{volatile-long-int near* fixed}[remat] + 0x0 {const-unsigned-char literal}]
                      00196 ;       .line   63; "../libsdcc/fsgt.c" if (fl2.l > fl1.l)
0038   0B00           00197         MOVAR   (___fsgt_fl2_1_22 + 0)
0039   0AC0           00198         MOVRA   r0x100B
003A   0B00           00199         MOVAR   (___fsgt_fl2_1_22 + 1)
003B   0AC0           00200         MOVRA   r0x100A
003C   0B00           00201         MOVAR   (___fsgt_fl2_1_22 + 2)
003D   0AC0           00202         MOVRA   r0x1009
003E   0B00           00203         MOVAR   (___fsgt_fl2_1_22 + 3)
003F   0AC0           00204         MOVRA   r0x1008
                      00205 ;;[ICODE] ../libsdcc/fsgt.c:63:         iTemp17 [k28 lr19:20 so:0]{ ia0 a2p0 re0 rm1 nos0 ru0 dp0}{volatile-long-int near* fixed}[remat] = &[___fsgt_fl1_1_22 [k6 lr0:0 so:0]{ ia0 a2p0 re0 rm0 nos0 ru0 dp0}{volatile-struct float_long fixed}]
                      00206 ;;[ICODE] ../libsdcc/fsgt.c:63:         iTemp19 [k31 lr20:21 so:0]{ ia0 a2p0 re0 rm0 nos0 ru0 dp0}{volatile-long-int fixed}[r0x1004 r0x1005 r0x1006 r0x1007 ] = @[iTemp17 [k28 lr19:20 so:0]{ ia1 a2p0 re0 rm1 nos0 ru0 dp0}{volatile-long-int near* fixed}[remat] + 0x0 {const-unsigned-char literal}]
0040   0B00           00207         MOVAR   (___fsgt_fl1_1_22 + 0)
0041   0AC0           00208         MOVRA   r0x100F
0042   0B00           00209         MOVAR   (___fsgt_fl1_1_22 + 1)
0043   0AC0           00210         MOVRA   r0x100E
0044   0B00           00211         MOVAR   (___fsgt_fl1_1_22 + 2)
0045   0AC0           00212         MOVRA   r0x100D
0046   0B00           00213         MOVAR   (___fsgt_fl1_1_22 + 3)
0047   0AC0           00214         MOVRA   r0x100C
                      00215 ;;[ICODE] ../libsdcc/fsgt.c:63:         iTemp20 [k32 lr21:22 so:0]{ ia0 a2p0 re0 rm0 nos0 ru0 dp0}{char fixed} = iTemp16 [k27 lr18:21 so:0]{ ia0 a2p0 re0 rm0 nos0 ru0 dp0}{volatile-long-int fixed}[r0x1000 r0x1001 r0x1002 r0x1003 ] > iTemp19 [k31 lr20:21 so:0]{ ia0 a2p0 re0 rm0 nos0 ru0 dp0}{volatile-long-int fixed}[r0x1004 r0x1005 r0x1006 r0x1007 ]
0048   0B00           00216         MOVAR   r0x100C
0049   0780           00217         ADDAI   0x80
004A   0AC0           00218         MOVRA   r0x1010
004B   0B00           00219         MOVAR   r0x1008
004C   0780           00220         ADDAI   0x80
004D   0900           00221         RSUBAR  r0x1010
004E   1C83           00222         JBSET   STATUS,2
004F   1400           00223         GOTO    _00122_DS_
0050   0B00           00224         MOVAR   r0x1009
0051   0900           00225         RSUBAR  r0x100D
0052   1C83           00226         JBSET   STATUS,2
0053   1400           00227         GOTO    _00122_DS_
0054   0B00           00228         MOVAR   r0x100A
0055   0900           00229         RSUBAR  r0x100E
0056   1C83           00230         JBSET   STATUS,2
0057   1400           00231         GOTO    _00122_DS_
0058   0B00           00232         MOVAR   r0x100B
0059   0900           00233         RSUBAR  r0x100F
005A                  00234 _00122_DS_
005A   1E03           00235         JBCLR   STATUS,0
005B   1400           00236         GOTO    _00106_DS_
                      00237 ;;genSkipc:3246: created from rifx:0xbff870a0
                      00238 ;;[ICODE] ../libsdcc/fsgt.c:63:         if iTemp20 [k32 lr21:22 so:0]{ ia0 a2p0 re0 rm0 nos0 ru0 dp0}{char fixed} == 0 goto _iffalse_0($2)
                      00239 ;;[ICODE] ../libsdcc/fsgt.c:64:         ret 0x1 {const-unsigned-char literal}
                      00240 ;       .line   64; "../libsdcc/fsgt.c" return (1);
005C   0401           00241         MOVAI   0x01
005D   1400           00242         GOTO    _00112_DS_
                      00243 ;;[ICODE] ../libsdcc/fsgt.c:64:  _iffalse_0($2) :
                      00244 ;;[ICODE] ../libsdcc/fsgt.c:65:         ret 0x0 {const-unsigned-char literal}
005E                  00245 _00106_DS_
                      00246 ;       .line   65; "../libsdcc/fsgt.c" return (0);
005E   0400           00247         MOVAI   0x00
005F   1400           00248         GOTO    _00112_DS_
                      00249 ;;[ICODE] ../libsdcc/fsgt.c:65:  _iffalse_1($4) :
                      00250 ;;[ICODE] ../libsdcc/fsgt.c:68:         iTemp21 [k33 lr27:28 so:0]{ ia0 a2p0 re0 rm1 nos0 ru0 dp0}{volatile-long-int near* fixed}[remat] = &[___fsgt_fl1_1_22 [k6 lr0:0 so:0]{ ia0 a2p0 re0 rm0 nos0 ru0 dp0}{volatile-struct float_long fixed}]
                      00251 ;;[ICODE] ../libsdcc/fsgt.c:68:         iTemp23 [k36 lr28:31 so:0]{ ia0 a2p0 re0 rm0 nos0 ru0 dp0}{volatile-long-int fixed}[r0x1000 r0x1001 r0x1002 r0x1003 ] = @[iTemp21 [k33 lr27:28 so:0]{ ia1 a2p0 re0 rm1 nos0 ru0 dp0}{volatile-long-int near* fixed}[remat] + 0x0 {const-unsigned-char literal}]
0060                  00252 _00108_DS_
                      00253 ;       .line   68; "../libsdcc/fsgt.c" if (fl1.l > fl2.l)
0060   0B00           00254         MOVAR   (___fsgt_fl1_1_22 + 0)
0061   0AC0           00255         MOVRA   r0x100B
0062   0B00           00256         MOVAR   (___fsgt_fl1_1_22 + 1)
0063   0AC0           00257         MOVRA   r0x100A
0064   0B00           00258         MOVAR   (___fsgt_fl1_1_22 + 2)
0065   0AC0           00259         MOVRA   r0x1009
0066   0B00           00260         MOVAR   (___fsgt_fl1_1_22 + 3)
0067   0AC0           00261         MOVRA   r0x1008
                      00262 ;;[ICODE] ../libsdcc/fsgt.c:68:         iTemp24 [k37 lr29:30 so:0]{ ia0 a2p0 re0 rm1 nos0 ru0 dp0}{volatile-long-int near* fixed}[remat] = &[___fsgt_fl2_1_22 [k10 lr0:0 so:0]{ ia0 a2p0 re0 rm0 nos0 ru0 dp0}{volatile-struct float_long fixed}]
                      00263 ;;[ICODE] ../libsdcc/fsgt.c:68:         iTemp26 [k40 lr30:31 so:0]{ ia0 a2p0 re0 rm0 nos0 ru0 dp0}{volatile-long-int fixed}[r0x1004 r0x1005 r0x1006 r0x1007 ] = @[iTemp24 [k37 lr29:30 so:0]{ ia1 a2p0 re0 rm1 nos0 ru0 dp0}{volatile-long-int near* fixed}[remat] + 0x0 {const-unsigned-char literal}]
0068   0B00           00264         MOVAR   (___fsgt_fl2_1_22 + 0)
0069   0AC0           00265         MOVRA   r0x100F
006A   0B00           00266         MOVAR   (___fsgt_fl2_1_22 + 1)
006B   0AC0           00267         MOVRA   r0x100E
006C   0B00           00268         MOVAR   (___fsgt_fl2_1_22 + 2)
006D   0AC0           00269         MOVRA   r0x100D
006E   0B00           00270         MOVAR   (___fsgt_fl2_1_22 + 3)
006F   0AC0           00271         MOVRA   r0x100C
                      00272 ;;[ICODE] ../libsdcc/fsgt.c:68:         iTemp27 [k41 lr31:32 so:0]{ ia0 a2p0 re0 rm0 nos0 ru0 dp0}{char fixed} = iTemp23 [k36 lr28:31 so:0]{ ia0 a2p0 re0 rm0 nos0 ru0 dp0}{volatile-long-int fixed}[r0x1000 r0x1001 r0x1002 r0x1003 ] > iTemp26 [k40 lr30:31 so:0]{ ia0 a2p0 re0 rm0 nos0 ru0 dp0}{volatile-long-int fixed}[r0x1004 r0x1005 r0x1006 r0x1007 ]
0070   0B00           00273         MOVAR   r0x100C
0071   0780           00274         ADDAI   0x80
0072   0AC0           00275         MOVRA   r0x1010
0073   0B00           00276         MOVAR   r0x1008
0074   0780           00277         ADDAI   0x80
0075   0900           00278         RSUBAR  r0x1010
0076   1C83           00279         JBSET   STATUS,2
0077   1400           00280         GOTO    _00123_DS_
0078   0B00           00281         MOVAR   r0x1009
0079   0900           00282         RSUBAR  r0x100D
007A   1C83           00283         JBSET   STATUS,2
007B   1400           00284         GOTO    _00123_DS_
007C   0B00           00285         MOVAR   r0x100A
007D   0900           00286         RSUBAR  r0x100E
007E   1C83           00287         JBSET   STATUS,2
007F   1400           00288         GOTO    _00123_DS_
0080   0B00           00289         MOVAR   r0x100B
0081   0900           00290         RSUBAR  r0x100F
0082                  00291 _00123_DS_
0082   1E03           00292         JBCLR   STATUS,0
0083   1400           00293         GOTO    _00111_DS_
                      00294 ;;genSkipc:3246: created from rifx:0xbff870a0
                      00295 ;;[ICODE] ../libsdcc/fsgt.c:68:         if iTemp27 [k41 lr31:32 so:0]{ ia0 a2p0 re0 rm0 nos0 ru0 dp0}{char fixed} == 0 goto _iffalse_2($7)
                      00296 ;;[ICODE] ../libsdcc/fsgt.c:69:         ret 0x1 {const-unsigned-char literal}
                      00297 ;       .line   69; "../libsdcc/fsgt.c" return (1);
0084   0401           00298         MOVAI   0x01
0085   1400           00299         GOTO    _00112_DS_
                      00300 ;;[ICODE] ../libsdcc/fsgt.c:69:  _iffalse_2($7) :
                      00301 ;;[ICODE] ../libsdcc/fsgt.c:70:         ret 0x0 {const-unsigned-char literal}
0086                  00302 _00111_DS_
                      00303 ;       .line   70; "../libsdcc/fsgt.c" return (0);
0086   0400           00304         MOVAI   0x00
                      00305 ;;[ICODE] ../libsdcc/fsgt.c:70:  _return($8) :
                      00306 ;;[ICODE] ../libsdcc/fsgt.c:70:         eproc ___fsgt [k1 lr0:0 so:0]{ ia0 a2p0 re0 rm0 nos0 ru0 dp0}{char function ( float fixed, float fixed) fixed}
0087                  00307 _00112_DS_
0087   000C           00308         RETURN  
                      00309 ; exit point of ___fsgt
                      00310 
                      00311 
                      00312 ;       code size estimation:
                      00313 ;         136+    0 =   136 instructions (  272 byte)
                      00314 
                      00315         end
gpasm-1.7.0_beta1 (Jan 22 2015)fsgt.asm           2015-1-22  23:34:24          PAGE  2


SYMBOL TABLE
  LABEL                             VALUE

C                                 00000000
DC                                00000001
DKW                               0000000F
DKWE                              00000007
DKWP0                             0000000A
DKWP00                            00000000
DKWP01                            00000001
DKWP02                            00000002
DKWP03                            00000003
DKWP04                            00000004
DKWP05                            00000005
DKWP1                             0000000E
DKWP10                            00000000
DKWP11                            00000001
DKWP12                            00000002
DKWP13                            00000003
DKWP14                            00000004
DKWP15                            00000005
DKWP16                            00000006
FSR                               00000001
GIE                               00000007
INDF                              00000000
INT0IE                            00000002
INT0IF                            00000002
INT1IE                            00000003
INT1IF                            00000003
INTECON                           00000005
INTFLAG                           00000006
IOP0                              00000007
IOP00                             00000000
IOP01                             00000001
IOP02                             00000002
IOP03                             00000003
IOP04                             00000004
IOP05                             00000005
IOP06                             00000006
IOP1                              0000000B
IOP10                             00000000
IOP11                             00000001
IOP12                             00000002
IOP13                             00000003
IOP14                             00000004
IOP15                             00000005
IOP16                             00000006
MCR                               00000004
OEP0                              00000008
OEP00                             00000000
OEP01                             00000001
OEP02                             00000002
OEP03                             00000003
OEP04                             00000004
OEP05                             00000005
OEP06                             00000006
OEP1                              0000000C
OEP10                             00000000
OEP11                             00000001
OEP12                             00000002
OEP13                             00000003
OEP14                             00000004
OEP15                             00000005
OEP16                             00000006
PCL                               00000002
PD                                00000004
PUP0                              00000009
PUP00                             00000000
PUP01                             00000001
PUP02                             00000002
PUP03                             00000003
PUP04                             00000004
PUP05                             00000005
PUP06                             00000006
PUP1                              0000000D
PUP10                             00000000
PUP11                             00000001
PUP12                             00000002
PUP13                             00000003
PUP14                             00000004
PUP15                             00000005
PUP16                             00000006
RSEL                              00000006
STATUS                            00000003
STK00                             00000000
STK01                             00000000
STK02                             00000000
STK03                             00000000
STK04                             00000000
STK05                             00000000
STK06                             00000000
TO                                00000005
Z                                 00000002
_00106_DS_                        0000005E
_00108_DS_                        00000060
_00111_DS_                        00000086
_00112_DS_                        00000087
_00122_DS_                        0000005A
_00123_DS_                        00000082
_CONFIG0                          00008000
_CONFIG1                          00008001
_CP_ALL                           00000FFF
_FCPU_16X                         00001FFF
_FCPU_2X                          00001FF3
_FCPU_4X                          00001FF7
_FCPU_8X                          00001FFB
_WDT_ALWAYS_OFF                   00001FFC
_WDT_ALWAYS_ON                    00001FFF
_WDT_SLEEP_OFF                    00001FFD
__31P11                           00000001
___fs2schar                       00000000
___fs2sint                        00000000
___fs2slong                       00000000
___fs2uchar                       00000000
___fs2uint                        00000000
___fs2ulong                       00000000
___fsadd                          00000000
___fsdiv                          00000000
___fseq                           00000000
___fsgt                           00000000
___fsgt_fl1_1_22                  00000009
___fsgt_fl2_1_22                  0000000D
___fslt                           00000000
___fsmul                          00000000
___fsneq                          00000000
___fssub                          00000000
___schar2fs                       00000000
___sint2fs                        00000000
___slong2fs                       00000000
___uchar2fs                       00000000
___uint2fs                        00000000
___ulong2fs                       00000000
r0x1008                           00000003
r0x1009                           00000002
r0x100A                           00000001
r0x100B                           00000000
r0x100C                           00000007
r0x100D                           00000006
r0x100E                           00000005
r0x100F                           00000004
r0x1010                           00000008

Errors   :     0
Warnings :     0 reported,     0 suppressed
Messages :     0 reported,     0 suppressed

