gpasm-1.7.0_beta1 (Jan 22 2015)fsneq.asm          2015-1-22  23:34:24          PAGE  1


LOC  OBJECT CODE     LINE SOURCE TEXT
  VALUE

                      00001 ;--------------------------------------------------------
                      00002 ; File Created by SN-SDCC : ANSI-C Compiler
                      00003 ; Version 0.0.4 (Jan 22 2015) (Linux)
                      00004 ; This file was generated Thu Jan 22 23:34:24 2015
                      00005 ;--------------------------------------------------------
                      00006 ; MC3X port for the RISC core
                      00007 ;--------------------------------------------------------
                      00008 ;       .file   "../libsdcc/fsneq.c"
                      00009         list    p=31p11
                      00010         radix dec
                      00011         include "mc31p11.inc"
                      00001                 LIST
                      00002 ;mc31p11.inc    Standard Header File, Version 1.00 by Sinomcu
                      00176                 LIST
                      00012 ;--------------------------------------------------------
                      00013 ; external declarations
                      00014 ;--------------------------------------------------------
                      00015         extern  ___uchar2fs
                      00016         extern  ___schar2fs
                      00017         extern  ___uint2fs
                      00018         extern  ___sint2fs
                      00019         extern  ___ulong2fs
                      00020         extern  ___slong2fs
                      00021         extern  ___fs2uchar
                      00022         extern  ___fs2schar
                      00023         extern  ___fs2uint
                      00024         extern  ___fs2sint
                      00025         extern  ___fs2ulong
                      00026         extern  ___fs2slong
                      00027         extern  ___fsadd
                      00028         extern  ___fssub
                      00029         extern  ___fsmul
                      00030         extern  ___fsdiv
                      00031         extern  ___fslt
                      00032         extern  ___fseq
                      00033         extern  ___fsgt
                      00034 
                      00035         extern STK06
                      00036         extern STK05
                      00037         extern STK04
                      00038         extern STK03
                      00039         extern STK02
                      00040         extern STK01
                      00041         extern STK00
                      00042 ;--------------------------------------------------------
                      00043 ; global declarations
                      00044 ;--------------------------------------------------------
                      00045         global  ___fsneq
                      00046 
                      00047 ;--------------------------------------------------------
                      00048 ; global definitions
                      00049 ;--------------------------------------------------------
                      00050 ;--------------------------------------------------------
                      00051 ; absolute symbol definitions
                      00052 ;--------------------------------------------------------
                      00053 ;--------------------------------------------------------
                      00054 ; compiler-defined variables
                      00055 ;--------------------------------------------------------
                      00056 UDL_fsneq_0     udata
0000                  00057 r0x100B res     1
0000                  00058 r0x100A res     1
0001                  00059 r0x1009 res     1
0001                  00060 r0x1008 res     1
0002                  00061 r0x100F res     1
0002                  00062 r0x100E res     1
0003                  00063 r0x100D res     1
0003                  00064 r0x100C res     1
0004                  00065 ___fsneq_fl1_1_22       res     4
0006                  00066 ___fsneq_fl2_1_22       res     4
                      00067 ;--------------------------------------------------------
                      00068 ; initialized data
                      00069 ;--------------------------------------------------------
                      00070 ;--------------------------------------------------------
                      00071 ; overlayable items in internal ram 
                      00072 ;--------------------------------------------------------
                      00073 ;       udata_ovr
                      00074 ;--------------------------------------------------------
                      00075 ; code
                      00076 ;--------------------------------------------------------
                      00077 code_fsneq      code
                      00078 ;***
                      00079 ;  pBlock Stats: dbName = C
                      00080 ;***
                      00081 ;entry:  ___fsneq       ;Function start
                      00082 ; 2 exit points
                      00083 ;has an exit
                      00084 ;15 compiler assigned registers:
                      00085 ;   r0x1008
                      00086 ;   STK00
                      00087 ;   r0x1009
                      00088 ;   STK01
                      00089 ;   r0x100A
                      00090 ;   STK02
                      00091 ;   r0x100B
                      00092 ;   STK03
                      00093 ;   r0x100C
                      00094 ;   STK04
                      00095 ;   r0x100D
                      00096 ;   STK05
                      00097 ;   r0x100E
                      00098 ;   STK06
                      00099 ;   r0x100F
                      00100 ;; Starting pCode block
                      00101 ;;[ICODE] ../libsdcc/fsneq.c:55:  _entry($4) :
                      00102 ;;[ICODE] ../libsdcc/fsneq.c:55:        proc ___fsneq [k1 lr0:0 so:0]{ ia0 a2p0 re0 rm0 nos0 ru0 dp0}{char function ( float fixed, float fixed) fixed}
0000                  00103 ___fsneq        ;Function start
                      00104 ; 2 exit points
                      00105 ;;[ICODE] ../libsdcc/fsneq.c:55: iTemp0 [k2 lr3:6 so:0]{ ia0 a2p0 re1 rm0 nos0 ru0 dp0}{float fixed}{ sir@ ___fsneq_a1_1_21}[r0x1000 r0x1001 r0x1002 r0x1003 ] = recv ___fsneq [k1 lr0:0 so:0]{ ia0 a2p0 re0 rm0 nos0 ru0 dp0}{char function ( float fixed, float fixed) fixed}
                      00106 ;       .line   55; "../libsdcc/fsneq.c"        char __fsneq (float a1, float a2) _FS_REENTRANT
0000   0AC0           00107         MOVRA   r0x1008
0001   0B00           00108         MOVAR   STK00
0002   0AC0           00109         MOVRA   r0x1009
0003   0B00           00110         MOVAR   STK01
0004   0AC0           00111         MOVRA   r0x100A
0005   0B00           00112         MOVAR   STK02
0006   0AC0           00113         MOVRA   (___fsneq_fl1_1_22 + 0)
0007   0AC0           00114         MOVRA   r0x100B
                      00115 ;;[ICODE] ../libsdcc/fsneq.c:55: iTemp1 [k4 lr4:8 so:0]{ ia0 a2p0 re1 rm0 nos0 ru0 dp0}{float fixed}{ sir@ ___fsneq_a2_1_21}[r0x1004 r0x1005 r0x1006 r0x1007 ] = recv ___fsneq [k1 lr0:0 so:0]{ ia0 a2p0 re0 rm0 nos0 ru0 dp0}{char function ( float fixed, float fixed) fixed}
0008   0B00           00116         MOVAR   STK03
0009   0AC0           00117         MOVRA   r0x100C
000A   0B00           00118         MOVAR   STK04
000B   0AC0           00119         MOVRA   r0x100D
000C   0B00           00120         MOVAR   STK05
000D   0AC0           00121         MOVRA   r0x100E
000E   0B00           00122         MOVAR   STK06
000F   0AC0           00123         MOVRA   r0x100F
                      00124 ;;[ICODE] ../libsdcc/fsneq.c:59:        iTemp2 [k7 lr5:6 so:0]{ ia0 a2p0 re0 rm1 nos0 ru0 dp0}{volatile-float near* fixed}[remat] = &[___fsneq_fl1_1_22 [k6 lr0:0 so:0]{ ia0 a2p0 re0 rm0 nos0 ru0 dp0}{volatile-struct float_long fixed}]
                      00125 ;;[ICODE] ../libsdcc/fsneq.c:59:        *(iTemp2 [k7 lr5:6 so:0]{ ia1 a2p0 re0 rm1 nos0 ru0 dp0}{volatile-float near* fixed}[remat]) := iTemp0 [k2 lr3:6 so:0]{ ia0 a2p0 re1 rm0 nos0 ru0 dp0}{float fixed}{ sir@ ___fsneq_a1_1_21}[r0x1000 r0x1001 r0x1002 r0x1003 ]
                      00126 ;;gen.c:6444: size=3/4, offset=0, AOP_TYPE(res)=8
                      00127 ;;99    MOVAR   r0x100B
                      00128 ;;gen.c:6444: size=2/4, offset=1, AOP_TYPE(res)=8
                      00129 ;       .line   59; "../libsdcc/fsneq.c"        fl1.f = a1;
0010   0B00           00130         MOVAR   r0x100A
0011   0AC0           00131         MOVRA   (___fsneq_fl1_1_22 + 1)
                      00132 ;;gen.c:6444: size=1/4, offset=2, AOP_TYPE(res)=8
0012   0B00           00133         MOVAR   r0x1009
0013   0AC0           00134         MOVRA   (___fsneq_fl1_1_22 + 2)
                      00135 ;;gen.c:6444: size=0/4, offset=3, AOP_TYPE(res)=8
0014   0B00           00136         MOVAR   r0x1008
0015   0AC0           00137         MOVRA   (___fsneq_fl1_1_22 + 3)
                      00138 ;;[ICODE] ../libsdcc/fsneq.c:60:        iTemp4 [k11 lr7:8 so:0]{ ia0 a2p0 re0 rm1 nos0 ru0 dp0}{volatile-float near* fixed}[remat] = &[___fsneq_fl2_1_22 [k10 lr0:0 so:0]{ ia0 a2p0 re0 rm0 nos0 ru0 dp0}{volatile-struct float_long fixed}]
                      00139 ;;[ICODE] ../libsdcc/fsneq.c:60:        *(iTemp4 [k11 lr7:8 so:0]{ ia1 a2p0 re0 rm1 nos0 ru0 dp0}{volatile-float near* fixed}[remat]) := iTemp1 [k4 lr4:8 so:0]{ ia0 a2p0 re1 rm0 nos0 ru0 dp0}{float fixed}{ sir@ ___fsneq_a2_1_21}[r0x1004 r0x1005 r0x1006 r0x1007 ]
                      00140 ;;gen.c:6444: size=3/4, offset=0, AOP_TYPE(res)=8
                      00141 ;       .line   60; "../libsdcc/fsneq.c"        fl2.f = a2;
0016   0B00           00142         MOVAR   r0x100F
0017   0AC0           00143         MOVRA   (___fsneq_fl2_1_22 + 0)
                      00144 ;;gen.c:6444: size=2/4, offset=1, AOP_TYPE(res)=8
0018   0B00           00145         MOVAR   r0x100E
0019   0AC0           00146         MOVRA   (___fsneq_fl2_1_22 + 1)
                      00147 ;;gen.c:6444: size=1/4, offset=2, AOP_TYPE(res)=8
001A   0B00           00148         MOVAR   r0x100D
001B   0AC0           00149         MOVRA   (___fsneq_fl2_1_22 + 2)
                      00150 ;;gen.c:6444: size=0/4, offset=3, AOP_TYPE(res)=8
001C   0B00           00151         MOVAR   r0x100C
001D   0AC0           00152         MOVRA   (___fsneq_fl2_1_22 + 3)
                      00153 ;;[ICODE] ../libsdcc/fsneq.c:70:        iTemp6 [k14 lr9:10 so:0]{ ia0 a2p0 re0 rm1 nos0 ru0 dp0}{volatile-long-int near* fixed}[remat] = &[___fsneq_fl1_1_22 [k6 lr0:0 so:0]{ ia0 a2p0 re0 rm0 nos0 ru0 dp0}{volatile-struct float_long fixed}]
                      00154 ;;[ICODE] ../libsdcc/fsneq.c:70:        iTemp8 [k17 lr10:13 so:0]{ ia0 a2p0 re0 rm0 nos0 ru0 dp0}{volatile-long-int fixed}[r0x1000 r0x1001 r0x1002 r0x1003 ] = @[iTemp6 [k14 lr9:10 so:0]{ ia1 a2p0 re0 rm1 nos0 ru0 dp0}{volatile-long-int near* fixed}[remat] + 0x0 {const-unsigned-char literal}]
                      00155 ;       .line   70; "../libsdcc/fsneq.c"        if (fl1.l == fl2.l)
001E   0B00           00156         MOVAR   (___fsneq_fl1_1_22 + 0)
001F   0AC0           00157         MOVRA   r0x100B
0020   0B00           00158         MOVAR   (___fsneq_fl1_1_22 + 1)
0021   0AC0           00159         MOVRA   r0x100A
0022   0B00           00160         MOVAR   (___fsneq_fl1_1_22 + 2)
0023   0AC0           00161         MOVRA   r0x1009
0024   0B00           00162         MOVAR   (___fsneq_fl1_1_22 + 3)
0025   0AC0           00163         MOVRA   r0x1008
                      00164 ;;[ICODE] ../libsdcc/fsneq.c:70:        iTemp9 [k18 lr11:12 so:0]{ ia0 a2p0 re0 rm1 nos0 ru0 dp0}{volatile-long-int near* fixed}[remat] = &[___fsneq_fl2_1_22 [k10 lr0:0 so:0]{ ia0 a2p0 re0 rm0 nos0 ru0 dp0}{volatile-struct float_long fixed}]
                      00165 ;;[ICODE] ../libsdcc/fsneq.c:70:        iTemp11 [k21 lr12:13 so:0]{ ia0 a2p0 re0 rm0 nos0 ru0 dp0}{volatile-long-int fixed}[r0x1004 r0x1005 r0x1006 r0x1007 ] = @[iTemp9 [k18 lr11:12 so:0]{ ia1 a2p0 re0 rm1 nos0 ru0 dp0}{volatile-long-int near* fixed}[remat] + 0x0 {const-unsigned-char literal}]
0026   0B00           00166         MOVAR   (___fsneq_fl2_1_22 + 0)
0027   0AC0           00167         MOVRA   r0x100F
0028   0B00           00168         MOVAR   (___fsneq_fl2_1_22 + 1)
0029   0AC0           00169         MOVRA   r0x100E
002A   0B00           00170         MOVAR   (___fsneq_fl2_1_22 + 2)
002B   0AC0           00171         MOVRA   r0x100D
002C   0B00           00172         MOVAR   (___fsneq_fl2_1_22 + 3)
002D   0AC0           00173         MOVRA   r0x100C
                      00174 ;;[ICODE] ../libsdcc/fsneq.c:70:        iTemp12 [k22 lr13:14 so:0]{ ia0 a2p0 re0 rm0 nos0 ru0 dp0}{char fixed} = iTemp8 [k17 lr10:13 so:0]{ ia0 a2p0 re0 rm0 nos0 ru0 dp0}{volatile-long-int fixed}[r0x1000 r0x1001 r0x1002 r0x1003 ] == iTemp11 [k21 lr12:13 so:0]{ ia0 a2p0 re0 rm0 nos0 ru0 dp0}{volatile-long-int fixed}[r0x1004 r0x1005 r0x1006 r0x1007 ]
002E   0B00           00175         MOVAR   r0x100F
002F   0800           00176         XORAR   r0x100B
0030   1C83           00177         JBSET   STATUS,2
0031   1400           00178         GOTO    _00106_DS_
0032   0B00           00179         MOVAR   r0x100E
0033   0800           00180         XORAR   r0x100A
0034   1C83           00181         JBSET   STATUS,2
0035   1400           00182         GOTO    _00106_DS_
0036   0B00           00183         MOVAR   r0x100D
0037   0800           00184         XORAR   r0x1009
0038   1C83           00185         JBSET   STATUS,2
0039   1400           00186         GOTO    _00106_DS_
003A   0B00           00187         MOVAR   r0x100C
003B   0800           00188         XORAR   r0x1008
003C   1C83           00189         JBSET   STATUS,2
003D   1400           00190         GOTO    _00106_DS_
                      00191 ;;[ICODE] ../libsdcc/fsneq.c:70:        if iTemp12 [k22 lr13:14 so:0]{ ia0 a2p0 re0 rm0 nos0 ru0 dp0}{char fixed} == 0 goto _iffalse_0($2)
                      00192 ;;[ICODE] ../libsdcc/fsneq.c:71:        ret 0x0 {const-unsigned-char literal}
                      00193 ;       .line   71; "../libsdcc/fsneq.c"        return (0);
003E   0400           00194         MOVAI   0x00
003F   1400           00195         GOTO    _00107_DS_
                      00196 ;;[ICODE] ../libsdcc/fsneq.c:71:  _iffalse_0($2) :
                      00197 ;;[ICODE] ../libsdcc/fsneq.c:72:        ret 0x1 {const-unsigned-char literal}
0040                  00198 _00106_DS_
                      00199 ;       .line   72; "../libsdcc/fsneq.c"        return (1);
0040   0401           00200         MOVAI   0x01
                      00201 ;;[ICODE] ../libsdcc/fsneq.c:72:  _return($3) :
                      00202 ;;[ICODE] ../libsdcc/fsneq.c:72:        eproc ___fsneq [k1 lr0:0 so:0]{ ia0 a2p0 re0 rm0 nos0 ru0 dp0}{char function ( float fixed, float fixed) fixed}
0041                  00203 _00107_DS_
0041   000C           00204         RETURN  
                      00205 ; exit point of ___fsneq
                      00206 
                      00207 
                      00208 ;       code size estimation:
                      00209 ;          66+    0 =    66 instructions (  132 byte)
                      00210 
                      00211         end
gpasm-1.7.0_beta1 (Jan 22 2015)fsneq.asm          2015-1-22  23:34:24          PAGE  2


SYMBOL TABLE
  LABEL                             VALUE

C                                 00000000
DC                                00000001
DKW                               0000000F
DKWE                              00000007
DKWP0                             0000000A
DKWP00                            00000000
DKWP01                            00000001
DKWP02                            00000002
DKWP03                            00000003
DKWP04                            00000004
DKWP05                            00000005
DKWP1                             0000000E
DKWP10                            00000000
DKWP11                            00000001
DKWP12                            00000002
DKWP13                            00000003
DKWP14                            00000004
DKWP15                            00000005
DKWP16                            00000006
FSR                               00000001
GIE                               00000007
INDF                              00000000
INT0IE                            00000002
INT0IF                            00000002
INT1IE                            00000003
INT1IF                            00000003
INTECON                           00000005
INTFLAG                           00000006
IOP0                              00000007
IOP00                             00000000
IOP01                             00000001
IOP02                             00000002
IOP03                             00000003
IOP04                             00000004
IOP05                             00000005
IOP06                             00000006
IOP1                              0000000B
IOP10                             00000000
IOP11                             00000001
IOP12                             00000002
IOP13                             00000003
IOP14                             00000004
IOP15                             00000005
IOP16                             00000006
MCR                               00000004
OEP0                              00000008
OEP00                             00000000
OEP01                             00000001
OEP02                             00000002
OEP03                             00000003
OEP04                             00000004
OEP05                             00000005
OEP06                             00000006
OEP1                              0000000C
OEP10                             00000000
OEP11                             00000001
OEP12                             00000002
OEP13                             00000003
OEP14                             00000004
OEP15                             00000005
OEP16                             00000006
PCL                               00000002
PD                                00000004
PUP0                              00000009
PUP00                             00000000
PUP01                             00000001
PUP02                             00000002
PUP03                             00000003
PUP04                             00000004
PUP05                             00000005
PUP06                             00000006
PUP1                              0000000D
PUP10                             00000000
PUP11                             00000001
PUP12                             00000002
PUP13                             00000003
PUP14                             00000004
PUP15                             00000005
PUP16                             00000006
RSEL                              00000006
STATUS                            00000003
STK00                             00000000
STK01                             00000000
STK02                             00000000
STK03                             00000000
STK04                             00000000
STK05                             00000000
STK06                             00000000
TO                                00000005
Z                                 00000002
_00106_DS_                        00000040
_00107_DS_                        00000041
_CONFIG0                          00008000
_CONFIG1                          00008001
_CP_ALL                           00000FFF
_FCPU_16X                         00001FFF
_FCPU_2X                          00001FF3
_FCPU_4X                          00001FF7
_FCPU_8X                          00001FFB
_WDT_ALWAYS_OFF                   00001FFC
_WDT_ALWAYS_ON                    00001FFF
_WDT_SLEEP_OFF                    00001FFD
__31P11                           00000001
___fs2schar                       00000000
___fs2sint                        00000000
___fs2slong                       00000000
___fs2uchar                       00000000
___fs2uint                        00000000
___fs2ulong                       00000000
___fsadd                          00000000
___fsdiv                          00000000
___fseq                           00000000
___fsgt                           00000000
___fslt                           00000000
___fsmul                          00000000
___fsneq                          00000000
___fsneq_fl1_1_22                 00000008
___fsneq_fl2_1_22                 0000000C
___fssub                          00000000
___schar2fs                       00000000
___sint2fs                        00000000
___slong2fs                       00000000
___uchar2fs                       00000000
___uint2fs                        00000000
___ulong2fs                       00000000
r0x1008                           00000003
r0x1009                           00000002
r0x100A                           00000001
r0x100B                           00000000
r0x100C                           00000007
r0x100D                           00000006
r0x100E                           00000005
r0x100F                           00000004

Errors   :     0
Warnings :     0 reported,     0 suppressed
Messages :     0 reported,     0 suppressed

