This file contains any messages produced by compilers while
running configure, to aid debugging if configure makes a mistake.

It was created by configure, which was
generated by GNU Autoconf 2.64.  Invocation command line was

  $ ./configure --disable-option-checking --prefix=/usr/local CFLAGS=-g CXXFLAGS=-g sdccconf_h_dir_separator=\\ --disable-mcs51-port --disable-z80-port --disable-z180-port --disable-r2k-port --disable-r3ka-port --disable-gbz80-port --disable-tlcs90-port --disable-ez80_z80-port --disable-ds390-port --disable-ds400-port --disable-hc08-port --disable-s08-port --disable-stm8-port --disable-pdk14-port --disable-pdk15-port --disable-packihx --disable-sdcdb --disable-device-lib --disable-non-free --disable-ucsim docdir=${datarootdir}/doc/${PACKAGE} --cache-file=/dev/null --srcdir=.

## --------- ##
## Platform. ##
## --------- ##

hostname = zwr
uname -m = i686
uname -r = 1.0.19(0.48/3/2)
uname -s = MINGW32_NT-6.2
uname -v = 2016-07-13 17:45

/usr/bin/uname -p = unknown
/bin/uname -X     = unknown

/bin/arch              = unknown
/usr/bin/arch -k       = unknown
/usr/convex/getsysinfo = unknown
/usr/bin/hostinfo      = unknown
/bin/machine           = unknown
/usr/bin/oslevel       = unknown
/bin/universe          = unknown

PATH: .
PATH: /usr/local/bin
PATH: /mingw/bin
PATH: /bin
PATH: /e/Python3
PATH: /e/Program Files/Git/bin
PATH: /e/Python3/Scripts
PATH: /e/Program Files/Microsoft VS Code/bin
PATH: /c/Users/zhwen/AppData/Local/Google/Chrome/Application
PATH: /c/Windows/System32
PATH: .
PATH: /c/WINDOWS
PATH: /c/WINDOWS/system32/wbem
PATH: /c/Program Files/Intel/WiFi/bin/
PATH: /c/Program Files/Common Files/Intel/WirelessCommon/
PATH: /c/WINDOWS/system32
PATH: /c/WINDOWS/System32/Wbem
PATH: /c/WINDOWS/System32/WindowsPowerShell/v1.0/
PATH: /c/WINDOWS/System32/OpenSSH/
PATH: /c/Users/zhwen/AppData/Local/Microsoft/WindowsApps
PATH: /e/modeltech_10.1c/win32
PATH: /c/Users/zhwen/AppData/Local/Programs/Microsoft VS Code/bin


## ----------- ##
## Core tests. ##
## ----------- ##

configure:2304: checking build system type
configure:2318: result: i686-pc-mingw32
configure:2365: checking host system type
configure:2378: result: i686-pc-mingw32
configure:2398: checking target system type
configure:2411: result: i686-pc-mingw32
configure:2465: checking for a BSD-compatible install
configure:2533: result: /bin/install -c
configure:2544: checking whether ln works
configure:2566: result: yes
configure:2570: checking whether ln -s works
configure:2577: result: no, using cp -p
configure:2581: checking for a sed that does not truncate output
configure:2645: result: /bin/sed
configure:2654: checking for gawk
configure:2670: found /bin/gawk
configure:2681: result: gawk
configure:4005: checking for gcc
configure:4021: found /mingw/bin/gcc
configure:4032: result: gcc
configure:4261: checking for C compiler version
configure:4270: gcc --version >&5
gcc.exe (GCC) 5.3.0
Copyright (C) 2015 Free Software Foundation, Inc.
This is free software; see the source for copying conditions.  There is NO
warranty; not even for MERCHANTABILITY or FITNESS FOR A PARTICULAR PURPOSE.

configure:4281: $? = 0
configure:4270: gcc -v >&5
Using built-in specs.
COLLECT_GCC=E:\MinGW\bin\gcc.exe
COLLECT_LTO_WRAPPER=e:/mingw/bin/../libexec/gcc/mingw32/5.3.0/lto-wrapper.exe
Target: mingw32
Configured with: ../src/gcc-5.3.0/configure --build=x86_64-pc-linux-gnu --host=mingw32 --prefix=/mingw --disable-win32-registry --target=mingw32 --with-arch=i586 --enable-languages=c,c++,objc,obj-c++,fortran,ada --enable-static --enable-shared --enable-threads --with-dwarf2 --disable-sjlj-exceptions --enable-version-specific-runtime-libs --with-libintl-prefix=/mingw --enable-libstdcxx-debug --with-tune=generic --enable-libgomp --disable-libvtv --enable-nls : (reconfigured) ../src/gcc-5.3.0/configure --build=x86_64-pc-linux-gnu --host=mingw32 --prefix=/mingw --disable-win32-registry --target=mingw32 --with-arch=i586 --enable-languages=c,c++,objc,obj-c++,fortran,ada --enable-static --enable-shared --enable-threads --with-dwarf2 --disable-sjlj-exceptions --enable-version-specific-runtime-libs --with-libiconv-prefix=/mingw --with-libintl-prefix=/mingw --enable-libstdcxx-debug --with-tune=generic --enable-libgomp --disable-libvtv --enable-nls
Thread model: win32
gcc version 5.3.0 (GCC) 
configure:4281: $? = 0
configure:4270: gcc -V >&5
gcc.exe: error: unrecognized command line option '-V'
gcc.exe: fatal error: no input files
compilation terminated.
configure:4281: $? = 1
configure:4270: gcc -qversion >&5
gcc.exe: error: unrecognized command line option '-qversion'
gcc.exe: fatal error: no input files
compilation terminated.
configure:4281: $? = 1
configure:4301: checking for C compiler default output file name
configure:4323: gcc -g   conftest.c  >&5
configure:4327: $? = 0
configure:4364: result: a.exe
configure:4380: checking whether the C compiler works
configure:4389: ./a.exe
configure:4393: $? = 0
configure:4408: result: yes
configure:4415: checking whether we are cross compiling
configure:4417: result: no
configure:4420: checking for suffix of executables
configure:4427: gcc -o conftest.exe -g   conftest.c  >&5
configure:4431: $? = 0
configure:4453: result: .exe
configure:4459: checking for suffix of object files
configure:4481: gcc -c -g  conftest.c >&5
configure:4485: $? = 0
configure:4506: result: o
configure:4510: checking whether we are using the GNU C compiler
configure:4529: gcc -c -g  conftest.c >&5
configure:4529: $? = 0
configure:4538: result: yes
configure:4547: checking whether gcc accepts -g
configure:4567: gcc -c -g  conftest.c >&5
configure:4567: $? = 0
configure:4608: result: yes
configure:4625: checking for gcc option to accept ISO C89
configure:4689: gcc  -c -g  conftest.c >&5
configure:4689: $? = 0
configure:4702: result: none needed
configure:4780: checking for g++
configure:4796: found /mingw/bin/g++
configure:4807: result: g++
configure:4834: checking for C++ compiler version
configure:4843: g++ --version >&5
g++.exe (GCC) 5.3.0
Copyright (C) 2015 Free Software Foundation, Inc.
This is free software; see the source for copying conditions.  There is NO
warranty; not even for MERCHANTABILITY or FITNESS FOR A PARTICULAR PURPOSE.

configure:4854: $? = 0
configure:4843: g++ -v >&5
Using built-in specs.
COLLECT_GCC=E:\MinGW\bin\g++.exe
COLLECT_LTO_WRAPPER=e:/mingw/bin/../libexec/gcc/mingw32/5.3.0/lto-wrapper.exe
Target: mingw32
Configured with: ../src/gcc-5.3.0/configure --build=x86_64-pc-linux-gnu --host=mingw32 --prefix=/mingw --disable-win32-registry --target=mingw32 --with-arch=i586 --enable-languages=c,c++,objc,obj-c++,fortran,ada --enable-static --enable-shared --enable-threads --with-dwarf2 --disable-sjlj-exceptions --enable-version-specific-runtime-libs --with-libintl-prefix=/mingw --enable-libstdcxx-debug --with-tune=generic --enable-libgomp --disable-libvtv --enable-nls : (reconfigured) ../src/gcc-5.3.0/configure --build=x86_64-pc-linux-gnu --host=mingw32 --prefix=/mingw --disable-win32-registry --target=mingw32 --with-arch=i586 --enable-languages=c,c++,objc,obj-c++,fortran,ada --enable-static --enable-shared --enable-threads --with-dwarf2 --disable-sjlj-exceptions --enable-version-specific-runtime-libs --with-libiconv-prefix=/mingw --with-libintl-prefix=/mingw --enable-libstdcxx-debug --with-tune=generic --enable-libgomp --disable-libvtv --enable-nls
Thread model: win32
gcc version 5.3.0 (GCC) 
configure:4854: $? = 0
configure:4843: g++ -V >&5
g++.exe: error: unrecognized command line option '-V'
g++.exe: fatal error: no input files
compilation terminated.
configure:4854: $? = 1
configure:4843: g++ -qversion >&5
g++.exe: error: unrecognized command line option '-qversion'
g++.exe: fatal error: no input files
compilation terminated.
configure:4854: $? = 1
configure:4858: checking whether we are using the GNU C++ compiler
configure:4877: g++ -c -g  conftest.cpp >&5
configure:4877: $? = 0
configure:4886: result: yes
configure:4895: checking whether g++ accepts -g
configure:4915: g++ -c -g  conftest.cpp >&5
configure:4915: $? = 0
configure:4956: result: yes
configure:5005: checking whether g++ accepts -static-libstdc++ -static-libgcc
configure:5022: g++ -o conftest.exe -g   -static-libstdc++ -static-libgcc conftest.cpp  >&5
configure:5022: $? = 0
configure:5023: result: yes
configure:5087: checking for gnatbind
configure:5103: found /mingw/bin/gnatbind
configure:5114: result: gnatbind
configure:5179: checking for gnatmake
configure:5195: found /mingw/bin/gnatmake
configure:5206: result: gnatmake
configure:5228: checking whether compiler driver understands Ada
configure:5251: result: yes
configure:5260: checking how to compare bootstrapped objects
configure:5285: result: cmp --ignore-initial=16 $$f1 $$f2
configure:5345: checking for objdir
configure:5360: result: .libs
configure:5908: checking for isl 0.15 or later
configure:5921: gcc -o conftest.exe -g      -lisl -lmpc -lmpfr -lgmp conftest.c  -lisl -lgmp >&5
conftest.c:10:26: fatal error: isl/schedule.h: No such file or directory
compilation terminated.
configure:5921: $? = 1
configure: failed program was:
| /* confdefs.h */
| #define PACKAGE_NAME ""
| #define PACKAGE_TARNAME ""
| #define PACKAGE_VERSION ""
| #define PACKAGE_STRING ""
| #define PACKAGE_BUGREPORT ""
| #define PACKAGE_URL ""
| #define LT_OBJDIR ".libs/"
| /* end confdefs.h.  */
| #include <isl/schedule.h>
| int
| main ()
| {
| isl_options_set_schedule_serialize_sccs (NULL, 0);
|   ;
|   return 0;
| }
configure:5928: result: no
configure:5932: result: required isl version is 0.15 or later
configure:7025: checking for default BUILD_CONFIG
configure:7057: result: 
configure:7062: checking for --enable-vtable-verify
configure:7075: result: no
configure:7675: checking for bison
configure:7691: found /bin/bison
configure:7702: result: bison -y
configure:7722: checking for bison
configure:7738: found /bin/bison
configure:7749: result: bison
configure:7769: checking for gm4
configure:7799: result: no
configure:7769: checking for gnum4
configure:7799: result: no
configure:7769: checking for m4
configure:7785: found /bin/m4
configure:7796: result: m4
configure:7816: checking for flex
configure:7832: found /bin/flex
configure:7843: result: flex
configure:7864: checking for flex
configure:7880: found /bin/flex
configure:7891: result: flex
configure:7911: checking for makeinfo
configure:7927: found /bin/makeinfo
configure:7938: result: makeinfo
configure:7972: checking for expect
configure:8002: result: no
configure:8021: checking for runtest
configure:8051: result: no
configure:8166: checking for ar
configure:8182: found /mingw/bin/ar
configure:8193: result: ar
configure:8307: checking for as
configure:8323: found /mingw/bin/as
configure:8334: result: as
configure:8448: checking for dlltool
configure:8464: found /mingw/bin/dlltool
configure:8475: result: dlltool
configure:8508: checking for ld
configure:8535: result: e:/mingw/bin/../lib/gcc/mingw32/5.3.0/../../../../mingw32/bin/ld.exe
configure:8730: checking for lipo
configure:8760: result: no
configure:8871: checking for nm
configure:8887: found /mingw/bin/nm
configure:8898: result: nm
configure:9012: checking for ranlib
configure:9028: found /mingw/bin/ranlib
configure:9039: result: ranlib
configure:9148: checking for strip
configure:9164: found /mingw/bin/strip
configure:9175: result: strip
configure:9284: checking for windres
configure:9300: found /mingw/bin/windres
configure:9311: result: windres
configure:9425: checking for windmc
configure:9441: found /mingw/bin/windmc
configure:9452: result: windmc
configure:9566: checking for objcopy
configure:9582: found /mingw/bin/objcopy
configure:9593: result: objcopy
configure:9707: checking for objdump
configure:9723: found /mingw/bin/objdump
configure:9734: result: objdump
configure:9848: checking for readelf
configure:9864: found /mingw/bin/readelf
configure:9875: result: readelf
configure:10028: checking for cc
configure:10058: result: no
configure:10028: checking for gcc
configure:10044: found /mingw/bin/gcc
configure:10055: result: gcc
configure:10189: checking for c++
configure:10205: found /mingw/bin/c++
configure:10216: result: c++
configure:10350: checking for gcc
configure:10366: found /mingw/bin/gcc
configure:10377: result: gcc
configure:10506: checking for gfortran
configure:10522: found /mingw/bin/gfortran
configure:10533: result: gfortran
configure:10667: checking for gccgo
configure:10697: result: no
configure:10908: checking for ar
configure:10924: found /mingw/bin/ar
configure:10935: result: ar
configure:11138: checking for as
configure:11154: found /mingw/bin/as
configure:11165: result: as
configure:11368: checking for dlltool
configure:11384: found /mingw/bin/dlltool
configure:11395: result: dlltool
configure:11598: checking for ld
configure:11614: found /mingw/bin/ld
configure:11625: result: ld
configure:11828: checking for lipo
configure:11858: result: no
configure:12058: checking for nm
configure:12074: found /mingw/bin/nm
configure:12085: result: nm
configure:12288: checking for objcopy
configure:12304: found /mingw/bin/objcopy
configure:12315: result: objcopy
configure:12518: checking for objdump
configure:12534: found /mingw/bin/objdump
configure:12545: result: objdump
configure:12748: checking for ranlib
configure:12764: found /mingw/bin/ranlib
configure:12775: result: ranlib
configure:12978: checking for readelf
configure:12994: found /mingw/bin/readelf
configure:13005: result: readelf
configure:13208: checking for strip
configure:13224: found /mingw/bin/strip
configure:13235: result: strip
configure:13438: checking for windres
configure:13454: found /mingw/bin/windres
configure:13465: result: windres
configure:13668: checking for windmc
configure:13684: found /mingw/bin/windmc
configure:13695: result: windmc
configure:13726: checking where to find the target ar
configure:13749: result: just compiled
configure:13768: checking where to find the target as
configure:13801: result: host tool
configure:13810: checking where to find the target cc
configure:13843: result: host tool
configure:13852: checking where to find the target c++
configure:13888: result: host tool
configure:13897: checking where to find the target c++ for libstdc++
configure:13933: result: host tool
configure:13942: checking where to find the target dlltool
configure:13965: result: just compiled
configure:13984: checking where to find the target gcc
configure:14017: result: host tool
configure:14026: checking where to find the target gfortran
configure:14062: result: host tool
configure:14071: checking where to find the target gccgo
configure:14107: result: host tool
configure:14116: checking where to find the target ld
configure:14149: result: host tool
configure:14158: checking where to find the target lipo
configure:14180: result: host tool
configure:14189: checking where to find the target nm
configure:14212: result: just compiled
configure:14231: checking where to find the target objcopy
configure:14254: result: just compiled
configure:14273: checking where to find the target objdump
configure:14296: result: just compiled
configure:14315: checking where to find the target ranlib
configure:14338: result: just compiled
configure:14357: checking where to find the target readelf
configure:14380: result: just compiled
configure:14399: checking where to find the target strip
configure:14422: result: just compiled
configure:14441: checking where to find the target windres
configure:14464: result: just compiled
configure:14483: checking where to find the target windmc
configure:14506: result: just compiled
configure:14553: checking whether to enable maintainer-specific portions of Makefiles
configure:14562: result: no
configure:14793: creating ./config.status

## ---------------------- ##
## Running config.status. ##
## ---------------------- ##

This file was extended by config.status, which was
generated by GNU Autoconf 2.64.  Invocation command line was

  CONFIG_FILES    = 
  CONFIG_HEADERS  = 
  CONFIG_LINKS    = 
  CONFIG_COMMANDS = 
  $ ./config.status 

on zwr

config.status:927: creating Makefile

## ---------------- ##
## Cache variables. ##
## ---------------- ##

ac_cv_build=i686-pc-mingw32
ac_cv_c_compiler_gnu=yes
ac_cv_cxx_compiler_gnu=yes
ac_cv_env_AR_FOR_TARGET_set=
ac_cv_env_AR_FOR_TARGET_value=
ac_cv_env_AR_set=
ac_cv_env_AR_value=
ac_cv_env_AS_FOR_TARGET_set=
ac_cv_env_AS_FOR_TARGET_value=
ac_cv_env_AS_set=
ac_cv_env_AS_value=
ac_cv_env_CCC_set=
ac_cv_env_CCC_value=
ac_cv_env_CC_FOR_TARGET_set=
ac_cv_env_CC_FOR_TARGET_value=
ac_cv_env_CC_set=
ac_cv_env_CC_value=
ac_cv_env_CFLAGS_set=set
ac_cv_env_CFLAGS_value=-g
ac_cv_env_CPPFLAGS_set=
ac_cv_env_CPPFLAGS_value=
ac_cv_env_CXXFLAGS_set=set
ac_cv_env_CXXFLAGS_value=-g
ac_cv_env_CXX_FOR_TARGET_set=
ac_cv_env_CXX_FOR_TARGET_value=
ac_cv_env_CXX_set=
ac_cv_env_CXX_value=
ac_cv_env_DLLTOOL_FOR_TARGET_set=
ac_cv_env_DLLTOOL_FOR_TARGET_value=
ac_cv_env_DLLTOOL_set=
ac_cv_env_DLLTOOL_value=
ac_cv_env_GCC_FOR_TARGET_set=
ac_cv_env_GCC_FOR_TARGET_value=
ac_cv_env_GFORTRAN_FOR_TARGET_set=
ac_cv_env_GFORTRAN_FOR_TARGET_value=
ac_cv_env_GOC_FOR_TARGET_set=
ac_cv_env_GOC_FOR_TARGET_value=
ac_cv_env_LDFLAGS_set=
ac_cv_env_LDFLAGS_value=
ac_cv_env_LD_FOR_TARGET_set=
ac_cv_env_LD_FOR_TARGET_value=
ac_cv_env_LD_set=
ac_cv_env_LD_value=
ac_cv_env_LIBS_set=
ac_cv_env_LIBS_value=
ac_cv_env_LIPO_FOR_TARGET_set=
ac_cv_env_LIPO_FOR_TARGET_value=
ac_cv_env_LIPO_set=
ac_cv_env_LIPO_value=
ac_cv_env_NM_FOR_TARGET_set=
ac_cv_env_NM_FOR_TARGET_value=
ac_cv_env_NM_set=
ac_cv_env_NM_value=
ac_cv_env_OBJCOPY_FOR_TARGET_set=
ac_cv_env_OBJCOPY_FOR_TARGET_value=
ac_cv_env_OBJCOPY_set=
ac_cv_env_OBJCOPY_value=
ac_cv_env_OBJDUMP_FOR_TARGET_set=
ac_cv_env_OBJDUMP_FOR_TARGET_value=
ac_cv_env_OBJDUMP_set=
ac_cv_env_OBJDUMP_value=
ac_cv_env_RANLIB_FOR_TARGET_set=
ac_cv_env_RANLIB_FOR_TARGET_value=
ac_cv_env_RANLIB_set=
ac_cv_env_RANLIB_value=
ac_cv_env_READELF_FOR_TARGET_set=
ac_cv_env_READELF_FOR_TARGET_value=
ac_cv_env_READELF_set=
ac_cv_env_READELF_value=
ac_cv_env_STRIP_FOR_TARGET_set=
ac_cv_env_STRIP_FOR_TARGET_value=
ac_cv_env_STRIP_set=
ac_cv_env_STRIP_value=
ac_cv_env_WINDMC_FOR_TARGET_set=
ac_cv_env_WINDMC_FOR_TARGET_value=
ac_cv_env_WINDMC_set=
ac_cv_env_WINDMC_value=
ac_cv_env_WINDRES_FOR_TARGET_set=
ac_cv_env_WINDRES_FOR_TARGET_value=
ac_cv_env_WINDRES_set=
ac_cv_env_WINDRES_value=
ac_cv_env_build_alias_set=
ac_cv_env_build_alias_value=
ac_cv_env_build_configargs_set=
ac_cv_env_build_configargs_value=
ac_cv_env_host_alias_set=
ac_cv_env_host_alias_value=
ac_cv_env_host_configargs_set=
ac_cv_env_host_configargs_value=
ac_cv_env_target_alias_set=
ac_cv_env_target_alias_value=
ac_cv_env_target_configargs_set=
ac_cv_env_target_configargs_value=
ac_cv_exeext=.exe
ac_cv_host=i686-pc-mingw32
ac_cv_objext=o
ac_cv_path_SED=/bin/sed
ac_cv_path_install='/bin/install -c'
ac_cv_prog_AR=ar
ac_cv_prog_AR_FOR_TARGET=ar
ac_cv_prog_AS=as
ac_cv_prog_AS_FOR_TARGET=as
ac_cv_prog_AWK=gawk
ac_cv_prog_BISON=bison
ac_cv_prog_CC_FOR_TARGET=gcc
ac_cv_prog_CXX_FOR_TARGET=c++
ac_cv_prog_DLLTOOL=dlltool
ac_cv_prog_DLLTOOL_FOR_TARGET=dlltool
ac_cv_prog_FLEX=flex
ac_cv_prog_GCC_FOR_TARGET=gcc
ac_cv_prog_GFORTRAN_FOR_TARGET=gfortran
ac_cv_prog_LD=e:/mingw/bin/../lib/gcc/mingw32/5.3.0/../../../../mingw32/bin/ld.exe
ac_cv_prog_LD_FOR_TARGET=ld
ac_cv_prog_LEX=flex
ac_cv_prog_M4=m4
ac_cv_prog_MAKEINFO=makeinfo
ac_cv_prog_NM=nm
ac_cv_prog_NM_FOR_TARGET=nm
ac_cv_prog_OBJCOPY=objcopy
ac_cv_prog_OBJCOPY_FOR_TARGET=objcopy
ac_cv_prog_OBJDUMP=objdump
ac_cv_prog_OBJDUMP_FOR_TARGET=objdump
ac_cv_prog_RANLIB=ranlib
ac_cv_prog_RANLIB_FOR_TARGET=ranlib
ac_cv_prog_READELF=readelf
ac_cv_prog_READELF_FOR_TARGET=readelf
ac_cv_prog_STRIP=strip
ac_cv_prog_STRIP_FOR_TARGET=strip
ac_cv_prog_WINDMC=windmc
ac_cv_prog_WINDMC_FOR_TARGET=windmc
ac_cv_prog_WINDRES=windres
ac_cv_prog_WINDRES_FOR_TARGET=windres
ac_cv_prog_YACC='bison -y'
ac_cv_prog_ac_ct_CC=gcc
ac_cv_prog_ac_ct_CXX=g++
ac_cv_prog_ac_ct_GNATBIND=gnatbind
ac_cv_prog_ac_ct_GNATMAKE=gnatmake
ac_cv_prog_cc_c89=
ac_cv_prog_cc_g=yes
ac_cv_prog_cxx_g=yes
ac_cv_target=i686-pc-mingw32
acx_cv_cc_gcc_supports_ada=yes
acx_cv_prog_LN=ln
gcc_cv_isl=no
gcc_cv_prog_cmp_skip='cmp --ignore-initial=16 $$f1 $$f2'
gcc_cv_tool_dirs=
gcc_cv_tool_prefix=/usr/local
lt_cv_objdir=.libs

## ----------------- ##
## Output variables. ##
## ----------------- ##

AR='ar'
AR_FOR_BUILD='$(AR)'
AR_FOR_TARGET='$$r/$(HOST_SUBDIR)/binutils/ar'
AS='as'
AS_FOR_BUILD='$(AS)'
AS_FOR_TARGET='$(AS)'
AWK='gawk'
BISON='bison'
BUILD_CONFIG=''
CC='gcc'
CC_FOR_BUILD='$(CC)'
CC_FOR_TARGET='$(CC)'
CFLAGS='-g'
CFLAGS_FOR_BUILD='-g'
CFLAGS_FOR_TARGET='-O2 -g'
COMPILER_AS_FOR_TARGET='$(AS_FOR_TARGET)'
COMPILER_LD_FOR_TARGET='$(LD_FOR_TARGET)'
COMPILER_NM_FOR_TARGET='$(NM_FOR_TARGET)'
CONFIGURE_GDB_TK=''
CPPFLAGS=''
CXX='g++'
CXXFLAGS='-g'
CXXFLAGS_FOR_BUILD='-g'
CXXFLAGS_FOR_TARGET='-O2 -g'
CXX_FOR_BUILD='$(CXX)'
CXX_FOR_TARGET='$(CXX)'
DEBUG_PREFIX_CFLAGS_FOR_TARGET=''
DEFS='-DPACKAGE_NAME=\"\" -DPACKAGE_TARNAME=\"\" -DPACKAGE_VERSION=\"\" -DPACKAGE_STRING=\"\" -DPACKAGE_BUGREPORT=\"\" -DPACKAGE_URL=\"\" -DLT_OBJDIR=\".libs/\"'
DLLTOOL='dlltool'
DLLTOOL_FOR_BUILD='$(DLLTOOL)'
DLLTOOL_FOR_TARGET='$$r/$(HOST_SUBDIR)/binutils/dlltool'
ECHO_C=''
ECHO_N='-n'
ECHO_T=''
EXEEXT='.exe'
EXPECT='expect'
FLAGS_FOR_TARGET=' -L$$r/$(TARGET_SUBDIR)/winsup/mingw -L$$r/$(TARGET_SUBDIR)/winsup/w32api/lib -isystem $$s/winsup/mingw/include -isystem $$s/winsup/w32api/include'
FLEX='flex'
GCC_FOR_TARGET='$()'
GCC_SHLIB_SUBDIR='/shlib'
GDB_TK=''
GFORTRAN_FOR_BUILD='$(GFORTRAN)'
GFORTRAN_FOR_TARGET='$(GFORTRAN)'
GNATBIND='gnatbind'
GNATMAKE='gnatmake'
GOC_FOR_BUILD='$(GOC)'
GOC_FOR_TARGET='$(GOC)'
INSTALL_DATA='${INSTALL} -m 644'
INSTALL_GDB_TK=''
INSTALL_PROGRAM='${INSTALL}'
INSTALL_SCRIPT='${INSTALL}'
LD='e:/mingw/bin/../lib/gcc/mingw32/5.3.0/../../../../mingw32/bin/ld.exe'
LDFLAGS=''
LDFLAGS_FOR_BUILD=''
LDFLAGS_FOR_TARGET=''
LD_FOR_BUILD='$(LD)'
LD_FOR_TARGET='$(LD)'
LEX='flex'
LIBOBJS=''
LIBS=''
LIPO='lipo'
LIPO_FOR_TARGET='$(LIPO)'
LN='ln'
LN_S='cp -p'
LTLIBOBJS=''
M4='m4'
MAINT='#'
MAINTAINER_MODE_FALSE=''
MAINTAINER_MODE_TRUE='#'
MAKEINFO='makeinfo'
NM='nm'
NM_FOR_BUILD='$(NM)'
NM_FOR_TARGET='$$r/$(HOST_SUBDIR)/binutils/nm-new'
OBJCOPY='objcopy'
OBJCOPY_FOR_TARGET='$$r/$(HOST_SUBDIR)/binutils/objcopy'
OBJDUMP='objdump'
OBJDUMP_FOR_TARGET='$$r/$(HOST_SUBDIR)/binutils/objdump'
OBJEXT='o'
PACKAGE_BUGREPORT=''
PACKAGE_NAME=''
PACKAGE_STRING=''
PACKAGE_TARNAME=''
PACKAGE_URL=''
PACKAGE_VERSION=''
PATH_SEPARATOR=':'
RANLIB='ranlib'
RANLIB_FOR_BUILD='$(RANLIB)'
RANLIB_FOR_TARGET='$$r/$(HOST_SUBDIR)/binutils/ranlib'
RAW_CXX_FOR_TARGET='$(CXX)'
READELF='readelf'
READELF_FOR_TARGET='$$r/$(HOST_SUBDIR)/binutils/readelf'
RPATH_ENVVAR='PATH'
RUNTEST='runtest'
SED='/bin/sed'
SHELL='/bin/sh'
STRIP='strip'
STRIP_FOR_TARGET='$$r/$(HOST_SUBDIR)/binutils/strip-new'
SYSROOT_CFLAGS_FOR_TARGET=''
TOPLEVEL_CONFIGURE_ARGUMENTS='./configure --disable-option-checking --prefix=/usr/local CFLAGS=-g CXXFLAGS=-g '\''sdccconf_h_dir_separator=\\'\'' --disable-mcs51-port --disable-z80-port --disable-z180-port --disable-r2k-port --disable-r3ka-port --disable-gbz80-port --disable-tlcs90-port --disable-ez80_z80-port --disable-ds390-port --disable-ds400-port --disable-hc08-port --disable-s08-port --disable-stm8-port --disable-pdk14-port --disable-pdk15-port --disable-packihx --disable-sdcdb --disable-device-lib --disable-non-free --disable-ucsim docdir='\''$${datarootdir}/doc/$${PACKAGE}'\'' --cache-file=/dev/null --srcdir=.'
WINDMC='windmc'
WINDMC_FOR_BUILD='$(WINDMC)'
WINDMC_FOR_TARGET='$$r/$(HOST_SUBDIR)/binutils/windmc'
WINDRES='windres'
WINDRES_FOR_BUILD='$(WINDRES)'
WINDRES_FOR_TARGET='$$r/$(HOST_SUBDIR)/binutils/windres'
YACC='bison -y'
ac_ct_CC='gcc'
ac_ct_CXX='g++'
bindir='${exec_prefix}/bin'
build='i686-pc-mingw32'
build_alias=''
build_configargs=' --cache-file=./config.cache '\''--disable-option-checking'\'' '\''--prefix=/usr/local'\'' '\''--disable-mcs51-port'\'' '\''--disable-z80-port'\'' '\''--disable-z180-port'\'' '\''--disable-r2k-port'\'' '\''--disable-r3ka-port'\'' '\''--disable-gbz80-port'\'' '\''--disable-tlcs90-port'\'' '\''--disable-ez80_z80-port'\'' '\''--disable-ds390-port'\'' '\''--disable-ds400-port'\'' '\''--disable-hc08-port'\'' '\''--disable-s08-port'\'' '\''--disable-stm8-port'\'' '\''--disable-pdk14-port'\'' '\''--disable-pdk15-port'\'' '\''--disable-packihx'\'' '\''--disable-sdcdb'\'' '\''--disable-device-lib'\'' '\''--disable-non-free'\'' '\''--disable-ucsim'\'' '\''--cache-file=/dev/null'\'' --program-transform-name='\''s,y,y,'\'' --disable-option-checking'
build_configdirs=' libiberty'
build_cpu='i686'
build_libsubdir='build-i686-pc-mingw32'
build_noncanonical='i686-pc-mingw32'
build_os='mingw32'
build_subdir='build-i686-pc-mingw32'
build_tooldir='${exec_prefix}/i686-pc-mingw32'
build_vendor='pc'
compare_exclusions='gcc/cc*-checksum$(objext) | gcc/ada/*tools/*'
configdirs=' libiberty bfd binutils'
datadir='${datarootdir}'
datarootdir='${prefix}/share'
do_compare='cmp --ignore-initial=16 $$f1 $$f2'
docdir='${datarootdir}/doc/${PACKAGE}'
dvidir='${docdir}'
exec_prefix='${prefix}'
extra_host_libiberty_configure_flags=''
extra_host_zlib_configure_flags=''
extra_isl_gmp_configure_flags=''
extra_liboffloadmic_configure_flags=''
extra_linker_plugin_configure_flags=''
extra_linker_plugin_flags=''
extra_mpc_gmp_configure_flags=''
extra_mpc_mpfr_configure_flags=''
extra_mpfr_configure_flags=''
get_gcc_base_ver='cat'
gmpinc=''
gmplibs='-lmpc -lmpfr -lgmp'
host='i686-pc-mingw32'
host_alias=''
host_configargs=' --cache-file=./config.cache  --with-system-zlib '\''--disable-option-checking'\'' '\''--prefix=/usr/local'\'' '\''--disable-mcs51-port'\'' '\''--disable-z80-port'\'' '\''--disable-z180-port'\'' '\''--disable-r2k-port'\'' '\''--disable-r3ka-port'\'' '\''--disable-gbz80-port'\'' '\''--disable-tlcs90-port'\'' '\''--disable-ez80_z80-port'\'' '\''--disable-ds390-port'\'' '\''--disable-ds400-port'\'' '\''--disable-hc08-port'\'' '\''--disable-s08-port'\'' '\''--disable-stm8-port'\'' '\''--disable-pdk14-port'\'' '\''--disable-pdk15-port'\'' '\''--disable-packihx'\'' '\''--disable-sdcdb'\'' '\''--disable-device-lib'\'' '\''--disable-non-free'\'' '\''--disable-ucsim'\'' '\''--cache-file=/dev/null'\'' --program-transform-name='\''s,y,y,'\'' --disable-option-checking'
host_cpu='i686'
host_noncanonical='i686-pc-mingw32'
host_os='mingw32'
host_shared='no'
host_subdir='.'
host_vendor='pc'
htmldir='${docdir}'
includedir='${prefix}/include'
infodir='${datarootdir}/info'
islinc=''
isllibs=''
libdir='${exec_prefix}/lib'
libexecdir='${exec_prefix}/libexec'
localedir='${datarootdir}/locale'
localstatedir='${prefix}/var'
mandir='${datarootdir}/man'
oldincludedir='/usr/include'
pdfdir='${docdir}'
poststage1_ldflags='-static-libstdc++ -static-libgcc'
poststage1_libs=''
prefix='/usr/local'
program_transform_name='s,y,y,'
psdir='${docdir}'
sbindir='${exec_prefix}/sbin'
sharedstatedir='${prefix}/com'
stage1_cflags='-g'
stage1_checking='--enable-checking=yes,types'
stage1_languages=',c,'
stage1_ldflags='-static-libstdc++ -static-libgcc'
stage1_libs=''
stage2_werror_flag=''
sysconfdir='${prefix}/etc'
target='i686-pc-mingw32'
target_alias=''
target_configargs='--cache-file=./config.cache --enable-multilib   '\''--disable-option-checking'\'' '\''--prefix=/usr/local'\'' '\''--disable-mcs51-port'\'' '\''--disable-z80-port'\'' '\''--disable-z180-port'\'' '\''--disable-r2k-port'\'' '\''--disable-r3ka-port'\'' '\''--disable-gbz80-port'\'' '\''--disable-tlcs90-port'\'' '\''--disable-ez80_z80-port'\'' '\''--disable-ds390-port'\'' '\''--disable-ds400-port'\'' '\''--disable-hc08-port'\'' '\''--disable-s08-port'\'' '\''--disable-stm8-port'\'' '\''--disable-pdk14-port'\'' '\''--disable-pdk15-port'\'' '\''--disable-packihx'\'' '\''--disable-sdcdb'\'' '\''--disable-device-lib'\'' '\''--disable-non-free'\'' '\''--disable-ucsim'\'' '\''--cache-file=/dev/null'\'' --program-transform-name='\''s,y,y,'\'' --disable-option-checking'
target_configdirs=''
target_cpu='i686'
target_noncanonical='i686-pc-mingw32'
target_os='mingw32'
target_subdir='i686-pc-mingw32'
target_vendor='pc'
tooldir='${exec_prefix}/i686-pc-mingw32'

## ------------------- ##
## File substitutions. ##
## ------------------- ##

alphaieee_frag='/dev/null'
host_makefile_frag='./config/mh-mingw'
ospace_frag='/dev/null'
serialization_dependencies='serdep.tmp'
target_makefile_frag='/dev/null'

## ----------- ##
## confdefs.h. ##
## ----------- ##

/* confdefs.h */
#define PACKAGE_NAME ""
#define PACKAGE_TARNAME ""
#define PACKAGE_VERSION ""
#define PACKAGE_STRING ""
#define PACKAGE_BUGREPORT ""
#define PACKAGE_URL ""
#define LT_OBJDIR ".libs/"

configure: exit 0
