gpasm-1.9.2 (Mar 15 2017)    _moduchar.asm      2017-3-15  14:00:20          PAGE  1


LOC  OBJECT CODE     LINE SOURCE TEXT
  VALUE

                      00001 ;--------------------------------------------------------
                      00002 ; File Created by SN-SDCC : ANSI-C Compiler
                      00003 ; Version 0.0.4 (Nov 23 2015) (Linux)
                      00004 ; This file was generated Wed Mar 15 14:00:20 2017
                      00005 ;--------------------------------------------------------
                      00006 ; MC3X port for the RISC core
                      00007 ;--------------------------------------------------------
                      00008 ;       .file   "../libsdcc/_moduchar.c"
                      00009         list    p=8K7323
                      00010         radix dec
                      00011         include "8K7323.inc"
                      00001                 LIST
                      00002 ;8K7323.inc    Standard Header File, Version 1.00 by Sinomcu
Message[301]: Processor-header file mismatch.  Verify selected processor.
                      00341                 LIST
                      00012 ;--------------------------------------------------------
                      00013 ; external declarations
                      00014 ;--------------------------------------------------------
                      00015 
                      00016         extern STK06
                      00017         extern STK05
                      00018         extern STK04
                      00019         extern STK03
                      00020         extern STK02
                      00021         extern STK01
                      00022         extern STK00
                      00023 ;--------------------------------------------------------
                      00024 ; global declarations
                      00025 ;--------------------------------------------------------
                      00026         global  __moduchar
                      00027 
                      00028 ;--------------------------------------------------------
                      00029 ; global definitions
                      00030 ;--------------------------------------------------------
                      00031 ;--------------------------------------------------------
                      00032 ; absolute symbol definitions
                      00033 ;--------------------------------------------------------
                      00034 ;--------------------------------------------------------
                      00035 ; compiler-defined variables
                      00036 ;--------------------------------------------------------
                      00037 UDL__moduchar_0 udata
0000                  00038 r0x1000 res     1
0000                  00039 r0x1001 res     1
0001                  00040 r0x1002 res     1
0001                  00041 r0x1003 res     1
                      00042 ;--------------------------------------------------------
                      00043 ; initialized data
                      00044 ;--------------------------------------------------------
                      00045 ;--------------------------------------------------------
                      00046 ; overlayable items in internal ram 
                      00047 ;--------------------------------------------------------
                      00048 ;       udata_ovr
                      00049 ;--------------------------------------------------------
                      00050 ; code
                      00051 ;--------------------------------------------------------
                      00052 code__moduchar  code
                      00053 ;***
                      00054 ;  pBlock Stats: dbName = C
                      00055 ;***
                      00056 ;entry:  __moduchar     ;Function start
                      00057 ; 2 exit points
                      00058 ;has an exit
                      00059 ;8 compiler assigned registers:
                      00060 ;   r0x1000
                      00061 ;   STK00
                      00062 ;   r0x1001
                      00063 ;   r0x1002
                      00064 ;   r0x1003
                      00065 ;   r0x1004
                      00066 ;   r0x1005
                      00067 ;   r0x1006
                      00068 ;; Starting pCode block
                      00069 ;;[ICODE] ../libsdcc/_moduchar.c:30:  _entry($12) :
                      00070 ;;[ICODE] ../libsdcc/_moduchar.c:30:    proc __moduchar [k1 lr0:0 so:0]{ ia0 a2p0 re0 rm0 nos0 ru0 dp0}{unsigned-char function ( unsigned-char fixed, unsigned-char fixed) fixed}
0000                  00071 __moduchar      ;Function start
                      00072 ; 2 exit points
                      00073 ;;[ICODE] ../libsdcc/_moduchar.c:30: iTemp0 [k2 lr3:33 so:0]{ ia0 a2p0 re1 rm0 nos0 ru0 dp0}{unsigned-char fixed}{ sir@ __moduchar_a_1_1}[r0x1000 ] = recv __moduchar [k1 lr0:0 so:0]{ ia0 a2p0 re0 rm0 nos0 ru0 dp0}{unsigned-char function ( unsigned-char fixed, unsigned-char fixed) fixed}
                      00074 ;       .line   30; "../libsdcc/_moduchar.c"    _moduchar (unsigned char a, unsigned char b)
0000   5600           00075         MOVRA   r0x1000
                      00076 ;;[ICODE] ../libsdcc/_moduchar.c:30: iTemp1 [k4 lr4:31 so:0]{ ia0 a2p0 re1 rm0 nos0 ru0 dp0}{unsigned-char fixed}{ sir@ __moduchar_b_1_1}[r0x1001 ] = recv __moduchar [k1 lr0:0 so:0]{ ia0 a2p0 re0 rm0 nos0 ru0 dp0}{unsigned-char function ( unsigned-char fixed, unsigned-char fixed) fixed}
0001   5800           00077         MOVAR   STK00
0002   5600           00078         MOVRA   r0x1001
                      00079 ;;[ICODE] ../libsdcc/_moduchar.c:35:    if iTemp1 [k4 lr4:31 so:0]{ ia0 a2p0 re1 rm0 nos0 ru0 dp0}{unsigned-char fixed}{ sir@ __moduchar_b_1_1}[r0x1001 ] != 0 goto preHeaderLbl0($15)
                      00080 ;       .line   35; "../libsdcc/_moduchar.c"    if (!b) return (unsigned char)-1;
0003   3C00           00081         MOVAI   0x00
0004   5C00           00082         ORAR    r0x1001
0005   E587           00083         JBSET   STATUS,2
0006   A000           00084         GOTO    _00119_DS_
                      00085 ;;[ICODE] ../libsdcc/_moduchar.c:35:    ret 0xff {unsigned-char literal}
0007   3CFF           00086         MOVAI   0xff
0008   A000           00087         GOTO    _00115_DS_
                      00088 ;;[ICODE] ../libsdcc/_moduchar.c:39:  preHeaderLbl0($15) :
                      00089 ;;[ICODE] ../libsdcc/_moduchar.c:39:    iTemp6 [k11 lr8:19 so:0]{ ia0 a2p0 re0 rm0 nos0 ru0 dp0}{unsigned-char fixed}{ sir@ __moduchar_count_1_2}[r0x1002 ] := 0x1 {const-unsigned-char literal}
0009                  00090 _00119_DS_
                      00091 ;       .line   39; "../libsdcc/_moduchar.c"    while (!(b & (1UL << (8*sizeof(unsigned char)-1)))) {
0009   3C01           00092         MOVAI   0x01
000A   5600           00093         MOVRA   r0x1002
                      00094 ;;[ICODE] ../libsdcc/_moduchar.c:39:  _whilecontinue_0($3) :
                      00095 ;;[ICODE] ../libsdcc/_moduchar.c:39:    iTemp3 [k8 lr11:12 so:0]{ ia0 a2p0 re0 rm0 nos0 ru0 dp0}{unsigned-long-int register}[r0x1003 r0x1004 r0x1005 r0x1006 ] = (unsigned-long-int register)iTemp1 [k4 lr4:31 so:0]{ ia0 a2p0 re1 rm0 nos0 ru0 dp0}{unsigned-char fixed}{ sir@ __moduchar_b_1_1}[r0x1001 ]
000B                  00096 _00107_DS_
000B   5800           00097         MOVAR   r0x1001
000C   5600           00098         MOVRA   r0x1003
                      00099 ;;1     CLRR    r0x1004
                      00100 ;;1     CLRR    r0x1005
                      00101 ;;1     CLRR    r0x1006
                      00102 ;;[ICODE] ../libsdcc/_moduchar.c:39:    iTemp4 [k9 lr12:13 so:0]{ ia0 a2p0 re0 rm0 nos0 ru0 dp0}{unsigned-long-int register} = iTemp3 [k8 lr11:12 so:0]{ ia0 a2p0 re0 rm0 nos0 ru0 dp0}{unsigned-long-int register}[r0x1003 r0x1004 r0x1005 r0x1006 ] & 0x80 {unsigned-long-int literal}
000D   FE00           00103         JBCLR   r0x1003,7
000E   A000           00104         GOTO    _00112_DS_
                      00105 ;;[ICODE] ../libsdcc/_moduchar.c:39:    if iTemp4 [k9 lr12:13 so:0]{ ia0 a2p0 re0 rm0 nos0 ru0 dp0}{unsigned-long-int register} != 0 goto preHeaderLbl1($18)
                      00106 ;;[ICODE] ../libsdcc/_moduchar.c:40:    iTemp1 [k4 lr4:31 so:0]{ ia0 a2p0 re1 rm0 nos0 ru0 dp0}{unsigned-char fixed}{ sir@ __moduchar_b_1_1}[r0x1001 ] = iTemp1 [k4 lr4:31 so:0]{ ia0 a2p0 re1 rm0 nos0 ru0 dp0}{unsigned-char fixed}{ sir@ __moduchar_b_1_1}[r0x1001 ] << 0x1 {const-unsigned-char literal}
                      00107 ;       .line   40; "../libsdcc/_moduchar.c"    b <<= 1;
000F   D187           00108         BCLR    STATUS,0
0010   5200           00109         RLR     r0x1001
                      00110 ;;[ICODE] ../libsdcc/_moduchar.c:41:    iTemp6 [k11 lr8:19 so:0]{ ia0 a2p0 re0 rm0 nos0 ru0 dp0}{unsigned-char fixed}{ sir@ __moduchar_count_1_2}[r0x1002 ] = iTemp6 [k11 lr8:19 so:0]{ ia0 a2p0 re0 rm0 nos0 ru0 dp0}{unsigned-char fixed}{ sir@ __moduchar_count_1_2}[r0x1002 ] + 0x1 {const-unsigned-char literal}
                      00111 ;       .line   41; "../libsdcc/_moduchar.c"    ++count;
0011   6600           00112         INCR    r0x1002
                      00113 ;;[ICODE] ../libsdcc/_moduchar.c:41:     goto _whilecontinue_0($3)
0012   A000           00114         GOTO    _00107_DS_
                      00115 ;;[ICODE] ../libsdcc/_moduchar.c:45:  preHeaderLbl1($18) :
                      00116 ;;[ICODE] ../libsdcc/_moduchar.c:45:    iTemp10 [k15 lr19:31 so:0]{ ia0 a2p0 re0 rm0 nos0 ru0 dp0}{unsigned-char fixed}{ sir@ __moduchar_count_1_2}[r0x1002 ] := iTemp6 [k11 lr8:19 so:0]{ ia0 a2p0 re0 rm0 nos0 ru0 dp0}{unsigned-char fixed}{ sir@ __moduchar_count_1_2}[r0x1002 ]
                      00117 ;;[ICODE] ../libsdcc/_moduchar.c:45:  _whilecontinue_1($8) :
                      00118 ;;[ICODE] ../libsdcc/_moduchar.c:45:    if iTemp10 [k15 lr19:31 so:0]{ ia0 a2p0 re0 rm0 nos0 ru0 dp0}{unsigned-char fixed}{ sir@ __moduchar_count_1_2}[r0x1002 ] == 0 goto _whilebreak_1($10)
0013                  00119 _00112_DS_
                      00120 ;       .line   45; "../libsdcc/_moduchar.c"    while (count) {
0013   3C00           00121         MOVAI   0x00
0014   5C00           00122         ORAR    r0x1002
0015   F587           00123         JBCLR   STATUS,2
0016   A000           00124         GOTO    _00114_DS_
                      00125 ;;[ICODE] ../libsdcc/_moduchar.c:46:    iTemp7 [k12 lr23:24 so:0]{ ia0 a2p0 re0 rm0 nos0 ru0 dp0}{char fixed} = iTemp0 [k2 lr3:33 so:0]{ ia0 a2p0 re1 rm0 nos0 ru0 dp0}{unsigned-char fixed}{ sir@ __moduchar_a_1_1}[r0x1000 ] < iTemp1 [k4 lr4:31 so:0]{ ia0 a2p0 re1 rm0 nos0 ru0 dp0}{unsigned-char fixed}{ sir@ __moduchar_b_1_1}[r0x1001 ]
                      00126 ;       .line   46; "../libsdcc/_moduchar.c"    if (a >= b) {
0017   5800           00127         MOVAR   r0x1001
0018   4800           00128         RSUBAR  r0x1000
0019   E187           00129         JBSET   STATUS,0
001A   A000           00130         GOTO    _00111_DS_
                      00131 ;;genSkipc:3246: created from rifx:0xbfeaf270
                      00132 ;;[ICODE] ../libsdcc/_moduchar.c:46:    if iTemp7 [k12 lr23:24 so:0]{ ia0 a2p0 re0 rm0 nos0 ru0 dp0}{char fixed} != 0 goto _iffalse_1($7)
                      00133 ;;[ICODE] ../libsdcc/_moduchar.c:47:    iTemp0 [k2 lr3:33 so:0]{ ia0 a2p0 re1 rm0 nos0 ru0 dp0}{unsigned-char fixed}{ sir@ __moduchar_a_1_1}[r0x1000 ] = iTemp0 [k2 lr3:33 so:0]{ ia0 a2p0 re1 rm0 nos0 ru0 dp0}{unsigned-char fixed}{ sir@ __moduchar_a_1_1}[r0x1000 ] - iTemp1 [k4 lr4:31 so:0]{ ia0 a2p0 re1 rm0 nos0 ru0 dp0}{unsigned-char fixed}{ sir@ __moduchar_b_1_1}[r0x1001 ]
                      00134 ;       .line   47; "../libsdcc/_moduchar.c"    a -= b;
001B   5800           00135         MOVAR   r0x1001
001C   4A00           00136         RSUBRA  r0x1000
                      00137 ;;[ICODE] ../libsdcc/_moduchar.c:47:  _iffalse_1($7) :
                      00138 ;;[ICODE] ../libsdcc/_moduchar.c:49:    iTemp1 [k4 lr4:31 so:0]{ ia0 a2p0 re1 rm0 nos0 ru0 dp0}{unsigned-char fixed}{ sir@ __moduchar_b_1_1}[r0x1001 ] = iTemp1 [k4 lr4:31 so:0]{ ia0 a2p0 re1 rm0 nos0 ru0 dp0}{unsigned-char fixed}{ sir@ __moduchar_b_1_1}[r0x1001 ] >> 0x1 {const-unsigned-char literal}
                      00139 ;;shiftRight_Left2ResultLit:5278: shCount=1, size=1, sign=0, same=1, offr=0
001D                  00140 _00111_DS_
                      00141 ;       .line   49; "../libsdcc/_moduchar.c"    b >>= 1;
001D   D187           00142         BCLR    STATUS,0
001E   4E00           00143         RRR     r0x1001
                      00144 ;;[ICODE] ../libsdcc/_moduchar.c:50:    iTemp10 [k15 lr19:31 so:0]{ ia0 a2p0 re0 rm0 nos0 ru0 dp0}{unsigned-char fixed}{ sir@ __moduchar_count_1_2}[r0x1002 ] = iTemp10 [k15 lr19:31 so:0]{ ia0 a2p0 re0 rm0 nos0 ru0 dp0}{unsigned-char fixed}{ sir@ __moduchar_count_1_2}[r0x1002 ] - 0x1 {const-unsigned-char literal}
                      00145 ;       .line   50; "../libsdcc/_moduchar.c"    --count;
001F   6E00           00146         DECR    r0x1002
                      00147 ;;[ICODE] ../libsdcc/_moduchar.c:50:     goto _whilecontinue_1($8)
0020   A000           00148         GOTO    _00112_DS_
                      00149 ;;[ICODE] ../libsdcc/_moduchar.c:50:  _whilebreak_1($10) :
                      00150 ;;[ICODE] ../libsdcc/_moduchar.c:53:    ret iTemp0 [k2 lr3:33 so:0]{ ia0 a2p0 re1 rm0 nos0 ru0 dp0}{unsigned-char fixed}{ sir@ __moduchar_a_1_1}[r0x1000 ]
0021                  00151 _00114_DS_
                      00152 ;       .line   53; "../libsdcc/_moduchar.c"    return a;
0021   5800           00153         MOVAR   r0x1000
                      00154 ;;[ICODE] ../libsdcc/_moduchar.c:53:  _return($11) :
                      00155 ;;[ICODE] ../libsdcc/_moduchar.c:53:    eproc __moduchar [k1 lr0:0 so:0]{ ia0 a2p0 re0 rm0 nos0 ru0 dp0}{unsigned-char function ( unsigned-char fixed, unsigned-char fixed) fixed}
0022                  00156 _00115_DS_
0022   000C           00157         RETURN  
                      00158 ; exit point of __moduchar
                      00159 
                      00160 
                      00161 ;       code size estimation:
                      00162 ;          35+    0 =    35 instructions (   70 byte)
                      00163 
                      00164         end
gpasm-1.9.2 (Mar 15 2017)    _moduchar.asm      2017-3-15  14:00:20          PAGE  2


SYMBOL TABLE
  LABEL                             VALUE

ADCR0                             000001B8
ADCR1                             000001B9
ADRH                              000001BC
ADRL                              000001BD
ANSEL                             000001BE
FSR                               00000184
FSR0                              00000184
FSR1                              00000185
HIBYTE                            00000183
INDF                              00000180
INDF0                             00000180
INDF1                             00000181
INDF2                             00000182
INDF3                             00000189
INTE                              0000018A
INTF                              0000018B
IOP0                              00000190
IOP1                              00000194
IOP2                              00000198
LCDCR0                            000001C2
LCDCR1                            000001C3
LCDIOS0                           000001C4
LCDIOS1                           000001C5
LCDIOS2                           000001C6
LEDCR0                            000001C0
LEDCR1                            000001C1
MCR                               00000188
OEP0                              00000191
OEP1                              00000195
OEP2                              00000199
OSCM                              0000018C
PCL                               00000186
PFLAG                             00000187
PUP0                              00000192
PUP1                              00000196
PUP2                              0000019A
PWM0DE                            000001B0
PWM1DE                            000001B1
PWM2DE                            000001B0
PWMCR0                            000001B4
PWMCR1                            000001B5
STATUS                            00000187
STK00                             00000000
STK01                             00000000
STK02                             00000000
STK03                             00000000
STK04                             00000000
STK05                             00000000
STK06                             00000000
T0CNT                             000001A1
T0CR                              000001A0
T0DATA                            000001A3
T0LOAD                            000001A2
T1CNT                             000001A5
T1CR                              000001A4
T1DATA                            000001A7
T1LOAD                            000001A6
T2CNT                             000001A9
T2CR                              000001A8
T2DATA                            000001AB
T2LOAD                            000001AA
T3CNT                             000001AD
T3CR                              000001AC
T3LOAD                            000001AE
_00107_DS_                        0000000B
_00111_DS_                        0000001D
_00112_DS_                        00000013
_00114_DS_                        00000021
_00115_DS_                        00000022
_00119_DS_                        00000009
_CONFIG0                          00008000
_CONFIG1                          00008001
__8K7323                          00000001
__moduchar                        00000000
r0x1000                           00000000
r0x1001                           00000001
r0x1002                           00000002
r0x1003                           00000003
ADEOC                             ADCR0,1
ADIE                              INTE,6
ADIF                              INTF,6
ADON                              ADCR0,0
ADRSEL                            ADCR1,7
BUZ0OE                            T0CR,5
BUZ1OE                            T1CR,5
BUZ2OE                            T2CR,5
C                                 PFLAG,0
CLKS                              OSCM,2
DC                                PFLAG,1
DISPS                             LCDCR0,7
DRVPS                             LEDCR1,7
FPWM1INV                          PWMCR0,5
FPWMEN                            PWMCR0,7
GIE                               MCR,7
HFEN                              OSCM,0
INT0IE                            INTE,2
INT0IF                            INTF,2
INT1IE                            INTE,3
INT1IF                            INTF,3
LCDBS                             LCDCR1,4
LCDCKS                            LCDCR1,2
LCDEN                             LCDCR0,5
LCDM                              LCDCR1,3
LCDSPEED                          LCDCR0,2
LEDCKS                            LEDCR1,6
LEDEN                             LEDCR0,7
LFEN                              OSCM,1
P00D                              IOP0,0
P00OE                             OEP0,0
P00PU                             PUP0,0
P01D                              IOP0,1
P01OE                             OEP0,1
P01PU                             PUP0,1
P02D                              IOP0,2
P02OE                             OEP0,2
P02PU                             PUP0,2
P03D                              IOP0,3
P03OE                             OEP0,3
P03PU                             PUP0,3
P04D                              IOP0,4
P04OE                             OEP0,4
P04PU                             PUP0,4
P05D                              IOP0,5
P05OE                             OEP0,5
P05PU                             PUP0,5
P06ANS                            ANSEL,6
P06D                              IOP0,6
P06OE                             OEP0,6
P07D                              IOP0,7
P07OE                             OEP0,7
P10D                              IOP1,0
P10OE                             OEP1,0
P10PU                             PUP1,0
P11D                              IOP1,1
P11OE                             OEP1,1
P11PU                             PUP1,1
P12D                              IOP1,2
P12OE                             OEP1,2
P12PU                             PUP1,2
P13ANS                            ANSEL,7
P13D                              IOP1,3
P13OE                             OEP1,3
P13PU                             PUP1,3
P14ANS                            ANSEL,0
P14D                              IOP1,4
P14OE                             OEP1,4
P14PU                             PUP1,4
P15ANS                            ANSEL,1
P15D                              IOP1,5
P15OE                             OEP1,5
P15PU                             PUP1,5
P16ANS                            ANSEL,2
P16D                              IOP1,6
P16OE                             OEP1,6
P16PU                             PUP1,6
P17ANS                            ANSEL,3
P17D                              IOP1,7
P17OE                             OEP1,7
P17PU                             PUP1,7
P20D                              IOP2,0
P20OE                             OEP2,0
P20PU                             PUP2,0
P21D                              IOP2,1
P21OE                             OEP2,1
P21PU                             PUP2,1
P22D                              IOP2,2
P22OE                             OEP2,2
P22PU                             PUP2,2
P23ANS                            ANSEL,4
P23D                              IOP2,3
P23OE                             OEP2,3
P23PU                             PUP2,3
P24ANS                            ANSEL,5
P24D                              IOP2,4
P24OE                             OEP2,4
P24PU                             PUP2,4
P25D                              IOP2,5
P25OE                             OEP2,5
P25PU                             PUP2,5
P26D                              IOP2,6
P26OE                             OEP2,6
P26PU                             PUP2,6
P27D                              IOP2,7
P27OE                             OEP2,7
P27PU                             PUP2,7
PD                                MCR,4
PWM0INV                           PWMCR0,4
PWM0OE                            T0CR,6
PWM1OE                            T1CR,6
PWM2INV                           PWMCR0,6
PWM2OE                            T2CR,6
SEGIOS1                           LCDIOS2,0
SEGIOS10                          LCDIOS1,1
SEGIOS2                           LCDIOS2,1
SEGIOS3                           LCDIOS2,2
SEGIOS4                           LCDIOS2,3
SEGIOS6                           LCDIOS2,5
SEGIOS7                           LCDIOS2,6
SEGIOS8                           LCDIOS2,7
SEGIOS9                           LCDIOS1,0
STBH                              OSCM,4
STBL                              OSCM,5
T0IE                              INTE,0
T0IF                              INTF,0
T1IE                              INTE,1
T1IF                              INTF,1
T2IE                              INTE,5
T2IF                              INTF,5
TC0EN                             T0CR,7
TC1EN                             T1CR,7
TC2EN                             T2CR,7
TC3EN                             T3CR,7
TO                                MCR,5
Z                                 PFLAG,2

Errors   :     0
Warnings :     0 reported,     0 suppressed
Messages :     1 reported,     0 suppressed

