gpasm-1.9.2 (Mar 15 2017)    uchar2fs.asm       2017-3-15  14:00:20          PAGE  1


LOC  OBJECT CODE     LINE SOURCE TEXT
  VALUE

                      00001 ;--------------------------------------------------------
                      00002 ; File Created by SN-SDCC : ANSI-C Compiler
                      00003 ; Version 0.0.4 (Nov 23 2015) (Linux)
                      00004 ; This file was generated Wed Mar 15 14:00:20 2017
                      00005 ;--------------------------------------------------------
                      00006 ; MC3X port for the RISC core
                      00007 ;--------------------------------------------------------
                      00008 ;       .file   "../libsdcc/uchar2fs.c"
                      00009         list    p=8K7323
                      00010         radix dec
                      00011         include "8K7323.inc"
                      00001                 LIST
                      00002 ;8K7323.inc    Standard Header File, Version 1.00 by Sinomcu
Message[301]: Processor-header file mismatch.  Verify selected processor.
                      00341                 LIST
                      00012 ;--------------------------------------------------------
                      00013 ; external declarations
                      00014 ;--------------------------------------------------------
                      00015         extern  ___schar2fs
                      00016         extern  ___uint2fs
                      00017         extern  ___sint2fs
                      00018         extern  ___ulong2fs
                      00019         extern  ___slong2fs
                      00020         extern  ___fs2uchar
                      00021         extern  ___fs2schar
                      00022         extern  ___fs2uint
                      00023         extern  ___fs2sint
                      00024         extern  ___fs2ulong
                      00025         extern  ___fs2slong
                      00026         extern  ___fsadd
                      00027         extern  ___fssub
                      00028         extern  ___fsmul
                      00029         extern  ___fsdiv
                      00030         extern  ___fslt
                      00031         extern  ___fseq
                      00032         extern  ___fsneq
                      00033         extern  ___fsgt
                      00034 
                      00035         extern STK06
                      00036         extern STK05
                      00037         extern STK04
                      00038         extern STK03
                      00039         extern STK02
                      00040         extern STK01
                      00041         extern STK00
                      00042 ;--------------------------------------------------------
                      00043 ; global declarations
                      00044 ;--------------------------------------------------------
                      00045         global  ___uchar2fs
                      00046 
                      00047 ;--------------------------------------------------------
                      00048 ; global definitions
                      00049 ;--------------------------------------------------------
                      00050 ;--------------------------------------------------------
                      00051 ; absolute symbol definitions
                      00052 ;--------------------------------------------------------
                      00053 ;--------------------------------------------------------
                      00054 ; compiler-defined variables
                      00055 ;--------------------------------------------------------
                      00056 UDL_uchar2fs_0  udata
0000                  00057 r0x1000 res     1
0000                  00058 r0x1001 res     1
0001                  00059 r0x1002 res     1
0001                  00060 r0x1003 res     1
                      00061 ;--------------------------------------------------------
                      00062 ; initialized data
                      00063 ;--------------------------------------------------------
                      00064 ;--------------------------------------------------------
                      00065 ; overlayable items in internal ram 
                      00066 ;--------------------------------------------------------
                      00067 ;       udata_ovr
                      00068 ;--------------------------------------------------------
                      00069 ; code
                      00070 ;--------------------------------------------------------
                      00071 code_uchar2fs   code
                      00072 ;***
                      00073 ;  pBlock Stats: dbName = C
                      00074 ;***
                      00075 ;entry:  ___uchar2fs    ;Function start
                      00076 ; 2 exit points
                      00077 ;has an exit
                      00078 ;functions called:
                      00079 ;   ___ulong2fs
                      00080 ;   ___ulong2fs
                      00081 ;8 compiler assigned registers:
                      00082 ;   r0x1000
                      00083 ;   r0x1001
                      00084 ;   r0x1002
                      00085 ;   r0x1003
                      00086 ;   r0x1004
                      00087 ;   STK02
                      00088 ;   STK01
                      00089 ;   STK00
                      00090 ;; Starting pCode block
                      00091 ;;[ICODE] ../libsdcc/uchar2fs.c:33:  _entry($2) :
                      00092 ;;[ICODE] ../libsdcc/uchar2fs.c:33:     proc ___uchar2fs [k1 lr0:0 so:0]{ ia0 a2p0 re0 rm0 nos0 ru0 dp0}{float function ( unsigned-char fixed) fixed}
0000                  00093 ___uchar2fs     ;Function start
                      00094 ; 2 exit points
                      00095 ;;[ICODE] ../libsdcc/uchar2fs.c:33: iTemp0 [k2 lr3:4 so:0]{ ia0 a2p0 re1 rm0 nos0 ru0 dp0}{unsigned-char fixed}{ sir@ ___uchar2fs_uc_1_21}[r0x1000 ] = recv ___uchar2fs [k1 lr0:0 so:0]{ ia0 a2p0 re0 rm0 nos0 ru0 dp0}{float function ( unsigned-char fixed) fixed}
0000   5600           00096         MOVRA   r0x1001
                      00097 ;       .line   33; "../libsdcc/uchar2fs.c"     float __uchar2fs (unsigned char uc) _FS_REENTRANT
0001   5600           00098         MOVRA   r0x1000
                      00099 ;;[ICODE] ../libsdcc/uchar2fs.c:35:     iTemp1 [k5 lr4:5 so:0]{ ia0 a2p0 re0 rm0 nos0 ru1 dp0}{unsigned-long-int fixed}[r0x1001 r0x1002 r0x1003 r0x1004 ] = (unsigned-long-int fixed)iTemp0 [k2 lr3:4 so:0]{ ia0 a2p0 re1 rm0 nos0 ru0 dp0}{unsigned-char fixed}{ sir@ ___uchar2fs_uc_1_21}[r0x1000 ]
                      00100 ;;99    MOVAR   r0x1000
                      00101 ;       .line   35; "../libsdcc/uchar2fs.c"     return __ulong2fs(uc);
0002   7600           00102         CLRR    r0x1002
0003   7600           00103         CLRR    r0x1003
                      00104 ;;1     CLRR    r0x1004
                      00105 ;;[ICODE] ../libsdcc/uchar2fs.c:35:     send iTemp1 [k5 lr4:5 so:0]{ ia0 a2p0 re0 rm0 nos0 ru1 dp0}{unsigned-long-int fixed}[r0x1001 r0x1002 r0x1003 r0x1004 ]{argreg = 1}
                      00106 ;;[ICODE] ../libsdcc/uchar2fs.c:35:     iTemp2 [k7 lr6:7 so:0]{ ia0 a2p0 re0 rm0 nos0 ru1 dp0}{float fixed}[r0x1000 r0x1001 r0x1002 r0x1003 ] = call ___ulong2fs [k4 lr0:0 so:0]{ ia0 a2p0 re0 rm0 nos0 ru0 dp0}{float function ( unsigned-long-int fixed) fixed}
0004   5800           00107         MOVAR   r0x1001
0005   5600           00108         MOVRA   STK02
0006   3C00           00109         MOVAI   0x00
0007   5600           00110         MOVRA   STK01
0008   3C00           00111         MOVAI   0x00
0009   5600           00112         MOVRA   STK00
000A   3C00           00113         MOVAI   0x00
000B   8000           00114         CALL    ___ulong2fs
000C   5600           00115         MOVRA   r0x1003
000D   5800           00116         MOVAR   STK00
000E   5600           00117         MOVRA   r0x1002
000F   5800           00118         MOVAR   STK01
0010   5600           00119         MOVRA   r0x1001
0011   5800           00120         MOVAR   STK02
0012   5600           00121         MOVRA   r0x1000
                      00122 ;;[ICODE] ../libsdcc/uchar2fs.c:35:     ret iTemp2 [k7 lr6:7 so:0]{ ia0 a2p0 re0 rm0 nos0 ru1 dp0}{float fixed}[r0x1000 r0x1001 r0x1002 r0x1003 ]
0013   5800           00123         MOVAR   r0x1000
0014   5600           00124         MOVRA   STK02
0015   5800           00125         MOVAR   r0x1001
0016   5600           00126         MOVRA   STK01
0017   5800           00127         MOVAR   r0x1002
0018   5600           00128         MOVRA   STK00
0019   5800           00129         MOVAR   r0x1003
                      00130 ;;[ICODE] ../libsdcc/uchar2fs.c:35:  _return($1) :
                      00131 ;;[ICODE] ../libsdcc/uchar2fs.c:35:     eproc ___uchar2fs [k1 lr0:0 so:0]{ ia0 a2p0 re0 rm0 nos0 ru0 dp0}{float function ( unsigned-char fixed) fixed}
001A   000C           00132         RETURN  
                      00133 ; exit point of ___uchar2fs
                      00134 
                      00135 
                      00136 ;       code size estimation:
                      00137 ;          27+    0 =    27 instructions (   54 byte)
                      00138 
                      00139         end
gpasm-1.9.2 (Mar 15 2017)    uchar2fs.asm       2017-3-15  14:00:20          PAGE  2


SYMBOL TABLE
  LABEL                             VALUE

ADCR0                             000001B8
ADCR1                             000001B9
ADRH                              000001BC
ADRL                              000001BD
ANSEL                             000001BE
FSR                               00000184
FSR0                              00000184
FSR1                              00000185
HIBYTE                            00000183
INDF                              00000180
INDF0                             00000180
INDF1                             00000181
INDF2                             00000182
INDF3                             00000189
INTE                              0000018A
INTF                              0000018B
IOP0                              00000190
IOP1                              00000194
IOP2                              00000198
LCDCR0                            000001C2
LCDCR1                            000001C3
LCDIOS0                           000001C4
LCDIOS1                           000001C5
LCDIOS2                           000001C6
LEDCR0                            000001C0
LEDCR1                            000001C1
MCR                               00000188
OEP0                              00000191
OEP1                              00000195
OEP2                              00000199
OSCM                              0000018C
PCL                               00000186
PFLAG                             00000187
PUP0                              00000192
PUP1                              00000196
PUP2                              0000019A
PWM0DE                            000001B0
PWM1DE                            000001B1
PWM2DE                            000001B0
PWMCR0                            000001B4
PWMCR1                            000001B5
STATUS                            00000187
STK00                             00000000
STK01                             00000000
STK02                             00000000
STK03                             00000000
STK04                             00000000
STK05                             00000000
STK06                             00000000
T0CNT                             000001A1
T0CR                              000001A0
T0DATA                            000001A3
T0LOAD                            000001A2
T1CNT                             000001A5
T1CR                              000001A4
T1DATA                            000001A7
T1LOAD                            000001A6
T2CNT                             000001A9
T2CR                              000001A8
T2DATA                            000001AB
T2LOAD                            000001AA
T3CNT                             000001AD
T3CR                              000001AC
T3LOAD                            000001AE
_CONFIG0                          00008000
_CONFIG1                          00008001
__8K7323                          00000001
___fs2schar                       00000000
___fs2sint                        00000000
___fs2slong                       00000000
___fs2uchar                       00000000
___fs2uint                        00000000
___fs2ulong                       00000000
___fsadd                          00000000
___fsdiv                          00000000
___fseq                           00000000
___fsgt                           00000000
___fslt                           00000000
___fsmul                          00000000
___fsneq                          00000000
___fssub                          00000000
___schar2fs                       00000000
___sint2fs                        00000000
___slong2fs                       00000000
___uchar2fs                       00000000
___uint2fs                        00000000
___ulong2fs                       00000000
r0x1000                           00000000
r0x1001                           00000001
r0x1002                           00000002
r0x1003                           00000003
ADEOC                             ADCR0,1
ADIE                              INTE,6
ADIF                              INTF,6
ADON                              ADCR0,0
ADRSEL                            ADCR1,7
BUZ0OE                            T0CR,5
BUZ1OE                            T1CR,5
BUZ2OE                            T2CR,5
C                                 PFLAG,0
CLKS                              OSCM,2
DC                                PFLAG,1
DISPS                             LCDCR0,7
DRVPS                             LEDCR1,7
FPWM1INV                          PWMCR0,5
FPWMEN                            PWMCR0,7
GIE                               MCR,7
HFEN                              OSCM,0
INT0IE                            INTE,2
INT0IF                            INTF,2
INT1IE                            INTE,3
INT1IF                            INTF,3
LCDBS                             LCDCR1,4
LCDCKS                            LCDCR1,2
LCDEN                             LCDCR0,5
LCDM                              LCDCR1,3
LCDSPEED                          LCDCR0,2
LEDCKS                            LEDCR1,6
LEDEN                             LEDCR0,7
LFEN                              OSCM,1
P00D                              IOP0,0
P00OE                             OEP0,0
P00PU                             PUP0,0
P01D                              IOP0,1
P01OE                             OEP0,1
P01PU                             PUP0,1
P02D                              IOP0,2
P02OE                             OEP0,2
P02PU                             PUP0,2
P03D                              IOP0,3
P03OE                             OEP0,3
P03PU                             PUP0,3
P04D                              IOP0,4
P04OE                             OEP0,4
P04PU                             PUP0,4
P05D                              IOP0,5
P05OE                             OEP0,5
P05PU                             PUP0,5
P06ANS                            ANSEL,6
P06D                              IOP0,6
P06OE                             OEP0,6
P07D                              IOP0,7
P07OE                             OEP0,7
P10D                              IOP1,0
P10OE                             OEP1,0
P10PU                             PUP1,0
P11D                              IOP1,1
P11OE                             OEP1,1
P11PU                             PUP1,1
P12D                              IOP1,2
P12OE                             OEP1,2
P12PU                             PUP1,2
P13ANS                            ANSEL,7
P13D                              IOP1,3
P13OE                             OEP1,3
P13PU                             PUP1,3
P14ANS                            ANSEL,0
P14D                              IOP1,4
P14OE                             OEP1,4
P14PU                             PUP1,4
P15ANS                            ANSEL,1
P15D                              IOP1,5
P15OE                             OEP1,5
P15PU                             PUP1,5
P16ANS                            ANSEL,2
P16D                              IOP1,6
P16OE                             OEP1,6
P16PU                             PUP1,6
P17ANS                            ANSEL,3
P17D                              IOP1,7
P17OE                             OEP1,7
P17PU                             PUP1,7
P20D                              IOP2,0
P20OE                             OEP2,0
P20PU                             PUP2,0
P21D                              IOP2,1
P21OE                             OEP2,1
P21PU                             PUP2,1
P22D                              IOP2,2
P22OE                             OEP2,2
P22PU                             PUP2,2
P23ANS                            ANSEL,4
P23D                              IOP2,3
P23OE                             OEP2,3
P23PU                             PUP2,3
P24ANS                            ANSEL,5
P24D                              IOP2,4
P24OE                             OEP2,4
P24PU                             PUP2,4
P25D                              IOP2,5
P25OE                             OEP2,5
P25PU                             PUP2,5
P26D                              IOP2,6
P26OE                             OEP2,6
P26PU                             PUP2,6
P27D                              IOP2,7
P27OE                             OEP2,7
P27PU                             PUP2,7
PD                                MCR,4
PWM0INV                           PWMCR0,4
PWM0OE                            T0CR,6
PWM1OE                            T1CR,6
PWM2INV                           PWMCR0,6
PWM2OE                            T2CR,6
SEGIOS1                           LCDIOS2,0
SEGIOS10                          LCDIOS1,1
SEGIOS2                           LCDIOS2,1
SEGIOS3                           LCDIOS2,2
SEGIOS4                           LCDIOS2,3
SEGIOS6                           LCDIOS2,5
SEGIOS7                           LCDIOS2,6
SEGIOS8                           LCDIOS2,7
SEGIOS9                           LCDIOS1,0
STBH                              OSCM,4
STBL                              OSCM,5
T0IE                              INTE,0
T0IF                              INTF,0
T1IE                              INTE,1
T1IF                              INTF,1
T2IE                              INTE,5
T2IF                              INTF,5
TC0EN                             T0CR,7
TC1EN                             T1CR,7
TC2EN                             T2CR,7
TC3EN                             T3CR,7
TO                                MCR,5
Z                                 PFLAG,2

Errors   :     0
Warnings :     0 reported,     0 suppressed
Messages :     1 reported,     0 suppressed

