gpasm-1.9.7 (May 15 2017)    fs2sint.asm        2017-5-15  15:21:58          PAGE  1


LOC  OBJECT CODE     LINE SOURCE TEXT
  VALUE

                      00001 ;--------------------------------------------------------
                      00002 ; File Created by SN-SDCC : ANSI-C Compiler
                      00003 ; Version 0.0.4 (Nov 23 2015) (Linux)
                      00004 ; This file was generated Mon May 15 15:21:58 2017
                      00005 ;--------------------------------------------------------
                      00006 ; MC3X port for the RISC core
                      00007 ;--------------------------------------------------------
                      00008 ;       .file   "../libsdcc/fs2sint.c"
                      00009         list    p=9903
                      00010         radix dec
                      00011         include "9903.inc"
                      00001                 LIST
                      00002 ;mc9903.inc    Standard Header File, Version 1.00 by Sinomcu
Message[301]: Processor-header file mismatch.  Verify selected processor.
                      00344                 LIST
                      00012 ;--------------------------------------------------------
                      00013 ; external declarations
                      00014 ;--------------------------------------------------------
                      00015         extern  ___uchar2fs
                      00016         extern  ___schar2fs
                      00017         extern  ___uint2fs
                      00018         extern  ___sint2fs
                      00019         extern  ___ulong2fs
                      00020         extern  ___slong2fs
                      00021         extern  ___fs2uchar
                      00022         extern  ___fs2schar
                      00023         extern  ___fs2uint
                      00024         extern  ___fs2ulong
                      00025         extern  ___fs2slong
                      00026         extern  ___fsadd
                      00027         extern  ___fssub
                      00028         extern  ___fsmul
                      00029         extern  ___fsdiv
                      00030         extern  ___fslt
                      00031         extern  ___fseq
                      00032         extern  ___fsneq
                      00033         extern  ___fsgt
                      00034 
                      00035         extern STK06
                      00036         extern STK05
                      00037         extern STK04
                      00038         extern STK03
                      00039         extern STK02
                      00040         extern STK01
                      00041         extern STK00
                      00042 ;--------------------------------------------------------
                      00043 ; global declarations
                      00044 ;--------------------------------------------------------
                      00045         global  ___fs2sint
                      00046 
                      00047 ;--------------------------------------------------------
                      00048 ; global definitions
                      00049 ;--------------------------------------------------------
                      00050 ;--------------------------------------------------------
                      00051 ; absolute symbol definitions
                      00052 ;--------------------------------------------------------
                      00053 ;--------------------------------------------------------
                      00054 ; compiler-defined variables
                      00055 ;--------------------------------------------------------
                      00056 UDL_fs2sint_0   udata
0000                  00057 r0x1003 res     1
0000                  00058 r0x1002 res     1
0001                  00059 r0x1001 res     1
0001                  00060 r0x1000 res     1
                      00061 ;--------------------------------------------------------
                      00062 ; initialized data
                      00063 ;--------------------------------------------------------
                      00064 ;--------------------------------------------------------
                      00065 ; overlayable items in internal ram 
                      00066 ;--------------------------------------------------------
                      00067 ;       udata_ovr
                      00068 ;--------------------------------------------------------
                      00069 ; code
                      00070 ;--------------------------------------------------------
                      00071 code_fs2sint    code
                      00072 ;***
                      00073 ;  pBlock Stats: dbName = C
                      00074 ;***
                      00075 ;entry:  ___fs2sint     ;Function start
                      00076 ; 2 exit points
                      00077 ;has an exit
                      00078 ;functions called:
                      00079 ;   ___fs2slong
                      00080 ;   ___fs2slong
                      00081 ;9 compiler assigned registers:
                      00082 ;   r0x1000
                      00083 ;   STK00
                      00084 ;   r0x1001
                      00085 ;   STK01
                      00086 ;   r0x1002
                      00087 ;   STK02
                      00088 ;   r0x1003
                      00089 ;   r0x1004
                      00090 ;   r0x1005
                      00091 ;; Starting pCode block
                      00092 ;;[ICODE] ../libsdcc/fs2sint.c:33:  _entry($6) :
                      00093 ;;[ICODE] ../libsdcc/fs2sint.c:33:      proc ___fs2sint [k1 lr0:0 so:0]{ ia0 a2p0 re0 rm0 nos0 ru0 dp0}{int function ( float fixed) fixed}
0000                  00094 ___fs2sint      ;Function start
                      00095 ; 2 exit points
                      00096 ;;[ICODE] ../libsdcc/fs2sint.c:33: iTemp0 [k2 lr3:4 so:0]{ ia0 a2p0 re1 rm0 nos0 ru1 dp0}{float fixed}{ sir@ ___fs2sint_f_1_21}[r0x1000 r0x1001 r0x1002 r0x1003 ] = recv ___fs2sint [k1 lr0:0 so:0]{ ia0 a2p0 re0 rm0 nos0 ru0 dp0}{int function ( float fixed) fixed}
                      00097 ;       .line   33; "../libsdcc/fs2sint.c"      signed int __fs2sint (float f) _FS_REENTRANT
0000   5600           00098         MOVRA   r0x1000
0001   5800           00099         MOVAR   STK00
0002   5600           00100         MOVRA   r0x1001
0003   5800           00101         MOVAR   STK01
0004   5600           00102         MOVRA   r0x1002
0005   5800           00103         MOVAR   STK02
0006   5600           00104         MOVRA   r0x1003
                      00105 ;;[ICODE] ../libsdcc/fs2sint.c:35:      send iTemp0 [k2 lr3:4 so:0]{ ia0 a2p0 re1 rm0 nos0 ru1 dp0}{float fixed}{ sir@ ___fs2sint_f_1_21}[r0x1000 r0x1001 r0x1002 r0x1003 ]{argreg = 1}
                      00106 ;;[ICODE] ../libsdcc/fs2sint.c:35:      iTemp1 [k4 lr5:15 so:0]{ ia0 a2p0 re1 rm0 nos0 ru0 dp0}{long-int fixed}{ sir@ ___fs2sint_sl_1_22}[r0x1000 r0x1001 r0x1002 r0x1003 ] = call ___fs2slong [k6 lr0:0 so:0]{ ia0 a2p0 re0 rm0 nos0 ru0 dp0}{long-int function ( float fixed) fixed}
                      00107 ;       .line   35; "../libsdcc/fs2sint.c"      signed long sl=__fs2slong(f);
0007   5800           00108         MOVAR   r0x1003
0008   5600           00109         MOVRA   STK02
0009   5800           00110         MOVAR   r0x1002
000A   5600           00111         MOVRA   STK01
000B   5800           00112         MOVAR   r0x1001
000C   5600           00113         MOVRA   STK00
000D   5800           00114         MOVAR   r0x1000
000E   8000           00115         CALL    ___fs2slong
000F   5600           00116         MOVRA   r0x1000
0010   5800           00117         MOVAR   STK00
0011   5600           00118         MOVRA   r0x1001
0012   5800           00119         MOVAR   STK01
0013   5600           00120         MOVRA   r0x1002
0014   5800           00121         MOVAR   STK02
0015   5600           00122         MOVRA   r0x1003
                      00123 ;;[ICODE] ../libsdcc/fs2sint.c:36:      iTemp3 [k9 lr7:8 so:0]{ ia0 a2p0 re0 rm0 nos0 ru0 dp0}{char fixed} = iTemp1 [k4 lr5:15 so:0]{ ia0 a2p0 re1 rm0 nos0 ru0 dp0}{long-int fixed}{ sir@ ___fs2sint_sl_1_22}[r0x1000 r0x1001 r0x1002 r0x1003 ] < 0x7fff {long-int literal}
                      00124 ;;signed compare: left < lit(0x7FFF=32767), size=4, mask=ffffffff
                      00125 ;       .line   36; "../libsdcc/fs2sint.c"      if (sl>=INT_MAX)
0016   5800           00126         MOVAR   r0x1000
0017   3F80           00127         ADDAI   0x80
0018   3F80           00128         ADDAI   0x80
0019   E587           00129         JBSET   STATUS,2
001A   A000           00130         GOTO    _00115_DS_
001B   3C00           00131         MOVAI   0x00
001C   4800           00132         RSUBAR  r0x1001
001D   E587           00133         JBSET   STATUS,2
001E   A000           00134         GOTO    _00115_DS_
001F   3C7F           00135         MOVAI   0x7f
0020   4800           00136         RSUBAR  r0x1002
0021   E587           00137         JBSET   STATUS,2
0022   A000           00138         GOTO    _00115_DS_
0023   3CFF           00139         MOVAI   0xff
0024   4800           00140         RSUBAR  r0x1003
0025                  00141 _00115_DS_
0025   E187           00142         JBSET   STATUS,0
0026   A000           00143         GOTO    _00106_DS_
                      00144 ;;genSkipc:3246: created from rifx:0xbfef2e90
                      00145 ;;[ICODE] ../libsdcc/fs2sint.c:36:      if iTemp3 [k9 lr7:8 so:0]{ ia0 a2p0 re0 rm0 nos0 ru0 dp0}{char fixed} != 0 goto _iffalse_0($2)
                      00146 ;;[ICODE] ../libsdcc/fs2sint.c:37:      ret 0x7fff {const-int literal}
                      00147 ;       .line   37; "../libsdcc/fs2sint.c"      return INT_MAX;
0027   3CFF           00148         MOVAI   0xff
0028   5600           00149         MOVRA   STK00
0029   3C7F           00150         MOVAI   0x7f
002A   A000           00151         GOTO    _00109_DS_
                      00152 ;;[ICODE] ../libsdcc/fs2sint.c:37:  _iffalse_0($2) :
                      00153 ;;[ICODE] ../libsdcc/fs2sint.c:38:      iTemp4 [k10 lr11:12 so:0]{ ia0 a2p0 re0 rm0 nos0 ru0 dp0}{char fixed} = iTemp1 [k4 lr5:15 so:0]{ ia0 a2p0 re1 rm0 nos0 ru0 dp0}{long-int fixed}{ sir@ ___fs2sint_sl_1_22}[r0x1000 r0x1001 r0x1002 r0x1003 ] > 0xffff8000 {const-long-int literal}
                      00154 ;;swapping arguments (AOP_TYPEs 1/2)
                      00155 ;;signed compare: left >= lit(0xFFFF8001=-32767), size=4, mask=ffffffff
002B                  00156 _00106_DS_
                      00157 ;       .line   38; "../libsdcc/fs2sint.c"      if (sl<=INT_MIN) 
002B   5800           00158         MOVAR   r0x1000
002C   3F80           00159         ADDAI   0x80
002D   3F81           00160         ADDAI   0x81
002E   E587           00161         JBSET   STATUS,2
002F   A000           00162         GOTO    _00116_DS_
0030   3CFF           00163         MOVAI   0xff
0031   4800           00164         RSUBAR  r0x1001
0032   E587           00165         JBSET   STATUS,2
0033   A000           00166         GOTO    _00116_DS_
0034   3C80           00167         MOVAI   0x80
0035   4800           00168         RSUBAR  r0x1002
0036   E587           00169         JBSET   STATUS,2
0037   A000           00170         GOTO    _00116_DS_
0038   3C01           00171         MOVAI   0x01
0039   4800           00172         RSUBAR  r0x1003
003A                  00173 _00116_DS_
003A   F187           00174         JBCLR   STATUS,0
003B   A000           00175         GOTO    _00108_DS_
                      00176 ;;genSkipc:3246: created from rifx:0xbfef2e90
                      00177 ;;[ICODE] ../libsdcc/fs2sint.c:38:      if iTemp4 [k10 lr11:12 so:0]{ ia0 a2p0 re0 rm0 nos0 ru0 dp0}{char fixed} != 0 goto _iffalse_1($4)
                      00178 ;;[ICODE] ../libsdcc/fs2sint.c:39:      ret 0xffff8000 {int literal}
                      00179 ;       .line   39; "../libsdcc/fs2sint.c"      return -INT_MIN;
003C   3C00           00180         MOVAI   0x00
003D   5600           00181         MOVRA   STK00
003E   3C80           00182         MOVAI   0x80
003F   A000           00183         GOTO    _00109_DS_
                      00184 ;;[ICODE] ../libsdcc/fs2sint.c:39:  _iffalse_1($4) :
                      00185 ;;[ICODE] ../libsdcc/fs2sint.c:40:      iTemp5 [k11 lr15:16 so:0]{ ia0 a2p0 re0 rm0 nos0 ru1 dp0}{int fixed}[r0x1004 r0x1005 ] = (int fixed)iTemp1 [k4 lr5:15 so:0]{ ia0 a2p0 re1 rm0 nos0 ru0 dp0}{long-int fixed}{ sir@ ___fs2sint_sl_1_22}[r0x1000 r0x1001 r0x1002 r0x1003 ]
                      00186 ;;101   MOVAR   r0x1003
                      00187 ;;99    MOVRA   r0x1004
                      00188 ;;104   MOVAR   r0x1002
                      00189 ;;102   MOVRA   r0x1005
                      00190 ;;[ICODE] ../libsdcc/fs2sint.c:40:      ret iTemp5 [k11 lr15:16 so:0]{ ia0 a2p0 re0 rm0 nos0 ru1 dp0}{int fixed}[r0x1004 r0x1005 ]
                      00191 ;;100   MOVAR   r0x1004
0040                  00192 _00108_DS_
                      00193 ;       .line   40; "../libsdcc/fs2sint.c"      return sl;
0040   5800           00194         MOVAR   r0x1003
0041   5600           00195         MOVRA   STK00
                      00196 ;;103   MOVAR   r0x1005
0042   5800           00197         MOVAR   r0x1002
                      00198 ;;[ICODE] ../libsdcc/fs2sint.c:40:  _return($5) :
                      00199 ;;[ICODE] ../libsdcc/fs2sint.c:40:      eproc ___fs2sint [k1 lr0:0 so:0]{ ia0 a2p0 re0 rm0 nos0 ru0 dp0}{int function ( float fixed) fixed}
0043                  00200 _00109_DS_
0043   000C           00201         RETURN  
                      00202 ; exit point of ___fs2sint
                      00203 
                      00204 
                      00205 ;       code size estimation:
                      00206 ;          68+    0 =    68 instructions (  136 byte)
                      00207 
                      00208         end
gpasm-1.9.7 (May 15 2017)    fs2sint.asm        2017-5-15  15:21:58          PAGE  2


SYMBOL TABLE
  LABEL                             VALUE

ADCR0                             000001B8
ADCR1                             000001B9
ADIOS0                            000001BC
ADIOS1                            000001BD
ADRH                              000001BA
ADRL                              000001BB
EEAR                              000001B6
EECR                              000001B4
EEDR                              000001B7
EEMASK                            000001B5
FSR                               00000184
FSR0                              00000184
FSR1                              00000185
HIBYTE                            00000183
IICCR                             000001B0
IICDR                             000001B2
IICSR                             000001B1
INDF                              00000180
INDF0                             00000180
INDF1                             00000181
INDF2                             00000182
INDF3                             00000189
INTE                              0000018A
INTF                              0000018B
IOP0                              00000190
IOP1                              00000194
IOP2                              00000198
KBCR                              0000018F
MCR                               00000188
OEP0                              00000191
OEP1                              00000195
OEP2                              00000199
OSADJCR                           000001BE
OSCM                              0000018C
PCL                               00000186
PFLAG                             00000187
PUP0                              00000192
PUP1                              00000196
PUP2                              0000019A
STATUS                            00000187
STK00                             00000000
STK01                             00000000
STK02                             00000000
STK03                             00000000
STK04                             00000000
STK05                             00000000
STK06                             00000000
T0CNT                             000001A1
T0CR                              000001A0
T0DATA                            000001A3
T0LOAD                            000001A2
T1CNTH                            000001A9
T1CNTL                            000001AA
T1CR                              000001A8
T1DATAH                           000001AD
T1DATAL                           000001AE
T1LOADH                           000001AB
T1LOADL                           000001AC
_00106_DS_                        0000002B
_00108_DS_                        00000040
_00109_DS_                        00000043
_00115_DS_                        00000025
_00116_DS_                        0000003A
_CONFIG0                          00001FE0
_CONFIG1                          00001FE1
__9903                            00000001
___fs2schar                       00000000
___fs2sint                        00000000
___fs2slong                       00000000
___fs2uchar                       00000000
___fs2uint                        00000000
___fs2ulong                       00000000
___fsadd                          00000000
___fsdiv                          00000000
___fseq                           00000000
___fsgt                           00000000
___fslt                           00000000
___fsmul                          00000000
___fsneq                          00000000
___fssub                          00000000
___schar2fs                       00000000
___sint2fs                        00000000
___slong2fs                       00000000
___uchar2fs                       00000000
___uint2fs                        00000000
___ulong2fs                       00000000
r0x1000                           00000003
r0x1001                           00000002
r0x1002                           00000001
r0x1003                           00000000
ADCHS0                            ADCR0,4
ADCHS1                            ADCR0,5
ADCHS2                            ADCR0,6
ADCHS3                            ADCR0,7
ADCKS0                            ADCR1,4
ADCKS1                            ADCR1,5
ADEN                              ADCR0,0
ADEOC                             ADCR0,1
ADIE                              INTE,6
ADIF                              INTF,6
ADRSEL                            ADCR1,7
ADSPS0                            ADCR1,0
ADSPS1                            ADCR1,1
AN0EN                             ADIOS0,0
AN10EN                            ADIOS1,2
AN11EN                            ADIOS1,3
AN12EN                            ADIOS1,4
AN13EN                            ADIOS1,5
AN1EN                             ADIOS0,1
AN2EN                             ADIOS0,2
AN3EN                             ADIOS0,3
AN4EN                             ADIOS0,4
AN5EN                             ADIOS0,5
AN6EN                             ADIOS0,6
AN7EN                             ADIOS0,7
AN8EN                             ADIOS1,0
AN9EN                             ADIOS1,1
BUZ0OE                            T0CR,5
C                                 PFLAG,0
CLKS                              OSCM,2
DC                                PFLAG,1
EERW                              EECR,6
EETRIG                            EECR,7
GIE                               MCR,7
HFEN                              OSCM,0
IICACK                            IICSR,3
IICCKS0                           IICCR,4
IICCKS1                           IICCR,5
IICEN                             IICCR,7
IICIE                             INTE,5
IICIF                             INTF,5
IICIMS                            IICCR,0
IICRD                             IICSR,5
IICRDTP                           IICCR,1
IICRS                             IICCR,6
IICSTP                            IICSR,6
IICSTR                            IICSR,7
IICTYP0                           IICCR,2
IICTYP1                           IICCR,3
IICWR                             IICSR,4
INT0IE                            INTE,2
INT0IF                            INTF,2
INT1IE                            INTE,3
INT1IF                            INTF,3
KBIE                              INTE,4
KBIF                              INTF,4
LFEN                              OSCM,1
MINT00                            MCR,0
MINT01                            MCR,1
MINT10                            MCR,2
MINT11                            MCR,3
OSADJEN                           OSADJCR,7
OSADJTR0                          OSADJCR,0
OSADJTR1                          OSADJCR,1
OSADJTR2                          OSADJCR,2
OSADJTR3                          OSADJCR,3
OSADJTR4                          OSADJCR,4
OSADJTR5                          OSADJCR,5
P00D                              IOP0,0
P00OE                             OEP0,0
P00PU                             PUP0,0
P01D                              IOP0,1
P01OE                             OEP0,1
P01PU                             PUP0,1
P02D                              IOP0,2
P02OE                             OEP0,2
P02PU                             PUP0,2
P03D                              IOP0,3
P03OE                             OEP0,3
P03PU                             PUP0,3
P04D                              IOP0,4
P04OE                             OEP0,4
P04PU                             PUP0,4
P05D                              IOP0,5
P05OE                             OEP0,5
P05PU                             PUP0,5
P06D                              IOP0,6
P06OE                             OEP0,6
P06PU                             PUP0,6
P07D                              IOP0,7
P07OE                             OEP0,7
P07PU                             PUP0,7
P10D                              IOP1,0
P10OE                             OEP1,0
P10PU                             PUP1,0
P11D                              IOP1,1
P11OE                             OEP1,1
P11PU                             PUP1,1
P12D                              IOP1,2
P12OE                             OEP1,2
P12PU                             PUP1,2
P13D                              IOP1,3
P13OE                             OEP1,3
P13PU                             PUP1,3
P14D                              IOP1,4
P14OE                             OEP1,4
P14PU                             PUP1,4
P15D                              IOP1,5
P15OE                             OEP1,5
P15PU                             PUP1,5
P16D                              IOP1,6
P16OE                             OEP1,6
P16PU                             PUP1,6
P17D                              IOP1,7
P17OE                             OEP1,7
P17PU                             PUP1,7
P20D                              IOP2,0
P20OE                             OEP2,0
P20PU                             PUP2,0
P21D                              IOP2,1
P21OE                             OEP2,1
P21PU                             PUP2,1
P22D                              IOP2,2
P22OE                             OEP2,2
P22PU                             PUP2,2
P23D                              IOP2,3
P23OE                             OEP2,3
P23PU                             PUP2,3
P24D                              IOP2,4
P24OE                             OEP2,4
P24PU                             PUP2,4
P25D                              IOP2,5
P25OE                             OEP2,5
P25PU                             PUP2,5
PD                                MCR,4
PWM0OE                            T0CR,6
PWM1OE                            T1CR,6
RACK                              IICSR,1
SACK                              IICSR,2
STBH                              OSCM,4
STBL                              OSCM,5
T0CKS0                            T0CR,3
T0CKS1                            T0CR,4
T0EN                              T0CR,7
T0IE                              INTE,0
T0IF                              INTF,0
T0PRS0                            T0CR,0
T0PRS1                            T0CR,1
T0PRS2                            T0CR,2
T1CKS0                            T1CR,3
T1CKS1                            T1CR,4
T1EN                              T1CR,7
T1IE                              INTE,1
T1IF                              INTF,1
T1PRS0                            T1CR,0
T1PRS1                            T1CR,1
T1PRS2                            T1CR,2
TO                                MCR,5
UARTIE                            INTE,7
UARTIF                            INTF,7
VRS0                              ADCR0,2
VRS1                              ADCR0,3
Z                                 PFLAG,2

Errors   :     0
Warnings :     0 reported,     0 suppressed
Messages :     1 reported,     0 suppressed

