gpasm-1.9.7 (May 15 2017)    slong2fs.asm       2017-5-15  15:21:59          PAGE  1


LOC  OBJECT CODE     LINE SOURCE TEXT
  VALUE

                      00001 ;--------------------------------------------------------
                      00002 ; File Created by SN-SDCC : ANSI-C Compiler
                      00003 ; Version 0.0.4 (Nov 23 2015) (Linux)
                      00004 ; This file was generated Mon May 15 15:21:59 2017
                      00005 ;--------------------------------------------------------
                      00006 ; MC3X port for the RISC core
                      00007 ;--------------------------------------------------------
                      00008 ;       .file   "../libsdcc/slong2fs.c"
                      00009         list    p=9903
                      00010         radix dec
                      00011         include "9903.inc"
                      00001                 LIST
                      00002 ;mc9903.inc    Standard Header File, Version 1.00 by Sinomcu
Message[301]: Processor-header file mismatch.  Verify selected processor.
                      00344                 LIST
                      00012 ;--------------------------------------------------------
                      00013 ; external declarations
                      00014 ;--------------------------------------------------------
                      00015         extern  ___uchar2fs
                      00016         extern  ___schar2fs
                      00017         extern  ___uint2fs
                      00018         extern  ___sint2fs
                      00019         extern  ___ulong2fs
                      00020         extern  ___fs2uchar
                      00021         extern  ___fs2schar
                      00022         extern  ___fs2uint
                      00023         extern  ___fs2sint
                      00024         extern  ___fs2ulong
                      00025         extern  ___fs2slong
                      00026         extern  ___fsadd
                      00027         extern  ___fssub
                      00028         extern  ___fsmul
                      00029         extern  ___fsdiv
                      00030         extern  ___fslt
                      00031         extern  ___fseq
                      00032         extern  ___fsneq
                      00033         extern  ___fsgt
                      00034 
                      00035         extern STK06
                      00036         extern STK05
                      00037         extern STK04
                      00038         extern STK03
                      00039         extern STK02
                      00040         extern STK01
                      00041         extern STK00
                      00042 ;--------------------------------------------------------
                      00043 ; global declarations
                      00044 ;--------------------------------------------------------
                      00045         global  ___slong2fs
                      00046 
                      00047 ;--------------------------------------------------------
                      00048 ; global definitions
                      00049 ;--------------------------------------------------------
                      00050 ;--------------------------------------------------------
                      00051 ; absolute symbol definitions
                      00052 ;--------------------------------------------------------
                      00053 ;--------------------------------------------------------
                      00054 ; compiler-defined variables
                      00055 ;--------------------------------------------------------
                      00056 UDL_slong2fs_0  udata
0000                  00057 r0x1003 res     1
0000                  00058 r0x1002 res     1
0001                  00059 r0x1001 res     1
0001                  00060 r0x1000 res     1
0002                  00061 r0x1004 res     1
0002                  00062 r0x1005 res     1
0003                  00063 r0x1006 res     1
0003                  00064 r0x1007 res     1
                      00065 ;--------------------------------------------------------
                      00066 ; initialized data
                      00067 ;--------------------------------------------------------
                      00068 ;--------------------------------------------------------
                      00069 ; overlayable items in internal ram 
                      00070 ;--------------------------------------------------------
                      00071 ;       udata_ovr
                      00072 ;--------------------------------------------------------
                      00073 ; code
                      00074 ;--------------------------------------------------------
                      00075 code_slong2fs   code
                      00076 ;***
                      00077 ;  pBlock Stats: dbName = C
                      00078 ;***
                      00079 ;entry:  ___slong2fs    ;Function start
                      00080 ; 2 exit points
                      00081 ;has an exit
                      00082 ;functions called:
                      00083 ;   ___ulong2fs
                      00084 ;   ___ulong2fs
                      00085 ;   ___ulong2fs
                      00086 ;   ___ulong2fs
                      00087 ;11 compiler assigned registers:
                      00088 ;   r0x1000
                      00089 ;   STK00
                      00090 ;   r0x1001
                      00091 ;   STK01
                      00092 ;   r0x1002
                      00093 ;   STK02
                      00094 ;   r0x1003
                      00095 ;   r0x1004
                      00096 ;   r0x1005
                      00097 ;   r0x1006
                      00098 ;   r0x1007
                      00099 ;; Starting pCode block
                      00100 ;;[ICODE] ../libsdcc/slong2fs.c:33:  _entry($5) :
                      00101 ;;[ICODE] ../libsdcc/slong2fs.c:33:     proc ___slong2fs [k1 lr0:0 so:0]{ ia0 a2p0 re0 rm0 nos0 ru0 dp0}{float function ( long-int fixed) fixed}
0000                  00102 ___slong2fs     ;Function start
                      00103 ; 2 exit points
                      00104 ;;[ICODE] ../libsdcc/slong2fs.c:33: iTemp0 [k2 lr3:12 so:0]{ ia0 a2p0 re1 rm0 nos0 ru0 dp0}{long-int fixed}{ sir@ ___slong2fs_sl_1_21}[r0x1000 r0x1001 r0x1002 r0x1003 ] = recv ___slong2fs [k1 lr0:0 so:0]{ ia0 a2p0 re0 rm0 nos0 ru0 dp0}{float function ( long-int fixed) fixed}
                      00105 ;       .line   33; "../libsdcc/slong2fs.c"     float __slong2fs (signed long sl) _FS_REENTRANT
0000   5600           00106         MOVRA   r0x1000
0001   5800           00107         MOVAR   STK00
0002   5600           00108         MOVRA   r0x1001
0003   5800           00109         MOVAR   STK01
0004   5600           00110         MOVRA   r0x1002
0005   5800           00111         MOVAR   STK02
0006   5600           00112         MOVRA   r0x1003
                      00113 ;;[ICODE] ../libsdcc/slong2fs.c:35:     iTemp1 [k4 lr4:5 so:0]{ ia0 a2p0 re0 rm0 nos0 ru0 dp0}{char fixed} = iTemp0 [k2 lr3:12 so:0]{ ia0 a2p0 re1 rm0 nos0 ru0 dp0}{long-int fixed}{ sir@ ___slong2fs_sl_1_21}[r0x1000 r0x1001 r0x1002 r0x1003 ] < 0x0 {long-int literal}
                      00114 ;;signed compare: left < lit(0x0=0), size=4, mask=ffffffff
                      00115 ;       .line   35; "../libsdcc/slong2fs.c"     if (sl<0) 
0007   C187           00116         BSET    STATUS,0
0008   EE00           00117         JBSET   r0x1000,7
0009   D187           00118         BCLR    STATUS,0
000A   E187           00119         JBSET   STATUS,0
000B   A000           00120         GOTO    _00106_DS_
                      00121 ;;genSkipc:3246: created from rifx:0xbfe87660
                      00122 ;;[ICODE] ../libsdcc/slong2fs.c:35:     if iTemp1 [k4 lr4:5 so:0]{ ia0 a2p0 re0 rm0 nos0 ru0 dp0}{char fixed} == 0 goto _iffalse_0($2)
                      00123 ;;[ICODE] ../libsdcc/slong2fs.c:36:     iTemp2 [k6 lr6:7 so:0]{ ia0 a2p0 re0 rm0 nos0 ru1 dp0}{long-int fixed}[r0x1004 r0x1005 r0x1006 r0x1007 ] = - iTemp0 [k2 lr3:12 so:0]{ ia0 a2p0 re1 rm0 nos0 ru0 dp0}{long-int fixed}{ sir@ ___slong2fs_sl_1_21}[r0x1000 r0x1001 r0x1002 r0x1003 ]
                      00124 ;       .line   36; "../libsdcc/slong2fs.c"     return -__ulong2fs(-sl);
000C   7000           00125         COMAR   r0x1003
000D   5600           00126         MOVRA   r0x1004
000E   7000           00127         COMAR   r0x1002
000F   5600           00128         MOVRA   r0x1005
0010   7000           00129         COMAR   r0x1001
0011   5600           00130         MOVRA   r0x1006
0012   7000           00131         COMAR   r0x1000
0013   5600           00132         MOVRA   r0x1007
0014   6600           00133         INCR    r0x1004
0015   F587           00134         JBCLR   STATUS,2
0016   6600           00135         INCR    r0x1005
0017   F587           00136         JBCLR   STATUS,2
0018   6600           00137         INCR    r0x1006
0019   F587           00138         JBCLR   STATUS,2
001A   6600           00139         INCR    r0x1007
                      00140 ;;[ICODE] ../libsdcc/slong2fs.c:36:     send iTemp2 [k6 lr6:7 so:0]{ ia0 a2p0 re0 rm0 nos0 ru1 dp0}{long-int fixed}[r0x1004 r0x1005 r0x1006 r0x1007 ]{argreg = 1}
                      00141 ;;[ICODE] ../libsdcc/slong2fs.c:36:     iTemp3 [k8 lr8:9 so:0]{ ia0 a2p0 re0 rm0 nos0 ru0 dp0}{float fixed}[r0x1004 r0x1005 r0x1006 r0x1007 ] = call ___ulong2fs [k5 lr0:0 so:0]{ ia0 a2p0 re0 rm0 nos0 ru0 dp0}{float function ( unsigned-long-int fixed) fixed}
001B   5800           00142         MOVAR   r0x1004
001C   5600           00143         MOVRA   STK02
001D   5800           00144         MOVAR   r0x1005
001E   5600           00145         MOVRA   STK01
001F   5800           00146         MOVAR   r0x1006
0020   5600           00147         MOVRA   STK00
0021   5800           00148         MOVAR   r0x1007
0022   8000           00149         CALL    ___ulong2fs
0023   5600           00150         MOVRA   r0x1007
0024   5800           00151         MOVAR   STK00
0025   5600           00152         MOVRA   r0x1006
0026   5800           00153         MOVAR   STK01
0027   5600           00154         MOVRA   r0x1005
0028   5800           00155         MOVAR   STK02
0029   5600           00156         MOVRA   r0x1004
                      00157 ;;[ICODE] ../libsdcc/slong2fs.c:36:     iTemp4 [k9 lr9:10 so:0]{ ia0 a2p0 re0 rm0 nos0 ru1 dp0}{float fixed}[r0x1004 r0x1005 r0x1006 r0x1007 ] = - iTemp3 [k8 lr8:9 so:0]{ ia0 a2p0 re0 rm0 nos0 ru0 dp0}{float fixed}[r0x1004 r0x1005 r0x1006 r0x1007 ]
002A   5800           00158         MOVAR   r0x1007
002B   3980           00159         XORAI   0x80
002C   5600           00160         MOVRA   r0x1007
002D   5800           00161         MOVAR   r0x1006
002E   5600           00162         MOVRA   r0x1006
002F   5800           00163         MOVAR   r0x1005
0030   5600           00164         MOVRA   r0x1005
0031   5800           00165         MOVAR   r0x1004
0032   5600           00166         MOVRA   r0x1004
                      00167 ;;[ICODE] ../libsdcc/slong2fs.c:36:     ret iTemp4 [k9 lr9:10 so:0]{ ia0 a2p0 re0 rm0 nos0 ru1 dp0}{float fixed}[r0x1004 r0x1005 r0x1006 r0x1007 ]
0033   5800           00168         MOVAR   r0x1004
0034   5600           00169         MOVRA   STK02
0035   5800           00170         MOVAR   r0x1005
0036   5600           00171         MOVRA   STK01
0037   5800           00172         MOVAR   r0x1006
0038   5600           00173         MOVRA   STK00
0039   5800           00174         MOVAR   r0x1007
003A   A000           00175         GOTO    _00108_DS_
                      00176 ;;[ICODE] ../libsdcc/slong2fs.c:36:  _iffalse_0($2) :
                      00177 ;;[ICODE] ../libsdcc/slong2fs.c:38:     send iTemp0 [k2 lr3:12 so:0]{ ia0 a2p0 re1 rm0 nos0 ru0 dp0}{long-int fixed}{ sir@ ___slong2fs_sl_1_21}[r0x1000 r0x1001 r0x1002 r0x1003 ]{argreg = 1}
                      00178 ;;[ICODE] ../libsdcc/slong2fs.c:38:     iTemp5 [k10 lr13:14 so:0]{ ia0 a2p0 re0 rm0 nos0 ru1 dp0}{float fixed}[r0x1000 r0x1001 r0x1002 r0x1003 ] = call ___ulong2fs [k5 lr0:0 so:0]{ ia0 a2p0 re0 rm0 nos0 ru0 dp0}{float function ( unsigned-long-int fixed) fixed}
003B                  00179 _00106_DS_
                      00180 ;       .line   38; "../libsdcc/slong2fs.c"     return __ulong2fs(sl);
003B   5800           00181         MOVAR   r0x1003
003C   5600           00182         MOVRA   STK02
003D   5800           00183         MOVAR   r0x1002
003E   5600           00184         MOVRA   STK01
003F   5800           00185         MOVAR   r0x1001
0040   5600           00186         MOVRA   STK00
0041   5800           00187         MOVAR   r0x1000
0042   8000           00188         CALL    ___ulong2fs
0043   5600           00189         MOVRA   r0x1000
0044   5800           00190         MOVAR   STK00
0045   5600           00191         MOVRA   r0x1001
0046   5800           00192         MOVAR   STK01
0047   5600           00193         MOVRA   r0x1002
0048   5800           00194         MOVAR   STK02
0049   5600           00195         MOVRA   r0x1003
                      00196 ;;[ICODE] ../libsdcc/slong2fs.c:38:     ret iTemp5 [k10 lr13:14 so:0]{ ia0 a2p0 re0 rm0 nos0 ru1 dp0}{float fixed}[r0x1000 r0x1001 r0x1002 r0x1003 ]
004A   5800           00197         MOVAR   r0x1003
004B   5600           00198         MOVRA   STK02
004C   5800           00199         MOVAR   r0x1002
004D   5600           00200         MOVRA   STK01
004E   5800           00201         MOVAR   r0x1001
004F   5600           00202         MOVRA   STK00
0050   5800           00203         MOVAR   r0x1000
                      00204 ;;[ICODE] ../libsdcc/slong2fs.c:38:  _return($4) :
                      00205 ;;[ICODE] ../libsdcc/slong2fs.c:38:     eproc ___slong2fs [k1 lr0:0 so:0]{ ia0 a2p0 re0 rm0 nos0 ru0 dp0}{float function ( long-int fixed) fixed}
0051                  00206 _00108_DS_
0051   000C           00207         RETURN  
                      00208 ; exit point of ___slong2fs
                      00209 
                      00210 
                      00211 ;       code size estimation:
                      00212 ;          82+    0 =    82 instructions (  164 byte)
                      00213 
                      00214         end
gpasm-1.9.7 (May 15 2017)    slong2fs.asm       2017-5-15  15:21:59          PAGE  2


SYMBOL TABLE
  LABEL                             VALUE

ADCR0                             000001B8
ADCR1                             000001B9
ADIOS0                            000001BC
ADIOS1                            000001BD
ADRH                              000001BA
ADRL                              000001BB
EEAR                              000001B6
EECR                              000001B4
EEDR                              000001B7
EEMASK                            000001B5
FSR                               00000184
FSR0                              00000184
FSR1                              00000185
HIBYTE                            00000183
IICCR                             000001B0
IICDR                             000001B2
IICSR                             000001B1
INDF                              00000180
INDF0                             00000180
INDF1                             00000181
INDF2                             00000182
INDF3                             00000189
INTE                              0000018A
INTF                              0000018B
IOP0                              00000190
IOP1                              00000194
IOP2                              00000198
KBCR                              0000018F
MCR                               00000188
OEP0                              00000191
OEP1                              00000195
OEP2                              00000199
OSADJCR                           000001BE
OSCM                              0000018C
PCL                               00000186
PFLAG                             00000187
PUP0                              00000192
PUP1                              00000196
PUP2                              0000019A
STATUS                            00000187
STK00                             00000000
STK01                             00000000
STK02                             00000000
STK03                             00000000
STK04                             00000000
STK05                             00000000
STK06                             00000000
T0CNT                             000001A1
T0CR                              000001A0
T0DATA                            000001A3
T0LOAD                            000001A2
T1CNTH                            000001A9
T1CNTL                            000001AA
T1CR                              000001A8
T1DATAH                           000001AD
T1DATAL                           000001AE
T1LOADH                           000001AB
T1LOADL                           000001AC
_00106_DS_                        0000003B
_00108_DS_                        00000051
_CONFIG0                          00001FE0
_CONFIG1                          00001FE1
__9903                            00000001
___fs2schar                       00000000
___fs2sint                        00000000
___fs2slong                       00000000
___fs2uchar                       00000000
___fs2uint                        00000000
___fs2ulong                       00000000
___fsadd                          00000000
___fsdiv                          00000000
___fseq                           00000000
___fsgt                           00000000
___fslt                           00000000
___fsmul                          00000000
___fsneq                          00000000
___fssub                          00000000
___schar2fs                       00000000
___sint2fs                        00000000
___slong2fs                       00000000
___uchar2fs                       00000000
___uint2fs                        00000000
___ulong2fs                       00000000
r0x1000                           00000003
r0x1001                           00000002
r0x1002                           00000001
r0x1003                           00000000
r0x1004                           00000004
r0x1005                           00000005
r0x1006                           00000006
r0x1007                           00000007
ADCHS0                            ADCR0,4
ADCHS1                            ADCR0,5
ADCHS2                            ADCR0,6
ADCHS3                            ADCR0,7
ADCKS0                            ADCR1,4
ADCKS1                            ADCR1,5
ADEN                              ADCR0,0
ADEOC                             ADCR0,1
ADIE                              INTE,6
ADIF                              INTF,6
ADRSEL                            ADCR1,7
ADSPS0                            ADCR1,0
ADSPS1                            ADCR1,1
AN0EN                             ADIOS0,0
AN10EN                            ADIOS1,2
AN11EN                            ADIOS1,3
AN12EN                            ADIOS1,4
AN13EN                            ADIOS1,5
AN1EN                             ADIOS0,1
AN2EN                             ADIOS0,2
AN3EN                             ADIOS0,3
AN4EN                             ADIOS0,4
AN5EN                             ADIOS0,5
AN6EN                             ADIOS0,6
AN7EN                             ADIOS0,7
AN8EN                             ADIOS1,0
AN9EN                             ADIOS1,1
BUZ0OE                            T0CR,5
C                                 PFLAG,0
CLKS                              OSCM,2
DC                                PFLAG,1
EERW                              EECR,6
EETRIG                            EECR,7
GIE                               MCR,7
HFEN                              OSCM,0
IICACK                            IICSR,3
IICCKS0                           IICCR,4
IICCKS1                           IICCR,5
IICEN                             IICCR,7
IICIE                             INTE,5
IICIF                             INTF,5
IICIMS                            IICCR,0
IICRD                             IICSR,5
IICRDTP                           IICCR,1
IICRS                             IICCR,6
IICSTP                            IICSR,6
IICSTR                            IICSR,7
IICTYP0                           IICCR,2
IICTYP1                           IICCR,3
IICWR                             IICSR,4
INT0IE                            INTE,2
INT0IF                            INTF,2
INT1IE                            INTE,3
INT1IF                            INTF,3
KBIE                              INTE,4
KBIF                              INTF,4
LFEN                              OSCM,1
MINT00                            MCR,0
MINT01                            MCR,1
MINT10                            MCR,2
MINT11                            MCR,3
OSADJEN                           OSADJCR,7
OSADJTR0                          OSADJCR,0
OSADJTR1                          OSADJCR,1
OSADJTR2                          OSADJCR,2
OSADJTR3                          OSADJCR,3
OSADJTR4                          OSADJCR,4
OSADJTR5                          OSADJCR,5
P00D                              IOP0,0
P00OE                             OEP0,0
P00PU                             PUP0,0
P01D                              IOP0,1
P01OE                             OEP0,1
P01PU                             PUP0,1
P02D                              IOP0,2
P02OE                             OEP0,2
P02PU                             PUP0,2
P03D                              IOP0,3
P03OE                             OEP0,3
P03PU                             PUP0,3
P04D                              IOP0,4
P04OE                             OEP0,4
P04PU                             PUP0,4
P05D                              IOP0,5
P05OE                             OEP0,5
P05PU                             PUP0,5
P06D                              IOP0,6
P06OE                             OEP0,6
P06PU                             PUP0,6
P07D                              IOP0,7
P07OE                             OEP0,7
P07PU                             PUP0,7
P10D                              IOP1,0
P10OE                             OEP1,0
P10PU                             PUP1,0
P11D                              IOP1,1
P11OE                             OEP1,1
P11PU                             PUP1,1
P12D                              IOP1,2
P12OE                             OEP1,2
P12PU                             PUP1,2
P13D                              IOP1,3
P13OE                             OEP1,3
P13PU                             PUP1,3
P14D                              IOP1,4
P14OE                             OEP1,4
P14PU                             PUP1,4
P15D                              IOP1,5
P15OE                             OEP1,5
P15PU                             PUP1,5
P16D                              IOP1,6
P16OE                             OEP1,6
P16PU                             PUP1,6
P17D                              IOP1,7
P17OE                             OEP1,7
P17PU                             PUP1,7
P20D                              IOP2,0
P20OE                             OEP2,0
P20PU                             PUP2,0
P21D                              IOP2,1
P21OE                             OEP2,1
P21PU                             PUP2,1
P22D                              IOP2,2
P22OE                             OEP2,2
P22PU                             PUP2,2
P23D                              IOP2,3
P23OE                             OEP2,3
P23PU                             PUP2,3
P24D                              IOP2,4
P24OE                             OEP2,4
P24PU                             PUP2,4
P25D                              IOP2,5
P25OE                             OEP2,5
P25PU                             PUP2,5
PD                                MCR,4
PWM0OE                            T0CR,6
PWM1OE                            T1CR,6
RACK                              IICSR,1
SACK                              IICSR,2
STBH                              OSCM,4
STBL                              OSCM,5
T0CKS0                            T0CR,3
T0CKS1                            T0CR,4
T0EN                              T0CR,7
T0IE                              INTE,0
T0IF                              INTF,0
T0PRS0                            T0CR,0
T0PRS1                            T0CR,1
T0PRS2                            T0CR,2
T1CKS0                            T1CR,3
T1CKS1                            T1CR,4
T1EN                              T1CR,7
T1IE                              INTE,1
T1IF                              INTF,1
T1PRS0                            T1CR,0
T1PRS1                            T1CR,1
T1PRS2                            T1CR,2
TO                                MCR,5
UARTIE                            INTE,7
UARTIF                            INTF,7
VRS0                              ADCR0,2
VRS1                              ADCR0,3
Z                                 PFLAG,2

Errors   :     0
Warnings :     0 reported,     0 suppressed
Messages :     1 reported,     0 suppressed

