gpasm-1.7.0_beta1 (Jan 22 2015)_divschar.asm      2015-1-22  23:36:58          PAGE  1


LOC  OBJECT CODE     LINE SOURCE TEXT
  VALUE

                      00001 ;--------------------------------------------------------
                      00002 ; File Created by SN-SDCC : ANSI-C Compiler
                      00003 ; Version 0.0.4 (Jan 22 2015) (Linux)
                      00004 ; This file was generated Thu Jan 22 23:36:58 2015
                      00005 ;--------------------------------------------------------
                      00006 ; MC3X port for the RISC core
                      00007 ;--------------------------------------------------------
                      00008 ;       .file   "../libsdcc/_divschar.c"
                      00009         list    p=33p78
                      00010         radix dec
                      00011         include "mc33p78.inc"
                      00001 
                      00002 ;mc33p78 header file
                      00003 ;define must write at first row
                      00004 
  000001B0            00005 INDF    EQU     0X01B0       
  000001B0            00006 INDF0   EQU     0X01B0
  000001B1            00007 INDF1   EQU     0X01B1
  000001B2            00008 INDF2   EQU     0X01B2
  000001B3            00009 HIBYTE  EQU     0X01B3
  000001B4            00010 FSR     EQU     0X01B4
  000001B4            00011 FSR0    EQU     0X01B4
  000001B5            00012 FSR1    EQU     0X1B5
  000001B6            00013 PCL     EQU     0X1B6
  000001B7            00014 PFLAG   EQU    0X1B7
  000001B7            00015 STATUS  EQU     0X1B7
  000001B8            00016 MCR     EQU     0X1B8
  000001B9            00017 INDF3   EQU    0X1B9   
  000001BA            00018 INTE    EQU     0X1BA
  000001BB            00019 INTF    EQU     0X1BB
  000001BC            00020 OSCM    EQU     0X1BC
                      00021 ;IOP0    EQU     0X1C0
                      00022 ;OEP0    EQU     0X1C1
                      00023 ;PUP0    EQU     0X1C2
                      00024 ;IOP1    EQU     0X1C4
                      00025 ;OEP1    EQU     0X1C5
                      00026 ;PUP1    EQU     0X1C6
  000001C8            00027 IOP1    EQU     0X1C8
  000001C9            00028 OEP1    EQU     0X1C9
  000001CA            00029 PUP1    EQU     0X1CA
                      00030 
  000001CE            00031 DKWP1    EQU     0X1CE
                      00032 
  000001D0            00033 IOP2    EQU     0X1D0
  000001D1            00034 OEP2    EQU     0X1D1
  000001D2            00035 PUP2    EQU     0X1D2
                      00036 ;T0DATA  EQU     0X1D3
                      00037 ;T1CR    EQU     0X1D4
                      00038 ;T1CNT   EQU     0X1D5
  000001D6            00039 DKWP2   EQU     0X1D6
  000001D7            00040 KBCR    EQU     0X1D7
  000001D8            00041 T0CR    EQU     0X1D8
  000001D9            00042 T0LOADH EQU     0X1D9
  000001DA            00043 T0LOADL  EQU     0X1DA
  000001DB            00044 T0LATFL   EQU     0X1DB
  000001DC            00045 T0LATFH EQU     0X1DC
                      00046 
  000001DD            00047 T0LATRL  EQU     0X1DD
  000001DE            00048 T0LATRH  EQU     0X1DE
                      00049 
  000001E0            00050 T1CR    EQU     0X1E0
  000001E1            00051 T1DATA  EQU     0X1E1
  000001E2            00052 T1LOAD  EQU     0X1E2
                      00053 
  000001E4            00054 OPCR0   EQU     0X1E4
  000001E5            00055 OPCR1   EQU     0X1E5
  000001E6            00056 DKW0    EQU     0X1E6
  000001E7            00057 DKW1    EQU     0X1E7
                      00058 
                      00059 ;pflag bit 
                      00060 #define         Z       PFLAG,2
                      00061 #define         DC      PFLAG,1
                      00062 #define         C       PFLAG,0 
                      00063 
                      00064 ;MCR
                      00065 #define         GIE     MCR,7
                      00066 #DEFINE         TO      MCR,5
                      00067 #DEFINE         PD      MCR,4
                      00068 #DEFINE         MINT11  MCR,3
                      00069 
                      00070 
                      00071 ;INTE
                      00072 #define         KBIE    INTE,7
                      00073 #DEFINE         INT1IE  INTE,3
                      00074 #DEFINE         INT0IE  INTE,2
                      00075 #DEFINE         T1IE    INTE,1
                      00076 #define         T0IE    INTE,0
                      00077 
                      00078 ;INTF
                      00079 #DEFINE         KBIF    INTF,7
                      00080 #DEFINE         T0RF    INTF,6
                      00081 #DEFINE         INT1IF  INTF,3
                      00082 #DEFINE         INT0IF  INTF,2
                      00083 #DEFINE         T1IF    INTF,1
                      00084 #DEFINE         T0IF    INTF,0
                      00085 
                      00086 ;DKW0
                      00087 #DEFINE         DKWE    DKW0,7
                      00088 #DEFINE         IROS    DKW0,6
                      00089 #DEFINE         IROT    DKW0,5         
                      00090 #DEFINE         WSEL0   DKW0,4
                      00091 #DEFINE         WSEL1   DKW0,3
                      00092 #DEFINE         RSEL    DKW0,2
                      00093 #DEFINE         ISEL1   DKW0,1
                      00094 #define         ISEL0   DKW0,0 
                      00095 
                      00096 #define                                 HFEN            OSCM,0
                      00097 #define                                 LFEN            OSCM,1
                      00098 #define                                 CLKS            OSCM,2
                      00099 #define                                 STBH            OSCM,4
                      00100 #DEFINE                                 STBL            OSCM,5
                      00101 
                      00102 ;T0CR
                      00103 #DEFINE         TC0EN   T0CR,7
                      00104 ;#DEFINE  
                      00105 
                      00106 ;T1CR
                      00107 #DEFINE         TC1EN   T1CR,7
                      00108          
                      00109     
                      00110 
                      00111 
                      00012 ;--------------------------------------------------------
                      00013 ; external declarations
                      00014 ;--------------------------------------------------------
                      00015         extern  __divuchar
                      00016 
                      00017         extern STK06
                      00018         extern STK05
                      00019         extern STK04
                      00020         extern STK03
                      00021         extern STK02
                      00022         extern STK01
                      00023         extern STK00
                      00024 ;--------------------------------------------------------
                      00025 ; global declarations
                      00026 ;--------------------------------------------------------
                      00027         global  __divschar
                      00028 
                      00029 ;--------------------------------------------------------
                      00030 ; global definitions
                      00031 ;--------------------------------------------------------
                      00032 ;--------------------------------------------------------
                      00033 ; absolute symbol definitions
                      00034 ;--------------------------------------------------------
                      00035 ;--------------------------------------------------------
                      00036 ; compiler-defined variables
                      00037 ;--------------------------------------------------------
                      00038 UDL__divschar_0 udata
0000                  00039 r0x1000 res     1
0000                  00040 r0x1001 res     1
0001                  00041 r0x1002 res     1
0001                  00042 r0x1003 res     1
0002                  00043 r0x1004 res     1
0002                  00044 r0x1005 res     1
0003                  00045 r0x1006 res     1
0003                  00046 r0x1007 res     1
0004                  00047 r0x1008 res     1
                      00048 ;--------------------------------------------------------
                      00049 ; initialized data
                      00050 ;--------------------------------------------------------
                      00051 ;--------------------------------------------------------
                      00052 ; overlayable items in internal ram 
                      00053 ;--------------------------------------------------------
                      00054 ;       udata_ovr
                      00055 ;--------------------------------------------------------
                      00056 ; code
                      00057 ;--------------------------------------------------------
                      00058 code__divschar  code
                      00059 ;***
                      00060 ;  pBlock Stats: dbName = C
                      00061 ;***
                      00062 ;entry:  __divschar     ;Function start
                      00063 ; 2 exit points
                      00064 ;has an exit
                      00065 ;functions called:
                      00066 ;   __divuchar
                      00067 ;   __divuchar
                      00068 ;   __divuchar
                      00069 ;   __divuchar
                      00070 ;   __divuchar
                      00071 ;   __divuchar
                      00072 ;   __divuchar
                      00073 ;   __divuchar
                      00074 ;11 compiler assigned registers:
                      00075 ;   r0x1000
                      00076 ;   STK00
                      00077 ;   r0x1001
                      00078 ;   r0x1002
                      00079 ;   r0x1003
                      00080 ;   r0x1004
                      00081 ;   r0x1005
                      00082 ;   r0x1006
                      00083 ;   r0x1007
                      00084 ;   r0x1008
                      00085 ;   r0x1009
                      00086 ;; Starting pCode block
                      00087 ;;[ICODE] ../libsdcc/_divschar.c:32:  _entry($11) :
                      00088 ;;[ICODE] ../libsdcc/_divschar.c:32:    proc __divschar [k1 lr0:0 so:0]{ ia0 a2p0 re0 rm0 nos0 ru0 dp0}{char function ( char fixed, char fixed) fixed}
0000                  00089 __divschar      ;Function start
                      00090 ; 2 exit points
                      00091 ;;[ICODE] ../libsdcc/_divschar.c:32: iTemp0 [k2 lr3:48 so:0]{ ia0 a2p0 re1 rm0 nos0 ru0 dp0}{char fixed}{ sir@ __divschar_a_1_2}[r0x1000 ] = recv __divschar [k1 lr0:0 so:0]{ ia0 a2p0 re0 rm0 nos0 ru0 dp0}{char function ( char fixed, char fixed) fixed}
                      00092 ;       .line   32; "../libsdcc/_divschar.c"    _divschar (signed char a, signed char b)
0000   5600           00093         MOVRA   r0x1000
                      00094 ;;[ICODE] ../libsdcc/_divschar.c:32: iTemp1 [k4 lr4:50 so:0]{ ia0 a2p0 re1 rm0 nos0 ru0 dp0}{char fixed}{ sir@ __divschar_b_1_2}[r0x1001 ] = recv __divschar [k1 lr0:0 so:0]{ ia0 a2p0 re0 rm0 nos0 ru0 dp0}{char function ( char fixed, char fixed) fixed}
0001   5800           00095         MOVAR   STK00
0002   5600           00096         MOVRA   r0x1001
                      00097 ;;[ICODE] ../libsdcc/_divschar.c:34:    iTemp2 [k6 lr5:6 so:0]{ ia0 a2p0 re0 rm0 nos0 ru0 dp0}{char fixed} = iTemp0 [k2 lr3:48 so:0]{ ia0 a2p0 re1 rm0 nos0 ru0 dp0}{char fixed}{ sir@ __divschar_a_1_2}[r0x1000 ] < 0x0 {const-char literal}
                      00098 ;;signed compare: left < lit(0x0=0), size=1, mask=ff
                      00099 ;       .line   34; "../libsdcc/_divschar.c"    if (a < 0) {
0003   C1B7           00100         BSET    STATUS,0
0004   EE00           00101         JBSET   r0x1000,7
0005   D1B7           00102         BCLR    STATUS,0
0006   E1B7           00103         JBSET   STATUS,0
0007   A000           00104         GOTO    _00112_DS_
                      00105 ;;genSkipc:3246: created from rifx:0xbff5b560
                      00106 ;;[ICODE] ../libsdcc/_divschar.c:34:    if iTemp2 [k6 lr5:6 so:0]{ ia0 a2p0 re0 rm0 nos0 ru0 dp0}{char fixed} == 0 goto _iffalse_2($8)
                      00107 ;;[ICODE] ../libsdcc/_divschar.c:36:    iTemp3 [k7 lr7:8 so:0]{ ia0 a2p0 re0 rm0 nos0 ru0 dp0}{char fixed} = iTemp1 [k4 lr4:50 so:0]{ ia0 a2p0 re1 rm0 nos0 ru0 dp0}{char fixed}{ sir@ __divschar_b_1_2}[r0x1001 ] < 0x0 {const-char literal}
                      00108 ;;signed compare: left < lit(0x0=0), size=1, mask=ff
                      00109 ;       .line   36; "../libsdcc/_divschar.c"    if (b < 0)
0008   C1B7           00110         BSET    STATUS,0
0009   EE00           00111         JBSET   r0x1001,7
000A   D1B7           00112         BCLR    STATUS,0
000B   E1B7           00113         JBSET   STATUS,0
000C   A000           00114         GOTO    _00106_DS_
                      00115 ;;genSkipc:3246: created from rifx:0xbff5b560
                      00116 ;;[ICODE] ../libsdcc/_divschar.c:36:    if iTemp3 [k7 lr7:8 so:0]{ ia0 a2p0 re0 rm0 nos0 ru0 dp0}{char fixed} == 0 goto _iffalse_0($2)
                      00117 ;;[ICODE] ../libsdcc/_divschar.c:37:    iTemp4 [k9 lr9:10 so:0]{ ia0 a2p0 re0 rm0 nos0 ru0 dp0}{int fixed}[r0x1002 r0x1003 ] = (int fixed)iTemp0 [k2 lr3:48 so:0]{ ia0 a2p0 re1 rm0 nos0 ru0 dp0}{char fixed}{ sir@ __divschar_a_1_2}[r0x1000 ]
                      00118 ;       .line   37; "../libsdcc/_divschar.c"    return _divuchar ((unsigned int)-a, (unsigned int)-b);
000D   5800           00119         MOVAR   r0x1000
000E   5600           00120         MOVRA   r0x1002
000F   7600           00121         CLRR    r0x1003
0010   FE00           00122         JBCLR   r0x1002,7
0011   6E00           00123         DECR    r0x1003
                      00124 ;;[ICODE] ../libsdcc/_divschar.c:37:    iTemp5 [k10 lr10:11 so:0]{ ia0 a2p0 re0 rm0 nos0 ru0 dp0}{int fixed}[r0x1002 r0x1003 ] = - iTemp4 [k9 lr9:10 so:0]{ ia0 a2p0 re0 rm0 nos0 ru0 dp0}{int fixed}[r0x1002 r0x1003 ]
0012   7200           00125         COMR    r0x1002
0013   7200           00126         COMR    r0x1003
0014   6600           00127         INCR    r0x1002
0015   F5B7           00128         JBCLR   STATUS,2
0016   6600           00129         INCR    r0x1003
                      00130 ;;[ICODE] ../libsdcc/_divschar.c:37:    iTemp6 [k11 lr11:12 so:0]{ ia0 a2p0 re0 rm0 nos0 ru0 dp0}{unsigned-int fixed}[r0x1004 r0x1005 ] = (unsigned-int fixed)iTemp5 [k10 lr10:11 so:0]{ ia0 a2p0 re0 rm0 nos0 ru0 dp0}{int fixed}[r0x1002 r0x1003 ]
0017   5800           00131         MOVAR   r0x1002
0018   5600           00132         MOVRA   r0x1002
0019   5600           00133         MOVRA   r0x1004
001A   5800           00134         MOVAR   r0x1003
001B   5600           00135         MOVRA   r0x1005
                      00136 ;;[ICODE] ../libsdcc/_divschar.c:37:    iTemp7 [k12 lr12:18 so:0]{ ia0 a2p0 re0 rm0 nos0 ru1 dp0}{unsigned-char fixed}[r0x1002 ] = (unsigned-char fixed)iTemp6 [k11 lr11:12 so:0]{ ia0 a2p0 re0 rm0 nos0 ru0 dp0}{unsigned-int fixed}[r0x1004 r0x1005 ]
                      00137 ;;108   MOVAR   r0x1004
                      00138 ;;[ICODE] ../libsdcc/_divschar.c:37:    iTemp8 [k13 lr13:14 so:0]{ ia0 a2p0 re0 rm0 nos0 ru0 dp0}{int fixed}[r0x1004 r0x1005 ] = (int fixed)iTemp1 [k4 lr4:50 so:0]{ ia0 a2p0 re1 rm0 nos0 ru0 dp0}{char fixed}{ sir@ __divschar_b_1_2}[r0x1001 ]
001C   5800           00139         MOVAR   r0x1001
001D   5600           00140         MOVRA   r0x1004
001E   7600           00141         CLRR    r0x1005
001F   FE00           00142         JBCLR   r0x1004,7
0020   6E00           00143         DECR    r0x1005
                      00144 ;;[ICODE] ../libsdcc/_divschar.c:37:    iTemp9 [k14 lr14:15 so:0]{ ia0 a2p0 re0 rm0 nos0 ru0 dp0}{int fixed}[r0x1004 r0x1005 ] = - iTemp8 [k13 lr13:14 so:0]{ ia0 a2p0 re0 rm0 nos0 ru0 dp0}{int fixed}[r0x1004 r0x1005 ]
0021   7200           00145         COMR    r0x1004
0022   7200           00146         COMR    r0x1005
0023   6600           00147         INCR    r0x1004
0024   F5B7           00148         JBCLR   STATUS,2
0025   6600           00149         INCR    r0x1005
                      00150 ;;[ICODE] ../libsdcc/_divschar.c:37:    iTemp10 [k15 lr15:16 so:0]{ ia0 a2p0 re0 rm0 nos0 ru0 dp0}{unsigned-int fixed}[r0x1006 r0x1007 ] = (unsigned-int fixed)iTemp9 [k14 lr14:15 so:0]{ ia0 a2p0 re0 rm0 nos0 ru0 dp0}{int fixed}[r0x1004 r0x1005 ]
                      00151 ;;110   MOVAR   r0x1004
0026   5800           00152         MOVAR   r0x1005
0027   5600           00153         MOVRA   r0x1007
                      00154 ;;[ICODE] ../libsdcc/_divschar.c:37:    iTemp11 [k16 lr16:18 so:0]{ ia0 a2p0 re0 rm0 nos0 ru0 dp0}{unsigned-char fixed}[r0x1004 ] = (unsigned-char fixed)iTemp10 [k15 lr15:16 so:0]{ ia0 a2p0 re0 rm0 nos0 ru0 dp0}{unsigned-int fixed}[r0x1006 r0x1007 ]
                      00155 ;;104   MOVAR   r0x1006
                      00156 ;;[ICODE] ../libsdcc/_divschar.c:37:    send iTemp7 [k12 lr12:18 so:0]{ ia0 a2p0 re0 rm0 nos0 ru1 dp0}{unsigned-char fixed}[r0x1002 ]{argreg = 1}
                      00157 ;;[ICODE] ../libsdcc/_divschar.c:37:    send iTemp11 [k16 lr16:18 so:0]{ ia0 a2p0 re0 rm0 nos0 ru0 dp0}{unsigned-char fixed}[r0x1004 ]{argreg = 1}
                      00158 ;;[ICODE] ../libsdcc/_divschar.c:37:    iTemp12 [k19 lr19:20 so:0]{ ia0 a2p0 re0 rm0 nos0 ru1 dp0}{unsigned-char fixed}[r0x1002 ] = call __divuchar [k8 lr0:0 so:0]{ ia0 a2p0 re0 rm0 nos0 ru0 dp0}{unsigned-char function ( unsigned-char fixed, unsigned-char fixed) fixed}
                      00159 ;;103   MOVAR   r0x1004
                      00160 ;;109   MOVAR   r0x1006
0028   5800           00161         MOVAR   r0x1004
0029   5600           00162         MOVRA   r0x1006
002A   5600           00163         MOVRA   r0x1004
002B   5600           00164         MOVRA   STK00
002C   5800           00165         MOVAR   r0x1002
002D   8000           00166         CALL    __divuchar
002E   5600           00167         MOVRA   r0x1002
                      00168 ;;[ICODE] ../libsdcc/_divschar.c:37:    ret iTemp12 [k19 lr19:20 so:0]{ ia0 a2p0 re0 rm0 nos0 ru1 dp0}{unsigned-char fixed}[r0x1002 ]
002F   5800           00169         MOVAR   r0x1002
0030   A000           00170         GOTO    _00114_DS_
                      00171 ;;[ICODE] ../libsdcc/_divschar.c:37:  _iffalse_0($2) :
                      00172 ;;[ICODE] ../libsdcc/_divschar.c:39:    iTemp13 [k20 lr22:23 so:0]{ ia0 a2p0 re0 rm0 nos0 ru0 dp0}{int fixed}[r0x1002 r0x1004 ] = (int fixed)iTemp0 [k2 lr3:48 so:0]{ ia0 a2p0 re1 rm0 nos0 ru0 dp0}{char fixed}{ sir@ __divschar_a_1_2}[r0x1000 ]
0031                  00173 _00106_DS_
                      00174 ;       .line   39; "../libsdcc/_divschar.c"    return -_divuchar ((unsigned int)-a, (unsigned int)b);
0031   5800           00175         MOVAR   r0x1000
0032   5600           00176         MOVRA   r0x1002
0033   7600           00177         CLRR    r0x1004
0034   FE00           00178         JBCLR   r0x1002,7
0035   6E00           00179         DECR    r0x1004
                      00180 ;;[ICODE] ../libsdcc/_divschar.c:39:    iTemp14 [k21 lr23:24 so:0]{ ia0 a2p0 re0 rm0 nos0 ru0 dp0}{int fixed}[r0x1002 r0x1004 ] = - iTemp13 [k20 lr22:23 so:0]{ ia0 a2p0 re0 rm0 nos0 ru0 dp0}{int fixed}[r0x1002 r0x1004 ]
0036   7200           00181         COMR    r0x1002
0037   7200           00182         COMR    r0x1004
0038   6600           00183         INCR    r0x1002
0039   F5B7           00184         JBCLR   STATUS,2
003A   6600           00185         INCR    r0x1004
                      00186 ;;[ICODE] ../libsdcc/_divschar.c:39:    iTemp15 [k22 lr24:25 so:0]{ ia0 a2p0 re0 rm0 nos0 ru0 dp0}{unsigned-int fixed}[r0x1006 r0x1007 ] = (unsigned-int fixed)iTemp14 [k21 lr23:24 so:0]{ ia0 a2p0 re0 rm0 nos0 ru0 dp0}{int fixed}[r0x1002 r0x1004 ]
003B   5800           00187         MOVAR   r0x1002
003C   5600           00188         MOVRA   r0x1002
003D   5600           00189         MOVRA   r0x1006
003E   5800           00190         MOVAR   r0x1004
003F   5600           00191         MOVRA   r0x1007
                      00192 ;;[ICODE] ../libsdcc/_divschar.c:39:    iTemp16 [k23 lr25:29 so:0]{ ia0 a2p0 re0 rm0 nos0 ru1 dp0}{unsigned-char fixed}[r0x1002 ] = (unsigned-char fixed)iTemp15 [k22 lr24:25 so:0]{ ia0 a2p0 re0 rm0 nos0 ru0 dp0}{unsigned-int fixed}[r0x1006 r0x1007 ]
                      00193 ;;105   MOVAR   r0x1006
                      00194 ;;[ICODE] ../libsdcc/_divschar.c:39:    iTemp17 [k24 lr26:27 so:0]{ ia0 a2p0 re0 rm0 nos0 ru0 dp0}{unsigned-int fixed}[r0x1006 r0x1007 ] = (unsigned-int fixed)iTemp1 [k4 lr4:50 so:0]{ ia0 a2p0 re1 rm0 nos0 ru0 dp0}{char fixed}{ sir@ __divschar_b_1_2}[r0x1001 ]
0040   5800           00195         MOVAR   r0x1001
0041   5600           00196         MOVRA   r0x1006
0042   7600           00197         CLRR    r0x1007
0043   FE00           00198         JBCLR   r0x1006,7
0044   6E00           00199         DECR    r0x1007
                      00200 ;;[ICODE] ../libsdcc/_divschar.c:39:    iTemp18 [k25 lr27:29 so:0]{ ia0 a2p0 re0 rm0 nos0 ru0 dp0}{unsigned-char fixed}[r0x1008 ] = (unsigned-char fixed)iTemp17 [k24 lr26:27 so:0]{ ia0 a2p0 re0 rm0 nos0 ru0 dp0}{unsigned-int fixed}[r0x1006 r0x1007 ]
                      00201 ;;107   MOVAR   r0x1006
                      00202 ;;[ICODE] ../libsdcc/_divschar.c:39:    send iTemp16 [k23 lr25:29 so:0]{ ia0 a2p0 re0 rm0 nos0 ru1 dp0}{unsigned-char fixed}[r0x1002 ]{argreg = 1}
                      00203 ;;[ICODE] ../libsdcc/_divschar.c:39:    send iTemp18 [k25 lr27:29 so:0]{ ia0 a2p0 re0 rm0 nos0 ru0 dp0}{unsigned-char fixed}[r0x1008 ]{argreg = 1}
                      00204 ;;[ICODE] ../libsdcc/_divschar.c:39:    iTemp19 [k26 lr30:31 so:0]{ ia0 a2p0 re0 rm0 nos0 ru0 dp0}{unsigned-char fixed}[r0x1002 ] = call __divuchar [k8 lr0:0 so:0]{ ia0 a2p0 re0 rm0 nos0 ru0 dp0}{unsigned-char function ( unsigned-char fixed, unsigned-char fixed) fixed}
                      00205 ;;106   MOVAR   r0x1008
0045   5800           00206         MOVAR   r0x1006
0046   5600           00207         MOVRA   r0x1008
0047   5600           00208         MOVRA   STK00
0048   5800           00209         MOVAR   r0x1002
0049   8000           00210         CALL    __divuchar
004A   5600           00211         MOVRA   r0x1002
                      00212 ;;[ICODE] ../libsdcc/_divschar.c:39:    iTemp20 [k27 lr31:32 so:0]{ ia0 a2p0 re0 rm0 nos0 ru1 dp0}{unsigned-char fixed}[r0x1002 ] = - iTemp19 [k26 lr30:31 so:0]{ ia0 a2p0 re0 rm0 nos0 ru0 dp0}{unsigned-char fixed}[r0x1002 ]
004B   7200           00213         COMR    r0x1002
004C   6600           00214         INCR    r0x1002
                      00215 ;;[ICODE] ../libsdcc/_divschar.c:39:    ret iTemp20 [k27 lr31:32 so:0]{ ia0 a2p0 re0 rm0 nos0 ru1 dp0}{unsigned-char fixed}[r0x1002 ]
004D   5800           00216         MOVAR   r0x1002
004E   A000           00217         GOTO    _00114_DS_
                      00218 ;;[ICODE] ../libsdcc/_divschar.c:39:  _iffalse_2($8) :
                      00219 ;;[ICODE] ../libsdcc/_divschar.c:42:    iTemp21 [k28 lr34:35 so:0]{ ia0 a2p0 re0 rm0 nos0 ru0 dp0}{char fixed} = iTemp1 [k4 lr4:50 so:0]{ ia0 a2p0 re1 rm0 nos0 ru0 dp0}{char fixed}{ sir@ __divschar_b_1_2}[r0x1001 ] < 0x0 {const-char literal}
                      00220 ;;signed compare: left < lit(0x0=0), size=1, mask=ff
004F                  00221 _00112_DS_
                      00222 ;       .line   42; "../libsdcc/_divschar.c"    if (b < 0)
004F   C1B7           00223         BSET    STATUS,0
0050   EE00           00224         JBSET   r0x1001,7
0051   D1B7           00225         BCLR    STATUS,0
0052   E1B7           00226         JBSET   STATUS,0
0053   A000           00227         GOTO    _00109_DS_
                      00228 ;;genSkipc:3246: created from rifx:0xbff5b560
                      00229 ;;[ICODE] ../libsdcc/_divschar.c:42:    if iTemp21 [k28 lr34:35 so:0]{ ia0 a2p0 re0 rm0 nos0 ru0 dp0}{char fixed} == 0 goto _iffalse_1($5)
                      00230 ;;[ICODE] ../libsdcc/_divschar.c:43:    iTemp22 [k29 lr36:37 so:0]{ ia0 a2p0 re0 rm0 nos0 ru0 dp0}{unsigned-int fixed}[r0x1002 r0x1006 ] = (unsigned-int fixed)iTemp0 [k2 lr3:48 so:0]{ ia0 a2p0 re1 rm0 nos0 ru0 dp0}{char fixed}{ sir@ __divschar_a_1_2}[r0x1000 ]
                      00231 ;       .line   43; "../libsdcc/_divschar.c"    return -_divuchar ((unsigned int)a, (unsigned int)-b);
0054   5800           00232         MOVAR   r0x1000
0055   5600           00233         MOVRA   r0x1002
0056   7600           00234         CLRR    r0x1006
0057   FE00           00235         JBCLR   r0x1002,7
0058   6E00           00236         DECR    r0x1006
                      00237 ;;[ICODE] ../libsdcc/_divschar.c:43:    iTemp23 [k30 lr37:43 so:0]{ ia0 a2p0 re0 rm0 nos0 ru1 dp0}{unsigned-char fixed}[r0x1007 ] = (unsigned-char fixed)iTemp22 [k29 lr36:37 so:0]{ ia0 a2p0 re0 rm0 nos0 ru0 dp0}{unsigned-int fixed}[r0x1002 r0x1006 ]
0059   5800           00238         MOVAR   r0x1002
005A   5600           00239         MOVRA   r0x1007
                      00240 ;;[ICODE] ../libsdcc/_divschar.c:43:    iTemp24 [k31 lr38:39 so:0]{ ia0 a2p0 re0 rm0 nos0 ru0 dp0}{int fixed}[r0x1002 r0x1006 ] = (int fixed)iTemp1 [k4 lr4:50 so:0]{ ia0 a2p0 re1 rm0 nos0 ru0 dp0}{char fixed}{ sir@ __divschar_b_1_2}[r0x1001 ]
005B   5800           00241         MOVAR   r0x1001
005C   5600           00242         MOVRA   r0x1002
005D   7600           00243         CLRR    r0x1006
005E   FE00           00244         JBCLR   r0x1002,7
005F   6E00           00245         DECR    r0x1006
                      00246 ;;[ICODE] ../libsdcc/_divschar.c:43:    iTemp25 [k32 lr39:40 so:0]{ ia0 a2p0 re0 rm0 nos0 ru0 dp0}{int fixed}[r0x1002 r0x1006 ] = - iTemp24 [k31 lr38:39 so:0]{ ia0 a2p0 re0 rm0 nos0 ru0 dp0}{int fixed}[r0x1002 r0x1006 ]
0060   7200           00247         COMR    r0x1002
0061   7200           00248         COMR    r0x1006
0062   6600           00249         INCR    r0x1002
0063   F5B7           00250         JBCLR   STATUS,2
0064   6600           00251         INCR    r0x1006
                      00252 ;;[ICODE] ../libsdcc/_divschar.c:43:    iTemp26 [k33 lr40:41 so:0]{ ia0 a2p0 re0 rm0 nos0 ru0 dp0}{unsigned-int fixed}[r0x1008 r0x1009 ] = (unsigned-int fixed)iTemp25 [k32 lr39:40 so:0]{ ia0 a2p0 re0 rm0 nos0 ru0 dp0}{int fixed}[r0x1002 r0x1006 ]
                      00253 ;;112   MOVAR   r0x1002
0065   5800           00254         MOVAR   r0x1006
                      00255 ;;1     MOVRA   r0x1009
                      00256 ;;[ICODE] ../libsdcc/_divschar.c:43:    iTemp27 [k34 lr41:43 so:0]{ ia0 a2p0 re0 rm0 nos0 ru0 dp0}{unsigned-char fixed}[r0x1002 ] = (unsigned-char fixed)iTemp26 [k33 lr40:41 so:0]{ ia0 a2p0 re0 rm0 nos0 ru0 dp0}{unsigned-int fixed}[r0x1008 r0x1009 ]
                      00257 ;;102   MOVAR   r0x1008
                      00258 ;;[ICODE] ../libsdcc/_divschar.c:43:    send iTemp23 [k30 lr37:43 so:0]{ ia0 a2p0 re0 rm0 nos0 ru1 dp0}{unsigned-char fixed}[r0x1007 ]{argreg = 1}
                      00259 ;;[ICODE] ../libsdcc/_divschar.c:43:    send iTemp27 [k34 lr41:43 so:0]{ ia0 a2p0 re0 rm0 nos0 ru0 dp0}{unsigned-char fixed}[r0x1002 ]{argreg = 1}
                      00260 ;;[ICODE] ../libsdcc/_divschar.c:43:    iTemp28 [k35 lr44:45 so:0]{ ia0 a2p0 re0 rm0 nos0 ru0 dp0}{unsigned-char fixed}[r0x1002 ] = call __divuchar [k8 lr0:0 so:0]{ ia0 a2p0 re0 rm0 nos0 ru0 dp0}{unsigned-char function ( unsigned-char fixed, unsigned-char fixed) fixed}
                      00261 ;;101   MOVAR   r0x1002
                      00262 ;;111   MOVAR   r0x1008
0066   5800           00263         MOVAR   r0x1002
0067   5600           00264         MOVRA   r0x1008
0068   5600           00265         MOVRA   r0x1002
0069   5600           00266         MOVRA   STK00
006A   5800           00267         MOVAR   r0x1007
006B   8000           00268         CALL    __divuchar
006C   5600           00269         MOVRA   r0x1002
                      00270 ;;[ICODE] ../libsdcc/_divschar.c:43:    iTemp29 [k36 lr45:46 so:0]{ ia0 a2p0 re0 rm0 nos0 ru1 dp0}{unsigned-char fixed}[r0x1002 ] = - iTemp28 [k35 lr44:45 so:0]{ ia0 a2p0 re0 rm0 nos0 ru0 dp0}{unsigned-char fixed}[r0x1002 ]
006D   7200           00271         COMR    r0x1002
006E   6600           00272         INCR    r0x1002
                      00273 ;;[ICODE] ../libsdcc/_divschar.c:43:    ret iTemp29 [k36 lr45:46 so:0]{ ia0 a2p0 re0 rm0 nos0 ru1 dp0}{unsigned-char fixed}[r0x1002 ]
006F   5800           00274         MOVAR   r0x1002
0070   A000           00275         GOTO    _00114_DS_
                      00276 ;;[ICODE] ../libsdcc/_divschar.c:43:  _iffalse_1($5) :
                      00277 ;;[ICODE] ../libsdcc/_divschar.c:45:    iTemp30 [k37 lr48:49 so:0]{ ia0 a2p0 re0 rm0 nos0 ru0 dp0}{unsigned-int fixed}[r0x1002 r0x1007 ] = (unsigned-int fixed)iTemp0 [k2 lr3:48 so:0]{ ia0 a2p0 re1 rm0 nos0 ru0 dp0}{char fixed}{ sir@ __divschar_a_1_2}[r0x1000 ]
0071                  00278 _00109_DS_
                      00279 ;       .line   45; "../libsdcc/_divschar.c"    return _divuchar ((unsigned int)a, (unsigned int)b);
0071   5800           00280         MOVAR   r0x1000
0072   5600           00281         MOVRA   r0x1002
0073   7600           00282         CLRR    r0x1007
0074   FE00           00283         JBCLR   r0x1002,7
0075   6E00           00284         DECR    r0x1007
                      00285 ;;[ICODE] ../libsdcc/_divschar.c:45:    iTemp31 [k38 lr49:53 so:0]{ ia0 a2p0 re0 rm0 nos0 ru1 dp0}{unsigned-char fixed}[r0x1000 ] = (unsigned-char fixed)iTemp30 [k37 lr48:49 so:0]{ ia0 a2p0 re0 rm0 nos0 ru0 dp0}{unsigned-int fixed}[r0x1002 r0x1007 ]
0076   5800           00286         MOVAR   r0x1002
0077   5600           00287         MOVRA   r0x1000
                      00288 ;;[ICODE] ../libsdcc/_divschar.c:45:    iTemp32 [k39 lr50:51 so:0]{ ia0 a2p0 re0 rm0 nos0 ru0 dp0}{unsigned-int fixed}[r0x1002 r0x1007 ] = (unsigned-int fixed)iTemp1 [k4 lr4:50 so:0]{ ia0 a2p0 re1 rm0 nos0 ru0 dp0}{char fixed}{ sir@ __divschar_b_1_2}[r0x1001 ]
0078   5800           00289         MOVAR   r0x1001
0079   5600           00290         MOVRA   r0x1002
007A   7600           00291         CLRR    r0x1007
007B   FE00           00292         JBCLR   r0x1002,7
007C   6E00           00293         DECR    r0x1007
                      00294 ;;[ICODE] ../libsdcc/_divschar.c:45:    iTemp33 [k40 lr51:53 so:0]{ ia0 a2p0 re0 rm0 nos0 ru0 dp0}{unsigned-char fixed}[r0x1001 ] = (unsigned-char fixed)iTemp32 [k39 lr50:51 so:0]{ ia0 a2p0 re0 rm0 nos0 ru0 dp0}{unsigned-int fixed}[r0x1002 r0x1007 ]
                      00295 ;;100   MOVAR   r0x1002
                      00296 ;;[ICODE] ../libsdcc/_divschar.c:45:    send iTemp31 [k38 lr49:53 so:0]{ ia0 a2p0 re0 rm0 nos0 ru1 dp0}{unsigned-char fixed}[r0x1000 ]{argreg = 1}
                      00297 ;;[ICODE] ../libsdcc/_divschar.c:45:    send iTemp33 [k40 lr51:53 so:0]{ ia0 a2p0 re0 rm0 nos0 ru0 dp0}{unsigned-char fixed}[r0x1001 ]{argreg = 1}
                      00298 ;;[ICODE] ../libsdcc/_divschar.c:45:    iTemp34 [k41 lr54:55 so:0]{ ia0 a2p0 re0 rm0 nos0 ru1 dp0}{unsigned-char fixed}[r0x1000 ] = call __divuchar [k8 lr0:0 so:0]{ ia0 a2p0 re0 rm0 nos0 ru0 dp0}{unsigned-char function ( unsigned-char fixed, unsigned-char fixed) fixed}
                      00299 ;;99    MOVAR   r0x1001
007D   5800           00300         MOVAR   r0x1002
007E   5600           00301         MOVRA   r0x1001
007F   5600           00302         MOVRA   STK00
0080   5800           00303         MOVAR   r0x1000
0081   8000           00304         CALL    __divuchar
0082   5600           00305         MOVRA   r0x1000
                      00306 ;;[ICODE] ../libsdcc/_divschar.c:45:    ret iTemp34 [k41 lr54:55 so:0]{ ia0 a2p0 re0 rm0 nos0 ru1 dp0}{unsigned-char fixed}[r0x1000 ]
0083   5800           00307         MOVAR   r0x1000
                      00308 ;;[ICODE] ../libsdcc/_divschar.c:45:  _return($10) :
                      00309 ;;[ICODE] ../libsdcc/_divschar.c:45:    eproc __divschar [k1 lr0:0 so:0]{ ia0 a2p0 re0 rm0 nos0 ru0 dp0}{char function ( char fixed, char fixed) fixed}
0084                  00310 _00114_DS_
0084   000C           00311         RETURN  
                      00312 ; exit point of __divschar
                      00313 
                      00314 
                      00315 ;       code size estimation:
                      00316 ;         133+    0 =   133 instructions (  266 byte)
                      00317 
                      00318         end
gpasm-1.7.0_beta1 (Jan 22 2015)_divschar.asm      2015-1-22  23:36:58          PAGE  2


SYMBOL TABLE
  LABEL                             VALUE

DKW0                              000001E6
DKW1                              000001E7
DKWP1                             000001CE
DKWP2                             000001D6
FSR                               000001B4
FSR0                              000001B4
FSR1                              000001B5
HIBYTE                            000001B3
INDF                              000001B0
INDF0                             000001B0
INDF1                             000001B1
INDF2                             000001B2
INDF3                             000001B9
INTE                              000001BA
INTF                              000001BB
IOP1                              000001C8
IOP2                              000001D0
KBCR                              000001D7
MCR                               000001B8
OEP1                              000001C9
OEP2                              000001D1
OPCR0                             000001E4
OPCR1                             000001E5
OSCM                              000001BC
PCL                               000001B6
PFLAG                             000001B7
PUP1                              000001CA
PUP2                              000001D2
STATUS                            000001B7
STK00                             00000000
STK01                             00000000
STK02                             00000000
STK03                             00000000
STK04                             00000000
STK05                             00000000
STK06                             00000000
T0CR                              000001D8
T0LATFH                           000001DC
T0LATFL                           000001DB
T0LATRH                           000001DE
T0LATRL                           000001DD
T0LOADH                           000001D9
T0LOADL                           000001DA
T1CR                              000001E0
T1DATA                            000001E1
T1LOAD                            000001E2
_00106_DS_                        00000031
_00109_DS_                        00000071
_00112_DS_                        0000004F
_00114_DS_                        00000084
__33P78                           00000001
__divschar                        00000000
__divuchar                        00000000
r0x1000                           00000000
r0x1001                           00000001
r0x1002                           00000002
r0x1003                           00000003
r0x1004                           00000004
r0x1005                           00000005
r0x1006                           00000006
r0x1007                           00000007
r0x1008                           00000008
C                                 PFLAG,0
CLKS                              OSCM,2
DC                                PFLAG,1
DKWE                              DKW0,7
GIE                               MCR,7
HFEN                              OSCM,0
INT0IE                            INTE,2
INT0IF                            INTF,2
INT1IE                            INTE,3
INT1IF                            INTF,3
IROS                              DKW0,6
IROT                              DKW0,5
ISEL0                             DKW0,0
ISEL1                             DKW0,1
KBIE                              INTE,7
KBIF                              INTF,7
LFEN                              OSCM,1
MINT11                            MCR,3
PD                                MCR,4
RSEL                              DKW0,2
STBH                              OSCM,4
STBL                              OSCM,5
T0IE                              INTE,0
T0IF                              INTF,0
T0RF                              INTF,6
T1IE                              INTE,1
T1IF                              INTF,1
TC0EN                             T0CR,7
TC1EN                             T1CR,7
TO                                MCR,5
WSEL0                             DKW0,4
WSEL1                             DKW0,3
Z                                 PFLAG,2

Errors   :     0
Warnings :     0 reported,     0 suppressed
Messages :     0 reported,     0 suppressed

