gpasm-1.7.0_beta1 (Jan 22 2015)fs2slong.asm       2015-1-22  23:36:59          PAGE  1


LOC  OBJECT CODE     LINE SOURCE TEXT
  VALUE

                      00001 ;--------------------------------------------------------
                      00002 ; File Created by SN-SDCC : ANSI-C Compiler
                      00003 ; Version 0.0.4 (Jan 22 2015) (Linux)
                      00004 ; This file was generated Thu Jan 22 23:36:59 2015
                      00005 ;--------------------------------------------------------
                      00006 ; MC3X port for the RISC core
                      00007 ;--------------------------------------------------------
                      00008 ;       .file   "../libsdcc/fs2slong.c"
                      00009         list    p=33p78
                      00010         radix dec
                      00011         include "mc33p78.inc"
                      00001 
                      00002 ;mc33p78 header file
                      00003 ;define must write at first row
                      00004 
  000001B0            00005 INDF    EQU     0X01B0       
  000001B0            00006 INDF0   EQU     0X01B0
  000001B1            00007 INDF1   EQU     0X01B1
  000001B2            00008 INDF2   EQU     0X01B2
  000001B3            00009 HIBYTE  EQU     0X01B3
  000001B4            00010 FSR     EQU     0X01B4
  000001B4            00011 FSR0    EQU     0X01B4
  000001B5            00012 FSR1    EQU     0X1B5
  000001B6            00013 PCL     EQU     0X1B6
  000001B7            00014 PFLAG   EQU    0X1B7
  000001B7            00015 STATUS  EQU     0X1B7
  000001B8            00016 MCR     EQU     0X1B8
  000001B9            00017 INDF3   EQU    0X1B9   
  000001BA            00018 INTE    EQU     0X1BA
  000001BB            00019 INTF    EQU     0X1BB
  000001BC            00020 OSCM    EQU     0X1BC
                      00021 ;IOP0    EQU     0X1C0
                      00022 ;OEP0    EQU     0X1C1
                      00023 ;PUP0    EQU     0X1C2
                      00024 ;IOP1    EQU     0X1C4
                      00025 ;OEP1    EQU     0X1C5
                      00026 ;PUP1    EQU     0X1C6
  000001C8            00027 IOP1    EQU     0X1C8
  000001C9            00028 OEP1    EQU     0X1C9
  000001CA            00029 PUP1    EQU     0X1CA
                      00030 
  000001CE            00031 DKWP1    EQU     0X1CE
                      00032 
  000001D0            00033 IOP2    EQU     0X1D0
  000001D1            00034 OEP2    EQU     0X1D1
  000001D2            00035 PUP2    EQU     0X1D2
                      00036 ;T0DATA  EQU     0X1D3
                      00037 ;T1CR    EQU     0X1D4
                      00038 ;T1CNT   EQU     0X1D5
  000001D6            00039 DKWP2   EQU     0X1D6
  000001D7            00040 KBCR    EQU     0X1D7
  000001D8            00041 T0CR    EQU     0X1D8
  000001D9            00042 T0LOADH EQU     0X1D9
  000001DA            00043 T0LOADL  EQU     0X1DA
  000001DB            00044 T0LATFL   EQU     0X1DB
  000001DC            00045 T0LATFH EQU     0X1DC
                      00046 
  000001DD            00047 T0LATRL  EQU     0X1DD
  000001DE            00048 T0LATRH  EQU     0X1DE
                      00049 
  000001E0            00050 T1CR    EQU     0X1E0
  000001E1            00051 T1DATA  EQU     0X1E1
  000001E2            00052 T1LOAD  EQU     0X1E2
                      00053 
  000001E4            00054 OPCR0   EQU     0X1E4
  000001E5            00055 OPCR1   EQU     0X1E5
  000001E6            00056 DKW0    EQU     0X1E6
  000001E7            00057 DKW1    EQU     0X1E7
                      00058 
                      00059 ;pflag bit 
                      00060 #define         Z       PFLAG,2
                      00061 #define         DC      PFLAG,1
                      00062 #define         C       PFLAG,0 
                      00063 
                      00064 ;MCR
                      00065 #define         GIE     MCR,7
                      00066 #DEFINE         TO      MCR,5
                      00067 #DEFINE         PD      MCR,4
                      00068 #DEFINE         MINT11  MCR,3
                      00069 
                      00070 
                      00071 ;INTE
                      00072 #define         KBIE    INTE,7
                      00073 #DEFINE         INT1IE  INTE,3
                      00074 #DEFINE         INT0IE  INTE,2
                      00075 #DEFINE         T1IE    INTE,1
                      00076 #define         T0IE    INTE,0
                      00077 
                      00078 ;INTF
                      00079 #DEFINE         KBIF    INTF,7
                      00080 #DEFINE         T0RF    INTF,6
                      00081 #DEFINE         INT1IF  INTF,3
                      00082 #DEFINE         INT0IF  INTF,2
                      00083 #DEFINE         T1IF    INTF,1
                      00084 #DEFINE         T0IF    INTF,0
                      00085 
                      00086 ;DKW0
                      00087 #DEFINE         DKWE    DKW0,7
                      00088 #DEFINE         IROS    DKW0,6
                      00089 #DEFINE         IROT    DKW0,5         
                      00090 #DEFINE         WSEL0   DKW0,4
                      00091 #DEFINE         WSEL1   DKW0,3
                      00092 #DEFINE         RSEL    DKW0,2
                      00093 #DEFINE         ISEL1   DKW0,1
                      00094 #define         ISEL0   DKW0,0 
                      00095 
                      00096 #define                                 HFEN            OSCM,0
                      00097 #define                                 LFEN            OSCM,1
                      00098 #define                                 CLKS            OSCM,2
                      00099 #define                                 STBH            OSCM,4
                      00100 #DEFINE                                 STBL            OSCM,5
                      00101 
                      00102 ;T0CR
                      00103 #DEFINE         TC0EN   T0CR,7
                      00104 ;#DEFINE  
                      00105 
                      00106 ;T1CR
                      00107 #DEFINE         TC1EN   T1CR,7
                      00108          
                      00109     
                      00110 
                      00111 
                      00012 ;--------------------------------------------------------
                      00013 ; external declarations
                      00014 ;--------------------------------------------------------
                      00015         extern  ___uchar2fs
                      00016         extern  ___schar2fs
                      00017         extern  ___uint2fs
                      00018         extern  ___sint2fs
                      00019         extern  ___ulong2fs
                      00020         extern  ___slong2fs
                      00021         extern  ___fs2uchar
                      00022         extern  ___fs2schar
                      00023         extern  ___fs2uint
                      00024         extern  ___fs2sint
                      00025         extern  ___fs2ulong
                      00026         extern  ___fsadd
                      00027         extern  ___fssub
                      00028         extern  ___fsmul
                      00029         extern  ___fsdiv
                      00030         extern  ___fslt
                      00031         extern  ___fseq
                      00032         extern  ___fsneq
                      00033         extern  ___fsgt
                      00034 
                      00035         extern STK06
                      00036         extern STK05
                      00037         extern STK04
                      00038         extern STK03
                      00039         extern STK02
                      00040         extern STK01
                      00041         extern STK00
                      00042 ;--------------------------------------------------------
                      00043 ; global declarations
                      00044 ;--------------------------------------------------------
                      00045         global  ___fs2slong
                      00046 
                      00047 ;--------------------------------------------------------
                      00048 ; global definitions
                      00049 ;--------------------------------------------------------
                      00050 ;--------------------------------------------------------
                      00051 ; absolute symbol definitions
                      00052 ;--------------------------------------------------------
                      00053 ;--------------------------------------------------------
                      00054 ; compiler-defined variables
                      00055 ;--------------------------------------------------------
                      00056 UDL_fs2slong_0  udata
0000                  00057 r0x1003 res     1
0000                  00058 r0x1002 res     1
0001                  00059 r0x1001 res     1
0001                  00060 r0x1000 res     1
0002                  00061 r0x1004 res     1
0002                  00062 r0x1007 res     1
0003                  00063 r0x1006 res     1
0003                  00064 r0x1005 res     1
                      00065 ;--------------------------------------------------------
                      00066 ; initialized data
                      00067 ;--------------------------------------------------------
                      00068 ;--------------------------------------------------------
                      00069 ; overlayable items in internal ram 
                      00070 ;--------------------------------------------------------
                      00071 ;       udata_ovr
                      00072 ;--------------------------------------------------------
                      00073 ; code
                      00074 ;--------------------------------------------------------
                      00075 code_fs2slong   code
                      00076 ;***
                      00077 ;  pBlock Stats: dbName = C
                      00078 ;***
                      00079 ;entry:  ___fs2slong    ;Function start
                      00080 ; 2 exit points
                      00081 ;has an exit
                      00082 ;functions called:
                      00083 ;   ___fslt
                      00084 ;   ___fs2ulong
                      00085 ;   ___fs2ulong
                      00086 ;   ___fslt
                      00087 ;   ___fs2ulong
                      00088 ;   ___fs2ulong
                      00089 ;15 compiler assigned registers:
                      00090 ;   r0x1000
                      00091 ;   STK00
                      00092 ;   r0x1001
                      00093 ;   STK01
                      00094 ;   r0x1002
                      00095 ;   STK02
                      00096 ;   r0x1003
                      00097 ;   STK06
                      00098 ;   STK05
                      00099 ;   STK04
                      00100 ;   STK03
                      00101 ;   r0x1004
                      00102 ;   r0x1005
                      00103 ;   r0x1006
                      00104 ;   r0x1007
                      00105 ;; Starting pCode block
                      00106 ;;[ICODE] ../libsdcc/fs2slong.c:33:  _entry($7) :
                      00107 ;;[ICODE] ../libsdcc/fs2slong.c:33:     proc ___fs2slong [k1 lr0:0 so:0]{ ia0 a2p0 re0 rm0 nos0 ru0 dp0}{long-int function ( float fixed) fixed}
0000                  00108 ___fs2slong     ;Function start
                      00109 ; 2 exit points
                      00110 ;;[ICODE] ../libsdcc/fs2slong.c:33: iTemp0 [k2 lr3:17 so:0]{ ia0 a2p0 re1 rm0 nos0 ru0 dp0}{float fixed}{ sir@ ___fs2slong_f_1_21}[r0x1000 r0x1001 r0x1002 r0x1003 ] = recv ___fs2slong [k1 lr0:0 so:0]{ ia0 a2p0 re0 rm0 nos0 ru0 dp0}{long-int function ( float fixed) fixed}
                      00111 ;       .line   33; "../libsdcc/fs2slong.c"     signed long __fs2slong (float f) _FS_REENTRANT
0000   5600           00112         MOVRA   r0x1000
0001   5800           00113         MOVAR   STK00
0002   5600           00114         MOVRA   r0x1001
0003   5800           00115         MOVAR   STK01
0004   5600           00116         MOVRA   r0x1002
0005   5800           00117         MOVAR   STK02
0006   5600           00118         MOVRA   r0x1003
                      00119 ;;[ICODE] ../libsdcc/fs2slong.c:36:     if iTemp0 [k2 lr3:17 so:0]{ ia0 a2p0 re1 rm0 nos0 ru0 dp0}{float fixed}{ sir@ ___fs2slong_f_1_21}[r0x1000 r0x1001 r0x1002 r0x1003 ] != 0 goto _iffalse_0($2)
                      00120 ;       .line   36; "../libsdcc/fs2slong.c"     if (!f)
0007   5800           00121         MOVAR   r0x1003
0008   5C00           00122         ORAR    r0x1002
0009   5C00           00123         ORAR    r0x1001
000A   5C00           00124         ORAR    r0x1000
000B   E5B7           00125         JBSET   STATUS,2
000C   A000           00126         GOTO    _00106_DS_
                      00127 ;;[ICODE] ../libsdcc/fs2slong.c:37:     ret 0x0 {long-int literal}
                      00128 ;       .line   37; "../libsdcc/fs2slong.c"     return 0;
000D   3C00           00129         MOVAI   0x00
000E   5600           00130         MOVRA   STK02
000F   3C00           00131         MOVAI   0x00
0010   5600           00132         MOVRA   STK01
0011   3C00           00133         MOVAI   0x00
0012   5600           00134         MOVRA   STK00
0013   3C00           00135         MOVAI   0x00
0014   A000           00136         GOTO    _00110_DS_
                      00137 ;;[ICODE] ../libsdcc/fs2slong.c:37:  _iffalse_0($2) :
                      00138 ;;[ICODE] ../libsdcc/fs2slong.c:39:     send iTemp0 [k2 lr3:17 so:0]{ ia0 a2p0 re1 rm0 nos0 ru0 dp0}{float fixed}{ sir@ ___fs2slong_f_1_21}[r0x1000 r0x1001 r0x1002 r0x1003 ]{argreg = 1}
                      00139 ;;[ICODE] ../libsdcc/fs2slong.c:39:     send 0 {float literal}{argreg = 1}
                      00140 ;;[ICODE] ../libsdcc/fs2slong.c:39:     iTemp1 [k4 lr9:10 so:0]{ ia0 a2p0 re0 rm0 nos0 ru0 dp0}{char fixed}[r0x1004 ] = call ___fslt [k11 lr0:0 so:0]{ ia0 a2p0 re0 rm0 nos0 ru0 dp0}{char function ( float fixed, float fixed) fixed}
0015                  00141 _00106_DS_
                      00142 ;       .line   39; "../libsdcc/fs2slong.c"     if (f<0) {
0015   3C00           00143         MOVAI   0x00
0016   5600           00144         MOVRA   STK06
0017   3C00           00145         MOVAI   0x00
0018   5600           00146         MOVRA   STK05
0019   3C00           00147         MOVAI   0x00
001A   5600           00148         MOVRA   STK04
001B   3C00           00149         MOVAI   0x00
001C   5600           00150         MOVRA   STK03
001D   5800           00151         MOVAR   r0x1003
001E   5600           00152         MOVRA   STK02
001F   5800           00153         MOVAR   r0x1002
0020   5600           00154         MOVRA   STK01
0021   5800           00155         MOVAR   r0x1001
0022   5600           00156         MOVRA   STK00
0023   5800           00157         MOVAR   r0x1000
0024   8000           00158         CALL    ___fslt
0025   5600           00159         MOVRA   r0x1004
                      00160 ;;[ICODE] ../libsdcc/fs2slong.c:39:     if iTemp1 [k4 lr9:10 so:0]{ ia0 a2p0 re0 rm0 nos0 ru0 dp0}{char fixed}[r0x1004 ] == 0 goto _iffalse_1($4)
0026   3C00           00161         MOVAI   0x00
0027   5C00           00162         ORAR    r0x1004
0028   F5B7           00163         JBCLR   STATUS,2
0029   A000           00164         GOTO    _00108_DS_
                      00165 ;;[ICODE] ../libsdcc/fs2slong.c:40:     iTemp2 [k6 lr11:12 so:0]{ ia0 a2p0 re0 rm0 nos0 ru1 dp0}{float fixed}[r0x1004 r0x1005 r0x1006 r0x1007 ] = - iTemp0 [k2 lr3:17 so:0]{ ia0 a2p0 re1 rm0 nos0 ru0 dp0}{float fixed}{ sir@ ___fs2slong_f_1_21}[r0x1000 r0x1001 r0x1002 r0x1003 ]
                      00166 ;       .line   40; "../libsdcc/fs2slong.c"     return -__fs2ulong(-f);
002A   5800           00167         MOVAR   r0x1000
002B   3980           00168         XORAI   0x80
002C   5600           00169         MOVRA   r0x1005
                      00170 ;;104   MOVAR   r0x1001
                      00171 ;;102   MOVAR   r0x1002
                      00172 ;;100   MOVAR   r0x1003
                      00173 ;;[ICODE] ../libsdcc/fs2slong.c:40:     send iTemp2 [k6 lr11:12 so:0]{ ia0 a2p0 re0 rm0 nos0 ru1 dp0}{float fixed}[r0x1004 r0x1005 r0x1006 r0x1007 ]{argreg = 1}
                      00174 ;;[ICODE] ../libsdcc/fs2slong.c:40:     iTemp3 [k8 lr13:14 so:0]{ ia0 a2p0 re0 rm0 nos0 ru0 dp0}{unsigned-long-int fixed}[r0x1004 r0x1005 r0x1006 r0x1007 ] = call ___fs2ulong [k5 lr0:0 so:0]{ ia0 a2p0 re0 rm0 nos0 ru0 dp0}{unsigned-long-int function ( float fixed) fixed}
                      00175 ;;99    MOVAR   r0x1004
002D   5800           00176         MOVAR   r0x1003
002E   5600           00177         MOVRA   r0x1004
002F   5600           00178         MOVRA   STK02
                      00179 ;;101   MOVAR   r0x1007
0030   5800           00180         MOVAR   r0x1002
0031   5600           00181         MOVRA   r0x1007
0032   5600           00182         MOVRA   STK01
                      00183 ;;103   MOVAR   r0x1006
0033   5800           00184         MOVAR   r0x1001
0034   5600           00185         MOVRA   r0x1006
0035   5600           00186         MOVRA   STK00
0036   5800           00187         MOVAR   r0x1005
0037   8000           00188         CALL    ___fs2ulong
0038   5600           00189         MOVRA   r0x1005
0039   5800           00190         MOVAR   STK00
003A   5600           00191         MOVRA   r0x1006
003B   5800           00192         MOVAR   STK01
003C   5600           00193         MOVRA   r0x1007
003D   5800           00194         MOVAR   STK02
003E   5600           00195         MOVRA   r0x1004
                      00196 ;;[ICODE] ../libsdcc/fs2slong.c:40:     iTemp4 [k9 lr14:15 so:0]{ ia0 a2p0 re0 rm0 nos0 ru1 dp0}{unsigned-long-int fixed}[r0x1004 r0x1005 r0x1006 r0x1007 ] = - iTemp3 [k8 lr13:14 so:0]{ ia0 a2p0 re0 rm0 nos0 ru0 dp0}{unsigned-long-int fixed}[r0x1004 r0x1005 r0x1006 r0x1007 ]
003F   7200           00197         COMR    r0x1004
0040   7200           00198         COMR    r0x1007
0041   7200           00199         COMR    r0x1006
0042   7200           00200         COMR    r0x1005
0043   6600           00201         INCR    r0x1004
0044   F5B7           00202         JBCLR   STATUS,2
0045   6600           00203         INCR    r0x1007
0046   F5B7           00204         JBCLR   STATUS,2
0047   6600           00205         INCR    r0x1006
0048   F5B7           00206         JBCLR   STATUS,2
0049   6600           00207         INCR    r0x1005
                      00208 ;;[ICODE] ../libsdcc/fs2slong.c:40:     ret iTemp4 [k9 lr14:15 so:0]{ ia0 a2p0 re0 rm0 nos0 ru1 dp0}{unsigned-long-int fixed}[r0x1004 r0x1005 r0x1006 r0x1007 ]
004A   5800           00209         MOVAR   r0x1004
004B   5600           00210         MOVRA   STK02
004C   5800           00211         MOVAR   r0x1007
004D   5600           00212         MOVRA   STK01
004E   5800           00213         MOVAR   r0x1006
004F   5600           00214         MOVRA   STK00
0050   5800           00215         MOVAR   r0x1005
0051   A000           00216         GOTO    _00110_DS_
                      00217 ;;[ICODE] ../libsdcc/fs2slong.c:40:  _iffalse_1($4) :
                      00218 ;;[ICODE] ../libsdcc/fs2slong.c:42:     send iTemp0 [k2 lr3:17 so:0]{ ia0 a2p0 re1 rm0 nos0 ru0 dp0}{float fixed}{ sir@ ___fs2slong_f_1_21}[r0x1000 r0x1001 r0x1002 r0x1003 ]{argreg = 1}
                      00219 ;;[ICODE] ../libsdcc/fs2slong.c:42:     iTemp5 [k10 lr18:19 so:0]{ ia0 a2p0 re0 rm0 nos0 ru1 dp0}{unsigned-long-int fixed}[r0x1000 r0x1001 r0x1002 r0x1003 ] = call ___fs2ulong [k5 lr0:0 so:0]{ ia0 a2p0 re0 rm0 nos0 ru0 dp0}{unsigned-long-int function ( float fixed) fixed}
0052                  00220 _00108_DS_
                      00221 ;       .line   42; "../libsdcc/fs2slong.c"     return __fs2ulong(f);
0052   5800           00222         MOVAR   r0x1003
0053   5600           00223         MOVRA   STK02
0054   5800           00224         MOVAR   r0x1002
0055   5600           00225         MOVRA   STK01
0056   5800           00226         MOVAR   r0x1001
0057   5600           00227         MOVRA   STK00
0058   5800           00228         MOVAR   r0x1000
0059   8000           00229         CALL    ___fs2ulong
005A   5600           00230         MOVRA   r0x1000
005B   5800           00231         MOVAR   STK00
005C   5600           00232         MOVRA   r0x1001
005D   5800           00233         MOVAR   STK01
005E   5600           00234         MOVRA   r0x1002
005F   5800           00235         MOVAR   STK02
0060   5600           00236         MOVRA   r0x1003
                      00237 ;;[ICODE] ../libsdcc/fs2slong.c:42:     ret iTemp5 [k10 lr18:19 so:0]{ ia0 a2p0 re0 rm0 nos0 ru1 dp0}{unsigned-long-int fixed}[r0x1000 r0x1001 r0x1002 r0x1003 ]
0061   5800           00238         MOVAR   r0x1003
0062   5600           00239         MOVRA   STK02
0063   5800           00240         MOVAR   r0x1002
0064   5600           00241         MOVRA   STK01
0065   5800           00242         MOVAR   r0x1001
0066   5600           00243         MOVRA   STK00
0067   5800           00244         MOVAR   r0x1000
                      00245 ;;[ICODE] ../libsdcc/fs2slong.c:42:  _return($6) :
                      00246 ;;[ICODE] ../libsdcc/fs2slong.c:42:     eproc ___fs2slong [k1 lr0:0 so:0]{ ia0 a2p0 re0 rm0 nos0 ru0 dp0}{long-int function ( float fixed) fixed}
0068                  00247 _00110_DS_
0068   000C           00248         RETURN  
                      00249 ; exit point of ___fs2slong
                      00250 
                      00251 
                      00252 ;       code size estimation:
                      00253 ;         105+    0 =   105 instructions (  210 byte)
                      00254 
                      00255         end
gpasm-1.7.0_beta1 (Jan 22 2015)fs2slong.asm       2015-1-22  23:36:59          PAGE  2


SYMBOL TABLE
  LABEL                             VALUE

DKW0                              000001E6
DKW1                              000001E7
DKWP1                             000001CE
DKWP2                             000001D6
FSR                               000001B4
FSR0                              000001B4
FSR1                              000001B5
HIBYTE                            000001B3
INDF                              000001B0
INDF0                             000001B0
INDF1                             000001B1
INDF2                             000001B2
INDF3                             000001B9
INTE                              000001BA
INTF                              000001BB
IOP1                              000001C8
IOP2                              000001D0
KBCR                              000001D7
MCR                               000001B8
OEP1                              000001C9
OEP2                              000001D1
OPCR0                             000001E4
OPCR1                             000001E5
OSCM                              000001BC
PCL                               000001B6
PFLAG                             000001B7
PUP1                              000001CA
PUP2                              000001D2
STATUS                            000001B7
STK00                             00000000
STK01                             00000000
STK02                             00000000
STK03                             00000000
STK04                             00000000
STK05                             00000000
STK06                             00000000
T0CR                              000001D8
T0LATFH                           000001DC
T0LATFL                           000001DB
T0LATRH                           000001DE
T0LATRL                           000001DD
T0LOADH                           000001D9
T0LOADL                           000001DA
T1CR                              000001E0
T1DATA                            000001E1
T1LOAD                            000001E2
_00106_DS_                        00000015
_00108_DS_                        00000052
_00110_DS_                        00000068
__33P78                           00000001
___fs2schar                       00000000
___fs2sint                        00000000
___fs2slong                       00000000
___fs2uchar                       00000000
___fs2uint                        00000000
___fs2ulong                       00000000
___fsadd                          00000000
___fsdiv                          00000000
___fseq                           00000000
___fsgt                           00000000
___fslt                           00000000
___fsmul                          00000000
___fsneq                          00000000
___fssub                          00000000
___schar2fs                       00000000
___sint2fs                        00000000
___slong2fs                       00000000
___uchar2fs                       00000000
___uint2fs                        00000000
___ulong2fs                       00000000
r0x1000                           00000003
r0x1001                           00000002
r0x1002                           00000001
r0x1003                           00000000
r0x1004                           00000004
r0x1005                           00000007
r0x1006                           00000006
r0x1007                           00000005
C                                 PFLAG,0
CLKS                              OSCM,2
DC                                PFLAG,1
DKWE                              DKW0,7
GIE                               MCR,7
HFEN                              OSCM,0
INT0IE                            INTE,2
INT0IF                            INTF,2
INT1IE                            INTE,3
INT1IF                            INTF,3
IROS                              DKW0,6
IROT                              DKW0,5
ISEL0                             DKW0,0
ISEL1                             DKW0,1
KBIE                              INTE,7
KBIF                              INTF,7
LFEN                              OSCM,1
MINT11                            MCR,3
PD                                MCR,4
RSEL                              DKW0,2
STBH                              OSCM,4
STBL                              OSCM,5
T0IE                              INTE,0
T0IF                              INTF,0
T0RF                              INTF,6
T1IE                              INTE,1
T1IF                              INTF,1
TC0EN                             T0CR,7
TC1EN                             T1CR,7
TO                                MCR,5
WSEL0                             DKW0,4
WSEL1                             DKW0,3
Z                                 PFLAG,2

Errors   :     0
Warnings :     0 reported,     0 suppressed
Messages :     0 reported,     0 suppressed

