gpasm-1.7.0_beta1 (Jan 22 2015)slong2fs.asm       2015-1-22  23:37:00          PAGE  1


LOC  OBJECT CODE     LINE SOURCE TEXT
  VALUE

                      00001 ;--------------------------------------------------------
                      00002 ; File Created by SN-SDCC : ANSI-C Compiler
                      00003 ; Version 0.0.4 (Jan 22 2015) (Linux)
                      00004 ; This file was generated Thu Jan 22 23:37:00 2015
                      00005 ;--------------------------------------------------------
                      00006 ; MC3X port for the RISC core
                      00007 ;--------------------------------------------------------
                      00008 ;       .file   "../libsdcc/slong2fs.c"
                      00009         list    p=33p78
                      00010         radix dec
                      00011         include "mc33p78.inc"
                      00001 
                      00002 ;mc33p78 header file
                      00003 ;define must write at first row
                      00004 
  000001B0            00005 INDF    EQU     0X01B0       
  000001B0            00006 INDF0   EQU     0X01B0
  000001B1            00007 INDF1   EQU     0X01B1
  000001B2            00008 INDF2   EQU     0X01B2
  000001B3            00009 HIBYTE  EQU     0X01B3
  000001B4            00010 FSR     EQU     0X01B4
  000001B4            00011 FSR0    EQU     0X01B4
  000001B5            00012 FSR1    EQU     0X1B5
  000001B6            00013 PCL     EQU     0X1B6
  000001B7            00014 PFLAG   EQU    0X1B7
  000001B7            00015 STATUS  EQU     0X1B7
  000001B8            00016 MCR     EQU     0X1B8
  000001B9            00017 INDF3   EQU    0X1B9   
  000001BA            00018 INTE    EQU     0X1BA
  000001BB            00019 INTF    EQU     0X1BB
  000001BC            00020 OSCM    EQU     0X1BC
                      00021 ;IOP0    EQU     0X1C0
                      00022 ;OEP0    EQU     0X1C1
                      00023 ;PUP0    EQU     0X1C2
                      00024 ;IOP1    EQU     0X1C4
                      00025 ;OEP1    EQU     0X1C5
                      00026 ;PUP1    EQU     0X1C6
  000001C8            00027 IOP1    EQU     0X1C8
  000001C9            00028 OEP1    EQU     0X1C9
  000001CA            00029 PUP1    EQU     0X1CA
                      00030 
  000001CE            00031 DKWP1    EQU     0X1CE
                      00032 
  000001D0            00033 IOP2    EQU     0X1D0
  000001D1            00034 OEP2    EQU     0X1D1
  000001D2            00035 PUP2    EQU     0X1D2
                      00036 ;T0DATA  EQU     0X1D3
                      00037 ;T1CR    EQU     0X1D4
                      00038 ;T1CNT   EQU     0X1D5
  000001D6            00039 DKWP2   EQU     0X1D6
  000001D7            00040 KBCR    EQU     0X1D7
  000001D8            00041 T0CR    EQU     0X1D8
  000001D9            00042 T0LOADH EQU     0X1D9
  000001DA            00043 T0LOADL  EQU     0X1DA
  000001DB            00044 T0LATFL   EQU     0X1DB
  000001DC            00045 T0LATFH EQU     0X1DC
                      00046 
  000001DD            00047 T0LATRL  EQU     0X1DD
  000001DE            00048 T0LATRH  EQU     0X1DE
                      00049 
  000001E0            00050 T1CR    EQU     0X1E0
  000001E1            00051 T1DATA  EQU     0X1E1
  000001E2            00052 T1LOAD  EQU     0X1E2
                      00053 
  000001E4            00054 OPCR0   EQU     0X1E4
  000001E5            00055 OPCR1   EQU     0X1E5
  000001E6            00056 DKW0    EQU     0X1E6
  000001E7            00057 DKW1    EQU     0X1E7
                      00058 
                      00059 ;pflag bit 
                      00060 #define         Z       PFLAG,2
                      00061 #define         DC      PFLAG,1
                      00062 #define         C       PFLAG,0 
                      00063 
                      00064 ;MCR
                      00065 #define         GIE     MCR,7
                      00066 #DEFINE         TO      MCR,5
                      00067 #DEFINE         PD      MCR,4
                      00068 #DEFINE         MINT11  MCR,3
                      00069 
                      00070 
                      00071 ;INTE
                      00072 #define         KBIE    INTE,7
                      00073 #DEFINE         INT1IE  INTE,3
                      00074 #DEFINE         INT0IE  INTE,2
                      00075 #DEFINE         T1IE    INTE,1
                      00076 #define         T0IE    INTE,0
                      00077 
                      00078 ;INTF
                      00079 #DEFINE         KBIF    INTF,7
                      00080 #DEFINE         T0RF    INTF,6
                      00081 #DEFINE         INT1IF  INTF,3
                      00082 #DEFINE         INT0IF  INTF,2
                      00083 #DEFINE         T1IF    INTF,1
                      00084 #DEFINE         T0IF    INTF,0
                      00085 
                      00086 ;DKW0
                      00087 #DEFINE         DKWE    DKW0,7
                      00088 #DEFINE         IROS    DKW0,6
                      00089 #DEFINE         IROT    DKW0,5         
                      00090 #DEFINE         WSEL0   DKW0,4
                      00091 #DEFINE         WSEL1   DKW0,3
                      00092 #DEFINE         RSEL    DKW0,2
                      00093 #DEFINE         ISEL1   DKW0,1
                      00094 #define         ISEL0   DKW0,0 
                      00095 
                      00096 #define                                 HFEN            OSCM,0
                      00097 #define                                 LFEN            OSCM,1
                      00098 #define                                 CLKS            OSCM,2
                      00099 #define                                 STBH            OSCM,4
                      00100 #DEFINE                                 STBL            OSCM,5
                      00101 
                      00102 ;T0CR
                      00103 #DEFINE         TC0EN   T0CR,7
                      00104 ;#DEFINE  
                      00105 
                      00106 ;T1CR
                      00107 #DEFINE         TC1EN   T1CR,7
                      00108          
                      00109     
                      00110 
                      00111 
                      00012 ;--------------------------------------------------------
                      00013 ; external declarations
                      00014 ;--------------------------------------------------------
                      00015         extern  ___uchar2fs
                      00016         extern  ___schar2fs
                      00017         extern  ___uint2fs
                      00018         extern  ___sint2fs
                      00019         extern  ___ulong2fs
                      00020         extern  ___fs2uchar
                      00021         extern  ___fs2schar
                      00022         extern  ___fs2uint
                      00023         extern  ___fs2sint
                      00024         extern  ___fs2ulong
                      00025         extern  ___fs2slong
                      00026         extern  ___fsadd
                      00027         extern  ___fssub
                      00028         extern  ___fsmul
                      00029         extern  ___fsdiv
                      00030         extern  ___fslt
                      00031         extern  ___fseq
                      00032         extern  ___fsneq
                      00033         extern  ___fsgt
                      00034 
                      00035         extern STK06
                      00036         extern STK05
                      00037         extern STK04
                      00038         extern STK03
                      00039         extern STK02
                      00040         extern STK01
                      00041         extern STK00
                      00042 ;--------------------------------------------------------
                      00043 ; global declarations
                      00044 ;--------------------------------------------------------
                      00045         global  ___slong2fs
                      00046 
                      00047 ;--------------------------------------------------------
                      00048 ; global definitions
                      00049 ;--------------------------------------------------------
                      00050 ;--------------------------------------------------------
                      00051 ; absolute symbol definitions
                      00052 ;--------------------------------------------------------
                      00053 ;--------------------------------------------------------
                      00054 ; compiler-defined variables
                      00055 ;--------------------------------------------------------
                      00056 UDL_slong2fs_0  udata
0000                  00057 r0x1003 res     1
0000                  00058 r0x1002 res     1
0001                  00059 r0x1001 res     1
0001                  00060 r0x1000 res     1
0002                  00061 r0x1004 res     1
0002                  00062 r0x1005 res     1
0003                  00063 r0x1006 res     1
0003                  00064 r0x1007 res     1
                      00065 ;--------------------------------------------------------
                      00066 ; initialized data
                      00067 ;--------------------------------------------------------
                      00068 ;--------------------------------------------------------
                      00069 ; overlayable items in internal ram 
                      00070 ;--------------------------------------------------------
                      00071 ;       udata_ovr
                      00072 ;--------------------------------------------------------
                      00073 ; code
                      00074 ;--------------------------------------------------------
                      00075 code_slong2fs   code
                      00076 ;***
                      00077 ;  pBlock Stats: dbName = C
                      00078 ;***
                      00079 ;entry:  ___slong2fs    ;Function start
                      00080 ; 2 exit points
                      00081 ;has an exit
                      00082 ;functions called:
                      00083 ;   ___ulong2fs
                      00084 ;   ___ulong2fs
                      00085 ;   ___ulong2fs
                      00086 ;   ___ulong2fs
                      00087 ;11 compiler assigned registers:
                      00088 ;   r0x1000
                      00089 ;   STK00
                      00090 ;   r0x1001
                      00091 ;   STK01
                      00092 ;   r0x1002
                      00093 ;   STK02
                      00094 ;   r0x1003
                      00095 ;   r0x1004
                      00096 ;   r0x1005
                      00097 ;   r0x1006
                      00098 ;   r0x1007
                      00099 ;; Starting pCode block
                      00100 ;;[ICODE] ../libsdcc/slong2fs.c:33:  _entry($5) :
                      00101 ;;[ICODE] ../libsdcc/slong2fs.c:33:     proc ___slong2fs [k1 lr0:0 so:0]{ ia0 a2p0 re0 rm0 nos0 ru0 dp0}{float function ( long-int fixed) fixed}
0000                  00102 ___slong2fs     ;Function start
                      00103 ; 2 exit points
                      00104 ;;[ICODE] ../libsdcc/slong2fs.c:33: iTemp0 [k2 lr3:12 so:0]{ ia0 a2p0 re1 rm0 nos0 ru0 dp0}{long-int fixed}{ sir@ ___slong2fs_sl_1_21}[r0x1000 r0x1001 r0x1002 r0x1003 ] = recv ___slong2fs [k1 lr0:0 so:0]{ ia0 a2p0 re0 rm0 nos0 ru0 dp0}{float function ( long-int fixed) fixed}
                      00105 ;       .line   33; "../libsdcc/slong2fs.c"     float __slong2fs (signed long sl) _FS_REENTRANT
0000   5600           00106         MOVRA   r0x1000
0001   5800           00107         MOVAR   STK00
0002   5600           00108         MOVRA   r0x1001
0003   5800           00109         MOVAR   STK01
0004   5600           00110         MOVRA   r0x1002
0005   5800           00111         MOVAR   STK02
0006   5600           00112         MOVRA   r0x1003
                      00113 ;;[ICODE] ../libsdcc/slong2fs.c:35:     iTemp1 [k4 lr4:5 so:0]{ ia0 a2p0 re0 rm0 nos0 ru0 dp0}{char fixed} = iTemp0 [k2 lr3:12 so:0]{ ia0 a2p0 re1 rm0 nos0 ru0 dp0}{long-int fixed}{ sir@ ___slong2fs_sl_1_21}[r0x1000 r0x1001 r0x1002 r0x1003 ] < 0x0 {long-int literal}
                      00114 ;;signed compare: left < lit(0x0=0), size=4, mask=ffffffff
                      00115 ;       .line   35; "../libsdcc/slong2fs.c"     if (sl<0) 
0007   C1B7           00116         BSET    STATUS,0
0008   EE00           00117         JBSET   r0x1000,7
0009   D1B7           00118         BCLR    STATUS,0
000A   E1B7           00119         JBSET   STATUS,0
000B   A000           00120         GOTO    _00106_DS_
                      00121 ;;genSkipc:3246: created from rifx:0xbfe48d70
                      00122 ;;[ICODE] ../libsdcc/slong2fs.c:35:     if iTemp1 [k4 lr4:5 so:0]{ ia0 a2p0 re0 rm0 nos0 ru0 dp0}{char fixed} == 0 goto _iffalse_0($2)
                      00123 ;;[ICODE] ../libsdcc/slong2fs.c:36:     iTemp2 [k6 lr6:7 so:0]{ ia0 a2p0 re0 rm0 nos0 ru1 dp0}{long-int fixed}[r0x1004 r0x1005 r0x1006 r0x1007 ] = - iTemp0 [k2 lr3:12 so:0]{ ia0 a2p0 re1 rm0 nos0 ru0 dp0}{long-int fixed}{ sir@ ___slong2fs_sl_1_21}[r0x1000 r0x1001 r0x1002 r0x1003 ]
                      00124 ;       .line   36; "../libsdcc/slong2fs.c"     return -__ulong2fs(-sl);
000C   7000           00125         COMAR   r0x1003
000D   5600           00126         MOVRA   r0x1004
000E   7000           00127         COMAR   r0x1002
000F   5600           00128         MOVRA   r0x1005
0010   7000           00129         COMAR   r0x1001
0011   5600           00130         MOVRA   r0x1006
0012   7000           00131         COMAR   r0x1000
0013   5600           00132         MOVRA   r0x1007
0014   6600           00133         INCR    r0x1004
0015   F5B7           00134         JBCLR   STATUS,2
0016   6600           00135         INCR    r0x1005
0017   F5B7           00136         JBCLR   STATUS,2
0018   6600           00137         INCR    r0x1006
0019   F5B7           00138         JBCLR   STATUS,2
001A   6600           00139         INCR    r0x1007
                      00140 ;;[ICODE] ../libsdcc/slong2fs.c:36:     send iTemp2 [k6 lr6:7 so:0]{ ia0 a2p0 re0 rm0 nos0 ru1 dp0}{long-int fixed}[r0x1004 r0x1005 r0x1006 r0x1007 ]{argreg = 1}
                      00141 ;;[ICODE] ../libsdcc/slong2fs.c:36:     iTemp3 [k8 lr8:9 so:0]{ ia0 a2p0 re0 rm0 nos0 ru0 dp0}{float fixed}[r0x1004 r0x1005 r0x1006 r0x1007 ] = call ___ulong2fs [k5 lr0:0 so:0]{ ia0 a2p0 re0 rm0 nos0 ru0 dp0}{float function ( unsigned-long-int fixed) fixed}
001B   5800           00142         MOVAR   r0x1004
001C   5600           00143         MOVRA   STK02
001D   5800           00144         MOVAR   r0x1005
001E   5600           00145         MOVRA   STK01
001F   5800           00146         MOVAR   r0x1006
0020   5600           00147         MOVRA   STK00
0021   5800           00148         MOVAR   r0x1007
0022   8000           00149         CALL    ___ulong2fs
0023   5600           00150         MOVRA   r0x1007
0024   5800           00151         MOVAR   STK00
0025   5600           00152         MOVRA   r0x1006
0026   5800           00153         MOVAR   STK01
0027   5600           00154         MOVRA   r0x1005
0028   5800           00155         MOVAR   STK02
0029   5600           00156         MOVRA   r0x1004
                      00157 ;;[ICODE] ../libsdcc/slong2fs.c:36:     iTemp4 [k9 lr9:10 so:0]{ ia0 a2p0 re0 rm0 nos0 ru1 dp0}{float fixed}[r0x1004 r0x1005 r0x1006 r0x1007 ] = - iTemp3 [k8 lr8:9 so:0]{ ia0 a2p0 re0 rm0 nos0 ru0 dp0}{float fixed}[r0x1004 r0x1005 r0x1006 r0x1007 ]
002A   5800           00158         MOVAR   r0x1007
002B   3980           00159         XORAI   0x80
002C   5600           00160         MOVRA   r0x1007
002D   5800           00161         MOVAR   r0x1006
002E   5600           00162         MOVRA   r0x1006
002F   5800           00163         MOVAR   r0x1005
0030   5600           00164         MOVRA   r0x1005
0031   5800           00165         MOVAR   r0x1004
0032   5600           00166         MOVRA   r0x1004
                      00167 ;;[ICODE] ../libsdcc/slong2fs.c:36:     ret iTemp4 [k9 lr9:10 so:0]{ ia0 a2p0 re0 rm0 nos0 ru1 dp0}{float fixed}[r0x1004 r0x1005 r0x1006 r0x1007 ]
0033   5800           00168         MOVAR   r0x1004
0034   5600           00169         MOVRA   STK02
0035   5800           00170         MOVAR   r0x1005
0036   5600           00171         MOVRA   STK01
0037   5800           00172         MOVAR   r0x1006
0038   5600           00173         MOVRA   STK00
0039   5800           00174         MOVAR   r0x1007
003A   A000           00175         GOTO    _00108_DS_
                      00176 ;;[ICODE] ../libsdcc/slong2fs.c:36:  _iffalse_0($2) :
                      00177 ;;[ICODE] ../libsdcc/slong2fs.c:38:     send iTemp0 [k2 lr3:12 so:0]{ ia0 a2p0 re1 rm0 nos0 ru0 dp0}{long-int fixed}{ sir@ ___slong2fs_sl_1_21}[r0x1000 r0x1001 r0x1002 r0x1003 ]{argreg = 1}
                      00178 ;;[ICODE] ../libsdcc/slong2fs.c:38:     iTemp5 [k10 lr13:14 so:0]{ ia0 a2p0 re0 rm0 nos0 ru1 dp0}{float fixed}[r0x1000 r0x1001 r0x1002 r0x1003 ] = call ___ulong2fs [k5 lr0:0 so:0]{ ia0 a2p0 re0 rm0 nos0 ru0 dp0}{float function ( unsigned-long-int fixed) fixed}
003B                  00179 _00106_DS_
                      00180 ;       .line   38; "../libsdcc/slong2fs.c"     return __ulong2fs(sl);
003B   5800           00181         MOVAR   r0x1003
003C   5600           00182         MOVRA   STK02
003D   5800           00183         MOVAR   r0x1002
003E   5600           00184         MOVRA   STK01
003F   5800           00185         MOVAR   r0x1001
0040   5600           00186         MOVRA   STK00
0041   5800           00187         MOVAR   r0x1000
0042   8000           00188         CALL    ___ulong2fs
0043   5600           00189         MOVRA   r0x1000
0044   5800           00190         MOVAR   STK00
0045   5600           00191         MOVRA   r0x1001
0046   5800           00192         MOVAR   STK01
0047   5600           00193         MOVRA   r0x1002
0048   5800           00194         MOVAR   STK02
0049   5600           00195         MOVRA   r0x1003
                      00196 ;;[ICODE] ../libsdcc/slong2fs.c:38:     ret iTemp5 [k10 lr13:14 so:0]{ ia0 a2p0 re0 rm0 nos0 ru1 dp0}{float fixed}[r0x1000 r0x1001 r0x1002 r0x1003 ]
004A   5800           00197         MOVAR   r0x1003
004B   5600           00198         MOVRA   STK02
004C   5800           00199         MOVAR   r0x1002
004D   5600           00200         MOVRA   STK01
004E   5800           00201         MOVAR   r0x1001
004F   5600           00202         MOVRA   STK00
0050   5800           00203         MOVAR   r0x1000
                      00204 ;;[ICODE] ../libsdcc/slong2fs.c:38:  _return($4) :
                      00205 ;;[ICODE] ../libsdcc/slong2fs.c:38:     eproc ___slong2fs [k1 lr0:0 so:0]{ ia0 a2p0 re0 rm0 nos0 ru0 dp0}{float function ( long-int fixed) fixed}
0051                  00206 _00108_DS_
0051   000C           00207         RETURN  
                      00208 ; exit point of ___slong2fs
                      00209 
                      00210 
                      00211 ;       code size estimation:
                      00212 ;          82+    0 =    82 instructions (  164 byte)
                      00213 
                      00214         end
gpasm-1.7.0_beta1 (Jan 22 2015)slong2fs.asm       2015-1-22  23:37:00          PAGE  2


SYMBOL TABLE
  LABEL                             VALUE

DKW0                              000001E6
DKW1                              000001E7
DKWP1                             000001CE
DKWP2                             000001D6
FSR                               000001B4
FSR0                              000001B4
FSR1                              000001B5
HIBYTE                            000001B3
INDF                              000001B0
INDF0                             000001B0
INDF1                             000001B1
INDF2                             000001B2
INDF3                             000001B9
INTE                              000001BA
INTF                              000001BB
IOP1                              000001C8
IOP2                              000001D0
KBCR                              000001D7
MCR                               000001B8
OEP1                              000001C9
OEP2                              000001D1
OPCR0                             000001E4
OPCR1                             000001E5
OSCM                              000001BC
PCL                               000001B6
PFLAG                             000001B7
PUP1                              000001CA
PUP2                              000001D2
STATUS                            000001B7
STK00                             00000000
STK01                             00000000
STK02                             00000000
STK03                             00000000
STK04                             00000000
STK05                             00000000
STK06                             00000000
T0CR                              000001D8
T0LATFH                           000001DC
T0LATFL                           000001DB
T0LATRH                           000001DE
T0LATRL                           000001DD
T0LOADH                           000001D9
T0LOADL                           000001DA
T1CR                              000001E0
T1DATA                            000001E1
T1LOAD                            000001E2
_00106_DS_                        0000003B
_00108_DS_                        00000051
__33P78                           00000001
___fs2schar                       00000000
___fs2sint                        00000000
___fs2slong                       00000000
___fs2uchar                       00000000
___fs2uint                        00000000
___fs2ulong                       00000000
___fsadd                          00000000
___fsdiv                          00000000
___fseq                           00000000
___fsgt                           00000000
___fslt                           00000000
___fsmul                          00000000
___fsneq                          00000000
___fssub                          00000000
___schar2fs                       00000000
___sint2fs                        00000000
___slong2fs                       00000000
___uchar2fs                       00000000
___uint2fs                        00000000
___ulong2fs                       00000000
r0x1000                           00000003
r0x1001                           00000002
r0x1002                           00000001
r0x1003                           00000000
r0x1004                           00000004
r0x1005                           00000005
r0x1006                           00000006
r0x1007                           00000007
C                                 PFLAG,0
CLKS                              OSCM,2
DC                                PFLAG,1
DKWE                              DKW0,7
GIE                               MCR,7
HFEN                              OSCM,0
INT0IE                            INTE,2
INT0IF                            INTF,2
INT1IE                            INTE,3
INT1IF                            INTF,3
IROS                              DKW0,6
IROT                              DKW0,5
ISEL0                             DKW0,0
ISEL1                             DKW0,1
KBIE                              INTE,7
KBIF                              INTF,7
LFEN                              OSCM,1
MINT11                            MCR,3
PD                                MCR,4
RSEL                              DKW0,2
STBH                              OSCM,4
STBL                              OSCM,5
T0IE                              INTE,0
T0IF                              INTF,0
T0RF                              INTF,6
T1IE                              INTE,1
T1IF                              INTF,1
TC0EN                             T0CR,7
TC1EN                             T1CR,7
TO                                MCR,5
WSEL0                             DKW0,4
WSEL1                             DKW0,3
Z                                 PFLAG,2

Errors   :     0
Warnings :     0 reported,     0 suppressed
Messages :     0 reported,     0 suppressed

