gpasm-1.7.0_beta1 (Jan 22 2015)uint2fs.asm        2015-1-22  23:37:00          PAGE  1


LOC  OBJECT CODE     LINE SOURCE TEXT
  VALUE

                      00001 ;--------------------------------------------------------
                      00002 ; File Created by SN-SDCC : ANSI-C Compiler
                      00003 ; Version 0.0.4 (Jan 22 2015) (Linux)
                      00004 ; This file was generated Thu Jan 22 23:37:00 2015
                      00005 ;--------------------------------------------------------
                      00006 ; MC3X port for the RISC core
                      00007 ;--------------------------------------------------------
                      00008 ;       .file   "../libsdcc/uint2fs.c"
                      00009         list    p=33p78
                      00010         radix dec
                      00011         include "mc33p78.inc"
                      00001 
                      00002 ;mc33p78 header file
                      00003 ;define must write at first row
                      00004 
  000001B0            00005 INDF    EQU     0X01B0       
  000001B0            00006 INDF0   EQU     0X01B0
  000001B1            00007 INDF1   EQU     0X01B1
  000001B2            00008 INDF2   EQU     0X01B2
  000001B3            00009 HIBYTE  EQU     0X01B3
  000001B4            00010 FSR     EQU     0X01B4
  000001B4            00011 FSR0    EQU     0X01B4
  000001B5            00012 FSR1    EQU     0X1B5
  000001B6            00013 PCL     EQU     0X1B6
  000001B7            00014 PFLAG   EQU    0X1B7
  000001B7            00015 STATUS  EQU     0X1B7
  000001B8            00016 MCR     EQU     0X1B8
  000001B9            00017 INDF3   EQU    0X1B9   
  000001BA            00018 INTE    EQU     0X1BA
  000001BB            00019 INTF    EQU     0X1BB
  000001BC            00020 OSCM    EQU     0X1BC
                      00021 ;IOP0    EQU     0X1C0
                      00022 ;OEP0    EQU     0X1C1
                      00023 ;PUP0    EQU     0X1C2
                      00024 ;IOP1    EQU     0X1C4
                      00025 ;OEP1    EQU     0X1C5
                      00026 ;PUP1    EQU     0X1C6
  000001C8            00027 IOP1    EQU     0X1C8
  000001C9            00028 OEP1    EQU     0X1C9
  000001CA            00029 PUP1    EQU     0X1CA
                      00030 
  000001CE            00031 DKWP1    EQU     0X1CE
                      00032 
  000001D0            00033 IOP2    EQU     0X1D0
  000001D1            00034 OEP2    EQU     0X1D1
  000001D2            00035 PUP2    EQU     0X1D2
                      00036 ;T0DATA  EQU     0X1D3
                      00037 ;T1CR    EQU     0X1D4
                      00038 ;T1CNT   EQU     0X1D5
  000001D6            00039 DKWP2   EQU     0X1D6
  000001D7            00040 KBCR    EQU     0X1D7
  000001D8            00041 T0CR    EQU     0X1D8
  000001D9            00042 T0LOADH EQU     0X1D9
  000001DA            00043 T0LOADL  EQU     0X1DA
  000001DB            00044 T0LATFL   EQU     0X1DB
  000001DC            00045 T0LATFH EQU     0X1DC
                      00046 
  000001DD            00047 T0LATRL  EQU     0X1DD
  000001DE            00048 T0LATRH  EQU     0X1DE
                      00049 
  000001E0            00050 T1CR    EQU     0X1E0
  000001E1            00051 T1DATA  EQU     0X1E1
  000001E2            00052 T1LOAD  EQU     0X1E2
                      00053 
  000001E4            00054 OPCR0   EQU     0X1E4
  000001E5            00055 OPCR1   EQU     0X1E5
  000001E6            00056 DKW0    EQU     0X1E6
  000001E7            00057 DKW1    EQU     0X1E7
                      00058 
                      00059 ;pflag bit 
                      00060 #define         Z       PFLAG,2
                      00061 #define         DC      PFLAG,1
                      00062 #define         C       PFLAG,0 
                      00063 
                      00064 ;MCR
                      00065 #define         GIE     MCR,7
                      00066 #DEFINE         TO      MCR,5
                      00067 #DEFINE         PD      MCR,4
                      00068 #DEFINE         MINT11  MCR,3
                      00069 
                      00070 
                      00071 ;INTE
                      00072 #define         KBIE    INTE,7
                      00073 #DEFINE         INT1IE  INTE,3
                      00074 #DEFINE         INT0IE  INTE,2
                      00075 #DEFINE         T1IE    INTE,1
                      00076 #define         T0IE    INTE,0
                      00077 
                      00078 ;INTF
                      00079 #DEFINE         KBIF    INTF,7
                      00080 #DEFINE         T0RF    INTF,6
                      00081 #DEFINE         INT1IF  INTF,3
                      00082 #DEFINE         INT0IF  INTF,2
                      00083 #DEFINE         T1IF    INTF,1
                      00084 #DEFINE         T0IF    INTF,0
                      00085 
                      00086 ;DKW0
                      00087 #DEFINE         DKWE    DKW0,7
                      00088 #DEFINE         IROS    DKW0,6
                      00089 #DEFINE         IROT    DKW0,5         
                      00090 #DEFINE         WSEL0   DKW0,4
                      00091 #DEFINE         WSEL1   DKW0,3
                      00092 #DEFINE         RSEL    DKW0,2
                      00093 #DEFINE         ISEL1   DKW0,1
                      00094 #define         ISEL0   DKW0,0 
                      00095 
                      00096 #define                                 HFEN            OSCM,0
                      00097 #define                                 LFEN            OSCM,1
                      00098 #define                                 CLKS            OSCM,2
                      00099 #define                                 STBH            OSCM,4
                      00100 #DEFINE                                 STBL            OSCM,5
                      00101 
                      00102 ;T0CR
                      00103 #DEFINE         TC0EN   T0CR,7
                      00104 ;#DEFINE  
                      00105 
                      00106 ;T1CR
                      00107 #DEFINE         TC1EN   T1CR,7
                      00108          
                      00109     
                      00110 
                      00111 
                      00012 ;--------------------------------------------------------
                      00013 ; external declarations
                      00014 ;--------------------------------------------------------
                      00015         extern  ___uchar2fs
                      00016         extern  ___schar2fs
                      00017         extern  ___sint2fs
                      00018         extern  ___ulong2fs
                      00019         extern  ___slong2fs
                      00020         extern  ___fs2uchar
                      00021         extern  ___fs2schar
                      00022         extern  ___fs2uint
                      00023         extern  ___fs2sint
                      00024         extern  ___fs2ulong
                      00025         extern  ___fs2slong
                      00026         extern  ___fsadd
                      00027         extern  ___fssub
                      00028         extern  ___fsmul
                      00029         extern  ___fsdiv
                      00030         extern  ___fslt
                      00031         extern  ___fseq
                      00032         extern  ___fsneq
                      00033         extern  ___fsgt
                      00034 
                      00035         extern STK06
                      00036         extern STK05
                      00037         extern STK04
                      00038         extern STK03
                      00039         extern STK02
                      00040         extern STK01
                      00041         extern STK00
                      00042 ;--------------------------------------------------------
                      00043 ; global declarations
                      00044 ;--------------------------------------------------------
                      00045         global  ___uint2fs
                      00046 
                      00047 ;--------------------------------------------------------
                      00048 ; global definitions
                      00049 ;--------------------------------------------------------
                      00050 ;--------------------------------------------------------
                      00051 ; absolute symbol definitions
                      00052 ;--------------------------------------------------------
                      00053 ;--------------------------------------------------------
                      00054 ; compiler-defined variables
                      00055 ;--------------------------------------------------------
                      00056 UDL_uint2fs_0   udata
0000                  00057 r0x1001 res     1
0000                  00058 r0x1000 res     1
0001                  00059 r0x1002 res     1
0001                  00060 r0x1003 res     1
                      00061 ;--------------------------------------------------------
                      00062 ; initialized data
                      00063 ;--------------------------------------------------------
                      00064 ;--------------------------------------------------------
                      00065 ; overlayable items in internal ram 
                      00066 ;--------------------------------------------------------
                      00067 ;       udata_ovr
                      00068 ;--------------------------------------------------------
                      00069 ; code
                      00070 ;--------------------------------------------------------
                      00071 code_uint2fs    code
                      00072 ;***
                      00073 ;  pBlock Stats: dbName = C
                      00074 ;***
                      00075 ;entry:  ___uint2fs     ;Function start
                      00076 ; 2 exit points
                      00077 ;has an exit
                      00078 ;functions called:
                      00079 ;   ___ulong2fs
                      00080 ;   ___ulong2fs
                      00081 ;9 compiler assigned registers:
                      00082 ;   r0x1000
                      00083 ;   STK00
                      00084 ;   r0x1001
                      00085 ;   r0x1002
                      00086 ;   r0x1003
                      00087 ;   r0x1004
                      00088 ;   r0x1005
                      00089 ;   STK02
                      00090 ;   STK01
                      00091 ;; Starting pCode block
                      00092 ;;[ICODE] ../libsdcc/uint2fs.c:33:  _entry($2) :
                      00093 ;;[ICODE] ../libsdcc/uint2fs.c:33:      proc ___uint2fs [k1 lr0:0 so:0]{ ia0 a2p0 re0 rm0 nos0 ru0 dp0}{float function ( unsigned-int fixed) fixed}
0000                  00094 ___uint2fs      ;Function start
                      00095 ; 2 exit points
                      00096 ;;[ICODE] ../libsdcc/uint2fs.c:33: iTemp0 [k2 lr3:4 so:0]{ ia0 a2p0 re1 rm0 nos0 ru0 dp0}{unsigned-int fixed}{ sir@ ___uint2fs_ui_1_21}[r0x1000 r0x1001 ] = recv ___uint2fs [k1 lr0:0 so:0]{ ia0 a2p0 re0 rm0 nos0 ru0 dp0}{float function ( unsigned-int fixed) fixed}
0000   5600           00097         MOVRA   r0x1003
                      00098 ;       .line   33; "../libsdcc/uint2fs.c"      float __uint2fs (unsigned int ui) _FS_REENTRANT
0001   5600           00099         MOVRA   r0x1000
0002   5800           00100         MOVAR   STK00
0003   5600           00101         MOVRA   r0x1002
0004   5600           00102         MOVRA   r0x1001
                      00103 ;;[ICODE] ../libsdcc/uint2fs.c:35:      iTemp1 [k5 lr4:5 so:0]{ ia0 a2p0 re0 rm0 nos0 ru1 dp0}{unsigned-long-int fixed}[r0x1002 r0x1003 r0x1004 r0x1005 ] = (unsigned-long-int fixed)iTemp0 [k2 lr3:4 so:0]{ ia0 a2p0 re1 rm0 nos0 ru0 dp0}{unsigned-int fixed}{ sir@ ___uint2fs_ui_1_21}[r0x1000 r0x1001 ]
                      00104 ;;99    MOVAR   r0x1001
                      00105 ;;100   MOVAR   r0x1000
                      00106 ;;1     CLRR    r0x1004
                      00107 ;;1     CLRR    r0x1005
                      00108 ;;[ICODE] ../libsdcc/uint2fs.c:35:      send iTemp1 [k5 lr4:5 so:0]{ ia0 a2p0 re0 rm0 nos0 ru1 dp0}{unsigned-long-int fixed}[r0x1002 r0x1003 r0x1004 r0x1005 ]{argreg = 1}
                      00109 ;;[ICODE] ../libsdcc/uint2fs.c:35:      iTemp2 [k7 lr6:7 so:0]{ ia0 a2p0 re0 rm0 nos0 ru1 dp0}{float fixed}[r0x1000 r0x1001 r0x1002 r0x1003 ] = call ___ulong2fs [k4 lr0:0 so:0]{ ia0 a2p0 re0 rm0 nos0 ru0 dp0}{float function ( unsigned-long-int fixed) fixed}
                      00110 ;       .line   35; "../libsdcc/uint2fs.c"      return __ulong2fs(ui);
0005   5800           00111         MOVAR   r0x1002
0006   5600           00112         MOVRA   STK02
0007   5800           00113         MOVAR   r0x1003
0008   5600           00114         MOVRA   STK01
0009   3C00           00115         MOVAI   0x00
000A   5600           00116         MOVRA   STK00
000B   3C00           00117         MOVAI   0x00
000C   8000           00118         CALL    ___ulong2fs
000D   5600           00119         MOVRA   r0x1003
000E   5800           00120         MOVAR   STK00
000F   5600           00121         MOVRA   r0x1002
0010   5800           00122         MOVAR   STK01
0011   5600           00123         MOVRA   r0x1000
0012   5800           00124         MOVAR   STK02
0013   5600           00125         MOVRA   r0x1001
                      00126 ;;[ICODE] ../libsdcc/uint2fs.c:35:      ret iTemp2 [k7 lr6:7 so:0]{ ia0 a2p0 re0 rm0 nos0 ru1 dp0}{float fixed}[r0x1000 r0x1001 r0x1002 r0x1003 ]
0014   5800           00127         MOVAR   r0x1001
0015   5600           00128         MOVRA   STK02
0016   5800           00129         MOVAR   r0x1000
0017   5600           00130         MOVRA   STK01
0018   5800           00131         MOVAR   r0x1002
0019   5600           00132         MOVRA   STK00
001A   5800           00133         MOVAR   r0x1003
                      00134 ;;[ICODE] ../libsdcc/uint2fs.c:35:  _return($1) :
                      00135 ;;[ICODE] ../libsdcc/uint2fs.c:35:      eproc ___uint2fs [k1 lr0:0 so:0]{ ia0 a2p0 re0 rm0 nos0 ru0 dp0}{float function ( unsigned-int fixed) fixed}
001B   000C           00136         RETURN  
                      00137 ; exit point of ___uint2fs
                      00138 
                      00139 
                      00140 ;       code size estimation:
                      00141 ;          28+    0 =    28 instructions (   56 byte)
                      00142 
                      00143         end
gpasm-1.7.0_beta1 (Jan 22 2015)uint2fs.asm        2015-1-22  23:37:00          PAGE  2


SYMBOL TABLE
  LABEL                             VALUE

DKW0                              000001E6
DKW1                              000001E7
DKWP1                             000001CE
DKWP2                             000001D6
FSR                               000001B4
FSR0                              000001B4
FSR1                              000001B5
HIBYTE                            000001B3
INDF                              000001B0
INDF0                             000001B0
INDF1                             000001B1
INDF2                             000001B2
INDF3                             000001B9
INTE                              000001BA
INTF                              000001BB
IOP1                              000001C8
IOP2                              000001D0
KBCR                              000001D7
MCR                               000001B8
OEP1                              000001C9
OEP2                              000001D1
OPCR0                             000001E4
OPCR1                             000001E5
OSCM                              000001BC
PCL                               000001B6
PFLAG                             000001B7
PUP1                              000001CA
PUP2                              000001D2
STATUS                            000001B7
STK00                             00000000
STK01                             00000000
STK02                             00000000
STK03                             00000000
STK04                             00000000
STK05                             00000000
STK06                             00000000
T0CR                              000001D8
T0LATFH                           000001DC
T0LATFL                           000001DB
T0LATRH                           000001DE
T0LATRL                           000001DD
T0LOADH                           000001D9
T0LOADL                           000001DA
T1CR                              000001E0
T1DATA                            000001E1
T1LOAD                            000001E2
__33P78                           00000001
___fs2schar                       00000000
___fs2sint                        00000000
___fs2slong                       00000000
___fs2uchar                       00000000
___fs2uint                        00000000
___fs2ulong                       00000000
___fsadd                          00000000
___fsdiv                          00000000
___fseq                           00000000
___fsgt                           00000000
___fslt                           00000000
___fsmul                          00000000
___fsneq                          00000000
___fssub                          00000000
___schar2fs                       00000000
___sint2fs                        00000000
___slong2fs                       00000000
___uchar2fs                       00000000
___uint2fs                        00000000
___ulong2fs                       00000000
r0x1000                           00000001
r0x1001                           00000000
r0x1002                           00000002
r0x1003                           00000003
C                                 PFLAG,0
CLKS                              OSCM,2
DC                                PFLAG,1
DKWE                              DKW0,7
GIE                               MCR,7
HFEN                              OSCM,0
INT0IE                            INTE,2
INT0IF                            INTF,2
INT1IE                            INTE,3
INT1IF                            INTF,3
IROS                              DKW0,6
IROT                              DKW0,5
ISEL0                             DKW0,0
ISEL1                             DKW0,1
KBIE                              INTE,7
KBIF                              INTF,7
LFEN                              OSCM,1
MINT11                            MCR,3
PD                                MCR,4
RSEL                              DKW0,2
STBH                              OSCM,4
STBL                              OSCM,5
T0IE                              INTE,0
T0IF                              INTF,0
T0RF                              INTF,6
T1IE                              INTE,1
T1IF                              INTF,1
TC0EN                             T0CR,7
TC1EN                             T1CR,7
TO                                MCR,5
WSEL0                             DKW0,4
WSEL1                             DKW0,3
Z                                 PFLAG,2

Errors   :     0
Warnings :     0 reported,     0 suppressed
Messages :     0 reported,     0 suppressed

