gpasm-1.3.0 (Jun 19 2013)    T1sSbr.asm         2013-6-26  16:35:31          PAGE  1


LOC  OBJECT CODE     LINE SOURCE TEXT
  VALUE

                      00001 ;--------------------------------------------------------
                      00002 ; File Created by SDCC : free open source ANSI-C Compiler
                      00003 ; Version 0.0.2 (Jun 26 2013) (Linux)
                      00004 ; This file was generated Wed Jun 26 16:35:31 2013
                      00005 ;--------------------------------------------------------
                      00006 ; MC30 port for the 14-bit core
                      00007 ;--------------------------------------------------------
                      00008 ;       .file   "T1sSbr.c"
                      00009         list    p=30p011
                      00010         radix dec
                      00011         include "mc30p011.inc"
                      00001                 LIST
                      00002 ;mc30p011.inc   Standard Header File, Version 1.00 by Sinomcu
                      00145                 LIST
                      00012 ;--------------------------------------------------------
                      00013 ; external declarations
                      00014 ;--------------------------------------------------------
                      00015         extern  _IROffKeySbr
                      00016         extern  _STATUSbits
                      00017         extern  _P0bits
                      00018         extern  _P1bits
                      00019         extern  _MCRbits
                      00020         extern  _KBIMbits
                      00021         extern  _PDCONbits
                      00022         extern  _ODCONbits
                      00023         extern  _PUCONbits
                      00024         extern  _INTECONbits
                      00025         extern  _INTFLAGbits
                      00026         extern  _DDR0bits
                      00027         extern  _DDR1bits
                      00028         extern  _TMCRbits
                      00029         extern  _T1CRbits
                      00030         extern  _KeyCnt
                      00031         extern  _T1s
                      00032         extern  _TRedCnt
                      00033         extern  _TRed
                      00034         extern  _TGreen
                      00035         extern  _TBlue
                      00036         extern  _TRedbak
                      00037         extern  _TGreenbak
                      00038         extern  _TBluebak
                      00039         extern  _IRTmr
                      00040         extern  _KeyCode
                      00041         extern  _Custom
                      00042         extern  _CustomRev
                      00043         extern  _IRCode1
                      00044         extern  _IRCodeRev1
                      00045         extern  _BitCnt
                      00046         extern  _LongIRCnt
                      00047         extern  _IRCnt
                      00048         extern  _Color
                      00049         extern  _Mode1Cnt
                      00050         extern  _delay
                      00051         extern  _Tmr
                      00052         extern  _TStop
                      00053         extern  _Step
                      00054         extern  _T40ms
                      00055         extern  _Dly100ms
                      00056         extern  _Mode2Cnt2
                      00057         extern  _Mode2Cnt3
                      00058         extern  _delay05ms
                      00059         extern  _Flag1
                      00060         extern  _Flag2
                      00061         extern  _INDF
                      00062         extern  _T0CNT
                      00063         extern  _PCL
                      00064         extern  _STATUS
                      00065         extern  _FSR
                      00066         extern  _P0
                      00067         extern  _P1
                      00068         extern  _MCR
                      00069         extern  _KBIM
                      00070         extern  _PCLATH
                      00071         extern  _PDCON
                      00072         extern  _ODCON
                      00073         extern  _PUCON
                      00074         extern  _INTECON
                      00075         extern  _INTFLAG
                      00076         extern  _T0CR
                      00077         extern  _DDR0
                      00078         extern  _DDR1
                      00079         extern  _TMCR
                      00080         extern  _T1CR
                      00081         extern  _T1CNT
                      00082         extern  _T1LOAD
                      00083         extern  _T1DATA
                      00084 
                      00085         extern PSAVE
                      00086         extern SSAVE
                      00087         extern WSAVE
                      00088         extern STK12
                      00089         extern STK11
                      00090         extern STK10
                      00091         extern STK09
                      00092         extern STK08
                      00093         extern STK07
                      00094         extern STK06
                      00095         extern STK05
                      00096         extern STK04
                      00097         extern STK03
                      00098         extern STK02
                      00099         extern STK01
                      00100         extern STK00
                      00101 ;--------------------------------------------------------
                      00102 ; global declarations
                      00103 ;--------------------------------------------------------
                      00104         global  _T1sSbr
                      00105 
                      00106 ;--------------------------------------------------------
                      00107 ; global definitions
                      00108 ;--------------------------------------------------------
                      00109 ;--------------------------------------------------------
                      00110 ; absolute symbol definitions
                      00111 ;--------------------------------------------------------
                      00112 ;--------------------------------------------------------
                      00113 ; compiler-defined variables
                      00114 ;--------------------------------------------------------
                      00115 ;--------------------------------------------------------
                      00116 ; initialized data
                      00117 ;--------------------------------------------------------
                      00118 ;--------------------------------------------------------
                      00119 ; overlayable items in internal ram 
                      00120 ;--------------------------------------------------------
                      00121 ;       udata_ovr
                      00122 ;--------------------------------------------------------
                      00123 ; code
                      00124 ;--------------------------------------------------------
                      00125 code_T1sSbr     code
                      00126 ;***
                      00127 ;  pBlock Stats: dbName = C
                      00128 ;***
                      00129 ;entry:  _T1sSbr        ;Function start
                      00130 ; 2 exit points
                      00131 ;has an exit
                      00132 ;functions called:
                      00133 ;   _IROffKeySbr
                      00134 ;   _IROffKeySbr
                      00135 ;   _IROffKeySbr
                      00136 ;   _IROffKeySbr
                      00137 ;; Starting pCode block
0000                  00138 _T1sSbr ;Function start
                      00139 ; 2 exit points
                      00140 ;       .line   9; "T1sSbr.c"   if (--T1s != 0) return;
0000   1B80           00141         DECR    _T1s
0001   0B00           00142         MOVAI   0x00
0002   1700           00143         ORAR    _T1s
0003   3503           00144         JBCLR   STATUS,2
0004   2800           00145         GOTO    _00106_DS_
0005   2800           00146         GOTO    _00115_DS_
0006                  00147 _00106_DS_
                      00148 ;       .line   10; "T1sSbr.c"  T1s = 250;
0006   0BFA           00149         MOVAI   0xfa
0007   1580           00150         MOVRA   _T1s
                      00151 ;       .line   12; "T1sSbr.c"  if (!FOn)
0008   3400           00152         JBCLR   _Flag1,0
0009   2800           00153         GOTO    _00110_DS_
                      00154 ;       .line   14; "T1sSbr.c"  if (--TStop == 0) IROffKeySbr();
000A   1B80           00155         DECR    _TStop
000B   0B00           00156         MOVAI   0x00
000C   1700           00157         ORAR    _TStop
000D   3103           00158         JBSET   STATUS,2
000E   2800           00159         GOTO    _00108_DS_
000F   2000           00160         CALL    _IROffKeySbr
0010                  00161 _00108_DS_
                      00162 ;       .line   15; "T1sSbr.c"  return;
0010   2800           00163         GOTO    _00115_DS_
0011                  00164 _00110_DS_
                      00165 ;       .line   17; "T1sSbr.c"  if (!FTmr) return;
0011   3780           00166         JBCLR   _Flag1,7
0012   2800           00167         GOTO    _00112_DS_
0013   2800           00168         GOTO    _00115_DS_
0014                  00169 _00112_DS_
                      00170 ;       .line   18; "T1sSbr.c"  if (--Tmr == 0) IROffKeySbr();
0014   0BFF           00171         MOVAI   0xff
0015   1F80           00172         ADDRA   _Tmr
0016   3003           00173         JBSET   STATUS,0
0017   1B80           00174         DECR    (_Tmr + 1)
0018   1600           00175         MOVAR   _Tmr
0019   1700           00176         ORAR    (_Tmr + 1)
001A   3103           00177         JBSET   STATUS,2
001B   2800           00178         GOTO    _00115_DS_
001C   2000           00179         CALL    _IROffKeySbr
001D                  00180 _00115_DS_
001D   000C           00181         RETURN  
                      00182 ; exit point of _T1sSbr
                      00183 
                      00184 
                      00185 ;       code size estimation:
                      00186 ;          30+    0 =    30 instructions (   60 byte)
                      00187 
                      00188         end
gpasm-1.3.0 (Jun 19 2013)    T1sSbr.asm         2013-6-26  16:35:31          PAGE  2


SYMBOL TABLE
  LABEL                             VALUE

BUZOUT                            00000005
C                                 00000000
DC                                00000001
DDR0                              00000045
DDR1                              00000046
EIS                               00000006
FSR                               00000004
GIE                               00000007
INDF                              00000000
INT0IE                            00000002
INT0IF                            00000002
INTECON                           0000000E
INTFLAG                           0000000F
KBIE                              00000001
KBIF                              00000001
KBIM                              00000009
MCR                               00000008
ODCON                             0000000C
P0                                00000005
P1                                00000006
PCL                               00000002
PCLATH                            0000000A
PD                                00000003
PDCON                             0000000B
PSAVE                             00000000
PUCON                             0000000D
PWMOUT                            00000006
RST                               00000007
SSAVE                             00000000
STATUS                            00000003
STK00                             00000000
STK01                             00000000
STK02                             00000000
STK03                             00000000
STK04                             00000000
STK05                             00000000
STK06                             00000000
STK07                             00000000
STK08                             00000000
STK09                             00000000
STK10                             00000000
STK11                             00000000
STK12                             00000000
T0CNT                             00000001
T0CR                              00000041
T0IE                              00000000
T0IF                              00000000
T1CNT                             0000004D
T1CR                              0000004C
T1DATA                            0000004F
T1IF                              00000000
T1LOAD                            0000004E
T1PR0                             00000000
T1PR1                             00000001
T1PR2                             00000002
T1PTS0                            00000003
T1PTS1                            00000004
T1lE                              00000001
TBS                               00000007
TMCR                              0000004B
TMR1EN                            00000007
TO                                00000004
WDTEN                             00000007
WSAVE                             00000000
Z                                 00000002
_00106_DS_                        00000006
_00108_DS_                        00000010
_00110_DS_                        00000011
_00112_DS_                        00000014
_00115_DS_                        0000001D
_BitCnt                           00000000
_CONFIG0                          00002000
_CONFIG1                          00002001
_CP_ALL                           00001FFF
_Color                            00000000
_Custom                           00000000
_CustomRev                        00000000
_DDR0                             00000000
_DDR0bits                         00000000
_DDR1                             00000000
_DDR1bits                         00000000
_Dly100ms                         00000000
_FCPU_2T                          00003F7F
_FCPU_4T                          00003FFF
_FSR                              00000000
_Flag1                            00000000
_Flag2                            00000000
_INDF                             00000000
_INTECON                          00000000
_INTECONbits                      00000000
_INTFLAG                          00000000
_INTFLAGbits                      00000000
_IRC_1M                           00003FCF
_IRC_2M                           00003FDF
_IRC_444K                         00003FAF
_IRC_4M                           00003FEF
_IRC_8M                           00003FFF
_IRCnt                            00000000
_IRCode1                          00000000
_IRCodeRev1                       00000000
_IROffKeySbr                      00000000
_IRTmr                            00000000
_KBIM                             00000000
_KBIMbits                         00000000
_KeyCnt                           00000000
_KeyCode                          00000000
_LongIRCnt                        00000000
_MCLR_OFF                         00003FF7
_MCLR_ON                          00003FFF
_MCR                              00000000
_MCRbits                          00000000
_Mode1Cnt                         00000000
_Mode2Cnt2                        00000000
_Mode2Cnt3                        00000000
_ODCON                            00000000
_ODCONbits                        00000000
_OSC_HXT                          00002FFF
_OSC_IRC                          000037FF
_OSC_IRC_RTC                      00003FFF
_OSC_LXT                          000027FF
_P0                               00000000
_P0bits                           00000000
_P1                               00000000
_P1bits                           00000000
_PCL                              00000000
_PCLATH                           00000000
_PDCON                            00000000
_PDCONbits                        00000000
_PUCON                            00000000
_PUCONbits                        00000000
_PWRT_OFF                         00003BFF
_PWRT_ON                          00003FFF
_RD_FROM_PIN                      00003FFF
_RD_FROM_REG                      00003EFF
_SMT_OFF                          00003FFF
_SMT_ON                           00003DFF
_STATUS                           00000000
_STATUSbits                       00000000
_Step                             00000000
_T0CNT                            00000000
_T0CR                             00000000
_T1CNT                            00000000
_T1CR                             00000000
_T1CRbits                         00000000
_T1DATA                           00000000
_T1LOAD                           00000000
_T1s                              00000000
_T1sSbr                           00000000
_T40ms                            00000000
_TBlue                            00000000
_TBluebak                         00000000
_TGreen                           00000000
_TGreenbak                        00000000
_TMCR                             00000000
_TMCRbits                         00000000
_TRed                             00000000
_TRedCnt                          00000000
_TRedbak                          00000000
_TStop                            00000000
_TWRT_18MS                        00003FFF
_TWRT_288MS                       00003DFF
_TWRT_4P5MS                       00003EFF
_TWRT_72MS                        00003CFF
_Tmr                              00000000
_VBOR_15                          00003F78
_VBOR_18                          00003F79
_VBOR_20                          00003FFA
_VBOR_22                          00003FFB
_VBOR_24                          00003FFC
_VBOR_26                          00003FFD
_VBOR_30                          00003FFE
_VBOR_36                          00003FFF
_WDT_OFF                          000037FF
_WDT_ON                           00003FFF
__30P011                          00000001
_delay                            00000000
_delay05ms                        00000000

Errors   :     0
Warnings :     0 reported,     0 suppressed
Messages :     0 reported,     0 suppressed

