gpasm-1.7.0_beta1 (Jan 22 2015)uint2fs.asm        2015-1-22  23:32:14          PAGE  1


LOC  OBJECT CODE     LINE SOURCE TEXT
  VALUE

                      00001 ;--------------------------------------------------------
                      00002 ; File Created by SN-SDCC : ANSI-C Compiler
                      00003 ; Version 0.0.4 (Jan 22 2015) (Linux)
                      00004 ; This file was generated Thu Jan 22 23:32:14 2015
                      00005 ;--------------------------------------------------------
                      00006 ; MC3X port for the RISC core
                      00007 ;--------------------------------------------------------
                      00008 ;       .file   "../libsdcc/uint2fs.c"
                      00009         list    p=32p21
                      00010         radix dec
                      00011         include "mc32p21.inc"
                      00001                 LIST
                      00002 ;mc32p21.inc    Standard Header File, Version 1.00 by Sinomcu
                      00261                 LIST
                      00012 ;--------------------------------------------------------
                      00013 ; external declarations
                      00014 ;--------------------------------------------------------
                      00015         extern  ___uchar2fs
                      00016         extern  ___schar2fs
                      00017         extern  ___sint2fs
                      00018         extern  ___ulong2fs
                      00019         extern  ___slong2fs
                      00020         extern  ___fs2uchar
                      00021         extern  ___fs2schar
                      00022         extern  ___fs2uint
                      00023         extern  ___fs2sint
                      00024         extern  ___fs2ulong
                      00025         extern  ___fs2slong
                      00026         extern  ___fsadd
                      00027         extern  ___fssub
                      00028         extern  ___fsmul
                      00029         extern  ___fsdiv
                      00030         extern  ___fslt
                      00031         extern  ___fseq
                      00032         extern  ___fsneq
                      00033         extern  ___fsgt
                      00034 
                      00035         extern STK06
                      00036         extern STK05
                      00037         extern STK04
                      00038         extern STK03
                      00039         extern STK02
                      00040         extern STK01
                      00041         extern STK00
                      00042 ;--------------------------------------------------------
                      00043 ; global declarations
                      00044 ;--------------------------------------------------------
                      00045         global  ___uint2fs
                      00046 
                      00047 ;--------------------------------------------------------
                      00048 ; global definitions
                      00049 ;--------------------------------------------------------
                      00050 ;--------------------------------------------------------
                      00051 ; absolute symbol definitions
                      00052 ;--------------------------------------------------------
                      00053 ;--------------------------------------------------------
                      00054 ; compiler-defined variables
                      00055 ;--------------------------------------------------------
                      00056 UDL_uint2fs_0   udata
0000                  00057 r0x1001 res     1
0000                  00058 r0x1000 res     1
0001                  00059 r0x1002 res     1
0001                  00060 r0x1003 res     1
                      00061 ;--------------------------------------------------------
                      00062 ; initialized data
                      00063 ;--------------------------------------------------------
                      00064 ;--------------------------------------------------------
                      00065 ; overlayable items in internal ram 
                      00066 ;--------------------------------------------------------
                      00067 ;       udata_ovr
                      00068 ;--------------------------------------------------------
                      00069 ; code
                      00070 ;--------------------------------------------------------
                      00071 code_uint2fs    code
                      00072 ;***
                      00073 ;  pBlock Stats: dbName = C
                      00074 ;***
                      00075 ;entry:  ___uint2fs     ;Function start
                      00076 ; 2 exit points
                      00077 ;has an exit
                      00078 ;functions called:
                      00079 ;   ___ulong2fs
                      00080 ;   ___ulong2fs
                      00081 ;9 compiler assigned registers:
                      00082 ;   r0x1000
                      00083 ;   STK00
                      00084 ;   r0x1001
                      00085 ;   r0x1002
                      00086 ;   r0x1003
                      00087 ;   r0x1004
                      00088 ;   r0x1005
                      00089 ;   STK02
                      00090 ;   STK01
                      00091 ;; Starting pCode block
                      00092 ;;[ICODE] ../libsdcc/uint2fs.c:33:  _entry($2) :
                      00093 ;;[ICODE] ../libsdcc/uint2fs.c:33:      proc ___uint2fs [k1 lr0:0 so:0]{ ia0 a2p0 re0 rm0 nos0 ru0 dp0}{float function ( unsigned-int fixed) fixed}
0000                  00094 ___uint2fs      ;Function start
                      00095 ; 2 exit points
                      00096 ;;[ICODE] ../libsdcc/uint2fs.c:33: iTemp0 [k2 lr3:4 so:0]{ ia0 a2p0 re1 rm0 nos0 ru0 dp0}{unsigned-int fixed}{ sir@ ___uint2fs_ui_1_21}[r0x1000 r0x1001 ] = recv ___uint2fs [k1 lr0:0 so:0]{ ia0 a2p0 re0 rm0 nos0 ru0 dp0}{float function ( unsigned-int fixed) fixed}
0000   5600           00097         MOVRA   r0x1003
                      00098 ;       .line   33; "../libsdcc/uint2fs.c"      float __uint2fs (unsigned int ui) _FS_REENTRANT
0001   5600           00099         MOVRA   r0x1000
0002   5800           00100         MOVAR   STK00
0003   5600           00101         MOVRA   r0x1002
0004   5600           00102         MOVRA   r0x1001
                      00103 ;;[ICODE] ../libsdcc/uint2fs.c:35:      iTemp1 [k5 lr4:5 so:0]{ ia0 a2p0 re0 rm0 nos0 ru1 dp0}{unsigned-long-int fixed}[r0x1002 r0x1003 r0x1004 r0x1005 ] = (unsigned-long-int fixed)iTemp0 [k2 lr3:4 so:0]{ ia0 a2p0 re1 rm0 nos0 ru0 dp0}{unsigned-int fixed}{ sir@ ___uint2fs_ui_1_21}[r0x1000 r0x1001 ]
                      00104 ;;99    MOVAR   r0x1001
                      00105 ;;100   MOVAR   r0x1000
                      00106 ;;1     CLRR    r0x1004
                      00107 ;;1     CLRR    r0x1005
                      00108 ;;[ICODE] ../libsdcc/uint2fs.c:35:      send iTemp1 [k5 lr4:5 so:0]{ ia0 a2p0 re0 rm0 nos0 ru1 dp0}{unsigned-long-int fixed}[r0x1002 r0x1003 r0x1004 r0x1005 ]{argreg = 1}
                      00109 ;;[ICODE] ../libsdcc/uint2fs.c:35:      iTemp2 [k7 lr6:7 so:0]{ ia0 a2p0 re0 rm0 nos0 ru1 dp0}{float fixed}[r0x1000 r0x1001 r0x1002 r0x1003 ] = call ___ulong2fs [k4 lr0:0 so:0]{ ia0 a2p0 re0 rm0 nos0 ru0 dp0}{float function ( unsigned-long-int fixed) fixed}
                      00110 ;       .line   35; "../libsdcc/uint2fs.c"      return __ulong2fs(ui);
0005   5800           00111         MOVAR   r0x1002
0006   5600           00112         MOVRA   STK02
0007   5800           00113         MOVAR   r0x1003
0008   5600           00114         MOVRA   STK01
0009   3C00           00115         MOVAI   0x00
000A   5600           00116         MOVRA   STK00
000B   3C00           00117         MOVAI   0x00
000C   8000           00118         CALL    ___ulong2fs
000D   5600           00119         MOVRA   r0x1003
000E   5800           00120         MOVAR   STK00
000F   5600           00121         MOVRA   r0x1002
0010   5800           00122         MOVAR   STK01
0011   5600           00123         MOVRA   r0x1000
0012   5800           00124         MOVAR   STK02
0013   5600           00125         MOVRA   r0x1001
                      00126 ;;[ICODE] ../libsdcc/uint2fs.c:35:      ret iTemp2 [k7 lr6:7 so:0]{ ia0 a2p0 re0 rm0 nos0 ru1 dp0}{float fixed}[r0x1000 r0x1001 r0x1002 r0x1003 ]
0014   5800           00127         MOVAR   r0x1001
0015   5600           00128         MOVRA   STK02
0016   5800           00129         MOVAR   r0x1000
0017   5600           00130         MOVRA   STK01
0018   5800           00131         MOVAR   r0x1002
0019   5600           00132         MOVRA   STK00
001A   5800           00133         MOVAR   r0x1003
                      00134 ;;[ICODE] ../libsdcc/uint2fs.c:35:  _return($1) :
                      00135 ;;[ICODE] ../libsdcc/uint2fs.c:35:      eproc ___uint2fs [k1 lr0:0 so:0]{ ia0 a2p0 re0 rm0 nos0 ru0 dp0}{float function ( unsigned-int fixed) fixed}
001B   000C           00136         RETURN  
                      00137 ; exit point of ___uint2fs
                      00138 
                      00139 
                      00140 ;       code size estimation:
                      00141 ;          28+    0 =    28 instructions (   56 byte)
                      00142 
                      00143         end
gpasm-1.7.0_beta1 (Jan 22 2015)uint2fs.asm        2015-1-22  23:32:14          PAGE  2


SYMBOL TABLE
  LABEL                             VALUE

ADCR0                             000001B0
ADCR1                             000001B1
ADEOC                             00000001
ADIE                              00000006
ADIF                              00000006
ADON                              00000000
ADRH                              000001B4
ADRL                              000001B5
ANSEL                             00000193
BUZ0OE                            00000005
BUZ1OE                            00000005
C                                 00000000
CLKS                              00000002
DC                                00000001
FSR                               00000184
FSR0                              00000184
FSR1                              00000185
GIE                               00000007
HFEN                              00000000
HIBYTE                            00000183
INDF                              00000180
INDF0                             00000180
INDF1                             00000181
INDF2                             00000182
INDF3                             00000189
INT0IE                            00000002
INT0IF                            00000002
INT1IE                            00000003
INT1IF                            00000003
INTE                              0000018A
INTF                              0000018B
IOP0                              00000190
IOP1                              00000194
KBIE                              00000004
KBIF                              00000004
KBIM                              00000197
KBIM0                             00000000
KBIM1                             00000001
KBIM2                             00000002
KBIM3                             00000003
KBIM4                             00000004
KBIM5                             00000005
KBIM6                             00000006
LFEN                              00000001
LVDCR                             000001AD
LVDEN                             00000007
LVDF                              00000000
MCR                               00000188
OEP0                              00000191
OEP1                              00000195
OSCAL                             000001FB
OSCM                              000001AE
P00                               00000000
P00ANS                            00000000
P00OE                             00000000
P00PU                             00000000
P01                               00000001
P01ANS                            00000001
P01OE                             00000001
P01PU                             00000001
P02                               00000002
P02ANS                            00000002
P02OE                             00000002
P02PU                             00000002
P03                               00000003
P03ANS                            00000003
P03OE                             00000003
P03PU                             00000003
P04                               00000004
P04ANS                            00000004
P04OE                             00000004
P04PU                             00000004
P10                               00000000
P10OE                             00000000
P10PU                             00000000
P11                               00000001
P11OE                             00000001
P11PU                             00000001
P12                               00000002
P12ANS                            00000005
P12OE                             00000002
P12PU                             00000002
P13                               00000003
P13ANS                            00000006
P13OE                             00000003
P13PU                             00000003
P14                               00000004
P14OE                             00000004
P14PU                             00000004
P15                               00000005
P15OE                             00000005
P15PU                             00000005
P16                               00000006
P16OE                             00000006
P16PU                             00000006
PCL                               00000186
PD                                00000004
PUP0                              00000192
PUP1                              00000196
PWM0OE                            00000006
PWM1OE                            00000006
STATUS                            00000187
STBH                              00000004
STBL                              00000005
STK00                             00000000
STK01                             00000000
STK02                             00000000
STK03                             00000000
STK04                             00000000
STK05                             00000000
STK06                             00000000
T0CNT                             000001A1
T0CR                              000001A0
T0DATA                            000001A3
T0IE                              00000000
T0IF                              00000000
T0LOAD                            000001A2
T1CNT                             000001A5
T1CR                              000001A4
T1DATA                            000001A7
T1IE                              00000001
T1IF                              00000001
T1LOAD                            000001A6
TC0EN                             00000007
TC1EN                             00000007
TO                                00000005
Z                                 00000002
_CONFIG0                          00008000
_CONFIG1                          00008001
_CP_ALL                           00007FFF
_FCPU_128T                        0000FFEF
_FCPU_16T                         0000FFBF
_FCPU_256T                        0000FFFF
_FCPU_2T                          0000FF8F
_FCPU_32T                         0000FFCF
_FCPU_4T                          0000FF9F
_FCPU_64T                         0000FFDF
_FCPU_8T                          0000FFAF
_HRC_LRC                          0000FCFF
_HRC_LXT                          0000FDFF
_HXT_LRC                          0000FEFF
_MCLR_OFF                         0000FF7F
_MCLR_ON                          0000FFFF
_PTWRT_16_1024                    0000FFF7
_PTWRT_16_16                      0000DFF7
_PTWRT_256_256                    0000DFFF
_PTWRT_256_4096                   0000FFFF
_PTWRT_4_4                        0000DFF3
_PTWRT_4_512                      0000FFF3
_PTWRT_64_2048                    0000FFFB
_PTWRT_64_64                      0000DFFB
_VLVR_160                         0000E3FF
_VLVR_185                         0000E7FF
_VLVR_205                         0000EBFF
_VLVR_218                         0000EFFF
_VLVR_232                         0000F3FF
_VLVR_245                         0000F7FF
_VLVR_305                         0000FBFF
_VLVR_360                         0000FFFF
_WDT_ALWAYS_OFF                   0000FFFC
_WDT_ALWAYS_ON                    0000FFFF
_WDT_SLEEP_OFF                    0000FFFD
__32P21                           00000001
___fs2schar                       00000000
___fs2sint                        00000000
___fs2slong                       00000000
___fs2uchar                       00000000
___fs2uint                        00000000
___fs2ulong                       00000000
___fsadd                          00000000
___fsdiv                          00000000
___fseq                           00000000
___fsgt                           00000000
___fslt                           00000000
___fsmul                          00000000
___fsneq                          00000000
___fssub                          00000000
___schar2fs                       00000000
___sint2fs                        00000000
___slong2fs                       00000000
___uchar2fs                       00000000
___uint2fs                        00000000
___ulong2fs                       00000000
r0x1000                           00000001
r0x1001                           00000000
r0x1002                           00000002
r0x1003                           00000003

Errors   :     0
Warnings :     0 reported,     0 suppressed
Messages :     0 reported,     0 suppressed

