gpasm-1.7.0_beta1 (Jan 22 2015)_modschar.asm      2015-1-22  23:35:31          PAGE  1


LOC  OBJECT CODE     LINE SOURCE TEXT
  VALUE

                      00001 ;--------------------------------------------------------
                      00002 ; File Created by SN-SDCC : ANSI-C Compiler
                      00003 ; Version 0.0.4 (Jan 22 2015) (Linux)
                      00004 ; This file was generated Thu Jan 22 23:35:31 2015
                      00005 ;--------------------------------------------------------
                      00006 ; MC3X port for the RISC core
                      00007 ;--------------------------------------------------------
                      00008 ;       .file   "../libsdcc/_modschar.c"
                      00009         list    p=32p5312
                      00010         radix dec
                      00011         include "mc32p5312.inc"
                      00001 
                      00002 
                      00003 ;mc32p5312 header file 
                      00004 
                      00005 
                      00006 ;define must write at first row
                      00007 
  000001B0            00008 INDF    EQU     0x01B0       
  000001B0            00009 INDF0   EQU     0X01B0
  000001B1            00010 INDF1   EQU     0X01B1
  000001B2            00011 INDF2   EQU     0X01B2
  000001B3            00012 HIBYTE  EQU     0X01B3
  000001B4            00013 FSR     EQU     0x01B4
  000001B4            00014 FSR0    EQU     0X01B4
  000001B5            00015 FSR1    EQU     0X01B5
  000001B6            00016 PCL     EQU     0X01B6
  000001B7            00017 STATUS  EQU     0X01B7
  000001B8            00018 MCR     EQU     0X01B8
  000001B9            00019 INDF3   EQU     0X01B9   
  000001BA            00020 INTE    EQU     0X01BA
  000001BB            00021 INTF    EQU     0X01BB
  000001BC            00022 OSCM    EQU     0X01BC
  000001BD            00023 LVDCR   EQU     0X01BD
  000001BE            00024 LXTCR   EQU     0X01BE
                      00025 
  000001C0            00026 IOP0    EQU     0X01C0
  000001C1            00027 OEP0    EQU     0X01C1
  000001C2            00028 PUP0    EQU     0X01C2
  000001C3            00029 DKWP0   EQU     0X01C3
  000001C4            00030 IOP1    EQU     0X01C4
  000001C5            00031 OEP1    EQU     0X01C5
  000001C6            00032 PUP1    EQU     0X01C6
  000001C7            00033 DKWP1   EQU     0X01C7
  000001C8            00034 T0CR    EQU     0X01C8
  000001C9            00035 T0CNT   EQU     0X01C9
  000001CA            00036 T0LOAD  EQU     0X01CA
  000001CB            00037 T0DATA  EQU     0X01CB
  000001CC            00038 T1CR    EQU     0X01CC
  000001CD            00039 T1CNT   EQU     0X01CD
  000001CE            00040 T1LOAD  EQU     0X01CE
  000001CF            00041 T1DATA  EQU     0X01CF
                      00042 
  000001D0            00043 LCDCR0  EQU     0X01D0
  000001D1            00044 LCDCR1  EQU     0X01D1
  000001D2            00045 LCDISP0 EQU     0X01D2
  000001D3            00046 LCDISP1 EQU     0X01D3
  000001D4            00047 DKW     EQU     0X01D4
                      00048 
                      00049 
                      00050 ;INDF0
                      00051 #define         INDF07    INDF0,7
                      00052 #define         INDF06    INDF0,6
                      00053 #define         INDF05    INDF0,5
                      00054 #define         INDF04    INDF0,4
                      00055 #define         INDF03    INDF0,3
                      00056 #define         INDF02    INDF0,2
                      00057 #define         INDF01    INDF0,1
                      00058 #define         INDF00    INDF0,0
                      00059 
                      00060 ;INDF1
                      00061 #define         INDF17    INDF1,7
                      00062 #define         INDF16    INDF1,6
                      00063 #define         INDF15    INDF1,5
                      00064 #define         INDF14    INDF1,4
                      00065 #define         INDF13    INDF1,3
                      00066 #define         INDF12    INDF1,2
                      00067 #define         INDF11    INDF1,1
                      00068 #define         INDF10    INDF1,0
                      00069 
                      00070 ;INDF2
                      00071 #define         INDF27    INDF2,7
                      00072 #define         INDF26    INDF2,6
                      00073 #define         INDF25    INDF2,5
                      00074 #define         INDF24    INDF2,4
                      00075 #define         INDF23    INDF2,3
                      00076 #define         INDF22    INDF2,2
                      00077 #define         INDF21    INDF2,1
                      00078 #define         INDF20    INDF2,0
                      00079 
                      00080 ;HIBYTE
                      00081 #define         HIBYTE7   HIBYTE,7
                      00082 #define         HIBYTE6   HIBYTE,6
                      00083 #define         HIBYTE5   HIBYTE,5
                      00084 #define         HIBYTE4   HIBYTE,4
                      00085 #define         HIBYTE3   HIBYTE,3
                      00086 #define         HIBYTE2   HIBYTE,2
                      00087 #define         HIBYTE1   HIBYTE,1
                      00088 #define         HIBYTE0   HIBYTE,0
                      00089 
                      00090 ;FSR0
                      00091 #define         FSR07     FSR0,7
                      00092 #define         FSR06     FSR0,6
                      00093 #define         FSR05     FSR0,5
                      00094 #define         FSR04     FSR0,4
                      00095 #define         FSR03     FSR0,3
                      00096 #define         FSR02     FSR0,2
                      00097 #define         FSR01     FSR0,1
                      00098 #define         FSR00     FSR0,0
                      00099 
                      00100 ;FSR1
                      00101 #define         FSR17     FSR1,7
                      00102 #define         FSR16     FSR1,6
                      00103 #define         FSR15     FSR1,5
                      00104 #define         FSR14     FSR1,4
                      00105 #define         FSR13     FSR1,3
                      00106 #define         FSR12     FSR1,2
                      00107 #define         FSR11     FSR1,1
                      00108 #define         FSR10     FSR1,0
                      00109 
                      00110 ;PCL
                      00111 #define         PC7       PCL,7
                      00112 #define         PC6       PCL,6
                      00113 #define         PC5       PCL,5
                      00114 #define         PC4       PCL,4
                      00115 #define         PC3       PCL,3
                      00116 #define         PC2       PCL,2
                      00117 #define         PC1       PCL,1
                      00118 #define         PC0       PCL,0
                      00119 
                      00120 ;STATUS
                      00121 #define         Z         STATUS,2
                      00122 #define         DC        STATUS,1
                      00123 #define         C         STATUS,0
                      00124 
                      00125 ;MCR 
                      00126 #define         GIE       MCR,7
                      00127 #define         TO        MCR,5
                      00128 #define         PD        MCR,4
                      00129 #define         MINT11    MCR,3
                      00130 #define         MINT10    MCR,2
                      00131 #define         MINT01    MCR,1
                      00132 #define         MINT00    MCR,0
                      00133 
                      00134 ;INDF3
                      00135 #define         INDF37    INDF3,7
                      00136 #define         INDF36    INDF3,6
                      00137 #define         INDF35    INDF3,5
                      00138 #define         INDF34    INDF3,4
                      00139 #define         INDF33    INDF3,3
                      00140 #define         INDF32    INDF3,2
                      00141 #define         INDF31    INDF3,1
                      00142 #define         INDF30    INDF3,0 
                      00143 
                      00144 ;INTE
                      00145 ; 1=enable, 0=disable
                      00146 ;#define         ADIE      INTE,7
                      00147 #define         LVDIE     INTE,5
                      00148 ;#define         KBIE      INTE,4
                      00149 #define         INT1IE    INTE,3
                      00150 #define         INT0IE    INTE,2
                      00151 #define         T1IE      INTE,1
                      00152 #define         T0IE      INTE,0
                      00153 
                      00154 ;INTF
                      00155 ;1=active ,
                      00156 ;#define         ADIF      INTF,7 
                      00157 ;#define         T0RF      INTF,6
                      00158 #define         LVDIF     INTF,5
                      00159 ;#define         KBIF      INTF,4
                      00160 #define         INT1IF    INTF,3
                      00161 #define         INT0IF    INTF,2
                      00162 #define         T1IF      INTF,1
                      00163 #define         T0IF      INTF,0
                      00164 
                      00165 ;OSCM
                      00166 #define         STBL      OSCM,5
                      00167 #define         STBH      OSCM,4
                      00168 #define         CLKS      OSCM,2
                      00169 #define         LFEN      OSCM,1
                      00170 #define         HFEN      OSCM,0
                      00171 
                      00172 ;LVDCR
                      00173 #define         LVDEN     LVDCR,7
                      00174 #define         LVDS3     LVDCR,6
                      00175 #define         LVDS2     LVDCR,5
                      00176 #define         LVDS1     LVDCR,4
                      00177 #define         LVDS0     LVDCR,3
                      00178 #define         LVDF      LVDCR,0
                      00179 
                      00180 ;LXTCR
                      00181 #define         VDSEL     LXTCR,4
                      00182 #define         FILS      LXTCR,3
                      00183 #define         LPEN2     LXTCR,2
                      00184 #define         LPEN1     LXTCR,1
                      00185 #define         LPEN0     LXTCR,0
                      00186 
                      00187 ;IOP0
                      00188 #define         IOP07     IOP0,7
                      00189 #define         IOP06     IOP0,6
                      00190 #define         IOP05     IOP0,5
                      00191 #define         IOP04       IOP0,4
                      00192 #define         IOP03     IOP0,3
                      00193 #define         IOP02     IOP0,2
                      00194 #define         IOP01     IOP0,1
                      00195 #define         IOP00       IOP0,0
                      00196 
                      00197 ;OEP0
                      00198 #define         P07OE     OEP0,7
                      00199 #define         P06OE     OEP0,6
                      00200 #define         P05OE     OEP0,5
                      00201 #define         P04OE     OEP0,4
                      00202 #define         P03OE     OEP0,3
                      00203 #define         P02OE     OEP0,2
                      00204 #define         P01OE     OEP0,1
                      00205 #define         P00OE     OEP0,0
                      00206 
                      00207 ;PUP0
                      00208 #define         P07PU     PUP0,7
                      00209 #define         P06PU     PUP0,6
                      00210 #define         P05PU     PUP0,5
                      00211 #define         P04PU     PUP0,4
                      00212 #define         P03PU     PUP0,3
                      00213 #define         P02PU     PUP0,2
                      00214 #define         P01PU     PUP0,1
                      00215 #define         P00PU     PUP0,0
                      00216 
                      00217 ;DKWP0
                      00218 #define         P07DKW    DKWP0,7
                      00219 #define         P06DKW    DKWP0,6
                      00220 #define         P05DKW    DKWP0,5
                      00221 #define         P04DKW    DKWP0,4
                      00222 #define         P03DKW    DKWP0,3
                      00223 #define         P02DKW    DKWP0,2
                      00224 #define         P01DKW    DKWP0,1
                      00225 #define         P00DKW    DKWP0,0
                      00226 
                      00227 ;IOP1
                      00228 #define         IOP17     IOP1,7
                      00229 #define         IOP16     IOP1,6
                      00230 #define         IOP15     IOP1,5
                      00231 #define         IOP14     IOP1,4
                      00232 #define         IOP13     IOP1,3
                      00233 #define         IOP12     IOP1,2
                      00234 #define         IOP11     IOP1,1
                      00235 #define         IOP10     IOP1,0
                      00236 
                      00237 ;OEP1
                      00238 #define         P17OE     OEP1,7
                      00239 #define         P16OE     OEP1,6
                      00240 #define         P15OE     OEP1,5
                      00241 #define         P14OE     OEP1,4
                      00242 #define         P13OE     OEP1,3
                      00243 #define         P12OE     OEP1,2
                      00244 #define         P11OE     OEP1,1
                      00245 #define         P10OE     OEP1,0
                      00246 
                      00247 ;PUP1
                      00248 #define         P17PU     PUP1,7
                      00249 #define         P16PU     PUP1,6
                      00250 #define         P15PU     PUP1,5
                      00251 #define         P14PU     PUP1,4
                      00252 #define         P13PU     PUP1,3
                      00253 #define         P12PU     PUP1,2
                      00254 #define         P11PU     PUP1,1
                      00255 #define         P10PU     PUP1,0
                      00256 
                      00257 ;DKWP1
                      00258 #define         P17DKW    DKWP1,7
                      00259 #define         P16DKW    DKWP1,6
                      00260 #define         P15DKW    DKWP1,5
                      00261 #define         P14DKW    DKWP1,4
                      00262 #define         P13DKW    DKWP1,3
                      00263 #define         P12DKW    DKWP1,2
                      00264 #define         P11DKW    DKWP1,1
                      00265 #define         P10DKW    DKWP1,0
                      00266 
                      00267 ;-------------------------------------------------------
                      00268 ;timer0
                      00269 ;----------------------------
                      00270 ;T0CR
                      00271 #define         TC0EN     T0CR,7
                      00272 #define         PWM0OE    T0CR,6
                      00273 #define         BUZ0OE    T0CR,5
                      00274 #define         T0PTS1    T0CR,4
                      00275 #define         T0PTS0    T0CR,3
                      00276 #define         T0PR2     T0CR,2
                      00277 #define         T0PR1     T0CR,1
                      00278 #define         T0PR0     T0CR,0
                      00279 
                      00280 ;T0CNT
                      00281 #define         T0C7      T0CNT,7
                      00282 #define         T0C6      T0CNT,6
                      00283 #define         T0C5      T0CNT,5
                      00284 #define         T0C4      T0CNT,4
                      00285 #define         T0C3      T0CNT,3
                      00286 #define         T0C2      T0CNT,2
                      00287 #define         T0C1      T0CNT,1
                      00288 #define         T0C0      T0CNT,0
                      00289 
                      00290 ;T0LOAD
                      00291 #define         T0LOAD7   T0LOAD,7
                      00292 #define         T0LOAD6   T0LOAD,6
                      00293 #define         T0LOAD5   T0LOAD,5
                      00294 #define         T0LOAD4   T0LOAD,4
                      00295 #define         T0LOAD3   T0LOAD,3
                      00296 #define         T0LOAD2   T0LOAD,2
                      00297 #define         T0LOAD1   T0LOAD,1
                      00298 #define         T0LOAD0   T0LOAD,0
                      00299 
                      00300 ;T0DATA
                      00301 #define         T0DATA7   T0DATA,7
                      00302 #define         T0DATA6   T0DATA,6
                      00303 #define         T0DATA5   T0DATA,5
                      00304 #define         T0DATA4   T0DATA,4
                      00305 #define         T0DATA3   T0DATA,3
                      00306 #define         T0DATA2   T0DATA,2
                      00307 #define         T0DATA1   T0DATA,1
                      00308 #define         T0DATA0   T0DATA,0
                      00309 
                      00310 ;-------------------------------------------------------
                      00311 ;timer1
                      00312 ;----------------------------
                      00313 ;T1CR
                      00314 #define         TC1EN     T1CR,7
                      00315 #define         PWM1OE    T1CR,6
                      00316 #define         BUZ1OE    T1CR,5
                      00317 #define         T1PTS1    T1CR,4
                      00318 #define         T1PTS0    T1CR,3
                      00319 #define         T1PR2     T1CR,2
                      00320 #define         T1PR1     T1CR,1
                      00321 #define         T1PR0     T1CR,0
                      00322 
                      00323 ;T1CNT
                      00324 #define         T1C7      T1CNT,7
                      00325 #define         T1C6      T1CNT,6
                      00326 #define         T1C5      T1CNT,5
                      00327 #define         T1C4      T1CNT,4
                      00328 #define         T1C3      T1CNT,3
                      00329 #define         T1C2      T1CNT,2
                      00330 #define         T1C1      T1CNT,1
                      00331 #define         T1C0      T1CNT,0
                      00332 
                      00333 ;T1LOAD
                      00334 #define         T1LOAD7   T1LOAD,7
                      00335 #define         T1LOAD6   T1LOAD,6
                      00336 #define         T1LOAD5   T1LOAD,5
                      00337 #define         T1LOAD4   T1LOAD,4
                      00338 #define         T1LOAD3   T1LOAD,3
                      00339 #define         T1LOAD2   T1LOAD,2
                      00340 #define         T1LOAD1   T1LOAD,1
                      00341 #define         T1LOAD0   T1LOAD,0
                      00342 
                      00343 ;T1DATA
                      00344 #define         T1DATA7   T1DATA,7
                      00345 #define         T1DATA6   T1DATA,6
                      00346 #define         T1DATA5   T1DATA,5
                      00347 #define         T1DATA4   T1DATA,4
                      00348 #define         T1DATA3   T1DATA,3
                      00349 #define         T1DATA2   T1DATA,2
                      00350 #define         T1DATA1   T1DATA,1
                      00351 #define         T1DATA0   T1DATA,0
                      00352 
                      00353 ;LCDCR0
                      00354 #define         LCDEN     LCDCR0,5
                      00355 #define         LCDSP1    LCDCR0,4
                      00356 #define         LCDSP0    LCDCR0,3
                      00357 #define         LCDSPEED  LCDCR0,2
                      00358 #define         LCDRS1    LCDCR0,1
                      00359 #define         LCDRS0    LCDCR0,0
                      00360 
                      00361 ;LCDCR1
                      00362 #define         LCDLED    LCDCR1,4
                      00363 #define         LCDM      LCDCR1,3
                      00364 #define         LCDCKS    LCDCR1,2
                      00365 #define         FLCD1     LCDCR1,1
                      00366 #define         FLCD0     LCDCR1,0
                      00367 
                      00368 ;LCDSP0
                      00369 #define         LCDSP04   LCDSP0,4
                      00370 #define         LCDSP03   LCDSP0,3
                      00371 
                      00372 ;LCDSP1
                      00373 #define         LCDSP16   LCDSP1,6
                      00374 #define         LCDSP15   LCDSP1,5
                      00375 #define         LCDSP14   LCDSP1,4
                      00376 #define         LCDSP13   LCDSP1,3
                      00377 #define         LCDSP12   LCDSP1,2
                      00378 #define         LCDSP11   LCDSP1,1
                      00379 #define         LCDSP10   LCDSP1,0
                      00380 
                      00381 ;DKW
                      00382 #define         DKWE      DKW,5
                      00383 #define         WSEL1     DKW,4
                      00384 #define         WSEL0     DKW,3
                      00385 #define         RSEL      DKW,2
                      00386 #define         IROUTEN   DKW,1
                      00387 #define         IROUTS    DKW,0
                      00012 ;--------------------------------------------------------
                      00013 ; external declarations
                      00014 ;--------------------------------------------------------
                      00015         extern  __moduchar
                      00016 
                      00017         extern STK06
                      00018         extern STK05
                      00019         extern STK04
                      00020         extern STK03
                      00021         extern STK02
                      00022         extern STK01
                      00023         extern STK00
                      00024 ;--------------------------------------------------------
                      00025 ; global declarations
                      00026 ;--------------------------------------------------------
                      00027         global  __modschar
                      00028 
                      00029 ;--------------------------------------------------------
                      00030 ; global definitions
                      00031 ;--------------------------------------------------------
                      00032 ;--------------------------------------------------------
                      00033 ; absolute symbol definitions
                      00034 ;--------------------------------------------------------
                      00035 ;--------------------------------------------------------
                      00036 ; compiler-defined variables
                      00037 ;--------------------------------------------------------
                      00038 UDL__modschar_0 udata
0000                  00039 r0x1000 res     1
0000                  00040 r0x1001 res     1
0001                  00041 r0x1002 res     1
0001                  00042 r0x1003 res     1
0002                  00043 r0x1004 res     1
0002                  00044 r0x1005 res     1
0003                  00045 r0x1006 res     1
0003                  00046 r0x1007 res     1
0004                  00047 r0x1008 res     1
                      00048 ;--------------------------------------------------------
                      00049 ; initialized data
                      00050 ;--------------------------------------------------------
                      00051 ;--------------------------------------------------------
                      00052 ; overlayable items in internal ram 
                      00053 ;--------------------------------------------------------
                      00054 ;       udata_ovr
                      00055 ;--------------------------------------------------------
                      00056 ; code
                      00057 ;--------------------------------------------------------
                      00058 code__modschar  code
                      00059 ;***
                      00060 ;  pBlock Stats: dbName = C
                      00061 ;***
                      00062 ;entry:  __modschar     ;Function start
                      00063 ; 2 exit points
                      00064 ;has an exit
                      00065 ;functions called:
                      00066 ;   __moduchar
                      00067 ;   __moduchar
                      00068 ;   __moduchar
                      00069 ;   __moduchar
                      00070 ;   __moduchar
                      00071 ;   __moduchar
                      00072 ;   __moduchar
                      00073 ;   __moduchar
                      00074 ;11 compiler assigned registers:
                      00075 ;   r0x1000
                      00076 ;   STK00
                      00077 ;   r0x1001
                      00078 ;   r0x1002
                      00079 ;   r0x1003
                      00080 ;   r0x1004
                      00081 ;   r0x1005
                      00082 ;   r0x1006
                      00083 ;   r0x1007
                      00084 ;   r0x1008
                      00085 ;   r0x1009
                      00086 ;; Starting pCode block
                      00087 ;;[ICODE] ../libsdcc/_modschar.c:32:  _entry($11) :
                      00088 ;;[ICODE] ../libsdcc/_modschar.c:32:    proc __modschar [k1 lr0:0 so:0]{ ia0 a2p0 re0 rm0 nos0 ru0 dp0}{char function ( char fixed, char fixed) fixed}
0000                  00089 __modschar      ;Function start
                      00090 ; 2 exit points
                      00091 ;;[ICODE] ../libsdcc/_modschar.c:32: iTemp0 [k2 lr3:48 so:0]{ ia0 a2p0 re1 rm0 nos0 ru0 dp0}{char fixed}{ sir@ __modschar_a_1_2}[r0x1000 ] = recv __modschar [k1 lr0:0 so:0]{ ia0 a2p0 re0 rm0 nos0 ru0 dp0}{char function ( char fixed, char fixed) fixed}
                      00092 ;       .line   32; "../libsdcc/_modschar.c"    _modschar (signed char a, signed char b)
0000   5600           00093         MOVRA   r0x1000
                      00094 ;;[ICODE] ../libsdcc/_modschar.c:32: iTemp1 [k4 lr4:50 so:0]{ ia0 a2p0 re1 rm0 nos0 ru0 dp0}{char fixed}{ sir@ __modschar_b_1_2}[r0x1001 ] = recv __modschar [k1 lr0:0 so:0]{ ia0 a2p0 re0 rm0 nos0 ru0 dp0}{char function ( char fixed, char fixed) fixed}
0001   5800           00095         MOVAR   STK00
0002   5600           00096         MOVRA   r0x1001
                      00097 ;;[ICODE] ../libsdcc/_modschar.c:34:    iTemp2 [k6 lr5:6 so:0]{ ia0 a2p0 re0 rm0 nos0 ru0 dp0}{char fixed} = iTemp0 [k2 lr3:48 so:0]{ ia0 a2p0 re1 rm0 nos0 ru0 dp0}{char fixed}{ sir@ __modschar_a_1_2}[r0x1000 ] < 0x0 {const-char literal}
                      00098 ;;signed compare: left < lit(0x0=0), size=1, mask=ff
                      00099 ;       .line   34; "../libsdcc/_modschar.c"    if (a < 0) {
0003   C1B7           00100         BSET    STATUS,0
0004   EE00           00101         JBSET   r0x1000,7
0005   D1B7           00102         BCLR    STATUS,0
0006   E1B7           00103         JBSET   STATUS,0
0007   A000           00104         GOTO    _00112_DS_
                      00105 ;;genSkipc:3246: created from rifx:0xbff2af90
                      00106 ;;[ICODE] ../libsdcc/_modschar.c:34:    if iTemp2 [k6 lr5:6 so:0]{ ia0 a2p0 re0 rm0 nos0 ru0 dp0}{char fixed} == 0 goto _iffalse_2($8)
                      00107 ;;[ICODE] ../libsdcc/_modschar.c:36:    iTemp3 [k7 lr7:8 so:0]{ ia0 a2p0 re0 rm0 nos0 ru0 dp0}{char fixed} = iTemp1 [k4 lr4:50 so:0]{ ia0 a2p0 re1 rm0 nos0 ru0 dp0}{char fixed}{ sir@ __modschar_b_1_2}[r0x1001 ] < 0x0 {const-char literal}
                      00108 ;;signed compare: left < lit(0x0=0), size=1, mask=ff
                      00109 ;       .line   36; "../libsdcc/_modschar.c"    if (b < 0)
0008   C1B7           00110         BSET    STATUS,0
0009   EE00           00111         JBSET   r0x1001,7
000A   D1B7           00112         BCLR    STATUS,0
000B   E1B7           00113         JBSET   STATUS,0
000C   A000           00114         GOTO    _00106_DS_
                      00115 ;;genSkipc:3246: created from rifx:0xbff2af90
                      00116 ;;[ICODE] ../libsdcc/_modschar.c:36:    if iTemp3 [k7 lr7:8 so:0]{ ia0 a2p0 re0 rm0 nos0 ru0 dp0}{char fixed} == 0 goto _iffalse_0($2)
                      00117 ;;[ICODE] ../libsdcc/_modschar.c:37:    iTemp4 [k9 lr9:10 so:0]{ ia0 a2p0 re0 rm0 nos0 ru0 dp0}{int fixed}[r0x1002 r0x1003 ] = (int fixed)iTemp0 [k2 lr3:48 so:0]{ ia0 a2p0 re1 rm0 nos0 ru0 dp0}{char fixed}{ sir@ __modschar_a_1_2}[r0x1000 ]
                      00118 ;       .line   37; "../libsdcc/_modschar.c"    return _moduchar ((unsigned int)-a, (unsigned int)-b);
000D   5800           00119         MOVAR   r0x1000
000E   5600           00120         MOVRA   r0x1002
000F   7600           00121         CLRR    r0x1003
0010   FE00           00122         JBCLR   r0x1002,7
0011   6E00           00123         DECR    r0x1003
                      00124 ;;[ICODE] ../libsdcc/_modschar.c:37:    iTemp5 [k10 lr10:11 so:0]{ ia0 a2p0 re0 rm0 nos0 ru0 dp0}{int fixed}[r0x1002 r0x1003 ] = - iTemp4 [k9 lr9:10 so:0]{ ia0 a2p0 re0 rm0 nos0 ru0 dp0}{int fixed}[r0x1002 r0x1003 ]
0012   7200           00125         COMR    r0x1002
0013   7200           00126         COMR    r0x1003
0014   6600           00127         INCR    r0x1002
0015   F5B7           00128         JBCLR   STATUS,2
0016   6600           00129         INCR    r0x1003
                      00130 ;;[ICODE] ../libsdcc/_modschar.c:37:    iTemp6 [k11 lr11:12 so:0]{ ia0 a2p0 re0 rm0 nos0 ru0 dp0}{unsigned-int fixed}[r0x1004 r0x1005 ] = (unsigned-int fixed)iTemp5 [k10 lr10:11 so:0]{ ia0 a2p0 re0 rm0 nos0 ru0 dp0}{int fixed}[r0x1002 r0x1003 ]
0017   5800           00131         MOVAR   r0x1002
0018   5600           00132         MOVRA   r0x1002
0019   5600           00133         MOVRA   r0x1004
001A   5800           00134         MOVAR   r0x1003
001B   5600           00135         MOVRA   r0x1005
                      00136 ;;[ICODE] ../libsdcc/_modschar.c:37:    iTemp7 [k12 lr12:18 so:0]{ ia0 a2p0 re0 rm0 nos0 ru1 dp0}{unsigned-char fixed}[r0x1002 ] = (unsigned-char fixed)iTemp6 [k11 lr11:12 so:0]{ ia0 a2p0 re0 rm0 nos0 ru0 dp0}{unsigned-int fixed}[r0x1004 r0x1005 ]
                      00137 ;;108   MOVAR   r0x1004
                      00138 ;;[ICODE] ../libsdcc/_modschar.c:37:    iTemp8 [k13 lr13:14 so:0]{ ia0 a2p0 re0 rm0 nos0 ru0 dp0}{int fixed}[r0x1004 r0x1005 ] = (int fixed)iTemp1 [k4 lr4:50 so:0]{ ia0 a2p0 re1 rm0 nos0 ru0 dp0}{char fixed}{ sir@ __modschar_b_1_2}[r0x1001 ]
001C   5800           00139         MOVAR   r0x1001
001D   5600           00140         MOVRA   r0x1004
001E   7600           00141         CLRR    r0x1005
001F   FE00           00142         JBCLR   r0x1004,7
0020   6E00           00143         DECR    r0x1005
                      00144 ;;[ICODE] ../libsdcc/_modschar.c:37:    iTemp9 [k14 lr14:15 so:0]{ ia0 a2p0 re0 rm0 nos0 ru0 dp0}{int fixed}[r0x1004 r0x1005 ] = - iTemp8 [k13 lr13:14 so:0]{ ia0 a2p0 re0 rm0 nos0 ru0 dp0}{int fixed}[r0x1004 r0x1005 ]
0021   7200           00145         COMR    r0x1004
0022   7200           00146         COMR    r0x1005
0023   6600           00147         INCR    r0x1004
0024   F5B7           00148         JBCLR   STATUS,2
0025   6600           00149         INCR    r0x1005
                      00150 ;;[ICODE] ../libsdcc/_modschar.c:37:    iTemp10 [k15 lr15:16 so:0]{ ia0 a2p0 re0 rm0 nos0 ru0 dp0}{unsigned-int fixed}[r0x1006 r0x1007 ] = (unsigned-int fixed)iTemp9 [k14 lr14:15 so:0]{ ia0 a2p0 re0 rm0 nos0 ru0 dp0}{int fixed}[r0x1004 r0x1005 ]
                      00151 ;;110   MOVAR   r0x1004
0026   5800           00152         MOVAR   r0x1005
0027   5600           00153         MOVRA   r0x1007
                      00154 ;;[ICODE] ../libsdcc/_modschar.c:37:    iTemp11 [k16 lr16:18 so:0]{ ia0 a2p0 re0 rm0 nos0 ru0 dp0}{unsigned-char fixed}[r0x1004 ] = (unsigned-char fixed)iTemp10 [k15 lr15:16 so:0]{ ia0 a2p0 re0 rm0 nos0 ru0 dp0}{unsigned-int fixed}[r0x1006 r0x1007 ]
                      00155 ;;104   MOVAR   r0x1006
                      00156 ;;[ICODE] ../libsdcc/_modschar.c:37:    send iTemp7 [k12 lr12:18 so:0]{ ia0 a2p0 re0 rm0 nos0 ru1 dp0}{unsigned-char fixed}[r0x1002 ]{argreg = 1}
                      00157 ;;[ICODE] ../libsdcc/_modschar.c:37:    send iTemp11 [k16 lr16:18 so:0]{ ia0 a2p0 re0 rm0 nos0 ru0 dp0}{unsigned-char fixed}[r0x1004 ]{argreg = 1}
                      00158 ;;[ICODE] ../libsdcc/_modschar.c:37:    iTemp12 [k19 lr19:20 so:0]{ ia0 a2p0 re0 rm0 nos0 ru1 dp0}{unsigned-char fixed}[r0x1002 ] = call __moduchar [k8 lr0:0 so:0]{ ia0 a2p0 re0 rm0 nos0 ru0 dp0}{unsigned-char function ( unsigned-char fixed, unsigned-char fixed) fixed}
                      00159 ;;103   MOVAR   r0x1004
                      00160 ;;109   MOVAR   r0x1006
0028   5800           00161         MOVAR   r0x1004
0029   5600           00162         MOVRA   r0x1006
002A   5600           00163         MOVRA   r0x1004
002B   5600           00164         MOVRA   STK00
002C   5800           00165         MOVAR   r0x1002
002D   8000           00166         CALL    __moduchar
002E   5600           00167         MOVRA   r0x1002
                      00168 ;;[ICODE] ../libsdcc/_modschar.c:37:    ret iTemp12 [k19 lr19:20 so:0]{ ia0 a2p0 re0 rm0 nos0 ru1 dp0}{unsigned-char fixed}[r0x1002 ]
002F   5800           00169         MOVAR   r0x1002
0030   A000           00170         GOTO    _00114_DS_
                      00171 ;;[ICODE] ../libsdcc/_modschar.c:37:  _iffalse_0($2) :
                      00172 ;;[ICODE] ../libsdcc/_modschar.c:39:    iTemp13 [k20 lr22:23 so:0]{ ia0 a2p0 re0 rm0 nos0 ru0 dp0}{int fixed}[r0x1002 r0x1004 ] = (int fixed)iTemp0 [k2 lr3:48 so:0]{ ia0 a2p0 re1 rm0 nos0 ru0 dp0}{char fixed}{ sir@ __modschar_a_1_2}[r0x1000 ]
0031                  00173 _00106_DS_
                      00174 ;       .line   39; "../libsdcc/_modschar.c"    return -_moduchar ((unsigned int)-a, (unsigned int)b);
0031   5800           00175         MOVAR   r0x1000
0032   5600           00176         MOVRA   r0x1002
0033   7600           00177         CLRR    r0x1004
0034   FE00           00178         JBCLR   r0x1002,7
0035   6E00           00179         DECR    r0x1004
                      00180 ;;[ICODE] ../libsdcc/_modschar.c:39:    iTemp14 [k21 lr23:24 so:0]{ ia0 a2p0 re0 rm0 nos0 ru0 dp0}{int fixed}[r0x1002 r0x1004 ] = - iTemp13 [k20 lr22:23 so:0]{ ia0 a2p0 re0 rm0 nos0 ru0 dp0}{int fixed}[r0x1002 r0x1004 ]
0036   7200           00181         COMR    r0x1002
0037   7200           00182         COMR    r0x1004
0038   6600           00183         INCR    r0x1002
0039   F5B7           00184         JBCLR   STATUS,2
003A   6600           00185         INCR    r0x1004
                      00186 ;;[ICODE] ../libsdcc/_modschar.c:39:    iTemp15 [k22 lr24:25 so:0]{ ia0 a2p0 re0 rm0 nos0 ru0 dp0}{unsigned-int fixed}[r0x1006 r0x1007 ] = (unsigned-int fixed)iTemp14 [k21 lr23:24 so:0]{ ia0 a2p0 re0 rm0 nos0 ru0 dp0}{int fixed}[r0x1002 r0x1004 ]
003B   5800           00187         MOVAR   r0x1002
003C   5600           00188         MOVRA   r0x1002
003D   5600           00189         MOVRA   r0x1006
003E   5800           00190         MOVAR   r0x1004
003F   5600           00191         MOVRA   r0x1007
                      00192 ;;[ICODE] ../libsdcc/_modschar.c:39:    iTemp16 [k23 lr25:29 so:0]{ ia0 a2p0 re0 rm0 nos0 ru1 dp0}{unsigned-char fixed}[r0x1002 ] = (unsigned-char fixed)iTemp15 [k22 lr24:25 so:0]{ ia0 a2p0 re0 rm0 nos0 ru0 dp0}{unsigned-int fixed}[r0x1006 r0x1007 ]
                      00193 ;;105   MOVAR   r0x1006
                      00194 ;;[ICODE] ../libsdcc/_modschar.c:39:    iTemp17 [k24 lr26:27 so:0]{ ia0 a2p0 re0 rm0 nos0 ru0 dp0}{unsigned-int fixed}[r0x1006 r0x1007 ] = (unsigned-int fixed)iTemp1 [k4 lr4:50 so:0]{ ia0 a2p0 re1 rm0 nos0 ru0 dp0}{char fixed}{ sir@ __modschar_b_1_2}[r0x1001 ]
0040   5800           00195         MOVAR   r0x1001
0041   5600           00196         MOVRA   r0x1006
0042   7600           00197         CLRR    r0x1007
0043   FE00           00198         JBCLR   r0x1006,7
0044   6E00           00199         DECR    r0x1007
                      00200 ;;[ICODE] ../libsdcc/_modschar.c:39:    iTemp18 [k25 lr27:29 so:0]{ ia0 a2p0 re0 rm0 nos0 ru0 dp0}{unsigned-char fixed}[r0x1008 ] = (unsigned-char fixed)iTemp17 [k24 lr26:27 so:0]{ ia0 a2p0 re0 rm0 nos0 ru0 dp0}{unsigned-int fixed}[r0x1006 r0x1007 ]
                      00201 ;;107   MOVAR   r0x1006
                      00202 ;;[ICODE] ../libsdcc/_modschar.c:39:    send iTemp16 [k23 lr25:29 so:0]{ ia0 a2p0 re0 rm0 nos0 ru1 dp0}{unsigned-char fixed}[r0x1002 ]{argreg = 1}
                      00203 ;;[ICODE] ../libsdcc/_modschar.c:39:    send iTemp18 [k25 lr27:29 so:0]{ ia0 a2p0 re0 rm0 nos0 ru0 dp0}{unsigned-char fixed}[r0x1008 ]{argreg = 1}
                      00204 ;;[ICODE] ../libsdcc/_modschar.c:39:    iTemp19 [k26 lr30:31 so:0]{ ia0 a2p0 re0 rm0 nos0 ru0 dp0}{unsigned-char fixed}[r0x1002 ] = call __moduchar [k8 lr0:0 so:0]{ ia0 a2p0 re0 rm0 nos0 ru0 dp0}{unsigned-char function ( unsigned-char fixed, unsigned-char fixed) fixed}
                      00205 ;;106   MOVAR   r0x1008
0045   5800           00206         MOVAR   r0x1006
0046   5600           00207         MOVRA   r0x1008
0047   5600           00208         MOVRA   STK00
0048   5800           00209         MOVAR   r0x1002
0049   8000           00210         CALL    __moduchar
004A   5600           00211         MOVRA   r0x1002
                      00212 ;;[ICODE] ../libsdcc/_modschar.c:39:    iTemp20 [k27 lr31:32 so:0]{ ia0 a2p0 re0 rm0 nos0 ru1 dp0}{unsigned-char fixed}[r0x1002 ] = - iTemp19 [k26 lr30:31 so:0]{ ia0 a2p0 re0 rm0 nos0 ru0 dp0}{unsigned-char fixed}[r0x1002 ]
004B   7200           00213         COMR    r0x1002
004C   6600           00214         INCR    r0x1002
                      00215 ;;[ICODE] ../libsdcc/_modschar.c:39:    ret iTemp20 [k27 lr31:32 so:0]{ ia0 a2p0 re0 rm0 nos0 ru1 dp0}{unsigned-char fixed}[r0x1002 ]
004D   5800           00216         MOVAR   r0x1002
004E   A000           00217         GOTO    _00114_DS_
                      00218 ;;[ICODE] ../libsdcc/_modschar.c:39:  _iffalse_2($8) :
                      00219 ;;[ICODE] ../libsdcc/_modschar.c:42:    iTemp21 [k28 lr34:35 so:0]{ ia0 a2p0 re0 rm0 nos0 ru0 dp0}{char fixed} = iTemp1 [k4 lr4:50 so:0]{ ia0 a2p0 re1 rm0 nos0 ru0 dp0}{char fixed}{ sir@ __modschar_b_1_2}[r0x1001 ] < 0x0 {const-char literal}
                      00220 ;;signed compare: left < lit(0x0=0), size=1, mask=ff
004F                  00221 _00112_DS_
                      00222 ;       .line   42; "../libsdcc/_modschar.c"    if (b < 0)
004F   C1B7           00223         BSET    STATUS,0
0050   EE00           00224         JBSET   r0x1001,7
0051   D1B7           00225         BCLR    STATUS,0
0052   E1B7           00226         JBSET   STATUS,0
0053   A000           00227         GOTO    _00109_DS_
                      00228 ;;genSkipc:3246: created from rifx:0xbff2af90
                      00229 ;;[ICODE] ../libsdcc/_modschar.c:42:    if iTemp21 [k28 lr34:35 so:0]{ ia0 a2p0 re0 rm0 nos0 ru0 dp0}{char fixed} == 0 goto _iffalse_1($5)
                      00230 ;;[ICODE] ../libsdcc/_modschar.c:43:    iTemp22 [k29 lr36:37 so:0]{ ia0 a2p0 re0 rm0 nos0 ru0 dp0}{unsigned-int fixed}[r0x1002 r0x1006 ] = (unsigned-int fixed)iTemp0 [k2 lr3:48 so:0]{ ia0 a2p0 re1 rm0 nos0 ru0 dp0}{char fixed}{ sir@ __modschar_a_1_2}[r0x1000 ]
                      00231 ;       .line   43; "../libsdcc/_modschar.c"    return -_moduchar ((unsigned int)a, (unsigned int)-b);
0054   5800           00232         MOVAR   r0x1000
0055   5600           00233         MOVRA   r0x1002
0056   7600           00234         CLRR    r0x1006
0057   FE00           00235         JBCLR   r0x1002,7
0058   6E00           00236         DECR    r0x1006
                      00237 ;;[ICODE] ../libsdcc/_modschar.c:43:    iTemp23 [k30 lr37:43 so:0]{ ia0 a2p0 re0 rm0 nos0 ru1 dp0}{unsigned-char fixed}[r0x1007 ] = (unsigned-char fixed)iTemp22 [k29 lr36:37 so:0]{ ia0 a2p0 re0 rm0 nos0 ru0 dp0}{unsigned-int fixed}[r0x1002 r0x1006 ]
0059   5800           00238         MOVAR   r0x1002
005A   5600           00239         MOVRA   r0x1007
                      00240 ;;[ICODE] ../libsdcc/_modschar.c:43:    iTemp24 [k31 lr38:39 so:0]{ ia0 a2p0 re0 rm0 nos0 ru0 dp0}{int fixed}[r0x1002 r0x1006 ] = (int fixed)iTemp1 [k4 lr4:50 so:0]{ ia0 a2p0 re1 rm0 nos0 ru0 dp0}{char fixed}{ sir@ __modschar_b_1_2}[r0x1001 ]
005B   5800           00241         MOVAR   r0x1001
005C   5600           00242         MOVRA   r0x1002
005D   7600           00243         CLRR    r0x1006
005E   FE00           00244         JBCLR   r0x1002,7
005F   6E00           00245         DECR    r0x1006
                      00246 ;;[ICODE] ../libsdcc/_modschar.c:43:    iTemp25 [k32 lr39:40 so:0]{ ia0 a2p0 re0 rm0 nos0 ru0 dp0}{int fixed}[r0x1002 r0x1006 ] = - iTemp24 [k31 lr38:39 so:0]{ ia0 a2p0 re0 rm0 nos0 ru0 dp0}{int fixed}[r0x1002 r0x1006 ]
0060   7200           00247         COMR    r0x1002
0061   7200           00248         COMR    r0x1006
0062   6600           00249         INCR    r0x1002
0063   F5B7           00250         JBCLR   STATUS,2
0064   6600           00251         INCR    r0x1006
                      00252 ;;[ICODE] ../libsdcc/_modschar.c:43:    iTemp26 [k33 lr40:41 so:0]{ ia0 a2p0 re0 rm0 nos0 ru0 dp0}{unsigned-int fixed}[r0x1008 r0x1009 ] = (unsigned-int fixed)iTemp25 [k32 lr39:40 so:0]{ ia0 a2p0 re0 rm0 nos0 ru0 dp0}{int fixed}[r0x1002 r0x1006 ]
                      00253 ;;112   MOVAR   r0x1002
0065   5800           00254         MOVAR   r0x1006
                      00255 ;;1     MOVRA   r0x1009
                      00256 ;;[ICODE] ../libsdcc/_modschar.c:43:    iTemp27 [k34 lr41:43 so:0]{ ia0 a2p0 re0 rm0 nos0 ru0 dp0}{unsigned-char fixed}[r0x1002 ] = (unsigned-char fixed)iTemp26 [k33 lr40:41 so:0]{ ia0 a2p0 re0 rm0 nos0 ru0 dp0}{unsigned-int fixed}[r0x1008 r0x1009 ]
                      00257 ;;102   MOVAR   r0x1008
                      00258 ;;[ICODE] ../libsdcc/_modschar.c:43:    send iTemp23 [k30 lr37:43 so:0]{ ia0 a2p0 re0 rm0 nos0 ru1 dp0}{unsigned-char fixed}[r0x1007 ]{argreg = 1}
                      00259 ;;[ICODE] ../libsdcc/_modschar.c:43:    send iTemp27 [k34 lr41:43 so:0]{ ia0 a2p0 re0 rm0 nos0 ru0 dp0}{unsigned-char fixed}[r0x1002 ]{argreg = 1}
                      00260 ;;[ICODE] ../libsdcc/_modschar.c:43:    iTemp28 [k35 lr44:45 so:0]{ ia0 a2p0 re0 rm0 nos0 ru0 dp0}{unsigned-char fixed}[r0x1002 ] = call __moduchar [k8 lr0:0 so:0]{ ia0 a2p0 re0 rm0 nos0 ru0 dp0}{unsigned-char function ( unsigned-char fixed, unsigned-char fixed) fixed}
                      00261 ;;101   MOVAR   r0x1002
                      00262 ;;111   MOVAR   r0x1008
0066   5800           00263         MOVAR   r0x1002
0067   5600           00264         MOVRA   r0x1008
0068   5600           00265         MOVRA   r0x1002
0069   5600           00266         MOVRA   STK00
006A   5800           00267         MOVAR   r0x1007
006B   8000           00268         CALL    __moduchar
006C   5600           00269         MOVRA   r0x1002
                      00270 ;;[ICODE] ../libsdcc/_modschar.c:43:    iTemp29 [k36 lr45:46 so:0]{ ia0 a2p0 re0 rm0 nos0 ru1 dp0}{unsigned-char fixed}[r0x1002 ] = - iTemp28 [k35 lr44:45 so:0]{ ia0 a2p0 re0 rm0 nos0 ru0 dp0}{unsigned-char fixed}[r0x1002 ]
006D   7200           00271         COMR    r0x1002
006E   6600           00272         INCR    r0x1002
                      00273 ;;[ICODE] ../libsdcc/_modschar.c:43:    ret iTemp29 [k36 lr45:46 so:0]{ ia0 a2p0 re0 rm0 nos0 ru1 dp0}{unsigned-char fixed}[r0x1002 ]
006F   5800           00274         MOVAR   r0x1002
0070   A000           00275         GOTO    _00114_DS_
                      00276 ;;[ICODE] ../libsdcc/_modschar.c:43:  _iffalse_1($5) :
                      00277 ;;[ICODE] ../libsdcc/_modschar.c:45:    iTemp30 [k37 lr48:49 so:0]{ ia0 a2p0 re0 rm0 nos0 ru0 dp0}{unsigned-int fixed}[r0x1002 r0x1007 ] = (unsigned-int fixed)iTemp0 [k2 lr3:48 so:0]{ ia0 a2p0 re1 rm0 nos0 ru0 dp0}{char fixed}{ sir@ __modschar_a_1_2}[r0x1000 ]
0071                  00278 _00109_DS_
                      00279 ;       .line   45; "../libsdcc/_modschar.c"    return _moduchar ((unsigned int)a, (unsigned int)b);
0071   5800           00280         MOVAR   r0x1000
0072   5600           00281         MOVRA   r0x1002
0073   7600           00282         CLRR    r0x1007
0074   FE00           00283         JBCLR   r0x1002,7
0075   6E00           00284         DECR    r0x1007
                      00285 ;;[ICODE] ../libsdcc/_modschar.c:45:    iTemp31 [k38 lr49:53 so:0]{ ia0 a2p0 re0 rm0 nos0 ru1 dp0}{unsigned-char fixed}[r0x1000 ] = (unsigned-char fixed)iTemp30 [k37 lr48:49 so:0]{ ia0 a2p0 re0 rm0 nos0 ru0 dp0}{unsigned-int fixed}[r0x1002 r0x1007 ]
0076   5800           00286         MOVAR   r0x1002
0077   5600           00287         MOVRA   r0x1000
                      00288 ;;[ICODE] ../libsdcc/_modschar.c:45:    iTemp32 [k39 lr50:51 so:0]{ ia0 a2p0 re0 rm0 nos0 ru0 dp0}{unsigned-int fixed}[r0x1002 r0x1007 ] = (unsigned-int fixed)iTemp1 [k4 lr4:50 so:0]{ ia0 a2p0 re1 rm0 nos0 ru0 dp0}{char fixed}{ sir@ __modschar_b_1_2}[r0x1001 ]
0078   5800           00289         MOVAR   r0x1001
0079   5600           00290         MOVRA   r0x1002
007A   7600           00291         CLRR    r0x1007
007B   FE00           00292         JBCLR   r0x1002,7
007C   6E00           00293         DECR    r0x1007
                      00294 ;;[ICODE] ../libsdcc/_modschar.c:45:    iTemp33 [k40 lr51:53 so:0]{ ia0 a2p0 re0 rm0 nos0 ru0 dp0}{unsigned-char fixed}[r0x1001 ] = (unsigned-char fixed)iTemp32 [k39 lr50:51 so:0]{ ia0 a2p0 re0 rm0 nos0 ru0 dp0}{unsigned-int fixed}[r0x1002 r0x1007 ]
                      00295 ;;100   MOVAR   r0x1002
                      00296 ;;[ICODE] ../libsdcc/_modschar.c:45:    send iTemp31 [k38 lr49:53 so:0]{ ia0 a2p0 re0 rm0 nos0 ru1 dp0}{unsigned-char fixed}[r0x1000 ]{argreg = 1}
                      00297 ;;[ICODE] ../libsdcc/_modschar.c:45:    send iTemp33 [k40 lr51:53 so:0]{ ia0 a2p0 re0 rm0 nos0 ru0 dp0}{unsigned-char fixed}[r0x1001 ]{argreg = 1}
                      00298 ;;[ICODE] ../libsdcc/_modschar.c:45:    iTemp34 [k41 lr54:55 so:0]{ ia0 a2p0 re0 rm0 nos0 ru1 dp0}{unsigned-char fixed}[r0x1000 ] = call __moduchar [k8 lr0:0 so:0]{ ia0 a2p0 re0 rm0 nos0 ru0 dp0}{unsigned-char function ( unsigned-char fixed, unsigned-char fixed) fixed}
                      00299 ;;99    MOVAR   r0x1001
007D   5800           00300         MOVAR   r0x1002
007E   5600           00301         MOVRA   r0x1001
007F   5600           00302         MOVRA   STK00
0080   5800           00303         MOVAR   r0x1000
0081   8000           00304         CALL    __moduchar
0082   5600           00305         MOVRA   r0x1000
                      00306 ;;[ICODE] ../libsdcc/_modschar.c:45:    ret iTemp34 [k41 lr54:55 so:0]{ ia0 a2p0 re0 rm0 nos0 ru1 dp0}{unsigned-char fixed}[r0x1000 ]
0083   5800           00307         MOVAR   r0x1000
                      00308 ;;[ICODE] ../libsdcc/_modschar.c:45:  _return($10) :
                      00309 ;;[ICODE] ../libsdcc/_modschar.c:45:    eproc __modschar [k1 lr0:0 so:0]{ ia0 a2p0 re0 rm0 nos0 ru0 dp0}{char function ( char fixed, char fixed) fixed}
0084                  00310 _00114_DS_
0084   000C           00311         RETURN  
                      00312 ; exit point of __modschar
                      00313 
                      00314 
                      00315 ;       code size estimation:
                      00316 ;         133+    0 =   133 instructions (  266 byte)
                      00317 
                      00318         end
gpasm-1.7.0_beta1 (Jan 22 2015)_modschar.asm      2015-1-22  23:35:31          PAGE  2


SYMBOL TABLE
  LABEL                             VALUE

DKW                               000001D4
DKWP0                             000001C3
DKWP1                             000001C7
FSR                               000001B4
FSR0                              000001B4
FSR1                              000001B5
HIBYTE                            000001B3
INDF                              000001B0
INDF0                             000001B0
INDF1                             000001B1
INDF2                             000001B2
INDF3                             000001B9
INTE                              000001BA
INTF                              000001BB
IOP0                              000001C0
IOP1                              000001C4
LCDCR0                            000001D0
LCDCR1                            000001D1
LCDISP0                           000001D2
LCDISP1                           000001D3
LVDCR                             000001BD
LXTCR                             000001BE
MCR                               000001B8
OEP0                              000001C1
OEP1                              000001C5
OSCM                              000001BC
PCL                               000001B6
PUP0                              000001C2
PUP1                              000001C6
STATUS                            000001B7
STK00                             00000000
STK01                             00000000
STK02                             00000000
STK03                             00000000
STK04                             00000000
STK05                             00000000
STK06                             00000000
T0CNT                             000001C9
T0CR                              000001C8
T0DATA                            000001CB
T0LOAD                            000001CA
T1CNT                             000001CD
T1CR                              000001CC
T1DATA                            000001CF
T1LOAD                            000001CE
_00106_DS_                        00000031
_00109_DS_                        00000071
_00112_DS_                        0000004F
_00114_DS_                        00000084
__33P5312                         00000001
__modschar                        00000000
__moduchar                        00000000
r0x1000                           00000000
r0x1001                           00000001
r0x1002                           00000002
r0x1003                           00000003
r0x1004                           00000004
r0x1005                           00000005
r0x1006                           00000006
r0x1007                           00000007
r0x1008                           00000008
BUZ0OE                            T0CR,5
BUZ1OE                            T1CR,5
C                                 STATUS,0
CLKS                              OSCM,2
DC                                STATUS,1
DKWE                              DKW,5
FILS                              LXTCR,3
FLCD0                             LCDCR1,0
FLCD1                             LCDCR1,1
FSR00                             FSR0,0
FSR01                             FSR0,1
FSR02                             FSR0,2
FSR03                             FSR0,3
FSR04                             FSR0,4
FSR05                             FSR0,5
FSR06                             FSR0,6
FSR07                             FSR0,7
FSR10                             FSR1,0
FSR11                             FSR1,1
FSR12                             FSR1,2
FSR13                             FSR1,3
FSR14                             FSR1,4
FSR15                             FSR1,5
FSR16                             FSR1,6
FSR17                             FSR1,7
GIE                               MCR,7
HFEN                              OSCM,0
HIBYTE0                           HIBYTE,0
HIBYTE1                           HIBYTE,1
HIBYTE2                           HIBYTE,2
HIBYTE3                           HIBYTE,3
HIBYTE4                           HIBYTE,4
HIBYTE5                           HIBYTE,5
HIBYTE6                           HIBYTE,6
HIBYTE7                           HIBYTE,7
INDF00                            INDF0,0
INDF01                            INDF0,1
INDF02                            INDF0,2
INDF03                            INDF0,3
INDF04                            INDF0,4
INDF05                            INDF0,5
INDF06                            INDF0,6
INDF07                            INDF0,7
INDF10                            INDF1,0
INDF11                            INDF1,1
INDF12                            INDF1,2
INDF13                            INDF1,3
INDF14                            INDF1,4
INDF15                            INDF1,5
INDF16                            INDF1,6
INDF17                            INDF1,7
INDF20                            INDF2,0
INDF21                            INDF2,1
INDF22                            INDF2,2
INDF23                            INDF2,3
INDF24                            INDF2,4
INDF25                            INDF2,5
INDF26                            INDF2,6
INDF27                            INDF2,7
INDF30                            INDF3,0
INDF31                            INDF3,1
INDF32                            INDF3,2
INDF33                            INDF3,3
INDF34                            INDF3,4
INDF35                            INDF3,5
INDF36                            INDF3,6
INDF37                            INDF3,7
INT0IE                            INTE,2
INT0IF                            INTF,2
INT1IE                            INTE,3
INT1IF                            INTF,3
IOP00                             IOP0,0
IOP01                             IOP0,1
IOP02                             IOP0,2
IOP03                             IOP0,3
IOP04                             IOP0,4
IOP05                             IOP0,5
IOP06                             IOP0,6
IOP07                             IOP0,7
IOP10                             IOP1,0
IOP11                             IOP1,1
IOP12                             IOP1,2
IOP13                             IOP1,3
IOP14                             IOP1,4
IOP15                             IOP1,5
IOP16                             IOP1,6
IOP17                             IOP1,7
IROUTEN                           DKW,1
IROUTS                            DKW,0
LCDCKS                            LCDCR1,2
LCDEN                             LCDCR0,5
LCDLED                            LCDCR1,4
LCDM                              LCDCR1,3
LCDRS0                            LCDCR0,0
LCDRS1                            LCDCR0,1
LCDSP0                            LCDCR0,3
LCDSP03                           LCDSP0,3
LCDSP04                           LCDSP0,4
LCDSP1                            LCDCR0,4
LCDSP10                           LCDSP1,0
LCDSP11                           LCDSP1,1
LCDSP12                           LCDSP1,2
LCDSP13                           LCDSP1,3
LCDSP14                           LCDSP1,4
LCDSP15                           LCDSP1,5
LCDSP16                           LCDSP1,6
LCDSPEED                          LCDCR0,2
LFEN                              OSCM,1
LPEN0                             LXTCR,0
LPEN1                             LXTCR,1
LPEN2                             LXTCR,2
LVDEN                             LVDCR,7
LVDF                              LVDCR,0
LVDIE                             INTE,5
LVDIF                             INTF,5
LVDS0                             LVDCR,3
LVDS1                             LVDCR,4
LVDS2                             LVDCR,5
LVDS3                             LVDCR,6
MINT00                            MCR,0
MINT01                            MCR,1
MINT10                            MCR,2
MINT11                            MCR,3
P00DKW                            DKWP0,0
P00OE                             OEP0,0
P00PU                             PUP0,0
P01DKW                            DKWP0,1
P01OE                             OEP0,1
P01PU                             PUP0,1
P02DKW                            DKWP0,2
P02OE                             OEP0,2
P02PU                             PUP0,2
P03DKW                            DKWP0,3
P03OE                             OEP0,3
P03PU                             PUP0,3
P04DKW                            DKWP0,4
P04OE                             OEP0,4
P04PU                             PUP0,4
P05DKW                            DKWP0,5
P05OE                             OEP0,5
P05PU                             PUP0,5
P06DKW                            DKWP0,6
P06OE                             OEP0,6
P06PU                             PUP0,6
P07DKW                            DKWP0,7
P07OE                             OEP0,7
P07PU                             PUP0,7
P10DKW                            DKWP1,0
P10OE                             OEP1,0
P10PU                             PUP1,0
P11DKW                            DKWP1,1
P11OE                             OEP1,1
P11PU                             PUP1,1
P12DKW                            DKWP1,2
P12OE                             OEP1,2
P12PU                             PUP1,2
P13DKW                            DKWP1,3
P13OE                             OEP1,3
P13PU                             PUP1,3
P14DKW                            DKWP1,4
P14OE                             OEP1,4
P14PU                             PUP1,4
P15DKW                            DKWP1,5
P15OE                             OEP1,5
P15PU                             PUP1,5
P16DKW                            DKWP1,6
P16OE                             OEP1,6
P16PU                             PUP1,6
P17DKW                            DKWP1,7
P17OE                             OEP1,7
P17PU                             PUP1,7
PC0                               PCL,0
PC1                               PCL,1
PC2                               PCL,2
PC3                               PCL,3
PC4                               PCL,4
PC5                               PCL,5
PC6                               PCL,6
PC7                               PCL,7
PD                                MCR,4
PWM0OE                            T0CR,6
PWM1OE                            T1CR,6
RSEL                              DKW,2
STBH                              OSCM,4
STBL                              OSCM,5
T0C0                              T0CNT,0
T0C1                              T0CNT,1
T0C2                              T0CNT,2
T0C3                              T0CNT,3
T0C4                              T0CNT,4
T0C5                              T0CNT,5
T0C6                              T0CNT,6
T0C7                              T0CNT,7
T0DATA0                           T0DATA,0
T0DATA1                           T0DATA,1
T0DATA2                           T0DATA,2
T0DATA3                           T0DATA,3
T0DATA4                           T0DATA,4
T0DATA5                           T0DATA,5
T0DATA6                           T0DATA,6
T0DATA7                           T0DATA,7
T0IE                              INTE,0
T0IF                              INTF,0
T0LOAD0                           T0LOAD,0
T0LOAD1                           T0LOAD,1
T0LOAD2                           T0LOAD,2
T0LOAD3                           T0LOAD,3
T0LOAD4                           T0LOAD,4
T0LOAD5                           T0LOAD,5
T0LOAD6                           T0LOAD,6
T0LOAD7                           T0LOAD,7
T0PR0                             T0CR,0
T0PR1                             T0CR,1
T0PR2                             T0CR,2
T0PTS0                            T0CR,3
T0PTS1                            T0CR,4
T1C0                              T1CNT,0
T1C1                              T1CNT,1
T1C2                              T1CNT,2
T1C3                              T1CNT,3
T1C4                              T1CNT,4
T1C5                              T1CNT,5
T1C6                              T1CNT,6
T1C7                              T1CNT,7
T1DATA0                           T1DATA,0
T1DATA1                           T1DATA,1
T1DATA2                           T1DATA,2
T1DATA3                           T1DATA,3
T1DATA4                           T1DATA,4
T1DATA5                           T1DATA,5
T1DATA6                           T1DATA,6
T1DATA7                           T1DATA,7
T1IE                              INTE,1
T1IF                              INTF,1
T1LOAD0                           T1LOAD,0
T1LOAD1                           T1LOAD,1
T1LOAD2                           T1LOAD,2
T1LOAD3                           T1LOAD,3
T1LOAD4                           T1LOAD,4
T1LOAD5                           T1LOAD,5
T1LOAD6                           T1LOAD,6
T1LOAD7                           T1LOAD,7
T1PR0                             T1CR,0
T1PR1                             T1CR,1
T1PR2                             T1CR,2
T1PTS0                            T1CR,3
T1PTS1                            T1CR,4
TC0EN                             T0CR,7
TC1EN                             T1CR,7
TO                                MCR,5
VDSEL                             LXTCR,4
WSEL0                             DKW,3
WSEL1                             DKW,4
Z                                 STATUS,2

Errors   :     0
Warnings :     0 reported,     0 suppressed
Messages :     0 reported,     0 suppressed

