gpasm-1.7.0_beta1 (Jan 22 2015)_divsint.asm       2015-1-22  23:30:19          PAGE  1


LOC  OBJECT CODE     LINE SOURCE TEXT
  VALUE

                      00001 ;--------------------------------------------------------
                      00002 ; File Created by SN-SDCC : ANSI-C Compiler
                      00003 ; Version 0.0.4 (Jan 22 2015) (Linux)
                      00004 ; This file was generated Thu Jan 22 23:30:19 2015
                      00005 ;--------------------------------------------------------
                      00006 ; MC3X port for the RISC core
                      00007 ;--------------------------------------------------------
                      00008 ;       .file   "../libsdcc/_divsint.c"
                      00009         list    p=30p011
                      00010         radix dec
                      00011         include "mc30p011.inc"
                      00001                 LIST
                      00002 ;mc30p011.inc    Standard Header File, Version 1.00 by Sinomcu
                      00225                 LIST
                      00012 ;--------------------------------------------------------
                      00013 ; external declarations
                      00014 ;--------------------------------------------------------
                      00015         extern  __divuint
                      00016 
                      00017         extern STK06
                      00018         extern STK05
                      00019         extern STK04
                      00020         extern STK03
                      00021         extern STK02
                      00022         extern STK01
                      00023         extern STK00
                      00024 ;--------------------------------------------------------
                      00025 ; global declarations
                      00026 ;--------------------------------------------------------
                      00027         global  __divsint
                      00028 
                      00029 ;--------------------------------------------------------
                      00030 ; global definitions
                      00031 ;--------------------------------------------------------
                      00032 ;--------------------------------------------------------
                      00033 ; absolute symbol definitions
                      00034 ;--------------------------------------------------------
                      00035 ;--------------------------------------------------------
                      00036 ; compiler-defined variables
                      00037 ;--------------------------------------------------------
                      00038 UDL__divsint_0  udata
0000                  00039 r0x1001 res     1
0000                  00040 r0x1000 res     1
0001                  00041 r0x1003 res     1
0001                  00042 r0x1002 res     1
0002                  00043 r0x1004 res     1
0002                  00044 r0x1005 res     1
0003                  00045 r0x1006 res     1
0003                  00046 r0x1007 res     1
0004                  00047 r0x1008 res     1
0004                  00048 r0x1009 res     1
                      00049 ;--------------------------------------------------------
                      00050 ; initialized data
                      00051 ;--------------------------------------------------------
                      00052 ;--------------------------------------------------------
                      00053 ; overlayable items in internal ram 
                      00054 ;--------------------------------------------------------
                      00055 ;       udata_ovr
                      00056 ;--------------------------------------------------------
                      00057 ; code
                      00058 ;--------------------------------------------------------
                      00059 code__divsint   code
                      00060 ;***
                      00061 ;  pBlock Stats: dbName = C
                      00062 ;***
                      00063 ;entry:  __divsint      ;Function start
                      00064 ; 2 exit points
                      00065 ;has an exit
                      00066 ;functions called:
                      00067 ;   __divuint
                      00068 ;   __divuint
                      00069 ;   __divuint
                      00070 ;   __divuint
                      00071 ;   __divuint
                      00072 ;   __divuint
                      00073 ;   __divuint
                      00074 ;   __divuint
                      00075 ;13 compiler assigned registers:
                      00076 ;   r0x1000
                      00077 ;   STK00
                      00078 ;   r0x1001
                      00079 ;   STK01
                      00080 ;   r0x1002
                      00081 ;   STK02
                      00082 ;   r0x1003
                      00083 ;   r0x1004
                      00084 ;   r0x1005
                      00085 ;   r0x1006
                      00086 ;   r0x1007
                      00087 ;   r0x1008
                      00088 ;   r0x1009
                      00089 ;; Starting pCode block
                      00090 ;;[ICODE] ../libsdcc/_divsint.c:32:  _entry($11) :
                      00091 ;;[ICODE] ../libsdcc/_divsint.c:32:     proc __divsint [k1 lr0:0 so:0]{ ia0 a2p0 re0 rm0 nos0 ru0 dp0}{int function ( int fixed, int fixed) fixed}
0000                  00092 __divsint       ;Function start
                      00093 ; 2 exit points
                      00094 ;;[ICODE] ../libsdcc/_divsint.c:32: iTemp0 [k2 lr3:38 so:0]{ ia0 a2p0 re1 rm0 nos0 ru0 dp0}{int fixed}{ sir@ __divsint_a_1_2}[r0x1000 r0x1001 ] = recv __divsint [k1 lr0:0 so:0]{ ia0 a2p0 re0 rm0 nos0 ru0 dp0}{int function ( int fixed, int fixed) fixed}
                      00095 ;       .line   32; "../libsdcc/_divsint.c"     _divsint (int a, int b)
0000   1580           00096         MOVRA   r0x1000
0001   1600           00097         MOVAR   STK00
0002   1580           00098         MOVRA   r0x1001
                      00099 ;;[ICODE] ../libsdcc/_divsint.c:32: iTemp1 [k4 lr4:39 so:0]{ ia0 a2p0 re1 rm0 nos0 ru0 dp0}{int fixed}{ sir@ __divsint_b_1_2}[r0x1002 r0x1003 ] = recv __divsint [k1 lr0:0 so:0]{ ia0 a2p0 re0 rm0 nos0 ru0 dp0}{int function ( int fixed, int fixed) fixed}
0003   1600           00100         MOVAR   STK01
0004   1580           00101         MOVRA   r0x1002
0005   1600           00102         MOVAR   STK02
0006   1580           00103         MOVRA   r0x1003
                      00104 ;;[ICODE] ../libsdcc/_divsint.c:34:     iTemp2 [k6 lr5:6 so:0]{ ia0 a2p0 re0 rm0 nos0 ru0 dp0}{char fixed} = iTemp0 [k2 lr3:38 so:0]{ ia0 a2p0 re1 rm0 nos0 ru0 dp0}{int fixed}{ sir@ __divsint_a_1_2}[r0x1000 r0x1001 ] < 0x0 {int literal}
                      00105 ;;signed compare: left < lit(0x0=0), size=2, mask=ffff
                      00106 ;       .line   34; "../libsdcc/_divsint.c"     if (a < 0) {
0007   3803           00107         BSET    STATUS,0
0008   3380           00108         JBSET   r0x1000,7
0009   3C03           00109         BCLR    STATUS,0
000A   3003           00110         JBSET   STATUS,0
000B   2800           00111         GOTO    _00112_DS_
                      00112 ;;genSkipc:3246: created from rifx:0xbfea8e00
                      00113 ;;[ICODE] ../libsdcc/_divsint.c:34:     if iTemp2 [k6 lr5:6 so:0]{ ia0 a2p0 re0 rm0 nos0 ru0 dp0}{char fixed} == 0 goto _iffalse_2($8)
                      00114 ;;[ICODE] ../libsdcc/_divsint.c:36:     iTemp3 [k7 lr7:8 so:0]{ ia0 a2p0 re0 rm0 nos0 ru0 dp0}{char fixed} = iTemp1 [k4 lr4:39 so:0]{ ia0 a2p0 re1 rm0 nos0 ru0 dp0}{int fixed}{ sir@ __divsint_b_1_2}[r0x1002 r0x1003 ] < 0x0 {int literal}
                      00115 ;;signed compare: left < lit(0x0=0), size=2, mask=ffff
                      00116 ;       .line   36; "../libsdcc/_divsint.c"     if (b < 0)
000C   3803           00117         BSET    STATUS,0
000D   3380           00118         JBSET   r0x1002,7
000E   3C03           00119         BCLR    STATUS,0
000F   3003           00120         JBSET   STATUS,0
0010   2800           00121         GOTO    _00106_DS_
                      00122 ;;genSkipc:3246: created from rifx:0xbfea8e00
                      00123 ;;[ICODE] ../libsdcc/_divsint.c:36:     if iTemp3 [k7 lr7:8 so:0]{ ia0 a2p0 re0 rm0 nos0 ru0 dp0}{char fixed} == 0 goto _iffalse_0($2)
                      00124 ;;[ICODE] ../libsdcc/_divsint.c:37:     iTemp4 [k9 lr9:10 so:0]{ ia0 a2p0 re0 rm0 nos0 ru0 dp0}{int fixed}[r0x1004 r0x1005 ] = - iTemp0 [k2 lr3:38 so:0]{ ia0 a2p0 re1 rm0 nos0 ru0 dp0}{int fixed}{ sir@ __divsint_a_1_2}[r0x1000 r0x1001 ]
                      00125 ;       .line   37; "../libsdcc/_divsint.c"     return _divuint ((unsigned int)-a, (unsigned int)-b);
0011   1C00           00126         COMAR   r0x1001
0012   1580           00127         MOVRA   r0x1004
0013   1C00           00128         COMAR   r0x1000
0014   1580           00129         MOVRA   r0x1005
0015   1980           00130         INCR    r0x1004
0016   3503           00131         JBCLR   STATUS,2
0017   1980           00132         INCR    r0x1005
                      00133 ;;[ICODE] ../libsdcc/_divsint.c:37:     iTemp5 [k10 lr10:14 so:0]{ ia0 a2p0 re0 rm0 nos0 ru1 dp0}{unsigned-int fixed}[r0x1006 r0x1007 ] = (unsigned-int fixed)iTemp4 [k9 lr9:10 so:0]{ ia0 a2p0 re0 rm0 nos0 ru0 dp0}{int fixed}[r0x1004 r0x1005 ]
0018   1600           00134         MOVAR   r0x1004
0019   1580           00135         MOVRA   r0x1006
001A   1600           00136         MOVAR   r0x1005
001B   1580           00137         MOVRA   r0x1007
                      00138 ;;[ICODE] ../libsdcc/_divsint.c:37:     iTemp6 [k11 lr11:12 so:0]{ ia0 a2p0 re0 rm0 nos0 ru0 dp0}{int fixed}[r0x1004 r0x1005 ] = - iTemp1 [k4 lr4:39 so:0]{ ia0 a2p0 re1 rm0 nos0 ru0 dp0}{int fixed}{ sir@ __divsint_b_1_2}[r0x1002 r0x1003 ]
001C   1C00           00139         COMAR   r0x1003
001D   1580           00140         MOVRA   r0x1004
001E   1C00           00141         COMAR   r0x1002
001F   1580           00142         MOVRA   r0x1005
0020   1980           00143         INCR    r0x1004
0021   3503           00144         JBCLR   STATUS,2
0022   1980           00145         INCR    r0x1005
                      00146 ;;[ICODE] ../libsdcc/_divsint.c:37:     iTemp7 [k12 lr12:14 so:0]{ ia0 a2p0 re0 rm0 nos0 ru0 dp0}{unsigned-int fixed}[r0x1008 r0x1009 ] = (unsigned-int fixed)iTemp6 [k11 lr11:12 so:0]{ ia0 a2p0 re0 rm0 nos0 ru0 dp0}{int fixed}[r0x1004 r0x1005 ]
                      00147 ;;112   MOVAR   r0x1004
                      00148 ;;114   MOVAR   r0x1005
                      00149 ;;[ICODE] ../libsdcc/_divsint.c:37:     send iTemp5 [k10 lr10:14 so:0]{ ia0 a2p0 re0 rm0 nos0 ru1 dp0}{unsigned-int fixed}[r0x1006 r0x1007 ]{argreg = 1}
                      00150 ;;[ICODE] ../libsdcc/_divsint.c:37:     send iTemp7 [k12 lr12:14 so:0]{ ia0 a2p0 re0 rm0 nos0 ru0 dp0}{unsigned-int fixed}[r0x1008 r0x1009 ]{argreg = 1}
                      00151 ;;[ICODE] ../libsdcc/_divsint.c:37:     iTemp8 [k15 lr15:16 so:0]{ ia0 a2p0 re0 rm0 nos0 ru1 dp0}{unsigned-int fixed}[r0x1004 r0x1005 ] = call __divuint [k8 lr0:0 so:0]{ ia0 a2p0 re0 rm0 nos0 ru0 dp0}{unsigned-int function ( unsigned-int fixed, unsigned-int fixed) fixed}
                      00152 ;;111   MOVAR   r0x1008
0023   1600           00153         MOVAR   r0x1004
0024   1580           00154         MOVRA   r0x1008
0025   1580           00155         MOVRA   STK02
                      00156 ;;113   MOVAR   r0x1009
0026   1600           00157         MOVAR   r0x1005
0027   1580           00158         MOVRA   r0x1009
0028   1580           00159         MOVRA   STK01
0029   1600           00160         MOVAR   r0x1006
002A   1580           00161         MOVRA   STK00
002B   1600           00162         MOVAR   r0x1007
002C   2000           00163         CALL    __divuint
002D   1580           00164         MOVRA   r0x1005
002E   1600           00165         MOVAR   STK00
002F   1580           00166         MOVRA   r0x1004
                      00167 ;;[ICODE] ../libsdcc/_divsint.c:37:     ret iTemp8 [k15 lr15:16 so:0]{ ia0 a2p0 re0 rm0 nos0 ru1 dp0}{unsigned-int fixed}[r0x1004 r0x1005 ]
0030   1600           00168         MOVAR   r0x1004
0031   1580           00169         MOVRA   STK00
0032   1600           00170         MOVAR   r0x1005
0033   2800           00171         GOTO    _00114_DS_
                      00172 ;;[ICODE] ../libsdcc/_divsint.c:37:  _iffalse_0($2) :
                      00173 ;;[ICODE] ../libsdcc/_divsint.c:39:     iTemp9 [k16 lr18:19 so:0]{ ia0 a2p0 re0 rm0 nos0 ru0 dp0}{int fixed}[r0x1004 r0x1005 ] = - iTemp0 [k2 lr3:38 so:0]{ ia0 a2p0 re1 rm0 nos0 ru0 dp0}{int fixed}{ sir@ __divsint_a_1_2}[r0x1000 r0x1001 ]
0034                  00174 _00106_DS_
                      00175 ;       .line   39; "../libsdcc/_divsint.c"     return -_divuint ((unsigned int)-a, (unsigned int)b);
0034   1C00           00176         COMAR   r0x1001
0035   1580           00177         MOVRA   r0x1004
0036   1C00           00178         COMAR   r0x1000
0037   1580           00179         MOVRA   r0x1005
0038   1980           00180         INCR    r0x1004
0039   3503           00181         JBCLR   STATUS,2
003A   1980           00182         INCR    r0x1005
                      00183 ;;[ICODE] ../libsdcc/_divsint.c:39:     iTemp10 [k17 lr19:22 so:0]{ ia0 a2p0 re0 rm0 nos0 ru1 dp0}{unsigned-int fixed}[r0x1006 r0x1007 ] = (unsigned-int fixed)iTemp9 [k16 lr18:19 so:0]{ ia0 a2p0 re0 rm0 nos0 ru0 dp0}{int fixed}[r0x1004 r0x1005 ]
003B   1600           00184         MOVAR   r0x1004
003C   1580           00185         MOVRA   r0x1006
003D   1600           00186         MOVAR   r0x1005
003E   1580           00187         MOVRA   r0x1007
                      00188 ;;[ICODE] ../libsdcc/_divsint.c:39:     iTemp11 [k18 lr20:22 so:0]{ ia0 a2p0 re0 rm0 nos0 ru0 dp0}{unsigned-int fixed}[r0x1004 r0x1005 ] = (unsigned-int fixed)iTemp1 [k4 lr4:39 so:0]{ ia0 a2p0 re1 rm0 nos0 ru0 dp0}{int fixed}{ sir@ __divsint_b_1_2}[r0x1002 r0x1003 ]
                      00189 ;;104   MOVAR   r0x1003
                      00190 ;;106   MOVAR   r0x1002
                      00191 ;;[ICODE] ../libsdcc/_divsint.c:39:     send iTemp10 [k17 lr19:22 so:0]{ ia0 a2p0 re0 rm0 nos0 ru1 dp0}{unsigned-int fixed}[r0x1006 r0x1007 ]{argreg = 1}
                      00192 ;;[ICODE] ../libsdcc/_divsint.c:39:     send iTemp11 [k18 lr20:22 so:0]{ ia0 a2p0 re0 rm0 nos0 ru0 dp0}{unsigned-int fixed}[r0x1004 r0x1005 ]{argreg = 1}
                      00193 ;;[ICODE] ../libsdcc/_divsint.c:39:     iTemp12 [k19 lr23:24 so:0]{ ia0 a2p0 re0 rm0 nos0 ru0 dp0}{unsigned-int fixed}[r0x1004 r0x1005 ] = call __divuint [k8 lr0:0 so:0]{ ia0 a2p0 re0 rm0 nos0 ru0 dp0}{unsigned-int function ( unsigned-int fixed, unsigned-int fixed) fixed}
                      00194 ;;103   MOVAR   r0x1004
003F   1600           00195         MOVAR   r0x1003
0040   1580           00196         MOVRA   r0x1004
0041   1580           00197         MOVRA   STK02
                      00198 ;;105   MOVAR   r0x1005
0042   1600           00199         MOVAR   r0x1002
0043   1580           00200         MOVRA   r0x1005
0044   1580           00201         MOVRA   STK01
0045   1600           00202         MOVAR   r0x1006
0046   1580           00203         MOVRA   STK00
0047   1600           00204         MOVAR   r0x1007
0048   2000           00205         CALL    __divuint
0049   1580           00206         MOVRA   r0x1005
004A   1600           00207         MOVAR   STK00
004B   1580           00208         MOVRA   r0x1004
                      00209 ;;[ICODE] ../libsdcc/_divsint.c:39:     iTemp13 [k20 lr24:25 so:0]{ ia0 a2p0 re0 rm0 nos0 ru1 dp0}{unsigned-int fixed}[r0x1004 r0x1005 ] = - iTemp12 [k19 lr23:24 so:0]{ ia0 a2p0 re0 rm0 nos0 ru0 dp0}{unsigned-int fixed}[r0x1004 r0x1005 ]
004C   1C80           00210         COMR    r0x1004
004D   1C80           00211         COMR    r0x1005
004E   1980           00212         INCR    r0x1004
004F   3503           00213         JBCLR   STATUS,2
0050   1980           00214         INCR    r0x1005
                      00215 ;;[ICODE] ../libsdcc/_divsint.c:39:     ret iTemp13 [k20 lr24:25 so:0]{ ia0 a2p0 re0 rm0 nos0 ru1 dp0}{unsigned-int fixed}[r0x1004 r0x1005 ]
0051   1600           00216         MOVAR   r0x1004
0052   1580           00217         MOVRA   STK00
0053   1600           00218         MOVAR   r0x1005
0054   2800           00219         GOTO    _00114_DS_
                      00220 ;;[ICODE] ../libsdcc/_divsint.c:39:  _iffalse_2($8) :
                      00221 ;;[ICODE] ../libsdcc/_divsint.c:42:     iTemp14 [k21 lr27:28 so:0]{ ia0 a2p0 re0 rm0 nos0 ru0 dp0}{char fixed} = iTemp1 [k4 lr4:39 so:0]{ ia0 a2p0 re1 rm0 nos0 ru0 dp0}{int fixed}{ sir@ __divsint_b_1_2}[r0x1002 r0x1003 ] < 0x0 {int literal}
                      00222 ;;signed compare: left < lit(0x0=0), size=2, mask=ffff
0055                  00223 _00112_DS_
                      00224 ;       .line   42; "../libsdcc/_divsint.c"     if (b < 0)
0055   3803           00225         BSET    STATUS,0
0056   3380           00226         JBSET   r0x1002,7
0057   3C03           00227         BCLR    STATUS,0
0058   3003           00228         JBSET   STATUS,0
0059   2800           00229         GOTO    _00109_DS_
                      00230 ;;genSkipc:3246: created from rifx:0xbfea8e00
                      00231 ;;[ICODE] ../libsdcc/_divsint.c:42:     if iTemp14 [k21 lr27:28 so:0]{ ia0 a2p0 re0 rm0 nos0 ru0 dp0}{char fixed} == 0 goto _iffalse_1($5)
                      00232 ;;[ICODE] ../libsdcc/_divsint.c:43:     iTemp15 [k22 lr29:33 so:0]{ ia0 a2p0 re0 rm0 nos0 ru1 dp0}{unsigned-int fixed}[r0x1004 r0x1005 ] = (unsigned-int fixed)iTemp0 [k2 lr3:38 so:0]{ ia0 a2p0 re1 rm0 nos0 ru0 dp0}{int fixed}{ sir@ __divsint_a_1_2}[r0x1000 r0x1001 ]
                      00233 ;       .line   43; "../libsdcc/_divsint.c"     return -_divuint ((unsigned int)a, (unsigned int)-b);
005A   1600           00234         MOVAR   r0x1001
005B   1580           00235         MOVRA   r0x1004
005C   1600           00236         MOVAR   r0x1000
005D   1580           00237         MOVRA   r0x1005
                      00238 ;;[ICODE] ../libsdcc/_divsint.c:43:     iTemp16 [k23 lr30:31 so:0]{ ia0 a2p0 re0 rm0 nos0 ru0 dp0}{int fixed}[r0x1006 r0x1007 ] = - iTemp1 [k4 lr4:39 so:0]{ ia0 a2p0 re1 rm0 nos0 ru0 dp0}{int fixed}{ sir@ __divsint_b_1_2}[r0x1002 r0x1003 ]
005E   1C00           00239         COMAR   r0x1003
005F   1580           00240         MOVRA   r0x1006
0060   1C00           00241         COMAR   r0x1002
0061   1580           00242         MOVRA   r0x1007
0062   1980           00243         INCR    r0x1006
0063   3503           00244         JBCLR   STATUS,2
0064   1980           00245         INCR    r0x1007
                      00246 ;;[ICODE] ../libsdcc/_divsint.c:43:     iTemp17 [k24 lr31:33 so:0]{ ia0 a2p0 re0 rm0 nos0 ru0 dp0}{unsigned-int fixed}[r0x1008 r0x1009 ] = (unsigned-int fixed)iTemp16 [k23 lr30:31 so:0]{ ia0 a2p0 re0 rm0 nos0 ru0 dp0}{int fixed}[r0x1006 r0x1007 ]
                      00247 ;;108   MOVAR   r0x1006
                      00248 ;;110   MOVAR   r0x1007
                      00249 ;;[ICODE] ../libsdcc/_divsint.c:43:     send iTemp15 [k22 lr29:33 so:0]{ ia0 a2p0 re0 rm0 nos0 ru1 dp0}{unsigned-int fixed}[r0x1004 r0x1005 ]{argreg = 1}
                      00250 ;;[ICODE] ../libsdcc/_divsint.c:43:     send iTemp17 [k24 lr31:33 so:0]{ ia0 a2p0 re0 rm0 nos0 ru0 dp0}{unsigned-int fixed}[r0x1008 r0x1009 ]{argreg = 1}
                      00251 ;;[ICODE] ../libsdcc/_divsint.c:43:     iTemp18 [k25 lr34:35 so:0]{ ia0 a2p0 re0 rm0 nos0 ru0 dp0}{unsigned-int fixed}[r0x1004 r0x1005 ] = call __divuint [k8 lr0:0 so:0]{ ia0 a2p0 re0 rm0 nos0 ru0 dp0}{unsigned-int function ( unsigned-int fixed, unsigned-int fixed) fixed}
                      00252 ;;107   MOVAR   r0x1008
0065   1600           00253         MOVAR   r0x1006
0066   1580           00254         MOVRA   r0x1008
0067   1580           00255         MOVRA   STK02
                      00256 ;;109   MOVAR   r0x1009
0068   1600           00257         MOVAR   r0x1007
0069   1580           00258         MOVRA   r0x1009
006A   1580           00259         MOVRA   STK01
006B   1600           00260         MOVAR   r0x1004
006C   1580           00261         MOVRA   STK00
006D   1600           00262         MOVAR   r0x1005
006E   2000           00263         CALL    __divuint
006F   1580           00264         MOVRA   r0x1005
0070   1600           00265         MOVAR   STK00
0071   1580           00266         MOVRA   r0x1004
                      00267 ;;[ICODE] ../libsdcc/_divsint.c:43:     iTemp19 [k26 lr35:36 so:0]{ ia0 a2p0 re0 rm0 nos0 ru1 dp0}{unsigned-int fixed}[r0x1004 r0x1005 ] = - iTemp18 [k25 lr34:35 so:0]{ ia0 a2p0 re0 rm0 nos0 ru0 dp0}{unsigned-int fixed}[r0x1004 r0x1005 ]
0072   1C80           00268         COMR    r0x1004
0073   1C80           00269         COMR    r0x1005
0074   1980           00270         INCR    r0x1004
0075   3503           00271         JBCLR   STATUS,2
0076   1980           00272         INCR    r0x1005
                      00273 ;;[ICODE] ../libsdcc/_divsint.c:43:     ret iTemp19 [k26 lr35:36 so:0]{ ia0 a2p0 re0 rm0 nos0 ru1 dp0}{unsigned-int fixed}[r0x1004 r0x1005 ]
0077   1600           00274         MOVAR   r0x1004
0078   1580           00275         MOVRA   STK00
0079   1600           00276         MOVAR   r0x1005
007A   2800           00277         GOTO    _00114_DS_
                      00278 ;;[ICODE] ../libsdcc/_divsint.c:43:  _iffalse_1($5) :
                      00279 ;;[ICODE] ../libsdcc/_divsint.c:45:     iTemp20 [k27 lr38:41 so:0]{ ia0 a2p0 re0 rm0 nos0 ru1 dp0}{unsigned-int fixed}[r0x1004 r0x1005 ] = (unsigned-int fixed)iTemp0 [k2 lr3:38 so:0]{ ia0 a2p0 re1 rm0 nos0 ru0 dp0}{int fixed}{ sir@ __divsint_a_1_2}[r0x1000 r0x1001 ]
007B                  00280 _00109_DS_
                      00281 ;       .line   45; "../libsdcc/_divsint.c"     return _divuint ((unsigned int)a, (unsigned int)b);
007B   1600           00282         MOVAR   r0x1001
007C   1580           00283         MOVRA   r0x1004
007D   1600           00284         MOVAR   r0x1000
007E   1580           00285         MOVRA   r0x1005
                      00286 ;;[ICODE] ../libsdcc/_divsint.c:45:     iTemp21 [k28 lr39:41 so:0]{ ia0 a2p0 re0 rm0 nos0 ru0 dp0}{unsigned-int fixed}[r0x1000 r0x1001 ] = (unsigned-int fixed)iTemp1 [k4 lr4:39 so:0]{ ia0 a2p0 re1 rm0 nos0 ru0 dp0}{int fixed}{ sir@ __divsint_b_1_2}[r0x1002 r0x1003 ]
                      00287 ;;100   MOVAR   r0x1003
                      00288 ;;102   MOVAR   r0x1002
                      00289 ;;[ICODE] ../libsdcc/_divsint.c:45:     send iTemp20 [k27 lr38:41 so:0]{ ia0 a2p0 re0 rm0 nos0 ru1 dp0}{unsigned-int fixed}[r0x1004 r0x1005 ]{argreg = 1}
                      00290 ;;[ICODE] ../libsdcc/_divsint.c:45:     send iTemp21 [k28 lr39:41 so:0]{ ia0 a2p0 re0 rm0 nos0 ru0 dp0}{unsigned-int fixed}[r0x1000 r0x1001 ]{argreg = 1}
                      00291 ;;[ICODE] ../libsdcc/_divsint.c:45:     iTemp22 [k29 lr42:43 so:0]{ ia0 a2p0 re0 rm0 nos0 ru1 dp0}{unsigned-int fixed}[r0x1000 r0x1001 ] = call __divuint [k8 lr0:0 so:0]{ ia0 a2p0 re0 rm0 nos0 ru0 dp0}{unsigned-int function ( unsigned-int fixed, unsigned-int fixed) fixed}
                      00292 ;;99    MOVAR   r0x1001
007F   1600           00293         MOVAR   r0x1003
0080   1580           00294         MOVRA   r0x1001
0081   1580           00295         MOVRA   STK02
                      00296 ;;101   MOVAR   r0x1000
0082   1600           00297         MOVAR   r0x1002
0083   1580           00298         MOVRA   r0x1000
0084   1580           00299         MOVRA   STK01
0085   1600           00300         MOVAR   r0x1004
0086   1580           00301         MOVRA   STK00
0087   1600           00302         MOVAR   r0x1005
0088   2000           00303         CALL    __divuint
0089   1580           00304         MOVRA   r0x1000
008A   1600           00305         MOVAR   STK00
008B   1580           00306         MOVRA   r0x1001
                      00307 ;;[ICODE] ../libsdcc/_divsint.c:45:     ret iTemp22 [k29 lr42:43 so:0]{ ia0 a2p0 re0 rm0 nos0 ru1 dp0}{unsigned-int fixed}[r0x1000 r0x1001 ]
008C   1600           00308         MOVAR   r0x1001
008D   1580           00309         MOVRA   STK00
008E   1600           00310         MOVAR   r0x1000
                      00311 ;;[ICODE] ../libsdcc/_divsint.c:45:  _return($10) :
                      00312 ;;[ICODE] ../libsdcc/_divsint.c:45:     eproc __divsint [k1 lr0:0 so:0]{ ia0 a2p0 re0 rm0 nos0 ru0 dp0}{int function ( int fixed, int fixed) fixed}
008F                  00313 _00114_DS_
008F   000C           00314         RETURN  
                      00315 ; exit point of __divsint
                      00316 
                      00317 
                      00318 ;       code size estimation:
                      00319 ;         144+    0 =   144 instructions (  288 byte)
                      00320 
                      00321         end
gpasm-1.7.0_beta1 (Jan 22 2015)_divsint.asm       2015-1-22  23:30:19          PAGE  2


SYMBOL TABLE
  LABEL                             VALUE

BUZOUT                            00000005
C                                 00000000
DC                                00000001
DDR0                              00000045
DDR00                             00000000
DDR01                             00000001
DDR02                             00000002
DDR03                             00000003
DDR1                              00000046
DDR10                             00000000
DDR11                             00000001
DDR12                             00000002
DDR14                             00000004
DDR15                             00000005
DDR16                             00000006
DDR17                             00000007
EIS                               00000006
FSR                               00000004
GIE                               00000007
INDF                              00000000
INT0IE                            00000002
INT0IF                            00000002
INT0M                             00000006
INTECON                           0000000E
INTFLAG                           0000000F
KBIE                              00000001
KBIF                              00000001
KBIM                              00000009
KBIM0                             00000000
KBIM1                             00000001
KBIM2                             00000002
KBIM3                             00000003
KBIM4                             00000004
KBIM5                             00000005
KBIM6                             00000006
KBIM7                             00000007
MCR                               00000008
ODCON                             0000000C
P0                                00000005
P00                               00000000
P00PD                             00000000
P01                               00000001
P01PD                             00000001
P02                               00000002
P02PD                             00000002
P03                               00000003
P03PD                             00000003
P1                                00000006
P10                               00000000
P10OD                             00000000
P10PD                             00000004
P10PU                             00000000
P11                               00000001
P11OD                             00000001
P11PD                             00000005
P11PU                             00000001
P12                               00000002
P12OD                             00000002
P12PD                             00000006
P12PU                             00000002
P13                               00000003
P14                               00000004
P14OD                             00000004
P14PU                             00000004
P15                               00000005
P15OD                             00000005
P15PU                             00000005
P16                               00000006
P16OD                             00000006
P16PU                             00000006
P17                               00000007
P17OD                             00000007
P17PU                             00000007
PCL                               00000002
PCLATH                            0000000A
PD                                00000003
PDCON                             0000000B
PUCON                             0000000D
PWMOUT                            00000006
RST                               00000007
STATUS                            00000003
STK00                             00000000
STK01                             00000000
STK02                             00000000
STK03                             00000000
STK04                             00000000
STK05                             00000000
STK06                             00000000
T0CNT                             00000001
T0CR                              00000041
T0IE                              00000000
T0IF                              00000000
T0PTA                             00000003
T0PTS                             00000005
T0SE                              00000004
T1CNT                             0000004D
T1CR                              0000004C
T1DATA                            0000004F
T1IE                              00000001
T1IF                              00000000
T1LOAD                            0000004E
TBS                               00000007
TMCR                              0000004B
TMR1EN                            00000007
TO                                00000004
WDTEN                             00000007
Z                                 00000002
_00106_DS_                        00000034
_00109_DS_                        0000007B
_00112_DS_                        00000055
_00114_DS_                        0000008F
_CONFIG0                          00002000
_CONFIG1                          00002001
_CP_ALL                           00001FFF
_FCPU_2T                          00003F7F
_FCPU_4T                          00003FFF
_IRC_1M                           00003FCF
_IRC_2M                           00003FDF
_IRC_444K                         00003FAF
_IRC_4M                           00003FEF
_IRC_8M                           00003FFF
_MCLR_OFF                         00003FF7
_MCLR_ON                          00003FFF
_OSC_HXT                          00002FFF
_OSC_IRC                          000037FF
_OSC_IRC_RTC                      00003FFF
_OSC_LXT                          000027FF
_PWRT_OFF                         00003BFF
_PWRT_ON                          00003FFF
_RD_FROM_PIN                      00003FFF
_RD_FROM_REG                      00003EFF
_SMT_OFF                          00003FFF
_SMT_ON                           00003DFF
_TWDT_18MS                        00003FFF
_TWDT_288MS                       00003DFF
_TWDT_4P5MS                       00003EFF
_TWDT_72MS                        00003CFF
_VBOR_15                          00003FF8
_VBOR_18                          00003FF9
_VBOR_20                          00003FFA
_VBOR_22                          00003FFB
_VBOR_24                          00003FFC
_VBOR_26                          00003FFD
_VBOR_30                          00003FFE
_VBOR_36                          00003FFF
_WDT_OFF                          000037FF
_WDT_ON                           00003FFF
__30P011                          00000001
__divsint                         00000000
__divuint                         00000000
r0x1000                           00000001
r0x1001                           00000000
r0x1002                           00000003
r0x1003                           00000002
r0x1004                           00000004
r0x1005                           00000005
r0x1006                           00000006
r0x1007                           00000007
r0x1008                           00000008
r0x1009                           00000009

Errors   :     0
Warnings :     0 reported,     0 suppressed
Messages :     0 reported,     0 suppressed

