gpasm-1.7.0_beta1 (Jan 22 2015)fs2slong.asm       2015-1-22  23:30:20          PAGE  1


LOC  OBJECT CODE     LINE SOURCE TEXT
  VALUE

                      00001 ;--------------------------------------------------------
                      00002 ; File Created by SN-SDCC : ANSI-C Compiler
                      00003 ; Version 0.0.4 (Jan 22 2015) (Linux)
                      00004 ; This file was generated Thu Jan 22 23:30:20 2015
                      00005 ;--------------------------------------------------------
                      00006 ; MC3X port for the RISC core
                      00007 ;--------------------------------------------------------
                      00008 ;       .file   "../libsdcc/fs2slong.c"
                      00009         list    p=30p011
                      00010         radix dec
                      00011         include "mc30p011.inc"
                      00001                 LIST
                      00002 ;mc30p011.inc    Standard Header File, Version 1.00 by Sinomcu
                      00225                 LIST
                      00012 ;--------------------------------------------------------
                      00013 ; external declarations
                      00014 ;--------------------------------------------------------
                      00015         extern  ___uchar2fs
                      00016         extern  ___schar2fs
                      00017         extern  ___uint2fs
                      00018         extern  ___sint2fs
                      00019         extern  ___ulong2fs
                      00020         extern  ___slong2fs
                      00021         extern  ___fs2uchar
                      00022         extern  ___fs2schar
                      00023         extern  ___fs2uint
                      00024         extern  ___fs2sint
                      00025         extern  ___fs2ulong
                      00026         extern  ___fsadd
                      00027         extern  ___fssub
                      00028         extern  ___fsmul
                      00029         extern  ___fsdiv
                      00030         extern  ___fslt
                      00031         extern  ___fseq
                      00032         extern  ___fsneq
                      00033         extern  ___fsgt
                      00034 
                      00035         extern STK06
                      00036         extern STK05
                      00037         extern STK04
                      00038         extern STK03
                      00039         extern STK02
                      00040         extern STK01
                      00041         extern STK00
                      00042 ;--------------------------------------------------------
                      00043 ; global declarations
                      00044 ;--------------------------------------------------------
                      00045         global  ___fs2slong
                      00046 
                      00047 ;--------------------------------------------------------
                      00048 ; global definitions
                      00049 ;--------------------------------------------------------
                      00050 ;--------------------------------------------------------
                      00051 ; absolute symbol definitions
                      00052 ;--------------------------------------------------------
                      00053 ;--------------------------------------------------------
                      00054 ; compiler-defined variables
                      00055 ;--------------------------------------------------------
                      00056 UDL_fs2slong_0  udata
0000                  00057 r0x1003 res     1
0000                  00058 r0x1002 res     1
0001                  00059 r0x1001 res     1
0001                  00060 r0x1000 res     1
0002                  00061 r0x1004 res     1
0002                  00062 r0x1007 res     1
0003                  00063 r0x1006 res     1
0003                  00064 r0x1005 res     1
                      00065 ;--------------------------------------------------------
                      00066 ; initialized data
                      00067 ;--------------------------------------------------------
                      00068 ;--------------------------------------------------------
                      00069 ; overlayable items in internal ram 
                      00070 ;--------------------------------------------------------
                      00071 ;       udata_ovr
                      00072 ;--------------------------------------------------------
                      00073 ; code
                      00074 ;--------------------------------------------------------
                      00075 code_fs2slong   code
                      00076 ;***
                      00077 ;  pBlock Stats: dbName = C
                      00078 ;***
                      00079 ;entry:  ___fs2slong    ;Function start
                      00080 ; 2 exit points
                      00081 ;has an exit
                      00082 ;functions called:
                      00083 ;   ___fslt
                      00084 ;   ___fs2ulong
                      00085 ;   ___fs2ulong
                      00086 ;   ___fslt
                      00087 ;   ___fs2ulong
                      00088 ;   ___fs2ulong
                      00089 ;15 compiler assigned registers:
                      00090 ;   r0x1000
                      00091 ;   STK00
                      00092 ;   r0x1001
                      00093 ;   STK01
                      00094 ;   r0x1002
                      00095 ;   STK02
                      00096 ;   r0x1003
                      00097 ;   STK06
                      00098 ;   STK05
                      00099 ;   STK04
                      00100 ;   STK03
                      00101 ;   r0x1004
                      00102 ;   r0x1005
                      00103 ;   r0x1006
                      00104 ;   r0x1007
                      00105 ;; Starting pCode block
                      00106 ;;[ICODE] ../libsdcc/fs2slong.c:33:  _entry($7) :
                      00107 ;;[ICODE] ../libsdcc/fs2slong.c:33:     proc ___fs2slong [k1 lr0:0 so:0]{ ia0 a2p0 re0 rm0 nos0 ru0 dp0}{long-int function ( float fixed) fixed}
0000                  00108 ___fs2slong     ;Function start
                      00109 ; 2 exit points
                      00110 ;;[ICODE] ../libsdcc/fs2slong.c:33: iTemp0 [k2 lr3:17 so:0]{ ia0 a2p0 re1 rm0 nos0 ru0 dp0}{float fixed}{ sir@ ___fs2slong_f_1_21}[r0x1000 r0x1001 r0x1002 r0x1003 ] = recv ___fs2slong [k1 lr0:0 so:0]{ ia0 a2p0 re0 rm0 nos0 ru0 dp0}{long-int function ( float fixed) fixed}
                      00111 ;       .line   33; "../libsdcc/fs2slong.c"     signed long __fs2slong (float f) _FS_REENTRANT
0000   1580           00112         MOVRA   r0x1000
0001   1600           00113         MOVAR   STK00
0002   1580           00114         MOVRA   r0x1001
0003   1600           00115         MOVAR   STK01
0004   1580           00116         MOVRA   r0x1002
0005   1600           00117         MOVAR   STK02
0006   1580           00118         MOVRA   r0x1003
                      00119 ;;[ICODE] ../libsdcc/fs2slong.c:36:     if iTemp0 [k2 lr3:17 so:0]{ ia0 a2p0 re1 rm0 nos0 ru0 dp0}{float fixed}{ sir@ ___fs2slong_f_1_21}[r0x1000 r0x1001 r0x1002 r0x1003 ] != 0 goto _iffalse_0($2)
                      00120 ;       .line   36; "../libsdcc/fs2slong.c"     if (!f)
0007   1600           00121         MOVAR   r0x1003
0008   1700           00122         ORAR    r0x1002
0009   1700           00123         ORAR    r0x1001
000A   1700           00124         ORAR    r0x1000
000B   3103           00125         JBSET   STATUS,2
000C   2800           00126         GOTO    _00106_DS_
                      00127 ;;[ICODE] ../libsdcc/fs2slong.c:37:     ret 0x0 {long-int literal}
                      00128 ;       .line   37; "../libsdcc/fs2slong.c"     return 0;
000D   0B00           00129         MOVAI   0x00
000E   1580           00130         MOVRA   STK02
000F   0B00           00131         MOVAI   0x00
0010   1580           00132         MOVRA   STK01
0011   0B00           00133         MOVAI   0x00
0012   1580           00134         MOVRA   STK00
0013   0B00           00135         MOVAI   0x00
0014   2800           00136         GOTO    _00110_DS_
                      00137 ;;[ICODE] ../libsdcc/fs2slong.c:37:  _iffalse_0($2) :
                      00138 ;;[ICODE] ../libsdcc/fs2slong.c:39:     send iTemp0 [k2 lr3:17 so:0]{ ia0 a2p0 re1 rm0 nos0 ru0 dp0}{float fixed}{ sir@ ___fs2slong_f_1_21}[r0x1000 r0x1001 r0x1002 r0x1003 ]{argreg = 1}
                      00139 ;;[ICODE] ../libsdcc/fs2slong.c:39:     send 0 {float literal}{argreg = 1}
                      00140 ;;[ICODE] ../libsdcc/fs2slong.c:39:     iTemp1 [k4 lr9:10 so:0]{ ia0 a2p0 re0 rm0 nos0 ru0 dp0}{char fixed}[r0x1004 ] = call ___fslt [k11 lr0:0 so:0]{ ia0 a2p0 re0 rm0 nos0 ru0 dp0}{char function ( float fixed, float fixed) fixed}
0015                  00141 _00106_DS_
                      00142 ;       .line   39; "../libsdcc/fs2slong.c"     if (f<0) {
0015   0B00           00143         MOVAI   0x00
0016   1580           00144         MOVRA   STK06
0017   0B00           00145         MOVAI   0x00
0018   1580           00146         MOVRA   STK05
0019   0B00           00147         MOVAI   0x00
001A   1580           00148         MOVRA   STK04
001B   0B00           00149         MOVAI   0x00
001C   1580           00150         MOVRA   STK03
001D   1600           00151         MOVAR   r0x1003
001E   1580           00152         MOVRA   STK02
001F   1600           00153         MOVAR   r0x1002
0020   1580           00154         MOVRA   STK01
0021   1600           00155         MOVAR   r0x1001
0022   1580           00156         MOVRA   STK00
0023   1600           00157         MOVAR   r0x1000
0024   2000           00158         CALL    ___fslt
0025   1580           00159         MOVRA   r0x1004
                      00160 ;;[ICODE] ../libsdcc/fs2slong.c:39:     if iTemp1 [k4 lr9:10 so:0]{ ia0 a2p0 re0 rm0 nos0 ru0 dp0}{char fixed}[r0x1004 ] == 0 goto _iffalse_1($4)
0026   0B00           00161         MOVAI   0x00
0027   1700           00162         ORAR    r0x1004
0028   3503           00163         JBCLR   STATUS,2
0029   2800           00164         GOTO    _00108_DS_
                      00165 ;;[ICODE] ../libsdcc/fs2slong.c:40:     iTemp2 [k6 lr11:12 so:0]{ ia0 a2p0 re0 rm0 nos0 ru1 dp0}{float fixed}[r0x1004 r0x1005 r0x1006 r0x1007 ] = - iTemp0 [k2 lr3:17 so:0]{ ia0 a2p0 re1 rm0 nos0 ru0 dp0}{float fixed}{ sir@ ___fs2slong_f_1_21}[r0x1000 r0x1001 r0x1002 r0x1003 ]
                      00166 ;       .line   40; "../libsdcc/fs2slong.c"     return -__fs2ulong(-f);
002A   1600           00167         MOVAR   r0x1000
002B   0880           00168         XORAI   0x80
002C   1580           00169         MOVRA   r0x1005
                      00170 ;;104   MOVAR   r0x1001
                      00171 ;;102   MOVAR   r0x1002
                      00172 ;;100   MOVAR   r0x1003
                      00173 ;;[ICODE] ../libsdcc/fs2slong.c:40:     send iTemp2 [k6 lr11:12 so:0]{ ia0 a2p0 re0 rm0 nos0 ru1 dp0}{float fixed}[r0x1004 r0x1005 r0x1006 r0x1007 ]{argreg = 1}
                      00174 ;;[ICODE] ../libsdcc/fs2slong.c:40:     iTemp3 [k8 lr13:14 so:0]{ ia0 a2p0 re0 rm0 nos0 ru0 dp0}{unsigned-long-int fixed}[r0x1004 r0x1005 r0x1006 r0x1007 ] = call ___fs2ulong [k5 lr0:0 so:0]{ ia0 a2p0 re0 rm0 nos0 ru0 dp0}{unsigned-long-int function ( float fixed) fixed}
                      00175 ;;99    MOVAR   r0x1004
002D   1600           00176         MOVAR   r0x1003
002E   1580           00177         MOVRA   r0x1004
002F   1580           00178         MOVRA   STK02
                      00179 ;;101   MOVAR   r0x1007
0030   1600           00180         MOVAR   r0x1002
0031   1580           00181         MOVRA   r0x1007
0032   1580           00182         MOVRA   STK01
                      00183 ;;103   MOVAR   r0x1006
0033   1600           00184         MOVAR   r0x1001
0034   1580           00185         MOVRA   r0x1006
0035   1580           00186         MOVRA   STK00
0036   1600           00187         MOVAR   r0x1005
0037   2000           00188         CALL    ___fs2ulong
0038   1580           00189         MOVRA   r0x1005
0039   1600           00190         MOVAR   STK00
003A   1580           00191         MOVRA   r0x1006
003B   1600           00192         MOVAR   STK01
003C   1580           00193         MOVRA   r0x1007
003D   1600           00194         MOVAR   STK02
003E   1580           00195         MOVRA   r0x1004
                      00196 ;;[ICODE] ../libsdcc/fs2slong.c:40:     iTemp4 [k9 lr14:15 so:0]{ ia0 a2p0 re0 rm0 nos0 ru1 dp0}{unsigned-long-int fixed}[r0x1004 r0x1005 r0x1006 r0x1007 ] = - iTemp3 [k8 lr13:14 so:0]{ ia0 a2p0 re0 rm0 nos0 ru0 dp0}{unsigned-long-int fixed}[r0x1004 r0x1005 r0x1006 r0x1007 ]
003F   1C80           00197         COMR    r0x1004
0040   1C80           00198         COMR    r0x1007
0041   1C80           00199         COMR    r0x1006
0042   1C80           00200         COMR    r0x1005
0043   1980           00201         INCR    r0x1004
0044   3503           00202         JBCLR   STATUS,2
0045   1980           00203         INCR    r0x1007
0046   3503           00204         JBCLR   STATUS,2
0047   1980           00205         INCR    r0x1006
0048   3503           00206         JBCLR   STATUS,2
0049   1980           00207         INCR    r0x1005
                      00208 ;;[ICODE] ../libsdcc/fs2slong.c:40:     ret iTemp4 [k9 lr14:15 so:0]{ ia0 a2p0 re0 rm0 nos0 ru1 dp0}{unsigned-long-int fixed}[r0x1004 r0x1005 r0x1006 r0x1007 ]
004A   1600           00209         MOVAR   r0x1004
004B   1580           00210         MOVRA   STK02
004C   1600           00211         MOVAR   r0x1007
004D   1580           00212         MOVRA   STK01
004E   1600           00213         MOVAR   r0x1006
004F   1580           00214         MOVRA   STK00
0050   1600           00215         MOVAR   r0x1005
0051   2800           00216         GOTO    _00110_DS_
                      00217 ;;[ICODE] ../libsdcc/fs2slong.c:40:  _iffalse_1($4) :
                      00218 ;;[ICODE] ../libsdcc/fs2slong.c:42:     send iTemp0 [k2 lr3:17 so:0]{ ia0 a2p0 re1 rm0 nos0 ru0 dp0}{float fixed}{ sir@ ___fs2slong_f_1_21}[r0x1000 r0x1001 r0x1002 r0x1003 ]{argreg = 1}
                      00219 ;;[ICODE] ../libsdcc/fs2slong.c:42:     iTemp5 [k10 lr18:19 so:0]{ ia0 a2p0 re0 rm0 nos0 ru1 dp0}{unsigned-long-int fixed}[r0x1000 r0x1001 r0x1002 r0x1003 ] = call ___fs2ulong [k5 lr0:0 so:0]{ ia0 a2p0 re0 rm0 nos0 ru0 dp0}{unsigned-long-int function ( float fixed) fixed}
0052                  00220 _00108_DS_
                      00221 ;       .line   42; "../libsdcc/fs2slong.c"     return __fs2ulong(f);
0052   1600           00222         MOVAR   r0x1003
0053   1580           00223         MOVRA   STK02
0054   1600           00224         MOVAR   r0x1002
0055   1580           00225         MOVRA   STK01
0056   1600           00226         MOVAR   r0x1001
0057   1580           00227         MOVRA   STK00
0058   1600           00228         MOVAR   r0x1000
0059   2000           00229         CALL    ___fs2ulong
005A   1580           00230         MOVRA   r0x1000
005B   1600           00231         MOVAR   STK00
005C   1580           00232         MOVRA   r0x1001
005D   1600           00233         MOVAR   STK01
005E   1580           00234         MOVRA   r0x1002
005F   1600           00235         MOVAR   STK02
0060   1580           00236         MOVRA   r0x1003
                      00237 ;;[ICODE] ../libsdcc/fs2slong.c:42:     ret iTemp5 [k10 lr18:19 so:0]{ ia0 a2p0 re0 rm0 nos0 ru1 dp0}{unsigned-long-int fixed}[r0x1000 r0x1001 r0x1002 r0x1003 ]
0061   1600           00238         MOVAR   r0x1003
0062   1580           00239         MOVRA   STK02
0063   1600           00240         MOVAR   r0x1002
0064   1580           00241         MOVRA   STK01
0065   1600           00242         MOVAR   r0x1001
0066   1580           00243         MOVRA   STK00
0067   1600           00244         MOVAR   r0x1000
                      00245 ;;[ICODE] ../libsdcc/fs2slong.c:42:  _return($6) :
                      00246 ;;[ICODE] ../libsdcc/fs2slong.c:42:     eproc ___fs2slong [k1 lr0:0 so:0]{ ia0 a2p0 re0 rm0 nos0 ru0 dp0}{long-int function ( float fixed) fixed}
0068                  00247 _00110_DS_
0068   000C           00248         RETURN  
                      00249 ; exit point of ___fs2slong
                      00250 
                      00251 
                      00252 ;       code size estimation:
                      00253 ;         105+    0 =   105 instructions (  210 byte)
                      00254 
                      00255         end
gpasm-1.7.0_beta1 (Jan 22 2015)fs2slong.asm       2015-1-22  23:30:20          PAGE  2


SYMBOL TABLE
  LABEL                             VALUE

BUZOUT                            00000005
C                                 00000000
DC                                00000001
DDR0                              00000045
DDR00                             00000000
DDR01                             00000001
DDR02                             00000002
DDR03                             00000003
DDR1                              00000046
DDR10                             00000000
DDR11                             00000001
DDR12                             00000002
DDR14                             00000004
DDR15                             00000005
DDR16                             00000006
DDR17                             00000007
EIS                               00000006
FSR                               00000004
GIE                               00000007
INDF                              00000000
INT0IE                            00000002
INT0IF                            00000002
INT0M                             00000006
INTECON                           0000000E
INTFLAG                           0000000F
KBIE                              00000001
KBIF                              00000001
KBIM                              00000009
KBIM0                             00000000
KBIM1                             00000001
KBIM2                             00000002
KBIM3                             00000003
KBIM4                             00000004
KBIM5                             00000005
KBIM6                             00000006
KBIM7                             00000007
MCR                               00000008
ODCON                             0000000C
P0                                00000005
P00                               00000000
P00PD                             00000000
P01                               00000001
P01PD                             00000001
P02                               00000002
P02PD                             00000002
P03                               00000003
P03PD                             00000003
P1                                00000006
P10                               00000000
P10OD                             00000000
P10PD                             00000004
P10PU                             00000000
P11                               00000001
P11OD                             00000001
P11PD                             00000005
P11PU                             00000001
P12                               00000002
P12OD                             00000002
P12PD                             00000006
P12PU                             00000002
P13                               00000003
P14                               00000004
P14OD                             00000004
P14PU                             00000004
P15                               00000005
P15OD                             00000005
P15PU                             00000005
P16                               00000006
P16OD                             00000006
P16PU                             00000006
P17                               00000007
P17OD                             00000007
P17PU                             00000007
PCL                               00000002
PCLATH                            0000000A
PD                                00000003
PDCON                             0000000B
PUCON                             0000000D
PWMOUT                            00000006
RST                               00000007
STATUS                            00000003
STK00                             00000000
STK01                             00000000
STK02                             00000000
STK03                             00000000
STK04                             00000000
STK05                             00000000
STK06                             00000000
T0CNT                             00000001
T0CR                              00000041
T0IE                              00000000
T0IF                              00000000
T0PTA                             00000003
T0PTS                             00000005
T0SE                              00000004
T1CNT                             0000004D
T1CR                              0000004C
T1DATA                            0000004F
T1IE                              00000001
T1IF                              00000000
T1LOAD                            0000004E
TBS                               00000007
TMCR                              0000004B
TMR1EN                            00000007
TO                                00000004
WDTEN                             00000007
Z                                 00000002
_00106_DS_                        00000015
_00108_DS_                        00000052
_00110_DS_                        00000068
_CONFIG0                          00002000
_CONFIG1                          00002001
_CP_ALL                           00001FFF
_FCPU_2T                          00003F7F
_FCPU_4T                          00003FFF
_IRC_1M                           00003FCF
_IRC_2M                           00003FDF
_IRC_444K                         00003FAF
_IRC_4M                           00003FEF
_IRC_8M                           00003FFF
_MCLR_OFF                         00003FF7
_MCLR_ON                          00003FFF
_OSC_HXT                          00002FFF
_OSC_IRC                          000037FF
_OSC_IRC_RTC                      00003FFF
_OSC_LXT                          000027FF
_PWRT_OFF                         00003BFF
_PWRT_ON                          00003FFF
_RD_FROM_PIN                      00003FFF
_RD_FROM_REG                      00003EFF
_SMT_OFF                          00003FFF
_SMT_ON                           00003DFF
_TWDT_18MS                        00003FFF
_TWDT_288MS                       00003DFF
_TWDT_4P5MS                       00003EFF
_TWDT_72MS                        00003CFF
_VBOR_15                          00003FF8
_VBOR_18                          00003FF9
_VBOR_20                          00003FFA
_VBOR_22                          00003FFB
_VBOR_24                          00003FFC
_VBOR_26                          00003FFD
_VBOR_30                          00003FFE
_VBOR_36                          00003FFF
_WDT_OFF                          000037FF
_WDT_ON                           00003FFF
__30P011                          00000001
___fs2schar                       00000000
___fs2sint                        00000000
___fs2slong                       00000000
___fs2uchar                       00000000
___fs2uint                        00000000
___fs2ulong                       00000000
___fsadd                          00000000
___fsdiv                          00000000
___fseq                           00000000
___fsgt                           00000000
___fslt                           00000000
___fsmul                          00000000
___fsneq                          00000000
___fssub                          00000000
___schar2fs                       00000000
___sint2fs                        00000000
___slong2fs                       00000000
___uchar2fs                       00000000
___uint2fs                        00000000
___ulong2fs                       00000000
r0x1000                           00000003
r0x1001                           00000002
r0x1002                           00000001
r0x1003                           00000000
r0x1004                           00000004
r0x1005                           00000007
r0x1006                           00000006
r0x1007                           00000005

Errors   :     0
Warnings :     0 reported,     0 suppressed
Messages :     0 reported,     0 suppressed

