gpasm-1.7.0_beta1 (Jan 22 2015)fs2uchar.asm       2015-1-22  23:30:20          PAGE  1


LOC  OBJECT CODE     LINE SOURCE TEXT
  VALUE

                      00001 ;--------------------------------------------------------
                      00002 ; File Created by SN-SDCC : ANSI-C Compiler
                      00003 ; Version 0.0.4 (Jan 22 2015) (Linux)
                      00004 ; This file was generated Thu Jan 22 23:30:20 2015
                      00005 ;--------------------------------------------------------
                      00006 ; MC3X port for the RISC core
                      00007 ;--------------------------------------------------------
                      00008 ;       .file   "../libsdcc/fs2uchar.c"
                      00009         list    p=30p011
                      00010         radix dec
                      00011         include "mc30p011.inc"
                      00001                 LIST
                      00002 ;mc30p011.inc    Standard Header File, Version 1.00 by Sinomcu
                      00225                 LIST
                      00012 ;--------------------------------------------------------
                      00013 ; external declarations
                      00014 ;--------------------------------------------------------
                      00015         extern  ___uchar2fs
                      00016         extern  ___schar2fs
                      00017         extern  ___uint2fs
                      00018         extern  ___sint2fs
                      00019         extern  ___ulong2fs
                      00020         extern  ___slong2fs
                      00021         extern  ___fs2schar
                      00022         extern  ___fs2uint
                      00023         extern  ___fs2sint
                      00024         extern  ___fs2ulong
                      00025         extern  ___fs2slong
                      00026         extern  ___fsadd
                      00027         extern  ___fssub
                      00028         extern  ___fsmul
                      00029         extern  ___fsdiv
                      00030         extern  ___fslt
                      00031         extern  ___fseq
                      00032         extern  ___fsneq
                      00033         extern  ___fsgt
                      00034 
                      00035         extern STK06
                      00036         extern STK05
                      00037         extern STK04
                      00038         extern STK03
                      00039         extern STK02
                      00040         extern STK01
                      00041         extern STK00
                      00042 ;--------------------------------------------------------
                      00043 ; global declarations
                      00044 ;--------------------------------------------------------
                      00045         global  ___fs2uchar
                      00046 
                      00047 ;--------------------------------------------------------
                      00048 ; global definitions
                      00049 ;--------------------------------------------------------
                      00050 ;--------------------------------------------------------
                      00051 ; absolute symbol definitions
                      00052 ;--------------------------------------------------------
                      00053 ;--------------------------------------------------------
                      00054 ; compiler-defined variables
                      00055 ;--------------------------------------------------------
                      00056 UDL_fs2uchar_0  udata
0000                  00057 r0x1003 res     1
0000                  00058 r0x1002 res     1
0001                  00059 r0x1001 res     1
0001                  00060 r0x1000 res     1
                      00061 ;--------------------------------------------------------
                      00062 ; initialized data
                      00063 ;--------------------------------------------------------
                      00064 ;--------------------------------------------------------
                      00065 ; overlayable items in internal ram 
                      00066 ;--------------------------------------------------------
                      00067 ;       udata_ovr
                      00068 ;--------------------------------------------------------
                      00069 ; code
                      00070 ;--------------------------------------------------------
                      00071 code_fs2uchar   code
                      00072 ;***
                      00073 ;  pBlock Stats: dbName = C
                      00074 ;***
                      00075 ;entry:  ___fs2uchar    ;Function start
                      00076 ; 2 exit points
                      00077 ;has an exit
                      00078 ;functions called:
                      00079 ;   ___fs2ulong
                      00080 ;   ___fs2ulong
                      00081 ;8 compiler assigned registers:
                      00082 ;   r0x1000
                      00083 ;   STK00
                      00084 ;   r0x1001
                      00085 ;   STK01
                      00086 ;   r0x1002
                      00087 ;   STK02
                      00088 ;   r0x1003
                      00089 ;   r0x1004
                      00090 ;; Starting pCode block
                      00091 ;;[ICODE] ../libsdcc/fs2uchar.c:33:  _entry($4) :
                      00092 ;;[ICODE] ../libsdcc/fs2uchar.c:33:     proc ___fs2uchar [k1 lr0:0 so:0]{ ia0 a2p0 re0 rm0 nos0 ru0 dp0}{unsigned-char function ( float fixed) fixed}
0000                  00093 ___fs2uchar     ;Function start
                      00094 ; 2 exit points
                      00095 ;;[ICODE] ../libsdcc/fs2uchar.c:33: iTemp0 [k2 lr3:4 so:0]{ ia0 a2p0 re1 rm0 nos0 ru1 dp0}{float fixed}{ sir@ ___fs2uchar_f_1_21}[r0x1000 r0x1001 r0x1002 r0x1003 ] = recv ___fs2uchar [k1 lr0:0 so:0]{ ia0 a2p0 re0 rm0 nos0 ru0 dp0}{unsigned-char function ( float fixed) fixed}
                      00096 ;       .line   33; "../libsdcc/fs2uchar.c"     unsigned char __fs2uchar (float f) _FS_REENTRANT
0000   1580           00097         MOVRA   r0x1000
0001   1600           00098         MOVAR   STK00
0002   1580           00099         MOVRA   r0x1001
0003   1600           00100         MOVAR   STK01
0004   1580           00101         MOVRA   r0x1002
0005   1600           00102         MOVAR   STK02
0006   1580           00103         MOVRA   r0x1003
                      00104 ;;[ICODE] ../libsdcc/fs2uchar.c:35:     send iTemp0 [k2 lr3:4 so:0]{ ia0 a2p0 re1 rm0 nos0 ru1 dp0}{float fixed}{ sir@ ___fs2uchar_f_1_21}[r0x1000 r0x1001 r0x1002 r0x1003 ]{argreg = 1}
                      00105 ;;[ICODE] ../libsdcc/fs2uchar.c:35:     iTemp1 [k4 lr5:11 so:0]{ ia0 a2p0 re1 rm0 nos0 ru0 dp0}{unsigned-long-int fixed}{ sir@ ___fs2uchar_ul_1_22}[r0x1000 r0x1001 r0x1002 r0x1003 ] = call ___fs2ulong [k6 lr0:0 so:0]{ ia0 a2p0 re0 rm0 nos0 ru0 dp0}{unsigned-long-int function ( float fixed) fixed}
                      00106 ;       .line   35; "../libsdcc/fs2uchar.c"     unsigned long ul=__fs2ulong(f);
0007   1600           00107         MOVAR   r0x1003
0008   1580           00108         MOVRA   STK02
0009   1600           00109         MOVAR   r0x1002
000A   1580           00110         MOVRA   STK01
000B   1600           00111         MOVAR   r0x1001
000C   1580           00112         MOVRA   STK00
000D   1600           00113         MOVAR   r0x1000
000E   2000           00114         CALL    ___fs2ulong
000F   1580           00115         MOVRA   r0x1000
0010   1600           00116         MOVAR   STK00
0011   1580           00117         MOVRA   r0x1001
0012   1600           00118         MOVAR   STK01
0013   1580           00119         MOVRA   r0x1002
0014   1600           00120         MOVAR   STK02
0015   1580           00121         MOVRA   r0x1003
                      00122 ;;[ICODE] ../libsdcc/fs2uchar.c:36:     iTemp3 [k9 lr7:8 so:0]{ ia0 a2p0 re0 rm0 nos0 ru0 dp0}{char fixed} = iTemp1 [k4 lr5:11 so:0]{ ia0 a2p0 re1 rm0 nos0 ru0 dp0}{unsigned-long-int fixed}{ sir@ ___fs2uchar_ul_1_22}[r0x1000 r0x1001 r0x1002 r0x1003 ] < 0xff {unsigned-long-int literal}
                      00123 ;;unsigned compare: left < lit(0xFF=255), size=4
                      00124 ;       .line   36; "../libsdcc/fs2uchar.c"     if (ul>=UCHAR_MAX) return UCHAR_MAX;
0016   0B00           00125         MOVAI   0x00
0017   1200           00126         RSUBAR  r0x1000
0018   3103           00127         JBSET   STATUS,2
0019   2800           00128         GOTO    _00111_DS_
001A   0B00           00129         MOVAI   0x00
001B   1200           00130         RSUBAR  r0x1001
001C   3103           00131         JBSET   STATUS,2
001D   2800           00132         GOTO    _00111_DS_
001E   0B00           00133         MOVAI   0x00
001F   1200           00134         RSUBAR  r0x1002
0020   3103           00135         JBSET   STATUS,2
0021   2800           00136         GOTO    _00111_DS_
0022   0BFF           00137         MOVAI   0xff
0023   1200           00138         RSUBAR  r0x1003
0024                  00139 _00111_DS_
0024   3003           00140         JBSET   STATUS,0
0025   2800           00141         GOTO    _00106_DS_
                      00142 ;;genSkipc:3246: created from rifx:0xbff57800
                      00143 ;;[ICODE] ../libsdcc/fs2uchar.c:36:     if iTemp3 [k9 lr7:8 so:0]{ ia0 a2p0 re0 rm0 nos0 ru0 dp0}{char fixed} != 0 goto _iffalse_0($2)
                      00144 ;;[ICODE] ../libsdcc/fs2uchar.c:36:     ret 0xff {const-unsigned-char literal}
0026   0BFF           00145         MOVAI   0xff
0027   2800           00146         GOTO    _00107_DS_
                      00147 ;;[ICODE] ../libsdcc/fs2uchar.c:36:  _iffalse_0($2) :
                      00148 ;;[ICODE] ../libsdcc/fs2uchar.c:37:     iTemp4 [k10 lr11:12 so:0]{ ia0 a2p0 re0 rm0 nos0 ru1 dp0}{unsigned-char fixed}[r0x1004 ] = (unsigned-char fixed)iTemp1 [k4 lr5:11 so:0]{ ia0 a2p0 re1 rm0 nos0 ru0 dp0}{unsigned-long-int fixed}{ sir@ ___fs2uchar_ul_1_22}[r0x1000 r0x1001 r0x1002 r0x1003 ]
                      00149 ;;101   MOVAR   r0x1003
                      00150 ;;99    MOVRA   r0x1004
                      00151 ;;[ICODE] ../libsdcc/fs2uchar.c:37:     ret iTemp4 [k10 lr11:12 so:0]{ ia0 a2p0 re0 rm0 nos0 ru1 dp0}{unsigned-char fixed}[r0x1004 ]
                      00152 ;;100   MOVAR   r0x1004
0028                  00153 _00106_DS_
                      00154 ;       .line   37; "../libsdcc/fs2uchar.c"     return ul;
0028   1600           00155         MOVAR   r0x1003
                      00156 ;;[ICODE] ../libsdcc/fs2uchar.c:37:  _return($3) :
                      00157 ;;[ICODE] ../libsdcc/fs2uchar.c:37:     eproc ___fs2uchar [k1 lr0:0 so:0]{ ia0 a2p0 re0 rm0 nos0 ru0 dp0}{unsigned-char function ( float fixed) fixed}
0029                  00158 _00107_DS_
0029   000C           00159         RETURN  
                      00160 ; exit point of ___fs2uchar
                      00161 
                      00162 
                      00163 ;       code size estimation:
                      00164 ;          42+    0 =    42 instructions (   84 byte)
                      00165 
                      00166         end
gpasm-1.7.0_beta1 (Jan 22 2015)fs2uchar.asm       2015-1-22  23:30:20          PAGE  2


SYMBOL TABLE
  LABEL                             VALUE

BUZOUT                            00000005
C                                 00000000
DC                                00000001
DDR0                              00000045
DDR00                             00000000
DDR01                             00000001
DDR02                             00000002
DDR03                             00000003
DDR1                              00000046
DDR10                             00000000
DDR11                             00000001
DDR12                             00000002
DDR14                             00000004
DDR15                             00000005
DDR16                             00000006
DDR17                             00000007
EIS                               00000006
FSR                               00000004
GIE                               00000007
INDF                              00000000
INT0IE                            00000002
INT0IF                            00000002
INT0M                             00000006
INTECON                           0000000E
INTFLAG                           0000000F
KBIE                              00000001
KBIF                              00000001
KBIM                              00000009
KBIM0                             00000000
KBIM1                             00000001
KBIM2                             00000002
KBIM3                             00000003
KBIM4                             00000004
KBIM5                             00000005
KBIM6                             00000006
KBIM7                             00000007
MCR                               00000008
ODCON                             0000000C
P0                                00000005
P00                               00000000
P00PD                             00000000
P01                               00000001
P01PD                             00000001
P02                               00000002
P02PD                             00000002
P03                               00000003
P03PD                             00000003
P1                                00000006
P10                               00000000
P10OD                             00000000
P10PD                             00000004
P10PU                             00000000
P11                               00000001
P11OD                             00000001
P11PD                             00000005
P11PU                             00000001
P12                               00000002
P12OD                             00000002
P12PD                             00000006
P12PU                             00000002
P13                               00000003
P14                               00000004
P14OD                             00000004
P14PU                             00000004
P15                               00000005
P15OD                             00000005
P15PU                             00000005
P16                               00000006
P16OD                             00000006
P16PU                             00000006
P17                               00000007
P17OD                             00000007
P17PU                             00000007
PCL                               00000002
PCLATH                            0000000A
PD                                00000003
PDCON                             0000000B
PUCON                             0000000D
PWMOUT                            00000006
RST                               00000007
STATUS                            00000003
STK00                             00000000
STK01                             00000000
STK02                             00000000
STK03                             00000000
STK04                             00000000
STK05                             00000000
STK06                             00000000
T0CNT                             00000001
T0CR                              00000041
T0IE                              00000000
T0IF                              00000000
T0PTA                             00000003
T0PTS                             00000005
T0SE                              00000004
T1CNT                             0000004D
T1CR                              0000004C
T1DATA                            0000004F
T1IE                              00000001
T1IF                              00000000
T1LOAD                            0000004E
TBS                               00000007
TMCR                              0000004B
TMR1EN                            00000007
TO                                00000004
WDTEN                             00000007
Z                                 00000002
_00106_DS_                        00000028
_00107_DS_                        00000029
_00111_DS_                        00000024
_CONFIG0                          00002000
_CONFIG1                          00002001
_CP_ALL                           00001FFF
_FCPU_2T                          00003F7F
_FCPU_4T                          00003FFF
_IRC_1M                           00003FCF
_IRC_2M                           00003FDF
_IRC_444K                         00003FAF
_IRC_4M                           00003FEF
_IRC_8M                           00003FFF
_MCLR_OFF                         00003FF7
_MCLR_ON                          00003FFF
_OSC_HXT                          00002FFF
_OSC_IRC                          000037FF
_OSC_IRC_RTC                      00003FFF
_OSC_LXT                          000027FF
_PWRT_OFF                         00003BFF
_PWRT_ON                          00003FFF
_RD_FROM_PIN                      00003FFF
_RD_FROM_REG                      00003EFF
_SMT_OFF                          00003FFF
_SMT_ON                           00003DFF
_TWDT_18MS                        00003FFF
_TWDT_288MS                       00003DFF
_TWDT_4P5MS                       00003EFF
_TWDT_72MS                        00003CFF
_VBOR_15                          00003FF8
_VBOR_18                          00003FF9
_VBOR_20                          00003FFA
_VBOR_22                          00003FFB
_VBOR_24                          00003FFC
_VBOR_26                          00003FFD
_VBOR_30                          00003FFE
_VBOR_36                          00003FFF
_WDT_OFF                          000037FF
_WDT_ON                           00003FFF
__30P011                          00000001
___fs2schar                       00000000
___fs2sint                        00000000
___fs2slong                       00000000
___fs2uchar                       00000000
___fs2uint                        00000000
___fs2ulong                       00000000
___fsadd                          00000000
___fsdiv                          00000000
___fseq                           00000000
___fsgt                           00000000
___fslt                           00000000
___fsmul                          00000000
___fsneq                          00000000
___fssub                          00000000
___schar2fs                       00000000
___sint2fs                        00000000
___slong2fs                       00000000
___uchar2fs                       00000000
___uint2fs                        00000000
___ulong2fs                       00000000
r0x1000                           00000003
r0x1001                           00000002
r0x1002                           00000001
r0x1003                           00000000

Errors   :     0
Warnings :     0 reported,     0 suppressed
Messages :     0 reported,     0 suppressed

