gpasm-1.7.0_beta1 (Jan 22 2015)schar2fs.asm       2015-1-22  23:30:21          PAGE  1


LOC  OBJECT CODE     LINE SOURCE TEXT
  VALUE

                      00001 ;--------------------------------------------------------
                      00002 ; File Created by SN-SDCC : ANSI-C Compiler
                      00003 ; Version 0.0.4 (Jan 22 2015) (Linux)
                      00004 ; This file was generated Thu Jan 22 23:30:21 2015
                      00005 ;--------------------------------------------------------
                      00006 ; MC3X port for the RISC core
                      00007 ;--------------------------------------------------------
                      00008 ;       .file   "../libsdcc/schar2fs.c"
                      00009         list    p=30p011
                      00010         radix dec
                      00011         include "mc30p011.inc"
                      00001                 LIST
                      00002 ;mc30p011.inc    Standard Header File, Version 1.00 by Sinomcu
                      00225                 LIST
                      00012 ;--------------------------------------------------------
                      00013 ; external declarations
                      00014 ;--------------------------------------------------------
                      00015         extern  ___uchar2fs
                      00016         extern  ___uint2fs
                      00017         extern  ___sint2fs
                      00018         extern  ___ulong2fs
                      00019         extern  ___slong2fs
                      00020         extern  ___fs2uchar
                      00021         extern  ___fs2schar
                      00022         extern  ___fs2uint
                      00023         extern  ___fs2sint
                      00024         extern  ___fs2ulong
                      00025         extern  ___fs2slong
                      00026         extern  ___fsadd
                      00027         extern  ___fssub
                      00028         extern  ___fsmul
                      00029         extern  ___fsdiv
                      00030         extern  ___fslt
                      00031         extern  ___fseq
                      00032         extern  ___fsneq
                      00033         extern  ___fsgt
                      00034 
                      00035         extern STK06
                      00036         extern STK05
                      00037         extern STK04
                      00038         extern STK03
                      00039         extern STK02
                      00040         extern STK01
                      00041         extern STK00
                      00042 ;--------------------------------------------------------
                      00043 ; global declarations
                      00044 ;--------------------------------------------------------
                      00045         global  ___schar2fs
                      00046 
                      00047 ;--------------------------------------------------------
                      00048 ; global definitions
                      00049 ;--------------------------------------------------------
                      00050 ;--------------------------------------------------------
                      00051 ; absolute symbol definitions
                      00052 ;--------------------------------------------------------
                      00053 ;--------------------------------------------------------
                      00054 ; compiler-defined variables
                      00055 ;--------------------------------------------------------
                      00056 UDL_schar2fs_0  udata
0000                  00057 r0x1000 res     1
0000                  00058 r0x1001 res     1
0001                  00059 r0x1004 res     1
0001                  00060 r0x1003 res     1
0002                  00061 r0x1002 res     1
                      00062 ;--------------------------------------------------------
                      00063 ; initialized data
                      00064 ;--------------------------------------------------------
                      00065 ;--------------------------------------------------------
                      00066 ; overlayable items in internal ram 
                      00067 ;--------------------------------------------------------
                      00068 ;       udata_ovr
                      00069 ;--------------------------------------------------------
                      00070 ; code
                      00071 ;--------------------------------------------------------
                      00072 code_schar2fs   code
                      00073 ;***
                      00074 ;  pBlock Stats: dbName = C
                      00075 ;***
                      00076 ;entry:  ___schar2fs    ;Function start
                      00077 ; 2 exit points
                      00078 ;has an exit
                      00079 ;functions called:
                      00080 ;   ___slong2fs
                      00081 ;   ___slong2fs
                      00082 ;8 compiler assigned registers:
                      00083 ;   r0x1000
                      00084 ;   r0x1001
                      00085 ;   r0x1002
                      00086 ;   r0x1003
                      00087 ;   r0x1004
                      00088 ;   STK02
                      00089 ;   STK01
                      00090 ;   STK00
                      00091 ;; Starting pCode block
                      00092 ;;[ICODE] ../libsdcc/schar2fs.c:33:  _entry($2) :
                      00093 ;;[ICODE] ../libsdcc/schar2fs.c:33:     proc ___schar2fs [k1 lr0:0 so:0]{ ia0 a2p0 re0 rm0 nos0 ru0 dp0}{float function ( char fixed) fixed}
0000                  00094 ___schar2fs     ;Function start
                      00095 ; 2 exit points
                      00096 ;;[ICODE] ../libsdcc/schar2fs.c:33: iTemp0 [k2 lr3:4 so:0]{ ia0 a2p0 re1 rm0 nos0 ru0 dp0}{char fixed}{ sir@ ___schar2fs_sc_1_21}[r0x1000 ] = recv ___schar2fs [k1 lr0:0 so:0]{ ia0 a2p0 re0 rm0 nos0 ru0 dp0}{float function ( char fixed) fixed}
0000   1580           00097         MOVRA   r0x1001
                      00098 ;       .line   33; "../libsdcc/schar2fs.c"     float __schar2fs (signed char sc) _FS_REENTRANT
0001   1580           00099         MOVRA   r0x1000
                      00100 ;;[ICODE] ../libsdcc/schar2fs.c:35:     iTemp1 [k5 lr4:5 so:0]{ ia0 a2p0 re0 rm0 nos0 ru1 dp0}{long-int fixed}[r0x1001 r0x1002 r0x1003 r0x1004 ] = (long-int fixed)iTemp0 [k2 lr3:4 so:0]{ ia0 a2p0 re1 rm0 nos0 ru0 dp0}{char fixed}{ sir@ ___schar2fs_sc_1_21}[r0x1000 ]
                      00101 ;;99    MOVAR   r0x1000
                      00102 ;       .line   35; "../libsdcc/schar2fs.c"     return __slong2fs(sc);
0002   0B00           00103         MOVAI   0x00
0003   3780           00104         JBCLR   r0x1001,7
0004   0BFF           00105         MOVAI   0xff
0005   1580           00106         MOVRA   r0x1002
0006   1580           00107         MOVRA   r0x1003
0007   1580           00108         MOVRA   r0x1004
                      00109 ;;[ICODE] ../libsdcc/schar2fs.c:35:     send iTemp1 [k5 lr4:5 so:0]{ ia0 a2p0 re0 rm0 nos0 ru1 dp0}{long-int fixed}[r0x1001 r0x1002 r0x1003 r0x1004 ]{argreg = 1}
                      00110 ;;[ICODE] ../libsdcc/schar2fs.c:35:     iTemp2 [k7 lr6:7 so:0]{ ia0 a2p0 re0 rm0 nos0 ru1 dp0}{float fixed}[r0x1000 r0x1001 r0x1002 r0x1003 ] = call ___slong2fs [k4 lr0:0 so:0]{ ia0 a2p0 re0 rm0 nos0 ru0 dp0}{float function ( long-int fixed) fixed}
0008   1600           00111         MOVAR   r0x1001
0009   1580           00112         MOVRA   STK02
000A   1600           00113         MOVAR   r0x1004
000B   1580           00114         MOVRA   STK01
000C   1600           00115         MOVAR   r0x1003
000D   1580           00116         MOVRA   STK00
000E   1600           00117         MOVAR   r0x1002
000F   2000           00118         CALL    ___slong2fs
0010   1580           00119         MOVRA   r0x1003
0011   1600           00120         MOVAR   STK00
0012   1580           00121         MOVRA   r0x1004
0013   1600           00122         MOVAR   STK01
0014   1580           00123         MOVRA   r0x1001
0015   1600           00124         MOVAR   STK02
0016   1580           00125         MOVRA   r0x1000
                      00126 ;;[ICODE] ../libsdcc/schar2fs.c:35:     ret iTemp2 [k7 lr6:7 so:0]{ ia0 a2p0 re0 rm0 nos0 ru1 dp0}{float fixed}[r0x1000 r0x1001 r0x1002 r0x1003 ]
0017   1600           00127         MOVAR   r0x1000
0018   1580           00128         MOVRA   STK02
0019   1600           00129         MOVAR   r0x1001
001A   1580           00130         MOVRA   STK01
001B   1600           00131         MOVAR   r0x1004
001C   1580           00132         MOVRA   STK00
001D   1600           00133         MOVAR   r0x1003
                      00134 ;;[ICODE] ../libsdcc/schar2fs.c:35:  _return($1) :
                      00135 ;;[ICODE] ../libsdcc/schar2fs.c:35:     eproc ___schar2fs [k1 lr0:0 so:0]{ ia0 a2p0 re0 rm0 nos0 ru0 dp0}{float function ( char fixed) fixed}
001E   000C           00136         RETURN  
                      00137 ; exit point of ___schar2fs
                      00138 
                      00139 
                      00140 ;       code size estimation:
                      00141 ;          31+    0 =    31 instructions (   62 byte)
                      00142 
                      00143         end
gpasm-1.7.0_beta1 (Jan 22 2015)schar2fs.asm       2015-1-22  23:30:21          PAGE  2


SYMBOL TABLE
  LABEL                             VALUE

BUZOUT                            00000005
C                                 00000000
DC                                00000001
DDR0                              00000045
DDR00                             00000000
DDR01                             00000001
DDR02                             00000002
DDR03                             00000003
DDR1                              00000046
DDR10                             00000000
DDR11                             00000001
DDR12                             00000002
DDR14                             00000004
DDR15                             00000005
DDR16                             00000006
DDR17                             00000007
EIS                               00000006
FSR                               00000004
GIE                               00000007
INDF                              00000000
INT0IE                            00000002
INT0IF                            00000002
INT0M                             00000006
INTECON                           0000000E
INTFLAG                           0000000F
KBIE                              00000001
KBIF                              00000001
KBIM                              00000009
KBIM0                             00000000
KBIM1                             00000001
KBIM2                             00000002
KBIM3                             00000003
KBIM4                             00000004
KBIM5                             00000005
KBIM6                             00000006
KBIM7                             00000007
MCR                               00000008
ODCON                             0000000C
P0                                00000005
P00                               00000000
P00PD                             00000000
P01                               00000001
P01PD                             00000001
P02                               00000002
P02PD                             00000002
P03                               00000003
P03PD                             00000003
P1                                00000006
P10                               00000000
P10OD                             00000000
P10PD                             00000004
P10PU                             00000000
P11                               00000001
P11OD                             00000001
P11PD                             00000005
P11PU                             00000001
P12                               00000002
P12OD                             00000002
P12PD                             00000006
P12PU                             00000002
P13                               00000003
P14                               00000004
P14OD                             00000004
P14PU                             00000004
P15                               00000005
P15OD                             00000005
P15PU                             00000005
P16                               00000006
P16OD                             00000006
P16PU                             00000006
P17                               00000007
P17OD                             00000007
P17PU                             00000007
PCL                               00000002
PCLATH                            0000000A
PD                                00000003
PDCON                             0000000B
PUCON                             0000000D
PWMOUT                            00000006
RST                               00000007
STATUS                            00000003
STK00                             00000000
STK01                             00000000
STK02                             00000000
STK03                             00000000
STK04                             00000000
STK05                             00000000
STK06                             00000000
T0CNT                             00000001
T0CR                              00000041
T0IE                              00000000
T0IF                              00000000
T0PTA                             00000003
T0PTS                             00000005
T0SE                              00000004
T1CNT                             0000004D
T1CR                              0000004C
T1DATA                            0000004F
T1IE                              00000001
T1IF                              00000000
T1LOAD                            0000004E
TBS                               00000007
TMCR                              0000004B
TMR1EN                            00000007
TO                                00000004
WDTEN                             00000007
Z                                 00000002
_CONFIG0                          00002000
_CONFIG1                          00002001
_CP_ALL                           00001FFF
_FCPU_2T                          00003F7F
_FCPU_4T                          00003FFF
_IRC_1M                           00003FCF
_IRC_2M                           00003FDF
_IRC_444K                         00003FAF
_IRC_4M                           00003FEF
_IRC_8M                           00003FFF
_MCLR_OFF                         00003FF7
_MCLR_ON                          00003FFF
_OSC_HXT                          00002FFF
_OSC_IRC                          000037FF
_OSC_IRC_RTC                      00003FFF
_OSC_LXT                          000027FF
_PWRT_OFF                         00003BFF
_PWRT_ON                          00003FFF
_RD_FROM_PIN                      00003FFF
_RD_FROM_REG                      00003EFF
_SMT_OFF                          00003FFF
_SMT_ON                           00003DFF
_TWDT_18MS                        00003FFF
_TWDT_288MS                       00003DFF
_TWDT_4P5MS                       00003EFF
_TWDT_72MS                        00003CFF
_VBOR_15                          00003FF8
_VBOR_18                          00003FF9
_VBOR_20                          00003FFA
_VBOR_22                          00003FFB
_VBOR_24                          00003FFC
_VBOR_26                          00003FFD
_VBOR_30                          00003FFE
_VBOR_36                          00003FFF
_WDT_OFF                          000037FF
_WDT_ON                           00003FFF
__30P011                          00000001
___fs2schar                       00000000
___fs2sint                        00000000
___fs2slong                       00000000
___fs2uchar                       00000000
___fs2uint                        00000000
___fs2ulong                       00000000
___fsadd                          00000000
___fsdiv                          00000000
___fseq                           00000000
___fsgt                           00000000
___fslt                           00000000
___fsmul                          00000000
___fsneq                          00000000
___fssub                          00000000
___schar2fs                       00000000
___sint2fs                        00000000
___slong2fs                       00000000
___uchar2fs                       00000000
___uint2fs                        00000000
___ulong2fs                       00000000
r0x1000                           00000000
r0x1001                           00000001
r0x1002                           00000004
r0x1003                           00000003
r0x1004                           00000002

Errors   :     0
Warnings :     0 reported,     0 suppressed
Messages :     0 reported,     0 suppressed

