gpasm-1.7.0_beta1 (Jan 22 2015)slong2fs.asm       2015-1-22  23:30:21          PAGE  1


LOC  OBJECT CODE     LINE SOURCE TEXT
  VALUE

                      00001 ;--------------------------------------------------------
                      00002 ; File Created by SN-SDCC : ANSI-C Compiler
                      00003 ; Version 0.0.4 (Jan 22 2015) (Linux)
                      00004 ; This file was generated Thu Jan 22 23:30:21 2015
                      00005 ;--------------------------------------------------------
                      00006 ; MC3X port for the RISC core
                      00007 ;--------------------------------------------------------
                      00008 ;       .file   "../libsdcc/slong2fs.c"
                      00009         list    p=30p011
                      00010         radix dec
                      00011         include "mc30p011.inc"
                      00001                 LIST
                      00002 ;mc30p011.inc    Standard Header File, Version 1.00 by Sinomcu
                      00225                 LIST
                      00012 ;--------------------------------------------------------
                      00013 ; external declarations
                      00014 ;--------------------------------------------------------
                      00015         extern  ___uchar2fs
                      00016         extern  ___schar2fs
                      00017         extern  ___uint2fs
                      00018         extern  ___sint2fs
                      00019         extern  ___ulong2fs
                      00020         extern  ___fs2uchar
                      00021         extern  ___fs2schar
                      00022         extern  ___fs2uint
                      00023         extern  ___fs2sint
                      00024         extern  ___fs2ulong
                      00025         extern  ___fs2slong
                      00026         extern  ___fsadd
                      00027         extern  ___fssub
                      00028         extern  ___fsmul
                      00029         extern  ___fsdiv
                      00030         extern  ___fslt
                      00031         extern  ___fseq
                      00032         extern  ___fsneq
                      00033         extern  ___fsgt
                      00034 
                      00035         extern STK06
                      00036         extern STK05
                      00037         extern STK04
                      00038         extern STK03
                      00039         extern STK02
                      00040         extern STK01
                      00041         extern STK00
                      00042 ;--------------------------------------------------------
                      00043 ; global declarations
                      00044 ;--------------------------------------------------------
                      00045         global  ___slong2fs
                      00046 
                      00047 ;--------------------------------------------------------
                      00048 ; global definitions
                      00049 ;--------------------------------------------------------
                      00050 ;--------------------------------------------------------
                      00051 ; absolute symbol definitions
                      00052 ;--------------------------------------------------------
                      00053 ;--------------------------------------------------------
                      00054 ; compiler-defined variables
                      00055 ;--------------------------------------------------------
                      00056 UDL_slong2fs_0  udata
0000                  00057 r0x1003 res     1
0000                  00058 r0x1002 res     1
0001                  00059 r0x1001 res     1
0001                  00060 r0x1000 res     1
0002                  00061 r0x1004 res     1
0002                  00062 r0x1005 res     1
0003                  00063 r0x1006 res     1
0003                  00064 r0x1007 res     1
                      00065 ;--------------------------------------------------------
                      00066 ; initialized data
                      00067 ;--------------------------------------------------------
                      00068 ;--------------------------------------------------------
                      00069 ; overlayable items in internal ram 
                      00070 ;--------------------------------------------------------
                      00071 ;       udata_ovr
                      00072 ;--------------------------------------------------------
                      00073 ; code
                      00074 ;--------------------------------------------------------
                      00075 code_slong2fs   code
                      00076 ;***
                      00077 ;  pBlock Stats: dbName = C
                      00078 ;***
                      00079 ;entry:  ___slong2fs    ;Function start
                      00080 ; 2 exit points
                      00081 ;has an exit
                      00082 ;functions called:
                      00083 ;   ___ulong2fs
                      00084 ;   ___ulong2fs
                      00085 ;   ___ulong2fs
                      00086 ;   ___ulong2fs
                      00087 ;11 compiler assigned registers:
                      00088 ;   r0x1000
                      00089 ;   STK00
                      00090 ;   r0x1001
                      00091 ;   STK01
                      00092 ;   r0x1002
                      00093 ;   STK02
                      00094 ;   r0x1003
                      00095 ;   r0x1004
                      00096 ;   r0x1005
                      00097 ;   r0x1006
                      00098 ;   r0x1007
                      00099 ;; Starting pCode block
                      00100 ;;[ICODE] ../libsdcc/slong2fs.c:33:  _entry($5) :
                      00101 ;;[ICODE] ../libsdcc/slong2fs.c:33:     proc ___slong2fs [k1 lr0:0 so:0]{ ia0 a2p0 re0 rm0 nos0 ru0 dp0}{float function ( long-int fixed) fixed}
0000                  00102 ___slong2fs     ;Function start
                      00103 ; 2 exit points
                      00104 ;;[ICODE] ../libsdcc/slong2fs.c:33: iTemp0 [k2 lr3:12 so:0]{ ia0 a2p0 re1 rm0 nos0 ru0 dp0}{long-int fixed}{ sir@ ___slong2fs_sl_1_21}[r0x1000 r0x1001 r0x1002 r0x1003 ] = recv ___slong2fs [k1 lr0:0 so:0]{ ia0 a2p0 re0 rm0 nos0 ru0 dp0}{float function ( long-int fixed) fixed}
                      00105 ;       .line   33; "../libsdcc/slong2fs.c"     float __slong2fs (signed long sl) _FS_REENTRANT
0000   1580           00106         MOVRA   r0x1000
0001   1600           00107         MOVAR   STK00
0002   1580           00108         MOVRA   r0x1001
0003   1600           00109         MOVAR   STK01
0004   1580           00110         MOVRA   r0x1002
0005   1600           00111         MOVAR   STK02
0006   1580           00112         MOVRA   r0x1003
                      00113 ;;[ICODE] ../libsdcc/slong2fs.c:35:     iTemp1 [k4 lr4:5 so:0]{ ia0 a2p0 re0 rm0 nos0 ru0 dp0}{char fixed} = iTemp0 [k2 lr3:12 so:0]{ ia0 a2p0 re1 rm0 nos0 ru0 dp0}{long-int fixed}{ sir@ ___slong2fs_sl_1_21}[r0x1000 r0x1001 r0x1002 r0x1003 ] < 0x0 {long-int literal}
                      00114 ;;signed compare: left < lit(0x0=0), size=4, mask=ffffffff
                      00115 ;       .line   35; "../libsdcc/slong2fs.c"     if (sl<0) 
0007   3803           00116         BSET    STATUS,0
0008   3380           00117         JBSET   r0x1000,7
0009   3C03           00118         BCLR    STATUS,0
000A   3003           00119         JBSET   STATUS,0
000B   2800           00120         GOTO    _00106_DS_
                      00121 ;;genSkipc:3246: created from rifx:0xbfe769e0
                      00122 ;;[ICODE] ../libsdcc/slong2fs.c:35:     if iTemp1 [k4 lr4:5 so:0]{ ia0 a2p0 re0 rm0 nos0 ru0 dp0}{char fixed} == 0 goto _iffalse_0($2)
                      00123 ;;[ICODE] ../libsdcc/slong2fs.c:36:     iTemp2 [k6 lr6:7 so:0]{ ia0 a2p0 re0 rm0 nos0 ru1 dp0}{long-int fixed}[r0x1004 r0x1005 r0x1006 r0x1007 ] = - iTemp0 [k2 lr3:12 so:0]{ ia0 a2p0 re1 rm0 nos0 ru0 dp0}{long-int fixed}{ sir@ ___slong2fs_sl_1_21}[r0x1000 r0x1001 r0x1002 r0x1003 ]
                      00124 ;       .line   36; "../libsdcc/slong2fs.c"     return -__ulong2fs(-sl);
000C   1C00           00125         COMAR   r0x1003
000D   1580           00126         MOVRA   r0x1004
000E   1C00           00127         COMAR   r0x1002
000F   1580           00128         MOVRA   r0x1005
0010   1C00           00129         COMAR   r0x1001
0011   1580           00130         MOVRA   r0x1006
0012   1C00           00131         COMAR   r0x1000
0013   1580           00132         MOVRA   r0x1007
0014   1980           00133         INCR    r0x1004
0015   3503           00134         JBCLR   STATUS,2
0016   1980           00135         INCR    r0x1005
0017   3503           00136         JBCLR   STATUS,2
0018   1980           00137         INCR    r0x1006
0019   3503           00138         JBCLR   STATUS,2
001A   1980           00139         INCR    r0x1007
                      00140 ;;[ICODE] ../libsdcc/slong2fs.c:36:     send iTemp2 [k6 lr6:7 so:0]{ ia0 a2p0 re0 rm0 nos0 ru1 dp0}{long-int fixed}[r0x1004 r0x1005 r0x1006 r0x1007 ]{argreg = 1}
                      00141 ;;[ICODE] ../libsdcc/slong2fs.c:36:     iTemp3 [k8 lr8:9 so:0]{ ia0 a2p0 re0 rm0 nos0 ru0 dp0}{float fixed}[r0x1004 r0x1005 r0x1006 r0x1007 ] = call ___ulong2fs [k5 lr0:0 so:0]{ ia0 a2p0 re0 rm0 nos0 ru0 dp0}{float function ( unsigned-long-int fixed) fixed}
001B   1600           00142         MOVAR   r0x1004
001C   1580           00143         MOVRA   STK02
001D   1600           00144         MOVAR   r0x1005
001E   1580           00145         MOVRA   STK01
001F   1600           00146         MOVAR   r0x1006
0020   1580           00147         MOVRA   STK00
0021   1600           00148         MOVAR   r0x1007
0022   2000           00149         CALL    ___ulong2fs
0023   1580           00150         MOVRA   r0x1007
0024   1600           00151         MOVAR   STK00
0025   1580           00152         MOVRA   r0x1006
0026   1600           00153         MOVAR   STK01
0027   1580           00154         MOVRA   r0x1005
0028   1600           00155         MOVAR   STK02
0029   1580           00156         MOVRA   r0x1004
                      00157 ;;[ICODE] ../libsdcc/slong2fs.c:36:     iTemp4 [k9 lr9:10 so:0]{ ia0 a2p0 re0 rm0 nos0 ru1 dp0}{float fixed}[r0x1004 r0x1005 r0x1006 r0x1007 ] = - iTemp3 [k8 lr8:9 so:0]{ ia0 a2p0 re0 rm0 nos0 ru0 dp0}{float fixed}[r0x1004 r0x1005 r0x1006 r0x1007 ]
002A   1600           00158         MOVAR   r0x1007
002B   0880           00159         XORAI   0x80
002C   1580           00160         MOVRA   r0x1007
002D   1600           00161         MOVAR   r0x1006
002E   1580           00162         MOVRA   r0x1006
002F   1600           00163         MOVAR   r0x1005
0030   1580           00164         MOVRA   r0x1005
0031   1600           00165         MOVAR   r0x1004
0032   1580           00166         MOVRA   r0x1004
                      00167 ;;[ICODE] ../libsdcc/slong2fs.c:36:     ret iTemp4 [k9 lr9:10 so:0]{ ia0 a2p0 re0 rm0 nos0 ru1 dp0}{float fixed}[r0x1004 r0x1005 r0x1006 r0x1007 ]
0033   1600           00168         MOVAR   r0x1004
0034   1580           00169         MOVRA   STK02
0035   1600           00170         MOVAR   r0x1005
0036   1580           00171         MOVRA   STK01
0037   1600           00172         MOVAR   r0x1006
0038   1580           00173         MOVRA   STK00
0039   1600           00174         MOVAR   r0x1007
003A   2800           00175         GOTO    _00108_DS_
                      00176 ;;[ICODE] ../libsdcc/slong2fs.c:36:  _iffalse_0($2) :
                      00177 ;;[ICODE] ../libsdcc/slong2fs.c:38:     send iTemp0 [k2 lr3:12 so:0]{ ia0 a2p0 re1 rm0 nos0 ru0 dp0}{long-int fixed}{ sir@ ___slong2fs_sl_1_21}[r0x1000 r0x1001 r0x1002 r0x1003 ]{argreg = 1}
                      00178 ;;[ICODE] ../libsdcc/slong2fs.c:38:     iTemp5 [k10 lr13:14 so:0]{ ia0 a2p0 re0 rm0 nos0 ru1 dp0}{float fixed}[r0x1000 r0x1001 r0x1002 r0x1003 ] = call ___ulong2fs [k5 lr0:0 so:0]{ ia0 a2p0 re0 rm0 nos0 ru0 dp0}{float function ( unsigned-long-int fixed) fixed}
003B                  00179 _00106_DS_
                      00180 ;       .line   38; "../libsdcc/slong2fs.c"     return __ulong2fs(sl);
003B   1600           00181         MOVAR   r0x1003
003C   1580           00182         MOVRA   STK02
003D   1600           00183         MOVAR   r0x1002
003E   1580           00184         MOVRA   STK01
003F   1600           00185         MOVAR   r0x1001
0040   1580           00186         MOVRA   STK00
0041   1600           00187         MOVAR   r0x1000
0042   2000           00188         CALL    ___ulong2fs
0043   1580           00189         MOVRA   r0x1000
0044   1600           00190         MOVAR   STK00
0045   1580           00191         MOVRA   r0x1001
0046   1600           00192         MOVAR   STK01
0047   1580           00193         MOVRA   r0x1002
0048   1600           00194         MOVAR   STK02
0049   1580           00195         MOVRA   r0x1003
                      00196 ;;[ICODE] ../libsdcc/slong2fs.c:38:     ret iTemp5 [k10 lr13:14 so:0]{ ia0 a2p0 re0 rm0 nos0 ru1 dp0}{float fixed}[r0x1000 r0x1001 r0x1002 r0x1003 ]
004A   1600           00197         MOVAR   r0x1003
004B   1580           00198         MOVRA   STK02
004C   1600           00199         MOVAR   r0x1002
004D   1580           00200         MOVRA   STK01
004E   1600           00201         MOVAR   r0x1001
004F   1580           00202         MOVRA   STK00
0050   1600           00203         MOVAR   r0x1000
                      00204 ;;[ICODE] ../libsdcc/slong2fs.c:38:  _return($4) :
                      00205 ;;[ICODE] ../libsdcc/slong2fs.c:38:     eproc ___slong2fs [k1 lr0:0 so:0]{ ia0 a2p0 re0 rm0 nos0 ru0 dp0}{float function ( long-int fixed) fixed}
0051                  00206 _00108_DS_
0051   000C           00207         RETURN  
                      00208 ; exit point of ___slong2fs
                      00209 
                      00210 
                      00211 ;       code size estimation:
                      00212 ;          82+    0 =    82 instructions (  164 byte)
                      00213 
                      00214         end
gpasm-1.7.0_beta1 (Jan 22 2015)slong2fs.asm       2015-1-22  23:30:21          PAGE  2


SYMBOL TABLE
  LABEL                             VALUE

BUZOUT                            00000005
C                                 00000000
DC                                00000001
DDR0                              00000045
DDR00                             00000000
DDR01                             00000001
DDR02                             00000002
DDR03                             00000003
DDR1                              00000046
DDR10                             00000000
DDR11                             00000001
DDR12                             00000002
DDR14                             00000004
DDR15                             00000005
DDR16                             00000006
DDR17                             00000007
EIS                               00000006
FSR                               00000004
GIE                               00000007
INDF                              00000000
INT0IE                            00000002
INT0IF                            00000002
INT0M                             00000006
INTECON                           0000000E
INTFLAG                           0000000F
KBIE                              00000001
KBIF                              00000001
KBIM                              00000009
KBIM0                             00000000
KBIM1                             00000001
KBIM2                             00000002
KBIM3                             00000003
KBIM4                             00000004
KBIM5                             00000005
KBIM6                             00000006
KBIM7                             00000007
MCR                               00000008
ODCON                             0000000C
P0                                00000005
P00                               00000000
P00PD                             00000000
P01                               00000001
P01PD                             00000001
P02                               00000002
P02PD                             00000002
P03                               00000003
P03PD                             00000003
P1                                00000006
P10                               00000000
P10OD                             00000000
P10PD                             00000004
P10PU                             00000000
P11                               00000001
P11OD                             00000001
P11PD                             00000005
P11PU                             00000001
P12                               00000002
P12OD                             00000002
P12PD                             00000006
P12PU                             00000002
P13                               00000003
P14                               00000004
P14OD                             00000004
P14PU                             00000004
P15                               00000005
P15OD                             00000005
P15PU                             00000005
P16                               00000006
P16OD                             00000006
P16PU                             00000006
P17                               00000007
P17OD                             00000007
P17PU                             00000007
PCL                               00000002
PCLATH                            0000000A
PD                                00000003
PDCON                             0000000B
PUCON                             0000000D
PWMOUT                            00000006
RST                               00000007
STATUS                            00000003
STK00                             00000000
STK01                             00000000
STK02                             00000000
STK03                             00000000
STK04                             00000000
STK05                             00000000
STK06                             00000000
T0CNT                             00000001
T0CR                              00000041
T0IE                              00000000
T0IF                              00000000
T0PTA                             00000003
T0PTS                             00000005
T0SE                              00000004
T1CNT                             0000004D
T1CR                              0000004C
T1DATA                            0000004F
T1IE                              00000001
T1IF                              00000000
T1LOAD                            0000004E
TBS                               00000007
TMCR                              0000004B
TMR1EN                            00000007
TO                                00000004
WDTEN                             00000007
Z                                 00000002
_00106_DS_                        0000003B
_00108_DS_                        00000051
_CONFIG0                          00002000
_CONFIG1                          00002001
_CP_ALL                           00001FFF
_FCPU_2T                          00003F7F
_FCPU_4T                          00003FFF
_IRC_1M                           00003FCF
_IRC_2M                           00003FDF
_IRC_444K                         00003FAF
_IRC_4M                           00003FEF
_IRC_8M                           00003FFF
_MCLR_OFF                         00003FF7
_MCLR_ON                          00003FFF
_OSC_HXT                          00002FFF
_OSC_IRC                          000037FF
_OSC_IRC_RTC                      00003FFF
_OSC_LXT                          000027FF
_PWRT_OFF                         00003BFF
_PWRT_ON                          00003FFF
_RD_FROM_PIN                      00003FFF
_RD_FROM_REG                      00003EFF
_SMT_OFF                          00003FFF
_SMT_ON                           00003DFF
_TWDT_18MS                        00003FFF
_TWDT_288MS                       00003DFF
_TWDT_4P5MS                       00003EFF
_TWDT_72MS                        00003CFF
_VBOR_15                          00003FF8
_VBOR_18                          00003FF9
_VBOR_20                          00003FFA
_VBOR_22                          00003FFB
_VBOR_24                          00003FFC
_VBOR_26                          00003FFD
_VBOR_30                          00003FFE
_VBOR_36                          00003FFF
_WDT_OFF                          000037FF
_WDT_ON                           00003FFF
__30P011                          00000001
___fs2schar                       00000000
___fs2sint                        00000000
___fs2slong                       00000000
___fs2uchar                       00000000
___fs2uint                        00000000
___fs2ulong                       00000000
___fsadd                          00000000
___fsdiv                          00000000
___fseq                           00000000
___fsgt                           00000000
___fslt                           00000000
___fsmul                          00000000
___fsneq                          00000000
___fssub                          00000000
___schar2fs                       00000000
___sint2fs                        00000000
___slong2fs                       00000000
___uchar2fs                       00000000
___uint2fs                        00000000
___ulong2fs                       00000000
r0x1000                           00000003
r0x1001                           00000002
r0x1002                           00000001
r0x1003                           00000000
r0x1004                           00000004
r0x1005                           00000005
r0x1006                           00000006
r0x1007                           00000007

Errors   :     0
Warnings :     0 reported,     0 suppressed
Messages :     0 reported,     0 suppressed

