This file contains any messages produced by compilers while
running configure, to aid debugging if configure makes a mistake.

It was created by configure, which was
generated by GNU Autoconf 2.69.  Invocation command line was

  $ ./configure --disable-option-checking --prefix=/usr/local CFLAGS=-g CXXFLAGS=-g sdccconf_h_dir_separator=\\ --disable-mcs51-port --disable-z80-port --disable-z180-port --disable-r2k-port --disable-r3ka-port --disable-gbz80-port --disable-ds390-port --disable-ds400-port --disable-hc08-port --disable-s08-port --disable-pic14-port --disable-pic16-port --disable-device-lib --disable-sdbinutils --disable-ucsim docdir=${datarootdir}/doc/${PACKAGE} --cache-file=/dev/null --srcdir=.

## --------- ##
## Platform. ##
## --------- ##

hostname = sinomcu111-PC
uname -m = i686
uname -r = 1.0.19(0.48/3/2)
uname -s = MINGW32_NT-6.1
uname -v = 2016-07-13 17:45

/usr/bin/uname -p = unknown
/bin/uname -X     = unknown

/bin/arch              = unknown
/usr/bin/arch -k       = unknown
/usr/convex/getsysinfo = unknown
/usr/bin/hostinfo      = unknown
/bin/machine           = unknown
/usr/bin/oslevel       = unknown
/bin/universe          = unknown

PATH: .
PATH: /usr/local/bin
PATH: /mingw/bin
PATH: /bin
PATH: /e/Python3/Scripts/
PATH: /e/Python3/
PATH: /c/Windows/system32
PATH: /c/Windows
PATH: /c/Windows/System32/Wbem
PATH: /c/Windows/System32/WindowsPowerShell/v1.0/
PATH: /d/Program Files/TortoiseSVN/bin
PATH: /mingw/bin
PATH: /d/Program Files/Git/cmd
PATH: /d/Program Files/TortoiseGit/bin
PATH: .
PATH: /d/Program Files/Microsoft VS Code/bin


## ----------- ##
## Core tests. ##
## ----------- ##

configure:2083: checking for gcc
configure:2099: found /mingw/bin/gcc
configure:2110: result: gcc
configure:2339: checking for C compiler version
configure:2348: gcc --version >&5
gcc.exe (GCC) 5.3.0
Copyright (C) 2015 Free Software Foundation, Inc.
This is free software; see the source for copying conditions.  There is NO
warranty; not even for MERCHANTABILITY or FITNESS FOR A PARTICULAR PURPOSE.

configure:2359: $? = 0
configure:2348: gcc -v >&5
Using built-in specs.
COLLECT_GCC=E:\MinGW\bin\gcc.exe
COLLECT_LTO_WRAPPER=e:/mingw/bin/../libexec/gcc/mingw32/5.3.0/lto-wrapper.exe
Target: mingw32
Configured with: ../src/gcc-5.3.0/configure --build=x86_64-pc-linux-gnu --host=mingw32 --prefix=/mingw --disable-win32-registry --target=mingw32 --with-arch=i586 --enable-languages=c,c++,objc,obj-c++,fortran,ada --enable-static --enable-shared --enable-threads --with-dwarf2 --disable-sjlj-exceptions --enable-version-specific-runtime-libs --with-libintl-prefix=/mingw --enable-libstdcxx-debug --with-tune=generic --enable-libgomp --disable-libvtv --enable-nls : (reconfigured) ../src/gcc-5.3.0/configure --build=x86_64-pc-linux-gnu --host=mingw32 --prefix=/mingw --disable-win32-registry --target=mingw32 --with-arch=i586 --enable-languages=c,c++,objc,obj-c++,fortran,ada --enable-static --enable-shared --enable-threads --with-dwarf2 --disable-sjlj-exceptions --enable-version-specific-runtime-libs --with-libiconv-prefix=/mingw --with-libintl-prefix=/mingw --enable-libstdcxx-debug --with-tune=generic --enable-libgomp --disable-libvtv --enable-nls
Thread model: win32
gcc version 5.3.0 (GCC) 
configure:2359: $? = 0
configure:2348: gcc -V >&5
gcc.exe: error: unrecognized command line option '-V'
gcc.exe: fatal error: no input files
compilation terminated.
configure:2359: $? = 1
configure:2348: gcc -qversion >&5
gcc.exe: error: unrecognized command line option '-qversion'
gcc.exe: fatal error: no input files
compilation terminated.
configure:2359: $? = 1
configure:2379: checking whether the C compiler works
configure:2401: gcc -g   conftest.c  >&5
configure:2405: $? = 0
configure:2453: result: yes
configure:2456: checking for C compiler default output file name
configure:2458: result: a.exe
configure:2464: checking for suffix of executables
configure:2471: gcc -o conftest.exe -g   conftest.c  >&5
configure:2475: $? = 0
configure:2497: result: .exe
configure:2519: checking whether we are cross compiling
configure:2527: gcc -o conftest.exe -g   conftest.c  >&5
configure:2531: $? = 0
configure:2538: ./conftest.exe
configure:2542: $? = 0
configure:2557: result: no
configure:2562: checking for suffix of object files
configure:2584: gcc -c -g  conftest.c >&5
configure:2588: $? = 0
configure:2609: result: o
configure:2613: checking whether we are using the GNU C compiler
configure:2632: gcc -c -g  conftest.c >&5
configure:2632: $? = 0
configure:2641: result: yes
configure:2650: checking whether gcc accepts -g
configure:2670: gcc -c -g  conftest.c >&5
configure:2670: $? = 0
configure:2711: result: yes
configure:2728: checking for gcc option to accept ISO C89
configure:2791: gcc  -c -g  conftest.c >&5
configure:2791: $? = 0
configure:2804: result: none needed
configure:2830: checking how to run the C preprocessor
configure:2861: gcc -E  conftest.c
configure:2861: $? = 0
configure:2875: gcc -E  conftest.c
conftest.c:9:28: fatal error: ac_nonexistent.h: No such file or directory
compilation terminated.
configure:2875: $? = 1
configure: failed program was:
| /* confdefs.h */
| #define PACKAGE_NAME ""
| #define PACKAGE_TARNAME ""
| #define PACKAGE_VERSION ""
| #define PACKAGE_STRING ""
| #define PACKAGE_BUGREPORT ""
| #define PACKAGE_URL ""
| /* end confdefs.h.  */
| #include <ac_nonexistent.h>
configure:2900: result: gcc -E
configure:2920: gcc -E  conftest.c
configure:2920: $? = 0
configure:2934: gcc -E  conftest.c
conftest.c:9:28: fatal error: ac_nonexistent.h: No such file or directory
compilation terminated.
configure:2934: $? = 1
configure: failed program was:
| /* confdefs.h */
| #define PACKAGE_NAME ""
| #define PACKAGE_TARNAME ""
| #define PACKAGE_VERSION ""
| #define PACKAGE_STRING ""
| #define PACKAGE_BUGREPORT ""
| #define PACKAGE_URL ""
| /* end confdefs.h.  */
| #include <ac_nonexistent.h>
configure:2963: checking for grep that handles long lines and -e
configure:3021: result: /bin/grep
configure:3026: checking for egrep
configure:3088: result: /bin/grep -E
configure:3093: checking for ANSI C header files
configure:3113: gcc -c -g  conftest.c >&5
configure:3113: $? = 0
configure:3186: gcc -o conftest.exe -g   conftest.c  >&5
configure:3186: $? = 0
configure:3186: ./conftest.exe
configure:3186: $? = 0
configure:3197: result: yes
configure:3210: checking for sys/types.h
configure:3210: gcc -c -g  conftest.c >&5
configure:3210: $? = 0
configure:3210: result: yes
configure:3210: checking for sys/stat.h
configure:3210: gcc -c -g  conftest.c >&5
configure:3210: $? = 0
configure:3210: result: yes
configure:3210: checking for stdlib.h
configure:3210: gcc -c -g  conftest.c >&5
configure:3210: $? = 0
configure:3210: result: yes
configure:3210: checking for string.h
configure:3210: gcc -c -g  conftest.c >&5
configure:3210: $? = 0
configure:3210: result: yes
configure:3210: checking for memory.h
configure:3210: gcc -c -g  conftest.c >&5
configure:3210: $? = 0
configure:3210: result: yes
configure:3210: checking for strings.h
configure:3210: gcc -c -g  conftest.c >&5
configure:3210: $? = 0
configure:3210: result: yes
configure:3210: checking for inttypes.h
configure:3210: gcc -c -g  conftest.c >&5
configure:3210: $? = 0
configure:3210: result: yes
configure:3210: checking for stdint.h
configure:3210: gcc -c -g  conftest.c >&5
configure:3210: $? = 0
configure:3210: result: yes
configure:3210: checking for unistd.h
configure:3210: gcc -c -g  conftest.c >&5
configure:3210: $? = 0
configure:3210: result: yes
configure:3224: checking readline/readline.h usability
configure:3224: gcc -c -g  conftest.c >&5
conftest.c:52:31: fatal error: readline/readline.h: No such file or directory
compilation terminated.
configure:3224: $? = 1
configure: failed program was:
| /* confdefs.h */
| #define PACKAGE_NAME ""
| #define PACKAGE_TARNAME ""
| #define PACKAGE_VERSION ""
| #define PACKAGE_STRING ""
| #define PACKAGE_BUGREPORT ""
| #define PACKAGE_URL ""
| #define STDC_HEADERS 1
| #define HAVE_SYS_TYPES_H 1
| #define HAVE_SYS_STAT_H 1
| #define HAVE_STDLIB_H 1
| #define HAVE_STRING_H 1
| #define HAVE_MEMORY_H 1
| #define HAVE_STRINGS_H 1
| #define HAVE_INTTYPES_H 1
| #define HAVE_STDINT_H 1
| #define HAVE_UNISTD_H 1
| /* end confdefs.h.  */
| #include <stdio.h>
| #ifdef HAVE_SYS_TYPES_H
| # include <sys/types.h>
| #endif
| #ifdef HAVE_SYS_STAT_H
| # include <sys/stat.h>
| #endif
| #ifdef STDC_HEADERS
| # include <stdlib.h>
| # include <stddef.h>
| #else
| # ifdef HAVE_STDLIB_H
| #  include <stdlib.h>
| # endif
| #endif
| #ifdef HAVE_STRING_H
| # if !defined STDC_HEADERS && defined HAVE_MEMORY_H
| #  include <memory.h>
| # endif
| # include <string.h>
| #endif
| #ifdef HAVE_STRINGS_H
| # include <strings.h>
| #endif
| #ifdef HAVE_INTTYPES_H
| # include <inttypes.h>
| #endif
| #ifdef HAVE_STDINT_H
| # include <stdint.h>
| #endif
| #ifdef HAVE_UNISTD_H
| # include <unistd.h>
| #endif
| #include <readline/readline.h>
configure:3224: result: no
configure:3224: checking readline/readline.h presence
configure:3224: gcc -E  conftest.c
conftest.c:19:31: fatal error: readline/readline.h: No such file or directory
compilation terminated.
configure:3224: $? = 1
configure: failed program was:
| /* confdefs.h */
| #define PACKAGE_NAME ""
| #define PACKAGE_TARNAME ""
| #define PACKAGE_VERSION ""
| #define PACKAGE_STRING ""
| #define PACKAGE_BUGREPORT ""
| #define PACKAGE_URL ""
| #define STDC_HEADERS 1
| #define HAVE_SYS_TYPES_H 1
| #define HAVE_SYS_STAT_H 1
| #define HAVE_STDLIB_H 1
| #define HAVE_STRING_H 1
| #define HAVE_MEMORY_H 1
| #define HAVE_STRINGS_H 1
| #define HAVE_INTTYPES_H 1
| #define HAVE_STDINT_H 1
| #define HAVE_UNISTD_H 1
| /* end confdefs.h.  */
| #include <readline/readline.h>
configure:3224: result: no
configure:3224: checking for readline/readline.h
configure:3224: result: no
configure:3368: checking for gcc
configure:3395: result: gcc
configure:3624: checking for C compiler version
configure:3633: gcc --version >&5
gcc.exe (GCC) 5.3.0
Copyright (C) 2015 Free Software Foundation, Inc.
This is free software; see the source for copying conditions.  There is NO
warranty; not even for MERCHANTABILITY or FITNESS FOR A PARTICULAR PURPOSE.

configure:3644: $? = 0
configure:3633: gcc -v >&5
Using built-in specs.
COLLECT_GCC=E:\MinGW\bin\gcc.exe
COLLECT_LTO_WRAPPER=e:/mingw/bin/../libexec/gcc/mingw32/5.3.0/lto-wrapper.exe
Target: mingw32
Configured with: ../src/gcc-5.3.0/configure --build=x86_64-pc-linux-gnu --host=mingw32 --prefix=/mingw --disable-win32-registry --target=mingw32 --with-arch=i586 --enable-languages=c,c++,objc,obj-c++,fortran,ada --enable-static --enable-shared --enable-threads --with-dwarf2 --disable-sjlj-exceptions --enable-version-specific-runtime-libs --with-libintl-prefix=/mingw --enable-libstdcxx-debug --with-tune=generic --enable-libgomp --disable-libvtv --enable-nls : (reconfigured) ../src/gcc-5.3.0/configure --build=x86_64-pc-linux-gnu --host=mingw32 --prefix=/mingw --disable-win32-registry --target=mingw32 --with-arch=i586 --enable-languages=c,c++,objc,obj-c++,fortran,ada --enable-static --enable-shared --enable-threads --with-dwarf2 --disable-sjlj-exceptions --enable-version-specific-runtime-libs --with-libiconv-prefix=/mingw --with-libintl-prefix=/mingw --enable-libstdcxx-debug --with-tune=generic --enable-libgomp --disable-libvtv --enable-nls
Thread model: win32
gcc version 5.3.0 (GCC) 
configure:3644: $? = 0
configure:3633: gcc -V >&5
gcc.exe: error: unrecognized command line option '-V'
gcc.exe: fatal error: no input files
compilation terminated.
configure:3644: $? = 1
configure:3633: gcc -qversion >&5
gcc.exe: error: unrecognized command line option '-qversion'
gcc.exe: fatal error: no input files
compilation terminated.
configure:3644: $? = 1
configure:3648: checking whether we are using the GNU C compiler
configure:3676: result: yes
configure:3685: checking whether gcc accepts -g
configure:3746: result: yes
configure:3763: checking for gcc option to accept ISO C89
configure:3839: result: none needed
configure:3864: checking how to run the C preprocessor
configure:3934: result: gcc -E
configure:3954: gcc -E  conftest.c
configure:3954: $? = 0
configure:3968: gcc -E  conftest.c
conftest.c:19:28: fatal error: ac_nonexistent.h: No such file or directory
compilation terminated.
configure:3968: $? = 1
configure: failed program was:
| /* confdefs.h */
| #define PACKAGE_NAME ""
| #define PACKAGE_TARNAME ""
| #define PACKAGE_VERSION ""
| #define PACKAGE_STRING ""
| #define PACKAGE_BUGREPORT ""
| #define PACKAGE_URL ""
| #define STDC_HEADERS 1
| #define HAVE_SYS_TYPES_H 1
| #define HAVE_SYS_STAT_H 1
| #define HAVE_STDLIB_H 1
| #define HAVE_STRING_H 1
| #define HAVE_MEMORY_H 1
| #define HAVE_STRINGS_H 1
| #define HAVE_INTTYPES_H 1
| #define HAVE_STDINT_H 1
| #define HAVE_UNISTD_H 1
| /* end confdefs.h.  */
| #include <ac_nonexistent.h>
configure:4039: checking for a BSD-compatible install
configure:4107: result: /bin/install -c
configure:4161: checking for ranlib
configure:4177: found /mingw/bin/ranlib
configure:4188: result: ranlib
configure:4212: checking for autoconf
configure:4228: found /mingw/bin/autoconf
configure:4240: result: autoconf
configure:4250: checking for strip
configure:4266: found /mingw/bin/strip
configure:4278: result: strip
configure:4288: checking for as
configure:4304: found /mingw/bin/as
configure:4316: result: as
configure:4326: checking for cp
configure:4342: found /bin/cp
configure:4354: result: cp
configure:4376: checking for unistd.h
configure:4376: result: yes
configure:4376: checking sys/wait.h usability
configure:4376: gcc -c -g  conftest.c >&5
conftest.c:53:22: fatal error: sys/wait.h: No such file or directory
compilation terminated.
configure:4376: $? = 1
configure: failed program was:
| /* confdefs.h */
| #define PACKAGE_NAME ""
| #define PACKAGE_TARNAME ""
| #define PACKAGE_VERSION ""
| #define PACKAGE_STRING ""
| #define PACKAGE_BUGREPORT ""
| #define PACKAGE_URL ""
| #define STDC_HEADERS 1
| #define HAVE_SYS_TYPES_H 1
| #define HAVE_SYS_STAT_H 1
| #define HAVE_STDLIB_H 1
| #define HAVE_STRING_H 1
| #define HAVE_MEMORY_H 1
| #define HAVE_STRINGS_H 1
| #define HAVE_INTTYPES_H 1
| #define HAVE_STDINT_H 1
| #define HAVE_UNISTD_H 1
| #define HAVE_UNISTD_H 1
| /* end confdefs.h.  */
| #include <stdio.h>
| #ifdef HAVE_SYS_TYPES_H
| # include <sys/types.h>
| #endif
| #ifdef HAVE_SYS_STAT_H
| # include <sys/stat.h>
| #endif
| #ifdef STDC_HEADERS
| # include <stdlib.h>
| # include <stddef.h>
| #else
| # ifdef HAVE_STDLIB_H
| #  include <stdlib.h>
| # endif
| #endif
| #ifdef HAVE_STRING_H
| # if !defined STDC_HEADERS && defined HAVE_MEMORY_H
| #  include <memory.h>
| # endif
| # include <string.h>
| #endif
| #ifdef HAVE_STRINGS_H
| # include <strings.h>
| #endif
| #ifdef HAVE_INTTYPES_H
| # include <inttypes.h>
| #endif
| #ifdef HAVE_STDINT_H
| # include <stdint.h>
| #endif
| #ifdef HAVE_UNISTD_H
| # include <unistd.h>
| #endif
| #include <sys/wait.h>
configure:4376: result: no
configure:4376: checking sys/wait.h presence
configure:4376: gcc -E  conftest.c
conftest.c:20:22: fatal error: sys/wait.h: No such file or directory
compilation terminated.
configure:4376: $? = 1
configure: failed program was:
| /* confdefs.h */
| #define PACKAGE_NAME ""
| #define PACKAGE_TARNAME ""
| #define PACKAGE_VERSION ""
| #define PACKAGE_STRING ""
| #define PACKAGE_BUGREPORT ""
| #define PACKAGE_URL ""
| #define STDC_HEADERS 1
| #define HAVE_SYS_TYPES_H 1
| #define HAVE_SYS_STAT_H 1
| #define HAVE_STDLIB_H 1
| #define HAVE_STRING_H 1
| #define HAVE_MEMORY_H 1
| #define HAVE_STRINGS_H 1
| #define HAVE_INTTYPES_H 1
| #define HAVE_STDINT_H 1
| #define HAVE_UNISTD_H 1
| #define HAVE_UNISTD_H 1
| /* end confdefs.h.  */
| #include <sys/wait.h>
configure:4376: result: no
configure:4376: checking for sys/wait.h
configure:4376: result: no
configure:4389: checking sys/socket.h usability
configure:4389: gcc -c -g  conftest.c >&5
conftest.c:53:24: fatal error: sys/socket.h: No such file or directory
compilation terminated.
configure:4389: $? = 1
configure: failed program was:
| /* confdefs.h */
| #define PACKAGE_NAME ""
| #define PACKAGE_TARNAME ""
| #define PACKAGE_VERSION ""
| #define PACKAGE_STRING ""
| #define PACKAGE_BUGREPORT ""
| #define PACKAGE_URL ""
| #define STDC_HEADERS 1
| #define HAVE_SYS_TYPES_H 1
| #define HAVE_SYS_STAT_H 1
| #define HAVE_STDLIB_H 1
| #define HAVE_STRING_H 1
| #define HAVE_MEMORY_H 1
| #define HAVE_STRINGS_H 1
| #define HAVE_INTTYPES_H 1
| #define HAVE_STDINT_H 1
| #define HAVE_UNISTD_H 1
| #define HAVE_UNISTD_H 1
| /* end confdefs.h.  */
| #include <stdio.h>
| #ifdef HAVE_SYS_TYPES_H
| # include <sys/types.h>
| #endif
| #ifdef HAVE_SYS_STAT_H
| # include <sys/stat.h>
| #endif
| #ifdef STDC_HEADERS
| # include <stdlib.h>
| # include <stddef.h>
| #else
| # ifdef HAVE_STDLIB_H
| #  include <stdlib.h>
| # endif
| #endif
| #ifdef HAVE_STRING_H
| # if !defined STDC_HEADERS && defined HAVE_MEMORY_H
| #  include <memory.h>
| # endif
| # include <string.h>
| #endif
| #ifdef HAVE_STRINGS_H
| # include <strings.h>
| #endif
| #ifdef HAVE_INTTYPES_H
| # include <inttypes.h>
| #endif
| #ifdef HAVE_STDINT_H
| # include <stdint.h>
| #endif
| #ifdef HAVE_UNISTD_H
| # include <unistd.h>
| #endif
| #include <sys/socket.h>
configure:4389: result: no
configure:4389: checking sys/socket.h presence
configure:4389: gcc -E  conftest.c
conftest.c:20:24: fatal error: sys/socket.h: No such file or directory
compilation terminated.
configure:4389: $? = 1
configure: failed program was:
| /* confdefs.h */
| #define PACKAGE_NAME ""
| #define PACKAGE_TARNAME ""
| #define PACKAGE_VERSION ""
| #define PACKAGE_STRING ""
| #define PACKAGE_BUGREPORT ""
| #define PACKAGE_URL ""
| #define STDC_HEADERS 1
| #define HAVE_SYS_TYPES_H 1
| #define HAVE_SYS_STAT_H 1
| #define HAVE_STDLIB_H 1
| #define HAVE_STRING_H 1
| #define HAVE_MEMORY_H 1
| #define HAVE_STRINGS_H 1
| #define HAVE_INTTYPES_H 1
| #define HAVE_STDINT_H 1
| #define HAVE_UNISTD_H 1
| #define HAVE_UNISTD_H 1
| /* end confdefs.h.  */
| #include <sys/socket.h>
configure:4389: result: no
configure:4389: checking for sys/socket.h
configure:4389: result: no
configure:4402: checking winsock2.h usability
configure:4402: gcc -c -g  conftest.c >&5
configure:4402: $? = 0
configure:4402: result: yes
configure:4402: checking winsock2.h presence
configure:4402: gcc -E  conftest.c
configure:4402: $? = 0
configure:4402: result: yes
configure:4402: checking for winsock2.h
configure:4402: result: yes
configure:4562: checking whether preprocessor accepts -MM or -M
Using built-in specs.
COLLECT_GCC=E:\MinGW\bin\gcc.exe
Target: mingw32
Configured with: ../src/gcc-5.3.0/configure --build=x86_64-pc-linux-gnu --host=mingw32 --prefix=/mingw --disable-win32-registry --target=mingw32 --with-arch=i586 --enable-languages=c,c++,objc,obj-c++,fortran,ada --enable-static --enable-shared --enable-threads --with-dwarf2 --disable-sjlj-exceptions --enable-version-specific-runtime-libs --with-libintl-prefix=/mingw --enable-libstdcxx-debug --with-tune=generic --enable-libgomp --disable-libvtv --enable-nls : (reconfigured) ../src/gcc-5.3.0/configure --build=x86_64-pc-linux-gnu --host=mingw32 --prefix=/mingw --disable-win32-registry --target=mingw32 --with-arch=i586 --enable-languages=c,c++,objc,obj-c++,fortran,ada --enable-static --enable-shared --enable-threads --with-dwarf2 --disable-sjlj-exceptions --enable-version-specific-runtime-libs --with-libiconv-prefix=/mingw --with-libintl-prefix=/mingw --enable-libstdcxx-debug --with-tune=generic --enable-libgomp --disable-libvtv --enable-nls
Thread model: win32
gcc version 5.3.0 (GCC) 
COLLECT_GCC_OPTIONS='-E' '-v' '-MM' '-mtune=generic' '-march=i586'
 e:/mingw/bin/../libexec/gcc/mingw32/5.3.0/cc1.exe -E -quiet -v -iprefix e:\mingw\bin\../lib/gcc/mingw32/5.3.0/ -MM _test_.c -mtune=generic -march=i586
_test_.o: _test_.c
ignoring duplicate directory "e:/mingw/lib/gcc/../../lib/gcc/mingw32/5.3.0/include"
ignoring duplicate directory "/mingw/lib/gcc/mingw32/5.3.0/../../../../include"
ignoring duplicate directory "e:/mingw/lib/gcc/../../include"
ignoring duplicate directory "e:/mingw/lib/gcc/../../lib/gcc/mingw32/5.3.0/include-fixed"
ignoring duplicate directory "e:/mingw/lib/gcc/../../lib/gcc/mingw32/5.3.0/../../../../mingw32/include"
ignoring duplicate directory "/mingw/include"
#include "..." search starts here:
#include <...> search starts here:
 e:\mingw\bin\../lib/gcc/mingw32/5.3.0/include
 e:\mingw\bin\../lib/gcc/mingw32/5.3.0/../../../../include
 e:\mingw\bin\../lib/gcc/mingw32/5.3.0/include-fixed
 e:\mingw\bin\../lib/gcc/mingw32/5.3.0/../../../../mingw32/include
End of search list.
COMPILER_PATH=e:/mingw/bin/../libexec/gcc/mingw32/5.3.0/;e:/mingw/bin/../libexec/gcc/;e:/mingw/bin/../lib/gcc/mingw32/5.3.0/../../../../mingw32/bin/
LIBRARY_PATH=e:/mingw/bin/../lib/gcc/mingw32/5.3.0/;e:/mingw/bin/../lib/gcc/;e:/mingw/bin/../lib/gcc/mingw32/5.3.0/../../../../mingw32/lib/;e:/mingw/bin/../lib/gcc/mingw32/5.3.0/../../../
COLLECT_GCC_OPTIONS='-E' '-v' '-MM' '-mtune=generic' '-march=i586'
configure:4577: result: -MM
configure:4583: checking whether  accepts -ggdb
configure:4603: gcc -c -ggdb  conftest.c >&5
configure:4603: $? = 0
configure:4611: result: yes
configure:4621: checking whether  accepts -pipe
configure:4641: gcc -c -pipe  conftest.c >&5
configure:4641: $? = 0
configure:4649: result: yes
configure:4913: creating ./config.status

## ---------------------- ##
## Running config.status. ##
## ---------------------- ##

This file was extended by config.status, which was
generated by GNU Autoconf 2.69.  Invocation command line was

  CONFIG_FILES    = 
  CONFIG_HEADERS  = 
  CONFIG_LINKS    = 
  CONFIG_COMMANDS = 
  $ ./config.status 

on sinomcu111-PC

config.status:817: creating Makefile
config.status:817: creating config.h
config.status:992: config.h is unchanged

## ---------------- ##
## Cache variables. ##
## ---------------- ##

ac_cv_c_compiler_gnu=yes
ac_cv_env_CC_set=
ac_cv_env_CC_value=
ac_cv_env_CFLAGS_set=set
ac_cv_env_CFLAGS_value=-g
ac_cv_env_CPPFLAGS_set=
ac_cv_env_CPPFLAGS_value=
ac_cv_env_CPP_set=
ac_cv_env_CPP_value=
ac_cv_env_LDFLAGS_set=
ac_cv_env_LDFLAGS_value=
ac_cv_env_LIBS_set=
ac_cv_env_LIBS_value=
ac_cv_env_build_alias_set=
ac_cv_env_build_alias_value=
ac_cv_env_host_alias_set=
ac_cv_env_host_alias_value=
ac_cv_env_lib_dir_suffix_set=
ac_cv_env_lib_dir_suffix_value=
ac_cv_env_sdccconf_h_dir_separator_set=set
ac_cv_env_sdccconf_h_dir_separator_value='\\'
ac_cv_env_target_alias_set=
ac_cv_env_target_alias_value=
ac_cv_exeext=.exe
ac_cv_header_inttypes_h=yes
ac_cv_header_memory_h=yes
ac_cv_header_readline_readline_h=no
ac_cv_header_stdc=yes
ac_cv_header_stdint_h=yes
ac_cv_header_stdlib_h=yes
ac_cv_header_string_h=yes
ac_cv_header_strings_h=yes
ac_cv_header_sys_socket_h=no
ac_cv_header_sys_stat_h=yes
ac_cv_header_sys_types_h=yes
ac_cv_header_sys_wait_h=no
ac_cv_header_unistd_h=yes
ac_cv_header_winsock2_h=yes
ac_cv_objext=o
ac_cv_path_EGREP='/bin/grep -E'
ac_cv_path_GREP=/bin/grep
ac_cv_path_install='/bin/install -c'
ac_cv_prog_AS=as
ac_cv_prog_AUTOCONF=autoconf
ac_cv_prog_CP=cp
ac_cv_prog_CPP='gcc -E'
ac_cv_prog_STRIP=strip
ac_cv_prog_ac_ct_CC=gcc
ac_cv_prog_ac_ct_RANLIB=ranlib
ac_cv_prog_cc_c89=
ac_cv_prog_cc_g=yes
bor_cv_c_ggdb=yes
bor_cv_c_pipe=yes
sdcc_cv_MM=-MM

## ----------------- ##
## Output variables. ##
## ----------------- ##

AS='as'
AUTOCONF='autoconf'
C99_FLAG='--std=c99'
CC='gcc'
CFLAGS='-pipe -ggdb -g'
CP='cp'
CPP='gcc -E'
CPPFLAGS=''
DEFS='-DHAVE_CONFIG_H'
ECHO_C=''
ECHO_N='-n'
ECHO_T=''
EGREP='/bin/grep -E'
EXEEXT='.exe'
GREP='/bin/grep'
INSTALL_DATA='${INSTALL} -m 644'
INSTALL_PROGRAM='${INSTALL}'
INSTALL_SCRIPT='${INSTALL}'
LDFLAGS=''
LIBOBJS=''
LIBREADLINE=''
LIBS='-lws2_32 '
LTLIBOBJS=''
MAKEDEP='gcc -MM'
OBJEXT='o'
PACKAGE_BUGREPORT=''
PACKAGE_NAME=''
PACKAGE_STRING=''
PACKAGE_TARNAME=''
PACKAGE_URL=''
PACKAGE_VERSION=''
PATH_SEPARATOR=':'
RANLIB='ranlib'
SHELL='/bin/sh'
STRIP='strip'
WALL_FLAG='-Wall'
ac_ct_CC='gcc'
bindir='${exec_prefix}/bin'
build_alias=''
datadir='${datarootdir}'
datarootdir='${prefix}/share'
docdir='${datarootdir}/doc/${PACKAGE}'
dvidir='${docdir}'
exec_prefix='${prefix}'
host_alias=''
htmldir='${docdir}'
includedir='${prefix}/include'
infodir='${datarootdir}/info'
lib_dir_suffix='sdcc/lib'
libdir='${exec_prefix}/lib'
libexecdir='${exec_prefix}/libexec'
localedir='${datarootdir}/locale'
localstatedir='${prefix}/var'
mandir='${datarootdir}/man'
oldincludedir='/usr/include'
pdfdir='${docdir}'
prefix='/usr/local'
program_transform_name='s,x,x,'
psdir='${docdir}'
sbindir='${exec_prefix}/sbin'
sdccconf_h_dir_separator='\\'
sharedstatedir='${prefix}/com'
sysconfdir='${prefix}/etc'
target_alias=''

## ----------- ##
## confdefs.h. ##
## ----------- ##

/* confdefs.h */
#define PACKAGE_NAME ""
#define PACKAGE_TARNAME ""
#define PACKAGE_VERSION ""
#define PACKAGE_STRING ""
#define PACKAGE_BUGREPORT ""
#define PACKAGE_URL ""
#define STDC_HEADERS 1
#define HAVE_SYS_TYPES_H 1
#define HAVE_SYS_STAT_H 1
#define HAVE_STDLIB_H 1
#define HAVE_STRING_H 1
#define HAVE_MEMORY_H 1
#define HAVE_STRINGS_H 1
#define HAVE_INTTYPES_H 1
#define HAVE_STDINT_H 1
#define HAVE_UNISTD_H 1
#define HAVE_UNISTD_H 1
#define HAVE_WINSOCK2_H 1
#define DIR_SEPARATOR_STRING "\\"
#define DATADIR "\\usr\\local\\share"
#define LIB_DIR_SUFFIX DIR_SEPARATOR_STRING "sdcc\\lib"

configure: exit 0
