gpasm-2.0.0_beta2 (Aug 27 2017)_moduchar.asm      2017-9-12  18:09:55          PAGE  1


LOC  OBJECT CODE     LINE SOURCE TEXT
  VALUE

                      00001 ;--------------------------------------------------------
                      00002 ; File Created by SN-SDCC : SinoMCU ANSI-C Compiler
                      00003 ; Version 1.0.0 (Sep 11 2017) (MINGW32)
                      00004 ; This file was generated Tue Sep 12 18:09:55 2017
                      00005 ;--------------------------------------------------------
                      00006 ; MC30/MC32 port for the RISC core
                      00007 ;--------------------------------------------------------
                      00008 ;       .file   "../libsdcc/_moduchar.c"
                      00009         list    p=3264
                      00010         radix dec
                      00011         include "3264.inc"
                      00001                 LIST
                      00002 ;mc32p64.inc    Standard Header File, Version 1.00 by Sinomcu
                      00374                 LIST
                      00012 ;--------------------------------------------------------
                      00013 ; external declarations
                      00014 ;--------------------------------------------------------
                      00015 
                      00016         extern PSAVE
                      00017         extern SSAVE
                      00018         extern WSAVE
                      00019         extern STK12
                      00020         extern STK11
                      00021         extern STK10
                      00022         extern STK09
                      00023         extern STK08
                      00024         extern STK07
                      00025         extern STK06
                      00026         extern STK05
                      00027         extern STK04
                      00028         extern STK03
                      00029         extern STK02
                      00030         extern STK01
                      00031         extern STK00
                      00032 ;--------------------------------------------------------
                      00033 ; global declarations
                      00034 ;--------------------------------------------------------
                      00035         global  __moduchar
                      00036 
                      00037 ;--------------------------------------------------------
                      00038 ; global definitions
                      00039 ;--------------------------------------------------------
                      00040 ;--------------------------------------------------------
                      00041 ; absolute symbol definitions
                      00042 ;--------------------------------------------------------
                      00043 ;--------------------------------------------------------
                      00044 ; compiler-defined variables
                      00045 ;--------------------------------------------------------
                      00046 UDL__moduchar_0 udata
0000                  00047 r0x1000 res     1
0000                  00048 r0x1001 res     1
0001                  00049 r0x1002 res     1
0001                  00050 r0x1003 res     1
                      00051 ;--------------------------------------------------------
                      00052 ; initialized data
                      00053 ;--------------------------------------------------------
                      00054 
                      00055 ;@Allocation info for local variables in function '_moduchar'
                      00056 ;@_moduchar b                         Allocated to registers r0x1001 ;size:1
                      00057 ;@_moduchar a                         Allocated to registers r0x1000 ;size:1
                      00058 ;@_moduchar count                     Allocated to registers r0x1002 ;size:1
                      00059 ;@end Allocation info for local variables in function '_moduchar';
                      00060 
                      00061 ;--------------------------------------------------------
                      00062 ; overlayable items in internal ram 
                      00063 ;--------------------------------------------------------
                      00064 ;       udata_ovr
                      00065 ;--------------------------------------------------------
                      00066 ; code
                      00067 ;--------------------------------------------------------
                      00068 code__moduchar  code
                      00069 ;***
                      00070 ;  pBlock Stats: dbName = C
                      00071 ;***
                      00072 ;entry:  __moduchar     ;Function start
                      00073 ; 2 exit points
                      00074 ;has an exit
                      00075 ;8 compiler assigned registers:
                      00076 ;   r0x1000
                      00077 ;   STK00
                      00078 ;   r0x1001
                      00079 ;   r0x1002
                      00080 ;   r0x1003
                      00081 ;   r0x1004
                      00082 ;   r0x1005
                      00083 ;   r0x1006
                      00084 ;; Starting pCode block
                      00085 ;;[ICODE] ../libsdcc/_moduchar.c:30:  _entry($12) :
                      00086 ;;[ICODE] ../libsdcc/_moduchar.c:30:    proc __moduchar [k1 lr0:0 so:0]{ ia0 a2p0 re0 rm0 nos0 ru0 dp0}{unsigned-char function ( unsigned-char fixed, unsigned-char fixed) fixed}
0000                  00087 __moduchar      ;Function start
                      00088 ; 2 exit points
                      00089 ;;[ICODE] ../libsdcc/_moduchar.c:30: iTemp0 [k2 lr3:33 so:0]{ ia0 a2p0 re1 rm0 nos0 ru0 dp0}{unsigned-char fixed}{ sir@ __moduchar_a_1_1}[r0x1000 ] = recv __moduchar [k1 lr0:0 so:0]{ ia0 a2p0 re0 rm0 nos0 ru0 dp0}{unsigned-char function ( unsigned-char fixed, unsigned-char fixed) fixed}
                      00090 ;       .line   30; "../libsdcc/_moduchar.c"    _moduchar (unsigned char a, unsigned char b)
0000   5600           00091         MOVRA   r0x1000
                      00092 ;;[ICODE] ../libsdcc/_moduchar.c:30: iTemp1 [k4 lr4:31 so:0]{ ia0 a2p0 re1 rm0 nos0 ru0 dp0}{unsigned-char fixed}{ sir@ __moduchar_b_1_1}[r0x1001 ] = recv __moduchar [k1 lr0:0 so:0]{ ia0 a2p0 re0 rm0 nos0 ru0 dp0}{unsigned-char function ( unsigned-char fixed, unsigned-char fixed) fixed}
0001   5800           00093         MOVAR   STK00
0002   5600           00094         MOVRA   r0x1001
                      00095 ;;[ICODE] ../libsdcc/_moduchar.c:35:    if iTemp1 [k4 lr4:31 so:0]{ ia0 a2p0 re1 rm0 nos0 ru0 dp0}{unsigned-char fixed}{ sir@ __moduchar_b_1_1}[r0x1001 ] != 0 goto preHeaderLbl0($15)
                      00096 ;       .line   35; "../libsdcc/_moduchar.c"    if (!b) return (unsigned char)-1;
0003   3C00           00097         MOVAI   0x00
0004   5C00           00098         ORAR    r0x1001
0005   E5B7           00099         JBSET   STATUS,2
0006   A000           00100         GOTO    _00119_DS_
                      00101 ;;[ICODE] ../libsdcc/_moduchar.c:35:    ret 0xff {unsigned-char literal}
0007   3CFF           00102         MOVAI   0xff
0008   A000           00103         GOTO    _00115_DS_
                      00104 ;;[ICODE] ../libsdcc/_moduchar.c:39:  preHeaderLbl0($15) :
                      00105 ;;[ICODE] ../libsdcc/_moduchar.c:39:    iTemp6 [k11 lr8:19 so:0]{ ia0 a2p0 re0 rm0 nos0 ru0 dp0}{unsigned-char fixed}{ sir@ __moduchar_count_1_2}[r0x1002 ] := 0x1 {const-unsigned-char literal}
0009                  00106 _00119_DS_
                      00107 ;       .line   39; "../libsdcc/_moduchar.c"    while (!(b & (1UL << (8*sizeof(unsigned char)-1)))) {
0009   3C01           00108         MOVAI   0x01
000A   5600           00109         MOVRA   r0x1002
                      00110 ;;[ICODE] ../libsdcc/_moduchar.c:39:  _whilecontinue_0($3) :
                      00111 ;;[ICODE] ../libsdcc/_moduchar.c:39:    iTemp3 [k8 lr11:12 so:0]{ ia0 a2p0 re0 rm0 nos0 ru0 dp0}{unsigned-long-int register}[r0x1003 r0x1004 r0x1005 r0x1006 ] = (unsigned-long-int register)iTemp1 [k4 lr4:31 so:0]{ ia0 a2p0 re1 rm0 nos0 ru0 dp0}{unsigned-char fixed}{ sir@ __moduchar_b_1_1}[r0x1001 ]
000B                  00112 _00107_DS_
000B   5800           00113         MOVAR   r0x1001
000C   5600           00114         MOVRA   r0x1003
                      00115 ;;1     CLRR    r0x1004
                      00116 ;;1     CLRR    r0x1005
                      00117 ;;1     CLRR    r0x1006
                      00118 ;;[ICODE] ../libsdcc/_moduchar.c:39:    iTemp4 [k9 lr12:13 so:0]{ ia0 a2p0 re0 rm0 nos0 ru0 dp0}{unsigned-long-int register} = iTemp3 [k8 lr11:12 so:0]{ ia0 a2p0 re0 rm0 nos0 ru0 dp0}{unsigned-long-int register}[r0x1003 r0x1004 r0x1005 r0x1006 ] & 0x80 {unsigned-long-int literal}
000D   FE00           00119         JBCLR   r0x1003,7
000E   A000           00120         GOTO    _00112_DS_
                      00121 ;;[ICODE] ../libsdcc/_moduchar.c:39:    if iTemp4 [k9 lr12:13 so:0]{ ia0 a2p0 re0 rm0 nos0 ru0 dp0}{unsigned-long-int register} != 0 goto preHeaderLbl1($18)
                      00122 ;;[ICODE] ../libsdcc/_moduchar.c:40:    iTemp1 [k4 lr4:31 so:0]{ ia0 a2p0 re1 rm0 nos0 ru0 dp0}{unsigned-char fixed}{ sir@ __moduchar_b_1_1}[r0x1001 ] = iTemp1 [k4 lr4:31 so:0]{ ia0 a2p0 re1 rm0 nos0 ru0 dp0}{unsigned-char fixed}{ sir@ __moduchar_b_1_1}[r0x1001 ] << 0x1 {const-unsigned-char literal}
                      00123 ;       .line   40; "../libsdcc/_moduchar.c"    b <<= 1;
000F   D1B7           00124         BCLR    STATUS,0
0010   5200           00125         RLR     r0x1001
                      00126 ;;[ICODE] ../libsdcc/_moduchar.c:41:    iTemp6 [k11 lr8:19 so:0]{ ia0 a2p0 re0 rm0 nos0 ru0 dp0}{unsigned-char fixed}{ sir@ __moduchar_count_1_2}[r0x1002 ] = iTemp6 [k11 lr8:19 so:0]{ ia0 a2p0 re0 rm0 nos0 ru0 dp0}{unsigned-char fixed}{ sir@ __moduchar_count_1_2}[r0x1002 ] + 0x1 {const-unsigned-char literal}
                      00127 ;       .line   41; "../libsdcc/_moduchar.c"    ++count;
0011   6600           00128         INCR    r0x1002
                      00129 ;;[ICODE] ../libsdcc/_moduchar.c:41:     goto _whilecontinue_0($3)
0012   A000           00130         GOTO    _00107_DS_
                      00131 ;;[ICODE] ../libsdcc/_moduchar.c:45:  preHeaderLbl1($18) :
                      00132 ;;[ICODE] ../libsdcc/_moduchar.c:45:    iTemp10 [k15 lr19:31 so:0]{ ia0 a2p0 re0 rm0 nos0 ru0 dp0}{unsigned-char fixed}{ sir@ __moduchar_count_1_2}[r0x1002 ] := iTemp6 [k11 lr8:19 so:0]{ ia0 a2p0 re0 rm0 nos0 ru0 dp0}{unsigned-char fixed}{ sir@ __moduchar_count_1_2}[r0x1002 ]
                      00133 ;;[ICODE] ../libsdcc/_moduchar.c:45:  _whilecontinue_1($8) :
                      00134 ;;[ICODE] ../libsdcc/_moduchar.c:45:    if iTemp10 [k15 lr19:31 so:0]{ ia0 a2p0 re0 rm0 nos0 ru0 dp0}{unsigned-char fixed}{ sir@ __moduchar_count_1_2}[r0x1002 ] == 0 goto _whilebreak_1($10)
0013                  00135 _00112_DS_
                      00136 ;       .line   45; "../libsdcc/_moduchar.c"    while (count) {
0013   3C00           00137         MOVAI   0x00
0014   5C00           00138         ORAR    r0x1002
0015   F5B7           00139         JBCLR   STATUS,2
0016   A000           00140         GOTO    _00114_DS_
                      00141 ;;[ICODE] ../libsdcc/_moduchar.c:46:    iTemp7 [k12 lr23:24 so:0]{ ia0 a2p0 re0 rm0 nos0 ru0 dp0}{char fixed} = iTemp0 [k2 lr3:33 so:0]{ ia0 a2p0 re1 rm0 nos0 ru0 dp0}{unsigned-char fixed}{ sir@ __moduchar_a_1_1}[r0x1000 ] < iTemp1 [k4 lr4:31 so:0]{ ia0 a2p0 re1 rm0 nos0 ru0 dp0}{unsigned-char fixed}{ sir@ __moduchar_b_1_1}[r0x1001 ]
                      00142 ;       .line   46; "../libsdcc/_moduchar.c"    if (a >= b) {
0017   5800           00143         MOVAR   r0x1001
0018   4800           00144         RSUBAR  r0x1000
0019   E1B7           00145         JBSET   STATUS,0
001A   A000           00146         GOTO    _00111_DS_
                      00147 ;;genSkipc:3192: created from rifx:00CC608C
                      00148 ;;[ICODE] ../libsdcc/_moduchar.c:46:    if iTemp7 [k12 lr23:24 so:0]{ ia0 a2p0 re0 rm0 nos0 ru0 dp0}{char fixed} != 0 goto _iffalse_1($7)
                      00149 ;;[ICODE] ../libsdcc/_moduchar.c:47:    iTemp0 [k2 lr3:33 so:0]{ ia0 a2p0 re1 rm0 nos0 ru0 dp0}{unsigned-char fixed}{ sir@ __moduchar_a_1_1}[r0x1000 ] = iTemp0 [k2 lr3:33 so:0]{ ia0 a2p0 re1 rm0 nos0 ru0 dp0}{unsigned-char fixed}{ sir@ __moduchar_a_1_1}[r0x1000 ] - iTemp1 [k4 lr4:31 so:0]{ ia0 a2p0 re1 rm0 nos0 ru0 dp0}{unsigned-char fixed}{ sir@ __moduchar_b_1_1}[r0x1001 ]
                      00150 ;       .line   47; "../libsdcc/_moduchar.c"    a -= b;
001B   5800           00151         MOVAR   r0x1001
001C   4A00           00152         RSUBRA  r0x1000
                      00153 ;;[ICODE] ../libsdcc/_moduchar.c:47:  _iffalse_1($7) :
                      00154 ;;[ICODE] ../libsdcc/_moduchar.c:49:    iTemp1 [k4 lr4:31 so:0]{ ia0 a2p0 re1 rm0 nos0 ru0 dp0}{unsigned-char fixed}{ sir@ __moduchar_b_1_1}[r0x1001 ] = iTemp1 [k4 lr4:31 so:0]{ ia0 a2p0 re1 rm0 nos0 ru0 dp0}{unsigned-char fixed}{ sir@ __moduchar_b_1_1}[r0x1001 ] >> 0x1 {const-unsigned-char literal}
                      00155 ;;shiftRight_Left2ResultLit:5213: shCount=1, size=1, sign=0, same=1, offr=0
001D                  00156 _00111_DS_
                      00157 ;       .line   49; "../libsdcc/_moduchar.c"    b >>= 1;
001D   D1B7           00158         BCLR    STATUS,0
001E   4E00           00159         RRR     r0x1001
                      00160 ;;[ICODE] ../libsdcc/_moduchar.c:50:    iTemp10 [k15 lr19:31 so:0]{ ia0 a2p0 re0 rm0 nos0 ru0 dp0}{unsigned-char fixed}{ sir@ __moduchar_count_1_2}[r0x1002 ] = iTemp10 [k15 lr19:31 so:0]{ ia0 a2p0 re0 rm0 nos0 ru0 dp0}{unsigned-char fixed}{ sir@ __moduchar_count_1_2}[r0x1002 ] - 0x1 {const-unsigned-char literal}
                      00161 ;       .line   50; "../libsdcc/_moduchar.c"    --count;
001F   6E00           00162         DECR    r0x1002
                      00163 ;;[ICODE] ../libsdcc/_moduchar.c:50:     goto _whilecontinue_1($8)
0020   A000           00164         GOTO    _00112_DS_
                      00165 ;;[ICODE] ../libsdcc/_moduchar.c:50:  _whilebreak_1($10) :
                      00166 ;;[ICODE] ../libsdcc/_moduchar.c:53:    ret iTemp0 [k2 lr3:33 so:0]{ ia0 a2p0 re1 rm0 nos0 ru0 dp0}{unsigned-char fixed}{ sir@ __moduchar_a_1_1}[r0x1000 ]
0021                  00167 _00114_DS_
                      00168 ;       .line   53; "../libsdcc/_moduchar.c"    return a;
0021   5800           00169         MOVAR   r0x1000
                      00170 ;;[ICODE] ../libsdcc/_moduchar.c:53:  _return($11) :
                      00171 ;;[ICODE] ../libsdcc/_moduchar.c:53:    eproc __moduchar [k1 lr0:0 so:0]{ ia0 a2p0 re0 rm0 nos0 ru0 dp0}{unsigned-char function ( unsigned-char fixed, unsigned-char fixed) fixed}
0022                  00172 _00115_DS_
0022   000C           00173         RETURN  
                      00174 ; exit point of __moduchar
                      00175 
                      00176 
                      00177 ;       code size estimation:
                      00178 ;          35+    0 =    35 instructions (   70 byte)
                      00179 
                      00180         end
gpasm-2.0.0_beta2 (Aug 27 2017)_moduchar.asm      2017-9-12  18:09:55          PAGE  2


SYMBOL TABLE
  LABEL                             VALUE

ADCR0                             000001EC
ADCR1                             000001ED
ADEOC                             00000001
ADIE                              00000006
ADIF                              00000006
ADIOS0                            00000000
ADIOS1                            00000001
ADIOS3                            00000003
ADIOS4                            00000004
ADIOS5                            00000005
ADIOS7                            00000007
ADOIS2                            00000002
ADOIS6                            00000006
ADON                              00000000
ADRH                              000001EE
ADRL                              000001EF
BUZ0OE                            00000005
BUZ1OE                            00000005
C                                 00000000
CLKS                              00000002
DC                                00000001
FSR                               000001B4
FSR0                              000001B4
FSR1                              000001B5
GIE                               00000007
HAAS                              00000006
HBB                               00000005
HCF                               00000007
HEN                               00000001
HFEN                              00000000
HIBYTE                            000001B3
HTX                               00000004
I2CADDR                           000001F1
I2CCR                             000001F0
I2CDATA                           000001F2
I2CIE                             00000005
I2CIF                             00000005
INDF                              000001B0
INDF0                             000001B0
INDF1                             000001B1
INDF2                             000001B2
INDF3                             000001B9
INT0IE                            00000002
INT0IF                            00000002
INT1IE                            00000003
INT1IF                            00000003
INTE                              000001BA
INTF                              000001BB
IOP0                              000001C0
IOP1                              000001C4
IOP2                              000001C8
IOP3                              000001CC
LFEN                              00000001
MCR                               000001B8
OEP0                              000001C1
OEP1                              000001C5
OEP2                              000001C9
OEP3                              000001CD
OSCM                              000001BC
P00                               00000000
P00OE                             00000000
P00PU                             00000000
P01                               00000001
P01OE                             00000001
P01PU                             00000001
P02                               00000002
P02OE                             00000002
P02PU                             00000002
P03                               00000003
P03OE                             00000003
P03PU                             00000003
P04                               00000004
P04OE                             00000004
P04PU                             00000004
P05                               00000005
P05OE                             00000005
P05PU                             00000005
P06                               00000006
P06OE                             00000006
P07                               00000007
P07OE                             00000007
P10                               00000000
P10OE                             00000000
P10PU                             00000000
P11                               00000001
P11OE                             00000001
P11PU                             00000001
P12                               00000002
P12OE                             00000002
P12PU                             00000002
P13                               00000003
P13OE                             00000003
P13PU                             00000003
P14                               00000004
P14OE                             00000004
P14PU                             00000004
P15                               00000005
P15OE                             00000005
P15PU                             00000005
P16                               00000006
P16OE                             00000006
P16PU                             00000006
P17                               00000007
P17OE                             00000007
P17PU                             00000007
P20                               00000000
P20OE                             00000000
P20PU                             00000000
P21                               00000001
P21OE                             00000001
P21PU                             00000001
P22                               00000002
P22OE                             00000002
P22PU                             00000002
P23                               00000003
P23OE                             00000003
P23PU                             00000003
P24                               00000004
P24OE                             00000004
P24PU                             00000004
P25                               00000005
P25OE                             00000005
P25PU                             00000005
P26                               00000006
P26OE                             00000006
P26PU                             00000006
P27                               00000007
P27OE                             00000007
P27PU                             00000007
P30                               00000000
P30OE                             00000000
P30PU                             00000000
P31                               00000001
P31OE                             00000001
P31PU                             00000001
PCL                               000001B6
PD                                00000004
PSAVE                             00000000
PUP0                              000001C2
PUP1                              000001C6
PUP2                              000001CA
PUP3                              000001CE
PWM0OE                            00000006
PWM1OE                            00000006
RXAK                              00000000
SRW                               00000002
SSAVE                             00000000
STATUS                            000001B7
STBH                              00000004
STBL                              00000005
STK00                             00000000
STK01                             00000000
STK02                             00000000
STK03                             00000000
STK04                             00000000
STK05                             00000000
STK06                             00000000
STK07                             00000000
STK08                             00000000
STK09                             00000000
STK10                             00000000
STK11                             00000000
STK12                             00000000
T0CNT                             000001D1
T0CR                              000001D0
T0DATA                            000001D3
T0IE                              00000000
T0IF                              00000000
T0LOAD                            000001D2
T1CNT                             000001D5
T1CR                              000001D4
T1DATA                            000001D7
T1IE                              00000001
T1IF                              00000001
T1LOAD                            000001D6
T2CNTH                            000001D9
T2CNTL                            000001DA
T2CR                              000001D8
T2IE                              00000004
T2IF                              00000004
T2LOADH                           000001DB
T2LOADL                           000001DC
T2MOD                             00000005
TC0EN                             00000007
TC1EN                             00000007
TC2EN                             00000007
TK0CLR                            00000003
TK0CNTH                           000001E2
TK0CNTL                           000001E3
TK0CRH                            000001E0
TK0CRL                            000001E1
TK0IE                             00000006
TK0IF                             00000007
TK0JE                             00000005
TK0RCE                            00000004
TK1CLR                            00000003
TK1CNTH                           000001E6
TK1CNTL                           000001E7
TK1CRH                            000001E4
TK1CRL                            000001E5
TK1IE                             00000006
TK1IF                             00000007
TK1JE                             00000005
TK1RCE                            00000004
TK2CLR                            00000003
TK2CNTH                           000001EA
TK2CNTL                           000001EB
TK2CRH                            000001E8
TK2CRL                            000001E9
TK2IE                             00000006
TK2IF                             00000007
TK2JE                             00000005
TK2RCE                            00000004
TO                                00000005
TXAK                              00000003
WSAVE                             00000000
Z                                 00000002
_00107_DS_                        0000000B
_00111_DS_                        0000001D
_00112_DS_                        00000013
_00114_DS_                        00000021
_00115_DS_                        00000022
_00119_DS_                        00000009
_CONFIG0                          00008000
_CONFIG1                          00008001
_CP_ALL                           00007FFF
_FCPU_128T                        0000FFEF
_FCPU_16T                         0000FFBF
_FCPU_256T                        0000FFFF
_FCPU_2T                          0000FF8F
_FCPU_32T                         0000FFCF
_FCPU_4T                          0000FF9F
_FCPU_64T                         0000FFDF
_FCPU_8T                          0000FFAF
_HRC_LRC                          0000FCFF
_HRC_LXT                          0000FDFF
_HXT_LRC                          0000FEFF
_MCLR_OFF                         0000FF7F
_MCLR_ON                          0000FFFF
_PTWRT_16_1024                    0000FFF7
_PTWRT_16_16                      0000DFF7
_PTWRT_256_256                    0000DFFF
_PTWRT_256_4096                   0000FFFF
_PTWRT_4_4                        0000DFF3
_PTWRT_4_512                      0000FFF3
_PTWRT_64_2048                    0000FFFB
_PTWRT_64_64                      0000DFFB
_VLVR_160                         0000E3FF
_VLVR_185                         0000E7FF
_VLVR_205                         0000EBFF
_VLVR_218                         0000EFFF
_VLVR_232                         0000F3FF
_VLVR_245                         0000F7FF
_VLVR_305                         0000FBFF
_VLVR_360                         0000FFFF
_WDT_ALWAYS_OFF                   0000FFFC
_WDT_ALWAYS_ON                    0000FFFF
_WDT_SLEEP_OFF                    0000FFFD
__32P64                           00000001
__moduchar                        00000000
r0x1000                           00000000
r0x1001                           00000001
r0x1002                           00000002
r0x1003                           00000003

Errors   :     0
Warnings :     0 reported,     0 suppressed
Messages :     0 reported,     0 suppressed

