gpasm-2.0.0_beta2 (Nov  6 2017)fs2uint.asm        2017-12-7  13:58:38          PAGE  1


LOC  OBJECT CODE     LINE SOURCE TEXT
  VALUE

                      00001 ;--------------------------------------------------------
                      00002 ; File Created by SN-SDCC : SinoMCU ANSI-C Compiler
                      00003 ; Version 1.0.0 (Sep 28 2017) (MINGW32)
                      00004 ; This file was generated Thu Dec 07 13:58:38 2017
                      00005 ;--------------------------------------------------------
                      00006 ; MC30/MC32 port for the RISC core
                      00007 ;--------------------------------------------------------
                      00008 ;       .file   "../libsdcc/fs2uint.c"
                      00009         list    p=3264
                      00010         radix dec
                      00011         include "3264.inc"
                      00001                 LIST
                      00002 ;mc32p64.inc    Standard Header File, Version 1.00 by Sinomcu
                      00374                 LIST
                      00012 ;--------------------------------------------------------
                      00013 ; external declarations
                      00014 ;--------------------------------------------------------
                      00015         extern  ___uchar2fs
                      00016         extern  ___schar2fs
                      00017         extern  ___uint2fs
                      00018         extern  ___sint2fs
                      00019         extern  ___ulong2fs
                      00020         extern  ___slong2fs
                      00021         extern  ___fs2uchar
                      00022         extern  ___fs2schar
                      00023         extern  ___fs2sint
                      00024         extern  ___fs2slong
                      00025         extern  ___fsadd
                      00026         extern  ___fssub
                      00027         extern  ___fsmul
                      00028         extern  ___fsdiv
                      00029         extern  ___fslt
                      00030         extern  ___fseq
                      00031         extern  ___fsneq
                      00032         extern  ___fsgt
                      00033         extern  ___fs2ulong
                      00034 
                      00035         extern STK06
                      00036         extern STK05
                      00037         extern STK04
                      00038         extern STK03
                      00039         extern STK02
                      00040         extern STK01
                      00041         extern STK00
                      00042 ;--------------------------------------------------------
                      00043 ; global declarations
                      00044 ;--------------------------------------------------------
                      00045         global  ___fs2uint
                      00046 
                      00047 ;--------------------------------------------------------
                      00048 ; global definitions
                      00049 ;--------------------------------------------------------
                      00050 ;--------------------------------------------------------
                      00051 ; absolute symbol definitions
                      00052 ;--------------------------------------------------------
                      00053 ;--------------------------------------------------------
                      00054 ; compiler-defined variables
                      00055 ;--------------------------------------------------------
                      00056 UDL_fs2uint_0   udata
0000                  00057 r0x1003 res     1
0000                  00058 r0x1002 res     1
0001                  00059 r0x1001 res     1
0001                  00060 r0x1000 res     1
                      00061 ;--------------------------------------------------------
                      00062 ; initialized data
                      00063 ;--------------------------------------------------------
                      00064 
                      00065 ;@Allocation info for local variables in function '__fs2uint'
                      00066 ;@__fs2uint __uchar2fs                Allocated to registers ;size:2
                      00067 ;@__fs2uint __schar2fs                Allocated to registers ;size:2
                      00068 ;@__fs2uint __uint2fs                 Allocated to registers ;size:2
                      00069 ;@__fs2uint __sint2fs                 Allocated to registers ;size:2
                      00070 ;@__fs2uint __ulong2fs                Allocated to registers ;size:2
                      00071 ;@__fs2uint __slong2fs                Allocated to registers ;size:2
                      00072 ;@__fs2uint __fs2uchar                Allocated to registers ;size:2
                      00073 ;@__fs2uint __fs2schar                Allocated to registers ;size:2
                      00074 ;@__fs2uint __fs2sint                 Allocated to registers ;size:2
                      00075 ;@__fs2uint __fs2slong                Allocated to registers ;size:2
                      00076 ;@__fs2uint __fsadd                   Allocated to registers ;size:2
                      00077 ;@__fs2uint __fssub                   Allocated to registers ;size:2
                      00078 ;@__fs2uint __fsmul                   Allocated to registers ;size:2
                      00079 ;@__fs2uint __fsdiv                   Allocated to registers ;size:2
                      00080 ;@__fs2uint __fslt                    Allocated to registers ;size:2
                      00081 ;@__fs2uint __fseq                    Allocated to registers ;size:2
                      00082 ;@__fs2uint __fsneq                   Allocated to registers ;size:2
                      00083 ;@__fs2uint __fsgt                    Allocated to registers ;size:2
                      00084 ;@__fs2uint __fs2ulong                Allocated to registers ;size:2
                      00085 ;@__fs2uint f                         Allocated to registers r0x1003 r0x1002 r0x1001 r0x1000 ;size:4
                      00086 ;@__fs2uint ul                        Allocated to registers r0x1003 r0x1002 r0x1001 r0x1000 ;size:4
                      00087 ;@end Allocation info for local variables in function '__fs2uint';
                      00088 
                      00089 ;--------------------------------------------------------
                      00090 ; overlayable items in internal ram 
                      00091 ;--------------------------------------------------------
                      00092 ;       udata_ovr
                      00093 ;--------------------------------------------------------
                      00094 ; code
                      00095 ;--------------------------------------------------------
                      00096 code_fs2uint    code
                      00097 ;***
                      00098 ;  pBlock Stats: dbName = C
                      00099 ;***
                      00100 ;entry:  ___fs2uint     ;Function start
                      00101 ; 2 exit points
                      00102 ;has an exit
                      00103 ;functions called:
                      00104 ;   ___fs2ulong
                      00105 ;   ___fs2ulong
                      00106 ;9 compiler assigned registers:
                      00107 ;   r0x1000
                      00108 ;   STK00
                      00109 ;   r0x1001
                      00110 ;   STK01
                      00111 ;   r0x1002
                      00112 ;   STK02
                      00113 ;   r0x1003
                      00114 ;   r0x1004
                      00115 ;   r0x1005
                      00116 ;; Starting pCode block
                      00117 ;;[ICODE] ../libsdcc/fs2uint.c:35:  _entry($4) :
                      00118 ;;[ICODE] ../libsdcc/fs2uint.c:35:      proc ___fs2uint [k1 lr0:0 so:0]{ ia0 a2p0 re0 rm0 nos0 ru0 dp0}{unsigned-int function ( float fixed) fixed}
0000                  00119 ___fs2uint      ;Function start
                      00120 ; 2 exit points
                      00121 ;;[ICODE] ../libsdcc/fs2uint.c:35: iTemp0 [k2 lr3:4 so:0]{ ia0 a2p0 re1 rm0 nos0 ru1 dp0}{float fixed}{ sir@ ___fs2uint_f_1_22}[r0x1000 r0x1001 r0x1002 r0x1003 ] = recv ___fs2uint [k1 lr0:0 so:0]{ ia0 a2p0 re0 rm0 nos0 ru0 dp0}{unsigned-int function ( float fixed) fixed}
                      00122 ;       .line   35; "../libsdcc/fs2uint.c"      unsigned int __fs2uint (float f) _FS_REENTRANT
0000   5600           00123         MOVRA   r0x1000
0001   5800           00124         MOVAR   STK00
0002   5600           00125         MOVRA   r0x1001
0003   5800           00126         MOVAR   STK01
0004   5600           00127         MOVRA   r0x1002
0005   5800           00128         MOVAR   STK02
0006   5600           00129         MOVRA   r0x1003
                      00130 ;;[ICODE] ../libsdcc/fs2uint.c:37:      send iTemp0 [k2 lr3:4 so:0]{ ia0 a2p0 re1 rm0 nos0 ru1 dp0}{float fixed}{ sir@ ___fs2uint_f_1_22}[r0x1000 r0x1001 r0x1002 r0x1003 ]{argreg = 1}
                      00131 ;;[ICODE] ../libsdcc/fs2uint.c:37:      iTemp1 [k4 lr5:11 so:0]{ ia0 a2p0 re1 rm0 nos0 ru0 dp0}{unsigned-long-int fixed}{ sir@ ___fs2uint_ul_1_23}[r0x1000 r0x1001 r0x1002 r0x1003 ] = call ___fs2ulong [k6 lr0:0 so:0]{ ia0 a2p0 re0 rm0 nos0 ru0 dp0}{unsigned-long-int function ( float fixed) fixed}
                      00132 ;       .line   37; "../libsdcc/fs2uint.c"      unsigned long ul=__fs2ulong(f);
0007   5800           00133         MOVAR   r0x1003
0008   5600           00134         MOVRA   STK02
0009   5800           00135         MOVAR   r0x1002
000A   5600           00136         MOVRA   STK01
000B   5800           00137         MOVAR   r0x1001
000C   5600           00138         MOVRA   STK00
000D   5800           00139         MOVAR   r0x1000
000E   8000           00140         CALL    ___fs2ulong
000F   5600           00141         MOVRA   r0x1000
0010   5800           00142         MOVAR   STK00
0011   5600           00143         MOVRA   r0x1001
0012   5800           00144         MOVAR   STK01
0013   5600           00145         MOVRA   r0x1002
0014   5800           00146         MOVAR   STK02
0015   5600           00147         MOVRA   r0x1003
                      00148 ;;[ICODE] ../libsdcc/fs2uint.c:38:      iTemp3 [k9 lr7:8 so:0]{ ia0 a2p0 re0 rm0 nos0 ru0 dp0}{char fixed} = iTemp1 [k4 lr5:11 so:0]{ ia0 a2p0 re1 rm0 nos0 ru0 dp0}{unsigned-long-int fixed}{ sir@ ___fs2uint_ul_1_23}[r0x1000 r0x1001 r0x1002 r0x1003 ] < 0xffff {unsigned-long-int literal}
                      00149 ;;unsigned compare: left < lit(0xFFFF=65535), size=4
                      00150 ;       .line   38; "../libsdcc/fs2uint.c"      if (ul>=UINT_MAX) return UINT_MAX;
0016   3C00           00151         MOVAI   0x00
0017   4800           00152         RSUBAR  r0x1000
0018   E5B7           00153         JBSET   STATUS,2
0019   A000           00154         GOTO    _00111_DS_
001A   3C00           00155         MOVAI   0x00
001B   4800           00156         RSUBAR  r0x1001
001C   E5B7           00157         JBSET   STATUS,2
001D   A000           00158         GOTO    _00111_DS_
001E   3CFF           00159         MOVAI   0xff
001F   4800           00160         RSUBAR  r0x1002
0020   E5B7           00161         JBSET   STATUS,2
0021   A000           00162         GOTO    _00111_DS_
0022   3CFF           00163         MOVAI   0xff
0023   4800           00164         RSUBAR  r0x1003
0024                  00165 _00111_DS_
0024   E1B7           00166         JBSET   STATUS,0
0025   A000           00167         GOTO    _00106_DS_
                      00168 ;;genSkipc:3194: created from rifx:00D5608C
                      00169 ;;[ICODE] ../libsdcc/fs2uint.c:38:      if iTemp3 [k9 lr7:8 so:0]{ ia0 a2p0 re0 rm0 nos0 ru0 dp0}{char fixed} != 0 goto _iffalse_0($2)
                      00170 ;;[ICODE] ../libsdcc/fs2uint.c:38:      ret 0xffff {const-unsigned-int literal}
0026   3CFF           00171         MOVAI   0xff
0027   5600           00172         MOVRA   STK00
0028   3CFF           00173         MOVAI   0xff
0029   A000           00174         GOTO    _00107_DS_
                      00175 ;;[ICODE] ../libsdcc/fs2uint.c:38:  _iffalse_0($2) :
                      00176 ;;[ICODE] ../libsdcc/fs2uint.c:39:      iTemp4 [k10 lr11:12 so:0]{ ia0 a2p0 re0 rm0 nos0 ru1 dp0}{unsigned-int fixed}[r0x1004 r0x1005 ] = (unsigned-int fixed)iTemp1 [k4 lr5:11 so:0]{ ia0 a2p0 re1 rm0 nos0 ru0 dp0}{unsigned-long-int fixed}{ sir@ ___fs2uint_ul_1_23}[r0x1000 r0x1001 r0x1002 r0x1003 ]
                      00177 ;;101   MOVAR   r0x1003
                      00178 ;;99    MOVRA   r0x1004
                      00179 ;;104   MOVAR   r0x1002
                      00180 ;;102   MOVRA   r0x1005
                      00181 ;;[ICODE] ../libsdcc/fs2uint.c:39:      ret iTemp4 [k10 lr11:12 so:0]{ ia0 a2p0 re0 rm0 nos0 ru1 dp0}{unsigned-int fixed}[r0x1004 r0x1005 ]
                      00182 ;;100   MOVAR   r0x1004
002A                  00183 _00106_DS_
                      00184 ;       .line   39; "../libsdcc/fs2uint.c"      return ul;
002A   5800           00185         MOVAR   r0x1003
002B   5600           00186         MOVRA   STK00
                      00187 ;;103   MOVAR   r0x1005
002C   5800           00188         MOVAR   r0x1002
                      00189 ;;[ICODE] ../libsdcc/fs2uint.c:39:  _return($3) :
                      00190 ;;[ICODE] ../libsdcc/fs2uint.c:39:      eproc ___fs2uint [k1 lr0:0 so:0]{ ia0 a2p0 re0 rm0 nos0 ru0 dp0}{unsigned-int function ( float fixed) fixed}
002D                  00191 _00107_DS_
002D   000C           00192         RETURN  
                      00193 ; exit point of ___fs2uint
                      00194 
                      00195 
                      00196 ;       code size estimation:
                      00197 ;          46+    0 =    46 instructions (   92 byte)
                      00198 
                      00199         end
gpasm-2.0.0_beta2 (Nov  6 2017)fs2uint.asm        2017-12-7  13:58:38          PAGE  2


SYMBOL TABLE
  LABEL                             VALUE

ADCR0                             000001EC
ADCR1                             000001ED
ADEOC                             00000001
ADIE                              00000006
ADIF                              00000006
ADIOS0                            00000000
ADIOS1                            00000001
ADIOS3                            00000003
ADIOS4                            00000004
ADIOS5                            00000005
ADIOS7                            00000007
ADOIS2                            00000002
ADOIS6                            00000006
ADON                              00000000
ADRH                              000001EE
ADRL                              000001EF
BUZ0OE                            00000005
BUZ1OE                            00000005
C                                 00000000
CLKS                              00000002
DC                                00000001
FSR                               000001B4
FSR0                              000001B4
FSR1                              000001B5
GIE                               00000007
HAAS                              00000006
HBB                               00000005
HCF                               00000007
HEN                               00000001
HFEN                              00000000
HIBYTE                            000001B3
HTX                               00000004
I2CADDR                           000001F1
I2CCR                             000001F0
I2CDATA                           000001F2
I2CIE                             00000005
I2CIF                             00000005
INDF                              000001B0
INDF0                             000001B0
INDF1                             000001B1
INDF2                             000001B2
INDF3                             000001B9
INT0IE                            00000002
INT0IF                            00000002
INT1IE                            00000003
INT1IF                            00000003
INTE                              000001BA
INTF                              000001BB
IOP0                              000001C0
IOP1                              000001C4
IOP2                              000001C8
IOP3                              000001CC
LFEN                              00000001
MCR                               000001B8
OEP0                              000001C1
OEP1                              000001C5
OEP2                              000001C9
OEP3                              000001CD
OSCM                              000001BC
P00                               00000000
P00OE                             00000000
P00PU                             00000000
P01                               00000001
P01OE                             00000001
P01PU                             00000001
P02                               00000002
P02OE                             00000002
P02PU                             00000002
P03                               00000003
P03OE                             00000003
P03PU                             00000003
P04                               00000004
P04OE                             00000004
P04PU                             00000004
P05                               00000005
P05OE                             00000005
P05PU                             00000005
P06                               00000006
P06OE                             00000006
P07                               00000007
P07OE                             00000007
P10                               00000000
P10OE                             00000000
P10PU                             00000000
P11                               00000001
P11OE                             00000001
P11PU                             00000001
P12                               00000002
P12OE                             00000002
P12PU                             00000002
P13                               00000003
P13OE                             00000003
P13PU                             00000003
P14                               00000004
P14OE                             00000004
P14PU                             00000004
P15                               00000005
P15OE                             00000005
P15PU                             00000005
P16                               00000006
P16OE                             00000006
P16PU                             00000006
P17                               00000007
P17OE                             00000007
P17PU                             00000007
P20                               00000000
P20OE                             00000000
P20PU                             00000000
P21                               00000001
P21OE                             00000001
P21PU                             00000001
P22                               00000002
P22OE                             00000002
P22PU                             00000002
P23                               00000003
P23OE                             00000003
P23PU                             00000003
P24                               00000004
P24OE                             00000004
P24PU                             00000004
P25                               00000005
P25OE                             00000005
P25PU                             00000005
P26                               00000006
P26OE                             00000006
P26PU                             00000006
P27                               00000007
P27OE                             00000007
P27PU                             00000007
P30                               00000000
P30OE                             00000000
P30PU                             00000000
P31                               00000001
P31OE                             00000001
P31PU                             00000001
PCL                               000001B6
PD                                00000004
PUP0                              000001C2
PUP1                              000001C6
PUP2                              000001CA
PUP3                              000001CE
PWM0OE                            00000006
PWM1OE                            00000006
RXAK                              00000000
SRW                               00000002
STATUS                            000001B7
STBH                              00000004
STBL                              00000005
STK00                             00000000
STK01                             00000000
STK02                             00000000
STK03                             00000000
STK04                             00000000
STK05                             00000000
STK06                             00000000
T0CNT                             000001D1
T0CR                              000001D0
T0DATA                            000001D3
T0IE                              00000000
T0IF                              00000000
T0LOAD                            000001D2
T1CNT                             000001D5
T1CR                              000001D4
T1DATA                            000001D7
T1IE                              00000001
T1IF                              00000001
T1LOAD                            000001D6
T2CNTH                            000001D9
T2CNTL                            000001DA
T2CR                              000001D8
T2IE                              00000004
T2IF                              00000004
T2LOADH                           000001DB
T2LOADL                           000001DC
T2MOD                             00000005
TC0EN                             00000007
TC1EN                             00000007
TC2EN                             00000007
TK0CLR                            00000003
TK0CNTH                           000001E2
TK0CNTL                           000001E3
TK0CRH                            000001E0
TK0CRL                            000001E1
TK0IE                             00000006
TK0IF                             00000007
TK0JE                             00000005
TK0RCE                            00000004
TK1CLR                            00000003
TK1CNTH                           000001E6
TK1CNTL                           000001E7
TK1CRH                            000001E4
TK1CRL                            000001E5
TK1IE                             00000006
TK1IF                             00000007
TK1JE                             00000005
TK1RCE                            00000004
TK2CLR                            00000003
TK2CNTH                           000001EA
TK2CNTL                           000001EB
TK2CRH                            000001E8
TK2CRL                            000001E9
TK2IE                             00000006
TK2IF                             00000007
TK2JE                             00000005
TK2RCE                            00000004
TO                                00000005
TXAK                              00000003
Z                                 00000002
_00106_DS_                        0000002A
_00107_DS_                        0000002D
_00111_DS_                        00000024
_CONFIG0                          00008000
_CONFIG1                          00008001
_CP_ALL                           00007FFF
_FCPU_128T                        0000FFEF
_FCPU_16T                         0000FFBF
_FCPU_256T                        0000FFFF
_FCPU_2T                          0000FF8F
_FCPU_32T                         0000FFCF
_FCPU_4T                          0000FF9F
_FCPU_64T                         0000FFDF
_FCPU_8T                          0000FFAF
_HRC_LRC                          0000FCFF
_HRC_LXT                          0000FDFF
_HXT_LRC                          0000FEFF
_MCLR_OFF                         0000FF7F
_MCLR_ON                          0000FFFF
_PTWRT_16_1024                    0000FFF7
_PTWRT_16_16                      0000DFF7
_PTWRT_256_256                    0000DFFF
_PTWRT_256_4096                   0000FFFF
_PTWRT_4_4                        0000DFF3
_PTWRT_4_512                      0000FFF3
_PTWRT_64_2048                    0000FFFB
_PTWRT_64_64                      0000DFFB
_VLVR_160                         0000E3FF
_VLVR_185                         0000E7FF
_VLVR_205                         0000EBFF
_VLVR_218                         0000EFFF
_VLVR_232                         0000F3FF
_VLVR_245                         0000F7FF
_VLVR_305                         0000FBFF
_VLVR_360                         0000FFFF
_WDT_ALWAYS_OFF                   0000FFFC
_WDT_ALWAYS_ON                    0000FFFF
_WDT_SLEEP_OFF                    0000FFFD
__32P64                           00000001
___fs2schar                       00000000
___fs2sint                        00000000
___fs2slong                       00000000
___fs2uchar                       00000000
___fs2uint                        00000000
___fs2ulong                       00000000
___fsadd                          00000000
___fsdiv                          00000000
___fseq                           00000000
___fsgt                           00000000
___fslt                           00000000
___fsmul                          00000000
___fsneq                          00000000
___fssub                          00000000
___schar2fs                       00000000
___sint2fs                        00000000
___slong2fs                       00000000
___uchar2fs                       00000000
___uint2fs                        00000000
___ulong2fs                       00000000
r0x1000                           00000003
r0x1001                           00000002
r0x1002                           00000001
r0x1003                           00000000

Errors   :     0
Warnings :     0 reported,     0 suppressed
Messages :     0 reported,     0 suppressed

