gpasm-2.0.0_beta2 (Aug 27 2017)idata.asm          2017-9-12  18:09:54          PAGE  1


LOC  OBJECT CODE     LINE SOURCE TEXT
  VALUE

                      00001 ;--------------------------------------------------------
                      00002 ; File Created by SN-SDCC : SinoMCU ANSI-C Compiler
                      00003 ; Version 1.0.0 (Sep 11 2017) (MINGW32)
                      00004 ; This file was generated Tue Sep 12 18:09:54 2017
                      00005 ;--------------------------------------------------------
                      00006 ; MC30/MC32 port for the RISC core
                      00007 ;--------------------------------------------------------
                      00008 ;       .file   "../libsdcc/idata.c"
                      00009         list    p=3264
                      00010         radix dec
                      00011         include "3264.inc"
                      00001                 LIST
                      00002 ;mc32p64.inc    Standard Header File, Version 1.00 by Sinomcu
                      00374                 LIST
                      00012 ;--------------------------------------------------------
                      00013 ; external declarations
                      00014 ;--------------------------------------------------------
                      00015         extern  _main
                      00016         extern  _cinit
                      00017         extern  __gptrget2
                      00018         extern  __gptrget1
                      00019 
                      00020         extern PSAVE
                      00021         extern SSAVE
                      00022         extern WSAVE
                      00023         extern STK12
                      00024         extern STK11
                      00025         extern STK10
                      00026         extern STK09
                      00027         extern STK08
                      00028         extern STK07
                      00029         extern STK06
                      00030         extern STK05
                      00031         extern STK04
                      00032         extern STK03
                      00033         extern STK02
                      00034         extern STK01
                      00035         extern STK00
                      00036 ;--------------------------------------------------------
                      00037 ; global declarations
                      00038 ;--------------------------------------------------------
                      00039         global  __sdcc_gsinit_startup
                      00040 
                      00041 ;--------------------------------------------------------
                      00042 ; global definitions
                      00043 ;--------------------------------------------------------
                      00044 ;--------------------------------------------------------
                      00045 ; absolute symbol definitions
                      00046 ;--------------------------------------------------------
                      00047 ;--------------------------------------------------------
                      00048 ; compiler-defined variables
                      00049 ;--------------------------------------------------------
                      00050 UDL_idata_0     udata
0000                  00051 r0x1001 res     1
0000                  00052 r0x1000 res     1
0001                  00053 r0x1002 res     1
0001                  00054 r0x1003 res     1
0002                  00055 r0x1004 res     1
0002                  00056 r0x1005 res     1
0003                  00057 r0x1007 res     1
0003                  00058 r0x1006 res     1
0004                  00059 r0x1009 res     1
0004                  00060 r0x1008 res     1
0005                  00061 r0x100B res     1
0005                  00062 r0x100A res     1
                      00063 ;--------------------------------------------------------
                      00064 ; initialized data
                      00065 ;--------------------------------------------------------
                      00066 
                      00067 ID_idata_0      idata
0000                  00068 _force_cinit
0000                  00069         db      0x00
                      00070 
                      00071 
                      00072 ;@Allocation info for local variables in function '_sdcc_gsinit_startup'
                      00073 ;@_sdcc_gsinit_startup main                      Allocated to registers ;size:2
                      00074 ;@_sdcc_gsinit_startup _sdcc_gsinit_startup      Allocated to registers ;size:2
                      00075 ;@_sdcc_gsinit_startup force_cinit               Allocated to registers ;size:1
                      00076 ;@_sdcc_gsinit_startup num                       Allocated to registers ;size:2
                      00077 ;@_sdcc_gsinit_startup size                      Allocated to registers ;size:2
                      00078 ;@_sdcc_gsinit_startup cptr                      Allocated to registers ;size:2
                      00079 ;@_sdcc_gsinit_startup src                       Allocated to registers ;size:2
                      00080 ;@_sdcc_gsinit_startup dst                       Allocated to registers ;size:2
                      00081 ;@end Allocation info for local variables in function '_sdcc_gsinit_startup';
                      00082 
                      00083 ;--------------------------------------------------------
                      00084 ; overlayable items in internal ram 
                      00085 ;--------------------------------------------------------
                      00086 ;       udata_ovr
                      00087 ;--------------------------------------------------------
                      00088 ; code
                      00089 ;--------------------------------------------------------
                      00090 code_idata      code
                      00091 ;***
                      00092 ;  pBlock Stats: dbName = C
                      00093 ;***
                      00094 ;entry:  __sdcc_gsinit_startup  ;Function start
                      00095 ; 2 exit points
                      00096 ;has an exit
                      00097 ;functions called:
                      00098 ;   __gptrget2
                      00099 ;   __gptrget2
                      00100 ;   __gptrget2
                      00101 ;   __gptrget2
                      00102 ;   __gptrget1
                      00103 ;   __gptrget2
                      00104 ;   __gptrget2
                      00105 ;   __gptrget2
                      00106 ;   __gptrget2
                      00107 ;   __gptrget1
                      00108 ;14 compiler assigned registers:
                      00109 ;   STK01
                      00110 ;   STK00
                      00111 ;   r0x1000
                      00112 ;   r0x1001
                      00113 ;   r0x1002
                      00114 ;   r0x1003
                      00115 ;   r0x1004
                      00116 ;   r0x1005
                      00117 ;   r0x1006
                      00118 ;   r0x1007
                      00119 ;   r0x1008
                      00120 ;   r0x1009
                      00121 ;   r0x100A
                      00122 ;   r0x100B
                      00123 ;; Starting pCode block
                      00124 ;;[ICODE] ../libsdcc/idata.c:68:  _entry($8) :
                      00125 ;;[ICODE] ../libsdcc/idata.c:68:        proc __sdcc_gsinit_startup [k1 lr0:0 so:0]{ ia0 a2p0 re0 rm0 nos0 ru0 dp0}{void function ( ) fixed}
0000                  00126 __sdcc_gsinit_startup   ;Function start
                      00127 ; 2 exit points
                      00128 ;;[ICODE] ../libsdcc/idata.c:75:        iTemp1 [k5 lr3:4 so:0]{ ia0 a2p0 re0 rm1 nos0 ru0 dp0}{const-unsigned-int code* code}[remat] = &[_cinit [k4 lr0:0 so:0]{ ia0 a2p0 re0 rm0 nos0 ru0 dp0}{const-struct __00000001 code}]
                      00129 ;;[ICODE] ../libsdcc/idata.c:75:        iTemp9 [k16 lr4:42 so:0]{ ia0 a2p0 re0 rm0 nos0 ru0 dp0}{unsigned-int fixed}[r0x1000 r0x1001 ] = @[iTemp1 [k5 lr3:4 so:0]{ ia1 a2p0 re0 rm1 nos0 ru0 dp0}{const-unsigned-int code* code}[remat] + 0x0 {const-unsigned-char literal}]
                      00130 ;       .line   75; "../libsdcc/idata.c"        num = cinit.records;
0000   3C00           00131         MOVAI   (_cinit + 0)
0001   5600           00132         MOVRA   STK01
0002   3C00           00133         MOVAI   high (_cinit + 0)
0003   5600           00134         MOVRA   STK00
0004   3C80           00135         MOVAI   0x80
0005   8000           00136         CALL    __gptrget2
0006   5600           00137         MOVRA   r0x1000
0007   5800           00138         MOVAR   STK00
0008   5600           00139         MOVRA   r0x1001
                      00140 ;;[ICODE] ../libsdcc/idata.c:76:        iTemp5 [k11 lr6:7 so:0]{ ia0 a2p0 re0 rm1 nos0 ru0 dp0}{const-struct __00000001 code* code}[remat] = &[_cinit [k4 lr0:0 so:0]{ ia0 a2p0 re0 rm0 nos0 ru0 dp0}{const-struct __00000001 code}]
                      00141 ;;[ICODE] ../libsdcc/idata.c:76:        iTemp34 [k47 lr7:42 so:0]{ ia0 a2p0 re0 rm0 nos0 ru0 dp0}{const-struct __00000000 code* fixed}[r0x1002 r0x1003 ] = iTemp5 [k11 lr6:7 so:0]{ ia0 a2p0 re0 rm1 nos0 ru0 dp0}{const-struct __00000001 code* code}[remat] + 0x2 {const-unsigned-char literal}
                      00142 ;       .line   76; "../libsdcc/idata.c"        cptr = &cinit.entry[0];
0009   3C00           00143         MOVAI   (_cinit + 2)
000A   5600           00144         MOVRA   r0x1002
000B   3C00           00145         MOVAI   high (_cinit + 2)
000C   5600           00146         MOVRA   r0x1003
                      00147 ;;[ICODE] ../libsdcc/idata.c:79:  _whilecontinue_0($4) :
                      00148 ;;[ICODE] ../libsdcc/idata.c:79:        iTemp8 [k15 lr14:16 so:0]{ ia0 a2p0 re0 rm0 nos1 ru0 dp0}{unsigned-int fixed}[r0x1004 r0x1005 ] := iTemp9 [k16 lr4:42 so:0]{ ia0 a2p0 re0 rm0 nos0 ru0 dp0}{unsigned-int fixed}[r0x1000 r0x1001 ]
000D                  00149 _00108_DS_
                      00150 ;       .line   79; "../libsdcc/idata.c"        while (num--) {
000D   5800           00151         MOVAR   r0x1001
000E   5600           00152         MOVRA   r0x1004
000F   5800           00153         MOVAR   r0x1000
0010   5600           00154         MOVRA   r0x1005
                      00155 ;;[ICODE] ../libsdcc/idata.c:79:        iTemp9 [k16 lr4:42 so:0]{ ia0 a2p0 re0 rm0 nos0 ru0 dp0}{unsigned-int fixed}[r0x1000 r0x1001 ] = iTemp9 [k16 lr4:42 so:0]{ ia0 a2p0 re0 rm0 nos0 ru0 dp0}{unsigned-int fixed}[r0x1000 r0x1001 ] - 0x1 {const-unsigned-char literal}
0011   3CFF           00156         MOVAI   0xff
0012   7E00           00157         ADDRA   r0x1001
0013   E1B7           00158         JBSET   STATUS,0
0014   6E00           00159         DECR    r0x1000
                      00160 ;;[ICODE] ../libsdcc/idata.c:79:        if iTemp8 [k15 lr14:16 so:0]{ ia0 a2p0 re0 rm0 nos1 ru0 dp0}{unsigned-int fixed}[r0x1004 r0x1005 ] == 0 goto _whilebreak_0($6)
0015   5800           00161         MOVAR   r0x1004
0016   5C00           00162         ORAR    r0x1005
0017   F5B7           00163         JBCLR   STATUS,2
0018   A000           00164         GOTO    _00110_DS_
                      00165 ;;[ICODE] ../libsdcc/idata.c:80:        iTemp12 [k21 lr17:18 so:0]{ ia1 a2p0 re0 rm0 nos0 ru1 dp0}{const-unsigned-int code* fixed}[r0x1004 r0x1005 ] = iTemp34 [k47 lr7:42 so:0]{ ia0 a2p0 re0 rm0 nos0 ru0 dp0}{const-struct __00000000 code* fixed}[r0x1002 r0x1003 ] + 0x4 {const-unsigned-char literal}
                      00166 ;       .line   80; "../libsdcc/idata.c"        size = cptr->size;
0019   3C04           00167         MOVAI   0x04
001A   7C00           00168         ADDAR   r0x1002
001B   5600           00169         MOVRA   r0x1004
001C   7600           00170         CLRR    r0x1005
001D   5200           00171         RLR     r0x1005
001E   5800           00172         MOVAR   r0x1003
001F   7E00           00173         ADDRA   r0x1005
                      00174 ;;[ICODE] ../libsdcc/idata.c:80:        iTemp25 [k38 lr18:39 so:0]{ ia0 a2p0 re0 rm0 nos0 ru0 dp0}{unsigned-int fixed}[r0x1006 r0x1007 ] = @[iTemp12 [k21 lr17:18 so:0]{ ia1 a2p0 re0 rm0 nos0 ru1 dp0}{const-unsigned-int code* fixed}[r0x1004 r0x1005 ] + 0x0 {const-unsigned-char literal}]
0020   5800           00175         MOVAR   r0x1004
0021   5600           00176         MOVRA   STK01
0022   5800           00177         MOVAR   r0x1005
0023   5600           00178         MOVRA   STK00
0024   3C80           00179         MOVAI   0x80
0025   8000           00180         CALL    __gptrget2
0026   5600           00181         MOVRA   r0x1006
0027   5800           00182         MOVAR   STK00
0028   5600           00183         MOVRA   r0x1007
                      00184 ;;[ICODE] ../libsdcc/idata.c:81:        iTemp17 [k28 lr20:21 so:0]{ ia0 a2p0 re0 rm0 nos0 ru0 dp0}{const-unsigned-int fixed}[r0x1004 r0x1005 ] = @[iTemp34 [k47 lr7:42 so:0]{ ia1 a2p0 re0 rm0 nos0 ru0 dp0}{const-struct __00000000 code* fixed}[r0x1002 r0x1003 ] + 0x0 {const-unsigned-char literal}]
                      00185 ;       .line   81; "../libsdcc/idata.c"        src = (__code char *) cptr->src;
0029   5800           00186         MOVAR   r0x1002
002A   5600           00187         MOVRA   STK01
002B   5800           00188         MOVAR   r0x1003
002C   5600           00189         MOVRA   STK00
002D   3C80           00190         MOVAI   0x80
002E   8000           00191         CALL    __gptrget2
002F   5600           00192         MOVRA   r0x1008
0030   5600           00193         MOVRA   r0x1005
0031   5800           00194         MOVAR   STK00
0032   5600           00195         MOVRA   r0x1009
0033   5600           00196         MOVRA   r0x1004
                      00197 ;;[ICODE] ../libsdcc/idata.c:81:        iTemp30 [k43 lr21:39 so:0]{ ia0 a2p0 re0 rm0 nos0 ru0 dp0}{const-char code* fixed}[r0x1008 r0x1009 ] = (const-char code* fixed)iTemp17 [k28 lr20:21 so:0]{ ia0 a2p0 re0 rm0 nos0 ru0 dp0}{const-unsigned-int fixed}[r0x1004 r0x1005 ]
                      00198 ;;100   MOVAR   r0x1005
                      00199 ;;99    MOVAR   r0x1004
                      00200 ;;[ICODE] ../libsdcc/idata.c:82:        iTemp21 [k34 lr23:24 so:0]{ ia1 a2p0 re0 rm0 nos0 ru1 dp0}{const-unsigned-int code* fixed}[r0x1004 r0x1005 ] = iTemp34 [k47 lr7:42 so:0]{ ia0 a2p0 re0 rm0 nos0 ru0 dp0}{const-struct __00000000 code* fixed}[r0x1002 r0x1003 ] + 0x2 {const-unsigned-char literal}
                      00201 ;       .line   82; "../libsdcc/idata.c"        dst = (__data char *) cptr->dst;
0034   3C02           00202         MOVAI   0x02
0035   7C00           00203         ADDAR   r0x1002
0036   5600           00204         MOVRA   r0x1004
0037   7600           00205         CLRR    r0x1005
0038   5200           00206         RLR     r0x1005
0039   5800           00207         MOVAR   r0x1003
003A   7E00           00208         ADDRA   r0x1005
                      00209 ;;[ICODE] ../libsdcc/idata.c:82:        iTemp22 [k35 lr24:25 so:0]{ ia0 a2p0 re0 rm0 nos0 ru0 dp0}{const-unsigned-int fixed}[r0x100A r0x100B ] = @[iTemp21 [k34 lr23:24 so:0]{ ia1 a2p0 re0 rm0 nos0 ru1 dp0}{const-unsigned-int code* fixed}[r0x1004 r0x1005 ] + 0x0 {const-unsigned-char literal}]
003B   5800           00210         MOVAR   r0x1004
003C   5600           00211         MOVRA   STK01
003D   5800           00212         MOVAR   r0x1005
003E   5600           00213         MOVRA   STK00
003F   3C80           00214         MOVAI   0x80
0040   8000           00215         CALL    __gptrget2
0041   5600           00216         MOVRA   r0x1005
0042   5600           00217         MOVRA   r0x100A
0043   5800           00218         MOVAR   STK00
0044   5600           00219         MOVRA   r0x1004
0045   5600           00220         MOVRA   r0x100B
                      00221 ;;[ICODE] ../libsdcc/idata.c:82:        iTemp32 [k45 lr25:39 so:0]{ ia0 a2p0 re0 rm0 nos0 ru0 dp0}{char near* fixed}[r0x1004 r0x1005 ] = (char near* fixed)iTemp22 [k35 lr24:25 so:0]{ ia0 a2p0 re0 rm0 nos0 ru0 dp0}{const-unsigned-int fixed}[r0x100A r0x100B ]
                      00222 ;;102   MOVAR   r0x100A
                      00223 ;;101   MOVAR   r0x100B
                      00224 ;;[ICODE] ../libsdcc/idata.c:85:  _whilecontinue_1($1) :
                      00225 ;;[ICODE] ../libsdcc/idata.c:85:        iTemp24 [k37 lr32:34 so:0]{ ia0 a2p0 re0 rm0 nos1 ru0 dp0}{unsigned-int fixed}[r0x100A r0x100B ] := iTemp25 [k38 lr18:39 so:0]{ ia0 a2p0 re0 rm0 nos0 ru0 dp0}{unsigned-int fixed}[r0x1006 r0x1007 ]
0046                  00226 _00105_DS_
                      00227 ;       .line   85; "../libsdcc/idata.c"        while (size--) {
0046   5800           00228         MOVAR   r0x1007
0047   5600           00229         MOVRA   r0x100B
0048   5800           00230         MOVAR   r0x1006
0049   5600           00231         MOVRA   r0x100A
                      00232 ;;[ICODE] ../libsdcc/idata.c:85:        iTemp25 [k38 lr18:39 so:0]{ ia0 a2p0 re0 rm0 nos0 ru0 dp0}{unsigned-int fixed}[r0x1006 r0x1007 ] = iTemp25 [k38 lr18:39 so:0]{ ia0 a2p0 re0 rm0 nos0 ru0 dp0}{unsigned-int fixed}[r0x1006 r0x1007 ] - 0x1 {const-unsigned-char literal}
004A   3CFF           00233         MOVAI   0xff
004B   7E00           00234         ADDRA   r0x1007
004C   E1B7           00235         JBSET   STATUS,0
004D   6E00           00236         DECR    r0x1006
                      00237 ;;[ICODE] ../libsdcc/idata.c:85:        if iTemp24 [k37 lr32:34 so:0]{ ia0 a2p0 re0 rm0 nos1 ru0 dp0}{unsigned-int fixed}[r0x100A r0x100B ] == 0 goto _whilebreak_1($3)
004E   5800           00238         MOVAR   r0x100B
004F   5C00           00239         ORAR    r0x100A
0050   F5B7           00240         JBCLR   STATUS,2
0051   A000           00241         GOTO    _00107_DS_
                      00242 ;;[ICODE] ../libsdcc/idata.c:86:        iTemp28 [k41 lr35:36 so:0]{ ia0 a2p0 re0 rm0 nos0 ru0 dp0}{const-char register}[r0x100A ] = @[iTemp30 [k43 lr21:39 so:0]{ ia1 a2p0 re0 rm0 nos0 ru0 dp0}{const-char code* fixed}[r0x1008 r0x1009 ] + 0x0 {const-unsigned-char literal}]
                      00243 ;       .line   86; "../libsdcc/idata.c"        *dst = *src;
0052   5800           00244         MOVAR   r0x1009
0053   5600           00245         MOVRA   STK01
0054   5800           00246         MOVAR   r0x1008
0055   5600           00247         MOVRA   STK00
0056   3C80           00248         MOVAI   0x80
0057   8000           00249         CALL    __gptrget1
0058   5600           00250         MOVRA   r0x100B
                      00251 ;;[ICODE] ../libsdcc/idata.c:86:        *(iTemp32 [k45 lr25:39 so:0]{ ia1 a2p0 re0 rm0 nos0 ru0 dp0}{char near* fixed}[r0x1004 r0x1005 ]) := iTemp28 [k41 lr35:36 so:0]{ ia0 a2p0 re0 rm0 nos0 ru0 dp0}{const-char register}[r0x100A ]
0059   5800           00252         MOVAR   r0x1004
005A   57B4           00253         MOVRA   FSR
005B   DFB7           00254         BCLR    STATUS,7
005C   F000           00255         JBCLR   r0x1005,0
005D   CFB7           00256         BSET    STATUS,7
005E   5800           00257         MOVAR   r0x100B
005F   57B0           00258         MOVRA   INDF
                      00259 ;;[ICODE] ../libsdcc/idata.c:87:        iTemp30 [k43 lr21:39 so:0]{ ia0 a2p0 re0 rm0 nos0 ru0 dp0}{const-char code* fixed}[r0x1008 r0x1009 ] = iTemp30 [k43 lr21:39 so:0]{ ia0 a2p0 re0 rm0 nos0 ru0 dp0}{const-char code* fixed}[r0x1008 r0x1009 ] + 0x1 {const-unsigned-char literal}
                      00260 ;       .line   87; "../libsdcc/idata.c"        src++;
0060   6600           00261         INCR    r0x1009
0061   F5B7           00262         JBCLR   STATUS,2
0062   6600           00263         INCR    r0x1008
                      00264 ;;[ICODE] ../libsdcc/idata.c:88:        iTemp32 [k45 lr25:39 so:0]{ ia0 a2p0 re0 rm0 nos0 ru0 dp0}{char near* fixed}[r0x1004 r0x1005 ] = iTemp32 [k45 lr25:39 so:0]{ ia0 a2p0 re0 rm0 nos0 ru0 dp0}{char near* fixed}[r0x1004 r0x1005 ] + 0x1 {const-unsigned-char literal}
                      00265 ;       .line   88; "../libsdcc/idata.c"        dst++;
0063   6600           00266         INCR    r0x1004
0064   F5B7           00267         JBCLR   STATUS,2
0065   6600           00268         INCR    r0x1005
                      00269 ;;[ICODE] ../libsdcc/idata.c:88:         goto _whilecontinue_1($1)
0066   A000           00270         GOTO    _00105_DS_
                      00271 ;;[ICODE] ../libsdcc/idata.c:88:  _whilebreak_1($3) :
                      00272 ;;[ICODE] ../libsdcc/idata.c:92:        iTemp34 [k47 lr7:42 so:0]{ ia0 a2p0 re0 rm0 nos0 ru0 dp0}{const-struct __00000000 code* fixed}[r0x1002 r0x1003 ] = iTemp34 [k47 lr7:42 so:0]{ ia0 a2p0 re0 rm0 nos0 ru0 dp0}{const-struct __00000000 code* fixed}[r0x1002 r0x1003 ] + 0x6 {const-unsigned-char literal}
0067                  00273 _00107_DS_
                      00274 ;       .line   92; "../libsdcc/idata.c"        cptr++;
0067   3C06           00275         MOVAI   0x06
0068   7E00           00276         ADDRA   r0x1002
0069   F1B7           00277         JBCLR   STATUS,0
006A   6600           00278         INCR    r0x1003
                      00279 ;;[ICODE] ../libsdcc/idata.c:92:         goto _whilecontinue_0($4)
006B   A000           00280         GOTO    _00108_DS_
                      00281 ;;[ICODE] ../libsdcc/idata.c:92:  _whilebreak_0($6) :
                      00282 ;;[ICODE] ../libsdcc/idata.c:99: inline
006C                  00283 _00110_DS_
                      00284 ;       .line   99; "../libsdcc/idata.c"        __endasm;
006C   A000           00285         GOTO _main
                      00286         
                      00287 ;;[ICODE] ../libsdcc/idata.c:99:  _return($7) :
                      00288 ;;[ICODE] ../libsdcc/idata.c:99:        eproc __sdcc_gsinit_startup [k1 lr0:0 so:0]{ ia0 a2p0 re0 rm0 nos0 ru0 dp0}{void function ( ) fixed}
006D   000C           00289         RETURN  
                      00290 ; exit point of __sdcc_gsinit_startup
                      00291 
                      00292 
                      00293 ;       code size estimation:
                      00294 ;         109+    0 =   109 instructions (  218 byte)
                      00295 
                      00296         end
gpasm-2.0.0_beta2 (Aug 27 2017)idata.asm          2017-9-12  18:09:54          PAGE  2


SYMBOL TABLE
  LABEL                             VALUE

ADCR0                             000001EC
ADCR1                             000001ED
ADEOC                             00000001
ADIE                              00000006
ADIF                              00000006
ADIOS0                            00000000
ADIOS1                            00000001
ADIOS3                            00000003
ADIOS4                            00000004
ADIOS5                            00000005
ADIOS7                            00000007
ADOIS2                            00000002
ADOIS6                            00000006
ADON                              00000000
ADRH                              000001EE
ADRL                              000001EF
BUZ0OE                            00000005
BUZ1OE                            00000005
C                                 00000000
CLKS                              00000002
DC                                00000001
FSR                               000001B4
FSR0                              000001B4
FSR1                              000001B5
GIE                               00000007
HAAS                              00000006
HBB                               00000005
HCF                               00000007
HEN                               00000001
HFEN                              00000000
HIBYTE                            000001B3
HTX                               00000004
I2CADDR                           000001F1
I2CCR                             000001F0
I2CDATA                           000001F2
I2CIE                             00000005
I2CIF                             00000005
INDF                              000001B0
INDF0                             000001B0
INDF1                             000001B1
INDF2                             000001B2
INDF3                             000001B9
INT0IE                            00000002
INT0IF                            00000002
INT1IE                            00000003
INT1IF                            00000003
INTE                              000001BA
INTF                              000001BB
IOP0                              000001C0
IOP1                              000001C4
IOP2                              000001C8
IOP3                              000001CC
LFEN                              00000001
MCR                               000001B8
OEP0                              000001C1
OEP1                              000001C5
OEP2                              000001C9
OEP3                              000001CD
OSCM                              000001BC
P00                               00000000
P00OE                             00000000
P00PU                             00000000
P01                               00000001
P01OE                             00000001
P01PU                             00000001
P02                               00000002
P02OE                             00000002
P02PU                             00000002
P03                               00000003
P03OE                             00000003
P03PU                             00000003
P04                               00000004
P04OE                             00000004
P04PU                             00000004
P05                               00000005
P05OE                             00000005
P05PU                             00000005
P06                               00000006
P06OE                             00000006
P07                               00000007
P07OE                             00000007
P10                               00000000
P10OE                             00000000
P10PU                             00000000
P11                               00000001
P11OE                             00000001
P11PU                             00000001
P12                               00000002
P12OE                             00000002
P12PU                             00000002
P13                               00000003
P13OE                             00000003
P13PU                             00000003
P14                               00000004
P14OE                             00000004
P14PU                             00000004
P15                               00000005
P15OE                             00000005
P15PU                             00000005
P16                               00000006
P16OE                             00000006
P16PU                             00000006
P17                               00000007
P17OE                             00000007
P17PU                             00000007
P20                               00000000
P20OE                             00000000
P20PU                             00000000
P21                               00000001
P21OE                             00000001
P21PU                             00000001
P22                               00000002
P22OE                             00000002
P22PU                             00000002
P23                               00000003
P23OE                             00000003
P23PU                             00000003
P24                               00000004
P24OE                             00000004
P24PU                             00000004
P25                               00000005
P25OE                             00000005
P25PU                             00000005
P26                               00000006
P26OE                             00000006
P26PU                             00000006
P27                               00000007
P27OE                             00000007
P27PU                             00000007
P30                               00000000
P30OE                             00000000
P30PU                             00000000
P31                               00000001
P31OE                             00000001
P31PU                             00000001
PCL                               000001B6
PD                                00000004
PSAVE                             00000000
PUP0                              000001C2
PUP1                              000001C6
PUP2                              000001CA
PUP3                              000001CE
PWM0OE                            00000006
PWM1OE                            00000006
RXAK                              00000000
SRW                               00000002
SSAVE                             00000000
STATUS                            000001B7
STBH                              00000004
STBL                              00000005
STK00                             00000000
STK01                             00000000
STK02                             00000000
STK03                             00000000
STK04                             00000000
STK05                             00000000
STK06                             00000000
STK07                             00000000
STK08                             00000000
STK09                             00000000
STK10                             00000000
STK11                             00000000
STK12                             00000000
T0CNT                             000001D1
T0CR                              000001D0
T0DATA                            000001D3
T0IE                              00000000
T0IF                              00000000
T0LOAD                            000001D2
T1CNT                             000001D5
T1CR                              000001D4
T1DATA                            000001D7
T1IE                              00000001
T1IF                              00000001
T1LOAD                            000001D6
T2CNTH                            000001D9
T2CNTL                            000001DA
T2CR                              000001D8
T2IE                              00000004
T2IF                              00000004
T2LOADH                           000001DB
T2LOADL                           000001DC
T2MOD                             00000005
TC0EN                             00000007
TC1EN                             00000007
TC2EN                             00000007
TK0CLR                            00000003
TK0CNTH                           000001E2
TK0CNTL                           000001E3
TK0CRH                            000001E0
TK0CRL                            000001E1
TK0IE                             00000006
TK0IF                             00000007
TK0JE                             00000005
TK0RCE                            00000004
TK1CLR                            00000003
TK1CNTH                           000001E6
TK1CNTL                           000001E7
TK1CRH                            000001E4
TK1CRL                            000001E5
TK1IE                             00000006
TK1IF                             00000007
TK1JE                             00000005
TK1RCE                            00000004
TK2CLR                            00000003
TK2CNTH                           000001EA
TK2CNTL                           000001EB
TK2CRH                            000001E8
TK2CRL                            000001E9
TK2IE                             00000006
TK2IF                             00000007
TK2JE                             00000005
TK2RCE                            00000004
TO                                00000005
TXAK                              00000003
WSAVE                             00000000
Z                                 00000002
_00105_DS_                        00000046
_00107_DS_                        00000067
_00108_DS_                        0000000D
_00110_DS_                        0000006C
_CONFIG0                          00008000
_CONFIG1                          00008001
_CP_ALL                           00007FFF
_FCPU_128T                        0000FFEF
_FCPU_16T                         0000FFBF
_FCPU_256T                        0000FFFF
_FCPU_2T                          0000FF8F
_FCPU_32T                         0000FFCF
_FCPU_4T                          0000FF9F
_FCPU_64T                         0000FFDF
_FCPU_8T                          0000FFAF
_HRC_LRC                          0000FCFF
_HRC_LXT                          0000FDFF
_HXT_LRC                          0000FEFF
_MCLR_OFF                         0000FF7F
_MCLR_ON                          0000FFFF
_PTWRT_16_1024                    0000FFF7
_PTWRT_16_16                      0000DFF7
_PTWRT_256_256                    0000DFFF
_PTWRT_256_4096                   0000FFFF
_PTWRT_4_4                        0000DFF3
_PTWRT_4_512                      0000FFF3
_PTWRT_64_2048                    0000FFFB
_PTWRT_64_64                      0000DFFB
_VLVR_160                         0000E3FF
_VLVR_185                         0000E7FF
_VLVR_205                         0000EBFF
_VLVR_218                         0000EFFF
_VLVR_232                         0000F3FF
_VLVR_245                         0000F7FF
_VLVR_305                         0000FBFF
_VLVR_360                         0000FFFF
_WDT_ALWAYS_OFF                   0000FFFC
_WDT_ALWAYS_ON                    0000FFFF
_WDT_SLEEP_OFF                    0000FFFD
__32P64                           00000001
__gptrget1                        00000000
__gptrget2                        00000000
__sdcc_gsinit_startup             00000000
_cinit                            00000000
_force_cinit                      00000000
_main                             00000000
r0x1000                           00000001
r0x1001                           00000000
r0x1002                           00000002
r0x1003                           00000003
r0x1004                           00000004
r0x1005                           00000005
r0x1006                           00000007
r0x1007                           00000006
r0x1008                           00000009
r0x1009                           00000008
r0x100A                           0000000B
r0x100B                           0000000A

Errors   :     0
Warnings :     0 reported,     0 suppressed
Messages :     0 reported,     0 suppressed

