gpasm-2.0.0_beta2 (Aug 27 2017)uint2fs.asm        2017-9-12  18:09:58          PAGE  1


LOC  OBJECT CODE     LINE SOURCE TEXT
  VALUE

                      00001 ;--------------------------------------------------------
                      00002 ; File Created by SN-SDCC : SinoMCU ANSI-C Compiler
                      00003 ; Version 1.0.0 (Sep 11 2017) (MINGW32)
                      00004 ; This file was generated Tue Sep 12 18:09:58 2017
                      00005 ;--------------------------------------------------------
                      00006 ; MC30/MC32 port for the RISC core
                      00007 ;--------------------------------------------------------
                      00008 ;       .file   "../libsdcc/uint2fs.c"
                      00009         list    p=3264
                      00010         radix dec
                      00011         include "3264.inc"
                      00001                 LIST
                      00002 ;mc32p64.inc    Standard Header File, Version 1.00 by Sinomcu
                      00374                 LIST
                      00012 ;--------------------------------------------------------
                      00013 ; external declarations
                      00014 ;--------------------------------------------------------
                      00015         extern  ___uchar2fs
                      00016         extern  ___schar2fs
                      00017         extern  ___sint2fs
                      00018         extern  ___ulong2fs
                      00019         extern  ___slong2fs
                      00020         extern  ___fs2uchar
                      00021         extern  ___fs2schar
                      00022         extern  ___fs2uint
                      00023         extern  ___fs2sint
                      00024         extern  ___fs2ulong
                      00025         extern  ___fs2slong
                      00026         extern  ___fsadd
                      00027         extern  ___fssub
                      00028         extern  ___fsmul
                      00029         extern  ___fsdiv
                      00030         extern  ___fslt
                      00031         extern  ___fseq
                      00032         extern  ___fsneq
                      00033         extern  ___fsgt
                      00034 
                      00035         extern PSAVE
                      00036         extern SSAVE
                      00037         extern WSAVE
                      00038         extern STK12
                      00039         extern STK11
                      00040         extern STK10
                      00041         extern STK09
                      00042         extern STK08
                      00043         extern STK07
                      00044         extern STK06
                      00045         extern STK05
                      00046         extern STK04
                      00047         extern STK03
                      00048         extern STK02
                      00049         extern STK01
                      00050         extern STK00
                      00051 ;--------------------------------------------------------
                      00052 ; global declarations
                      00053 ;--------------------------------------------------------
                      00054         global  ___uint2fs
                      00055 
                      00056 ;--------------------------------------------------------
                      00057 ; global definitions
                      00058 ;--------------------------------------------------------
                      00059 ;--------------------------------------------------------
                      00060 ; absolute symbol definitions
                      00061 ;--------------------------------------------------------
                      00062 ;--------------------------------------------------------
                      00063 ; compiler-defined variables
                      00064 ;--------------------------------------------------------
                      00065 UDL_uint2fs_0   udata
0000                  00066 r0x1001 res     1
0000                  00067 r0x1000 res     1
0001                  00068 r0x1002 res     1
0001                  00069 r0x1003 res     1
                      00070 ;--------------------------------------------------------
                      00071 ; initialized data
                      00072 ;--------------------------------------------------------
                      00073 
                      00074 ;@Allocation info for local variables in function '__uint2fs'
                      00075 ;@__uint2fs __uchar2fs                Allocated to registers ;size:2
                      00076 ;@__uint2fs __schar2fs                Allocated to registers ;size:2
                      00077 ;@__uint2fs __sint2fs                 Allocated to registers ;size:2
                      00078 ;@__uint2fs __ulong2fs                Allocated to registers ;size:2
                      00079 ;@__uint2fs __slong2fs                Allocated to registers ;size:2
                      00080 ;@__uint2fs __fs2uchar                Allocated to registers ;size:2
                      00081 ;@__uint2fs __fs2schar                Allocated to registers ;size:2
                      00082 ;@__uint2fs __fs2uint                 Allocated to registers ;size:2
                      00083 ;@__uint2fs __fs2sint                 Allocated to registers ;size:2
                      00084 ;@__uint2fs __fs2ulong                Allocated to registers ;size:2
                      00085 ;@__uint2fs __fs2slong                Allocated to registers ;size:2
                      00086 ;@__uint2fs __fsadd                   Allocated to registers ;size:2
                      00087 ;@__uint2fs __fssub                   Allocated to registers ;size:2
                      00088 ;@__uint2fs __fsmul                   Allocated to registers ;size:2
                      00089 ;@__uint2fs __fsdiv                   Allocated to registers ;size:2
                      00090 ;@__uint2fs __fslt                    Allocated to registers ;size:2
                      00091 ;@__uint2fs __fseq                    Allocated to registers ;size:2
                      00092 ;@__uint2fs __fsneq                   Allocated to registers ;size:2
                      00093 ;@__uint2fs __fsgt                    Allocated to registers ;size:2
                      00094 ;@__uint2fs ui                        Allocated to registers r0x1001 r0x1000 ;size:2
                      00095 ;@end Allocation info for local variables in function '__uint2fs';
                      00096 
                      00097 ;--------------------------------------------------------
                      00098 ; overlayable items in internal ram 
                      00099 ;--------------------------------------------------------
                      00100 ;       udata_ovr
                      00101 ;--------------------------------------------------------
                      00102 ; code
                      00103 ;--------------------------------------------------------
                      00104 code_uint2fs    code
                      00105 ;***
                      00106 ;  pBlock Stats: dbName = C
                      00107 ;***
                      00108 ;entry:  ___uint2fs     ;Function start
                      00109 ; 2 exit points
                      00110 ;has an exit
                      00111 ;functions called:
                      00112 ;   ___ulong2fs
                      00113 ;   ___ulong2fs
                      00114 ;9 compiler assigned registers:
                      00115 ;   r0x1000
                      00116 ;   STK00
                      00117 ;   r0x1001
                      00118 ;   r0x1002
                      00119 ;   r0x1003
                      00120 ;   r0x1004
                      00121 ;   r0x1005
                      00122 ;   STK02
                      00123 ;   STK01
                      00124 ;; Starting pCode block
                      00125 ;;[ICODE] ../libsdcc/uint2fs.c:33:  _entry($2) :
                      00126 ;;[ICODE] ../libsdcc/uint2fs.c:33:      proc ___uint2fs [k1 lr0:0 so:0]{ ia0 a2p0 re0 rm0 nos0 ru0 dp0}{float function ( unsigned-int fixed) fixed}
0000                  00127 ___uint2fs      ;Function start
                      00128 ; 2 exit points
                      00129 ;;[ICODE] ../libsdcc/uint2fs.c:33: iTemp0 [k2 lr3:4 so:0]{ ia0 a2p0 re1 rm0 nos0 ru0 dp0}{unsigned-int fixed}{ sir@ ___uint2fs_ui_1_21}[r0x1000 r0x1001 ] = recv ___uint2fs [k1 lr0:0 so:0]{ ia0 a2p0 re0 rm0 nos0 ru0 dp0}{float function ( unsigned-int fixed) fixed}
0000   5600           00130         MOVRA   r0x1003
                      00131 ;       .line   33; "../libsdcc/uint2fs.c"      float __uint2fs (unsigned int ui) _FS_REENTRANT
0001   5600           00132         MOVRA   r0x1000
0002   5800           00133         MOVAR   STK00
0003   5600           00134         MOVRA   r0x1002
0004   5600           00135         MOVRA   r0x1001
                      00136 ;;[ICODE] ../libsdcc/uint2fs.c:35:      iTemp1 [k5 lr4:5 so:0]{ ia0 a2p0 re0 rm0 nos0 ru1 dp0}{unsigned-long-int fixed}[r0x1002 r0x1003 r0x1004 r0x1005 ] = (unsigned-long-int fixed)iTemp0 [k2 lr3:4 so:0]{ ia0 a2p0 re1 rm0 nos0 ru0 dp0}{unsigned-int fixed}{ sir@ ___uint2fs_ui_1_21}[r0x1000 r0x1001 ]
                      00137 ;;99    MOVAR   r0x1001
                      00138 ;;100   MOVAR   r0x1000
                      00139 ;;1     CLRR    r0x1004
                      00140 ;;1     CLRR    r0x1005
                      00141 ;;[ICODE] ../libsdcc/uint2fs.c:35:      send iTemp1 [k5 lr4:5 so:0]{ ia0 a2p0 re0 rm0 nos0 ru1 dp0}{unsigned-long-int fixed}[r0x1002 r0x1003 r0x1004 r0x1005 ]{argreg = 1}
                      00142 ;;[ICODE] ../libsdcc/uint2fs.c:35:      iTemp2 [k7 lr6:7 so:0]{ ia0 a2p0 re0 rm0 nos0 ru1 dp0}{float fixed}[r0x1000 r0x1001 r0x1002 r0x1003 ] = call ___ulong2fs [k4 lr0:0 so:0]{ ia0 a2p0 re0 rm0 nos0 ru0 dp0}{float function ( unsigned-long-int fixed) fixed}
                      00143 ;       .line   35; "../libsdcc/uint2fs.c"      return __ulong2fs(ui);
0005   5800           00144         MOVAR   r0x1002
0006   5600           00145         MOVRA   STK02
0007   5800           00146         MOVAR   r0x1003
0008   5600           00147         MOVRA   STK01
0009   3C00           00148         MOVAI   0x00
000A   5600           00149         MOVRA   STK00
000B   3C00           00150         MOVAI   0x00
000C   8000           00151         CALL    ___ulong2fs
000D   5600           00152         MOVRA   r0x1003
000E   5800           00153         MOVAR   STK00
000F   5600           00154         MOVRA   r0x1002
0010   5800           00155         MOVAR   STK01
0011   5600           00156         MOVRA   r0x1000
0012   5800           00157         MOVAR   STK02
0013   5600           00158         MOVRA   r0x1001
                      00159 ;;[ICODE] ../libsdcc/uint2fs.c:35:      ret iTemp2 [k7 lr6:7 so:0]{ ia0 a2p0 re0 rm0 nos0 ru1 dp0}{float fixed}[r0x1000 r0x1001 r0x1002 r0x1003 ]
0014   5800           00160         MOVAR   r0x1001
0015   5600           00161         MOVRA   STK02
0016   5800           00162         MOVAR   r0x1000
0017   5600           00163         MOVRA   STK01
0018   5800           00164         MOVAR   r0x1002
0019   5600           00165         MOVRA   STK00
001A   5800           00166         MOVAR   r0x1003
                      00167 ;;[ICODE] ../libsdcc/uint2fs.c:35:  _return($1) :
                      00168 ;;[ICODE] ../libsdcc/uint2fs.c:35:      eproc ___uint2fs [k1 lr0:0 so:0]{ ia0 a2p0 re0 rm0 nos0 ru0 dp0}{float function ( unsigned-int fixed) fixed}
001B   000C           00169         RETURN  
                      00170 ; exit point of ___uint2fs
                      00171 
                      00172 
                      00173 ;       code size estimation:
                      00174 ;          28+    0 =    28 instructions (   56 byte)
                      00175 
                      00176         end
gpasm-2.0.0_beta2 (Aug 27 2017)uint2fs.asm        2017-9-12  18:09:58          PAGE  2


SYMBOL TABLE
  LABEL                             VALUE

ADCR0                             000001EC
ADCR1                             000001ED
ADEOC                             00000001
ADIE                              00000006
ADIF                              00000006
ADIOS0                            00000000
ADIOS1                            00000001
ADIOS3                            00000003
ADIOS4                            00000004
ADIOS5                            00000005
ADIOS7                            00000007
ADOIS2                            00000002
ADOIS6                            00000006
ADON                              00000000
ADRH                              000001EE
ADRL                              000001EF
BUZ0OE                            00000005
BUZ1OE                            00000005
C                                 00000000
CLKS                              00000002
DC                                00000001
FSR                               000001B4
FSR0                              000001B4
FSR1                              000001B5
GIE                               00000007
HAAS                              00000006
HBB                               00000005
HCF                               00000007
HEN                               00000001
HFEN                              00000000
HIBYTE                            000001B3
HTX                               00000004
I2CADDR                           000001F1
I2CCR                             000001F0
I2CDATA                           000001F2
I2CIE                             00000005
I2CIF                             00000005
INDF                              000001B0
INDF0                             000001B0
INDF1                             000001B1
INDF2                             000001B2
INDF3                             000001B9
INT0IE                            00000002
INT0IF                            00000002
INT1IE                            00000003
INT1IF                            00000003
INTE                              000001BA
INTF                              000001BB
IOP0                              000001C0
IOP1                              000001C4
IOP2                              000001C8
IOP3                              000001CC
LFEN                              00000001
MCR                               000001B8
OEP0                              000001C1
OEP1                              000001C5
OEP2                              000001C9
OEP3                              000001CD
OSCM                              000001BC
P00                               00000000
P00OE                             00000000
P00PU                             00000000
P01                               00000001
P01OE                             00000001
P01PU                             00000001
P02                               00000002
P02OE                             00000002
P02PU                             00000002
P03                               00000003
P03OE                             00000003
P03PU                             00000003
P04                               00000004
P04OE                             00000004
P04PU                             00000004
P05                               00000005
P05OE                             00000005
P05PU                             00000005
P06                               00000006
P06OE                             00000006
P07                               00000007
P07OE                             00000007
P10                               00000000
P10OE                             00000000
P10PU                             00000000
P11                               00000001
P11OE                             00000001
P11PU                             00000001
P12                               00000002
P12OE                             00000002
P12PU                             00000002
P13                               00000003
P13OE                             00000003
P13PU                             00000003
P14                               00000004
P14OE                             00000004
P14PU                             00000004
P15                               00000005
P15OE                             00000005
P15PU                             00000005
P16                               00000006
P16OE                             00000006
P16PU                             00000006
P17                               00000007
P17OE                             00000007
P17PU                             00000007
P20                               00000000
P20OE                             00000000
P20PU                             00000000
P21                               00000001
P21OE                             00000001
P21PU                             00000001
P22                               00000002
P22OE                             00000002
P22PU                             00000002
P23                               00000003
P23OE                             00000003
P23PU                             00000003
P24                               00000004
P24OE                             00000004
P24PU                             00000004
P25                               00000005
P25OE                             00000005
P25PU                             00000005
P26                               00000006
P26OE                             00000006
P26PU                             00000006
P27                               00000007
P27OE                             00000007
P27PU                             00000007
P30                               00000000
P30OE                             00000000
P30PU                             00000000
P31                               00000001
P31OE                             00000001
P31PU                             00000001
PCL                               000001B6
PD                                00000004
PSAVE                             00000000
PUP0                              000001C2
PUP1                              000001C6
PUP2                              000001CA
PUP3                              000001CE
PWM0OE                            00000006
PWM1OE                            00000006
RXAK                              00000000
SRW                               00000002
SSAVE                             00000000
STATUS                            000001B7
STBH                              00000004
STBL                              00000005
STK00                             00000000
STK01                             00000000
STK02                             00000000
STK03                             00000000
STK04                             00000000
STK05                             00000000
STK06                             00000000
STK07                             00000000
STK08                             00000000
STK09                             00000000
STK10                             00000000
STK11                             00000000
STK12                             00000000
T0CNT                             000001D1
T0CR                              000001D0
T0DATA                            000001D3
T0IE                              00000000
T0IF                              00000000
T0LOAD                            000001D2
T1CNT                             000001D5
T1CR                              000001D4
T1DATA                            000001D7
T1IE                              00000001
T1IF                              00000001
T1LOAD                            000001D6
T2CNTH                            000001D9
T2CNTL                            000001DA
T2CR                              000001D8
T2IE                              00000004
T2IF                              00000004
T2LOADH                           000001DB
T2LOADL                           000001DC
T2MOD                             00000005
TC0EN                             00000007
TC1EN                             00000007
TC2EN                             00000007
TK0CLR                            00000003
TK0CNTH                           000001E2
TK0CNTL                           000001E3
TK0CRH                            000001E0
TK0CRL                            000001E1
TK0IE                             00000006
TK0IF                             00000007
TK0JE                             00000005
TK0RCE                            00000004
TK1CLR                            00000003
TK1CNTH                           000001E6
TK1CNTL                           000001E7
TK1CRH                            000001E4
TK1CRL                            000001E5
TK1IE                             00000006
TK1IF                             00000007
TK1JE                             00000005
TK1RCE                            00000004
TK2CLR                            00000003
TK2CNTH                           000001EA
TK2CNTL                           000001EB
TK2CRH                            000001E8
TK2CRL                            000001E9
TK2IE                             00000006
TK2IF                             00000007
TK2JE                             00000005
TK2RCE                            00000004
TO                                00000005
TXAK                              00000003
WSAVE                             00000000
Z                                 00000002
_CONFIG0                          00008000
_CONFIG1                          00008001
_CP_ALL                           00007FFF
_FCPU_128T                        0000FFEF
_FCPU_16T                         0000FFBF
_FCPU_256T                        0000FFFF
_FCPU_2T                          0000FF8F
_FCPU_32T                         0000FFCF
_FCPU_4T                          0000FF9F
_FCPU_64T                         0000FFDF
_FCPU_8T                          0000FFAF
_HRC_LRC                          0000FCFF
_HRC_LXT                          0000FDFF
_HXT_LRC                          0000FEFF
_MCLR_OFF                         0000FF7F
_MCLR_ON                          0000FFFF
_PTWRT_16_1024                    0000FFF7
_PTWRT_16_16                      0000DFF7
_PTWRT_256_256                    0000DFFF
_PTWRT_256_4096                   0000FFFF
_PTWRT_4_4                        0000DFF3
_PTWRT_4_512                      0000FFF3
_PTWRT_64_2048                    0000FFFB
_PTWRT_64_64                      0000DFFB
_VLVR_160                         0000E3FF
_VLVR_185                         0000E7FF
_VLVR_205                         0000EBFF
_VLVR_218                         0000EFFF
_VLVR_232                         0000F3FF
_VLVR_245                         0000F7FF
_VLVR_305                         0000FBFF
_VLVR_360                         0000FFFF
_WDT_ALWAYS_OFF                   0000FFFC
_WDT_ALWAYS_ON                    0000FFFF
_WDT_SLEEP_OFF                    0000FFFD
__32P64                           00000001
___fs2schar                       00000000
___fs2sint                        00000000
___fs2slong                       00000000
___fs2uchar                       00000000
___fs2uint                        00000000
___fs2ulong                       00000000
___fsadd                          00000000
___fsdiv                          00000000
___fseq                           00000000
___fsgt                           00000000
___fslt                           00000000
___fsmul                          00000000
___fsneq                          00000000
___fssub                          00000000
___schar2fs                       00000000
___sint2fs                        00000000
___slong2fs                       00000000
___uchar2fs                       00000000
___uint2fs                        00000000
___ulong2fs                       00000000
r0x1000                           00000001
r0x1001                           00000000
r0x1002                           00000002
r0x1003                           00000003

Errors   :     0
Warnings :     0 reported,     0 suppressed
Messages :     0 reported,     0 suppressed

