gpasm-2.0.0_beta2 (Nov  6 2017)idata.asm          2017-12-7  15:58:34          PAGE  1


LOC  OBJECT CODE     LINE SOURCE TEXT
  VALUE

                      00001 ;--------------------------------------------------------
                      00002 ; File Created by SN-SDCC : SinoMCU ANSI-C Compiler
                      00003 ; Version 1.0.0 (Sep 28 2017) (MINGW32)
                      00004 ; This file was generated Thu Dec 07 15:58:34 2017
                      00005 ;--------------------------------------------------------
                      00006 ; MC30/MC32 port for the RISC core
                      00007 ;--------------------------------------------------------
                      00008 ;       .file   "../libsdcc/idata.c"
                      00009         list    p=7510
                      00010         radix dec
                      00011         include "7510.inc"
                      00001                 LIST
                      00002 ;mc32p7510.inc    Standard Header File, Version 1.00 by Sinomcu
                      00461                 LIST
                      00012 ;--------------------------------------------------------
                      00013 ; external declarations
                      00014 ;--------------------------------------------------------
                      00015         extern  _main
                      00016         extern  _cinit
                      00017         extern  __gptrget2
                      00018         extern  __gptrget1
                      00019 
                      00020         extern STK06
                      00021         extern STK05
                      00022         extern STK04
                      00023         extern STK03
                      00024         extern STK02
                      00025         extern STK01
                      00026         extern STK00
                      00027 ;--------------------------------------------------------
                      00028 ; global declarations
                      00029 ;--------------------------------------------------------
                      00030         global  __sdcc_gsinit_startup
                      00031 
                      00032 ;--------------------------------------------------------
                      00033 ; global definitions
                      00034 ;--------------------------------------------------------
                      00035 ;--------------------------------------------------------
                      00036 ; absolute symbol definitions
                      00037 ;--------------------------------------------------------
                      00038 ;--------------------------------------------------------
                      00039 ; compiler-defined variables
                      00040 ;--------------------------------------------------------
                      00041 UDL_idata_0     udata
0000                  00042 r0x1001 res     1
0000                  00043 r0x1000 res     1
0001                  00044 r0x1002 res     1
0001                  00045 r0x1003 res     1
0002                  00046 r0x1004 res     1
0002                  00047 r0x1005 res     1
0003                  00048 r0x1007 res     1
0003                  00049 r0x1006 res     1
0004                  00050 r0x1009 res     1
0004                  00051 r0x1008 res     1
0005                  00052 r0x100B res     1
0005                  00053 r0x100A res     1
                      00054 ;--------------------------------------------------------
                      00055 ; initialized data
                      00056 ;--------------------------------------------------------
                      00057 
                      00058 ID_idata_0      idata
0000                  00059 _force_cinit
0000                  00060         db      0x00
                      00061 
                      00062 
                      00063 ;@Allocation info for local variables in function '_sdcc_gsinit_startup'
                      00064 ;@_sdcc_gsinit_startup main                      Allocated to registers ;size:2
                      00065 ;@_sdcc_gsinit_startup _sdcc_gsinit_startup      Allocated to registers ;size:2
                      00066 ;@_sdcc_gsinit_startup force_cinit               Allocated to registers ;size:1
                      00067 ;@_sdcc_gsinit_startup num                       Allocated to registers ;size:2
                      00068 ;@_sdcc_gsinit_startup size                      Allocated to registers ;size:2
                      00069 ;@_sdcc_gsinit_startup cptr                      Allocated to registers ;size:2
                      00070 ;@_sdcc_gsinit_startup src                       Allocated to registers ;size:2
                      00071 ;@_sdcc_gsinit_startup dst                       Allocated to registers ;size:2
                      00072 ;@end Allocation info for local variables in function '_sdcc_gsinit_startup';
                      00073 
                      00074 ;--------------------------------------------------------
                      00075 ; overlayable items in internal ram 
                      00076 ;--------------------------------------------------------
                      00077 ;       udata_ovr
                      00078 ;--------------------------------------------------------
                      00079 ; code
                      00080 ;--------------------------------------------------------
                      00081 code_idata      code
                      00082 ;***
                      00083 ;  pBlock Stats: dbName = C
                      00084 ;***
                      00085 ;entry:  __sdcc_gsinit_startup  ;Function start
                      00086 ; 2 exit points
                      00087 ;has an exit
                      00088 ;functions called:
                      00089 ;   __gptrget2
                      00090 ;   __gptrget2
                      00091 ;   __gptrget2
                      00092 ;   __gptrget2
                      00093 ;   __gptrget1
                      00094 ;   __gptrget2
                      00095 ;   __gptrget2
                      00096 ;   __gptrget2
                      00097 ;   __gptrget2
                      00098 ;   __gptrget1
                      00099 ;14 compiler assigned registers:
                      00100 ;   STK01
                      00101 ;   STK00
                      00102 ;   r0x1000
                      00103 ;   r0x1001
                      00104 ;   r0x1002
                      00105 ;   r0x1003
                      00106 ;   r0x1004
                      00107 ;   r0x1005
                      00108 ;   r0x1006
                      00109 ;   r0x1007
                      00110 ;   r0x1008
                      00111 ;   r0x1009
                      00112 ;   r0x100A
                      00113 ;   r0x100B
                      00114 ;; Starting pCode block
                      00115 ;;[ICODE] ../libsdcc/idata.c:68:  _entry($8) :
                      00116 ;;[ICODE] ../libsdcc/idata.c:68:        proc __sdcc_gsinit_startup [k1 lr0:0 so:0]{ ia0 a2p0 re0 rm0 nos0 ru0 dp0}{void function ( ) fixed}
0000                  00117 __sdcc_gsinit_startup   ;Function start
                      00118 ; 2 exit points
                      00119 ;;[ICODE] ../libsdcc/idata.c:75:        iTemp1 [k5 lr3:4 so:0]{ ia0 a2p0 re0 rm1 nos0 ru0 dp0}{const-unsigned-int code* code}[remat] = &[_cinit [k4 lr0:0 so:0]{ ia0 a2p0 re0 rm0 nos0 ru0 dp0}{const-struct __00000001 code}]
                      00120 ;;[ICODE] ../libsdcc/idata.c:75:        iTemp9 [k16 lr4:42 so:0]{ ia0 a2p0 re0 rm0 nos0 ru0 dp0}{unsigned-int fixed}[r0x1000 r0x1001 ] = @[iTemp1 [k5 lr3:4 so:0]{ ia1 a2p0 re0 rm1 nos0 ru0 dp0}{const-unsigned-int code* code}[remat] + 0x0 {const-unsigned-char literal}]
                      00121 ;       .line   75; "../libsdcc/idata.c"        num = cinit.records;
0000   3C00           00122         MOVAI   (_cinit + 0)
0001   5600           00123         MOVRA   STK01
0002   3C00           00124         MOVAI   high (_cinit + 0)
0003   5600           00125         MOVRA   STK00
0004   3C80           00126         MOVAI   0x80
0005   8000           00127         CALL    __gptrget2
0006   5600           00128         MOVRA   r0x1000
0007   5800           00129         MOVAR   STK00
0008   5600           00130         MOVRA   r0x1001
                      00131 ;;[ICODE] ../libsdcc/idata.c:76:        iTemp5 [k11 lr6:7 so:0]{ ia0 a2p0 re0 rm1 nos0 ru0 dp0}{const-struct __00000001 code* code}[remat] = &[_cinit [k4 lr0:0 so:0]{ ia0 a2p0 re0 rm0 nos0 ru0 dp0}{const-struct __00000001 code}]
                      00132 ;;[ICODE] ../libsdcc/idata.c:76:        iTemp34 [k47 lr7:42 so:0]{ ia0 a2p0 re0 rm0 nos0 ru0 dp0}{const-struct __00000000 code* fixed}[r0x1002 r0x1003 ] = iTemp5 [k11 lr6:7 so:0]{ ia0 a2p0 re0 rm1 nos0 ru0 dp0}{const-struct __00000001 code* code}[remat] + 0x2 {const-unsigned-char literal}
                      00133 ;       .line   76; "../libsdcc/idata.c"        cptr = &cinit.entry[0];
0009   3C00           00134         MOVAI   (_cinit + 2)
000A   5600           00135         MOVRA   r0x1002
000B   3C00           00136         MOVAI   high (_cinit + 2)
000C   5600           00137         MOVRA   r0x1003
                      00138 ;;[ICODE] ../libsdcc/idata.c:79:  _whilecontinue_0($4) :
                      00139 ;;[ICODE] ../libsdcc/idata.c:79:        iTemp8 [k15 lr14:16 so:0]{ ia0 a2p0 re0 rm0 nos1 ru0 dp0}{unsigned-int fixed}[r0x1004 r0x1005 ] := iTemp9 [k16 lr4:42 so:0]{ ia0 a2p0 re0 rm0 nos0 ru0 dp0}{unsigned-int fixed}[r0x1000 r0x1001 ]
000D                  00140 _00108_DS_
                      00141 ;       .line   79; "../libsdcc/idata.c"        while (num--) {
000D   5800           00142         MOVAR   r0x1001
000E   5600           00143         MOVRA   r0x1004
000F   5800           00144         MOVAR   r0x1000
0010   5600           00145         MOVRA   r0x1005
                      00146 ;;[ICODE] ../libsdcc/idata.c:79:        iTemp9 [k16 lr4:42 so:0]{ ia0 a2p0 re0 rm0 nos0 ru0 dp0}{unsigned-int fixed}[r0x1000 r0x1001 ] = iTemp9 [k16 lr4:42 so:0]{ ia0 a2p0 re0 rm0 nos0 ru0 dp0}{unsigned-int fixed}[r0x1000 r0x1001 ] - 0x1 {const-unsigned-char literal}
0011   3CFF           00147         MOVAI   0xff
0012   7E00           00148         ADDRA   r0x1001
0013   E187           00149         JBSET   STATUS,0
0014   6E00           00150         DECR    r0x1000
                      00151 ;;[ICODE] ../libsdcc/idata.c:79:        if iTemp8 [k15 lr14:16 so:0]{ ia0 a2p0 re0 rm0 nos1 ru0 dp0}{unsigned-int fixed}[r0x1004 r0x1005 ] == 0 goto _whilebreak_0($6)
0015   5800           00152         MOVAR   r0x1004
0016   5C00           00153         ORAR    r0x1005
0017   F587           00154         JBCLR   STATUS,2
0018   A000           00155         GOTO    _00110_DS_
                      00156 ;;[ICODE] ../libsdcc/idata.c:80:        iTemp12 [k21 lr17:18 so:0]{ ia1 a2p0 re0 rm0 nos0 ru1 dp0}{const-unsigned-int code* fixed}[r0x1004 r0x1005 ] = iTemp34 [k47 lr7:42 so:0]{ ia0 a2p0 re0 rm0 nos0 ru0 dp0}{const-struct __00000000 code* fixed}[r0x1002 r0x1003 ] + 0x4 {const-unsigned-char literal}
                      00157 ;       .line   80; "../libsdcc/idata.c"        size = cptr->size;
0019   3C04           00158         MOVAI   0x04
001A   7C00           00159         ADDAR   r0x1002
001B   5600           00160         MOVRA   r0x1004
001C   7600           00161         CLRR    r0x1005
001D   5200           00162         RLR     r0x1005
001E   5800           00163         MOVAR   r0x1003
001F   7E00           00164         ADDRA   r0x1005
                      00165 ;;[ICODE] ../libsdcc/idata.c:80:        iTemp25 [k38 lr18:39 so:0]{ ia0 a2p0 re0 rm0 nos0 ru0 dp0}{unsigned-int fixed}[r0x1006 r0x1007 ] = @[iTemp12 [k21 lr17:18 so:0]{ ia1 a2p0 re0 rm0 nos0 ru1 dp0}{const-unsigned-int code* fixed}[r0x1004 r0x1005 ] + 0x0 {const-unsigned-char literal}]
0020   5800           00166         MOVAR   r0x1004
0021   5600           00167         MOVRA   STK01
0022   5800           00168         MOVAR   r0x1005
0023   5600           00169         MOVRA   STK00
0024   3C80           00170         MOVAI   0x80
0025   8000           00171         CALL    __gptrget2
0026   5600           00172         MOVRA   r0x1006
0027   5800           00173         MOVAR   STK00
0028   5600           00174         MOVRA   r0x1007
                      00175 ;;[ICODE] ../libsdcc/idata.c:81:        iTemp17 [k28 lr20:21 so:0]{ ia0 a2p0 re0 rm0 nos0 ru0 dp0}{const-unsigned-int fixed}[r0x1004 r0x1005 ] = @[iTemp34 [k47 lr7:42 so:0]{ ia1 a2p0 re0 rm0 nos0 ru0 dp0}{const-struct __00000000 code* fixed}[r0x1002 r0x1003 ] + 0x0 {const-unsigned-char literal}]
                      00176 ;       .line   81; "../libsdcc/idata.c"        src = (__code char *) cptr->src;
0029   5800           00177         MOVAR   r0x1002
002A   5600           00178         MOVRA   STK01
002B   5800           00179         MOVAR   r0x1003
002C   5600           00180         MOVRA   STK00
002D   3C80           00181         MOVAI   0x80
002E   8000           00182         CALL    __gptrget2
002F   5600           00183         MOVRA   r0x1008
0030   5600           00184         MOVRA   r0x1005
0031   5800           00185         MOVAR   STK00
0032   5600           00186         MOVRA   r0x1009
0033   5600           00187         MOVRA   r0x1004
                      00188 ;;[ICODE] ../libsdcc/idata.c:81:        iTemp30 [k43 lr21:39 so:0]{ ia0 a2p0 re0 rm0 nos0 ru0 dp0}{const-char code* fixed}[r0x1008 r0x1009 ] = (const-char code* fixed)iTemp17 [k28 lr20:21 so:0]{ ia0 a2p0 re0 rm0 nos0 ru0 dp0}{const-unsigned-int fixed}[r0x1004 r0x1005 ]
                      00189 ;;100   MOVAR   r0x1005
                      00190 ;;99    MOVAR   r0x1004
                      00191 ;;[ICODE] ../libsdcc/idata.c:82:        iTemp21 [k34 lr23:24 so:0]{ ia1 a2p0 re0 rm0 nos0 ru1 dp0}{const-unsigned-int code* fixed}[r0x1004 r0x1005 ] = iTemp34 [k47 lr7:42 so:0]{ ia0 a2p0 re0 rm0 nos0 ru0 dp0}{const-struct __00000000 code* fixed}[r0x1002 r0x1003 ] + 0x2 {const-unsigned-char literal}
                      00192 ;       .line   82; "../libsdcc/idata.c"        dst = (__data char *) cptr->dst;
0034   3C02           00193         MOVAI   0x02
0035   7C00           00194         ADDAR   r0x1002
0036   5600           00195         MOVRA   r0x1004
0037   7600           00196         CLRR    r0x1005
0038   5200           00197         RLR     r0x1005
0039   5800           00198         MOVAR   r0x1003
003A   7E00           00199         ADDRA   r0x1005
                      00200 ;;[ICODE] ../libsdcc/idata.c:82:        iTemp22 [k35 lr24:25 so:0]{ ia0 a2p0 re0 rm0 nos0 ru0 dp0}{const-unsigned-int fixed}[r0x100A r0x100B ] = @[iTemp21 [k34 lr23:24 so:0]{ ia1 a2p0 re0 rm0 nos0 ru1 dp0}{const-unsigned-int code* fixed}[r0x1004 r0x1005 ] + 0x0 {const-unsigned-char literal}]
003B   5800           00201         MOVAR   r0x1004
003C   5600           00202         MOVRA   STK01
003D   5800           00203         MOVAR   r0x1005
003E   5600           00204         MOVRA   STK00
003F   3C80           00205         MOVAI   0x80
0040   8000           00206         CALL    __gptrget2
0041   5600           00207         MOVRA   r0x1005
0042   5600           00208         MOVRA   r0x100A
0043   5800           00209         MOVAR   STK00
0044   5600           00210         MOVRA   r0x1004
0045   5600           00211         MOVRA   r0x100B
                      00212 ;;[ICODE] ../libsdcc/idata.c:82:        iTemp32 [k45 lr25:39 so:0]{ ia0 a2p0 re0 rm0 nos0 ru0 dp0}{char near* fixed}[r0x1004 r0x1005 ] = (char near* fixed)iTemp22 [k35 lr24:25 so:0]{ ia0 a2p0 re0 rm0 nos0 ru0 dp0}{const-unsigned-int fixed}[r0x100A r0x100B ]
                      00213 ;;102   MOVAR   r0x100A
                      00214 ;;101   MOVAR   r0x100B
                      00215 ;;[ICODE] ../libsdcc/idata.c:85:  _whilecontinue_1($1) :
                      00216 ;;[ICODE] ../libsdcc/idata.c:85:        iTemp24 [k37 lr32:34 so:0]{ ia0 a2p0 re0 rm0 nos1 ru0 dp0}{unsigned-int fixed}[r0x100A r0x100B ] := iTemp25 [k38 lr18:39 so:0]{ ia0 a2p0 re0 rm0 nos0 ru0 dp0}{unsigned-int fixed}[r0x1006 r0x1007 ]
0046                  00217 _00105_DS_
                      00218 ;       .line   85; "../libsdcc/idata.c"        while (size--) {
0046   5800           00219         MOVAR   r0x1007
0047   5600           00220         MOVRA   r0x100B
0048   5800           00221         MOVAR   r0x1006
0049   5600           00222         MOVRA   r0x100A
                      00223 ;;[ICODE] ../libsdcc/idata.c:85:        iTemp25 [k38 lr18:39 so:0]{ ia0 a2p0 re0 rm0 nos0 ru0 dp0}{unsigned-int fixed}[r0x1006 r0x1007 ] = iTemp25 [k38 lr18:39 so:0]{ ia0 a2p0 re0 rm0 nos0 ru0 dp0}{unsigned-int fixed}[r0x1006 r0x1007 ] - 0x1 {const-unsigned-char literal}
004A   3CFF           00224         MOVAI   0xff
004B   7E00           00225         ADDRA   r0x1007
004C   E187           00226         JBSET   STATUS,0
004D   6E00           00227         DECR    r0x1006
                      00228 ;;[ICODE] ../libsdcc/idata.c:85:        if iTemp24 [k37 lr32:34 so:0]{ ia0 a2p0 re0 rm0 nos1 ru0 dp0}{unsigned-int fixed}[r0x100A r0x100B ] == 0 goto _whilebreak_1($3)
004E   5800           00229         MOVAR   r0x100B
004F   5C00           00230         ORAR    r0x100A
0050   F587           00231         JBCLR   STATUS,2
0051   A000           00232         GOTO    _00107_DS_
                      00233 ;;[ICODE] ../libsdcc/idata.c:86:        iTemp28 [k41 lr35:36 so:0]{ ia0 a2p0 re0 rm0 nos0 ru0 dp0}{const-char register}[r0x100A ] = @[iTemp30 [k43 lr21:39 so:0]{ ia1 a2p0 re0 rm0 nos0 ru0 dp0}{const-char code* fixed}[r0x1008 r0x1009 ] + 0x0 {const-unsigned-char literal}]
                      00234 ;       .line   86; "../libsdcc/idata.c"        *dst = *src;
0052   5800           00235         MOVAR   r0x1009
0053   5600           00236         MOVRA   STK01
0054   5800           00237         MOVAR   r0x1008
0055   5600           00238         MOVRA   STK00
0056   3C80           00239         MOVAI   0x80
0057   8000           00240         CALL    __gptrget1
0058   5600           00241         MOVRA   r0x100B
                      00242 ;;[ICODE] ../libsdcc/idata.c:86:        *(iTemp32 [k45 lr25:39 so:0]{ ia1 a2p0 re0 rm0 nos0 ru0 dp0}{char near* fixed}[r0x1004 r0x1005 ]) := iTemp28 [k41 lr35:36 so:0]{ ia0 a2p0 re0 rm0 nos0 ru0 dp0}{const-char register}[r0x100A ]
0059   5800           00243         MOVAR   r0x1004
Error[113]  : Symbol not previously defined (FSR).
005A   5600           00244         MOVRA   FSR
005B   DF87           00245         BCLR    STATUS,7
005C   F000           00246         JBCLR   r0x1005,0
005D   CF87           00247         BSET    STATUS,7
005E   5800           00248         MOVAR   r0x100B
Error[113]  : Symbol not previously defined (INDF).
005F   5600           00249         MOVRA   INDF
                      00250 ;;[ICODE] ../libsdcc/idata.c:87:        iTemp30 [k43 lr21:39 so:0]{ ia0 a2p0 re0 rm0 nos0 ru0 dp0}{const-char code* fixed}[r0x1008 r0x1009 ] = iTemp30 [k43 lr21:39 so:0]{ ia0 a2p0 re0 rm0 nos0 ru0 dp0}{const-char code* fixed}[r0x1008 r0x1009 ] + 0x1 {const-unsigned-char literal}
                      00251 ;       .line   87; "../libsdcc/idata.c"        src++;
0060   6600           00252         INCR    r0x1009
0061   F587           00253         JBCLR   STATUS,2
0062   6600           00254         INCR    r0x1008
                      00255 ;;[ICODE] ../libsdcc/idata.c:88:        iTemp32 [k45 lr25:39 so:0]{ ia0 a2p0 re0 rm0 nos0 ru0 dp0}{char near* fixed}[r0x1004 r0x1005 ] = iTemp32 [k45 lr25:39 so:0]{ ia0 a2p0 re0 rm0 nos0 ru0 dp0}{char near* fixed}[r0x1004 r0x1005 ] + 0x1 {const-unsigned-char literal}
                      00256 ;       .line   88; "../libsdcc/idata.c"        dst++;
0063   6600           00257         INCR    r0x1004
0064   F587           00258         JBCLR   STATUS,2
0065   6600           00259         INCR    r0x1005
                      00260 ;;[ICODE] ../libsdcc/idata.c:88:         goto _whilecontinue_1($1)
0066   A000           00261         GOTO    _00105_DS_
                      00262 ;;[ICODE] ../libsdcc/idata.c:88:  _whilebreak_1($3) :
                      00263 ;;[ICODE] ../libsdcc/idata.c:92:        iTemp34 [k47 lr7:42 so:0]{ ia0 a2p0 re0 rm0 nos0 ru0 dp0}{const-struct __00000000 code* fixed}[r0x1002 r0x1003 ] = iTemp34 [k47 lr7:42 so:0]{ ia0 a2p0 re0 rm0 nos0 ru0 dp0}{const-struct __00000000 code* fixed}[r0x1002 r0x1003 ] + 0x6 {const-unsigned-char literal}
0067                  00264 _00107_DS_
                      00265 ;       .line   92; "../libsdcc/idata.c"        cptr++;
0067   3C06           00266         MOVAI   0x06
0068   7E00           00267         ADDRA   r0x1002
0069   F187           00268         JBCLR   STATUS,0
006A   6600           00269         INCR    r0x1003
                      00270 ;;[ICODE] ../libsdcc/idata.c:92:         goto _whilecontinue_0($4)
006B   A000           00271         GOTO    _00108_DS_
                      00272 ;;[ICODE] ../libsdcc/idata.c:92:  _whilebreak_0($6) :
                      00273 ;;[ICODE] ../libsdcc/idata.c:99: inline
006C                  00274 _00110_DS_
                      00275 ;       .line   99; "../libsdcc/idata.c"        __endasm;
006C   A000           00276         GOTO _main
                      00277         
                      00278 ;;[ICODE] ../libsdcc/idata.c:99:  _return($7) :
                      00279 ;;[ICODE] ../libsdcc/idata.c:99:        eproc __sdcc_gsinit_startup [k1 lr0:0 so:0]{ ia0 a2p0 re0 rm0 nos0 ru0 dp0}{void function ( ) fixed}
006D   000C           00280         RETURN  
                      00281 ; exit point of __sdcc_gsinit_startup
                      00282 
                      00283 
                      00284 ;       code size estimation:
                      00285 ;         109+    0 =   109 instructions (  218 byte)
                      00286 
                      00287         end
gpasm-2.0.0_beta2 (Nov  6 2017)idata.asm          2017-12-7  15:58:34          PAGE  2


SYMBOL TABLE
  LABEL                             VALUE

ADCHS0                            00000004
ADCHS1                            00000005
ADCHS2                            00000006
ADCHS3                            00000007
ADCKS0                            00000002
ADCKS1                            00000003
ADCR0                             000001B0
ADCR1                             000001B1
ADEOC                             00000001
ADON                              00000000
ADR0                              00000000
ADR1                              00000001
ADR10                             00000006
ADR11                             00000007
ADR2                              00000002
ADR3                              00000003
ADR4                              00000000
ADR5                              00000001
ADR6                              00000002
ADR7                              00000003
ADR8                              00000004
ADR9                              00000005
ADRH                              000001B4
ADRL                              000001B5
AN0SEL                            000001B2
AN1SEL                            000001B3
AUCR                              000001A8
BUZ0OE                            00000005
BUZ1OE                            00000005
C                                 00000000
CLKS                              00000002
DC                                00000001
DRVEN                             00000007
FSR0                              00000184
FSR00                             00000000
FSR01                             00000001
FSR02                             00000002
FSR03                             00000003
FSR04                             00000004
FSR05                             00000005
FSR06                             00000006
FSR07                             00000007
FSR1                              00000185
FSR10                             00000000
FSR11                             00000001
FSR12                             00000002
FSR13                             00000003
FSR14                             00000004
FSR15                             00000005
FSR16                             00000006
FSR17                             00000007
GIE                               00000007
HFEN                              00000000
HIBYTE                            00000183
HIBYTE0                           00000000
HIBYTE1                           00000001
HIBYTE2                           00000002
HIBYTE3                           00000003
HIBYTE4                           00000004
HIBYTE5                           00000005
HIBYTE6                           00000006
HIBYTE7                           00000007
INDF0                             00000180
INDF00                            00000000
INDF01                            00000001
INDF02                            00000002
INDF03                            00000003
INDF04                            00000004
INDF05                            00000005
INDF06                            00000006
INDF07                            00000007
INDF1                             00000181
INDF10                            00000000
INDF11                            00000001
INDF12                            00000002
INDF13                            00000003
INDF14                            00000004
INDF15                            00000005
INDF16                            00000006
INDF17                            00000007
INDF2                             00000182
INDF20                            00000000
INDF21                            00000001
INDF22                            00000002
INDF23                            00000003
INDF24                            00000004
INDF25                            00000005
INDF26                            00000006
INDF27                            00000007
INDF3                             00000189
INDF30                            00000000
INDF31                            00000001
INDF32                            00000002
INDF33                            00000003
INDF34                            00000004
INDF35                            00000005
INDF36                            00000006
INDF37                            00000007
INTE0                             0000018A
INTF0                             0000018B
IOP0                              00000190
IOP1                              00000194
KBCR                              000001A9
KBCR0                             00000000
KBCR1                             00000001
KBCR2                             00000002
KBCR3                             00000003
KBCR4                             00000004
KBCR5                             00000005
KBCR6                             00000006
LFEN                              00000001
LVDCR                             000001AF
LVDEN                             00000007
LVDF                              00000000
LVDS0                             00000004
LVDS1                             00000005
LVDS2                             00000006
MCR                               00000188
MINT00                            00000000
MINT01                            00000001
MINT10                            00000002
MINT11                            00000003
NMOS0ON                           00000000
OEP0                              00000191
OEP1                              00000195
OSCCAL                            000001FB
OSCCAL0                           00000000
OSCCAL1                           00000001
OSCCAL2                           00000002
OSCCAL3                           00000003
OSCCAL4                           00000004
OSCCAL5                           00000005
OSCCAL6                           00000006
OSCCAL7                           00000007
OSCM                              000001AE
P00ANS                            00000000
P00D                              00000000
P00OE                             00000000
P00PD                             00000000
P00PU                             00000000
P01ANS                            00000001
P01D                              00000001
P01DV                             00000003
P01OE                             00000001
P01PD                             00000001
P01PU                             00000001
P02ANS                            00000002
P02D                              00000002
P02OE                             00000002
P02PD                             00000002
P02PU                             00000002
P03ANS                            00000003
P03D                              00000003
P03OE                             00000003
P03PD                             00000003
P03PU                             00000003
P04ANS                            00000004
P04D                              00000004
P04OE                             00000004
P04PD                             00000004
P04PU                             00000004
P04WP                             00000005
P05ANS                            00000005
P05D                              00000005
P05OE                             00000005
P05PD                             00000005
P05PU                             00000005
P06ANS                            00000006
P06D                              00000006
P06OE                             00000006
P06PD                             00000006
P06PU                             00000006
P10ANS                            00000000
P10D                              00000000
P10OE                             00000000
P10PD                             00000000
P10PU                             00000000
P11ANS                            00000001
P11D                              00000001
P11DV                             00000002
P11OE                             00000001
P11PD                             00000001
P11PU                             00000001
P12ANS                            00000002
P12D                              00000002
P12OE                             00000002
P12PD                             00000002
P12PU                             00000002
P13ANS                            00000003
P13D                              00000003
P13OE                             00000003
P13PD                             00000003
P13PU                             00000003
P13SP                             00000004
P14ANS                            00000004
P14D                              00000004
P14OE                             00000004
P14PU                             00000004
P15ANS                            00000005
P15D                              00000005
P15OE                             00000005
P15PD                             00000005
P15PU                             00000005
P16ANS                            00000006
P16D                              00000006
P16OE                             00000006
P16PD                             00000006
P16PU                             00000006
PC0                               00000000
PC1                               00000001
PC2                               00000002
PC3                               00000003
PC4                               00000004
PC5                               00000005
PC6                               00000006
PC7                               00000007
PCL                               00000186
PD                                00000004
PDP0                              00000193
PDP1                              00000197
PMOS1ON                           00000001
PUP0                              00000192
PUP1                              00000196
PWM0OE                            00000006
PWM1OE                            00000006
SPDSL                             00000006
STATUS                            00000187
STBH                              00000004
STBL                              00000005
STK00                             00000000
STK01                             00000000
STK02                             00000000
STK03                             00000000
STK04                             00000000
STK05                             00000000
STK06                             00000000
T0C0                              00000000
T0C1                              00000001
T0C2                              00000002
T0C3                              00000003
T0C4                              00000004
T0C5                              00000005
T0C6                              00000006
T0C7                              00000007
T0CNT                             000001A1
T0CR                              000001A0
T0DATA                            000001A3
T0DATA0                           00000000
T0DATA1                           00000001
T0DATA2                           00000002
T0DATA3                           00000003
T0DATA4                           00000004
T0DATA5                           00000005
T0DATA6                           00000006
T0DATA7                           00000007
T0LOAD                            000001A2
T0LOAD0                           00000000
T0LOAD1                           00000001
T0LOAD2                           00000002
T0LOAD3                           00000003
T0LOAD4                           00000004
T0LOAD5                           00000005
T0LOAD6                           00000006
T0LOAD7                           00000007
T0PR0                             00000000
T0PR1                             00000001
T0PR2                             00000002
T0PTS0                            00000003
T0PTS1                            00000004
T1C0                              00000000
T1C1                              00000001
T1C2                              00000002
T1C3                              00000003
T1C4                              00000004
T1C5                              00000005
T1C6                              00000006
T1C7                              00000007
T1CNT                             000001A5
T1CR                              000001A4
T1DATA                            000001A7
T1DATA0                           00000000
T1DATA1                           00000001
T1DATA2                           00000002
T1DATA3                           00000003
T1DATA4                           00000004
T1DATA5                           00000005
T1DATA6                           00000006
T1DATA7                           00000007
T1LOAD                            000001A6
T1LOAD0                           00000000
T1LOAD1                           00000001
T1LOAD2                           00000002
T1LOAD3                           00000003
T1LOAD4                           00000004
T1LOAD5                           00000005
T1LOAD6                           00000006
T1LOAD7                           00000007
T1PR0                             00000000
T1PR1                             00000001
T1PR2                             00000002
T1PTS0                            00000003
T1PTS1                            00000004
TC0EN                             00000007
TC1EN                             00000007
TO                                00000005
VRS0                              00000000
VRS1                              00000001
VRS2                              00000002
Z                                 00000002
_00105_DS_                        00000046
_00107_DS_                        00000067
_00108_DS_                        0000000D
_00110_DS_                        0000006C
_CONFIG0                          00008000
_CONFIG1                          00008001
__32P7510                         00000001
__gptrget1                        00000000
__gptrget2                        00000000
__sdcc_gsinit_startup             00000000
_cinit                            00000000
_force_cinit                      00000000
_main                             00000000
r0x1000                           00000001
r0x1001                           00000000
r0x1002                           00000002
r0x1003                           00000003
r0x1004                           00000004
r0x1005                           00000005
r0x1006                           00000007
r0x1007                           00000006
r0x1008                           00000009
r0x1009                           00000008
r0x100A                           0000000B
r0x100B                           0000000A

Errors   :     2
Warnings :     0 reported,     0 suppressed
Messages :     0 reported,     0 suppressed

