gpasm-1.9.6 (Apr 26 2017)    mc32f7122.asm      2017-4-27  10:00:40          PAGE  1


LOC  OBJECT CODE     LINE SOURCE TEXT
  VALUE

                      00001 ;--------------------------------------------------------
                      00002 ; File Created by SN-SDCC : ANSI-C Compiler
                      00003 ; Version 0.0.4 (Nov 23 2015) (Linux)
                      00004 ; This file was generated Thu Apr 27 10:00:40 2017
                      00005 ;--------------------------------------------------------
                      00006 ; MC3X port for the RISC core
                      00007 ;--------------------------------------------------------
                      00008 ;       .file   "mc32f7122.c"
                      00009         list    p=7122
                      00010         radix dec
                      00011         include "7122.inc"
                      00001                 LIST
                      00002 ;mc32f7122.inc    Standard Header File, Version 1.00 by Sinomcu
Message[301]: Processor-header file mismatch.  Verify selected processor.
                      00643                 LIST
                      00012 ;--------------------------------------------------------
                      00013 ; external declarations
                      00014 ;--------------------------------------------------------
                      00015 
                      00016         extern STK06
                      00017         extern STK05
                      00018         extern STK04
                      00019         extern STK03
                      00020         extern STK02
                      00021         extern STK01
                      00022         extern STK00
                      00023 ;--------------------------------------------------------
                      00024 ; global declarations
                      00025 ;--------------------------------------------------------
                      00026         global  _PCLbits
                      00027         global  _PFLAGbits
                      00028         global  _MCRbits
                      00029         global  _INTEbits
                      00030         global  _INTFbits
                      00031         global  _OSCMbits
                      00032         global  _INTE1bits
                      00033         global  _INTF1bits
                      00034         global  _LCDCRbits
                      00035         global  _IOP0bits
                      00036         global  _OEP0bits
                      00037         global  _PUP0bits
                      00038         global  _PDP0bits
                      00039         global  _IOP1bits
                      00040         global  _OEP1bits
                      00041         global  _PUP1bits
                      00042         global  _PDP1bits
                      00043         global  _IOP2bits
                      00044         global  _OEP2bits
                      00045         global  _PUP2bits
                      00046         global  _PDP2bits
                      00047         global  _T0CRbits
                      00048         global  _T0EFRbits
                      00049         global  _T1CRbits
                      00050         global  _T1CNTbits
                      00051         global  _T1LOADbits
                      00052         global  _T2CRbits
                      00053         global  _T2CNTbits
                      00054         global  _T2LOADbits
                      00055         global  _T2EFRbits
                      00056         global  _T3CRbits
                      00057         global  _T3CNTbits
                      00058         global  _T3LOADbits
                      00059         global  _IICCRbits
                      00060         global  _IICARbits
                      00061         global  _EECRbits
                      00062         global  _ADCR0bits
                      00063         global  _ADCR1bits
                      00064         global  _ADIOS0bits
                      00065         global  _ADIOS1bits
                      00066         global  _OSADJCRbits
                      00067         global  _PPGCRbits
                      00068         global  _PPGLOADbits
                      00069         global  _PPGTDLbits
                      00070         global  _PPGTDBbits
                      00071         global  _OPACRbits
                      00072         global  _OPACLRbits
                      00073         global  _CPCRbits
                      00074         global  _CPSRbits
                      00075         global  _CPVR0bits
                      00076         global  _CPVR1bits
                      00077         global  _CP0CLRbits
                      00078         global  _CP1CLRbits
                      00079         global  _CP2CLRbits
                      00080         global  _CP3CLRbits
                      00081         global  _INDF
                      00082         global  _INDF0
                      00083         global  _INDF1
                      00084         global  _INDF2
                      00085         global  _HIBYTE
                      00086         global  _FSR
                      00087         global  _FSR0
                      00088         global  _FSR1
                      00089         global  _PCL
                      00090         global  _STATUS
                      00091         global  _PFLAG
                      00092         global  _MCR
                      00093         global  _INDF3
                      00094         global  _INTE
                      00095         global  _INTF
                      00096         global  _OSCM
                      00097         global  _INTE1
                      00098         global  _INTF1
                      00099         global  _LCDCR
                      00100         global  _IOP0
                      00101         global  _OEP0
                      00102         global  _PUP0
                      00103         global  _PDP0
                      00104         global  _IOP1
                      00105         global  _OEP1
                      00106         global  _PUP1
                      00107         global  _PDP1
                      00108         global  _IOP2
                      00109         global  _OEP2
                      00110         global  _PUP2
                      00111         global  _PDP2
                      00112         global  _T0CR
                      00113         global  _T0CNT
                      00114         global  _T0LOAD
                      00115         global  _T0DATA
                      00116         global  _T0EFR
                      00117         global  _T1CR
                      00118         global  _T1CNT
                      00119         global  _T1LOAD
                      00120         global  _T2CR
                      00121         global  _T2CNT
                      00122         global  _T2LOAD
                      00123         global  _T2EFR
                      00124         global  _T3CR
                      00125         global  _T3CNT
                      00126         global  _T3LOAD
                      00127         global  _IICCR
                      00128         global  _IICAR
                      00129         global  _IICDR
                      00130         global  _EECR
                      00131         global  _EEMASK
                      00132         global  _EEAR
                      00133         global  _EEDR
                      00134         global  _ADCR0
                      00135         global  _ADCR1
                      00136         global  _ADRH
                      00137         global  _ADRL
                      00138         global  _ADIOS0
                      00139         global  _ADIOS1
                      00140         global  _OSADJCR
                      00141         global  _PPGCR
                      00142         global  _PPGLOAD
                      00143         global  _PPGTDL
                      00144         global  _PPGTDB
                      00145         global  _OPACR
                      00146         global  _OPACLR
                      00147         global  _CPCR
                      00148         global  _CPSR
                      00149         global  _CPVR0
                      00150         global  _CPVR1
                      00151         global  _CP0CLR
                      00152         global  _CP1CLR
                      00153         global  _CP2CLR
                      00154         global  _CP3CLR
                      00155 
                      00156 ;--------------------------------------------------------
                      00157 ; global definitions
                      00158 ;--------------------------------------------------------
                      00159 ;--------------------------------------------------------
                      00160 ; absolute symbol definitions
                      00161 ;--------------------------------------------------------
                      00162 UD_abs_mc32f7122_180    udata_ovr       0x0180
00C0                  00163 _INDF
00C0                  00164 _INDF0
00C0                  00165         res     1
                      00166 UD_abs_mc32f7122_181    udata_ovr       0x0181
00C0                  00167 _INDF1
00C0                  00168         res     1
                      00169 UD_abs_mc32f7122_182    udata_ovr       0x0182
00C1                  00170 _INDF2
00C1                  00171         res     1
                      00172 UD_abs_mc32f7122_183    udata_ovr       0x0183
00C1                  00173 _HIBYTE
00C1                  00174         res     1
                      00175 UD_abs_mc32f7122_184    udata_ovr       0x0184
00C2                  00176 _FSR
00C2                  00177 _FSR0
00C2                  00178         res     1
                      00179 UD_abs_mc32f7122_185    udata_ovr       0x0185
00C2                  00180 _FSR1
00C2                  00181         res     1
                      00182 UD_abs_mc32f7122_186    udata_ovr       0x0186
00C3                  00183 _PCLbits
00C3                  00184 _PCL
00C3                  00185         res     1
                      00186 UD_abs_mc32f7122_187    udata_ovr       0x0187
00C3                  00187 _PFLAGbits
00C3                  00188 _STATUS
00C3                  00189 _PFLAG
00C3                  00190         res     1
                      00191 UD_abs_mc32f7122_188    udata_ovr       0x0188
00C4                  00192 _MCRbits
00C4                  00193 _MCR
00C4                  00194         res     1
                      00195 UD_abs_mc32f7122_189    udata_ovr       0x0189
00C4                  00196 _INDF3
00C4                  00197         res     1
                      00198 UD_abs_mc32f7122_18a    udata_ovr       0x018a
00C5                  00199 _INTEbits
00C5                  00200 _INTE
00C5                  00201         res     1
                      00202 UD_abs_mc32f7122_18b    udata_ovr       0x018b
00C5                  00203 _INTFbits
00C5                  00204 _INTF
00C5                  00205         res     1
                      00206 UD_abs_mc32f7122_18c    udata_ovr       0x018c
00C6                  00207 _OSCMbits
00C6                  00208 _OSCM
00C6                  00209         res     1
                      00210 UD_abs_mc32f7122_18d    udata_ovr       0x018d
00C6                  00211 _INTE1bits
00C6                  00212 _INTE1
00C6                  00213         res     1
                      00214 UD_abs_mc32f7122_18e    udata_ovr       0x018e
00C7                  00215 _INTF1bits
00C7                  00216 _INTF1
00C7                  00217         res     1
                      00218 UD_abs_mc32f7122_18f    udata_ovr       0x018f
00C7                  00219 _LCDCRbits
00C7                  00220 _LCDCR
00C7                  00221         res     1
                      00222 UD_abs_mc32f7122_190    udata_ovr       0x0190
00C8                  00223 _IOP0bits
00C8                  00224 _IOP0
00C8                  00225         res     1
                      00226 UD_abs_mc32f7122_191    udata_ovr       0x0191
00C8                  00227 _OEP0bits
00C8                  00228 _OEP0
00C8                  00229         res     1
                      00230 UD_abs_mc32f7122_192    udata_ovr       0x0192
00C9                  00231 _PUP0bits
00C9                  00232 _PUP0
00C9                  00233         res     1
                      00234 UD_abs_mc32f7122_193    udata_ovr       0x0193
00C9                  00235 _PDP0bits
00C9                  00236 _PDP0
00C9                  00237         res     1
                      00238 UD_abs_mc32f7122_194    udata_ovr       0x0194
00CA                  00239 _IOP1bits
00CA                  00240 _IOP1
00CA                  00241         res     1
                      00242 UD_abs_mc32f7122_195    udata_ovr       0x0195
00CA                  00243 _OEP1bits
00CA                  00244 _OEP1
00CA                  00245         res     1
                      00246 UD_abs_mc32f7122_196    udata_ovr       0x0196
00CB                  00247 _PUP1bits
00CB                  00248 _PUP1
00CB                  00249         res     1
                      00250 UD_abs_mc32f7122_197    udata_ovr       0x0197
00CB                  00251 _PDP1bits
00CB                  00252 _PDP1
00CB                  00253         res     1
                      00254 UD_abs_mc32f7122_198    udata_ovr       0x0198
00CC                  00255 _IOP2bits
00CC                  00256 _IOP2
00CC                  00257         res     1
                      00258 UD_abs_mc32f7122_199    udata_ovr       0x0199
00CC                  00259 _OEP2bits
00CC                  00260 _OEP2
00CC                  00261         res     1
                      00262 UD_abs_mc32f7122_19a    udata_ovr       0x019a
00CD                  00263 _PUP2bits
00CD                  00264 _PUP2
00CD                  00265         res     1
                      00266 UD_abs_mc32f7122_19b    udata_ovr       0x019b
00CD                  00267 _PDP2bits
00CD                  00268 _PDP2
00CD                  00269         res     1
                      00270 UD_abs_mc32f7122_1a0    udata_ovr       0x01a0
00D0                  00271 _T0CRbits
00D0                  00272 _T0CR
00D0                  00273         res     1
                      00274 UD_abs_mc32f7122_1a1    udata_ovr       0x01a1
00D0                  00275 _T0CNT
00D0                  00276         res     1
                      00277 UD_abs_mc32f7122_1a2    udata_ovr       0x01a2
00D1                  00278 _T0LOAD
00D1                  00279         res     1
                      00280 UD_abs_mc32f7122_1a3    udata_ovr       0x01a3
00D1                  00281 _T0DATA
00D1                  00282         res     1
                      00283 UD_abs_mc32f7122_1a4    udata_ovr       0x01a4
00D2                  00284 _T0EFRbits
00D2                  00285 _T0EFR
00D2                  00286         res     1
                      00287 UD_abs_mc32f7122_1a5    udata_ovr       0x01a5
00D2                  00288 _T1CRbits
00D2                  00289 _T1CR
00D2                  00290         res     1
                      00291 UD_abs_mc32f7122_1a6    udata_ovr       0x01a6
00D3                  00292 _T1CNTbits
00D3                  00293 _T1CNT
00D3                  00294         res     1
                      00295 UD_abs_mc32f7122_1a7    udata_ovr       0x01a7
00D3                  00296 _T1LOADbits
00D3                  00297 _T1LOAD
00D3                  00298         res     1
                      00299 UD_abs_mc32f7122_1a8    udata_ovr       0x01a8
00D4                  00300 _T2CRbits
00D4                  00301 _T2CR
00D4                  00302         res     1
                      00303 UD_abs_mc32f7122_1a9    udata_ovr       0x01a9
00D4                  00304 _T2CNTbits
00D4                  00305 _T2CNT
00D4                  00306         res     1
                      00307 UD_abs_mc32f7122_1aa    udata_ovr       0x01aa
00D5                  00308 _T2LOADbits
00D5                  00309 _T2LOAD
00D5                  00310         res     1
                      00311 UD_abs_mc32f7122_1ac    udata_ovr       0x01ac
00D6                  00312 _T2EFRbits
00D6                  00313 _T2EFR
00D6                  00314         res     1
                      00315 UD_abs_mc32f7122_1ad    udata_ovr       0x01ad
00D6                  00316 _T3CRbits
00D6                  00317 _T3CR
00D6                  00318         res     1
                      00319 UD_abs_mc32f7122_1ae    udata_ovr       0x01ae
00D7                  00320 _T3CNTbits
00D7                  00321 _T3CNT
00D7                  00322         res     1
                      00323 UD_abs_mc32f7122_1af    udata_ovr       0x01af
00D7                  00324 _T3LOADbits
00D7                  00325 _T3LOAD
00D7                  00326         res     1
                      00327 UD_abs_mc32f7122_1b0    udata_ovr       0x01b0
00D8                  00328 _IICCRbits
00D8                  00329 _IICCR
00D8                  00330         res     1
                      00331 UD_abs_mc32f7122_1b1    udata_ovr       0x01b1
00D8                  00332 _IICARbits
00D8                  00333 _IICAR
00D8                  00334         res     1
                      00335 UD_abs_mc32f7122_1b2    udata_ovr       0x01b2
00D9                  00336 _IICDR
00D9                  00337         res     1
                      00338 UD_abs_mc32f7122_1b4    udata_ovr       0x01b4
00DA                  00339 _EECRbits
00DA                  00340 _EECR
00DA                  00341         res     1
                      00342 UD_abs_mc32f7122_1b5    udata_ovr       0x01b5
00DA                  00343 _EEMASK
00DA                  00344         res     1
                      00345 UD_abs_mc32f7122_1b6    udata_ovr       0x01b6
00DB                  00346 _EEAR
00DB                  00347         res     1
                      00348 UD_abs_mc32f7122_1b7    udata_ovr       0x01b7
00DB                  00349 _EEDR
00DB                  00350         res     1
                      00351 UD_abs_mc32f7122_1b8    udata_ovr       0x01b8
00DC                  00352 _ADCR0bits
00DC                  00353 _ADCR0
00DC                  00354         res     1
                      00355 UD_abs_mc32f7122_1b9    udata_ovr       0x01b9
00DC                  00356 _ADCR1bits
00DC                  00357 _ADCR1
00DC                  00358         res     1
                      00359 UD_abs_mc32f7122_1ba    udata_ovr       0x01ba
00DD                  00360 _ADRH
00DD                  00361         res     1
                      00362 UD_abs_mc32f7122_1bb    udata_ovr       0x01bb
00DD                  00363 _ADRL
00DD                  00364         res     1
                      00365 UD_abs_mc32f7122_1bc    udata_ovr       0x01bc
00DE                  00366 _ADIOS0bits
00DE                  00367 _ADIOS0
00DE                  00368         res     1
                      00369 UD_abs_mc32f7122_1bd    udata_ovr       0x01bd
00DE                  00370 _ADIOS1bits
00DE                  00371 _ADIOS1
00DE                  00372         res     1
                      00373 UD_abs_mc32f7122_1be    udata_ovr       0x01be
00DF                  00374 _OSADJCRbits
00DF                  00375 _OSADJCR
00DF                  00376         res     1
                      00377 UD_abs_mc32f7122_1c0    udata_ovr       0x01c0
00E0                  00378 _PPGCRbits
00E0                  00379 _PPGCR
00E0                  00380         res     1
                      00381 UD_abs_mc32f7122_1c1    udata_ovr       0x01c1
00E0                  00382 _PPGLOADbits
00E0                  00383 _PPGLOAD
00E0                  00384         res     1
                      00385 UD_abs_mc32f7122_1c2    udata_ovr       0x01c2
00E1                  00386 _PPGTDLbits
00E1                  00387 _PPGTDL
00E1                  00388         res     1
                      00389 UD_abs_mc32f7122_1c3    udata_ovr       0x01c3
00E1                  00390 _PPGTDBbits
00E1                  00391 _PPGTDB
00E1                  00392         res     1
                      00393 UD_abs_mc32f7122_1c4    udata_ovr       0x01c4
00E2                  00394 _OPACRbits
00E2                  00395 _OPACR
00E2                  00396         res     1
                      00397 UD_abs_mc32f7122_1c5    udata_ovr       0x01c5
00E2                  00398 _OPACLRbits
00E2                  00399 _OPACLR
00E2                  00400         res     1
                      00401 UD_abs_mc32f7122_1c8    udata_ovr       0x01c8
00E4                  00402 _CPCRbits
00E4                  00403 _CPCR
00E4                  00404         res     1
                      00405 UD_abs_mc32f7122_1c9    udata_ovr       0x01c9
00E4                  00406 _CPSRbits
00E4                  00407 _CPSR
00E4                  00408         res     1
                      00409 UD_abs_mc32f7122_1ca    udata_ovr       0x01ca
00E5                  00410 _CPVR0bits
00E5                  00411 _CPVR0
00E5                  00412         res     1
                      00413 UD_abs_mc32f7122_1cb    udata_ovr       0x01cb
00E5                  00414 _CPVR1bits
00E5                  00415 _CPVR1
00E5                  00416         res     1
                      00417 UD_abs_mc32f7122_1cc    udata_ovr       0x01cc
00E6                  00418 _CP0CLRbits
00E6                  00419 _CP0CLR
00E6                  00420         res     1
                      00421 UD_abs_mc32f7122_1cd    udata_ovr       0x01cd
00E6                  00422 _CP1CLRbits
00E6                  00423 _CP1CLR
00E6                  00424         res     1
                      00425 UD_abs_mc32f7122_1ce    udata_ovr       0x01ce
00E7                  00426 _CP2CLRbits
00E7                  00427 _CP2CLR
00E7                  00428         res     1
                      00429 UD_abs_mc32f7122_1cf    udata_ovr       0x01cf
00E7                  00430 _CP3CLRbits
00E7                  00431 _CP3CLR
00E7                  00432         res     1
                      00433 ;--------------------------------------------------------
                      00434 ; compiler-defined variables
                      00435 ;--------------------------------------------------------
                      00436 ;--------------------------------------------------------
                      00437 ; initialized data
                      00438 ;--------------------------------------------------------
                      00439 ;--------------------------------------------------------
                      00440 ; overlayable items in internal ram 
                      00441 ;--------------------------------------------------------
                      00442 ;       udata_ovr
                      00443 ;--------------------------------------------------------
                      00444 ; code
                      00445 ;--------------------------------------------------------
                      00446 code_mc32f7122  code
                      00447 
                      00448 ;       code size estimation:
                      00449 ;           0+    0 =     0 instructions (    0 byte)
                      00450 
                      00451         end
gpasm-1.9.6 (Apr 26 2017)    mc32f7122.asm      2017-4-27  10:00:40          PAGE  2


SYMBOL TABLE
  LABEL                             VALUE

ADCR0                             000001B8
ADCR1                             000001B9
ADIOS0                            000001BC
ADIOS1                            000001BD
ADRH                              000001BA
ADRL                              000001BB
CP0CLR                            000001CC
CP1CLR                            000001CD
CP2CLR                            000001CE
CP3CLR                            000001CF
CPCR                              000001C8
CPSR                              000001C9
CPVR0                             000001CA
CPVR1                             000001CB
EEAR                              000001B6
EECR                              000001B4
EEDR                              000001B7
EEMASK                            000001B5
FSR                               00000184
FSR0                              00000184
FSR1                              00000185
HIBYTE                            00000183
IICAR                             000001B1
IICCR                             000001B0
IICDR                             000001B2
INDF                              00000180
INDF0                             00000180
INDF1                             00000181
INDF2                             00000182
INDF3                             00000189
INTE                              0000018A
INTE1                             0000018D
INTF                              0000018B
INTF1                             0000018E
IOP0                              00000190
IOP1                              00000194
IOP2                              00000198
LCDCR                             0000018F
MCR                               00000188
OEP0                              00000191
OEP1                              00000195
OEP2                              00000199
OPACLR                            000001C5
OPACR                             000001C4
OSADJCR                           000001BE
OSCM                              0000018C
PCL                               00000186
PDP0                              00000193
PDP1                              00000197
PDP2                              0000019B
PFLAG                             00000187
PPGCR                             000001C0
PPGLOAD                           000001C1
PPGTDB                            000001C3
PPGTDL                            000001C2
PUP0                              00000192
PUP1                              00000196
PUP2                              0000019A
STATUS                            00000187
STK00                             00000000
STK01                             00000000
STK02                             00000000
STK03                             00000000
STK04                             00000000
STK05                             00000000
STK06                             00000000
T0CNT                             000001A1
T0CR                              000001A0
T0DATA                            000001A3
T0EFR                             000001A4
T0LOAD                            000001A2
T1CNT                             000001A6
T1CR                              000001A5
T1LOAD                            000001A7
T2CNT                             000001A9
T2CR                              000001A8
T2EFR                             000001AC
T2LOAD                            000001AA
T3CNT                             000001AE
T3CR                              000001AD
T3LOAD                            000001AF
_ADCR0                            000001B8
_ADCR0bits                        000001B8
_ADCR1                            000001B9
_ADCR1bits                        000001B9
_ADIOS0                           000001BC
_ADIOS0bits                       000001BC
_ADIOS1                           000001BD
_ADIOS1bits                       000001BD
_ADRH                             000001BA
_ADRL                             000001BB
_CONFIG0                          00008000
_CONFIG1                          00008001
_CP0CLR                           000001CC
_CP0CLRbits                       000001CC
_CP1CLR                           000001CD
_CP1CLRbits                       000001CD
_CP2CLR                           000001CE
_CP2CLRbits                       000001CE
_CP3CLR                           000001CF
_CP3CLRbits                       000001CF
_CPCR                             000001C8
_CPCRbits                         000001C8
_CPSR                             000001C9
_CPSRbits                         000001C9
_CPVR0                            000001CA
_CPVR0bits                        000001CA
_CPVR1                            000001CB
_CPVR1bits                        000001CB
_EEAR                             000001B6
_EECR                             000001B4
_EECRbits                         000001B4
_EEDR                             000001B7
_EEMASK                           000001B5
_FSR                              00000184
_FSR0                             00000184
_FSR1                             00000185
_HIBYTE                           00000183
_IICAR                            000001B1
_IICARbits                        000001B1
_IICCR                            000001B0
_IICCRbits                        000001B0
_IICDR                            000001B2
_INDF                             00000180
_INDF0                            00000180
_INDF1                            00000181
_INDF2                            00000182
_INDF3                            00000189
_INTE                             0000018A
_INTE1                            0000018D
_INTE1bits                        0000018D
_INTEbits                         0000018A
_INTF                             0000018B
_INTF1                            0000018E
_INTF1bits                        0000018E
_INTFbits                         0000018B
_IOP0                             00000190
_IOP0bits                         00000190
_IOP1                             00000194
_IOP1bits                         00000194
_IOP2                             00000198
_IOP2bits                         00000198
_LCDCR                            0000018F
_LCDCRbits                        0000018F
_MCR                              00000188
_MCRbits                          00000188
_OEP0                             00000191
_OEP0bits                         00000191
_OEP1                             00000195
_OEP1bits                         00000195
_OEP2                             00000199
_OEP2bits                         00000199
_OPACLR                           000001C5
_OPACLRbits                       000001C5
_OPACR                            000001C4
_OPACRbits                        000001C4
_OSADJCR                          000001BE
_OSADJCRbits                      000001BE
_OSCM                             0000018C
_OSCMbits                         0000018C
_PCL                              00000186
_PCLbits                          00000186
_PDP0                             00000193
_PDP0bits                         00000193
_PDP1                             00000197
_PDP1bits                         00000197
_PDP2                             0000019B
_PDP2bits                         0000019B
_PFLAG                            00000187
_PFLAGbits                        00000187
_PPGCR                            000001C0
_PPGCRbits                        000001C0
_PPGLOAD                          000001C1
_PPGLOADbits                      000001C1
_PPGTDB                           000001C3
_PPGTDBbits                       000001C3
_PPGTDL                           000001C2
_PPGTDLbits                       000001C2
_PUP0                             00000192
_PUP0bits                         00000192
_PUP1                             00000196
_PUP1bits                         00000196
_PUP2                             0000019A
_PUP2bits                         0000019A
_STATUS                           00000187
_T0CNT                            000001A1
_T0CR                             000001A0
_T0CRbits                         000001A0
_T0DATA                           000001A3
_T0EFR                            000001A4
_T0EFRbits                        000001A4
_T0LOAD                           000001A2
_T1CNT                            000001A6
_T1CNTbits                        000001A6
_T1CR                             000001A5
_T1CRbits                         000001A5
_T1LOAD                           000001A7
_T1LOADbits                       000001A7
_T2CNT                            000001A9
_T2CNTbits                        000001A9
_T2CR                             000001A8
_T2CRbits                         000001A8
_T2EFR                            000001AC
_T2EFRbits                        000001AC
_T2LOAD                           000001AA
_T2LOADbits                       000001AA
_T3CNT                            000001AE
_T3CNTbits                        000001AE
_T3CR                             000001AD
_T3CRbits                         000001AD
_T3LOAD                           000001AF
_T3LOADbits                       000001AF
__7122                            00000001
ADCHS0                            ADCR0,4
ADCHS1                            ADCR0,5
ADCHS2                            ADCR0,6
ADCHS3                            ADCR0,7
ADCKS0                            ADCR1,4
ADCKS1                            ADCR1,5
ADEN                              ADCR0,0
ADEOC                             ADCR0,1
ADIE                              INTE,6
ADIF                              INTF,6
ADRSEL                            ADCR1,7
ADSPS0                            ADCR1,0
ADSPS1                            ADCR1,1
ADVRS                             ADCR0,2
BUZ0OE                            T0CR,5
C                                 PFLAG,0
CLKS                              OSCM,2
CP0CLR0                           CP0CLR,0
CP0CLR1                           CP0CLR,1
CP0CLR2                           CP0CLR,2
CP0CLR3                           CP0CLR,3
CP0CLR4                           CP0CLR,4
CP0CLR5                           CP0CLR,5
CP0CLRS                           CP0CLR,6
CP0EN                             CPCR,0
CP0MOD                            CP0CLR,7
CP0OP                             CPSR,0
CP1CLR0                           CP1CLR,0
CP1CLR1                           CP1CLR,1
CP1CLR2                           CP1CLR,2
CP1CLR3                           CP1CLR,3
CP1CLR4                           CP1CLR,4
CP1CLR5                           CP1CLR,5
CP1CLRS                           CP1CLR,6
CP1EN                             CPCR,1
CP1IE                             INTE1,5
CP1IF                             INTF1,5
CP1MOD                            CP1CLR,7
CP1NS                             CPCR,4
CP1OP                             CPSR,1
CP1VS0                            CPVR0,0
CP1VS1                            CPVR0,1
CP1VS2                            CPVR0,2
CP1VS3                            CPVR0,3
CP2CLR0                           CP2CLR,0
CP2CLR1                           CP2CLR,1
CP2CLR2                           CP2CLR,2
CP2CLR3                           CP2CLR,3
CP2CLR4                           CP2CLR,4
CP2CLR5                           CP2CLR,5
CP2CLRS                           CP2CLR,6
CP2EN                             CPCR,2
CP2IE                             INTE1,6
CP2IF                             INTF1,6
CP2MOD                            CP2CLR,7
CP2OP                             CPSR,2
CP2VS0                            CPVR0,4
CP2VS2                            CPVR0,6
CP2VS3                            CPVR0,7
CP3CLR0                           CP3CLR,0
CP3CLR1                           CP3CLR,1
CP3CLR2                           CP3CLR,2
CP3CLR3                           CP3CLR,3
CP3CLR4                           CP3CLR,4
CP3CLR5                           CP3CLR,5
CP3CLRS                           CP3CLR,6
CP3EN                             CPCR,3
CP3IE                             INTE1,7
CP3IF                             INTF1,7
CP3MOD                            CP3CLR,7
CP3NS0                            CPCR,5
CP3NS1                            CPCR,6
CP3OP                             CPSR,3
CP3VS0                            CPVR1,0
CP3VS1                            CPVR1,1
CP3VS2                            CPVR1,2
CP3VS3                            CPVR1,3
CP3VS4                            CPVR1,4
DC                                PFLAG,1
EERW                              EECR,6
EETRIG                            EECR,7
GIE                               MCR,7
HFEN                              OSCM,0
IICAAS                            IICCR,6
IICAD0                            IICAR,1
IICAD1                            IICAR,2
IICAD2                            IICAR,3
IICAD3                            IICAR,4
IICAD4                            IICAR,5
IICAD5                            IICAR,6
IICAD6                            IICAR,7
IICBUSY                           IICCR,5
IICEN                             IICCR,1
IICEOF                            IICCR,7
IICIE                             INTE,5
IICIF                             INTF,5
IICMOD                            IICCR,4
INT0IE                            INTE,2
INT0IF                            INTF,2
INT1IE                            INTE,3
INT1IF                            INTF,3
LFEN                              OSCM,1
LVDEN                             LCDCR,7
LVDF                              LCDCR,0
LVDIE                             INTE,4
LVDIF                             INTF,4
MINT00                            MCR,0
MINT01                            MCR,1
MINT10                            MCR,2
MINT11                            MCR,3
MSTCMD                            IICCR,2
OPACLRS                           OPACLR,6
OPADLR0                           OPACLR,0
OPADLR1                           OPACLR,1
OPADLR2                           OPACLR,2
OPADLR3                           OPACLR,3
OPADLR4                           OPACLR,4
OPADLR5                           OPACLR,5
OPAEN                             OPACR,7
OPAMOD                            OPACLR,7
OPAOP                             OPACR,6
OPAOS0                            OPACR,2
OPAOS1                            OPACR,3
OPAPS0                            OPACR,0
OPAPS1                            OPACR,1
OSADJEN                           OSADJCR,7
OSADJTR0                          OSADJCR,0
OSADJTR1                          OSADJCR,1
OSADJTR2                          OSADJCR,2
OSADJTR3                          OSADJCR,3
OSADJTR4                          OSADJCR,4
OSADJTR5                          OSADJCR,5
P00ADS                            ADIOS0,0
P00D                              IOP0,0
P00OE                             OEP0,0
P00PD                             PDP0,0
P00PU                             PUP0,0
P01ADS                            ADIOS0,1
P01D                              IOP0,1
P01OE                             OEP0,1
P01PD                             PDP0,1
P01PU                             PUP0,1
P02ADS                            ADIOS0,2
P02D                              IOP0,2
P02OE                             OEP0,2
P02PD                             PDP0,2
P02PU                             PUP0,2
P03ADS                            ADIOS0,3
P03D                              IOP0,3
P03OE                             OEP0,3
P03PD                             PDP0,3
P03PU                             PUP0,3
P04ADS                            ADIOS0,4
P04D                              IOP0,4
P04OE                             OEP0,4
P04PD                             PDP0,4
P04PU                             PUP0,4
P05ADS                            ADIOS0,5
P05D                              IOP0,5
P05OE                             OEP0,5
P05PD                             PDP0,5
P05PU                             PUP0,5
P06ADS                            ADIOS0,6
P06D                              IOP0,6
P06OE                             OEP0,6
P06PD                             PDP0,6
P06PU                             PUP0,6
P07ADS                            ADIOS0,7
P07D                              IOP0,7
P07OE                             OEP0,7
P07PD                             PDP0,7
P07PU                             PUP0,7
P10ADS                            ADIOS1,0
P10D                              IOP1,0
P10OE                             OEP1,0
P10PD                             PDP1,0
P10PU                             PUP1,0
P11ADS                            ADIOS1,1
P11D                              IOP1,1
P11OE                             OEP1,1
P11PD                             PDP1,1
P11PU                             PUP1,1
P12ADS                            ADIOS1,2
P12D                              IOP1,2
P12OE                             OEP1,2
P12PD                             PDP1,2
P12PU                             PUP1,2
P13ADS                            ADIOS1,3
P13D                              IOP1,3
P13OE                             OEP1,3
P13PD                             PDP1,3
P13PU                             PUP1,3
P14ADS                            ADIOS1,4
P14D                              IOP1,4
P14OE                             OEP1,4
P14PD                             PDP1,4
P14PU                             PUP1,4
P15ADS                            ADIOS1,5
P15D                              IOP1,5
P15OE                             OEP1,5
P15PD                             PDP1,5
P15PU                             PUP1,5
P16ADS                            ADIOS1,6
P16D                              IOP1,6
P16OE                             OEP1,6
P16PD                             PDP1,6
P16PU                             PUP1,6
P17ADS                            ADIOS1,7
P17D                              IOP1,7
P17OE                             OEP1,7
P17PD                             PDP1,7
P17PU                             PUP1,7
P20D                              IOP2,0
P20OE                             OEP2,0
P20PD                             PDP2,0
P20PU                             PUP2,0
P21D                              IOP2,1
P21OE                             OEP2,1
P21PD                             PDP2,1
P21PU                             PUP2,1
PD                                MCR,4
PGLOAD0                           PPGLOAD,0
PGLOAD1                           PPGLOAD,1
PGLOAD2                           PPGLOAD,2
PGLOAD3                           PPGLOAD,3
PGLOAD4                           PPGLOAD,4
PGLOAD5                           PPGLOAD,5
PGLOAD6                           PPGLOAD,6
PGLOAD7                           PPGLOAD,7
PGLOAD8                           PPGTDL,6
PGLOAD9                           PPGTDL,7
POLEV                             PPGCR,6
PPGEN                             PPGCR,7
PPGPRS0                           PPGCR,0
PPGPRS1                           PPGCR,1
PPGSTR                            PPGCR,2
PPGTDB0                           PPGTDB,0
PPGTDB1                           PPGTDB,1
PPGTDB2                           PPGTDB,2
PPGTDB3                           PPGTDB,3
PPGTDB4                           PPGTDB,4
PPGTDB5                           PPGTDB,5
PPGTDL0                           PPGTDL,0
PPGTDL1                           PPGTDL,1
PPGTDL2                           PPGTDL,2
PPGTDL3                           PPGTDL,3
PPGTDL4                           PPGTDL,4
PPGTDL5                           PPGTDL,5
PPGTEG                            PPGTDB,6
PPGTIE                            INTE,7
PPGTIF                            INTF,7
PPGTIS                            PPGTDB,7
PSTPEN                            PPGCR,4
PSTREN                            PPGCR,5
PWM0OE                            T0CR,6
PWMOD0                            T0EFR,0
PWMOD1                            T0EFR,1
PWMOD2                            T0EFR,2
RACK                              IICCR,0
SACK                              IICCR,3
STBH                              OSCM,4
STBL                              OSCM,5
T0CKS0                            T0CR,3
T0CKS1                            T0CR,4
T0EN                              T0CR,7
T0IE                              INTE,0
T0IF                              INTF,0
T0PRS0                            T0CR,0
T0PRS1                            T0CR,1
T0PRS2                            T0CR,2
T1CKS0                            T1CR,3
T1CKS1                            T1CR,4
T1CNT0                            T1CNT,0
T1CNT1                            T1CNT,1
T1CNT2                            T1CNT,2
T1CNT3                            T1CNT,3
T1CNT4                            T1CNT,4
T1CNT5                            T1CNT,5
T1CNT6                            T1CNT,6
T1CNT7                            T1CNT,7
T1EN                              T1CR,7
T1IE                              INTE,1
T1IF                              INTF,1
T1LOAD0                           T1LOAD,0
T1LOAD1                           T1LOAD,1
T1LOAD2                           T1LOAD,2
T1LOAD3                           T1LOAD,3
T1LOAD4                           T1LOAD,4
T1LOAD5                           T1LOAD,5
T1LOAD6                           T1LOAD,6
T1LOAD7                           T1LOAD,7
T1PRS0                            T1CR,0
T1PRS1                            T1CR,1
T1PRS2                            T1CR,2
T2CKS0                            T2CR,3
T2CKS1                            T2CR,4
T2CNT0                            T2CNT,0
T2CNT1                            T2CNT,1
T2CNT2                            T2CNT,2
T2CNT3                            T2CNT,3
T2CNT4                            T2CNT,4
T2CNT5                            T2CNT,5
T2CNT6                            T2CNT,6
T2CNT7                            T2CNT,7
T2EN                              T2CR,7
T2IE                              INTE1,0
T2IF                              INTF1,0
T2LOAD0                           T2LOAD,0
T2LOAD1                           T2LOAD,1
T2LOAD2                           T2LOAD,2
T2LOAD3                           T2LOAD,3
T2LOAD4                           T2LOAD,4
T2LOAD5                           T2LOAD,5
T2LOAD6                           T2LOAD,6
T2LOAD7                           T2LOAD,7
T2MOD                             T2CR,6
T2PIS                             T2EFR,1
T2PLS                             T2EFR,0
T2PRS0                            T2CR,0
T2PRS1                            T2CR,1
T2PRS2                            T2CR,2
T3CKS0                            T3CR,3
T3CKS1                            T3CR,4
T3CNT0                            T3CNT,0
T3CNT1                            T3CNT,1
T3CNT2                            T3CNT,2
T3CNT3                            T3CNT,3
T3CNT4                            T3CNT,4
T3CNT5                            T3CNT,5
T3CNT6                            T3CNT,6
T3CNT7                            T3CNT,7
T3EN                              T3CR,7
T3IE                              INTE1,1
T3IF                              INTF1,1
T3LOAD0                           T3LOAD,0
T3LOAD1                           T3LOAD,1
T3LOAD2                           T3LOAD,2
T3LOAD3                           T3LOAD,3
T3LOAD4                           T3LOAD,4
T3LOAD5                           T3LOAD,5
T3LOAD6                           T3LOAD,6
T3LOAD7                           T3LOAD,7
T3MOD                             T3CR,6
T3PRS0                            T3CR,0
T3PRS1                            T3CR,1
T3PRS2                            T3CR,2
TO                                MCR,5
TRIGSYN                           PPGCR,3
VLVDS                             LCDCR,4
VP2VS1                            CPVR0,5
Z                                 PFLAG,2

Errors   :     0
Warnings :     0 reported,     0 suppressed
Messages :     1 reported,     0 suppressed

