gpasm-1.9.6 (Apr 26 2017)    ulong2fs.asm       2017-4-27  10:00:41          PAGE  1


LOC  OBJECT CODE     LINE SOURCE TEXT
  VALUE

                      00001 ;--------------------------------------------------------
                      00002 ; File Created by SN-SDCC : ANSI-C Compiler
                      00003 ; Version 0.0.4 (Nov 23 2015) (Linux)
                      00004 ; This file was generated Thu Apr 27 10:00:41 2017
                      00005 ;--------------------------------------------------------
                      00006 ; MC3X port for the RISC core
                      00007 ;--------------------------------------------------------
                      00008 ;       .file   "../libsdcc/ulong2fs.c"
                      00009         list    p=7122
                      00010         radix dec
                      00011         include "7122.inc"
                      00001                 LIST
                      00002 ;mc32f7122.inc    Standard Header File, Version 1.00 by Sinomcu
Message[301]: Processor-header file mismatch.  Verify selected processor.
                      00643                 LIST
                      00012 ;--------------------------------------------------------
                      00013 ; external declarations
                      00014 ;--------------------------------------------------------
                      00015         extern  ___uchar2fs
                      00016         extern  ___schar2fs
                      00017         extern  ___uint2fs
                      00018         extern  ___sint2fs
                      00019         extern  ___slong2fs
                      00020         extern  ___fs2uchar
                      00021         extern  ___fs2schar
                      00022         extern  ___fs2uint
                      00023         extern  ___fs2sint
                      00024         extern  ___fs2ulong
                      00025         extern  ___fs2slong
                      00026         extern  ___fsadd
                      00027         extern  ___fssub
                      00028         extern  ___fsmul
                      00029         extern  ___fsdiv
                      00030         extern  ___fslt
                      00031         extern  ___fseq
                      00032         extern  ___fsneq
                      00033         extern  ___fsgt
                      00034 
                      00035         extern STK06
                      00036         extern STK05
                      00037         extern STK04
                      00038         extern STK03
                      00039         extern STK02
                      00040         extern STK01
                      00041         extern STK00
                      00042 ;--------------------------------------------------------
                      00043 ; global declarations
                      00044 ;--------------------------------------------------------
                      00045         global  ___ulong2fs
                      00046 
                      00047 ;--------------------------------------------------------
                      00048 ; global definitions
                      00049 ;--------------------------------------------------------
                      00050 ;--------------------------------------------------------
                      00051 ; absolute symbol definitions
                      00052 ;--------------------------------------------------------
                      00053 ;--------------------------------------------------------
                      00054 ; compiler-defined variables
                      00055 ;--------------------------------------------------------
                      00056 UDL_ulong2fs_0  udata
0000                  00057 r0x1007 res     1
0000                  00058 r0x1006 res     1
0001                  00059 r0x1005 res     1
0001                  00060 r0x1004 res     1
0002                  00061 r0x1008 res     1
0002                  00062 r0x1009 res     1
0003                  00063 r0x100A res     1
0003                  00064 r0x100B res     1
0004                  00065 r0x100C res     1
0004                  00066 r0x100D res     1
0005                  00067 r0x100F res     1
0005                  00068 r0x100E res     1
0006                  00069 ___ulong2fs_fl_1_22     res     4
                      00070 ;--------------------------------------------------------
                      00071 ; initialized data
                      00072 ;--------------------------------------------------------
                      00073 ;--------------------------------------------------------
                      00074 ; overlayable items in internal ram 
                      00075 ;--------------------------------------------------------
                      00076 ;       udata_ovr
                      00077 ;--------------------------------------------------------
                      00078 ; code
                      00079 ;--------------------------------------------------------
                      00080 code_ulong2fs   code
                      00081 ;***
                      00082 ;  pBlock Stats: dbName = C
                      00083 ;***
                      00084 ;entry:  ___ulong2fs    ;Function start
                      00085 ; 2 exit points
                      00086 ;has an exit
                      00087 ;15 compiler assigned registers:
                      00088 ;   r0x1004
                      00089 ;   STK00
                      00090 ;   r0x1005
                      00091 ;   STK01
                      00092 ;   r0x1006
                      00093 ;   STK02
                      00094 ;   r0x1007
                      00095 ;   r0x1008
                      00096 ;   r0x1009
                      00097 ;   r0x100A
                      00098 ;   r0x100B
                      00099 ;   r0x100C
                      00100 ;   r0x100D
                      00101 ;   r0x100E
                      00102 ;   r0x100F
                      00103 ;; Starting pCode block
                      00104 ;;[ICODE] ../libsdcc/ulong2fs.c:54:  _entry($14) :
                      00105 ;;[ICODE] ../libsdcc/ulong2fs.c:54:     proc ___ulong2fs [k1 lr0:0 so:0]{ ia0 a2p0 re0 rm0 nos0 ru0 dp0}{float function ( unsigned-long-int fixed) fixed}
0000                  00106 ___ulong2fs     ;Function start
                      00107 ; 2 exit points
                      00108 ;;[ICODE] ../libsdcc/ulong2fs.c:54: iTemp0 [k2 lr3:42 so:0]{ ia0 a2p0 re1 rm0 nos0 ru0 dp0}{unsigned-long-int fixed}{ sir@ ___ulong2fs_a_1_21}[r0x1000 r0x1001 r0x1002 r0x1003 ] = recv ___ulong2fs [k1 lr0:0 so:0]{ ia0 a2p0 re0 rm0 nos0 ru0 dp0}{float function ( unsigned-long-int fixed) fixed}
                      00109 ;       .line   54; "../libsdcc/ulong2fs.c"     float __ulong2fs (unsigned long a ) _FS_REENTRANT
0000   5600           00110         MOVRA   r0x1004
0001   5800           00111         MOVAR   STK00
0002   5600           00112         MOVRA   r0x1005
0003   5800           00113         MOVAR   STK01
0004   5600           00114         MOVRA   r0x1006
0005   5800           00115         MOVAR   STK02
0006   5600           00116         MOVRA   r0x1007
                      00117 ;;[ICODE] ../libsdcc/ulong2fs.c:59:     if iTemp0 [k2 lr3:42 so:0]{ ia0 a2p0 re1 rm0 nos0 ru0 dp0}{unsigned-long-int fixed}{ sir@ ___ulong2fs_a_1_21}[r0x1000 r0x1001 r0x1002 r0x1003 ] != 0 goto preHeaderLbl0($17)
                      00118 ;       .line   59; "../libsdcc/ulong2fs.c"     if (!a)
0007   5800           00119         MOVAR   r0x1007
0008   5C00           00120         ORAR    r0x1006
0009   5C00           00121         ORAR    r0x1005
000A   5C00           00122         ORAR    r0x1004
000B   E587           00123         JBSET   STATUS,2
000C   A000           00124         GOTO    _00121_DS_
                      00125 ;;[ICODE] ../libsdcc/ulong2fs.c:61:     ret 0 {const-float literal}
                      00126 ;       .line   61; "../libsdcc/ulong2fs.c"     return 0.0;
000D   3C00           00127         MOVAI   0x00
000E   5600           00128         MOVRA   STK02
000F   3C00           00129         MOVAI   0x00
0010   5600           00130         MOVRA   STK01
0011   3C00           00131         MOVAI   0x00
0012   5600           00132         MOVRA   STK00
0013   3C00           00133         MOVAI   0x00
0014   A000           00134         GOTO    _00117_DS_
                      00135 ;;[ICODE] ../libsdcc/ulong2fs.c:64:  preHeaderLbl0($17) :
                      00136 ;;[ICODE] ../libsdcc/ulong2fs.c:64:     iTemp5 [k9 lr7:20 so:0]{ ia0 a2p0 re0 rm0 nos0 ru0 dp0}{int fixed}{ sir@ ___ulong2fs_exp_1_22}[r0x1004 r0x1005 ] := 0x96 {int literal}
0015                  00137 _00121_DS_
                      00138 ;       .line   64; "../libsdcc/ulong2fs.c"     while (a & NORM) 
0015   3C96           00139         MOVAI   0x96
0016   5600           00140         MOVRA   r0x1008
0017   7600           00141         CLRR    r0x1009
                      00142 ;;[ICODE] ../libsdcc/ulong2fs.c:64:  _whilecontinue_0($3) :
                      00143 ;;[ICODE] ../libsdcc/ulong2fs.c:64:     iTemp2 [k6 lr10:11 so:0]{ ia0 a2p0 re0 rm0 nos0 ru0 dp0}{unsigned-long-int register} = iTemp0 [k2 lr3:42 so:0]{ ia0 a2p0 re1 rm0 nos0 ru0 dp0}{unsigned-long-int fixed}{ sir@ ___ulong2fs_a_1_21}[r0x1000 r0x1001 r0x1002 r0x1003 ] & 0xff000000 {const-unsigned-long-int literal}
0018                  00144 _00107_DS_
0018   5800           00145         MOVAR   r0x1004
0019   3EFF           00146         ANDAI   0xff
001A   F587           00147         JBCLR   STATUS,2
001B   A000           00148         GOTO    _00124_DS_
                      00149 ;;[ICODE] ../libsdcc/ulong2fs.c:64:     if iTemp2 [k6 lr10:11 so:0]{ ia0 a2p0 re0 rm0 nos0 ru0 dp0}{unsigned-long-int register} == 0 goto loopExitLbl2($20)
                      00150 ;;[ICODE] ../libsdcc/ulong2fs.c:67:     iTemp0 [k2 lr3:42 so:0]{ ia0 a2p0 re1 rm0 nos0 ru0 dp0}{unsigned-long-int fixed}{ sir@ ___ulong2fs_a_1_21}[r0x1000 r0x1001 r0x1002 r0x1003 ] = iTemp0 [k2 lr3:42 so:0]{ ia0 a2p0 re1 rm0 nos0 ru0 dp0}{unsigned-long-int fixed}{ sir@ ___ulong2fs_a_1_21}[r0x1000 r0x1001 r0x1002 r0x1003 ] >> 0x1 {const-unsigned-char literal}
                      00151 ;;shiftRight_Left2ResultLit:5278: shCount=1, size=4, sign=0, same=1, offr=0
                      00152 ;       .line   67; "../libsdcc/ulong2fs.c"     a >>= 1;
001C   D187           00153         BCLR    STATUS,0
001D   4E00           00154         RRR     r0x1004
001E   4E00           00155         RRR     r0x1005
001F   4E00           00156         RRR     r0x1006
0020   4E00           00157         RRR     r0x1007
                      00158 ;;[ICODE] ../libsdcc/ulong2fs.c:68:     iTemp5 [k9 lr7:20 so:0]{ ia0 a2p0 re0 rm0 nos0 ru0 dp0}{int fixed}{ sir@ ___ulong2fs_exp_1_22}[r0x1004 r0x1005 ] = iTemp5 [k9 lr7:20 so:0]{ ia0 a2p0 re0 rm0 nos0 ru0 dp0}{int fixed}{ sir@ ___ulong2fs_exp_1_22}[r0x1004 r0x1005 ] + 0x1 {const-unsigned-char literal}
                      00159 ;       .line   68; "../libsdcc/ulong2fs.c"     exp++;
0021   6600           00160         INCR    r0x1008
0022   F587           00161         JBCLR   STATUS,2
0023   6600           00162         INCR    r0x1009
                      00163 ;;[ICODE] ../libsdcc/ulong2fs.c:68:      goto _whilecontinue_0($3)
0024   A000           00164         GOTO    _00107_DS_
                      00165 ;;[ICODE] ../libsdcc/ulong2fs.c:68:  loopExitLbl2($20) :
                      00166 ;;[ICODE] ../libsdcc/ulong2fs.c:68:     iTemp1 [k4 lr17:40 so:0]{ ia0 a2p0 re1 rm0 nos0 ru0 dp0}{int fixed}[r0x1006 r0x1007 ] := iTemp5 [k9 lr7:20 so:0]{ ia0 a2p0 re0 rm0 nos0 ru0 dp0}{int fixed}{ sir@ ___ulong2fs_exp_1_22}[r0x1004 r0x1005 ]
0025                  00167 _00124_DS_
0025   5800           00168         MOVAR   r0x1008
0026   5600           00169         MOVRA   r0x100A
0027   5800           00170         MOVAR   r0x1009
0028   5600           00171         MOVRA   r0x100B
                      00172 ;;[ICODE] ../libsdcc/ulong2fs.c:72:     iTemp6 [k10 lr18:19 so:0]{ ia0 a2p0 re0 rm0 nos0 ru0 dp0}{char fixed} = iTemp0 [k2 lr3:42 so:0]{ ia0 a2p0 re1 rm0 nos0 ru0 dp0}{unsigned-long-int fixed}{ sir@ ___ulong2fs_a_1_21}[r0x1000 r0x1001 r0x1002 r0x1003 ] & 0xff800000 {const-long-int literal}
                      00173 ;       .line   72; "../libsdcc/ulong2fs.c"     if(a < HIDDEN) {
0029   5800           00174         MOVAR   r0x1005
002A   FE00           00175         JBCLR   r0x1005,7
002B   A000           00176         GOTO    _00114_DS_
002C   5800           00177         MOVAR   r0x1004
002D   3EFF           00178         ANDAI   0xff
002E   E587           00179         JBSET   STATUS,2
002F   A000           00180         GOTO    _00114_DS_
                      00181 ;;[ICODE] ../libsdcc/ulong2fs.c:72:     if iTemp6 [k10 lr18:19 so:0]{ ia0 a2p0 re0 rm0 nos0 ru0 dp0}{char fixed} != 0 goto _iffalse_1($10)
                      00182 ;;[ICODE] ../libsdcc/ulong2fs.c:73:     iTemp9 [k13 lr20:28 so:0]{ ia0 a2p0 re0 rm0 nos0 ru0 dp0}{int fixed}{ sir@ ___ulong2fs_exp_1_22}[r0x1004 r0x1005 ] := iTemp5 [k9 lr7:20 so:0]{ ia0 a2p0 re0 rm0 nos0 ru0 dp0}{int fixed}{ sir@ ___ulong2fs_exp_1_22}[r0x1004 r0x1005 ]
                      00183 ;;[ICODE] ../libsdcc/ulong2fs.c:73:  _dobody_0($6) :
                      00184 ;;[ICODE] ../libsdcc/ulong2fs.c:74:     iTemp0 [k2 lr3:42 so:0]{ ia0 a2p0 re1 rm0 nos0 ru0 dp0}{unsigned-long-int fixed}{ sir@ ___ulong2fs_a_1_21}[r0x1000 r0x1001 r0x1002 r0x1003 ] = iTemp0 [k2 lr3:42 so:0]{ ia0 a2p0 re1 rm0 nos0 ru0 dp0}{unsigned-long-int fixed}{ sir@ ___ulong2fs_a_1_21}[r0x1000 r0x1001 r0x1002 r0x1003 ] << 0x1 {const-unsigned-char literal}
0030                  00185 _00110_DS_
                      00186 ;       .line   74; "../libsdcc/ulong2fs.c"     a<<=1;
0030   D187           00187         BCLR    STATUS,0
0031   5200           00188         RLR     r0x1007
0032   5200           00189         RLR     r0x1006
0033   5200           00190         RLR     r0x1005
0034   5200           00191         RLR     r0x1004
                      00192 ;;[ICODE] ../libsdcc/ulong2fs.c:75:     iTemp9 [k13 lr20:28 so:0]{ ia0 a2p0 re0 rm0 nos0 ru0 dp0}{int fixed}{ sir@ ___ulong2fs_exp_1_22}[r0x1004 r0x1005 ] = iTemp9 [k13 lr20:28 so:0]{ ia0 a2p0 re0 rm0 nos0 ru0 dp0}{int fixed}{ sir@ ___ulong2fs_exp_1_22}[r0x1004 r0x1005 ] - 0x1 {const-unsigned-char literal}
                      00193 ;       .line   75; "../libsdcc/ulong2fs.c"     exp--;
0035   3CFF           00194         MOVAI   0xff
0036   7E00           00195         ADDRA   r0x1008
0037   E187           00196         JBSET   STATUS,0
0038   6E00           00197         DECR    r0x1009
                      00198 ;;[ICODE] ../libsdcc/ulong2fs.c:76:     iTemp10 [k14 lr26:27 so:0]{ ia0 a2p0 re0 rm0 nos0 ru0 dp0}{char fixed} = iTemp0 [k2 lr3:42 so:0]{ ia0 a2p0 re1 rm0 nos0 ru0 dp0}{unsigned-long-int fixed}{ sir@ ___ulong2fs_a_1_21}[r0x1000 r0x1001 r0x1002 r0x1003 ] & 0xff800000 {const-long-int literal}
                      00199 ;       .line   76; "../libsdcc/ulong2fs.c"     } while (a < HIDDEN);
0039   5800           00200         MOVAR   r0x1005
003A   EE00           00201         JBSET   r0x1005,7
003B   A000           00202         GOTO    _00110_DS_
003C   5800           00203         MOVAR   r0x1004
003D   3EFF           00204         ANDAI   0xff
003E   F587           00205         JBCLR   STATUS,2
003F   A000           00206         GOTO    _00110_DS_
                      00207 ;;[ICODE] ../libsdcc/ulong2fs.c:76:     if iTemp10 [k14 lr26:27 so:0]{ ia0 a2p0 re0 rm0 nos0 ru0 dp0}{char fixed} == 0 goto _dobody_0($6)
                      00208 ;;[ICODE] ../libsdcc/ulong2fs.c:76:     iTemp1 [k4 lr17:40 so:0]{ ia0 a2p0 re1 rm0 nos0 ru0 dp0}{int fixed}[r0x1006 r0x1007 ] := iTemp9 [k13 lr20:28 so:0]{ ia0 a2p0 re0 rm0 nos0 ru0 dp0}{int fixed}{ sir@ ___ulong2fs_exp_1_22}[r0x1004 r0x1005 ]
0040   5800           00209         MOVAR   r0x1008
0041   5600           00210         MOVRA   r0x100A
0042   5800           00211         MOVAR   r0x1009
0043   5600           00212         MOVRA   r0x100B
                      00213 ;;[ICODE] ../libsdcc/ulong2fs.c:76:  _iffalse_1($10) :
                      00214 ;;[ICODE] ../libsdcc/ulong2fs.c:87:     iTemp11 [k15 lr30:31 so:0]{ ia0 a2p0 re0 rm0 nos0 ru0 dp0}{unsigned-long-int register}[r0x1004 r0x1005 r0x1008 r0x1009 ] = iTemp0 [k2 lr3:42 so:0]{ ia0 a2p0 re1 rm0 nos0 ru0 dp0}{unsigned-long-int fixed}{ sir@ ___ulong2fs_a_1_21}[r0x1000 r0x1001 r0x1002 r0x1003 ] & 0x7fffff {unsigned-long-int literal}
                      00215 ;;100   MOVAR   r0x1007
0044                  00216 _00114_DS_
                      00217 ;       .line   87; "../libsdcc/ulong2fs.c"     if ((a&0x7fffff)==0x7fffff) {
0044   5800           00218         MOVAR   r0x1006
0045   5600           00219         MOVRA   r0x1009
0046   3C7F           00220         MOVAI   0x7f
0047   7800           00221         ANDAR   r0x1005
0048   5600           00222         MOVRA   r0x100C
0049   7600           00223         CLRR    r0x100D
                      00224 ;;[ICODE] ../libsdcc/ulong2fs.c:87:     iTemp12 [k16 lr31:32 so:0]{ ia0 a2p0 re0 rm0 nos0 ru0 dp0}{char fixed} = iTemp11 [k15 lr30:31 so:0]{ ia0 a2p0 re0 rm0 nos0 ru0 dp0}{unsigned-long-int register}[r0x1004 r0x1005 r0x1008 r0x1009 ] == 0x7fffff {unsigned-long-int literal}
                      00225 ;;99    MOVAR   r0x1008
004A   5800           00226         MOVAR   r0x1007
004B   5600           00227         MOVRA   r0x1008
004C   39FF           00228         XORAI   0xff
004D   E587           00229         JBSET   STATUS,2
004E   A000           00230         GOTO    _00116_DS_
004F   5800           00231         MOVAR   r0x1009
0050   39FF           00232         XORAI   0xff
0051   E587           00233         JBSET   STATUS,2
0052   A000           00234         GOTO    _00116_DS_
0053   5800           00235         MOVAR   r0x100C
0054   397F           00236         XORAI   0x7f
0055   E587           00237         JBSET   STATUS,2
0056   A000           00238         GOTO    _00116_DS_
0057   5800           00239         MOVAR   r0x100D
0058   3900           00240         XORAI   0x00
0059   E587           00241         JBSET   STATUS,2
005A   A000           00242         GOTO    _00116_DS_
                      00243 ;;[ICODE] ../libsdcc/ulong2fs.c:87:     if iTemp12 [k16 lr31:32 so:0]{ ia0 a2p0 re0 rm0 nos0 ru0 dp0}{char fixed} == 0 goto _iffalse_2($12)
                      00244 ;;[ICODE] ../libsdcc/ulong2fs.c:88:     iTemp0 [k2 lr3:42 so:0]{ ia0 a2p0 re1 rm0 nos0 ru0 dp0}{unsigned-long-int fixed}{ sir@ ___ulong2fs_a_1_21}[r0x1000 r0x1001 r0x1002 r0x1003 ] := 0x0 {unsigned-long-int literal}
                      00245 ;       .line   88; "../libsdcc/ulong2fs.c"     a=0;
005B   7600           00246         CLRR    r0x1007
005C   7600           00247         CLRR    r0x1006
005D   7600           00248         CLRR    r0x1005
005E   7600           00249         CLRR    r0x1004
                      00250 ;;[ICODE] ../libsdcc/ulong2fs.c:89:     iTemp1 [k4 lr17:40 so:0]{ ia0 a2p0 re1 rm0 nos0 ru0 dp0}{int fixed}[r0x1006 r0x1007 ] = iTemp1 [k4 lr17:40 so:0]{ ia0 a2p0 re1 rm0 nos0 ru0 dp0}{int fixed}[r0x1006 r0x1007 ] + 0x1 {const-unsigned-char literal}
                      00251 ;       .line   89; "../libsdcc/ulong2fs.c"     exp++;
005F   6600           00252         INCR    r0x100A
0060   F587           00253         JBCLR   STATUS,2
0061   6600           00254         INCR    r0x100B
                      00255 ;;[ICODE] ../libsdcc/ulong2fs.c:89:  _iffalse_2($12) :
                      00256 ;;[ICODE] ../libsdcc/ulong2fs.c:93:     iTemp0 [k2 lr3:42 so:0]{ ia0 a2p0 re1 rm0 nos0 ru0 dp0}{unsigned-long-int fixed}{ sir@ ___ulong2fs_a_1_21}[r0x1000 r0x1001 r0x1002 r0x1003 ] = iTemp0 [k2 lr3:42 so:0]{ ia0 a2p0 re1 rm0 nos0 ru0 dp0}{unsigned-long-int fixed}{ sir@ ___ulong2fs_a_1_21}[r0x1000 r0x1001 r0x1002 r0x1003 ] & 0xff7fffff {unsigned-long-int literal}
0062                  00257 _00116_DS_
                      00258 ;       .line   93; "../libsdcc/ulong2fs.c"     a &= ~HIDDEN ;
0062   DE00           00259         BCLR    r0x1005,7
                      00260 ;;[ICODE] ../libsdcc/ulong2fs.c:95:     iTemp16 [k21 lr39:43 so:0]{ ia0 a2p0 re0 rm1 nos0 ru0 dp0}{volatile-long-int near* fixed}[remat] = &[___ulong2fs_fl_1_22 [k20 lr0:0 so:0]{ ia0 a2p0 re0 rm0 nos0 ru0 dp0}{volatile-struct float_long fixed}]
                      00261 ;;[ICODE] ../libsdcc/ulong2fs.c:95:     iTemp18 [k24 lr40:41 so:0]{ ia0 a2p0 re0 rm0 nos0 ru0 dp0}{unsigned-long-int fixed}[r0x1004 r0x1005 r0x1008 r0x1009 ] = (unsigned-long-int fixed)iTemp1 [k4 lr17:40 so:0]{ ia0 a2p0 re1 rm0 nos0 ru0 dp0}{int fixed}[r0x1006 r0x1007 ]
                      00262 ;       .line   95; "../libsdcc/ulong2fs.c"     fl.l = PACK(0,(unsigned long)exp, a);
0063   5800           00263         MOVAR   r0x100A
0064   5600           00264         MOVRA   r0x1008
0065   5800           00265         MOVAR   r0x100B
0066   5600           00266         MOVRA   r0x1009
0067   3C00           00267         MOVAI   0x00
0068   FE00           00268         JBCLR   r0x1009,7
0069   3CFF           00269         MOVAI   0xff
006A   5600           00270         MOVRA   r0x100D
006B   5600           00271         MOVRA   r0x100C
                      00272 ;;[ICODE] ../libsdcc/ulong2fs.c:95:     iTemp19 [k25 lr41:42 so:0]{ ia0 a2p0 re0 rm0 nos0 ru0 dp0}{unsigned-long-int fixed}[r0x1006 r0x1007 r0x100A r0x100B ] = iTemp18 [k24 lr40:41 so:0]{ ia0 a2p0 re0 rm0 nos0 ru0 dp0}{unsigned-long-int fixed}[r0x1004 r0x1005 r0x1008 r0x1009 ] << 0x17 {const-unsigned-char literal}
006C   4C00           00273         RRAR    r0x1009
006D   4C00           00274         RRAR    r0x1008
006E   5600           00275         MOVRA   r0x100E
006F   7600           00276         CLRR    r0x100F
0070   4E00           00277         RRR     r0x100F
0071   7600           00278         CLRR    r0x100B
0072   7600           00279         CLRR    r0x100A
                      00280 ;;[ICODE] ../libsdcc/ulong2fs.c:95:     iTemp21 [k27 lr42:43 so:0]{ ia0 a2p0 re0 rm0 nos0 ru0 dp0}{unsigned-long-int fixed}[r0x1000 r0x1001 r0x1002 r0x1003 ] = iTemp19 [k25 lr41:42 so:0]{ ia0 a2p0 re0 rm0 nos0 ru0 dp0}{unsigned-long-int fixed}[r0x1006 r0x1007 r0x100A r0x100B ] | iTemp0 [k2 lr3:42 so:0]{ ia0 a2p0 re1 rm0 nos0 ru0 dp0}{unsigned-long-int fixed}{ sir@ ___ulong2fs_a_1_21}[r0x1000 r0x1001 r0x1002 r0x1003 ]
0073   3C00           00281         MOVAI   0x00
0074   5E00           00282         ORRA    r0x1007
0075   3C00           00283         MOVAI   0x00
0076   5E00           00284         ORRA    r0x1006
0077   5800           00285         MOVAR   r0x100F
0078   5E00           00286         ORRA    r0x1005
0079   5800           00287         MOVAR   r0x100E
007A   5E00           00288         ORRA    r0x1004
                      00289 ;;[ICODE] ../libsdcc/ulong2fs.c:95:     *(iTemp16 [k21 lr39:43 so:0]{ ia1 a2p0 re0 rm1 nos0 ru0 dp0}{volatile-long-int near* fixed}[remat]) := iTemp21 [k27 lr42:43 so:0]{ ia0 a2p0 re0 rm0 nos0 ru0 dp0}{unsigned-long-int fixed}[r0x1000 r0x1001 r0x1002 r0x1003 ]
                      00290 ;;gen.c:6444: size=3/4, offset=0, AOP_TYPE(res)=8
007B   5800           00291         MOVAR   r0x1007
007C   5600           00292         MOVRA   (___ulong2fs_fl_1_22 + 0)
                      00293 ;;gen.c:6444: size=2/4, offset=1, AOP_TYPE(res)=8
007D   5800           00294         MOVAR   r0x1006
007E   5600           00295         MOVRA   (___ulong2fs_fl_1_22 + 1)
                      00296 ;;gen.c:6444: size=1/4, offset=2, AOP_TYPE(res)=8
007F   5800           00297         MOVAR   r0x1005
0080   5600           00298         MOVRA   (___ulong2fs_fl_1_22 + 2)
                      00299 ;;gen.c:6444: size=0/4, offset=3, AOP_TYPE(res)=8
0081   5800           00300         MOVAR   r0x1004
0082   5600           00301         MOVRA   (___ulong2fs_fl_1_22 + 3)
                      00302 ;;[ICODE] ../libsdcc/ulong2fs.c:97:     iTemp22 [k28 lr44:45 so:0]{ ia0 a2p0 re0 rm1 nos0 ru0 dp0}{volatile-float near* fixed}[remat] = &[___ulong2fs_fl_1_22 [k20 lr0:0 so:0]{ ia0 a2p0 re0 rm0 nos0 ru0 dp0}{volatile-struct float_long fixed}]
                      00303 ;;[ICODE] ../libsdcc/ulong2fs.c:97:     iTemp24 [k31 lr45:46 so:0]{ ia0 a2p0 re0 rm0 nos0 ru1 dp0}{volatile-float fixed}[r0x1000 r0x1001 r0x1002 r0x1003 ] = @[iTemp22 [k28 lr44:45 so:0]{ ia1 a2p0 re0 rm1 nos0 ru0 dp0}{volatile-float near* fixed}[remat] + 0x0 {const-unsigned-char literal}]
                      00304 ;       .line   97; "../libsdcc/ulong2fs.c"     return (fl.f);
0083   5800           00305         MOVAR   (___ulong2fs_fl_1_22 + 0)
0084   5600           00306         MOVRA   r0x1007
0085   5800           00307         MOVAR   (___ulong2fs_fl_1_22 + 1)
0086   5600           00308         MOVRA   r0x1006
0087   5800           00309         MOVAR   (___ulong2fs_fl_1_22 + 2)
0088   5600           00310         MOVRA   r0x1005
0089   5800           00311         MOVAR   (___ulong2fs_fl_1_22 + 3)
008A   5600           00312         MOVRA   r0x1004
                      00313 ;;[ICODE] ../libsdcc/ulong2fs.c:97:     ret iTemp24 [k31 lr45:46 so:0]{ ia0 a2p0 re0 rm0 nos0 ru1 dp0}{volatile-float fixed}[r0x1000 r0x1001 r0x1002 r0x1003 ]
008B   5800           00314         MOVAR   r0x1007
008C   5600           00315         MOVRA   STK02
008D   5800           00316         MOVAR   r0x1006
008E   5600           00317         MOVRA   STK01
008F   5800           00318         MOVAR   r0x1005
0090   5600           00319         MOVRA   STK00
0091   5800           00320         MOVAR   r0x1004
                      00321 ;;[ICODE] ../libsdcc/ulong2fs.c:97:  _return($13) :
                      00322 ;;[ICODE] ../libsdcc/ulong2fs.c:97:     eproc ___ulong2fs [k1 lr0:0 so:0]{ ia0 a2p0 re0 rm0 nos0 ru0 dp0}{float function ( unsigned-long-int fixed) fixed}
0092                  00323 _00117_DS_
0092   000C           00324         RETURN  
                      00325 ; exit point of ___ulong2fs
                      00326 
                      00327 
                      00328 ;       code size estimation:
                      00329 ;         147+    0 =   147 instructions (  294 byte)
                      00330 
                      00331         end
gpasm-1.9.6 (Apr 26 2017)    ulong2fs.asm       2017-4-27  10:00:41          PAGE  2


SYMBOL TABLE
  LABEL                             VALUE

ADCR0                             000001B8
ADCR1                             000001B9
ADIOS0                            000001BC
ADIOS1                            000001BD
ADRH                              000001BA
ADRL                              000001BB
CP0CLR                            000001CC
CP1CLR                            000001CD
CP2CLR                            000001CE
CP3CLR                            000001CF
CPCR                              000001C8
CPSR                              000001C9
CPVR0                             000001CA
CPVR1                             000001CB
EEAR                              000001B6
EECR                              000001B4
EEDR                              000001B7
EEMASK                            000001B5
FSR                               00000184
FSR0                              00000184
FSR1                              00000185
HIBYTE                            00000183
IICAR                             000001B1
IICCR                             000001B0
IICDR                             000001B2
INDF                              00000180
INDF0                             00000180
INDF1                             00000181
INDF2                             00000182
INDF3                             00000189
INTE                              0000018A
INTE1                             0000018D
INTF                              0000018B
INTF1                             0000018E
IOP0                              00000190
IOP1                              00000194
IOP2                              00000198
LCDCR                             0000018F
MCR                               00000188
OEP0                              00000191
OEP1                              00000195
OEP2                              00000199
OPACLR                            000001C5
OPACR                             000001C4
OSADJCR                           000001BE
OSCM                              0000018C
PCL                               00000186
PDP0                              00000193
PDP1                              00000197
PDP2                              0000019B
PFLAG                             00000187
PPGCR                             000001C0
PPGLOAD                           000001C1
PPGTDB                            000001C3
PPGTDL                            000001C2
PUP0                              00000192
PUP1                              00000196
PUP2                              0000019A
STATUS                            00000187
STK00                             00000000
STK01                             00000000
STK02                             00000000
STK03                             00000000
STK04                             00000000
STK05                             00000000
STK06                             00000000
T0CNT                             000001A1
T0CR                              000001A0
T0DATA                            000001A3
T0EFR                             000001A4
T0LOAD                            000001A2
T1CNT                             000001A6
T1CR                              000001A5
T1LOAD                            000001A7
T2CNT                             000001A9
T2CR                              000001A8
T2EFR                             000001AC
T2LOAD                            000001AA
T3CNT                             000001AE
T3CR                              000001AD
T3LOAD                            000001AF
_00107_DS_                        00000018
_00110_DS_                        00000030
_00114_DS_                        00000044
_00116_DS_                        00000062
_00117_DS_                        00000092
_00121_DS_                        00000015
_00124_DS_                        00000025
_CONFIG0                          00008000
_CONFIG1                          00008001
__7122                            00000001
___fs2schar                       00000000
___fs2sint                        00000000
___fs2slong                       00000000
___fs2uchar                       00000000
___fs2uint                        00000000
___fs2ulong                       00000000
___fsadd                          00000000
___fsdiv                          00000000
___fseq                           00000000
___fsgt                           00000000
___fslt                           00000000
___fsmul                          00000000
___fsneq                          00000000
___fssub                          00000000
___schar2fs                       00000000
___sint2fs                        00000000
___slong2fs                       00000000
___uchar2fs                       00000000
___uint2fs                        00000000
___ulong2fs                       00000000
___ulong2fs_fl_1_22               0000000C
r0x1004                           00000003
r0x1005                           00000002
r0x1006                           00000001
r0x1007                           00000000
r0x1008                           00000004
r0x1009                           00000005
r0x100A                           00000006
r0x100B                           00000007
r0x100C                           00000008
r0x100D                           00000009
r0x100E                           0000000B
r0x100F                           0000000A
ADCHS0                            ADCR0,4
ADCHS1                            ADCR0,5
ADCHS2                            ADCR0,6
ADCHS3                            ADCR0,7
ADCKS0                            ADCR1,4
ADCKS1                            ADCR1,5
ADEN                              ADCR0,0
ADEOC                             ADCR0,1
ADIE                              INTE,6
ADIF                              INTF,6
ADRSEL                            ADCR1,7
ADSPS0                            ADCR1,0
ADSPS1                            ADCR1,1
ADVRS                             ADCR0,2
BUZ0OE                            T0CR,5
C                                 PFLAG,0
CLKS                              OSCM,2
CP0CLR0                           CP0CLR,0
CP0CLR1                           CP0CLR,1
CP0CLR2                           CP0CLR,2
CP0CLR3                           CP0CLR,3
CP0CLR4                           CP0CLR,4
CP0CLR5                           CP0CLR,5
CP0CLRS                           CP0CLR,6
CP0EN                             CPCR,0
CP0MOD                            CP0CLR,7
CP0OP                             CPSR,0
CP1CLR0                           CP1CLR,0
CP1CLR1                           CP1CLR,1
CP1CLR2                           CP1CLR,2
CP1CLR3                           CP1CLR,3
CP1CLR4                           CP1CLR,4
CP1CLR5                           CP1CLR,5
CP1CLRS                           CP1CLR,6
CP1EN                             CPCR,1
CP1IE                             INTE1,5
CP1IF                             INTF1,5
CP1MOD                            CP1CLR,7
CP1NS                             CPCR,4
CP1OP                             CPSR,1
CP1VS0                            CPVR0,0
CP1VS1                            CPVR0,1
CP1VS2                            CPVR0,2
CP1VS3                            CPVR0,3
CP2CLR0                           CP2CLR,0
CP2CLR1                           CP2CLR,1
CP2CLR2                           CP2CLR,2
CP2CLR3                           CP2CLR,3
CP2CLR4                           CP2CLR,4
CP2CLR5                           CP2CLR,5
CP2CLRS                           CP2CLR,6
CP2EN                             CPCR,2
CP2IE                             INTE1,6
CP2IF                             INTF1,6
CP2MOD                            CP2CLR,7
CP2OP                             CPSR,2
CP2VS0                            CPVR0,4
CP2VS2                            CPVR0,6
CP2VS3                            CPVR0,7
CP3CLR0                           CP3CLR,0
CP3CLR1                           CP3CLR,1
CP3CLR2                           CP3CLR,2
CP3CLR3                           CP3CLR,3
CP3CLR4                           CP3CLR,4
CP3CLR5                           CP3CLR,5
CP3CLRS                           CP3CLR,6
CP3EN                             CPCR,3
CP3IE                             INTE1,7
CP3IF                             INTF1,7
CP3MOD                            CP3CLR,7
CP3NS0                            CPCR,5
CP3NS1                            CPCR,6
CP3OP                             CPSR,3
CP3VS0                            CPVR1,0
CP3VS1                            CPVR1,1
CP3VS2                            CPVR1,2
CP3VS3                            CPVR1,3
CP3VS4                            CPVR1,4
DC                                PFLAG,1
EERW                              EECR,6
EETRIG                            EECR,7
GIE                               MCR,7
HFEN                              OSCM,0
IICAAS                            IICCR,6
IICAD0                            IICAR,1
IICAD1                            IICAR,2
IICAD2                            IICAR,3
IICAD3                            IICAR,4
IICAD4                            IICAR,5
IICAD5                            IICAR,6
IICAD6                            IICAR,7
IICBUSY                           IICCR,5
IICEN                             IICCR,1
IICEOF                            IICCR,7
IICIE                             INTE,5
IICIF                             INTF,5
IICMOD                            IICCR,4
INT0IE                            INTE,2
INT0IF                            INTF,2
INT1IE                            INTE,3
INT1IF                            INTF,3
LFEN                              OSCM,1
LVDEN                             LCDCR,7
LVDF                              LCDCR,0
LVDIE                             INTE,4
LVDIF                             INTF,4
MINT00                            MCR,0
MINT01                            MCR,1
MINT10                            MCR,2
MINT11                            MCR,3
MSTCMD                            IICCR,2
OPACLRS                           OPACLR,6
OPADLR0                           OPACLR,0
OPADLR1                           OPACLR,1
OPADLR2                           OPACLR,2
OPADLR3                           OPACLR,3
OPADLR4                           OPACLR,4
OPADLR5                           OPACLR,5
OPAEN                             OPACR,7
OPAMOD                            OPACLR,7
OPAOP                             OPACR,6
OPAOS0                            OPACR,2
OPAOS1                            OPACR,3
OPAPS0                            OPACR,0
OPAPS1                            OPACR,1
OSADJEN                           OSADJCR,7
OSADJTR0                          OSADJCR,0
OSADJTR1                          OSADJCR,1
OSADJTR2                          OSADJCR,2
OSADJTR3                          OSADJCR,3
OSADJTR4                          OSADJCR,4
OSADJTR5                          OSADJCR,5
P00ADS                            ADIOS0,0
P00D                              IOP0,0
P00OE                             OEP0,0
P00PD                             PDP0,0
P00PU                             PUP0,0
P01ADS                            ADIOS0,1
P01D                              IOP0,1
P01OE                             OEP0,1
P01PD                             PDP0,1
P01PU                             PUP0,1
P02ADS                            ADIOS0,2
P02D                              IOP0,2
P02OE                             OEP0,2
P02PD                             PDP0,2
P02PU                             PUP0,2
P03ADS                            ADIOS0,3
P03D                              IOP0,3
P03OE                             OEP0,3
P03PD                             PDP0,3
P03PU                             PUP0,3
P04ADS                            ADIOS0,4
P04D                              IOP0,4
P04OE                             OEP0,4
P04PD                             PDP0,4
P04PU                             PUP0,4
P05ADS                            ADIOS0,5
P05D                              IOP0,5
P05OE                             OEP0,5
P05PD                             PDP0,5
P05PU                             PUP0,5
P06ADS                            ADIOS0,6
P06D                              IOP0,6
P06OE                             OEP0,6
P06PD                             PDP0,6
P06PU                             PUP0,6
P07ADS                            ADIOS0,7
P07D                              IOP0,7
P07OE                             OEP0,7
P07PD                             PDP0,7
P07PU                             PUP0,7
P10ADS                            ADIOS1,0
P10D                              IOP1,0
P10OE                             OEP1,0
P10PD                             PDP1,0
P10PU                             PUP1,0
P11ADS                            ADIOS1,1
P11D                              IOP1,1
P11OE                             OEP1,1
P11PD                             PDP1,1
P11PU                             PUP1,1
P12ADS                            ADIOS1,2
P12D                              IOP1,2
P12OE                             OEP1,2
P12PD                             PDP1,2
P12PU                             PUP1,2
P13ADS                            ADIOS1,3
P13D                              IOP1,3
P13OE                             OEP1,3
P13PD                             PDP1,3
P13PU                             PUP1,3
P14ADS                            ADIOS1,4
P14D                              IOP1,4
P14OE                             OEP1,4
P14PD                             PDP1,4
P14PU                             PUP1,4
P15ADS                            ADIOS1,5
P15D                              IOP1,5
P15OE                             OEP1,5
P15PD                             PDP1,5
P15PU                             PUP1,5
P16ADS                            ADIOS1,6
P16D                              IOP1,6
P16OE                             OEP1,6
P16PD                             PDP1,6
P16PU                             PUP1,6
P17ADS                            ADIOS1,7
P17D                              IOP1,7
P17OE                             OEP1,7
P17PD                             PDP1,7
P17PU                             PUP1,7
P20D                              IOP2,0
P20OE                             OEP2,0
P20PD                             PDP2,0
P20PU                             PUP2,0
P21D                              IOP2,1
P21OE                             OEP2,1
P21PD                             PDP2,1
P21PU                             PUP2,1
PD                                MCR,4
PGLOAD0                           PPGLOAD,0
PGLOAD1                           PPGLOAD,1
PGLOAD2                           PPGLOAD,2
PGLOAD3                           PPGLOAD,3
PGLOAD4                           PPGLOAD,4
PGLOAD5                           PPGLOAD,5
PGLOAD6                           PPGLOAD,6
PGLOAD7                           PPGLOAD,7
PGLOAD8                           PPGTDL,6
PGLOAD9                           PPGTDL,7
POLEV                             PPGCR,6
PPGEN                             PPGCR,7
PPGPRS0                           PPGCR,0
PPGPRS1                           PPGCR,1
PPGSTR                            PPGCR,2
PPGTDB0                           PPGTDB,0
PPGTDB1                           PPGTDB,1
PPGTDB2                           PPGTDB,2
PPGTDB3                           PPGTDB,3
PPGTDB4                           PPGTDB,4
PPGTDB5                           PPGTDB,5
PPGTDL0                           PPGTDL,0
PPGTDL1                           PPGTDL,1
PPGTDL2                           PPGTDL,2
PPGTDL3                           PPGTDL,3
PPGTDL4                           PPGTDL,4
PPGTDL5                           PPGTDL,5
PPGTEG                            PPGTDB,6
PPGTIE                            INTE,7
PPGTIF                            INTF,7
PPGTIS                            PPGTDB,7
PSTPEN                            PPGCR,4
PSTREN                            PPGCR,5
PWM0OE                            T0CR,6
PWMOD0                            T0EFR,0
PWMOD1                            T0EFR,1
PWMOD2                            T0EFR,2
RACK                              IICCR,0
SACK                              IICCR,3
STBH                              OSCM,4
STBL                              OSCM,5
T0CKS0                            T0CR,3
T0CKS1                            T0CR,4
T0EN                              T0CR,7
T0IE                              INTE,0
T0IF                              INTF,0
T0PRS0                            T0CR,0
T0PRS1                            T0CR,1
T0PRS2                            T0CR,2
T1CKS0                            T1CR,3
T1CKS1                            T1CR,4
T1CNT0                            T1CNT,0
T1CNT1                            T1CNT,1
T1CNT2                            T1CNT,2
T1CNT3                            T1CNT,3
T1CNT4                            T1CNT,4
T1CNT5                            T1CNT,5
T1CNT6                            T1CNT,6
T1CNT7                            T1CNT,7
T1EN                              T1CR,7
T1IE                              INTE,1
T1IF                              INTF,1
T1LOAD0                           T1LOAD,0
T1LOAD1                           T1LOAD,1
T1LOAD2                           T1LOAD,2
T1LOAD3                           T1LOAD,3
T1LOAD4                           T1LOAD,4
T1LOAD5                           T1LOAD,5
T1LOAD6                           T1LOAD,6
T1LOAD7                           T1LOAD,7
T1PRS0                            T1CR,0
T1PRS1                            T1CR,1
T1PRS2                            T1CR,2
T2CKS0                            T2CR,3
T2CKS1                            T2CR,4
T2CNT0                            T2CNT,0
T2CNT1                            T2CNT,1
T2CNT2                            T2CNT,2
T2CNT3                            T2CNT,3
T2CNT4                            T2CNT,4
T2CNT5                            T2CNT,5
T2CNT6                            T2CNT,6
T2CNT7                            T2CNT,7
T2EN                              T2CR,7
T2IE                              INTE1,0
T2IF                              INTF1,0
T2LOAD0                           T2LOAD,0
T2LOAD1                           T2LOAD,1
T2LOAD2                           T2LOAD,2
T2LOAD3                           T2LOAD,3
T2LOAD4                           T2LOAD,4
T2LOAD5                           T2LOAD,5
T2LOAD6                           T2LOAD,6
T2LOAD7                           T2LOAD,7
T2MOD                             T2CR,6
T2PIS                             T2EFR,1
T2PLS                             T2EFR,0
T2PRS0                            T2CR,0
T2PRS1                            T2CR,1
T2PRS2                            T2CR,2
T3CKS0                            T3CR,3
T3CKS1                            T3CR,4
T3CNT0                            T3CNT,0
T3CNT1                            T3CNT,1
T3CNT2                            T3CNT,2
T3CNT3                            T3CNT,3
T3CNT4                            T3CNT,4
T3CNT5                            T3CNT,5
T3CNT6                            T3CNT,6
T3CNT7                            T3CNT,7
T3EN                              T3CR,7
T3IE                              INTE1,1
T3IF                              INTF1,1
T3LOAD0                           T3LOAD,0
T3LOAD1                           T3LOAD,1
T3LOAD2                           T3LOAD,2
T3LOAD3                           T3LOAD,3
T3LOAD4                           T3LOAD,4
T3LOAD5                           T3LOAD,5
T3LOAD6                           T3LOAD,6
T3LOAD7                           T3LOAD,7
T3MOD                             T3CR,6
T3PRS0                            T3CR,0
T3PRS1                            T3CR,1
T3PRS2                            T3CR,2
TO                                MCR,5
TRIGSYN                           PPGCR,3
VLVDS                             LCDCR,4
VP2VS1                            CPVR0,5
Z                                 PFLAG,2

Errors   :     0
Warnings :     0 reported,     0 suppressed
Messages :     1 reported,     0 suppressed

